# asr_edit.py --ngpu 1 --backend pytorch --outdir smartone_data/fhl/results --debugmode 1 --dict data_before/data_universal/lang_1char/train_units.txt --debugdir smartone_data/fhl --minibatches 0 --verbose 0 --resume --model smartone_data/fhl/model.acc.best --model-conf smartone_data/fhl/model.conf --train-json smartone_data/data_fhl/data.json --valid-json data_before/data_D/train_cv10/data.json --etype blstmp --elayers 4 --eunits 320 --eprojs 320 --subsample 1_2_2_1_1 --ctc_type warpctc --dlayers 1 --dunits 300 --atype location --aconv-chans 10 --aconv-filts 100 --mtlalpha 0.5 --batch-size 2 --maxlen-in 800 --maxlen-out 150 --opt adadelta --eps 1e-8 --da 1 --datype fhl --daconfig 7_1000_-1 --epochs 1 
# Started at Wed Jul 11 22:07:30 HKT 2018
#
2018-07-11 22:07:30,238 (asr_edit:157) WARNING: Skip DEBUG/INFO messages
2018-07-11 22:07:30,243 (asr_edit:197) WARNING: CUDA_VISIBLE_DEVICES is not set.
epoch       iteration   main/loss   main/loss_ctc  main/loss_att  validation/main/loss  validation/main/loss_ctc  validation/main/loss_att  main/acc    validation/main/acc  elapsed_time  eps       
[J0           100         10.3764     13.3955        7.35733                                                                                  0.886372                         8.79845       1e-08       
[J     total [##................................................]  5.42%
this epoch [##................................................]  5.42%
       100 iter, 0 epoch / 1 epochs
       inf iters/sec. Estimated time to finish: 0:00:00.
[4A[J0           200         9.07213     11.6296        6.51464                                                                                  0.891173                         16.706        1e-08       
[J     total [#####.............................................] 10.84%
this epoch [#####.............................................] 10.84%
       200 iter, 0 epoch / 1 epochs
    12.648 iters/sec. Estimated time to finish: 0:02:10.064080.
[4A[J0           300         9.25256     11.3348        7.17028                                                                                  0.868205                         24.5062       1e-08       
[J     total [########..........................................] 16.26%
this epoch [########..........................................] 16.26%
       300 iter, 0 epoch / 1 epochs
    12.734 iters/sec. Estimated time to finish: 0:02:01.332217.
[4A[J0           400         10.8932     13.8501        7.9363                                                                                   0.885508                         33.3473       1e-08       
[J     total [##########........................................] 21.68%
this epoch [##########........................................] 21.68%
       400 iter, 0 epoch / 1 epochs
    12.221 iters/sec. Estimated time to finish: 0:01:58.237673.
[4A[J0           500         9.65672     12.2146        7.09882                                                                                  0.879725                         41.2425       1e-08       
[J     total [#############.....................................] 27.10%
this epoch [#############.....................................] 27.10%
       500 iter, 0 epoch / 1 epochs
    12.329 iters/sec. Estimated time to finish: 0:01:49.088441.
[4A[J0           600         10.1544     12.1161        8.19271                                                                                  0.876954                         49.0077       1e-08       
[J     total [################..................................] 32.52%
this epoch [################..................................] 32.52%
       600 iter, 0 epoch / 1 epochs
    12.435 iters/sec. Estimated time to finish: 0:01:40.119386.
[4A[J0           700         9.83355     12.3698        7.29725                                                                                  0.873646                         58.071        1e-08       
[J     total [##################................................] 37.94%
this epoch [##################................................] 37.94%
       700 iter, 0 epoch / 1 epochs
    12.177 iters/sec. Estimated time to finish: 0:01:34.027461.
[4A[J0           800         8.87825     10.7126        7.04385                                                                                  0.871147                         65.9663       1e-08       
[J     total [#####################.............................] 43.36%
this epoch [#####################.............................] 43.36%
       800 iter, 0 epoch / 1 epochs
    12.245 iters/sec. Estimated time to finish: 0:01:25.341610.
[4A[J0           900         10.1303     11.9105        8.3502                                                                                   0.866803                         73.8929       1e-08       
[J     total [########################..........................] 48.78%
this epoch [########################..........................] 48.78%
       900 iter, 0 epoch / 1 epochs
     12.29 iters/sec. Estimated time to finish: 0:01:16.891827.
[4A[J0           1000        9.03183     11.3178        6.74591                                                                                  0.877074                         81.7078       1e-08       
[J     total [###########################.......................] 54.20%
this epoch [###########################.......................] 54.20%
      1000 iter, 0 epoch / 1 epochs
    12.344 iters/sec. Estimated time to finish: 0:01:08.452617.
[4A[J0           1100        9.1686      11.2296        7.10758                                                                                  0.869038                         89.6496       1e-08       
[J     total [#############################.....................] 59.62%
this epoch [#############################.....................] 59.62%
      1100 iter, 0 epoch / 1 epochs
    12.369 iters/sec. Estimated time to finish: 0:01:00.233652.
[4A[J0           1200        10.6437     13.4674        7.81993                                                                                  0.878575                         98.0167       1e-08       
[J     total [################################..................] 65.04%
this epoch [################################..................] 65.04%
      1200 iter, 0 epoch / 1 epochs
    12.329 iters/sec. Estimated time to finish: 0:00:52.314285.
[4A[J0           1300        9.74273     11.8082        7.67722                                                                                  0.879619                         106.032       1e-08       
[J     total [###################################...............] 70.46%
this epoch [###################################...............] 70.46%
      1300 iter, 0 epoch / 1 epochs
    12.341 iters/sec. Estimated time to finish: 0:00:44.160054.
[4A[J0           1400        10.1415     12.6751        7.60791                                                                                  0.852704                         113.926       1e-08       
[J     total [#####################################.............] 75.88%
this epoch [#####################################.............] 75.88%
      1400 iter, 0 epoch / 1 epochs
    12.366 iters/sec. Estimated time to finish: 0:00:35.985817.
[4A[J0           1500        8.57233     10.5397        6.60494                                                                                  0.873002                         121.434       1e-08       
[J     total [########################################..........] 81.30%
this epoch [########################################..........] 81.30%
      1500 iter, 0 epoch / 1 epochs
     12.43 iters/sec. Estimated time to finish: 0:00:27.756518.
[4A[J0           1600        10.0411     11.582         8.50025                                                                                  0.856512                         129.843       1e-08       
[J     total [###########################################.......] 86.72%
this epoch [###########################################.......] 86.72%
      1600 iter, 0 epoch / 1 epochs
    12.392 iters/sec. Estimated time to finish: 0:00:19.770482.
[4A[J0           1700        8.75267     10.735         6.77038                                                                                  0.867852                         137.64        1e-08       
[J     total [##############################################....] 92.14%
this epoch [##############################################....] 92.14%
      1700 iter, 0 epoch / 1 epochs
    12.418 iters/sec. Estimated time to finish: 0:00:11.676180.
[4A[J0           1800        8.15598     9.91385        6.3981                                                                                   0.868638                         144.926       1e-08       
[J     total [################################################..] 97.56%
this epoch [################################################..] 97.56%
      1800 iter, 0 epoch / 1 epochs
    12.488 iters/sec. Estimated time to finish: 0:00:03.603416.
[4A[J# Accounting: time=242 threads=1
# Ended (code 0) at Wed Jul 11 22:11:32 HKT 2018, elapsed time 242 seconds
