# paste-feats --length-tolerance=2 "ark:extract-segments scp,p:smartone_data/smartone_kaldi/wav.scp smartone_data/smartone_kaldi/make_fbank//segments.7 ark:- | compute-fbank-feats  --verbose=2 --config=conf/fbank.conf ark:- ark:- |" "ark,s,cs:extract-segments scp,p:smartone_data/smartone_kaldi/wav.scp smartone_data/smartone_kaldi/make_fbank//segments.7 ark:- | compute-kaldi-pitch-feats --verbose=2 --config=conf/pitch.conf ark:- ark:- | process-kaldi-pitch-feats  ark:- ark:- |" ark:- | copy-feats --compress=true ark:- ark,scp:/home/lahiru/Devinstalls/espnet_new/espnet/egs/domain_adaptation_cantonese/asr5/smartone_data/smartone_kaldi/fbank//raw_fbank_pitch_smartone_kaldi.7.ark,/home/lahiru/Devinstalls/espnet_new/espnet/egs/domain_adaptation_cantonese/asr5/smartone_data/smartone_kaldi/fbank//raw_fbank_pitch_smartone_kaldi.7.scp 
# Started at Wed Jul 11 12:00:01 HKT 2018
#
paste-feats --length-tolerance=2 'ark:extract-segments scp,p:smartone_data/smartone_kaldi/wav.scp smartone_data/smartone_kaldi/make_fbank//segments.7 ark:- | compute-fbank-feats  --verbose=2 --config=conf/fbank.conf ark:- ark:- |' 'ark,s,cs:extract-segments scp,p:smartone_data/smartone_kaldi/wav.scp smartone_data/smartone_kaldi/make_fbank//segments.7 ark:- | compute-kaldi-pitch-feats --verbose=2 --config=conf/pitch.conf ark:- ark:- | process-kaldi-pitch-feats  ark:- ark:- |' ark:- 
copy-feats --compress=true ark:- ark,scp:/home/lahiru/Devinstalls/espnet_new/espnet/egs/domain_adaptation_cantonese/asr5/smartone_data/smartone_kaldi/fbank//raw_fbank_pitch_smartone_kaldi.7.ark,/home/lahiru/Devinstalls/espnet_new/espnet/egs/domain_adaptation_cantonese/asr5/smartone_data/smartone_kaldi/fbank//raw_fbank_pitch_smartone_kaldi.7.scp 
extract-segments scp,p:smartone_data/smartone_kaldi/wav.scp smartone_data/smartone_kaldi/make_fbank//segments.7 ark:- 
compute-fbank-feats --verbose=2 --config=conf/fbank.conf ark:- ark:- 
VLOG[2] (compute-fbank-feats[5.4.131-ff0da]:main():compute-fbank-feats.cc:170) Processed features for key 1504-1_spk_1504_1_002838-003276
compute-kaldi-pitch-feats --verbose=2 --config=conf/pitch.conf ark:- ark:- 
extract-segments scp,p:smartone_data/smartone_kaldi/wav.scp smartone_data/smartone_kaldi/make_fbank//segments.7 ark:- 
process-kaldi-pitch-feats ark:- ark:- 
VLOG[2] (compute-fbank-feats[5.4.131-ff0da]:main():compute-fbank-feats.cc:170) Processed features for key 1504-1_spk_1504_1_003317-003585
VLOG[2] (compute-fbank-feats[5.4.131-ff0da]:main():compute-fbank-feats.cc:170) Processed features for key 1504-1_spk_1504_1_004106-004202
VLOG[2] (compute-fbank-feats[5.4.131-ff0da]:main():compute-fbank-feats.cc:170) Processed features for key 1504-1_spk_1504_1_004519-005030
VLOG[2] (compute-fbank-feats[5.4.131-ff0da]:main():compute-fbank-feats.cc:170) Processed features for key 1504-1_spk_1504_1_005030-005484
VLOG[2] (compute-fbank-feats[5.4.131-ff0da]:main():compute-fbank-feats.cc:170) Processed features for key 1504-1_spk_1504_1_005836-006000
VLOG[2] (compute-fbank-feats[5.4.131-ff0da]:main():compute-fbank-feats.cc:170) Processed features for key 1504-1_spk_1504_1_006113-006236
VLOG[2] (compute-fbank-feats[5.4.131-ff0da]:main():compute-fbank-feats.cc:170) Processed features for key 1504-1_spk_1504_1_006236-006528
VLOG[2] (compute-fbank-feats[5.4.131-ff0da]:main():compute-fbank-feats.cc:170) Processed features for key 1504-1_spk_1504_1_006528-006626
LOG (compute-fbank-feats[5.4.131-ff0da]:main():compute-fbank-feats.cc:169) Processed 10 utterances
VLOG[2] (compute-fbank-feats[5.4.131-ff0da]:main():compute-fbank-feats.cc:170) Processed features for key 1504-1_spk_1504_1_006778-007209
VLOG[2] (compute-fbank-feats[5.4.131-ff0da]:main():compute-fbank-feats.cc:170) Processed features for key 1504-1_spk_1504_1_007209-007561
VLOG[2] (compute-fbank-feats[5.4.131-ff0da]:main():compute-fbank-feats.cc:170) Processed features for key 1504-1_spk_1504_1_007561-007926
VLOG[2] (compute-fbank-feats[5.4.131-ff0da]:main():compute-fbank-feats.cc:170) Processed features for key 1504-1_spk_1504_1_007926-008140
VLOG[2] (compute-fbank-feats[5.4.131-ff0da]:main():compute-fbank-feats.cc:170) Processed features for key 1504-1_spk_1504_1_008140-008340
VLOG[2] (compute-fbank-feats[5.4.131-ff0da]:main():compute-fbank-feats.cc:170) Processed features for key 1504-1_spk_1504_1_008765-008825
VLOG[2] (compute-fbank-feats[5.4.131-ff0da]:main():compute-fbank-feats.cc:170) Processed features for key 1504-1_spk_1504_1_008994-009512
VLOG[2] (compute-fbank-feats[5.4.131-ff0da]:main():compute-fbank-feats.cc:170) Processed features for key 1504-1_spk_1504_1_010156-010295
VLOG[2] (compute-fbank-feats[5.4.131-ff0da]:main():compute-fbank-feats.cc:170) Processed features for key 1504-1_spk_1504_1_011564-011732
VLOG[2] (compute-fbank-feats[5.4.131-ff0da]:main():compute-fbank-feats.cc:170) Processed features for key 1504-1_spk_1504_1_011834-012204
LOG (compute-fbank-feats[5.4.131-ff0da]:main():compute-fbank-feats.cc:169) Processed 20 utterances
VLOG[2] (compute-fbank-feats[5.4.131-ff0da]:main():compute-fbank-feats.cc:170) Processed features for key 1504-1_spk_1504_1_012502-012612
VLOG[2] (compute-fbank-feats[5.4.131-ff0da]:main():compute-fbank-feats.cc:170) Processed features for key 1504-1_spk_1504_1_012654-013050
VLOG[2] (compute-fbank-feats[5.4.131-ff0da]:main():compute-fbank-feats.cc:170) Processed features for key 1504-1_spk_1504_1_013050-013525
VLOG[2] (compute-fbank-feats[5.4.131-ff0da]:main():compute-fbank-feats.cc:170) Processed features for key 1504-1_spk_1504_1_013525-013725
VLOG[2] (compute-fbank-feats[5.4.131-ff0da]:main():compute-fbank-feats.cc:170) Processed features for key 1504-1_spk_1504_1_013725-013783
VLOG[2] (compute-fbank-feats[5.4.131-ff0da]:main():compute-fbank-feats.cc:170) Processed features for key 1504-1_spk_1504_1_013782-013916
VLOG[2] (compute-fbank-feats[5.4.131-ff0da]:main():compute-fbank-feats.cc:170) Processed features for key 1504-1_spk_1504_1_013925-014125
VLOG[2] (compute-fbank-feats[5.4.131-ff0da]:main():compute-fbank-feats.cc:170) Processed features for key 1504-1_spk_1504_1_014125-014363
VLOG[2] (compute-fbank-feats[5.4.131-ff0da]:main():compute-fbank-feats.cc:170) Processed features for key 1504-1_spk_1504_1_014578-014977
VLOG[2] (compute-fbank-feats[5.4.131-ff0da]:main():compute-fbank-feats.cc:170) Processed features for key 1504-1_spk_1504_1_015066-015116
LOG (compute-fbank-feats[5.4.131-ff0da]:main():compute-fbank-feats.cc:169) Processed 30 utterances
VLOG[2] (compute-fbank-feats[5.4.131-ff0da]:main():compute-fbank-feats.cc:170) Processed features for key 1504-1_spk_1504_1_015172-015730
VLOG[2] (compute-fbank-feats[5.4.131-ff0da]:main():compute-fbank-feats.cc:170) Processed features for key 1504-1_spk_1504_1_015730-016010
VLOG[2] (compute-fbank-feats[5.4.131-ff0da]:main():compute-fbank-feats.cc:170) Processed features for key 1504-1_spk_1504_1_016406-016447
VLOG[2] (compute-fbank-feats[5.4.131-ff0da]:main():compute-fbank-feats.cc:170) Processed features for key 1504-1_spk_1504_1_016536-017007
VLOG[2] (compute-fbank-feats[5.4.131-ff0da]:main():compute-fbank-feats.cc:170) Processed features for key 1504-1_spk_1504_1_017007-017325
VLOG[2] (compute-fbank-feats[5.4.131-ff0da]:main():compute-fbank-feats.cc:170) Processed features for key 1504-1_spk_1504_1_017325-017738
VLOG[2] (compute-fbank-feats[5.4.131-ff0da]:main():compute-fbank-feats.cc:170) Processed features for key 1504-1_spk_1504_1_017738-018012
VLOG[2] (compute-fbank-feats[5.4.131-ff0da]:main():compute-fbank-feats.cc:170) Processed features for key 1504-1_spk_1504_1_018012-018483
VLOG[2] (compute-fbank-feats[5.4.131-ff0da]:main():compute-fbank-feats.cc:170) Processed features for key 1504-1_spk_1504_1_018612-018840
VLOG[2] (compute-fbank-feats[5.4.131-ff0da]:main():compute-fbank-feats.cc:170) Processed features for key 1504-1_spk_1504_1_018840-019386
LOG (compute-fbank-feats[5.4.131-ff0da]:main():compute-fbank-feats.cc:169) Processed 40 utterances
VLOG[2] (compute-fbank-feats[5.4.131-ff0da]:main():compute-fbank-feats.cc:170) Processed features for key 1504-1_spk_1504_1_019896-020126
VLOG[2] (compute-fbank-feats[5.4.131-ff0da]:main():compute-fbank-feats.cc:170) Processed features for key 1504-1_spk_1504_1_020126-020508
VLOG[2] (compute-fbank-feats[5.4.131-ff0da]:main():compute-fbank-feats.cc:170) Processed features for key 1504-1_spk_1504_1_020520-020976
VLOG[2] (compute-fbank-feats[5.4.131-ff0da]:main():compute-fbank-feats.cc:170) Processed features for key 1504-1_spk_1504_1_020993-021090
VLOG[2] (compute-fbank-feats[5.4.131-ff0da]:main():compute-fbank-feats.cc:170) Processed features for key 1504-1_spk_1504_1_021196-021422
VLOG[2] (compute-fbank-feats[5.4.131-ff0da]:main():compute-fbank-feats.cc:170) Processed features for key 1504-1_spk_1504_1_021422-022265
VLOG[2] (compute-fbank-feats[5.4.131-ff0da]:main():compute-fbank-feats.cc:170) Processed features for key 1504-1_spk_1504_1_022376-022393
VLOG[2] (compute-fbank-feats[5.4.131-ff0da]:main():compute-fbank-feats.cc:170) Processed features for key 1504-1_spk_1504_1_022830-022973
VLOG[2] (compute-fbank-feats[5.4.131-ff0da]:main():compute-fbank-feats.cc:170) Processed features for key 1504-1_spk_1504_1_023027-023173
VLOG[2] (compute-fbank-feats[5.4.131-ff0da]:main():compute-fbank-feats.cc:170) Processed features for key 1504-1_spk_1504_1_023422-023439
LOG (compute-fbank-feats[5.4.131-ff0da]:main():compute-fbank-feats.cc:169) Processed 50 utterances
VLOG[2] (compute-fbank-feats[5.4.131-ff0da]:main():compute-fbank-feats.cc:170) Processed features for key 1504-1_spk_1504_1_023486-023886
VLOG[2] (compute-fbank-feats[5.4.131-ff0da]:main():compute-fbank-feats.cc:170) Processed features for key 1504-1_spk_1504_1_023886-024231
VLOG[2] (compute-kaldi-pitch-feats[5.4.131-ff0da]:main():compute-kaldi-pitch-feats.cc:107) Processed 50 utterances
VLOG[2] (compute-fbank-feats[5.4.131-ff0da]:main():compute-fbank-feats.cc:170) Processed features for key 1504-1_spk_1504_1_024231-024705
VLOG[2] (compute-fbank-feats[5.4.131-ff0da]:main():compute-fbank-feats.cc:170) Processed features for key 1504-1_spk_1504_1_024705-025164
VLOG[2] (compute-fbank-feats[5.4.131-ff0da]:main():compute-fbank-feats.cc:170) Processed features for key 1504-1_spk_1504_1_025164-025424
VLOG[2] (compute-fbank-feats[5.4.131-ff0da]:main():compute-fbank-feats.cc:170) Processed features for key 1504-1_spk_1504_1_025424-025816
VLOG[2] (compute-fbank-feats[5.4.131-ff0da]:main():compute-fbank-feats.cc:170) Processed features for key 1504-1_spk_1504_1_025824-026254
VLOG[2] (compute-fbank-feats[5.4.131-ff0da]:main():compute-fbank-feats.cc:170) Processed features for key 1504-1_spk_1504_1_026275-027061
VLOG[2] (compute-fbank-feats[5.4.131-ff0da]:main():compute-fbank-feats.cc:170) Processed features for key 1504-1_spk_1504_1_027118-027513
VLOG[2] (compute-fbank-feats[5.4.131-ff0da]:main():compute-fbank-feats.cc:170) Processed features for key 1504-1_spk_1504_1_027513-027713
LOG (compute-fbank-feats[5.4.131-ff0da]:main():compute-fbank-feats.cc:169) Processed 60 utterances
VLOG[2] (compute-fbank-feats[5.4.131-ff0da]:main():compute-fbank-feats.cc:170) Processed features for key 1504-1_spk_1504_1_027763-028114
VLOG[2] (compute-fbank-feats[5.4.131-ff0da]:main():compute-fbank-feats.cc:170) Processed features for key 1504-1_spk_1504_1_028227-028245
VLOG[2] (compute-fbank-feats[5.4.131-ff0da]:main():compute-fbank-feats.cc:170) Processed features for key 1504-1_spk_1504_1_028958-028987
VLOG[2] (compute-fbank-feats[5.4.131-ff0da]:main():compute-fbank-feats.cc:170) Processed features for key 1504-1_spk_1504_1_029150-029172
VLOG[2] (compute-fbank-feats[5.4.131-ff0da]:main():compute-fbank-feats.cc:170) Processed features for key 1504-1_spk_1504_1_029502-029641
VLOG[2] (compute-fbank-feats[5.4.131-ff0da]:main():compute-fbank-feats.cc:170) Processed features for key 1504-1_spk_1504_1_029641-030036
VLOG[2] (compute-fbank-feats[5.4.131-ff0da]:main():compute-fbank-feats.cc:170) Processed features for key 1504-1_spk_1504_1_030036-030343
VLOG[2] (compute-fbank-feats[5.4.131-ff0da]:main():compute-fbank-feats.cc:170) Processed features for key 1504-1_spk_1504_1_030343-030713
VLOG[2] (compute-fbank-feats[5.4.131-ff0da]:main():compute-fbank-feats.cc:170) Processed features for key 1504-1_spk_1504_1_030713-030841
VLOG[2] (compute-fbank-feats[5.4.131-ff0da]:main():compute-fbank-feats.cc:170) Processed features for key 1504-1_spk_1504_1_031316-031380
LOG (compute-fbank-feats[5.4.131-ff0da]:main():compute-fbank-feats.cc:169) Processed 70 utterances
VLOG[2] (compute-fbank-feats[5.4.131-ff0da]:main():compute-fbank-feats.cc:170) Processed features for key 1504-1_spk_1504_1_031562-031722
VLOG[2] (compute-fbank-feats[5.4.131-ff0da]:main():compute-fbank-feats.cc:170) Processed features for key 1504-1_spk_1504_1_031850-031900
VLOG[2] (compute-fbank-feats[5.4.131-ff0da]:main():compute-fbank-feats.cc:170) Processed features for key 1504-1_spk_1504_1_031986-032100
VLOG[2] (compute-fbank-feats[5.4.131-ff0da]:main():compute-fbank-feats.cc:170) Processed features for key 1504-1_spk_1504_1_032139-032464
VLOG[2] (compute-fbank-feats[5.4.131-ff0da]:main():compute-fbank-feats.cc:170) Processed features for key 1504-1_spk_1504_1_032464-032768
VLOG[2] (compute-fbank-feats[5.4.131-ff0da]:main():compute-fbank-feats.cc:170) Processed features for key 1504-1_spk_1504_1_032768-033260
VLOG[2] (compute-fbank-feats[5.4.131-ff0da]:main():compute-fbank-feats.cc:170) Processed features for key 1504-1_spk_1504_1_033260-033380
VLOG[2] (compute-fbank-feats[5.4.131-ff0da]:main():compute-fbank-feats.cc:170) Processed features for key 1504-1_spk_1504_1_033460-033832
VLOG[2] (compute-fbank-feats[5.4.131-ff0da]:main():compute-fbank-feats.cc:170) Processed features for key 1504-1_spk_1504_1_033862-034318
VLOG[2] (compute-fbank-feats[5.4.131-ff0da]:main():compute-fbank-feats.cc:170) Processed features for key 1504-1_spk_1504_1_034944-035326
LOG (compute-fbank-feats[5.4.131-ff0da]:main():compute-fbank-feats.cc:169) Processed 80 utterances
VLOG[2] (compute-fbank-feats[5.4.131-ff0da]:main():compute-fbank-feats.cc:170) Processed features for key 1504-1_spk_1504_1_035326-035484
VLOG[2] (compute-fbank-feats[5.4.131-ff0da]:main():compute-fbank-feats.cc:170) Processed features for key 1504-1_spk_1504_1_035484-036190
VLOG[2] (compute-fbank-feats[5.4.131-ff0da]:main():compute-fbank-feats.cc:170) Processed features for key 1504-1_spk_1504_1_036190-036410
VLOG[2] (compute-fbank-feats[5.4.131-ff0da]:main():compute-fbank-feats.cc:170) Processed features for key 1504-1_spk_1504_1_036410-036808
VLOG[2] (compute-fbank-feats[5.4.131-ff0da]:main():compute-fbank-feats.cc:170) Processed features for key 1504-1_spk_1504_1_036808-037010
VLOG[2] (compute-fbank-feats[5.4.131-ff0da]:main():compute-fbank-feats.cc:170) Processed features for key 1504-1_spk_1504_1_037010-037314
VLOG[2] (compute-fbank-feats[5.4.131-ff0da]:main():compute-fbank-feats.cc:170) Processed features for key 1504-1_spk_1504_1_037314-037888
VLOG[2] (compute-fbank-feats[5.4.131-ff0da]:main():compute-fbank-feats.cc:170) Processed features for key 1504-1_spk_1504_1_038176-038358
VLOG[2] (compute-fbank-feats[5.4.131-ff0da]:main():compute-fbank-feats.cc:170) Processed features for key 1504-1_spk_1504_1_038358-038772
VLOG[2] (compute-fbank-feats[5.4.131-ff0da]:main():compute-fbank-feats.cc:170) Processed features for key 1504-1_spk_1504_1_038772-039160
LOG (compute-fbank-feats[5.4.131-ff0da]:main():compute-fbank-feats.cc:169) Processed 90 utterances
VLOG[2] (compute-fbank-feats[5.4.131-ff0da]:main():compute-fbank-feats.cc:170) Processed features for key 1504-1_spk_1504_1_039160-039470
VLOG[2] (compute-fbank-feats[5.4.131-ff0da]:main():compute-fbank-feats.cc:170) Processed features for key 1504-1_spk_1504_1_039470-039748
VLOG[2] (compute-fbank-feats[5.4.131-ff0da]:main():compute-fbank-feats.cc:170) Processed features for key 1504-1_spk_1504_1_039748-040586
VLOG[2] (compute-fbank-feats[5.4.131-ff0da]:main():compute-fbank-feats.cc:170) Processed features for key 1504-1_spk_1504_1_040644-040802
VLOG[2] (compute-fbank-feats[5.4.131-ff0da]:main():compute-fbank-feats.cc:170) Processed features for key 1504-1_spk_1504_1_040802-041002
VLOG[2] (compute-fbank-feats[5.4.131-ff0da]:main():compute-fbank-feats.cc:170) Processed features for key 1504-1_spk_1504_1_041256-041274
VLOG[2] (compute-fbank-feats[5.4.131-ff0da]:main():compute-fbank-feats.cc:170) Processed features for key 1504-1_spk_1504_1_041612-041660
VLOG[2] (compute-fbank-feats[5.4.131-ff0da]:main():compute-fbank-feats.cc:170) Processed features for key 1504-1_spk_1504_1_042438-042718
VLOG[2] (compute-fbank-feats[5.4.131-ff0da]:main():compute-fbank-feats.cc:170) Processed features for key 1504-1_spk_1504_1_042732-042818
VLOG[2] (compute-fbank-feats[5.4.131-ff0da]:main():compute-fbank-feats.cc:170) Processed features for key 1504-1_spk_1504_1_042832-043140
LOG (compute-fbank-feats[5.4.131-ff0da]:main():compute-fbank-feats.cc:169) Processed 100 utterances
VLOG[2] (compute-fbank-feats[5.4.131-ff0da]:main():compute-fbank-feats.cc:170) Processed features for key 1504-1_spk_1504_1_043272-043456
VLOG[2] (compute-fbank-feats[5.4.131-ff0da]:main():compute-fbank-feats.cc:170) Processed features for key 1504-1_spk_1504_1_043456-043656
VLOG[2] (compute-kaldi-pitch-feats[5.4.131-ff0da]:main():compute-kaldi-pitch-feats.cc:107) Processed 100 utterances
VLOG[2] (compute-fbank-feats[5.4.131-ff0da]:main():compute-fbank-feats.cc:170) Processed features for key 1504-1_spk_1504_1_043784-044020
VLOG[2] (compute-fbank-feats[5.4.131-ff0da]:main():compute-fbank-feats.cc:170) Processed features for key 1504-1_spk_1504_1_044020-044482
VLOG[2] (compute-fbank-feats[5.4.131-ff0da]:main():compute-fbank-feats.cc:170) Processed features for key 1504-1_spk_1504_1_044482-044868
VLOG[2] (compute-fbank-feats[5.4.131-ff0da]:main():compute-fbank-feats.cc:170) Processed features for key 1504-1_spk_1504_1_044868-045390
VLOG[2] (compute-fbank-feats[5.4.131-ff0da]:main():compute-fbank-feats.cc:170) Processed features for key 1504-1_spk_1504_1_045420-045564
VLOG[2] (compute-fbank-feats[5.4.131-ff0da]:main():compute-fbank-feats.cc:170) Processed features for key 1504-1_spk_1504_1_045884-045938
VLOG[2] (compute-fbank-feats[5.4.131-ff0da]:main():compute-fbank-feats.cc:170) Processed features for key 1504-1_spk_1504_1_046054-046470
VLOG[2] (compute-fbank-feats[5.4.131-ff0da]:main():compute-fbank-feats.cc:170) Processed features for key 1504-1_spk_1504_1_046470-046502
LOG (compute-fbank-feats[5.4.131-ff0da]:main():compute-fbank-feats.cc:169) Processed 110 utterances
VLOG[2] (compute-fbank-feats[5.4.131-ff0da]:main():compute-fbank-feats.cc:170) Processed features for key 1504-1_spk_1504_1_046694-046730
VLOG[2] (compute-fbank-feats[5.4.131-ff0da]:main():compute-fbank-feats.cc:170) Processed features for key 1504-1_spk_1504_1_046950-047086
VLOG[2] (compute-fbank-feats[5.4.131-ff0da]:main():compute-fbank-feats.cc:170) Processed features for key 1504-1_spk_1504_1_047086-047286
VLOG[2] (compute-fbank-feats[5.4.131-ff0da]:main():compute-fbank-feats.cc:170) Processed features for key 1504-1_spk_1504_1_047310-047682
VLOG[2] (compute-fbank-feats[5.4.131-ff0da]:main():compute-fbank-feats.cc:170) Processed features for key 1504-1_spk_1504_1_047712-048022
VLOG[2] (compute-fbank-feats[5.4.131-ff0da]:main():compute-fbank-feats.cc:170) Processed features for key 1504-1_spk_1504_1_048022-048430
VLOG[2] (compute-fbank-feats[5.4.131-ff0da]:main():compute-fbank-feats.cc:170) Processed features for key 1504-1_spk_1504_1_048430-048578
VLOG[2] (compute-fbank-feats[5.4.131-ff0da]:main():compute-fbank-feats.cc:170) Processed features for key 1504-1_spk_1504_1_048578-049072
VLOG[2] (compute-fbank-feats[5.4.131-ff0da]:main():compute-fbank-feats.cc:170) Processed features for key 1504-1_spk_1504_1_049194-049308
VLOG[2] (compute-fbank-feats[5.4.131-ff0da]:main():compute-fbank-feats.cc:170) Processed features for key 1504-1_spk_1504_1_050038-050120
LOG (compute-fbank-feats[5.4.131-ff0da]:main():compute-fbank-feats.cc:169) Processed 120 utterances
VLOG[2] (compute-fbank-feats[5.4.131-ff0da]:main():compute-fbank-feats.cc:170) Processed features for key 1504-1_spk_1504_1_050244-050476
VLOG[2] (compute-fbank-feats[5.4.131-ff0da]:main():compute-fbank-feats.cc:170) Processed features for key 1504-1_spk_1504_1_050844-051104
VLOG[2] (compute-fbank-feats[5.4.131-ff0da]:main():compute-fbank-feats.cc:170) Processed features for key 1504-1_spk_1504_1_051464-052076
VLOG[2] (compute-fbank-feats[5.4.131-ff0da]:main():compute-fbank-feats.cc:170) Processed features for key 1504-1_spk_1504_1_052367-052516
VLOG[2] (compute-fbank-feats[5.4.131-ff0da]:main():compute-fbank-feats.cc:170) Processed features for key 1504-1_spk_1504_1_052516-052941
VLOG[2] (compute-fbank-feats[5.4.131-ff0da]:main():compute-fbank-feats.cc:170) Processed features for key 1504-1_spk_1504_1_052941-053602
VLOG[2] (compute-fbank-feats[5.4.131-ff0da]:main():compute-fbank-feats.cc:170) Processed features for key 1504-1_spk_1504_1_053602-053864
VLOG[2] (compute-fbank-feats[5.4.131-ff0da]:main():compute-fbank-feats.cc:170) Processed features for key 1504-1_spk_1504_1_053888-054308
VLOG[2] (compute-fbank-feats[5.4.131-ff0da]:main():compute-fbank-feats.cc:170) Processed features for key 1504-1_spk_1504_1_054641-054924
VLOG[2] (compute-fbank-feats[5.4.131-ff0da]:main():compute-fbank-feats.cc:170) Processed features for key 1504-1_spk_1504_1_054946-055328
LOG (compute-fbank-feats[5.4.131-ff0da]:main():compute-fbank-feats.cc:169) Processed 130 utterances
VLOG[2] (compute-fbank-feats[5.4.131-ff0da]:main():compute-fbank-feats.cc:170) Processed features for key 1504-1_spk_1504_1_055328-055658
VLOG[2] (compute-fbank-feats[5.4.131-ff0da]:main():compute-fbank-feats.cc:170) Processed features for key 1504-1_spk_1504_1_056108-056486
VLOG[2] (compute-fbank-feats[5.4.131-ff0da]:main():compute-fbank-feats.cc:170) Processed features for key 1504-1_spk_1504_1_056486-056638
VLOG[2] (compute-fbank-feats[5.4.131-ff0da]:main():compute-fbank-feats.cc:170) Processed features for key 1504-1_spk_1504_1_056638-057029
VLOG[2] (compute-fbank-feats[5.4.131-ff0da]:main():compute-fbank-feats.cc:170) Processed features for key 1504-1_spk_1504_1_057029-057229
VLOG[2] (compute-fbank-feats[5.4.131-ff0da]:main():compute-fbank-feats.cc:170) Processed features for key 1504-1_spk_1504_1_057267-057514
VLOG[2] (compute-fbank-feats[5.4.131-ff0da]:main():compute-fbank-feats.cc:170) Processed features for key 1504-1_spk_1504_1_057546-057962
VLOG[2] (compute-fbank-feats[5.4.131-ff0da]:main():compute-fbank-feats.cc:170) Processed features for key 1504-1_spk_1504_1_058308-058379
VLOG[2] (compute-fbank-feats[5.4.131-ff0da]:main():compute-fbank-feats.cc:170) Processed features for key 1504-1_spk_1504_1_058566-059002
VLOG[2] (compute-fbank-feats[5.4.131-ff0da]:main():compute-fbank-feats.cc:170) Processed features for key 1504-1_spk_1504_1_059002-059298
LOG (compute-fbank-feats[5.4.131-ff0da]:main():compute-fbank-feats.cc:169) Processed 140 utterances
VLOG[2] (compute-fbank-feats[5.4.131-ff0da]:main():compute-fbank-feats.cc:170) Processed features for key 1504-1_spk_1504_1_059298-059522
VLOG[2] (compute-fbank-feats[5.4.131-ff0da]:main():compute-fbank-feats.cc:170) Processed features for key 1504-1_spk_1504_1_059522-060034
VLOG[2] (compute-fbank-feats[5.4.131-ff0da]:main():compute-fbank-feats.cc:170) Processed features for key 1504-1_spk_1504_1_060034-060390
VLOG[2] (compute-fbank-feats[5.4.131-ff0da]:main():compute-fbank-feats.cc:170) Processed features for key 1504-1_spk_1504_1_060441-060690
VLOG[2] (compute-fbank-feats[5.4.131-ff0da]:main():compute-fbank-feats.cc:170) Processed features for key 1504-1_spk_1504_1_060726-061129
VLOG[2] (compute-fbank-feats[5.4.131-ff0da]:main():compute-fbank-feats.cc:170) Processed features for key 1504-1_spk_1504_1_061320-061446
VLOG[2] (compute-fbank-feats[5.4.131-ff0da]:main():compute-fbank-feats.cc:170) Processed features for key 1504-1_spk_1504_1_061605-061646
VLOG[2] (compute-fbank-feats[5.4.131-ff0da]:main():compute-fbank-feats.cc:170) Processed features for key 1504-1_spk_1504_1_061916-061952
VLOG[2] (compute-fbank-feats[5.4.131-ff0da]:main():compute-fbank-feats.cc:170) Processed features for key 1504-1_spk_1504_1_062388-062662
VLOG[2] (compute-fbank-feats[5.4.131-ff0da]:main():compute-fbank-feats.cc:170) Processed features for key 1504-1_spk_1504_1_062662-062862
LOG (compute-fbank-feats[5.4.131-ff0da]:main():compute-fbank-feats.cc:169) Processed 150 utterances
VLOG[2] (compute-fbank-feats[5.4.131-ff0da]:main():compute-fbank-feats.cc:170) Processed features for key 1504-1_spk_1504_1_063746-064022
VLOG[2] (compute-fbank-feats[5.4.131-ff0da]:main():compute-fbank-feats.cc:170) Processed features for key 1504-1_spk_1504_1_064022-064496
VLOG[2] (compute-kaldi-pitch-feats[5.4.131-ff0da]:main():compute-kaldi-pitch-feats.cc:107) Processed 150 utterances
VLOG[2] (compute-fbank-feats[5.4.131-ff0da]:main():compute-fbank-feats.cc:170) Processed features for key 1504-1_spk_1504_1_064496-064886
VLOG[2] (compute-fbank-feats[5.4.131-ff0da]:main():compute-fbank-feats.cc:170) Processed features for key 1504-1_spk_1504_1_064886-065202
VLOG[2] (compute-fbank-feats[5.4.131-ff0da]:main():compute-fbank-feats.cc:170) Processed features for key 1504-1_spk_1504_1_065202-065502
VLOG[2] (compute-fbank-feats[5.4.131-ff0da]:main():compute-fbank-feats.cc:170) Processed features for key 1504-1_spk_1504_1_065502-065838
VLOG[2] (compute-fbank-feats[5.4.131-ff0da]:main():compute-fbank-feats.cc:170) Processed features for key 1504-1_spk_1504_1_065838-066068
VLOG[2] (compute-fbank-feats[5.4.131-ff0da]:main():compute-fbank-feats.cc:170) Processed features for key 1504-1_spk_1504_1_066068-066734
VLOG[2] (compute-fbank-feats[5.4.131-ff0da]:main():compute-fbank-feats.cc:170) Processed features for key 1504-1_spk_1504_1_067192-067236
VLOG[2] (compute-fbank-feats[5.4.131-ff0da]:main():compute-fbank-feats.cc:170) Processed features for key 1504-1_spk_1504_1_067268-067632
LOG (compute-fbank-feats[5.4.131-ff0da]:main():compute-fbank-feats.cc:169) Processed 160 utterances
VLOG[2] (compute-fbank-feats[5.4.131-ff0da]:main():compute-fbank-feats.cc:170) Processed features for key 1504-1_spk_1504_1_067632-067788
VLOG[2] (compute-fbank-feats[5.4.131-ff0da]:main():compute-fbank-feats.cc:170) Processed features for key 1504-1_spk_1504_1_067944-067974
VLOG[2] (compute-fbank-feats[5.4.131-ff0da]:main():compute-fbank-feats.cc:170) Processed features for key 1504-1_spk_1504_1_068620-068650
VLOG[2] (compute-fbank-feats[5.4.131-ff0da]:main():compute-fbank-feats.cc:170) Processed features for key 1504-1_spk_1504_1_069086-069260
VLOG[2] (compute-fbank-feats[5.4.131-ff0da]:main():compute-fbank-feats.cc:170) Processed features for key 1504-1_spk_1504_1_069732-069812
VLOG[2] (compute-fbank-feats[5.4.131-ff0da]:main():compute-fbank-feats.cc:170) Processed features for key 1504-1_spk_1504_1_069812-070012
VLOG[2] (compute-fbank-feats[5.4.131-ff0da]:main():compute-fbank-feats.cc:170) Processed features for key 1504-1_spk_1504_1_070136-070338
VLOG[2] (compute-fbank-feats[5.4.131-ff0da]:main():compute-fbank-feats.cc:170) Processed features for key 1504-1_spk_1504_1_070878-070990
VLOG[2] (compute-fbank-feats[5.4.131-ff0da]:main():compute-fbank-feats.cc:170) Processed features for key 1504-1_spk_1504_1_071248-071296
VLOG[2] (compute-fbank-feats[5.4.131-ff0da]:main():compute-fbank-feats.cc:170) Processed features for key 1504-1_spk_1504_1_071528-071582
LOG (compute-fbank-feats[5.4.131-ff0da]:main():compute-fbank-feats.cc:169) Processed 170 utterances
VLOG[2] (compute-fbank-feats[5.4.131-ff0da]:main():compute-fbank-feats.cc:170) Processed features for key 1504-1_spk_1504_1_071810-071874
VLOG[2] (compute-fbank-feats[5.4.131-ff0da]:main():compute-fbank-feats.cc:170) Processed features for key 1504-1_spk_1504_1_071936-072366
VLOG[2] (compute-fbank-feats[5.4.131-ff0da]:main():compute-fbank-feats.cc:170) Processed features for key 1504-1_spk_1504_1_072366-072530
VLOG[2] (compute-fbank-feats[5.4.131-ff0da]:main():compute-fbank-feats.cc:170) Processed features for key 1504-1_spk_1504_1_072530-072658
VLOG[2] (compute-fbank-feats[5.4.131-ff0da]:main():compute-fbank-feats.cc:170) Processed features for key 1504-1_spk_1504_1_072780-072970
VLOG[2] (compute-fbank-feats[5.4.131-ff0da]:main():compute-fbank-feats.cc:170) Processed features for key 1504-1_spk_1504_1_073158-073306
VLOG[2] (compute-fbank-feats[5.4.131-ff0da]:main():compute-fbank-feats.cc:170) Processed features for key 1504-1_spk_1504_1_073430-073666
VLOG[2] (compute-fbank-feats[5.4.131-ff0da]:main():compute-fbank-feats.cc:170) Processed features for key 1504-1_spk_1504_1_074072-074338
VLOG[2] (compute-fbank-feats[5.4.131-ff0da]:main():compute-fbank-feats.cc:170) Processed features for key 1504-1_spk_1504_1_074338-074624
VLOG[2] (compute-fbank-feats[5.4.131-ff0da]:main():compute-fbank-feats.cc:170) Processed features for key 1504-1_spk_1504_1_074624-074878
LOG (compute-fbank-feats[5.4.131-ff0da]:main():compute-fbank-feats.cc:169) Processed 180 utterances
VLOG[2] (compute-fbank-feats[5.4.131-ff0da]:main():compute-fbank-feats.cc:170) Processed features for key 1504-1_spk_1504_1_074878-075376
VLOG[2] (compute-fbank-feats[5.4.131-ff0da]:main():compute-fbank-feats.cc:170) Processed features for key 1504-1_spk_1504_1_075658-076064
VLOG[2] (compute-fbank-feats[5.4.131-ff0da]:main():compute-fbank-feats.cc:170) Processed features for key 1504-1_spk_1504_1_076126-076444
VLOG[2] (compute-fbank-feats[5.4.131-ff0da]:main():compute-fbank-feats.cc:170) Processed features for key 1504-1_spk_1504_1_076512-076556
VLOG[2] (compute-fbank-feats[5.4.131-ff0da]:main():compute-fbank-feats.cc:170) Processed features for key 1504-1_spk_1504_1_076648-076808
VLOG[2] (compute-fbank-feats[5.4.131-ff0da]:main():compute-fbank-feats.cc:170) Processed features for key 1504-1_spk_1504_1_076836-077370
VLOG[2] (compute-fbank-feats[5.4.131-ff0da]:main():compute-fbank-feats.cc:170) Processed features for key 1504-1_spk_1504_1_077370-077570
VLOG[2] (compute-fbank-feats[5.4.131-ff0da]:main():compute-fbank-feats.cc:170) Processed features for key 1504-1_spk_1504_1_077570-077716
VLOG[2] (compute-fbank-feats[5.4.131-ff0da]:main():compute-fbank-feats.cc:170) Processed features for key 1504-1_spk_1504_1_077716-078162
VLOG[2] (compute-fbank-feats[5.4.131-ff0da]:main():compute-fbank-feats.cc:170) Processed features for key 1504-1_spk_1504_1_078162-078548
LOG (compute-fbank-feats[5.4.131-ff0da]:main():compute-fbank-feats.cc:169) Processed 190 utterances
VLOG[2] (compute-fbank-feats[5.4.131-ff0da]:main():compute-fbank-feats.cc:170) Processed features for key 1504-1_spk_1504_1_078548-078870
VLOG[2] (compute-fbank-feats[5.4.131-ff0da]:main():compute-fbank-feats.cc:170) Processed features for key 1504-1_spk_1504_1_078870-079720
VLOG[2] (compute-fbank-feats[5.4.131-ff0da]:main():compute-fbank-feats.cc:170) Processed features for key 1504-1_spk_1504_1_079752-079840
VLOG[2] (compute-fbank-feats[5.4.131-ff0da]:main():compute-fbank-feats.cc:170) Processed features for key 1504-1_spk_1504_1_080246-080304
VLOG[2] (compute-fbank-feats[5.4.131-ff0da]:main():compute-fbank-feats.cc:170) Processed features for key 1504-1_spk_1504_1_080460-080624
VLOG[2] (compute-fbank-feats[5.4.131-ff0da]:main():compute-fbank-feats.cc:170) Processed features for key 1504-1_spk_1504_1_081086-081146
VLOG[2] (compute-fbank-feats[5.4.131-ff0da]:main():compute-fbank-feats.cc:170) Processed features for key 1504-1_spk_1504_1_081332-081394
VLOG[2] (compute-fbank-feats[5.4.131-ff0da]:main():compute-fbank-feats.cc:170) Processed features for key 1504-1_spk_1504_1_081544-081678
VLOG[2] (compute-fbank-feats[5.4.131-ff0da]:main():compute-fbank-feats.cc:170) Processed features for key 1504-1_spk_1504_1_081920-081964
VLOG[2] (compute-fbank-feats[5.4.131-ff0da]:main():compute-fbank-feats.cc:170) Processed features for key 1504-1_spk_1504_1_082128-082164
LOG (compute-fbank-feats[5.4.131-ff0da]:main():compute-fbank-feats.cc:169) Processed 200 utterances
VLOG[2] (compute-fbank-feats[5.4.131-ff0da]:main():compute-fbank-feats.cc:170) Processed features for key 1504-1_spk_1504_1_082304-082372
VLOG[2] (compute-fbank-feats[5.4.131-ff0da]:main():compute-fbank-feats.cc:170) Processed features for key 1504-1_spk_1504_1_082508-083000
VLOG[2] (compute-kaldi-pitch-feats[5.4.131-ff0da]:main():compute-kaldi-pitch-feats.cc:107) Processed 200 utterances
VLOG[2] (compute-fbank-feats[5.4.131-ff0da]:main():compute-fbank-feats.cc:170) Processed features for key 1504-1_spk_1504_1_083000-083236
VLOG[2] (compute-fbank-feats[5.4.131-ff0da]:main():compute-fbank-feats.cc:170) Processed features for key 1504-1_spk_1504_1_083236-083616
VLOG[2] (compute-fbank-feats[5.4.131-ff0da]:main():compute-fbank-feats.cc:170) Processed features for key 1504-1_spk_1504_1_083616-083930
VLOG[2] (compute-fbank-feats[5.4.131-ff0da]:main():compute-fbank-feats.cc:170) Processed features for key 1504-1_spk_1504_1_083930-084364
VLOG[2] (compute-fbank-feats[5.4.131-ff0da]:main():compute-fbank-feats.cc:170) Processed features for key 1504-1_spk_1504_1_084364-084748
VLOG[2] (compute-fbank-feats[5.4.131-ff0da]:main():compute-fbank-feats.cc:170) Processed features for key 1504-1_spk_1504_1_084748-085490
VLOG[2] (compute-fbank-feats[5.4.131-ff0da]:main():compute-fbank-feats.cc:170) Processed features for key 1504-1_spk_1504_1_085490-086026
VLOG[2] (compute-fbank-feats[5.4.131-ff0da]:main():compute-fbank-feats.cc:170) Processed features for key 1504-1_spk_1504_1_086026-086310
LOG (compute-fbank-feats[5.4.131-ff0da]:main():compute-fbank-feats.cc:169) Processed 210 utterances
VLOG[2] (compute-fbank-feats[5.4.131-ff0da]:main():compute-fbank-feats.cc:170) Processed features for key 1504-1_spk_1504_1_086424-086510
VLOG[2] (compute-fbank-feats[5.4.131-ff0da]:main():compute-fbank-feats.cc:170) Processed features for key 1504-1_spk_1504_1_086986-087050
VLOG[2] (compute-fbank-feats[5.4.131-ff0da]:main():compute-fbank-feats.cc:170) Processed features for key 1504-1_spk_1504_1_088272-088456
VLOG[2] (compute-fbank-feats[5.4.131-ff0da]:main():compute-fbank-feats.cc:170) Processed features for key 1504-1_spk_1504_1_088456-088692
VLOG[2] (compute-fbank-feats[5.4.131-ff0da]:main():compute-fbank-feats.cc:170) Processed features for key 1504-1_spk_1504_1_088692-089260
VLOG[2] (compute-fbank-feats[5.4.131-ff0da]:main():compute-fbank-feats.cc:170) Processed features for key 1504-1_spk_1504_1_089288-089460
VLOG[2] (compute-fbank-feats[5.4.131-ff0da]:main():compute-fbank-feats.cc:170) Processed features for key 1504-1_spk_1504_1_089488-089550
VLOG[2] (compute-fbank-feats[5.4.131-ff0da]:main():compute-fbank-feats.cc:170) Processed features for key 1504-1_spk_1504_1_090264-090428
VLOG[2] (compute-fbank-feats[5.4.131-ff0da]:main():compute-fbank-feats.cc:170) Processed features for key 1504-1_spk_1504_1_090748-090796
VLOG[2] (compute-fbank-feats[5.4.131-ff0da]:main():compute-fbank-feats.cc:170) Processed features for key 1504-1_spk_1504_1_090972-091072
LOG (compute-fbank-feats[5.4.131-ff0da]:main():compute-fbank-feats.cc:169) Processed 220 utterances
VLOG[2] (compute-fbank-feats[5.4.131-ff0da]:main():compute-fbank-feats.cc:170) Processed features for key 1504-1_spk_1504_1_091160-091272
VLOG[2] (compute-fbank-feats[5.4.131-ff0da]:main():compute-fbank-feats.cc:170) Processed features for key 1504-1_spk_1504_1_091310-091954
VLOG[2] (compute-fbank-feats[5.4.131-ff0da]:main():compute-fbank-feats.cc:170) Processed features for key 1504-1_spk_1504_1_091954-092282
VLOG[2] (compute-fbank-feats[5.4.131-ff0da]:main():compute-fbank-feats.cc:170) Processed features for key 1504-1_spk_1504_1_092282-092606
VLOG[2] (compute-fbank-feats[5.4.131-ff0da]:main():compute-fbank-feats.cc:170) Processed features for key 1504-1_spk_1504_1_092606-093138
VLOG[2] (compute-fbank-feats[5.4.131-ff0da]:main():compute-fbank-feats.cc:170) Processed features for key 1504-1_spk_1504_1_093138-093338
VLOG[2] (compute-fbank-feats[5.4.131-ff0da]:main():compute-fbank-feats.cc:170) Processed features for key 1504-1_spk_1504_1_093858-094338
VLOG[2] (compute-fbank-feats[5.4.131-ff0da]:main():compute-fbank-feats.cc:170) Processed features for key 1504-1_spk_1504_1_094442-094990
VLOG[2] (compute-fbank-feats[5.4.131-ff0da]:main():compute-fbank-feats.cc:170) Processed features for key 1504-1_spk_1504_1_094990-095190
VLOG[2] (compute-fbank-feats[5.4.131-ff0da]:main():compute-fbank-feats.cc:170) Processed features for key 1504-1_spk_1504_1_095190-095354
LOG (compute-fbank-feats[5.4.131-ff0da]:main():compute-fbank-feats.cc:169) Processed 230 utterances
VLOG[2] (compute-fbank-feats[5.4.131-ff0da]:main():compute-fbank-feats.cc:170) Processed features for key 1504-1_spk_1504_1_095354-095854
VLOG[2] (compute-fbank-feats[5.4.131-ff0da]:main():compute-fbank-feats.cc:170) Processed features for key 1504-1_spk_1504_1_096666-097150
VLOG[2] (compute-fbank-feats[5.4.131-ff0da]:main():compute-fbank-feats.cc:170) Processed features for key 1504-1_spk_1504_1_097150-097374
VLOG[2] (compute-fbank-feats[5.4.131-ff0da]:main():compute-fbank-feats.cc:170) Processed features for key 1504-1_spk_1504_1_097390-097480
VLOG[2] (compute-fbank-feats[5.4.131-ff0da]:main():compute-fbank-feats.cc:170) Processed features for key 1504-1_spk_1504_1_097722-097830
VLOG[2] (compute-fbank-feats[5.4.131-ff0da]:main():compute-fbank-feats.cc:170) Processed features for key 1504-1_spk_1504_1_097830-098030
VLOG[2] (compute-fbank-feats[5.4.131-ff0da]:main():compute-fbank-feats.cc:170) Processed features for key 1504-1_spk_1504_1_098114-098190
VLOG[2] (compute-fbank-feats[5.4.131-ff0da]:main():compute-fbank-feats.cc:170) Processed features for key 1504-1_spk_1504_1_098226-098370
VLOG[2] (compute-fbank-feats[5.4.131-ff0da]:main():compute-fbank-feats.cc:170) Processed features for key 1504-1_spk_1504_1_098390-098554
VLOG[2] (compute-fbank-feats[5.4.131-ff0da]:main():compute-fbank-feats.cc:170) Processed features for key 1504-1_spk_1504_1_098554-098854
LOG (compute-fbank-feats[5.4.131-ff0da]:main():compute-fbank-feats.cc:169) Processed 240 utterances
VLOG[2] (compute-fbank-feats[5.4.131-ff0da]:main():compute-fbank-feats.cc:170) Processed features for key 1504-1_spk_1504_1_098854-099086
VLOG[2] (compute-fbank-feats[5.4.131-ff0da]:main():compute-fbank-feats.cc:170) Processed features for key 1504-1_spk_1504_1_099086-099390
VLOG[2] (compute-fbank-feats[5.4.131-ff0da]:main():compute-fbank-feats.cc:170) Processed features for key 1504-1_spk_1504_1_099390-099786
VLOG[2] (compute-fbank-feats[5.4.131-ff0da]:main():compute-fbank-feats.cc:170) Processed features for key 1504-1_spk_1504_1_099786-100070
VLOG[2] (compute-fbank-feats[5.4.131-ff0da]:main():compute-fbank-feats.cc:170) Processed features for key 1504-1_spk_1504_1_100300-100504
VLOG[2] (compute-fbank-feats[5.4.131-ff0da]:main():compute-fbank-feats.cc:170) Processed features for key 1504-1_spk_1504_1_100684-100978
VLOG[2] (compute-fbank-feats[5.4.131-ff0da]:main():compute-fbank-feats.cc:170) Processed features for key 1504-1_spk_1504_1_101572-101852
VLOG[2] (compute-fbank-feats[5.4.131-ff0da]:main():compute-fbank-feats.cc:170) Processed features for key 1504-1_spk_1504_1_101908-102064
VLOG[2] (compute-fbank-feats[5.4.131-ff0da]:main():compute-fbank-feats.cc:170) Processed features for key 1504-1_spk_1504_1_102176-102224
VLOG[2] (compute-fbank-feats[5.4.131-ff0da]:main():compute-fbank-feats.cc:170) Processed features for key 1504-1_spk_1504_1_102360-102522
LOG (compute-fbank-feats[5.4.131-ff0da]:main():compute-fbank-feats.cc:169) Processed 250 utterances
VLOG[2] (compute-fbank-feats[5.4.131-ff0da]:main():compute-fbank-feats.cc:170) Processed features for key 1504-1_spk_1504_1_102538-102696
VLOG[2] (compute-fbank-feats[5.4.131-ff0da]:main():compute-fbank-feats.cc:170) Processed features for key 1504-1_spk_1504_1_102780-102826
VLOG[2] (compute-kaldi-pitch-feats[5.4.131-ff0da]:main():compute-kaldi-pitch-feats.cc:107) Processed 250 utterances
VLOG[2] (compute-fbank-feats[5.4.131-ff0da]:main():compute-fbank-feats.cc:170) Processed features for key 1504-1_spk_1504_1_102872-103458
VLOG[2] (compute-fbank-feats[5.4.131-ff0da]:main():compute-fbank-feats.cc:170) Processed features for key 1504-1_spk_1504_1_103732-104302
VLOG[2] (compute-fbank-feats[5.4.131-ff0da]:main():compute-fbank-feats.cc:170) Processed features for key 1504-1_spk_1504_1_104466-104888
VLOG[2] (compute-fbank-feats[5.4.131-ff0da]:main():compute-fbank-feats.cc:170) Processed features for key 1504-1_spk_1504_1_105108-105454
VLOG[2] (compute-fbank-feats[5.4.131-ff0da]:main():compute-fbank-feats.cc:170) Processed features for key 1504-1_spk_1504_1_105454-105778
VLOG[2] (compute-fbank-feats[5.4.131-ff0da]:main():compute-fbank-feats.cc:170) Processed features for key 1504-1_spk_1504_1_105778-106304
VLOG[2] (compute-fbank-feats[5.4.131-ff0da]:main():compute-fbank-feats.cc:170) Processed features for key 1504-1_spk_1504_1_106304-106504
VLOG[2] (compute-fbank-feats[5.4.131-ff0da]:main():compute-fbank-feats.cc:170) Processed features for key 1504-1_spk_1504_1_106644-107080
LOG (compute-fbank-feats[5.4.131-ff0da]:main():compute-fbank-feats.cc:169) Processed 260 utterances
VLOG[2] (compute-fbank-feats[5.4.131-ff0da]:main():compute-fbank-feats.cc:170) Processed features for key 1504-2_spk_1504_2_000172-000238
VLOG[2] (compute-fbank-feats[5.4.131-ff0da]:main():compute-fbank-feats.cc:170) Processed features for key 1504-2_spk_1504_2_000618-000668
VLOG[2] (compute-fbank-feats[5.4.131-ff0da]:main():compute-fbank-feats.cc:170) Processed features for key 1504-2_spk_1504_2_000824-000900
VLOG[2] (compute-fbank-feats[5.4.131-ff0da]:main():compute-fbank-feats.cc:170) Processed features for key 1504-2_spk_1504_2_001174-001434
VLOG[2] (compute-fbank-feats[5.4.131-ff0da]:main():compute-fbank-feats.cc:170) Processed features for key 1504-2_spk_1504_2_002196-002290
VLOG[2] (compute-fbank-feats[5.4.131-ff0da]:main():compute-fbank-feats.cc:170) Processed features for key 1504-2_spk_1504_2_003688-004079
VLOG[2] (compute-fbank-feats[5.4.131-ff0da]:main():compute-fbank-feats.cc:170) Processed features for key 1504-2_spk_1504_2_004079-004490
VLOG[2] (compute-fbank-feats[5.4.131-ff0da]:main():compute-fbank-feats.cc:170) Processed features for key 1504-2_spk_1504_2_004524-004580
VLOG[2] (compute-fbank-feats[5.4.131-ff0da]:main():compute-fbank-feats.cc:170) Processed features for key 1504-2_spk_1504_2_004736-004804
VLOG[2] (compute-fbank-feats[5.4.131-ff0da]:main():compute-fbank-feats.cc:170) Processed features for key 1504-2_spk_1504_2_005828-005960
LOG (compute-fbank-feats[5.4.131-ff0da]:main():compute-fbank-feats.cc:169) Processed 270 utterances
VLOG[2] (compute-fbank-feats[5.4.131-ff0da]:main():compute-fbank-feats.cc:170) Processed features for key 1504-2_spk_1504_2_006580-006780
VLOG[2] (compute-fbank-feats[5.4.131-ff0da]:main():compute-fbank-feats.cc:170) Processed features for key 1504-2_spk_1504_2_008436-008558
VLOG[2] (compute-fbank-feats[5.4.131-ff0da]:main():compute-fbank-feats.cc:170) Processed features for key 1504-2_spk_1504_2_008740-008964
VLOG[2] (compute-fbank-feats[5.4.131-ff0da]:main():compute-fbank-feats.cc:170) Processed features for key 1504-2_spk_1504_2_009594-010122
VLOG[2] (compute-fbank-feats[5.4.131-ff0da]:main():compute-fbank-feats.cc:170) Processed features for key 1504-2_spk_1504_2_010122-010674
VLOG[2] (compute-fbank-feats[5.4.131-ff0da]:main():compute-fbank-feats.cc:170) Processed features for key 1504-2_spk_1504_2_010674-010990
VLOG[2] (compute-fbank-feats[5.4.131-ff0da]:main():compute-fbank-feats.cc:170) Processed features for key 1504-2_spk_1504_2_011004-011608
VLOG[2] (compute-fbank-feats[5.4.131-ff0da]:main():compute-fbank-feats.cc:170) Processed features for key 1504-2_spk_1504_2_011608-011820
VLOG[2] (compute-fbank-feats[5.4.131-ff0da]:main():compute-fbank-feats.cc:170) Processed features for key 1504-2_spk_1504_2_011860-011906
VLOG[2] (compute-fbank-feats[5.4.131-ff0da]:main():compute-fbank-feats.cc:170) Processed features for key 1504-2_spk_1504_2_012158-012722
LOG (compute-fbank-feats[5.4.131-ff0da]:main():compute-fbank-feats.cc:169) Processed 280 utterances
VLOG[2] (compute-fbank-feats[5.4.131-ff0da]:main():compute-fbank-feats.cc:170) Processed features for key 1504-2_spk_1504_2_014460-014591
VLOG[2] (compute-fbank-feats[5.4.131-ff0da]:main():compute-fbank-feats.cc:170) Processed features for key 1504-2_spk_1504_2_014941-015141
VLOG[2] (compute-fbank-feats[5.4.131-ff0da]:main():compute-fbank-feats.cc:170) Processed features for key 1504-2_spk_1504_2_015141-015341
VLOG[2] (compute-fbank-feats[5.4.131-ff0da]:main():compute-fbank-feats.cc:170) Processed features for key 1504-2_spk_1504_2_017848-017896
VLOG[2] (compute-fbank-feats[5.4.131-ff0da]:main():compute-fbank-feats.cc:170) Processed features for key 1504-2_spk_1504_2_019462-019880
VLOG[2] (compute-fbank-feats[5.4.131-ff0da]:main():compute-fbank-feats.cc:170) Processed features for key 1504-2_spk_1504_2_021174-021422
VLOG[2] (compute-fbank-feats[5.4.131-ff0da]:main():compute-fbank-feats.cc:170) Processed features for key 1504-2_spk_1504_2_022194-022826
VLOG[2] (compute-fbank-feats[5.4.131-ff0da]:main():compute-fbank-feats.cc:170) Processed features for key 1504-2_spk_1504_2_023026-023516
VLOG[2] (compute-fbank-feats[5.4.131-ff0da]:main():compute-fbank-feats.cc:170) Processed features for key 1504-2_spk_1504_2_025250-025370
VLOG[2] (compute-fbank-feats[5.4.131-ff0da]:main():compute-fbank-feats.cc:170) Processed features for key 1504-2_spk_1504_2_027612-027950
LOG (compute-fbank-feats[5.4.131-ff0da]:main():compute-fbank-feats.cc:169) Processed 290 utterances
VLOG[2] (compute-fbank-feats[5.4.131-ff0da]:main():compute-fbank-feats.cc:170) Processed features for key 1504-2_spk_1504_2_027950-028372
VLOG[2] (compute-fbank-feats[5.4.131-ff0da]:main():compute-fbank-feats.cc:170) Processed features for key 1504-2_spk_1504_2_028372-028802
VLOG[2] (compute-fbank-feats[5.4.131-ff0da]:main():compute-fbank-feats.cc:170) Processed features for key 1504-2_spk_1504_2_028802-029627
VLOG[2] (compute-fbank-feats[5.4.131-ff0da]:main():compute-fbank-feats.cc:170) Processed features for key 1504-2_spk_1504_2_030776-031495
VLOG[2] (compute-fbank-feats[5.4.131-ff0da]:main():compute-fbank-feats.cc:170) Processed features for key 1504-2_spk_1504_2_031495-031789
VLOG[2] (compute-fbank-feats[5.4.131-ff0da]:main():compute-fbank-feats.cc:170) Processed features for key 1504-2_spk_1504_2_031789-032422
VLOG[2] (compute-fbank-feats[5.4.131-ff0da]:main():compute-fbank-feats.cc:170) Processed features for key 1504-2_spk_1504_2_033220-033466
VLOG[2] (compute-fbank-feats[5.4.131-ff0da]:main():compute-fbank-feats.cc:170) Processed features for key 1504-2_spk_1504_2_034228-035096
VLOG[2] (compute-fbank-feats[5.4.131-ff0da]:main():compute-fbank-feats.cc:170) Processed features for key 1504-2_spk_1504_2_035236-035296
VLOG[2] (compute-fbank-feats[5.4.131-ff0da]:main():compute-fbank-feats.cc:170) Processed features for key 1504-2_spk_1504_2_035546-035662
LOG (compute-fbank-feats[5.4.131-ff0da]:main():compute-fbank-feats.cc:169) Processed 300 utterances
VLOG[2] (compute-fbank-feats[5.4.131-ff0da]:main():compute-fbank-feats.cc:170) Processed features for key 1504-2_spk_1504_2_037724-038180
VLOG[2] (compute-fbank-feats[5.4.131-ff0da]:main():compute-fbank-feats.cc:170) Processed features for key 1504-2_spk_1504_2_038774-038870
VLOG[2] (compute-fbank-feats[5.4.131-ff0da]:main():compute-fbank-feats.cc:170) Processed features for key 1504-2_spk_1504_2_039374-039452
VLOG[2] (compute-kaldi-pitch-feats[5.4.131-ff0da]:main():compute-kaldi-pitch-feats.cc:107) Processed 300 utterances
VLOG[2] (compute-fbank-feats[5.4.131-ff0da]:main():compute-fbank-feats.cc:170) Processed features for key 1504-2_spk_1504_2_040388-040890
VLOG[2] (compute-fbank-feats[5.4.131-ff0da]:main():compute-fbank-feats.cc:170) Processed features for key 1504-2_spk_1504_2_040890-041306
VLOG[2] (compute-fbank-feats[5.4.131-ff0da]:main():compute-fbank-feats.cc:170) Processed features for key 1504-2_spk_1504_2_041306-041630
LOG (extract-segments[5.4.131-ff0da]:main():extract-segments.cc:193) Successfully processed 306 lines out of 306 in the segments file. 
LOG (extract-segments[5.4.131-ff0da]:main():extract-segments.cc:193) Successfully processed 306 lines out of 306 in the segments file. 
VLOG[2] (compute-fbank-feats[5.4.131-ff0da]:main():compute-fbank-feats.cc:170) Processed features for key 1504-2_spk_1504_2_041630-042110
LOG (compute-fbank-feats[5.4.131-ff0da]:main():compute-fbank-feats.cc:173)  Done 306 out of 306 utterances.
LOG (compute-kaldi-pitch-feats[5.4.131-ff0da]:main():compute-kaldi-pitch-feats.cc:110) Done 306 utterances, 0 with errors.
LOG (process-kaldi-pitch-feats[5.4.131-ff0da]:main():process-kaldi-pitch-feats.cc:85) Post-processed pitch for 306 utterances.
LOG (paste-feats[5.4.131-ff0da]:main():paste-feats.cc:158) Done 306 utts, errors on 0
LOG (copy-feats[5.4.131-ff0da]:main():copy-feats.cc:143) Copied 306 feature matrices.
# Accounting: time=16 threads=1
# Ended (code 0) at Wed Jul 11 12:00:17 HKT 2018, elapsed time 16 seconds
