# paste-feats --length-tolerance=2 "ark:extract-segments scp,p:smartone_data/smartone_kaldi/wav.scp smartone_data/smartone_kaldi/make_fbank//segments.5 ark:- | compute-fbank-feats  --verbose=2 --config=conf/fbank.conf ark:- ark:- |" "ark,s,cs:extract-segments scp,p:smartone_data/smartone_kaldi/wav.scp smartone_data/smartone_kaldi/make_fbank//segments.5 ark:- | compute-kaldi-pitch-feats --verbose=2 --config=conf/pitch.conf ark:- ark:- | process-kaldi-pitch-feats  ark:- ark:- |" ark:- | copy-feats --compress=true ark:- ark,scp:/home/lahiru/Devinstalls/espnet_new/espnet/egs/domain_adaptation_cantonese/asr5/smartone_data/smartone_kaldi/fbank//raw_fbank_pitch_smartone_kaldi.5.ark,/home/lahiru/Devinstalls/espnet_new/espnet/egs/domain_adaptation_cantonese/asr5/smartone_data/smartone_kaldi/fbank//raw_fbank_pitch_smartone_kaldi.5.scp 
# Started at Wed Jul 11 12:00:01 HKT 2018
#
paste-feats --length-tolerance=2 'ark:extract-segments scp,p:smartone_data/smartone_kaldi/wav.scp smartone_data/smartone_kaldi/make_fbank//segments.5 ark:- | compute-fbank-feats  --verbose=2 --config=conf/fbank.conf ark:- ark:- |' 'ark,s,cs:extract-segments scp,p:smartone_data/smartone_kaldi/wav.scp smartone_data/smartone_kaldi/make_fbank//segments.5 ark:- | compute-kaldi-pitch-feats --verbose=2 --config=conf/pitch.conf ark:- ark:- | process-kaldi-pitch-feats  ark:- ark:- |' ark:- 
copy-feats --compress=true ark:- ark,scp:/home/lahiru/Devinstalls/espnet_new/espnet/egs/domain_adaptation_cantonese/asr5/smartone_data/smartone_kaldi/fbank//raw_fbank_pitch_smartone_kaldi.5.ark,/home/lahiru/Devinstalls/espnet_new/espnet/egs/domain_adaptation_cantonese/asr5/smartone_data/smartone_kaldi/fbank//raw_fbank_pitch_smartone_kaldi.5.scp 
extract-segments scp,p:smartone_data/smartone_kaldi/wav.scp smartone_data/smartone_kaldi/make_fbank//segments.5 ark:- 
compute-fbank-feats --verbose=2 --config=conf/fbank.conf ark:- ark:- 
VLOG[2] (compute-fbank-feats[5.4.131-ff0da]:main():compute-fbank-feats.cc:170) Processed features for key 1502-2_spk_1502_2_040484-040674
VLOG[2] (compute-fbank-feats[5.4.131-ff0da]:main():compute-fbank-feats.cc:170) Processed features for key 1502-2_spk_1502_2_040674-040770
extract-segments scp,p:smartone_data/smartone_kaldi/wav.scp smartone_data/smartone_kaldi/make_fbank//segments.5 ark:- 
compute-kaldi-pitch-feats --verbose=2 --config=conf/pitch.conf ark:- ark:- 
process-kaldi-pitch-feats ark:- ark:- 
VLOG[2] (compute-fbank-feats[5.4.131-ff0da]:main():compute-fbank-feats.cc:170) Processed features for key 1502-2_spk_1502_2_040771-040957
VLOG[2] (compute-fbank-feats[5.4.131-ff0da]:main():compute-fbank-feats.cc:170) Processed features for key 1502-2_spk_1502_2_040958-041107
VLOG[2] (compute-fbank-feats[5.4.131-ff0da]:main():compute-fbank-feats.cc:170) Processed features for key 1502-2_spk_1502_2_041107-041392
VLOG[2] (compute-fbank-feats[5.4.131-ff0da]:main():compute-fbank-feats.cc:170) Processed features for key 1502-2_spk_1502_2_041403-041440
VLOG[2] (compute-fbank-feats[5.4.131-ff0da]:main():compute-fbank-feats.cc:170) Processed features for key 1502-2_spk_1502_2_041492-041697
VLOG[2] (compute-fbank-feats[5.4.131-ff0da]:main():compute-fbank-feats.cc:170) Processed features for key 1502-2_spk_1502_2_041697-041807
VLOG[2] (compute-fbank-feats[5.4.131-ff0da]:main():compute-fbank-feats.cc:170) Processed features for key 1502-2_spk_1502_2_041807-042020
LOG (compute-fbank-feats[5.4.131-ff0da]:main():compute-fbank-feats.cc:169) Processed 10 utterances
VLOG[2] (compute-fbank-feats[5.4.131-ff0da]:main():compute-fbank-feats.cc:170) Processed features for key 1502-2_spk_1502_2_042296-042545
VLOG[2] (compute-fbank-feats[5.4.131-ff0da]:main():compute-fbank-feats.cc:170) Processed features for key 1502-2_spk_1502_2_042545-042758
VLOG[2] (compute-fbank-feats[5.4.131-ff0da]:main():compute-fbank-feats.cc:170) Processed features for key 1502-2_spk_1502_2_042758-043006
VLOG[2] (compute-fbank-feats[5.4.131-ff0da]:main():compute-fbank-feats.cc:170) Processed features for key 1502-2_spk_1502_2_043006-043251
VLOG[2] (compute-fbank-feats[5.4.131-ff0da]:main():compute-fbank-feats.cc:170) Processed features for key 1502-2_spk_1502_2_043288-043415
VLOG[2] (compute-fbank-feats[5.4.131-ff0da]:main():compute-fbank-feats.cc:170) Processed features for key 1502-2_spk_1502_2_043471-043511
VLOG[2] (compute-fbank-feats[5.4.131-ff0da]:main():compute-fbank-feats.cc:170) Processed features for key 1502-2_spk_1502_2_043668-043711
VLOG[2] (compute-fbank-feats[5.4.131-ff0da]:main():compute-fbank-feats.cc:170) Processed features for key 1502-2_spk_1502_2_043849-043874
VLOG[2] (compute-fbank-feats[5.4.131-ff0da]:main():compute-fbank-feats.cc:170) Processed features for key 1502-2_spk_1502_2_043895-043948
VLOG[2] (compute-fbank-feats[5.4.131-ff0da]:main():compute-fbank-feats.cc:170) Processed features for key 1502-2_spk_1502_2_044148-044248
LOG (compute-fbank-feats[5.4.131-ff0da]:main():compute-fbank-feats.cc:169) Processed 20 utterances
VLOG[2] (compute-fbank-feats[5.4.131-ff0da]:main():compute-fbank-feats.cc:170) Processed features for key 1502-2_spk_1502_2_044248-044377
VLOG[2] (compute-fbank-feats[5.4.131-ff0da]:main():compute-fbank-feats.cc:170) Processed features for key 1502-2_spk_1502_2_044377-044577
VLOG[2] (compute-fbank-feats[5.4.131-ff0da]:main():compute-fbank-feats.cc:170) Processed features for key 1502-2_spk_1502_2_044577-044777
VLOG[2] (compute-fbank-feats[5.4.131-ff0da]:main():compute-fbank-feats.cc:170) Processed features for key 1502-2_spk_1502_2_044777-044851
VLOG[2] (compute-fbank-feats[5.4.131-ff0da]:main():compute-fbank-feats.cc:170) Processed features for key 1502-2_spk_1502_2_044873-044906
VLOG[2] (compute-fbank-feats[5.4.131-ff0da]:main():compute-fbank-feats.cc:170) Processed features for key 1502-2_spk_1502_2_044906-045150
VLOG[2] (compute-fbank-feats[5.4.131-ff0da]:main():compute-fbank-feats.cc:170) Processed features for key 1502-2_spk_1502_2_045178-045350
VLOG[2] (compute-fbank-feats[5.4.131-ff0da]:main():compute-fbank-feats.cc:170) Processed features for key 1502-2_spk_1502_2_045350-045550
VLOG[2] (compute-fbank-feats[5.4.131-ff0da]:main():compute-fbank-feats.cc:170) Processed features for key 1502-2_spk_1502_2_045550-045594
VLOG[2] (compute-fbank-feats[5.4.131-ff0da]:main():compute-fbank-feats.cc:170) Processed features for key 1502-2_spk_1502_2_045692-045765
LOG (compute-fbank-feats[5.4.131-ff0da]:main():compute-fbank-feats.cc:169) Processed 30 utterances
VLOG[2] (compute-fbank-feats[5.4.131-ff0da]:main():compute-fbank-feats.cc:170) Processed features for key 1502-2_spk_1502_2_045765-046118
VLOG[2] (compute-fbank-feats[5.4.131-ff0da]:main():compute-fbank-feats.cc:170) Processed features for key 1502-2_spk_1502_2_046118-046318
VLOG[2] (compute-fbank-feats[5.4.131-ff0da]:main():compute-fbank-feats.cc:170) Processed features for key 1502-2_spk_1502_2_046318-046468
VLOG[2] (compute-fbank-feats[5.4.131-ff0da]:main():compute-fbank-feats.cc:170) Processed features for key 1502-2_spk_1502_2_046468-046619
VLOG[2] (compute-fbank-feats[5.4.131-ff0da]:main():compute-fbank-feats.cc:170) Processed features for key 1502-2_spk_1502_2_046619-046829
VLOG[2] (compute-fbank-feats[5.4.131-ff0da]:main():compute-fbank-feats.cc:170) Processed features for key 1502-2_spk_1502_2_046833-047075
VLOG[2] (compute-fbank-feats[5.4.131-ff0da]:main():compute-fbank-feats.cc:170) Processed features for key 1502-2_spk_1502_2_047076-047262
VLOG[2] (compute-fbank-feats[5.4.131-ff0da]:main():compute-fbank-feats.cc:170) Processed features for key 1502-2_spk_1502_2_047299-047477
VLOG[2] (compute-fbank-feats[5.4.131-ff0da]:main():compute-fbank-feats.cc:170) Processed features for key 1502-2_spk_1502_2_047477-047662
VLOG[2] (compute-fbank-feats[5.4.131-ff0da]:main():compute-fbank-feats.cc:170) Processed features for key 1502-2_spk_1502_2_047662-047926
LOG (compute-fbank-feats[5.4.131-ff0da]:main():compute-fbank-feats.cc:169) Processed 40 utterances
VLOG[2] (compute-fbank-feats[5.4.131-ff0da]:main():compute-fbank-feats.cc:170) Processed features for key 1502-2_spk_1502_2_047927-048072
VLOG[2] (compute-fbank-feats[5.4.131-ff0da]:main():compute-fbank-feats.cc:170) Processed features for key 1502-2_spk_1502_2_048090-048236
VLOG[2] (compute-fbank-feats[5.4.131-ff0da]:main():compute-fbank-feats.cc:170) Processed features for key 1502-2_spk_1502_2_048236-048496
VLOG[2] (compute-fbank-feats[5.4.131-ff0da]:main():compute-fbank-feats.cc:170) Processed features for key 1502-2_spk_1502_2_048514-048742
VLOG[2] (compute-fbank-feats[5.4.131-ff0da]:main():compute-fbank-feats.cc:170) Processed features for key 1502-2_spk_1502_2_048742-048962
VLOG[2] (compute-fbank-feats[5.4.131-ff0da]:main():compute-fbank-feats.cc:170) Processed features for key 1502-2_spk_1502_2_048964-049085
VLOG[2] (compute-fbank-feats[5.4.131-ff0da]:main():compute-fbank-feats.cc:170) Processed features for key 1502-2_spk_1502_2_049122-049152
VLOG[2] (compute-fbank-feats[5.4.131-ff0da]:main():compute-fbank-feats.cc:170) Processed features for key 1502-2_spk_1502_2_049152-049376
VLOG[2] (compute-fbank-feats[5.4.131-ff0da]:main():compute-fbank-feats.cc:170) Processed features for key 1502-2_spk_1502_2_049378-049589
VLOG[2] (compute-fbank-feats[5.4.131-ff0da]:main():compute-fbank-feats.cc:170) Processed features for key 1502-2_spk_1502_2_049600-049754
LOG (compute-fbank-feats[5.4.131-ff0da]:main():compute-fbank-feats.cc:169) Processed 50 utterances
VLOG[2] (compute-fbank-feats[5.4.131-ff0da]:main():compute-fbank-feats.cc:170) Processed features for key 1502-2_spk_1502_2_049844-050020
VLOG[2] (compute-fbank-feats[5.4.131-ff0da]:main():compute-fbank-feats.cc:170) Processed features for key 1502-2_spk_1502_2_050020-050251
VLOG[2] (compute-kaldi-pitch-feats[5.4.131-ff0da]:main():compute-kaldi-pitch-feats.cc:107) Processed 50 utterances
VLOG[2] (compute-fbank-feats[5.4.131-ff0da]:main():compute-fbank-feats.cc:170) Processed features for key 1502-2_spk_1502_2_050251-050476
VLOG[2] (compute-fbank-feats[5.4.131-ff0da]:main():compute-fbank-feats.cc:170) Processed features for key 1502-2_spk_1502_2_050494-050680
VLOG[2] (compute-fbank-feats[5.4.131-ff0da]:main():compute-fbank-feats.cc:170) Processed features for key 1502-2_spk_1502_2_050704-051029
VLOG[2] (compute-fbank-feats[5.4.131-ff0da]:main():compute-fbank-feats.cc:170) Processed features for key 1502-2_spk_1502_2_051029-051229
VLOG[2] (compute-fbank-feats[5.4.131-ff0da]:main():compute-fbank-feats.cc:170) Processed features for key 1502-2_spk_1502_2_051246-051400
VLOG[2] (compute-fbank-feats[5.4.131-ff0da]:main():compute-fbank-feats.cc:170) Processed features for key 1502-2_spk_1502_2_051400-051444
VLOG[2] (compute-fbank-feats[5.4.131-ff0da]:main():compute-fbank-feats.cc:170) Processed features for key 1502-2_spk_1502_2_051499-051649
VLOG[2] (compute-fbank-feats[5.4.131-ff0da]:main():compute-fbank-feats.cc:170) Processed features for key 1502-2_spk_1502_2_051691-051776
LOG (compute-fbank-feats[5.4.131-ff0da]:main():compute-fbank-feats.cc:169) Processed 60 utterances
VLOG[2] (compute-fbank-feats[5.4.131-ff0da]:main():compute-fbank-feats.cc:170) Processed features for key 1502-2_spk_1502_2_051800-052002
VLOG[2] (compute-fbank-feats[5.4.131-ff0da]:main():compute-fbank-feats.cc:170) Processed features for key 1502-2_spk_1502_2_052027-052194
VLOG[2] (compute-fbank-feats[5.4.131-ff0da]:main():compute-fbank-feats.cc:170) Processed features for key 1502-2_spk_1502_2_052194-052394
VLOG[2] (compute-fbank-feats[5.4.131-ff0da]:main():compute-fbank-feats.cc:170) Processed features for key 1502-2_spk_1502_2_052394-052625
VLOG[2] (compute-fbank-feats[5.4.131-ff0da]:main():compute-fbank-feats.cc:170) Processed features for key 1502-2_spk_1502_2_052645-052929
VLOG[2] (compute-fbank-feats[5.4.131-ff0da]:main():compute-fbank-feats.cc:170) Processed features for key 1502-2_spk_1502_2_052949-053084
VLOG[2] (compute-fbank-feats[5.4.131-ff0da]:main():compute-fbank-feats.cc:170) Processed features for key 1502-2_spk_1502_2_053084-053271
VLOG[2] (compute-fbank-feats[5.4.131-ff0da]:main():compute-fbank-feats.cc:170) Processed features for key 1502-2_spk_1502_2_053271-053455
VLOG[2] (compute-fbank-feats[5.4.131-ff0da]:main():compute-fbank-feats.cc:170) Processed features for key 1502-2_spk_1502_2_053455-053655
VLOG[2] (compute-fbank-feats[5.4.131-ff0da]:main():compute-fbank-feats.cc:170) Processed features for key 1502-2_spk_1502_2_053655-054070
LOG (compute-fbank-feats[5.4.131-ff0da]:main():compute-fbank-feats.cc:169) Processed 70 utterances
VLOG[2] (compute-fbank-feats[5.4.131-ff0da]:main():compute-fbank-feats.cc:170) Processed features for key 1502-2_spk_1502_2_054070-054228
VLOG[2] (compute-fbank-feats[5.4.131-ff0da]:main():compute-fbank-feats.cc:170) Processed features for key 1502-2_spk_1502_2_054278-054378
VLOG[2] (compute-fbank-feats[5.4.131-ff0da]:main():compute-fbank-feats.cc:170) Processed features for key 1502-2_spk_1502_2_054460-054486
VLOG[2] (compute-fbank-feats[5.4.131-ff0da]:main():compute-fbank-feats.cc:170) Processed features for key 1502-2_spk_1502_2_054559-054574
VLOG[2] (compute-fbank-feats[5.4.131-ff0da]:main():compute-fbank-feats.cc:170) Processed features for key 1502-2_spk_1502_2_054973-055197
VLOG[2] (compute-fbank-feats[5.4.131-ff0da]:main():compute-fbank-feats.cc:170) Processed features for key 1502-2_spk_1502_2_055209-055321
VLOG[2] (compute-fbank-feats[5.4.131-ff0da]:main():compute-fbank-feats.cc:170) Processed features for key 1502-2_spk_1502_2_055321-055494
VLOG[2] (compute-fbank-feats[5.4.131-ff0da]:main():compute-fbank-feats.cc:170) Processed features for key 1502-2_spk_1502_2_055526-055555
VLOG[2] (compute-fbank-feats[5.4.131-ff0da]:main():compute-fbank-feats.cc:170) Processed features for key 1502-2_spk_1502_2_055582-055770
VLOG[2] (compute-fbank-feats[5.4.131-ff0da]:main():compute-fbank-feats.cc:170) Processed features for key 1502-2_spk_1502_2_055770-055940
LOG (compute-fbank-feats[5.4.131-ff0da]:main():compute-fbank-feats.cc:169) Processed 80 utterances
VLOG[2] (compute-fbank-feats[5.4.131-ff0da]:main():compute-fbank-feats.cc:170) Processed features for key 1502-2_spk_1502_2_056047-056070
VLOG[2] (compute-fbank-feats[5.4.131-ff0da]:main():compute-fbank-feats.cc:170) Processed features for key 1502-2_spk_1502_2_056080-056379
VLOG[2] (compute-fbank-feats[5.4.131-ff0da]:main():compute-fbank-feats.cc:170) Processed features for key 1502-2_spk_1502_2_056415-056650
VLOG[2] (compute-fbank-feats[5.4.131-ff0da]:main():compute-fbank-feats.cc:170) Processed features for key 1502-2_spk_1502_2_056650-056850
VLOG[2] (compute-fbank-feats[5.4.131-ff0da]:main():compute-fbank-feats.cc:170) Processed features for key 1502-2_spk_1502_2_056850-056979
VLOG[2] (compute-fbank-feats[5.4.131-ff0da]:main():compute-fbank-feats.cc:170) Processed features for key 1502-2_spk_1502_2_056979-057154
VLOG[2] (compute-fbank-feats[5.4.131-ff0da]:main():compute-fbank-feats.cc:170) Processed features for key 1502-2_spk_1502_2_057154-057252
VLOG[2] (compute-fbank-feats[5.4.131-ff0da]:main():compute-fbank-feats.cc:170) Processed features for key 1502-2_spk_1502_2_057252-057486
VLOG[2] (compute-fbank-feats[5.4.131-ff0da]:main():compute-fbank-feats.cc:170) Processed features for key 1502-2_spk_1502_2_057507-057741
VLOG[2] (compute-fbank-feats[5.4.131-ff0da]:main():compute-fbank-feats.cc:170) Processed features for key 1502-2_spk_1502_2_057765-057794
LOG (compute-fbank-feats[5.4.131-ff0da]:main():compute-fbank-feats.cc:169) Processed 90 utterances
VLOG[2] (compute-fbank-feats[5.4.131-ff0da]:main():compute-fbank-feats.cc:170) Processed features for key 1502-2_spk_1502_2_057913-058001
VLOG[2] (compute-fbank-feats[5.4.131-ff0da]:main():compute-fbank-feats.cc:170) Processed features for key 1502-2_spk_1502_2_058026-058052
VLOG[2] (compute-fbank-feats[5.4.131-ff0da]:main():compute-fbank-feats.cc:170) Processed features for key 1502-2_spk_1502_2_058101-058219
VLOG[2] (compute-fbank-feats[5.4.131-ff0da]:main():compute-fbank-feats.cc:170) Processed features for key 1502-2_spk_1502_2_058338-058360
VLOG[2] (compute-fbank-feats[5.4.131-ff0da]:main():compute-fbank-feats.cc:170) Processed features for key 1502-2_spk_1502_2_058537-058639
VLOG[2] (compute-fbank-feats[5.4.131-ff0da]:main():compute-fbank-feats.cc:170) Processed features for key 1502-2_spk_1502_2_058639-058753
VLOG[2] (compute-fbank-feats[5.4.131-ff0da]:main():compute-fbank-feats.cc:170) Processed features for key 1502-2_spk_1502_2_058763-058987
VLOG[2] (compute-fbank-feats[5.4.131-ff0da]:main():compute-fbank-feats.cc:170) Processed features for key 1502-2_spk_1502_2_058987-059059
VLOG[2] (compute-fbank-feats[5.4.131-ff0da]:main():compute-fbank-feats.cc:170) Processed features for key 1502-2_spk_1502_2_059059-059164
VLOG[2] (compute-fbank-feats[5.4.131-ff0da]:main():compute-fbank-feats.cc:170) Processed features for key 1502-2_spk_1502_2_059164-059299
LOG (compute-fbank-feats[5.4.131-ff0da]:main():compute-fbank-feats.cc:169) Processed 100 utterances
VLOG[2] (compute-fbank-feats[5.4.131-ff0da]:main():compute-fbank-feats.cc:170) Processed features for key 1502-2_spk_1502_2_059299-059408
VLOG[2] (compute-fbank-feats[5.4.131-ff0da]:main():compute-fbank-feats.cc:170) Processed features for key 1502-2_spk_1502_2_059594-059716
VLOG[2] (compute-fbank-feats[5.4.131-ff0da]:main():compute-fbank-feats.cc:170) Processed features for key 1502-2_spk_1502_2_059716-059891
VLOG[2] (compute-kaldi-pitch-feats[5.4.131-ff0da]:main():compute-kaldi-pitch-feats.cc:107) Processed 100 utterances
VLOG[2] (compute-fbank-feats[5.4.131-ff0da]:main():compute-fbank-feats.cc:170) Processed features for key 1502-2_spk_1502_2_059891-060122
VLOG[2] (compute-fbank-feats[5.4.131-ff0da]:main():compute-fbank-feats.cc:170) Processed features for key 1502-2_spk_1502_2_060122-060232
VLOG[2] (compute-fbank-feats[5.4.131-ff0da]:main():compute-fbank-feats.cc:170) Processed features for key 1502-2_spk_1502_2_060307-060399
VLOG[2] (compute-fbank-feats[5.4.131-ff0da]:main():compute-fbank-feats.cc:170) Processed features for key 1502-2_spk_1502_2_060512-060725
VLOG[2] (compute-fbank-feats[5.4.131-ff0da]:main():compute-fbank-feats.cc:170) Processed features for key 1502-2_spk_1502_2_060725-060824
VLOG[2] (compute-fbank-feats[5.4.131-ff0da]:main():compute-fbank-feats.cc:170) Processed features for key 1502-2_spk_1502_2_060851-061100
VLOG[2] (compute-fbank-feats[5.4.131-ff0da]:main():compute-fbank-feats.cc:170) Processed features for key 1502-2_spk_1502_2_061120-061250
LOG (compute-fbank-feats[5.4.131-ff0da]:main():compute-fbank-feats.cc:169) Processed 110 utterances
VLOG[2] (compute-fbank-feats[5.4.131-ff0da]:main():compute-fbank-feats.cc:170) Processed features for key 1502-2_spk_1502_2_061258-061414
VLOG[2] (compute-fbank-feats[5.4.131-ff0da]:main():compute-fbank-feats.cc:170) Processed features for key 1502-2_spk_1502_2_061414-061597
VLOG[2] (compute-fbank-feats[5.4.131-ff0da]:main():compute-fbank-feats.cc:170) Processed features for key 1502-2_spk_1502_2_061597-061667
VLOG[2] (compute-fbank-feats[5.4.131-ff0da]:main():compute-fbank-feats.cc:170) Processed features for key 1502-2_spk_1502_2_061667-061791
VLOG[2] (compute-fbank-feats[5.4.131-ff0da]:main():compute-fbank-feats.cc:170) Processed features for key 1502-2_spk_1502_2_061791-062017
VLOG[2] (compute-fbank-feats[5.4.131-ff0da]:main():compute-fbank-feats.cc:170) Processed features for key 1502-2_spk_1502_2_062017-062227
VLOG[2] (compute-fbank-feats[5.4.131-ff0da]:main():compute-fbank-feats.cc:170) Processed features for key 1502-2_spk_1502_2_062228-062404
VLOG[2] (compute-fbank-feats[5.4.131-ff0da]:main():compute-fbank-feats.cc:170) Processed features for key 1502-2_spk_1502_2_062440-062634
VLOG[2] (compute-fbank-feats[5.4.131-ff0da]:main():compute-fbank-feats.cc:170) Processed features for key 1502-2_spk_1502_2_062661-062682
VLOG[2] (compute-fbank-feats[5.4.131-ff0da]:main():compute-fbank-feats.cc:170) Processed features for key 1502-2_spk_1502_2_062886-062914
LOG (compute-fbank-feats[5.4.131-ff0da]:main():compute-fbank-feats.cc:169) Processed 120 utterances
VLOG[2] (compute-fbank-feats[5.4.131-ff0da]:main():compute-fbank-feats.cc:170) Processed features for key 1502-2_spk_1502_2_062953-062994
VLOG[2] (compute-fbank-feats[5.4.131-ff0da]:main():compute-fbank-feats.cc:170) Processed features for key 1502-2_spk_1502_2_063054-063266
VLOG[2] (compute-fbank-feats[5.4.131-ff0da]:main():compute-fbank-feats.cc:170) Processed features for key 1502-2_spk_1502_2_063750-063785
VLOG[2] (compute-fbank-feats[5.4.131-ff0da]:main():compute-fbank-feats.cc:170) Processed features for key 1502-2_spk_1502_2_063936-064096
VLOG[2] (compute-fbank-feats[5.4.131-ff0da]:main():compute-fbank-feats.cc:170) Processed features for key 1502-2_spk_1502_2_064105-064136
VLOG[2] (compute-fbank-feats[5.4.131-ff0da]:main():compute-fbank-feats.cc:170) Processed features for key 1502-2_spk_1502_2_064316-064386
VLOG[2] (compute-fbank-feats[5.4.131-ff0da]:main():compute-fbank-feats.cc:170) Processed features for key 1502-2_spk_1502_2_064699-064847
VLOG[2] (compute-fbank-feats[5.4.131-ff0da]:main():compute-fbank-feats.cc:170) Processed features for key 1502-2_spk_1502_2_065059-065175
VLOG[2] (compute-fbank-feats[5.4.131-ff0da]:main():compute-fbank-feats.cc:170) Processed features for key 1502-2_spk_1502_2_065200-065228
VLOG[2] (compute-fbank-feats[5.4.131-ff0da]:main():compute-fbank-feats.cc:170) Processed features for key 1502-2_spk_1502_2_065665-065777
LOG (compute-fbank-feats[5.4.131-ff0da]:main():compute-fbank-feats.cc:169) Processed 130 utterances
VLOG[2] (compute-fbank-feats[5.4.131-ff0da]:main():compute-fbank-feats.cc:170) Processed features for key 1502-2_spk_1502_2_065777-065962
VLOG[2] (compute-fbank-feats[5.4.131-ff0da]:main():compute-fbank-feats.cc:170) Processed features for key 1502-2_spk_1502_2_065962-066180
VLOG[2] (compute-fbank-feats[5.4.131-ff0da]:main():compute-fbank-feats.cc:170) Processed features for key 1502-2_spk_1502_2_066180-066482
VLOG[2] (compute-fbank-feats[5.4.131-ff0da]:main():compute-fbank-feats.cc:170) Processed features for key 1502-2_spk_1502_2_066482-066577
VLOG[2] (compute-fbank-feats[5.4.131-ff0da]:main():compute-fbank-feats.cc:170) Processed features for key 1502-2_spk_1502_2_066577-066667
VLOG[2] (compute-fbank-feats[5.4.131-ff0da]:main():compute-fbank-feats.cc:170) Processed features for key 1502-2_spk_1502_2_066668-066860
VLOG[2] (compute-fbank-feats[5.4.131-ff0da]:main():compute-fbank-feats.cc:170) Processed features for key 1502-2_spk_1502_2_066866-067075
VLOG[2] (compute-fbank-feats[5.4.131-ff0da]:main():compute-fbank-feats.cc:170) Processed features for key 1502-2_spk_1502_2_067203-067298
VLOG[2] (compute-fbank-feats[5.4.131-ff0da]:main():compute-fbank-feats.cc:170) Processed features for key 1502-2_spk_1502_2_067335-067353
VLOG[2] (compute-fbank-feats[5.4.131-ff0da]:main():compute-fbank-feats.cc:170) Processed features for key 1502-2_spk_1502_2_067550-067567
LOG (compute-fbank-feats[5.4.131-ff0da]:main():compute-fbank-feats.cc:169) Processed 140 utterances
VLOG[2] (compute-fbank-feats[5.4.131-ff0da]:main():compute-fbank-feats.cc:170) Processed features for key 1502-2_spk_1502_2_067809-067943
VLOG[2] (compute-fbank-feats[5.4.131-ff0da]:main():compute-fbank-feats.cc:170) Processed features for key 1502-2_spk_1502_2_067958-068068
VLOG[2] (compute-fbank-feats[5.4.131-ff0da]:main():compute-fbank-feats.cc:170) Processed features for key 1502-2_spk_1502_2_068095-068238
VLOG[2] (compute-fbank-feats[5.4.131-ff0da]:main():compute-fbank-feats.cc:170) Processed features for key 1502-2_spk_1502_2_068238-068434
VLOG[2] (compute-fbank-feats[5.4.131-ff0da]:main():compute-fbank-feats.cc:170) Processed features for key 1502-2_spk_1502_2_068434-068605
VLOG[2] (compute-fbank-feats[5.4.131-ff0da]:main():compute-fbank-feats.cc:170) Processed features for key 1502-2_spk_1502_2_068617-068768
VLOG[2] (compute-fbank-feats[5.4.131-ff0da]:main():compute-fbank-feats.cc:170) Processed features for key 1502-2_spk_1502_2_069059-069196
VLOG[2] (compute-fbank-feats[5.4.131-ff0da]:main():compute-fbank-feats.cc:170) Processed features for key 1502-2_spk_1502_2_069561-069578
VLOG[2] (compute-fbank-feats[5.4.131-ff0da]:main():compute-fbank-feats.cc:170) Processed features for key 1502-2_spk_1502_2_069787-069804
VLOG[2] (compute-fbank-feats[5.4.131-ff0da]:main():compute-fbank-feats.cc:170) Processed features for key 1502-2_spk_1502_2_070017-070166
LOG (compute-fbank-feats[5.4.131-ff0da]:main():compute-fbank-feats.cc:169) Processed 150 utterances
VLOG[2] (compute-fbank-feats[5.4.131-ff0da]:main():compute-fbank-feats.cc:170) Processed features for key 1502-2_spk_1502_2_070175-070274
VLOG[2] (compute-fbank-feats[5.4.131-ff0da]:main():compute-fbank-feats.cc:170) Processed features for key 1502-2_spk_1502_2_070280-070598
VLOG[2] (compute-kaldi-pitch-feats[5.4.131-ff0da]:main():compute-kaldi-pitch-feats.cc:107) Processed 150 utterances
VLOG[2] (compute-fbank-feats[5.4.131-ff0da]:main():compute-fbank-feats.cc:170) Processed features for key 1502-2_spk_1502_2_070598-070883
VLOG[2] (compute-fbank-feats[5.4.131-ff0da]:main():compute-fbank-feats.cc:170) Processed features for key 1502-2_spk_1502_2_070883-071059
VLOG[2] (compute-fbank-feats[5.4.131-ff0da]:main():compute-fbank-feats.cc:170) Processed features for key 1502-2_spk_1502_2_071059-071181
VLOG[2] (compute-fbank-feats[5.4.131-ff0da]:main():compute-fbank-feats.cc:170) Processed features for key 1502-2_spk_1502_2_071182-071355
VLOG[2] (compute-fbank-feats[5.4.131-ff0da]:main():compute-fbank-feats.cc:170) Processed features for key 1502-2_spk_1502_2_071355-071491
VLOG[2] (compute-fbank-feats[5.4.131-ff0da]:main():compute-fbank-feats.cc:170) Processed features for key 1502-2_spk_1502_2_071491-071631
VLOG[2] (compute-fbank-feats[5.4.131-ff0da]:main():compute-fbank-feats.cc:170) Processed features for key 1502-2_spk_1502_2_071631-071831
VLOG[2] (compute-fbank-feats[5.4.131-ff0da]:main():compute-fbank-feats.cc:170) Processed features for key 1502-2_spk_1502_2_071831-072031
LOG (compute-fbank-feats[5.4.131-ff0da]:main():compute-fbank-feats.cc:169) Processed 160 utterances
VLOG[2] (compute-fbank-feats[5.4.131-ff0da]:main():compute-fbank-feats.cc:170) Processed features for key 1502-2_spk_1502_2_072031-072131
VLOG[2] (compute-fbank-feats[5.4.131-ff0da]:main():compute-fbank-feats.cc:170) Processed features for key 1502-2_spk_1502_2_072131-072238
VLOG[2] (compute-fbank-feats[5.4.131-ff0da]:main():compute-fbank-feats.cc:170) Processed features for key 1502-2_spk_1502_2_072238-072388
VLOG[2] (compute-fbank-feats[5.4.131-ff0da]:main():compute-fbank-feats.cc:170) Processed features for key 1502-2_spk_1502_2_072388-072583
VLOG[2] (compute-fbank-feats[5.4.131-ff0da]:main():compute-fbank-feats.cc:170) Processed features for key 1502-2_spk_1502_2_072583-072828
VLOG[2] (compute-fbank-feats[5.4.131-ff0da]:main():compute-fbank-feats.cc:170) Processed features for key 1502-2_spk_1502_2_072836-072991
VLOG[2] (compute-fbank-feats[5.4.131-ff0da]:main():compute-fbank-feats.cc:170) Processed features for key 1502-2_spk_1502_2_073016-073036
VLOG[2] (compute-fbank-feats[5.4.131-ff0da]:main():compute-fbank-feats.cc:170) Processed features for key 1502-2_spk_1502_2_073036-073274
VLOG[2] (compute-fbank-feats[5.4.131-ff0da]:main():compute-fbank-feats.cc:170) Processed features for key 1502-2_spk_1502_2_073275-073440
VLOG[2] (compute-fbank-feats[5.4.131-ff0da]:main():compute-fbank-feats.cc:170) Processed features for key 1502-2_spk_1502_2_073440-073640
LOG (compute-fbank-feats[5.4.131-ff0da]:main():compute-fbank-feats.cc:169) Processed 170 utterances
VLOG[2] (compute-fbank-feats[5.4.131-ff0da]:main():compute-fbank-feats.cc:170) Processed features for key 1502-2_spk_1502_2_073640-073840
VLOG[2] (compute-fbank-feats[5.4.131-ff0da]:main():compute-fbank-feats.cc:170) Processed features for key 1502-2_spk_1502_2_073863-073925
VLOG[2] (compute-fbank-feats[5.4.131-ff0da]:main():compute-fbank-feats.cc:170) Processed features for key 1502-2_spk_1502_2_074021-074086
VLOG[2] (compute-fbank-feats[5.4.131-ff0da]:main():compute-fbank-feats.cc:170) Processed features for key 1502-2_spk_1502_2_074255-074302
VLOG[2] (compute-fbank-feats[5.4.131-ff0da]:main():compute-fbank-feats.cc:170) Processed features for key 1502-2_spk_1502_2_074312-074458
VLOG[2] (compute-fbank-feats[5.4.131-ff0da]:main():compute-fbank-feats.cc:170) Processed features for key 1502-2_spk_1502_2_074458-074712
VLOG[2] (compute-fbank-feats[5.4.131-ff0da]:main():compute-fbank-feats.cc:170) Processed features for key 1502-2_spk_1502_2_074712-074881
VLOG[2] (compute-fbank-feats[5.4.131-ff0da]:main():compute-fbank-feats.cc:170) Processed features for key 1502-2_spk_1502_2_074881-075091
VLOG[2] (compute-fbank-feats[5.4.131-ff0da]:main():compute-fbank-feats.cc:170) Processed features for key 1502-2_spk_1502_2_075116-075464
VLOG[2] (compute-fbank-feats[5.4.131-ff0da]:main():compute-fbank-feats.cc:170) Processed features for key 1502-2_spk_1502_2_075464-075643
LOG (compute-fbank-feats[5.4.131-ff0da]:main():compute-fbank-feats.cc:169) Processed 180 utterances
VLOG[2] (compute-fbank-feats[5.4.131-ff0da]:main():compute-fbank-feats.cc:170) Processed features for key 1502-2_spk_1502_2_075643-075756
VLOG[2] (compute-fbank-feats[5.4.131-ff0da]:main():compute-fbank-feats.cc:170) Processed features for key 1502-2_spk_1502_2_075770-076032
VLOG[2] (compute-fbank-feats[5.4.131-ff0da]:main():compute-fbank-feats.cc:170) Processed features for key 1502-2_spk_1502_2_076062-076170
VLOG[2] (compute-fbank-feats[5.4.131-ff0da]:main():compute-fbank-feats.cc:170) Processed features for key 1502-2_spk_1502_2_076170-076377
VLOG[2] (compute-fbank-feats[5.4.131-ff0da]:main():compute-fbank-feats.cc:170) Processed features for key 1502-2_spk_1502_2_076377-076488
VLOG[2] (compute-fbank-feats[5.4.131-ff0da]:main():compute-fbank-feats.cc:170) Processed features for key 1502-2_spk_1502_2_076488-076688
VLOG[2] (compute-fbank-feats[5.4.131-ff0da]:main():compute-fbank-feats.cc:170) Processed features for key 1502-2_spk_1502_2_076688-076874
VLOG[2] (compute-fbank-feats[5.4.131-ff0da]:main():compute-fbank-feats.cc:170) Processed features for key 1502-2_spk_1502_2_076874-077093
VLOG[2] (compute-fbank-feats[5.4.131-ff0da]:main():compute-fbank-feats.cc:170) Processed features for key 1502-2_spk_1502_2_077093-077293
VLOG[2] (compute-fbank-feats[5.4.131-ff0da]:main():compute-fbank-feats.cc:170) Processed features for key 1502-2_spk_1502_2_077325-077520
LOG (compute-fbank-feats[5.4.131-ff0da]:main():compute-fbank-feats.cc:169) Processed 190 utterances
VLOG[2] (compute-fbank-feats[5.4.131-ff0da]:main():compute-fbank-feats.cc:170) Processed features for key 1502-2_spk_1502_2_077550-077797
VLOG[2] (compute-fbank-feats[5.4.131-ff0da]:main():compute-fbank-feats.cc:170) Processed features for key 1502-2_spk_1502_2_077797-077952
VLOG[2] (compute-fbank-feats[5.4.131-ff0da]:main():compute-fbank-feats.cc:170) Processed features for key 1502-2_spk_1502_2_077952-078152
VLOG[2] (compute-fbank-feats[5.4.131-ff0da]:main():compute-fbank-feats.cc:170) Processed features for key 1502-2_spk_1502_2_078152-078292
VLOG[2] (compute-fbank-feats[5.4.131-ff0da]:main():compute-fbank-feats.cc:170) Processed features for key 1502-2_spk_1502_2_078292-078427
VLOG[2] (compute-fbank-feats[5.4.131-ff0da]:main():compute-fbank-feats.cc:170) Processed features for key 1502-2_spk_1502_2_078427-078704
VLOG[2] (compute-fbank-feats[5.4.131-ff0da]:main():compute-fbank-feats.cc:170) Processed features for key 1502-2_spk_1502_2_078758-079068
VLOG[2] (compute-fbank-feats[5.4.131-ff0da]:main():compute-fbank-feats.cc:170) Processed features for key 1502-2_spk_1502_2_079068-079243
VLOG[2] (compute-fbank-feats[5.4.131-ff0da]:main():compute-fbank-feats.cc:170) Processed features for key 1502-2_spk_1502_2_079243-079480
VLOG[2] (compute-fbank-feats[5.4.131-ff0da]:main():compute-fbank-feats.cc:170) Processed features for key 1502-2_spk_1502_2_079506-079726
LOG (compute-fbank-feats[5.4.131-ff0da]:main():compute-fbank-feats.cc:169) Processed 200 utterances
VLOG[2] (compute-fbank-feats[5.4.131-ff0da]:main():compute-fbank-feats.cc:170) Processed features for key 1502-2_spk_1502_2_079741-079926
VLOG[2] (compute-fbank-feats[5.4.131-ff0da]:main():compute-fbank-feats.cc:170) Processed features for key 1502-2_spk_1502_2_079926-080112
VLOG[2] (compute-fbank-feats[5.4.131-ff0da]:main():compute-fbank-feats.cc:170) Processed features for key 1502-2_spk_1502_2_080112-080233
VLOG[2] (compute-kaldi-pitch-feats[5.4.131-ff0da]:main():compute-kaldi-pitch-feats.cc:107) Processed 200 utterances
VLOG[2] (compute-fbank-feats[5.4.131-ff0da]:main():compute-fbank-feats.cc:170) Processed features for key 1502-2_spk_1502_2_080236-080514
VLOG[2] (compute-fbank-feats[5.4.131-ff0da]:main():compute-fbank-feats.cc:170) Processed features for key 1502-2_spk_1502_2_080589-080761
VLOG[2] (compute-fbank-feats[5.4.131-ff0da]:main():compute-fbank-feats.cc:170) Processed features for key 1502-2_spk_1502_2_080761-080907
VLOG[2] (compute-fbank-feats[5.4.131-ff0da]:main():compute-fbank-feats.cc:170) Processed features for key 1502-2_spk_1502_2_080911-081120
VLOG[2] (compute-fbank-feats[5.4.131-ff0da]:main():compute-fbank-feats.cc:170) Processed features for key 1502-2_spk_1502_2_081120-081320
VLOG[2] (compute-fbank-feats[5.4.131-ff0da]:main():compute-fbank-feats.cc:170) Processed features for key 1502-2_spk_1502_2_081320-081484
VLOG[2] (compute-fbank-feats[5.4.131-ff0da]:main():compute-fbank-feats.cc:170) Processed features for key 1502-2_spk_1502_2_081484-081748
LOG (compute-fbank-feats[5.4.131-ff0da]:main():compute-fbank-feats.cc:169) Processed 210 utterances
VLOG[2] (compute-fbank-feats[5.4.131-ff0da]:main():compute-fbank-feats.cc:170) Processed features for key 1502-2_spk_1502_2_081769-081989
VLOG[2] (compute-fbank-feats[5.4.131-ff0da]:main():compute-fbank-feats.cc:170) Processed features for key 1502-2_spk_1502_2_081995-082058
VLOG[2] (compute-fbank-feats[5.4.131-ff0da]:main():compute-fbank-feats.cc:170) Processed features for key 1502-2_spk_1502_2_082143-082210
VLOG[2] (compute-fbank-feats[5.4.131-ff0da]:main():compute-fbank-feats.cc:170) Processed features for key 1502-2_spk_1502_2_082219-082425
VLOG[2] (compute-fbank-feats[5.4.131-ff0da]:main():compute-fbank-feats.cc:170) Processed features for key 1502-2_spk_1502_2_082425-082592
VLOG[2] (compute-fbank-feats[5.4.131-ff0da]:main():compute-fbank-feats.cc:170) Processed features for key 1502-2_spk_1502_2_082592-082736
VLOG[2] (compute-fbank-feats[5.4.131-ff0da]:main():compute-fbank-feats.cc:170) Processed features for key 1502-2_spk_1502_2_082786-082895
VLOG[2] (compute-fbank-feats[5.4.131-ff0da]:main():compute-fbank-feats.cc:170) Processed features for key 1502-2_spk_1502_2_082895-083037
VLOG[2] (compute-fbank-feats[5.4.131-ff0da]:main():compute-fbank-feats.cc:170) Processed features for key 1502-2_spk_1502_2_083037-083290
VLOG[2] (compute-fbank-feats[5.4.131-ff0da]:main():compute-fbank-feats.cc:170) Processed features for key 1502-2_spk_1502_2_083290-083541
LOG (compute-fbank-feats[5.4.131-ff0da]:main():compute-fbank-feats.cc:169) Processed 220 utterances
VLOG[2] (compute-fbank-feats[5.4.131-ff0da]:main():compute-fbank-feats.cc:170) Processed features for key 1502-2_spk_1502_2_083556-083638
VLOG[2] (compute-fbank-feats[5.4.131-ff0da]:main():compute-fbank-feats.cc:170) Processed features for key 1502-2_spk_1502_2_083672-083787
VLOG[2] (compute-fbank-feats[5.4.131-ff0da]:main():compute-fbank-feats.cc:170) Processed features for key 1502-2_spk_1502_2_083810-083856
VLOG[2] (compute-fbank-feats[5.4.131-ff0da]:main():compute-fbank-feats.cc:170) Processed features for key 1502-2_spk_1502_2_083890-083966
VLOG[2] (compute-fbank-feats[5.4.131-ff0da]:main():compute-fbank-feats.cc:170) Processed features for key 1502-2_spk_1502_2_083966-084208
VLOG[2] (compute-fbank-feats[5.4.131-ff0da]:main():compute-fbank-feats.cc:170) Processed features for key 1502-2_spk_1502_2_084208-084303
VLOG[2] (compute-fbank-feats[5.4.131-ff0da]:main():compute-fbank-feats.cc:170) Processed features for key 1502-2_spk_1502_2_084303-084429
VLOG[2] (compute-fbank-feats[5.4.131-ff0da]:main():compute-fbank-feats.cc:170) Processed features for key 1502-2_spk_1502_2_084429-084710
VLOG[2] (compute-fbank-feats[5.4.131-ff0da]:main():compute-fbank-feats.cc:170) Processed features for key 1502-2_spk_1502_2_084725-084821
VLOG[2] (compute-fbank-feats[5.4.131-ff0da]:main():compute-fbank-feats.cc:170) Processed features for key 1502-2_spk_1502_2_084841-084960
LOG (compute-fbank-feats[5.4.131-ff0da]:main():compute-fbank-feats.cc:169) Processed 230 utterances
VLOG[2] (compute-fbank-feats[5.4.131-ff0da]:main():compute-fbank-feats.cc:170) Processed features for key 1502-2_spk_1502_2_084990-085147
VLOG[2] (compute-fbank-feats[5.4.131-ff0da]:main():compute-fbank-feats.cc:170) Processed features for key 1502-2_spk_1502_2_085155-085185
VLOG[2] (compute-fbank-feats[5.4.131-ff0da]:main():compute-fbank-feats.cc:170) Processed features for key 1502-2_spk_1502_2_085195-085392
VLOG[2] (compute-fbank-feats[5.4.131-ff0da]:main():compute-fbank-feats.cc:170) Processed features for key 1502-2_spk_1502_2_085392-085523
VLOG[2] (compute-fbank-feats[5.4.131-ff0da]:main():compute-fbank-feats.cc:170) Processed features for key 1502-2_spk_1502_2_085523-085685
VLOG[2] (compute-fbank-feats[5.4.131-ff0da]:main():compute-fbank-feats.cc:170) Processed features for key 1502-2_spk_1502_2_085685-085789
VLOG[2] (compute-fbank-feats[5.4.131-ff0da]:main():compute-fbank-feats.cc:170) Processed features for key 1502-2_spk_1502_2_085799-085992
VLOG[2] (compute-fbank-feats[5.4.131-ff0da]:main():compute-fbank-feats.cc:170) Processed features for key 1502-2_spk_1502_2_085992-086152
VLOG[2] (compute-fbank-feats[5.4.131-ff0da]:main():compute-fbank-feats.cc:170) Processed features for key 1502-2_spk_1502_2_086164-086331
VLOG[2] (compute-fbank-feats[5.4.131-ff0da]:main():compute-fbank-feats.cc:170) Processed features for key 1502-2_spk_1502_2_086352-086427
LOG (compute-fbank-feats[5.4.131-ff0da]:main():compute-fbank-feats.cc:169) Processed 240 utterances
VLOG[2] (compute-fbank-feats[5.4.131-ff0da]:main():compute-fbank-feats.cc:170) Processed features for key 1502-2_spk_1502_2_086444-086506
VLOG[2] (compute-fbank-feats[5.4.131-ff0da]:main():compute-fbank-feats.cc:170) Processed features for key 1502-2_spk_1502_2_086531-086544
VLOG[2] (compute-fbank-feats[5.4.131-ff0da]:main():compute-fbank-feats.cc:170) Processed features for key 1502-2_spk_1502_2_086682-086706
VLOG[2] (compute-fbank-feats[5.4.131-ff0da]:main():compute-fbank-feats.cc:170) Processed features for key 1502-2_spk_1502_2_086949-086963
VLOG[2] (compute-fbank-feats[5.4.131-ff0da]:main():compute-fbank-feats.cc:170) Processed features for key 1502-2_spk_1502_2_087018-087045
VLOG[2] (compute-fbank-feats[5.4.131-ff0da]:main():compute-fbank-feats.cc:170) Processed features for key 1502-2_spk_1502_2_087180-087208
VLOG[2] (compute-fbank-feats[5.4.131-ff0da]:main():compute-fbank-feats.cc:170) Processed features for key 1502-2_spk_1502_2_087255-087275
VLOG[2] (compute-fbank-feats[5.4.131-ff0da]:main():compute-fbank-feats.cc:170) Processed features for key 1502-2_spk_1502_2_087570-087693
VLOG[2] (compute-fbank-feats[5.4.131-ff0da]:main():compute-fbank-feats.cc:170) Processed features for key 1502-2_spk_1502_2_087693-087842
VLOG[2] (compute-fbank-feats[5.4.131-ff0da]:main():compute-fbank-feats.cc:170) Processed features for key 1502-2_spk_1502_2_087934-087999
LOG (compute-fbank-feats[5.4.131-ff0da]:main():compute-fbank-feats.cc:169) Processed 250 utterances
VLOG[2] (compute-fbank-feats[5.4.131-ff0da]:main():compute-fbank-feats.cc:170) Processed features for key 1502-2_spk_1502_2_088024-088114
VLOG[2] (compute-fbank-feats[5.4.131-ff0da]:main():compute-fbank-feats.cc:170) Processed features for key 1502-2_spk_1502_2_088114-088377
VLOG[2] (compute-fbank-feats[5.4.131-ff0da]:main():compute-fbank-feats.cc:170) Processed features for key 1502-2_spk_1502_2_088411-088599
VLOG[2] (compute-kaldi-pitch-feats[5.4.131-ff0da]:main():compute-kaldi-pitch-feats.cc:107) Processed 250 utterances
VLOG[2] (compute-fbank-feats[5.4.131-ff0da]:main():compute-fbank-feats.cc:170) Processed features for key 1502-2_spk_1502_2_088627-088751
VLOG[2] (compute-fbank-feats[5.4.131-ff0da]:main():compute-fbank-feats.cc:170) Processed features for key 1502-2_spk_1502_2_088797-088951
VLOG[2] (compute-fbank-feats[5.4.131-ff0da]:main():compute-fbank-feats.cc:170) Processed features for key 1502-2_spk_1502_2_088951-089228
VLOG[2] (compute-fbank-feats[5.4.131-ff0da]:main():compute-fbank-feats.cc:170) Processed features for key 1502-2_spk_1502_2_089236-089340
VLOG[2] (compute-fbank-feats[5.4.131-ff0da]:main():compute-fbank-feats.cc:170) Processed features for key 1502-2_spk_1502_2_089340-089465
VLOG[2] (compute-fbank-feats[5.4.131-ff0da]:main():compute-fbank-feats.cc:170) Processed features for key 1502-2_spk_1502_2_089468-089494
VLOG[2] (compute-fbank-feats[5.4.131-ff0da]:main():compute-fbank-feats.cc:170) Processed features for key 1502-2_spk_1502_2_089497-089632
LOG (compute-fbank-feats[5.4.131-ff0da]:main():compute-fbank-feats.cc:169) Processed 260 utterances
VLOG[2] (compute-fbank-feats[5.4.131-ff0da]:main():compute-fbank-feats.cc:170) Processed features for key 1502-2_spk_1502_2_089635-089694
VLOG[2] (compute-fbank-feats[5.4.131-ff0da]:main():compute-fbank-feats.cc:170) Processed features for key 1502-2_spk_1502_2_089694-089978
VLOG[2] (compute-fbank-feats[5.4.131-ff0da]:main():compute-fbank-feats.cc:170) Processed features for key 1502-2_spk_1502_2_089978-090087
VLOG[2] (compute-fbank-feats[5.4.131-ff0da]:main():compute-fbank-feats.cc:170) Processed features for key 1502-2_spk_1502_2_090087-090334
VLOG[2] (compute-fbank-feats[5.4.131-ff0da]:main():compute-fbank-feats.cc:170) Processed features for key 1502-2_spk_1502_2_090350-090439
VLOG[2] (compute-fbank-feats[5.4.131-ff0da]:main():compute-fbank-feats.cc:170) Processed features for key 1502-2_spk_1502_2_090453-090774
VLOG[2] (compute-fbank-feats[5.4.131-ff0da]:main():compute-fbank-feats.cc:170) Processed features for key 1502-2_spk_1502_2_090801-090974
VLOG[2] (compute-fbank-feats[5.4.131-ff0da]:main():compute-fbank-feats.cc:170) Processed features for key 1502-2_spk_1502_2_090974-091174
VLOG[2] (compute-fbank-feats[5.4.131-ff0da]:main():compute-fbank-feats.cc:170) Processed features for key 1502-2_spk_1502_2_091200-091221
VLOG[2] (compute-fbank-feats[5.4.131-ff0da]:main():compute-fbank-feats.cc:170) Processed features for key 1502-2_spk_1502_2_091387-091399
LOG (compute-fbank-feats[5.4.131-ff0da]:main():compute-fbank-feats.cc:169) Processed 270 utterances
VLOG[2] (compute-fbank-feats[5.4.131-ff0da]:main():compute-fbank-feats.cc:170) Processed features for key 1502-2_spk_1502_2_091438-091454
VLOG[2] (compute-fbank-feats[5.4.131-ff0da]:main():compute-fbank-feats.cc:170) Processed features for key 1502-2_spk_1502_2_092039-092162
VLOG[2] (compute-fbank-feats[5.4.131-ff0da]:main():compute-fbank-feats.cc:170) Processed features for key 1502-2_spk_1502_2_092162-092246
VLOG[2] (compute-fbank-feats[5.4.131-ff0da]:main():compute-fbank-feats.cc:170) Processed features for key 1502-2_spk_1502_2_092246-092389
VLOG[2] (compute-fbank-feats[5.4.131-ff0da]:main():compute-fbank-feats.cc:170) Processed features for key 1502-2_spk_1502_2_092389-092589
VLOG[2] (compute-fbank-feats[5.4.131-ff0da]:main():compute-fbank-feats.cc:170) Processed features for key 1502-2_spk_1502_2_092599-092798
VLOG[2] (compute-fbank-feats[5.4.131-ff0da]:main():compute-fbank-feats.cc:170) Processed features for key 1502-2_spk_1502_2_092798-092984
VLOG[2] (compute-fbank-feats[5.4.131-ff0da]:main():compute-fbank-feats.cc:170) Processed features for key 1502-2_spk_1502_2_092984-093171
VLOG[2] (compute-fbank-feats[5.4.131-ff0da]:main():compute-fbank-feats.cc:170) Processed features for key 1502-2_spk_1502_2_093171-093316
VLOG[2] (compute-fbank-feats[5.4.131-ff0da]:main():compute-fbank-feats.cc:170) Processed features for key 1502-2_spk_1502_2_093316-093480
LOG (compute-fbank-feats[5.4.131-ff0da]:main():compute-fbank-feats.cc:169) Processed 280 utterances
VLOG[2] (compute-fbank-feats[5.4.131-ff0da]:main():compute-fbank-feats.cc:170) Processed features for key 1502-2_spk_1502_2_093480-093579
VLOG[2] (compute-fbank-feats[5.4.131-ff0da]:main():compute-fbank-feats.cc:170) Processed features for key 1502-2_spk_1502_2_093579-093659
VLOG[2] (compute-fbank-feats[5.4.131-ff0da]:main():compute-fbank-feats.cc:170) Processed features for key 1502-2_spk_1502_2_093706-093946
VLOG[2] (compute-fbank-feats[5.4.131-ff0da]:main():compute-fbank-feats.cc:170) Processed features for key 1502-2_spk_1502_2_093946-094167
VLOG[2] (compute-fbank-feats[5.4.131-ff0da]:main():compute-fbank-feats.cc:170) Processed features for key 1502-2_spk_1502_2_094167-094265
VLOG[2] (compute-fbank-feats[5.4.131-ff0da]:main():compute-fbank-feats.cc:170) Processed features for key 1502-2_spk_1502_2_094265-094395
VLOG[2] (compute-fbank-feats[5.4.131-ff0da]:main():compute-fbank-feats.cc:170) Processed features for key 1502-2_spk_1502_2_094395-094484
VLOG[2] (compute-fbank-feats[5.4.131-ff0da]:main():compute-fbank-feats.cc:170) Processed features for key 1502-2_spk_1502_2_094589-094647
VLOG[2] (compute-fbank-feats[5.4.131-ff0da]:main():compute-fbank-feats.cc:170) Processed features for key 1502-2_spk_1502_2_094676-094834
VLOG[2] (compute-fbank-feats[5.4.131-ff0da]:main():compute-fbank-feats.cc:170) Processed features for key 1502-2_spk_1502_2_094834-094921
LOG (compute-fbank-feats[5.4.131-ff0da]:main():compute-fbank-feats.cc:169) Processed 290 utterances
VLOG[2] (compute-fbank-feats[5.4.131-ff0da]:main():compute-fbank-feats.cc:170) Processed features for key 1502-2_spk_1502_2_094937-095006
VLOG[2] (compute-fbank-feats[5.4.131-ff0da]:main():compute-fbank-feats.cc:170) Processed features for key 1502-2_spk_1502_2_095058-095193
VLOG[2] (compute-fbank-feats[5.4.131-ff0da]:main():compute-fbank-feats.cc:170) Processed features for key 1503-1_spk_1503_1_000000-000392
VLOG[2] (compute-fbank-feats[5.4.131-ff0da]:main():compute-fbank-feats.cc:170) Processed features for key 1503-1_spk_1503_1_000392-000744
VLOG[2] (compute-fbank-feats[5.4.131-ff0da]:main():compute-fbank-feats.cc:170) Processed features for key 1503-1_spk_1503_1_000744-001286
VLOG[2] (compute-fbank-feats[5.4.131-ff0da]:main():compute-fbank-feats.cc:170) Processed features for key 1503-1_spk_1503_1_001286-001996
VLOG[2] (compute-fbank-feats[5.4.131-ff0da]:main():compute-fbank-feats.cc:170) Processed features for key 1503-1_spk_1503_1_001996-002362
VLOG[2] (compute-fbank-feats[5.4.131-ff0da]:main():compute-fbank-feats.cc:170) Processed features for key 1503-1_spk_1503_1_002362-002900
VLOG[2] (compute-fbank-feats[5.4.131-ff0da]:main():compute-fbank-feats.cc:170) Processed features for key 1503-1_spk_1503_1_002900-003397
VLOG[2] (compute-fbank-feats[5.4.131-ff0da]:main():compute-fbank-feats.cc:170) Processed features for key 1503-1_spk_1503_1_003397-003960
LOG (compute-fbank-feats[5.4.131-ff0da]:main():compute-fbank-feats.cc:169) Processed 300 utterances
VLOG[2] (compute-fbank-feats[5.4.131-ff0da]:main():compute-fbank-feats.cc:170) Processed features for key 1503-1_spk_1503_1_004160-004800
VLOG[2] (compute-fbank-feats[5.4.131-ff0da]:main():compute-fbank-feats.cc:170) Processed features for key 1503-1_spk_1503_1_004800-005206
VLOG[2] (compute-kaldi-pitch-feats[5.4.131-ff0da]:main():compute-kaldi-pitch-feats.cc:107) Processed 300 utterances
VLOG[2] (compute-fbank-feats[5.4.131-ff0da]:main():compute-fbank-feats.cc:170) Processed features for key 1503-1_spk_1503_1_005206-005546
VLOG[2] (compute-fbank-feats[5.4.131-ff0da]:main():compute-fbank-feats.cc:170) Processed features for key 1503-1_spk_1503_1_005546-005932
VLOG[2] (compute-fbank-feats[5.4.131-ff0da]:main():compute-fbank-feats.cc:170) Processed features for key 1503-1_spk_1503_1_005932-006484
LOG (extract-segments[5.4.131-ff0da]:main():extract-segments.cc:193) Successfully processed 306 lines out of 306 in the segments file. 
LOG (extract-segments[5.4.131-ff0da]:main():extract-segments.cc:193) Successfully processed 306 lines out of 306 in the segments file. 
VLOG[2] (compute-fbank-feats[5.4.131-ff0da]:main():compute-fbank-feats.cc:170) Processed features for key 1503-1_spk_1503_1_006484-006954
VLOG[2] (compute-fbank-feats[5.4.131-ff0da]:main():compute-fbank-feats.cc:170) Processed features for key 1503-1_spk_1503_1_006954-007102
LOG (compute-fbank-feats[5.4.131-ff0da]:main():compute-fbank-feats.cc:173)  Done 306 out of 306 utterances.
LOG (compute-kaldi-pitch-feats[5.4.131-ff0da]:main():compute-kaldi-pitch-feats.cc:110) Done 306 utterances, 0 with errors.
LOG (process-kaldi-pitch-feats[5.4.131-ff0da]:main():process-kaldi-pitch-feats.cc:85) Post-processed pitch for 306 utterances.
LOG (paste-feats[5.4.131-ff0da]:main():paste-feats.cc:158) Done 306 utts, errors on 0
LOG (copy-feats[5.4.131-ff0da]:main():copy-feats.cc:143) Copied 306 feature matrices.
# Accounting: time=9 threads=1
# Ended (code 0) at Wed Jul 11 12:00:10 HKT 2018, elapsed time 9 seconds
