# asr_recog.py --ngpu 0 --backend pytorch --recog-json smartone_data/smartone_kaldi/split32utt/data.6.json --result-label smartone_data/baseline/decode/data.6.json --model smartone_data/baseline/model.acc.best --model-conf smartone_data/baseline/model.conf --beam-size 20 --penalty 0.0 --maxlenratio 0.0 --minlenratio 0.0 --ctc-weight 0.3 
# Started at Wed Jul 11 13:13:12 HKT 2018
#
2018-07-11 13:13:12,978 (asr_recog:110) INFO: python path = /home/lahiru/Devinstalls/espnet_new/espnet/egs/domain_adaptation_cantonese/asr5/../../../src/lm/:/home/lahiru/Devinstalls/espnet_new/espnet/egs/domain_adaptation_cantonese/asr5/../../../src/asr/:/home/lahiru/Devinstalls/espnet_new/espnet/egs/domain_adaptation_cantonese/asr5/../../../src/nets/:/home/lahiru/Devinstalls/espnet_new/espnet/egs/domain_adaptation_cantonese/asr5/../../../src/utils/:/home/lahiru/Devinstalls/espnet_new/espnet/egs/domain_adaptation_cantonese/asr5/../../../src/bin/:/home/lahiru/Devinstalls/espnet_new/espnet/egs/domain_adaptation_cantonese/asr5/../../../src/lm/:/home/lahiru/Devinstalls/espnet_new/espnet/egs/domain_adaptation_cantonese/asr5/../../../src/asr/:/home/lahiru/Devinstalls/espnet_new/espnet/egs/domain_adaptation_cantonese/asr5/../../../src/nets/:/home/lahiru/Devinstalls/espnet_new/espnet/egs/domain_adaptation_cantonese/asr5/../../../src/utils/:/home/lahiru/Devinstalls/espnet_new/espnet/egs/domain_adaptation_cantonese/asr5/../../../src/bin/:
2018-07-11 13:13:12,978 (asr_recog:115) INFO: set random seed = 1
2018-07-11 13:13:12,978 (asr_recog:118) INFO: backend = pytorch
2018-07-11 13:13:13,517 (asr_pytorch:393) INFO: reading a model config file fromsmartone_data/baseline/model.conf
2018-07-11 13:13:13,534 (asr_pytorch:397) INFO: ARGS: backend: pytorch
2018-07-11 13:13:13,534 (asr_pytorch:397) INFO: ARGS: beam_size: 20
2018-07-11 13:13:13,534 (asr_pytorch:397) INFO: ARGS: ctc_weight: 0.3
2018-07-11 13:13:13,534 (asr_pytorch:397) INFO: ARGS: da: 0
2018-07-11 13:13:13,534 (asr_pytorch:397) INFO: ARGS: daconfig: 3
2018-07-11 13:13:13,534 (asr_pytorch:397) INFO: ARGS: datype: bias
2018-07-11 13:13:13,534 (asr_pytorch:397) INFO: ARGS: debugmode: 1
2018-07-11 13:13:13,534 (asr_pytorch:397) INFO: ARGS: gpu: None
2018-07-11 13:13:13,534 (asr_pytorch:397) INFO: ARGS: lm_weight: 0.1
2018-07-11 13:13:13,534 (asr_pytorch:397) INFO: ARGS: maxlenratio: 0.0
2018-07-11 13:13:13,534 (asr_pytorch:397) INFO: ARGS: minlenratio: 0.0
2018-07-11 13:13:13,535 (asr_pytorch:397) INFO: ARGS: model: smartone_data/baseline/model.acc.best
2018-07-11 13:13:13,535 (asr_pytorch:397) INFO: ARGS: model_conf: smartone_data/baseline/model.conf
2018-07-11 13:13:13,535 (asr_pytorch:397) INFO: ARGS: nbest: 1
2018-07-11 13:13:13,535 (asr_pytorch:397) INFO: ARGS: ngpu: 0
2018-07-11 13:13:13,535 (asr_pytorch:397) INFO: ARGS: penalty: 0.0
2018-07-11 13:13:13,535 (asr_pytorch:397) INFO: ARGS: recog_feat: None
2018-07-11 13:13:13,535 (asr_pytorch:397) INFO: ARGS: recog_json: smartone_data/smartone_kaldi/split32utt/data.6.json
2018-07-11 13:13:13,535 (asr_pytorch:397) INFO: ARGS: recog_label: None
2018-07-11 13:13:13,535 (asr_pytorch:397) INFO: ARGS: result_label: smartone_data/baseline/decode/data.6.json
2018-07-11 13:13:13,535 (asr_pytorch:397) INFO: ARGS: rnnlm: None
2018-07-11 13:13:13,535 (asr_pytorch:397) INFO: ARGS: seed: 1
2018-07-11 13:13:13,535 (asr_pytorch:397) INFO: ARGS: verbose: 1
2018-07-11 13:13:13,535 (asr_pytorch:397) INFO: ARGS: word_dict: None
2018-07-11 13:13:13,535 (asr_pytorch:397) INFO: ARGS: word_rnnlm: None
2018-07-11 13:13:13,535 (asr_pytorch:400) INFO: reading model parameters fromsmartone_data/baseline/model.acc.best
2018-07-11 13:13:13,535 (e2e_asr_attctc_th:184) INFO: subsample: 1 2 2 1 1
2018-07-11 13:13:13,611 (e2e_asr_attctc_th:2317) INFO: BLSTM with every-layer projection for encoder
2018-07-11 13:13:15,838 (e2e_asr_attctc_th:2977) INFO: BLSTMP input lengths: [98]
2018-07-11 13:13:16,094 (e2e_asr_attctc_th:2067) INFO: input lengths: 25
2018-07-11 13:13:16,095 (e2e_asr_attctc_th:2091) INFO: max output length: 25
2018-07-11 13:13:16,095 (e2e_asr_attctc_th:2092) INFO: min output length: 0
2018-07-11 13:13:17,696 (e2e_asr_attctc_th:2199) INFO: end detected at 13
2018-07-11 13:13:17,697 (e2e_asr_attctc_th:2217) INFO: total log probability: -3.68266586214
2018-07-11 13:13:17,697 (e2e_asr_attctc_th:2218) INFO: normalized log probability: -0.526095123163
2018-07-11 13:13:17,698 (asr_pytorch:468) INFO: groundtruth[9_spk_9_018580-018680]: 佬由緘咯<unk>
2018-07-11 13:13:17,699 (asr_pytorch:469) INFO: prediction [9_spk_9_018580-018680]: 你用緊咩撲<eos>
2018-07-11 13:13:17,714 (e2e_asr_attctc_th:2977) INFO: BLSTMP input lengths: [224]
2018-07-11 13:13:18,278 (e2e_asr_attctc_th:2067) INFO: input lengths: 56
2018-07-11 13:13:18,279 (e2e_asr_attctc_th:2091) INFO: max output length: 56
2018-07-11 13:13:18,279 (e2e_asr_attctc_th:2092) INFO: min output length: 0
2018-07-11 13:13:21,245 (e2e_asr_attctc_th:2199) INFO: end detected at 19
2018-07-11 13:13:21,245 (e2e_asr_attctc_th:2217) INFO: total log probability: -10.5818806163
2018-07-11 13:13:21,245 (e2e_asr_attctc_th:2218) INFO: normalized log probability: -0.813990816635
2018-07-11 13:13:21,247 (asr_pytorch:468) INFO: groundtruth[3_spk_3_048535-048761]: 妍枱囤KF嘍誅速幅鄔唪服啯
2018-07-11 13:13:21,247 (asr_pytorch:469) INFO: prediction [3_spk_3_048535-048761]: 有你激教啊通常都唔會啦<eos>
2018-07-11 13:13:21,255 (e2e_asr_attctc_th:2977) INFO: BLSTMP input lengths: [137]
2018-07-11 13:13:21,460 (e2e_asr_attctc_th:2067) INFO: input lengths: 35
2018-07-11 13:13:21,461 (e2e_asr_attctc_th:2091) INFO: max output length: 35
2018-07-11 13:13:21,461 (e2e_asr_attctc_th:2092) INFO: min output length: 0
2018-07-11 13:13:22,903 (e2e_asr_attctc_th:2199) INFO: end detected at 14
2018-07-11 13:13:22,904 (e2e_asr_attctc_th:2217) INFO: total log probability: -8.19851256907
2018-07-11 13:13:22,904 (e2e_asr_attctc_th:2218) INFO: normalized log probability: -0.819851256907
2018-07-11 13:13:22,905 (asr_pytorch:468) INFO: groundtruth[1504-1_spk_1504_1_010156-010295]: 列鐲爛哎妊犬券喔
2018-07-11 13:13:22,905 (asr_pytorch:469) INFO: prediction [1504-1_spk_1504_1_010156-010295]: 三種大話好細嚟咯<eos>
2018-07-11 13:13:22,916 (e2e_asr_attctc_th:2977) INFO: BLSTMP input lengths: [273]
2018-07-11 13:13:23,359 (e2e_asr_attctc_th:2067) INFO: input lengths: 69
2018-07-11 13:13:23,359 (e2e_asr_attctc_th:2091) INFO: max output length: 69
2018-07-11 13:13:23,359 (e2e_asr_attctc_th:2092) INFO: min output length: 0
2018-07-11 13:13:25,235 (e2e_asr_attctc_th:2199) INFO: end detected at 16
2018-07-11 13:13:25,235 (e2e_asr_attctc_th:2217) INFO: total log probability: -7.81821387727
2018-07-11 13:13:25,235 (e2e_asr_attctc_th:2218) INFO: normalized log probability: -0.710746716115
2018-07-11 13:13:25,236 (asr_pytorch:468) INFO: groundtruth[9_spk_9_029132-029407]: 咬倔三桃頃邕倔佑刺
2018-07-11 13:13:25,236 (asr_pytorch:469) INFO: prediction [9_spk_9_029132-029407]: 要嗰一日響邊個位都<eos>
2018-07-11 13:13:25,244 (e2e_asr_attctc_th:2977) INFO: BLSTMP input lengths: [115]
2018-07-11 13:13:25,468 (e2e_asr_attctc_th:2067) INFO: input lengths: 29
2018-07-11 13:13:25,469 (e2e_asr_attctc_th:2091) INFO: max output length: 29
2018-07-11 13:13:25,469 (e2e_asr_attctc_th:2092) INFO: min output length: 0
2018-07-11 13:13:26,329 (e2e_asr_attctc_th:2199) INFO: end detected at 10
2018-07-11 13:13:26,330 (e2e_asr_attctc_th:2217) INFO: total log probability: -1.59204001725
2018-07-11 13:13:26,330 (e2e_asr_attctc_th:2218) INFO: normalized log probability: -0.318408003449
2018-07-11 13:13:26,331 (asr_pytorch:468) INFO: groundtruth[1503-2_spk_1503_2_059877-059994]: 妊昕皅
2018-07-11 13:13:26,331 (asr_pytorch:469) INFO: prediction [1503-2_spk_1503_2_059877-059994]: 好明白<eos>
2018-07-11 13:13:26,339 (e2e_asr_attctc_th:2977) INFO: BLSTMP input lengths: [221]
2018-07-11 13:13:26,664 (e2e_asr_attctc_th:2067) INFO: input lengths: 56
2018-07-11 13:13:26,664 (e2e_asr_attctc_th:2091) INFO: max output length: 56
2018-07-11 13:13:26,664 (e2e_asr_attctc_th:2092) INFO: min output length: 0
2018-07-11 13:13:29,159 (e2e_asr_attctc_th:2199) INFO: end detected at 18
2018-07-11 13:13:29,160 (e2e_asr_attctc_th:2217) INFO: total log probability: -13.4012413323
2018-07-11 13:13:29,160 (e2e_asr_attctc_th:2218) INFO: normalized log probability: -1.11677011102
2018-07-11 13:13:29,161 (asr_pytorch:468) INFO: groundtruth[12_spk_12_041288-041511]: 30300蚧朕36濛
2018-07-11 13:13:29,161 (asr_pytorch:469) INFO: prediction [12_spk_12_041288-041511]: 三十三班啦日都單得六<eos>
2018-07-11 13:13:29,170 (e2e_asr_attctc_th:2977) INFO: BLSTMP input lengths: [432]
2018-07-11 13:13:29,772 (e2e_asr_attctc_th:2067) INFO: input lengths: 108
2018-07-11 13:13:29,773 (e2e_asr_attctc_th:2091) INFO: max output length: 108
2018-07-11 13:13:29,773 (e2e_asr_attctc_th:2092) INFO: min output length: 0
2018-07-11 13:13:33,633 (e2e_asr_attctc_th:2199) INFO: end detected at 25
2018-07-11 13:13:33,634 (e2e_asr_attctc_th:2217) INFO: total log probability: -8.36865871993
2018-07-11 13:13:33,634 (e2e_asr_attctc_th:2218) INFO: normalized log probability: -0.398507558092
2018-07-11 13:13:33,635 (asr_pytorch:468) INFO: groundtruth[1504-1_spk_1504_1_083930-084364]: 俏司件TPER宣刺佬90旬公佬用敖尻SO
2018-07-11 13:13:33,635 (asr_pytorch:469) INFO: prediction [1504-1_spk_1504_1_083930-084364]: 係可以聽定到你走七一來你生下就OK噶啦<eos>
2018-07-11 13:13:33,648 (e2e_asr_attctc_th:2977) INFO: BLSTMP input lengths: [198]
2018-07-11 13:13:34,067 (e2e_asr_attctc_th:2067) INFO: input lengths: 50
2018-07-11 13:13:34,067 (e2e_asr_attctc_th:2091) INFO: max output length: 50
2018-07-11 13:13:34,067 (e2e_asr_attctc_th:2092) INFO: min output length: 0
2018-07-11 13:13:35,709 (e2e_asr_attctc_th:2199) INFO: end detected at 13
2018-07-11 13:13:35,709 (e2e_asr_attctc_th:2217) INFO: total log probability: -2.70131554361
2018-07-11 13:13:35,710 (e2e_asr_attctc_th:2218) INFO: normalized log probability: -0.300146171513
2018-07-11 13:13:35,711 (asr_pytorch:468) INFO: groundtruth[1501-2_spk_1501_2_041645-041845]: 嗷刺尻誅朕咯
2018-07-11 13:13:35,711 (asr_pytorch:469) INFO: prediction [1501-2_spk_1501_2_041645-041845]: 唔到到就話有咩<eos>
2018-07-11 13:13:35,720 (e2e_asr_attctc_th:2977) INFO: BLSTMP input lengths: [181]
2018-07-11 13:13:35,978 (e2e_asr_attctc_th:2067) INFO: input lengths: 46
2018-07-11 13:13:35,979 (e2e_asr_attctc_th:2091) INFO: max output length: 46
2018-07-11 13:13:35,979 (e2e_asr_attctc_th:2092) INFO: min output length: 0
2018-07-11 13:13:37,373 (e2e_asr_attctc_th:2199) INFO: end detected at 13
2018-07-11 13:13:37,374 (e2e_asr_attctc_th:2217) INFO: total log probability: -1.00005428307
2018-07-11 13:13:37,374 (e2e_asr_attctc_th:2218) INFO: normalized log probability: -0.125006785383
2018-07-11 13:13:37,376 (asr_pytorch:468) INFO: groundtruth[3_spk_3_010617-010800]: 俏呈六化㨃啯
2018-07-11 13:13:37,377 (asr_pytorch:469) INFO: prediction [3_spk_3_010617-010800]: 係啊全包噶啦<eos>
2018-07-11 13:13:37,391 (e2e_asr_attctc_th:2977) INFO: BLSTMP input lengths: [129]
2018-07-11 13:13:37,717 (e2e_asr_attctc_th:2067) INFO: input lengths: 33
2018-07-11 13:13:37,718 (e2e_asr_attctc_th:2091) INFO: max output length: 33
2018-07-11 13:13:37,718 (e2e_asr_attctc_th:2092) INFO: min output length: 0
2018-07-11 13:13:39,509 (e2e_asr_attctc_th:2199) INFO: end detected at 14
2018-07-11 13:13:39,509 (e2e_asr_attctc_th:2217) INFO: total log probability: -9.02092088759
2018-07-11 13:13:39,509 (e2e_asr_attctc_th:2218) INFO: normalized log probability: -1.12761511095
2018-07-11 13:13:39,512 (asr_pytorch:468) INFO: groundtruth[1502-1_spk_1502_1_034442-034573]: 嗺戛耗<unk>淮俏愈啞
2018-07-11 13:13:39,513 (asr_pytorch:469) INFO: prediction [1502-1_spk_1502_1_034442-034573]: 鬧一定係咁問<eos>
2018-07-11 13:13:39,530 (e2e_asr_attctc_th:2977) INFO: BLSTMP input lengths: [183]
2018-07-11 13:13:40,054 (e2e_asr_attctc_th:2067) INFO: input lengths: 46
2018-07-11 13:13:40,055 (e2e_asr_attctc_th:2091) INFO: max output length: 46
2018-07-11 13:13:40,055 (e2e_asr_attctc_th:2092) INFO: min output length: 0
2018-07-11 13:13:43,428 (e2e_asr_attctc_th:2199) INFO: end detected at 21
2018-07-11 13:13:43,429 (e2e_asr_attctc_th:2217) INFO: total log probability: -9.31479051523
2018-07-11 13:13:43,429 (e2e_asr_attctc_th:2218) INFO: normalized log probability: -0.582174407202
2018-07-11 13:13:43,430 (asr_pytorch:468) INFO: groundtruth[1502-2_spk_1502_2_065777-065962]: 咋戛尻可佰盾掩叄刺邸叨嘍晏倣
2018-07-11 13:13:43,430 (asr_pytorch:469) INFO: prediction [1502-2_spk_1502_2_065777-065962]: 咁我就叫佢食轉去就算係嗰時候<eos>
2018-07-11 13:13:43,439 (e2e_asr_attctc_th:2977) INFO: BLSTMP input lengths: [198]
2018-07-11 13:13:43,866 (e2e_asr_attctc_th:2067) INFO: input lengths: 50
2018-07-11 13:13:43,867 (e2e_asr_attctc_th:2091) INFO: max output length: 50
2018-07-11 13:13:43,867 (e2e_asr_attctc_th:2092) INFO: min output length: 0
2018-07-11 13:13:46,522 (e2e_asr_attctc_th:2199) INFO: end detected at 21
2018-07-11 13:13:46,523 (e2e_asr_attctc_th:2217) INFO: total log probability: -13.1213801124
2018-07-11 13:13:46,523 (e2e_asr_attctc_th:2218) INFO: normalized log probability: -0.820086257023
2018-07-11 13:13:46,524 (asr_pytorch:468) INFO: groundtruth[1504-1_spk_1504_1_097830-098030]: 姚俏唪俏見NSMR106嗷倔RYQFIV俏咱啖
2018-07-11 13:13:46,524 (asr_pytorch:469) INFO: prediction [1504-1_spk_1504_1_097830-098030]: 啫唔係要追一係六嗰個諗下啊嘛<eos>
2018-07-11 13:13:46,531 (e2e_asr_attctc_th:2977) INFO: BLSTMP input lengths: [26]
2018-07-11 13:13:46,587 (e2e_asr_attctc_th:2067) INFO: input lengths: 7
2018-07-11 13:13:46,588 (e2e_asr_attctc_th:2091) INFO: max output length: 7
2018-07-11 13:13:46,588 (e2e_asr_attctc_th:2092) INFO: min output length: 0
2018-07-11 13:13:46,964 (e2e_asr_attctc_th:2180) INFO: adding <eos> in the last postion in the loop
2018-07-11 13:13:46,965 (e2e_asr_attctc_th:2206) INFO: no hypothesis. Finish decoding.
2018-07-11 13:13:46,965 (e2e_asr_attctc_th:2217) INFO: total log probability: -0.0358931310475
2018-07-11 13:13:46,965 (e2e_asr_attctc_th:2218) INFO: normalized log probability: -0.0119643770158
2018-07-11 13:13:46,966 (asr_pytorch:468) INFO: groundtruth[1501-1_spk_1501_1_076426-076454]: 俏
2018-07-11 13:13:46,966 (asr_pytorch:469) INFO: prediction [1501-1_spk_1501_1_076426-076454]: 係<eos>
2018-07-11 13:13:46,974 (e2e_asr_attctc_th:2977) INFO: BLSTMP input lengths: [101]
2018-07-11 13:13:47,123 (e2e_asr_attctc_th:2067) INFO: input lengths: 26
2018-07-11 13:13:47,124 (e2e_asr_attctc_th:2091) INFO: max output length: 26
2018-07-11 13:13:47,124 (e2e_asr_attctc_th:2092) INFO: min output length: 0
2018-07-11 13:13:48,671 (e2e_asr_attctc_th:2199) INFO: end detected at 17
2018-07-11 13:13:48,672 (e2e_asr_attctc_th:2217) INFO: total log probability: -15.8539867103
2018-07-11 13:13:48,672 (e2e_asr_attctc_th:2218) INFO: normalized log probability: -1.44127151912
2018-07-11 13:13:48,673 (asr_pytorch:468) INFO: groundtruth[9_spk_9_036387-036490]: EYXS
2018-07-11 13:13:48,673 (asr_pytorch:469) INFO: prediction [9_spk_9_036387-036490]: 佢OST有一個月錄<eos>
2018-07-11 13:13:48,681 (e2e_asr_attctc_th:2977) INFO: BLSTMP input lengths: [251]
2018-07-11 13:13:49,058 (e2e_asr_attctc_th:2067) INFO: input lengths: 63
2018-07-11 13:13:49,059 (e2e_asr_attctc_th:2091) INFO: max output length: 63
2018-07-11 13:13:49,059 (e2e_asr_attctc_th:2092) INFO: min output length: 0
2018-07-11 13:13:51,050 (e2e_asr_attctc_th:2199) INFO: end detected at 19
2018-07-11 13:13:51,050 (e2e_asr_attctc_th:2217) INFO: total log probability: -11.5260468274
2018-07-11 13:13:51,050 (e2e_asr_attctc_th:2218) INFO: normalized log probability: -0.886618986726
2018-07-11 13:13:51,051 (asr_pytorch:468) INFO: groundtruth[1501-2_spk_1501_2_048089-048342]: 囹烕冀寫戛叄閊希懵誆鄔旅俊嘍
2018-07-11 13:13:51,051 (asr_pytorch:469) INFO: prediction [1501-2_spk_1501_2_048089-048342]: 因為係我想部似嗰個方麵<eos>
2018-07-11 13:13:51,061 (e2e_asr_attctc_th:2977) INFO: BLSTMP input lengths: [558]
2018-07-11 13:13:51,930 (e2e_asr_attctc_th:2067) INFO: input lengths: 140
2018-07-11 13:13:51,931 (e2e_asr_attctc_th:2091) INFO: max output length: 140
2018-07-11 13:13:51,931 (e2e_asr_attctc_th:2092) INFO: min output length: 0
2018-07-11 13:13:58,665 (e2e_asr_attctc_th:2206) INFO: no hypothesis. Finish decoding.
2018-07-11 13:13:58,665 (e2e_asr_attctc_th:2217) INFO: total log probability: -22.6483562812
2018-07-11 13:13:58,665 (e2e_asr_attctc_th:2218) INFO: normalized log probability: -0.730592138104
2018-07-11 13:13:58,666 (asr_pytorch:468) INFO: groundtruth[1505-1_spk_1505_1_010668-011228]: 囹烕琉晏冀寫戛址WQEVXSRI俏街緘45K綺絨咋倔TPER旨逮庵旅<unk>啯
2018-07-11 13:13:58,666 (asr_pytorch:469) INFO: prediction [1505-1_spk_1505_1_010668-011228]: 因為意時其實我哋十一中意人等你先唔知攞落咁我聽嘅粥到方麵啦<eos>
2018-07-11 13:13:58,674 (e2e_asr_attctc_th:2977) INFO: BLSTMP input lengths: [236]
2018-07-11 13:13:58,991 (e2e_asr_attctc_th:2067) INFO: input lengths: 59
2018-07-11 13:13:58,991 (e2e_asr_attctc_th:2091) INFO: max output length: 59
2018-07-11 13:13:58,991 (e2e_asr_attctc_th:2092) INFO: min output length: 0
2018-07-11 13:14:01,786 (e2e_asr_attctc_th:2206) INFO: no hypothesis. Finish decoding.
2018-07-11 13:14:01,787 (e2e_asr_attctc_th:2217) INFO: total log probability: -6.39517576387
2018-07-11 13:14:01,787 (e2e_asr_attctc_th:2218) INFO: normalized log probability: -0.355287542437
2018-07-11 13:14:01,788 (asr_pytorch:468) INFO: groundtruth[1501-1_spk_1501_1_066437-066675]: 囹烕戛員呯邕趕<unk>桃毯佰員嗷邕嘍啵
2018-07-11 13:14:01,788 (asr_pytorch:469) INFO: prediction [1501-1_spk_1501_1_066437-066675]: 因為我哋呢邊起錶價俾佢哋嗰邊嘅啫<eos>
2018-07-11 13:14:01,804 (e2e_asr_attctc_th:2977) INFO: BLSTMP input lengths: [201]
2018-07-11 13:14:02,192 (e2e_asr_attctc_th:2067) INFO: input lengths: 51
2018-07-11 13:14:02,193 (e2e_asr_attctc_th:2091) INFO: max output length: 51
2018-07-11 13:14:02,193 (e2e_asr_attctc_th:2092) INFO: min output length: 0
2018-07-11 13:14:04,583 (e2e_asr_attctc_th:2199) INFO: end detected at 20
2018-07-11 13:14:04,584 (e2e_asr_attctc_th:2217) INFO: total log probability: -8.20005491609
2018-07-11 13:14:04,584 (e2e_asr_attctc_th:2218) INFO: normalized log probability: -0.512503432255
2018-07-11 13:14:04,585 (asr_pytorch:468) INFO: groundtruth[4_spk_4_028220-028423]: 嗶SO戛金施WIRH三欸倍佬吟月兒用
2018-07-11 13:14:04,586 (asr_pytorch:469) INFO: prediction [4_spk_4_028220-028423]: 然後嘅我仲香生住佢哋就讀先翻<eos>
2018-07-11 13:14:04,597 (e2e_asr_attctc_th:2977) INFO: BLSTMP input lengths: [117]
2018-07-11 13:14:04,858 (e2e_asr_attctc_th:2067) INFO: input lengths: 30
2018-07-11 13:14:04,858 (e2e_asr_attctc_th:2091) INFO: max output length: 30
2018-07-11 13:14:04,858 (e2e_asr_attctc_th:2092) INFO: min output length: 0
2018-07-11 13:14:06,077 (e2e_asr_attctc_th:2199) INFO: end detected at 14
2018-07-11 13:14:06,078 (e2e_asr_attctc_th:2217) INFO: total log probability: -5.41119585186
2018-07-11 13:14:06,078 (e2e_asr_attctc_th:2218) INFO: normalized log probability: -0.676399481483
2018-07-11 13:14:06,079 (asr_pytorch:468) INFO: groundtruth[1502-1_spk_1502_1_024234-024353]: 戛三宣見由俏咱
2018-07-11 13:14:06,079 (asr_pytorch:469) INFO: prediction [1502-1_spk_1502_1_024234-024353]: 或者一定入啊<eos>
2018-07-11 13:14:06,087 (e2e_asr_attctc_th:2977) INFO: BLSTMP input lengths: [77]
2018-07-11 13:14:06,207 (e2e_asr_attctc_th:2067) INFO: input lengths: 20
2018-07-11 13:14:06,207 (e2e_asr_attctc_th:2091) INFO: max output length: 20
2018-07-11 13:14:06,207 (e2e_asr_attctc_th:2092) INFO: min output length: 0
2018-07-11 13:14:07,059 (e2e_asr_attctc_th:2199) INFO: end detected at 11
2018-07-11 13:14:07,060 (e2e_asr_attctc_th:2217) INFO: total log probability: -2.71200596169
2018-07-11 13:14:07,060 (e2e_asr_attctc_th:2218) INFO: normalized log probability: -0.678001490422
2018-07-11 13:14:07,061 (asr_pytorch:468) INFO: groundtruth[1501-2_spk_1501_2_000909-000988]: 俏佬妊
2018-07-11 13:14:07,062 (asr_pytorch:469) INFO: prediction [1501-2_spk_1501_2_000909-000988]: 係咯<eos>
2018-07-11 13:14:07,074 (e2e_asr_attctc_th:2977) INFO: BLSTMP input lengths: [188]
2018-07-11 13:14:07,376 (e2e_asr_attctc_th:2067) INFO: input lengths: 47
2018-07-11 13:14:07,377 (e2e_asr_attctc_th:2091) INFO: max output length: 47
2018-07-11 13:14:07,377 (e2e_asr_attctc_th:2092) INFO: min output length: 0
2018-07-11 13:14:08,293 (e2e_asr_attctc_th:2206) INFO: no hypothesis. Finish decoding.
2018-07-11 13:14:08,294 (e2e_asr_attctc_th:2217) INFO: total log probability: -1.27037556958
2018-07-11 13:14:08,294 (e2e_asr_attctc_th:2218) INFO: normalized log probability: -0.158796946198
2018-07-11 13:14:08,295 (asr_pytorch:468) INFO: groundtruth[1501-1_spk_1501_1_055820-056010]: 俏啯俏啯倔<unk>
2018-07-11 13:14:08,295 (asr_pytorch:469) INFO: prediction [1501-1_spk_1501_1_055820-056010]: 係咯係啦嗰邊<eos>
2018-07-11 13:14:08,304 (e2e_asr_attctc_th:2977) INFO: BLSTMP input lengths: [163]
2018-07-11 13:14:08,611 (e2e_asr_attctc_th:2067) INFO: input lengths: 41
2018-07-11 13:14:08,611 (e2e_asr_attctc_th:2091) INFO: max output length: 41
2018-07-11 13:14:08,612 (e2e_asr_attctc_th:2092) INFO: min output length: 0
2018-07-11 13:14:09,761 (e2e_asr_attctc_th:2199) INFO: end detected at 13
2018-07-11 13:14:09,761 (e2e_asr_attctc_th:2217) INFO: total log probability: -8.11115404963
2018-07-11 13:14:09,761 (e2e_asr_attctc_th:2218) INFO: normalized log probability: -1.35185900827
2018-07-11 13:14:09,762 (asr_pytorch:468) INFO: groundtruth[1501-2_spk_1501_2_057300-057465]: 妊咋
2018-07-11 13:14:09,762 (asr_pytorch:469) INFO: prediction [1501-2_spk_1501_2_057300-057465]: 我咁影響<eos>
2018-07-11 13:14:09,770 (e2e_asr_attctc_th:2977) INFO: BLSTMP input lengths: [198]
2018-07-11 13:14:10,061 (e2e_asr_attctc_th:2067) INFO: input lengths: 50
2018-07-11 13:14:10,062 (e2e_asr_attctc_th:2091) INFO: max output length: 50
2018-07-11 13:14:10,062 (e2e_asr_attctc_th:2092) INFO: min output length: 0
2018-07-11 13:14:11,966 (e2e_asr_attctc_th:2199) INFO: end detected at 16
2018-07-11 13:14:11,966 (e2e_asr_attctc_th:2217) INFO: total log probability: -6.5425857082
2018-07-11 13:14:11,966 (e2e_asr_attctc_th:2218) INFO: normalized log probability: -0.65425857082
2018-07-11 13:14:11,968 (asr_pytorch:468) INFO: groundtruth[1501-2_spk_1501_2_023971-024171]: 仿服朕冀仞儼想㨃
2018-07-11 13:14:11,968 (asr_pytorch:469) INFO: prediction [1501-2_spk_1501_2_023971-024171]: 就會有其他有雲人<eos>
2018-07-11 13:14:11,976 (e2e_asr_attctc_th:2977) INFO: BLSTMP input lengths: [198]
2018-07-11 13:14:12,258 (e2e_asr_attctc_th:2067) INFO: input lengths: 50
2018-07-11 13:14:12,258 (e2e_asr_attctc_th:2091) INFO: max output length: 50
2018-07-11 13:14:12,258 (e2e_asr_attctc_th:2092) INFO: min output length: 0
2018-07-11 13:14:14,514 (e2e_asr_attctc_th:2206) INFO: no hypothesis. Finish decoding.
2018-07-11 13:14:14,515 (e2e_asr_attctc_th:2217) INFO: total log probability: -12.0745336022
2018-07-11 13:14:14,515 (e2e_asr_attctc_th:2218) INFO: normalized log probability: -0.754658350139
2018-07-11 13:14:14,516 (asr_pytorch:468) INFO: groundtruth[1502-2_spk_1502_2_004939-005139]: 咋戛員呈逆哈毯潤用佬倔蚊磋啯
2018-07-11 13:14:14,516 (asr_pytorch:469) INFO: prediction [1502-2_spk_1502_2_004939-005139]: 咁我哋嘅信曬你通餐你個號碼啦<eos>
2018-07-11 13:14:14,532 (e2e_asr_attctc_th:2977) INFO: BLSTMP input lengths: [543]
2018-07-11 13:14:15,677 (e2e_asr_attctc_th:2067) INFO: input lengths: 136
2018-07-11 13:14:15,678 (e2e_asr_attctc_th:2091) INFO: max output length: 136
2018-07-11 13:14:15,679 (e2e_asr_attctc_th:2092) INFO: min output length: 0
2018-07-11 13:14:23,574 (e2e_asr_attctc_th:2199) INFO: end detected at 41
2018-07-11 13:14:23,575 (e2e_asr_attctc_th:2217) INFO: total log probability: -30.9314019531
2018-07-11 13:14:23,575 (e2e_asr_attctc_th:2218) INFO: normalized log probability: -0.9373152107
2018-07-11 13:14:23,576 (asr_pytorch:468) INFO: groundtruth[1503-1_spk_1503_1_071617-072162]: 咋戛址吔井尻服掩後迫佬啯咋尻訢從塊迫呯倔蚊磋62236551呯倔蚊磋毯佰
2018-07-11 13:14:23,576 (asr_pytorch:469) INFO: prediction [1503-1_spk_1503_1_071617-072162]: 咁我你就好似帶翻嚟啦你就覺得我翻呢個號碼六二三六五一你個話俾佢<eos>
2018-07-11 13:14:23,584 (e2e_asr_attctc_th:2977) INFO: BLSTMP input lengths: [259]
2018-07-11 13:14:23,937 (e2e_asr_attctc_th:2067) INFO: input lengths: 65
2018-07-11 13:14:23,938 (e2e_asr_attctc_th:2091) INFO: max output length: 65
2018-07-11 13:14:23,938 (e2e_asr_attctc_th:2092) INFO: min output length: 0
2018-07-11 13:14:26,496 (e2e_asr_attctc_th:2199) INFO: end detected at 19
2018-07-11 13:14:26,496 (e2e_asr_attctc_th:2217) INFO: total log probability: -15.527111873
2018-07-11 13:14:26,496 (e2e_asr_attctc_th:2218) INFO: normalized log probability: -1.1090794195
2018-07-11 13:14:26,498 (asr_pytorch:468) INFO: groundtruth[12_spk_12_026206-026467]: 咋佬頖討嘍誅佬手挖肇旬間
2018-07-11 13:14:26,498 (asr_pytorch:469) INFO: prediction [12_spk_12_026206-026467]: 總係要正熟你所以聽日可能<eos>
2018-07-11 13:14:26,509 (e2e_asr_attctc_th:2977) INFO: BLSTMP input lengths: [94]
2018-07-11 13:14:26,762 (e2e_asr_attctc_th:2067) INFO: input lengths: 24
2018-07-11 13:14:26,762 (e2e_asr_attctc_th:2091) INFO: max output length: 24
2018-07-11 13:14:26,762 (e2e_asr_attctc_th:2092) INFO: min output length: 0
2018-07-11 13:14:27,555 (e2e_asr_attctc_th:2199) INFO: end detected at 8
2018-07-11 13:14:27,555 (e2e_asr_attctc_th:2217) INFO: total log probability: -1.3783518523
2018-07-11 13:14:27,556 (e2e_asr_attctc_th:2218) INFO: normalized log probability: -0.344587963074
2018-07-11 13:14:27,558 (asr_pytorch:468) INFO: groundtruth[1505-2_spk_1505_2_045450-045546]: QF
2018-07-11 13:14:27,558 (asr_pytorch:469) INFO: prediction [1505-2_spk_1505_2_045450-045546]: 我點<eos>
2018-07-11 13:14:27,573 (e2e_asr_attctc_th:2977) INFO: BLSTMP input lengths: [178]
2018-07-11 13:14:28,031 (e2e_asr_attctc_th:2067) INFO: input lengths: 45
2018-07-11 13:14:28,032 (e2e_asr_attctc_th:2091) INFO: max output length: 45
2018-07-11 13:14:28,032 (e2e_asr_attctc_th:2092) INFO: min output length: 0
2018-07-11 13:14:30,519 (e2e_asr_attctc_th:2199) INFO: end detected at 18
2018-07-11 13:14:30,520 (e2e_asr_attctc_th:2217) INFO: total log probability: -7.24683311395
2018-07-11 13:14:30,520 (e2e_asr_attctc_th:2218) INFO: normalized log probability: -0.557448701073
2018-07-11 13:14:30,522 (asr_pytorch:468) INFO: groundtruth[1502-2_spk_1502_2_001864-002044]: 俏呈戛尻聶絨唪刺佬手件
2018-07-11 13:14:30,522 (asr_pytorch:469) INFO: prediction [1502-2_spk_1502_2_001864-002044]: 係啊我就連後唔等你齣嚟<eos>
2018-07-11 13:14:30,537 (e2e_asr_attctc_th:2977) INFO: BLSTMP input lengths: [24]
2018-07-11 13:14:30,620 (e2e_asr_attctc_th:2067) INFO: input lengths: 6
2018-07-11 13:14:30,621 (e2e_asr_attctc_th:2091) INFO: max output length: 6
2018-07-11 13:14:30,621 (e2e_asr_attctc_th:2092) INFO: min output length: 0
2018-07-11 13:14:30,993 (e2e_asr_attctc_th:2180) INFO: adding <eos> in the last postion in the loop
2018-07-11 13:14:30,994 (e2e_asr_attctc_th:2206) INFO: no hypothesis. Finish decoding.
2018-07-11 13:14:30,995 (e2e_asr_attctc_th:2217) INFO: total log probability: -0.0128840778489
2018-07-11 13:14:30,995 (e2e_asr_attctc_th:2218) INFO: normalized log probability: -0.00429469261629
2018-07-11 13:14:30,996 (asr_pytorch:468) INFO: groundtruth[1502-2_spk_1502_2_037222-037248]: 嗶
2018-07-11 13:14:30,996 (asr_pytorch:469) INFO: prediction [1502-2_spk_1502_2_037222-037248]: 嗯<eos>
2018-07-11 13:14:31,011 (e2e_asr_attctc_th:2977) INFO: BLSTMP input lengths: [314]
2018-07-11 13:14:31,678 (e2e_asr_attctc_th:2067) INFO: input lengths: 79
2018-07-11 13:14:31,678 (e2e_asr_attctc_th:2091) INFO: max output length: 79
2018-07-11 13:14:31,678 (e2e_asr_attctc_th:2092) INFO: min output length: 0
2018-07-11 13:14:34,125 (e2e_asr_attctc_th:2206) INFO: no hypothesis. Finish decoding.
2018-07-11 13:14:34,126 (e2e_asr_attctc_th:2217) INFO: total log probability: -2.47265876643
2018-07-11 13:14:34,126 (e2e_asr_attctc_th:2218) INFO: normalized log probability: -0.176618483317
2018-07-11 13:14:34,126 (asr_pytorch:468) INFO: groundtruth[12_spk_12_024021-024337]: 咋戛尻愈<unk>言夥啼吔埗呯
2018-07-11 13:14:34,126 (asr_pytorch:469) INFO: prediction [12_spk_12_024021-024337]: 哦咁我就想瞭解多啲同埋呢<eos>
2018-07-11 13:14:34,134 (e2e_asr_attctc_th:2977) INFO: BLSTMP input lengths: [166]
2018-07-11 13:14:34,377 (e2e_asr_attctc_th:2067) INFO: input lengths: 42
2018-07-11 13:14:34,377 (e2e_asr_attctc_th:2091) INFO: max output length: 42
2018-07-11 13:14:34,378 (e2e_asr_attctc_th:2092) INFO: min output length: 0
2018-07-11 13:14:35,835 (e2e_asr_attctc_th:2199) INFO: end detected at 16
2018-07-11 13:14:35,835 (e2e_asr_attctc_th:2217) INFO: total log probability: -5.16460813954
2018-07-11 13:14:35,835 (e2e_asr_attctc_th:2218) INFO: normalized log probability: -0.516460813954
2018-07-11 13:14:35,836 (asr_pytorch:468) INFO: groundtruth[1503-1_spk_1503_1_031450-031618]: 住俏戛址兲各尻唪俏旨
2018-07-11 13:14:35,836 (asr_pytorch:469) INFO: prediction [1503-1_spk_1503_1_031450-031618]: 但我哋好似男仔嘅<eos>
2018-07-11 13:14:35,845 (e2e_asr_attctc_th:2977) INFO: BLSTMP input lengths: [433]
2018-07-11 13:14:36,432 (e2e_asr_attctc_th:2067) INFO: input lengths: 109
2018-07-11 13:14:36,432 (e2e_asr_attctc_th:2091) INFO: max output length: 109
2018-07-11 13:14:36,432 (e2e_asr_attctc_th:2092) INFO: min output length: 0
2018-07-11 13:14:41,528 (e2e_asr_attctc_th:2206) INFO: no hypothesis. Finish decoding.
2018-07-11 13:14:41,529 (e2e_asr_attctc_th:2217) INFO: total log probability: -20.7945347233
2018-07-11 13:14:41,529 (e2e_asr_attctc_th:2218) INFO: normalized log probability: -0.831781388931
2018-07-11 13:14:41,532 (asr_pytorch:468) INFO: groundtruth[1505-1_spk_1505_1_096378-096813]: 吔井服倍倔<unk>紋佬跨何呯辯宙扔纔乒得服倍彈WMQ危佬旨
2018-07-11 13:14:41,532 (asr_pytorch:469) INFO: prediction [1505-1_spk_1505_1_096378-096813]: 同事會俾國閤約你跟著呢晚手續之後會俾張錢卡你嘅<eos>
2018-07-11 13:14:41,550 (e2e_asr_attctc_th:2977) INFO: BLSTMP input lengths: [226]
2018-07-11 13:14:42,031 (e2e_asr_attctc_th:2067) INFO: input lengths: 57
2018-07-11 13:14:42,032 (e2e_asr_attctc_th:2091) INFO: max output length: 57
2018-07-11 13:14:42,032 (e2e_asr_attctc_th:2092) INFO: min output length: 0
2018-07-11 13:14:43,714 (e2e_asr_attctc_th:2199) INFO: end detected at 16
2018-07-11 13:14:43,714 (e2e_asr_attctc_th:2217) INFO: total log probability: -3.70410698652
2018-07-11 13:14:43,714 (e2e_asr_attctc_th:2218) INFO: normalized log probability: -0.30867558221
2018-07-11 13:14:43,715 (asr_pytorch:468) INFO: groundtruth[1502-1_spk_1502_1_087308-087536]: 俏啯咋戛懵誆見黴側呯
2018-07-11 13:14:43,715 (asr_pytorch:469) INFO: prediction [1502-1_spk_1502_1_087308-087536]: 係啦咁我應該要接到嘞<eos>
2018-07-11 13:14:43,723 (e2e_asr_attctc_th:2977) INFO: BLSTMP input lengths: [122]
2018-07-11 13:14:43,909 (e2e_asr_attctc_th:2067) INFO: input lengths: 31
2018-07-11 13:14:43,909 (e2e_asr_attctc_th:2091) INFO: max output length: 31
2018-07-11 13:14:43,909 (e2e_asr_attctc_th:2092) INFO: min output length: 0
2018-07-11 13:14:44,867 (e2e_asr_attctc_th:2199) INFO: end detected at 12
2018-07-11 13:14:44,868 (e2e_asr_attctc_th:2217) INFO: total log probability: -5.77865527198
2018-07-11 13:14:44,868 (e2e_asr_attctc_th:2218) INFO: normalized log probability: -0.825522181711
2018-07-11 13:14:44,869 (asr_pytorch:468) INFO: groundtruth[1504-2_spk_1504_2_057134-057258]: 飪緣朕冏啖
2018-07-11 13:14:44,869 (asr_pytorch:469) INFO: prediction [1504-2_spk_1504_2_057134-057258]: 你原人冇啊<eos>
2018-07-11 13:14:44,877 (e2e_asr_attctc_th:2977) INFO: BLSTMP input lengths: [97]
2018-07-11 13:14:45,024 (e2e_asr_attctc_th:2067) INFO: input lengths: 25
2018-07-11 13:14:45,025 (e2e_asr_attctc_th:2091) INFO: max output length: 25
2018-07-11 13:14:45,025 (e2e_asr_attctc_th:2092) INFO: min output length: 0
2018-07-11 13:14:46,157 (e2e_asr_attctc_th:2199) INFO: end detected at 15
2018-07-11 13:14:46,157 (e2e_asr_attctc_th:2217) INFO: total log probability: -6.1785198804
2018-07-11 13:14:46,157 (e2e_asr_attctc_th:2218) INFO: normalized log probability: -0.77231498505
2018-07-11 13:14:46,158 (asr_pytorch:468) INFO: groundtruth[1502-2_spk_1502_2_003672-003771]: 倔討劉尻兵KF
2018-07-11 13:14:46,158 (asr_pytorch:469) INFO: prediction [1502-2_spk_1502_2_003672-003771]: 個計埋酒咯勁<eos>
2018-07-11 13:14:46,167 (e2e_asr_attctc_th:2977) INFO: BLSTMP input lengths: [315]
2018-07-11 13:14:46,594 (e2e_asr_attctc_th:2067) INFO: input lengths: 79
2018-07-11 13:14:46,595 (e2e_asr_attctc_th:2091) INFO: max output length: 79
2018-07-11 13:14:46,595 (e2e_asr_attctc_th:2092) INFO: min output length: 0
2018-07-11 13:14:49,779 (e2e_asr_attctc_th:2199) INFO: end detected at 26
2018-07-11 13:14:49,780 (e2e_asr_attctc_th:2217) INFO: total log probability: -24.3449580371
2018-07-11 13:14:49,780 (e2e_asr_attctc_th:2218) INFO: normalized log probability: -1.21724790186
2018-07-11 13:14:49,781 (asr_pytorch:468) INFO: groundtruth[12_spk_12_000000-000317]: 佬妊WQEVXSRI呯邕姥楚諛啞朕乳司件幹刺佬
2018-07-11 13:14:49,781 (asr_pytorch:469) INFO: prediction [12_spk_12_000000-000317]: <SPK/>我心心情啲唔正贏聽咪諗下可以講到嚟<eos>
2018-07-11 13:14:49,789 (e2e_asr_attctc_th:2977) INFO: BLSTMP input lengths: [367]
2018-07-11 13:14:50,305 (e2e_asr_attctc_th:2067) INFO: input lengths: 92
2018-07-11 13:14:50,305 (e2e_asr_attctc_th:2091) INFO: max output length: 92
2018-07-11 13:14:50,305 (e2e_asr_attctc_th:2092) INFO: min output length: 0
2018-07-11 13:14:53,027 (e2e_asr_attctc_th:2199) INFO: end detected at 22
2018-07-11 13:14:53,027 (e2e_asr_attctc_th:2217) INFO: total log probability: -17.0504768081
2018-07-11 13:14:53,027 (e2e_asr_attctc_th:2218) INFO: normalized log probability: -1.06565480051
2018-07-11 13:14:53,028 (asr_pytorch:468) INFO: groundtruth[12_spk_12_016763-017132]: 哭佬嘍蚊磋92218135
2018-07-11 13:14:53,028 (asr_pytorch:469) INFO: prediction [12_spk_12_016763-017132]: 上年呢後晚未九月二一達一三啊<eos>
2018-07-11 13:14:53,036 (e2e_asr_attctc_th:2977) INFO: BLSTMP input lengths: [90]
2018-07-11 13:14:53,192 (e2e_asr_attctc_th:2067) INFO: input lengths: 23
2018-07-11 13:14:53,192 (e2e_asr_attctc_th:2091) INFO: max output length: 23
2018-07-11 13:14:53,192 (e2e_asr_attctc_th:2092) INFO: min output length: 0
2018-07-11 13:14:54,105 (e2e_asr_attctc_th:2199) INFO: end detected at 12
2018-07-11 13:14:54,105 (e2e_asr_attctc_th:2217) INFO: total log probability: -4.54888040572
2018-07-11 13:14:54,105 (e2e_asr_attctc_th:2218) INFO: normalized log probability: -0.649840057961
2018-07-11 13:14:54,106 (asr_pytorch:468) INFO: groundtruth[1502-2_spk_1502_2_001538-001630]: 詭道扚毯佬
2018-07-11 13:14:54,106 (asr_pytorch:469) INFO: prediction [1502-2_spk_1502_2_001538-001630]: 試過打咩你<eos>
2018-07-11 13:14:54,114 (e2e_asr_attctc_th:2977) INFO: BLSTMP input lengths: [198]
2018-07-11 13:14:54,440 (e2e_asr_attctc_th:2067) INFO: input lengths: 50
2018-07-11 13:14:54,441 (e2e_asr_attctc_th:2091) INFO: max output length: 50
2018-07-11 13:14:54,441 (e2e_asr_attctc_th:2092) INFO: min output length: 0
2018-07-11 13:14:55,718 (e2e_asr_attctc_th:2199) INFO: end detected at 13
2018-07-11 13:14:55,718 (e2e_asr_attctc_th:2217) INFO: total log probability: -4.60719057964
2018-07-11 13:14:55,718 (e2e_asr_attctc_th:2218) INFO: normalized log probability: -0.511910064405
2018-07-11 13:14:55,719 (asr_pytorch:468) INFO: groundtruth[1505-2_spk_1505_2_043500-043700]: 俏桂擢佰邕三倔
2018-07-11 13:14:55,720 (asr_pytorch:469) INFO: prediction [1505-2_spk_1505_2_043500-043700]: 係跟著佢邊一個<eos>
2018-07-11 13:14:55,727 (e2e_asr_attctc_th:2977) INFO: BLSTMP input lengths: [90]
2018-07-11 13:14:55,876 (e2e_asr_attctc_th:2067) INFO: input lengths: 23
2018-07-11 13:14:55,876 (e2e_asr_attctc_th:2091) INFO: max output length: 23
2018-07-11 13:14:55,876 (e2e_asr_attctc_th:2092) INFO: min output length: 0
2018-07-11 13:14:56,654 (e2e_asr_attctc_th:2199) INFO: end detected at 11
2018-07-11 13:14:56,654 (e2e_asr_attctc_th:2217) INFO: total log probability: -2.07668126747
2018-07-11 13:14:56,654 (e2e_asr_attctc_th:2218) INFO: normalized log probability: -0.346113544578
2018-07-11 13:14:56,655 (asr_pytorch:468) INFO: groundtruth[1501-1_spk_1501_1_026782-026874]: 妊而寫謬
2018-07-11 13:14:56,655 (asr_pytorch:469) INFO: prediction [1501-1_spk_1501_1_026782-026874]: 好多實講<eos>
2018-07-11 13:14:56,662 (e2e_asr_attctc_th:2977) INFO: BLSTMP input lengths: [40]
2018-07-11 13:14:56,753 (e2e_asr_attctc_th:2067) INFO: input lengths: 10
2018-07-11 13:14:56,753 (e2e_asr_attctc_th:2091) INFO: max output length: 10
2018-07-11 13:14:56,753 (e2e_asr_attctc_th:2092) INFO: min output length: 0
2018-07-11 13:14:57,130 (e2e_asr_attctc_th:2199) INFO: end detected at 7
2018-07-11 13:14:57,131 (e2e_asr_attctc_th:2217) INFO: total log probability: -0.0141600894276
2018-07-11 13:14:57,131 (e2e_asr_attctc_th:2218) INFO: normalized log probability: -0.0047200298092
2018-07-11 13:14:57,133 (asr_pytorch:468) INFO: groundtruth[1501-1_spk_1501_1_031630-031672]: 嗶
2018-07-11 13:14:57,133 (asr_pytorch:469) INFO: prediction [1501-1_spk_1501_1_031630-031672]: 嗯<eos>
2018-07-11 13:14:57,141 (e2e_asr_attctc_th:2977) INFO: BLSTMP input lengths: [164]
2018-07-11 13:14:57,378 (e2e_asr_attctc_th:2067) INFO: input lengths: 41
2018-07-11 13:14:57,378 (e2e_asr_attctc_th:2091) INFO: max output length: 41
2018-07-11 13:14:57,379 (e2e_asr_attctc_th:2092) INFO: min output length: 0
2018-07-11 13:14:58,914 (e2e_asr_attctc_th:2206) INFO: no hypothesis. Finish decoding.
2018-07-11 13:14:58,915 (e2e_asr_attctc_th:2217) INFO: total log probability: -2.50361151015
2018-07-11 13:14:58,915 (e2e_asr_attctc_th:2218) INFO: normalized log probability: -0.178829393582
2018-07-11 13:14:58,916 (asr_pytorch:468) INFO: groundtruth[1502-2_spk_1502_2_014038-014205]: 妍枱佬眯俏唪天由嘍惕泌丕
2018-07-11 13:14:58,916 (asr_pytorch:469) INFO: prediction [1502-2_spk_1502_2_014038-014205]: 如果你真係唔夠用嘅情況下<eos>
2018-07-11 13:14:58,925 (e2e_asr_attctc_th:2977) INFO: BLSTMP input lengths: [418]
2018-07-11 13:14:59,497 (e2e_asr_attctc_th:2067) INFO: input lengths: 105
2018-07-11 13:14:59,497 (e2e_asr_attctc_th:2091) INFO: max output length: 105
2018-07-11 13:14:59,498 (e2e_asr_attctc_th:2092) INFO: min output length: 0
2018-07-11 13:15:03,001 (e2e_asr_attctc_th:2206) INFO: no hypothesis. Finish decoding.
2018-07-11 13:15:03,001 (e2e_asr_attctc_th:2217) INFO: total log probability: -6.9727329422
2018-07-11 13:15:03,002 (e2e_asr_attctc_th:2218) INFO: normalized log probability: -0.290530539258
2018-07-11 13:15:03,002 (asr_pytorch:468) INFO: groundtruth[4_spk_4_070744-071164]: 跨何䦕刺八叄診宣乒得啯服朕倔冀仞戡耐曼夥綺絨
2018-07-11 13:15:03,002 (asr_pytorch:469) INFO: prediction [4_spk_4_070744-071164]: 跟著咁早有個設定之後呢會有個其他或者更多網絡<eos>
2018-07-11 13:15:03,010 (e2e_asr_attctc_th:2977) INFO: BLSTMP input lengths: [198]
2018-07-11 13:15:03,307 (e2e_asr_attctc_th:2067) INFO: input lengths: 50
2018-07-11 13:15:03,308 (e2e_asr_attctc_th:2091) INFO: max output length: 50
2018-07-11 13:15:03,308 (e2e_asr_attctc_th:2092) INFO: min output length: 0
2018-07-11 13:15:05,026 (e2e_asr_attctc_th:2206) INFO: no hypothesis. Finish decoding.
2018-07-11 13:15:05,026 (e2e_asr_attctc_th:2217) INFO: total log probability: -7.94941432774
2018-07-11 13:15:05,026 (e2e_asr_attctc_th:2218) INFO: normalized log probability: -0.611493409826
2018-07-11 13:15:05,027 (asr_pytorch:468) INFO: groundtruth[1501-1_spk_1501_1_032027-032227]: 佬舔<unk>嗷邕巾綪刺咩未㨃嘢
2018-07-11 13:15:05,027 (asr_pytorch:469) INFO: prediction [1501-1_spk_1501_1_032027-032227]: 你舊颱都便已經倒劇噶嘛<eos>
2018-07-11 13:15:05,039 (e2e_asr_attctc_th:2977) INFO: BLSTMP input lengths: [222]
2018-07-11 13:15:05,369 (e2e_asr_attctc_th:2067) INFO: input lengths: 56
2018-07-11 13:15:05,369 (e2e_asr_attctc_th:2091) INFO: max output length: 56
2018-07-11 13:15:05,369 (e2e_asr_attctc_th:2092) INFO: min output length: 0
2018-07-11 13:15:07,227 (e2e_asr_attctc_th:2199) INFO: end detected at 16
2018-07-11 13:15:07,227 (e2e_asr_attctc_th:2217) INFO: total log probability: -6.63847753778
2018-07-11 13:15:07,227 (e2e_asr_attctc_th:2218) INFO: normalized log probability: -0.553206461482
2018-07-11 13:15:07,228 (asr_pytorch:468) INFO: groundtruth[1505-1_spk_1505_1_050440-050664]: 俏手件戛兒誅冀寫尖姚
2018-07-11 13:15:07,228 (asr_pytorch:469) INFO: prediction [1505-1_spk_1505_1_050440-050664]: 係所以我先話請你識得<eos>
2018-07-11 13:15:07,236 (e2e_asr_attctc_th:2977) INFO: BLSTMP input lengths: [29]
2018-07-11 13:15:07,310 (e2e_asr_attctc_th:2067) INFO: input lengths: 8
2018-07-11 13:15:07,311 (e2e_asr_attctc_th:2091) INFO: max output length: 8
2018-07-11 13:15:07,311 (e2e_asr_attctc_th:2092) INFO: min output length: 0
2018-07-11 13:15:07,714 (e2e_asr_attctc_th:2180) INFO: adding <eos> in the last postion in the loop
2018-07-11 13:15:07,714 (e2e_asr_attctc_th:2199) INFO: end detected at 7
2018-07-11 13:15:07,714 (e2e_asr_attctc_th:2217) INFO: total log probability: -0.0293354904279
2018-07-11 13:15:07,715 (e2e_asr_attctc_th:2218) INFO: normalized log probability: -0.0097784968093
2018-07-11 13:15:07,715 (asr_pytorch:468) INFO: groundtruth[1501-1_spk_1501_1_089649-089680]: 從
2018-07-11 13:15:07,716 (asr_pytorch:469) INFO: prediction [1501-1_spk_1501_1_089649-089680]: 得<eos>
2018-07-11 13:15:07,723 (e2e_asr_attctc_th:2977) INFO: BLSTMP input lengths: [178]
2018-07-11 13:15:07,990 (e2e_asr_attctc_th:2067) INFO: input lengths: 45
2018-07-11 13:15:07,991 (e2e_asr_attctc_th:2091) INFO: max output length: 45
2018-07-11 13:15:07,991 (e2e_asr_attctc_th:2092) INFO: min output length: 0
2018-07-11 13:15:09,264 (e2e_asr_attctc_th:2199) INFO: end detected at 13
2018-07-11 13:15:09,265 (e2e_asr_attctc_th:2217) INFO: total log probability: -6.01962628961
2018-07-11 13:15:09,265 (e2e_asr_attctc_th:2218) INFO: normalized log probability: -0.859946612801
2018-07-11 13:15:09,266 (asr_pytorch:468) INFO: groundtruth[9_spk_9_051110-051290]: 俏八咩叄
2018-07-11 13:15:09,266 (asr_pytorch:469) INFO: prediction [9_spk_9_051110-051290]: 係然後所以<eos>
2018-07-11 13:15:09,275 (e2e_asr_attctc_th:2977) INFO: BLSTMP input lengths: [327]
2018-07-11 13:15:09,755 (e2e_asr_attctc_th:2067) INFO: input lengths: 82
2018-07-11 13:15:09,755 (e2e_asr_attctc_th:2091) INFO: max output length: 82
2018-07-11 13:15:09,756 (e2e_asr_attctc_th:2092) INFO: min output length: 0
2018-07-11 13:15:15,440 (e2e_asr_attctc_th:2199) INFO: end detected at 30
2018-07-11 13:15:15,441 (e2e_asr_attctc_th:2217) INFO: total log probability: -24.9103430733
2018-07-11 13:15:15,441 (e2e_asr_attctc_th:2218) INFO: normalized log probability: -0.996413722932
2018-07-11 13:15:15,444 (asr_pytorch:468) INFO: groundtruth[1503-1_spk_1503_1_098646-098975]: 訢從唪妊扚侏霆風祈呯倔囹烕呯倔俏繆緣黒柎妊雲摁刺戛柎
2018-07-11 13:15:15,445 (asr_pytorch:469) INFO: prediction [1503-1_spk_1503_1_098646-098975]: 其實我打麻自己你講就話呢啲係咁事你好男人都我噶<eos>
2018-07-11 13:15:15,461 (e2e_asr_attctc_th:2977) INFO: BLSTMP input lengths: [319]
2018-07-11 13:15:16,168 (e2e_asr_attctc_th:2067) INFO: input lengths: 80
2018-07-11 13:15:16,169 (e2e_asr_attctc_th:2091) INFO: max output length: 80
2018-07-11 13:15:16,169 (e2e_asr_attctc_th:2092) INFO: min output length: 0
2018-07-11 13:15:21,345 (e2e_asr_attctc_th:2199) INFO: end detected at 28
2018-07-11 13:15:21,346 (e2e_asr_attctc_th:2217) INFO: total log probability: -6.46618254017
2018-07-11 13:15:21,346 (e2e_asr_attctc_th:2218) INFO: normalized log probability: -0.281138371312
2018-07-11 13:15:21,348 (asr_pytorch:468) INFO: groundtruth[12_spk_12_057507-057828]: 夭隊霆誅倍佰住俏佰妊位冏扚霆誅倍戛
2018-07-11 13:15:21,349 (asr_pytorch:469) INFO: prediction [12_spk_12_057507-057828]: 即係因為大陸電話俾佢但係佢好似冇打電話俾我<eos>
2018-07-11 13:15:21,365 (e2e_asr_attctc_th:2977) INFO: BLSTMP input lengths: [105]
2018-07-11 13:15:21,700 (e2e_asr_attctc_th:2067) INFO: input lengths: 27
2018-07-11 13:15:21,701 (e2e_asr_attctc_th:2091) INFO: max output length: 27
2018-07-11 13:15:21,701 (e2e_asr_attctc_th:2092) INFO: min output length: 0
2018-07-11 13:15:22,419 (e2e_asr_attctc_th:2199) INFO: end detected at 9
2018-07-11 13:15:22,419 (e2e_asr_attctc_th:2217) INFO: total log probability: -0.285348822363
2018-07-11 13:15:22,419 (e2e_asr_attctc_th:2218) INFO: normalized log probability: -0.0570697644725
2018-07-11 13:15:22,420 (asr_pytorch:468) INFO: groundtruth[1502-2_spk_1502_2_010454-010561]: 唪天由
2018-07-11 13:15:22,420 (asr_pytorch:469) INFO: prediction [1502-2_spk_1502_2_010454-010561]: 唔夠用<eos>
2018-07-11 13:15:22,428 (e2e_asr_attctc_th:2977) INFO: BLSTMP input lengths: [75]
2018-07-11 13:15:22,542 (e2e_asr_attctc_th:2067) INFO: input lengths: 19
2018-07-11 13:15:22,543 (e2e_asr_attctc_th:2091) INFO: max output length: 19
2018-07-11 13:15:22,543 (e2e_asr_attctc_th:2092) INFO: min output length: 0
2018-07-11 13:15:23,292 (e2e_asr_attctc_th:2199) INFO: end detected at 10
2018-07-11 13:15:23,292 (e2e_asr_attctc_th:2217) INFO: total log probability: -1.4287352236
2018-07-11 13:15:23,292 (e2e_asr_attctc_th:2218) INFO: normalized log probability: -0.3571838059
2018-07-11 13:15:23,294 (asr_pytorch:468) INFO: groundtruth[1501-1_spk_1501_1_039438-039515]: 夭域
2018-07-11 13:15:23,295 (asr_pytorch:469) INFO: prediction [1501-1_spk_1501_1_039438-039515]: 大個<eos>
2018-07-11 13:15:23,306 (e2e_asr_attctc_th:2977) INFO: BLSTMP input lengths: [31]
2018-07-11 13:15:23,398 (e2e_asr_attctc_th:2067) INFO: input lengths: 8
2018-07-11 13:15:23,398 (e2e_asr_attctc_th:2091) INFO: max output length: 8
2018-07-11 13:15:23,399 (e2e_asr_attctc_th:2092) INFO: min output length: 0
2018-07-11 13:15:24,097 (e2e_asr_attctc_th:2180) INFO: adding <eos> in the last postion in the loop
2018-07-11 13:15:24,097 (e2e_asr_attctc_th:2206) INFO: no hypothesis. Finish decoding.
2018-07-11 13:15:24,098 (e2e_asr_attctc_th:2217) INFO: total log probability: -0.122573127854
2018-07-11 13:15:24,098 (e2e_asr_attctc_th:2218) INFO: normalized log probability: -0.0306432819634
2018-07-11 13:15:24,099 (asr_pytorch:468) INFO: groundtruth[1502-2_spk_1502_2_013603-013636]: 俏啯
2018-07-11 13:15:24,099 (asr_pytorch:469) INFO: prediction [1502-2_spk_1502_2_013603-013636]: 係啦<eos>
2018-07-11 13:15:24,108 (e2e_asr_attctc_th:2977) INFO: BLSTMP input lengths: [472]
2018-07-11 13:15:24,968 (e2e_asr_attctc_th:2067) INFO: input lengths: 118
2018-07-11 13:15:24,968 (e2e_asr_attctc_th:2091) INFO: max output length: 118
2018-07-11 13:15:24,969 (e2e_asr_attctc_th:2092) INFO: min output length: 0
2018-07-11 13:15:29,756 (e2e_asr_attctc_th:2199) INFO: end detected at 26
2018-07-11 13:15:29,756 (e2e_asr_attctc_th:2217) INFO: total log probability: -16.6925486885
2018-07-11 13:15:29,756 (e2e_asr_attctc_th:2218) INFO: normalized log probability: -0.834627434425
2018-07-11 13:15:29,758 (asr_pytorch:468) INFO: groundtruth[1504-2_spk_1504_2_070102-070576]: 咋戛朕三倔俏44480序旨咋戛反冏乳手謔
2018-07-11 13:15:29,758 (asr_pytorch:469) INFO: prediction [1504-2_spk_1504_2_070102-070576]: 咁我有一個係四你四百八十幾嘅喎唔好想<eos>
2018-07-11 13:15:29,768 (e2e_asr_attctc_th:2977) INFO: BLSTMP input lengths: [403]
2018-07-11 13:15:30,484 (e2e_asr_attctc_th:2067) INFO: input lengths: 101
2018-07-11 13:15:30,484 (e2e_asr_attctc_th:2091) INFO: max output length: 101
2018-07-11 13:15:30,484 (e2e_asr_attctc_th:2092) INFO: min output length: 0
2018-07-11 13:15:36,475 (e2e_asr_attctc_th:2199) INFO: end detected at 36
2018-07-11 13:15:36,475 (e2e_asr_attctc_th:2217) INFO: total log probability: -33.0962384208
2018-07-11 13:15:36,475 (e2e_asr_attctc_th:2218) INFO: normalized log probability: -1.18200851503
2018-07-11 13:15:36,478 (asr_pytorch:468) INFO: groundtruth[9_spk_9_065408-065813]: 住囹烕妍枱佬司脇誅且唪刺綺旅<unk>倔啼啞顔見怪何YVKIRX見由
2018-07-11 13:15:36,479 (asr_pytorch:469) INFO: prediction [9_spk_9_065408-065813]: 打埋如果明越可能話上唔到網軍麵嗰啲問題嘅急少咯就點樣<eos>
2018-07-11 13:15:36,493 (e2e_asr_attctc_th:2977) INFO: BLSTMP input lengths: [302]
2018-07-11 13:15:37,199 (e2e_asr_attctc_th:2067) INFO: input lengths: 76
2018-07-11 13:15:37,199 (e2e_asr_attctc_th:2091) INFO: max output length: 76
2018-07-11 13:15:37,199 (e2e_asr_attctc_th:2092) INFO: min output length: 0
2018-07-11 13:15:41,116 (e2e_asr_attctc_th:2199) INFO: end detected at 26
2018-07-11 13:15:41,117 (e2e_asr_attctc_th:2217) INFO: total log probability: -10.7556712516
2018-07-11 13:15:41,117 (e2e_asr_attctc_th:2218) INFO: normalized log probability: -0.512174821503
2018-07-11 13:15:41,118 (asr_pytorch:468) INFO: groundtruth[1504-1_spk_1504_1_037010-037314]: 住俏妊而寫謬迫吟冀寫戛刺側斌磋速鄔朕兮丐幻
2018-07-11 13:15:41,119 (asr_pytorch:469) INFO: prediction [1504-1_spk_1504_1_037010-037314]: 有老實講翻啦其實我度做數碼通之後兩三年<eos>
2018-07-11 13:15:41,130 (e2e_asr_attctc_th:2977) INFO: BLSTMP input lengths: [242]
2018-07-11 13:15:41,487 (e2e_asr_attctc_th:2067) INFO: input lengths: 61
2018-07-11 13:15:41,487 (e2e_asr_attctc_th:2091) INFO: max output length: 61
2018-07-11 13:15:41,487 (e2e_asr_attctc_th:2092) INFO: min output length: 0
2018-07-11 13:15:44,931 (e2e_asr_attctc_th:2199) INFO: end detected at 28
2018-07-11 13:15:44,931 (e2e_asr_attctc_th:2217) INFO: total log probability: -11.4543764498
2018-07-11 13:15:44,931 (e2e_asr_attctc_th:2218) INFO: normalized log probability: -0.498016367383
2018-07-11 13:15:44,932 (asr_pytorch:468) INFO: groundtruth[4_spk_4_012057-012301]: B戛唪矮喔囹烕戛員哲邕嘍誅戛員俏鋒唵燁緣
2018-07-11 13:15:44,932 (asr_pytorch:469) INFO: prediction [4_spk_4_012057-012301]: 誒我唔知喎因為我哋呢邊個話呢我哋係燒手月先<eos>
2018-07-11 13:15:44,941 (e2e_asr_attctc_th:2977) INFO: BLSTMP input lengths: [514]
2018-07-11 13:15:46,020 (e2e_asr_attctc_th:2067) INFO: input lengths: 129
2018-07-11 13:15:46,021 (e2e_asr_attctc_th:2091) INFO: max output length: 129
2018-07-11 13:15:46,021 (e2e_asr_attctc_th:2092) INFO: min output length: 0
2018-07-11 13:15:50,394 (e2e_asr_attctc_th:2199) INFO: end detected at 27
2018-07-11 13:15:50,394 (e2e_asr_attctc_th:2217) INFO: total log probability: -15.0667506438
2018-07-11 13:15:50,394 (e2e_asr_attctc_th:2218) INFO: normalized log probability: -0.68485230199
2018-07-11 13:15:50,395 (asr_pytorch:468) INFO: groundtruth[1504-2_spk_1504_2_049548-050064]: B摁匆曳嗷倔乳釗佰戛呯刺鋼俏NSMR唪刺嗷倔
2018-07-11 13:15:50,395 (asr_pytorch:469) INFO: prediction [1504-2_spk_1504_2_049548-050064]: 哇肯定係嗰個咩嘢佢佢我呢度同係再唔報嗰個<eos>
2018-07-11 13:15:50,403 (e2e_asr_attctc_th:2977) INFO: BLSTMP input lengths: [290]
2018-07-11 13:15:50,785 (e2e_asr_attctc_th:2067) INFO: input lengths: 73
2018-07-11 13:15:50,785 (e2e_asr_attctc_th:2091) INFO: max output length: 73
2018-07-11 13:15:50,785 (e2e_asr_attctc_th:2092) INFO: min output length: 0
2018-07-11 13:15:53,773 (e2e_asr_attctc_th:2206) INFO: no hypothesis. Finish decoding.
2018-07-11 13:15:53,773 (e2e_asr_attctc_th:2217) INFO: total log probability: -23.0870007183
2018-07-11 13:15:53,773 (e2e_asr_attctc_th:2218) INFO: normalized log probability: -1.04940912356
2018-07-11 13:15:53,774 (asr_pytorch:468) INFO: groundtruth[8_spk_8_075015-075307]: 咋住俏佬誅故喉嘍稚庵俏黴樺呯咋見睛畸
2018-07-11 13:15:53,774 (asr_pytorch:469) INFO: prediction [8_spk_8_075015-075307]: 咁大其實佢講以前到停度係點樣都係咁要體式<eos>
2018-07-11 13:15:53,787 (e2e_asr_attctc_th:2977) INFO: BLSTMP input lengths: [258]
2018-07-11 13:15:54,233 (e2e_asr_attctc_th:2067) INFO: input lengths: 65
2018-07-11 13:15:54,234 (e2e_asr_attctc_th:2091) INFO: max output length: 65
2018-07-11 13:15:54,234 (e2e_asr_attctc_th:2092) INFO: min output length: 0
2018-07-11 13:15:57,881 (e2e_asr_attctc_th:2199) INFO: end detected at 23
2018-07-11 13:15:57,881 (e2e_asr_attctc_th:2217) INFO: total log probability: -13.4814426834
2018-07-11 13:15:57,881 (e2e_asr_attctc_th:2218) INFO: normalized log probability: -0.709549614915
2018-07-11 13:15:57,882 (asr_pytorch:468) INFO: groundtruth[4_spk_4_050264-050524]: 俏跨何呯俏朕倔竣卿啦勞嘍挪鈪㨃俏咱
2018-07-11 13:15:57,882 (asr_pytorch:469) INFO: prediction [4_spk_4_050264-050524]: 係跟著呢佢有個立即係動緊我諗嘅係咪<eos>
2018-07-11 13:15:57,890 (e2e_asr_attctc_th:2977) INFO: BLSTMP input lengths: [213]
2018-07-11 13:15:58,190 (e2e_asr_attctc_th:2067) INFO: input lengths: 54
2018-07-11 13:15:58,191 (e2e_asr_attctc_th:2091) INFO: max output length: 54
2018-07-11 13:15:58,191 (e2e_asr_attctc_th:2092) INFO: min output length: 0
2018-07-11 13:16:00,387 (e2e_asr_attctc_th:2199) INFO: end detected at 21
2018-07-11 13:16:00,387 (e2e_asr_attctc_th:2217) INFO: total log probability: -6.92432691902
2018-07-11 13:16:00,387 (e2e_asr_attctc_th:2218) INFO: normalized log probability: -0.432770432439
2018-07-11 13:16:00,388 (asr_pytorch:468) INFO: groundtruth[3_spk_3_036892-037107]: 反戡耐佬解從戛員兲各唪天誦感
2018-07-11 13:16:00,388 (asr_pytorch:469) INFO: prediction [3_spk_3_036892-037107]: 又話真係講得我哋工資唔夠成意<eos>
2018-07-11 13:16:00,397 (e2e_asr_attctc_th:2977) INFO: BLSTMP input lengths: [526]
2018-07-11 13:16:01,230 (e2e_asr_attctc_th:2067) INFO: input lengths: 132
2018-07-11 13:16:01,231 (e2e_asr_attctc_th:2091) INFO: max output length: 132
2018-07-11 13:16:01,231 (e2e_asr_attctc_th:2092) INFO: min output length: 0
2018-07-11 13:16:08,819 (e2e_asr_attctc_th:2199) INFO: end detected at 44
2018-07-11 13:16:08,820 (e2e_asr_attctc_th:2217) INFO: total log probability: -18.1718890835
2018-07-11 13:16:08,820 (e2e_asr_attctc_th:2218) INFO: normalized log probability: -0.465945873935
2018-07-11 13:16:08,822 (asr_pytorch:468) INFO: groundtruth[1505-1_spk_1505_1_092786-093314]: 咋刺晏服朕服倍考三倔旬字佬跨何佬尻揣考戛址WQEVXSRI嘍WMQ危尻SO柎啯
2018-07-11 13:16:08,822 (asr_pytorch:469) INFO: prediction [1505-1_spk_1505_1_092786-093314]: 咁就少會有會俾翻一個隻子你跟著你就換翻我哋SMART中去先TER就OK噶啦<eos>
2018-07-11 13:16:08,838 (e2e_asr_attctc_th:2977) INFO: BLSTMP input lengths: [322]
2018-07-11 13:16:09,467 (e2e_asr_attctc_th:2067) INFO: input lengths: 81
2018-07-11 13:16:09,468 (e2e_asr_attctc_th:2091) INFO: max output length: 81
2018-07-11 13:16:09,468 (e2e_asr_attctc_th:2092) INFO: min output length: 0
2018-07-11 13:16:12,651 (e2e_asr_attctc_th:2199) INFO: end detected at 26
2018-07-11 13:16:12,651 (e2e_asr_attctc_th:2217) INFO: total log probability: -10.2581734039
2018-07-11 13:16:12,651 (e2e_asr_attctc_th:2218) INFO: normalized log probability: -0.488484447805
2018-07-11 13:16:12,652 (asr_pytorch:468) INFO: groundtruth[1504-1_spk_1504_1_105454-105778]: 咋佬刺晏朕冀仞TPER愈<unk>言佬鄔司件隸晏聶絨迫戛
2018-07-11 13:16:12,652 (asr_pytorch:469) INFO: prediction [1504-1_spk_1504_1_105454-105778]: 咁你到時有其他聽想瞭解你都上次先落翻我<eos>
2018-07-11 13:16:12,660 (e2e_asr_attctc_th:2977) INFO: BLSTMP input lengths: [158]
2018-07-11 13:16:12,895 (e2e_asr_attctc_th:2067) INFO: input lengths: 40
2018-07-11 13:16:12,895 (e2e_asr_attctc_th:2091) INFO: max output length: 40
2018-07-11 13:16:12,895 (e2e_asr_attctc_th:2092) INFO: min output length: 0
2018-07-11 13:16:13,483 (e2e_asr_attctc_th:2206) INFO: no hypothesis. Finish decoding.
2018-07-11 13:16:13,483 (e2e_asr_attctc_th:2217) INFO: total log probability: -4.04443585407
2018-07-11 13:16:13,483 (e2e_asr_attctc_th:2218) INFO: normalized log probability: -0.577776550581
2018-07-11 13:16:13,484 (asr_pytorch:468) INFO: groundtruth[3_spk_3_010800-010960]: 256六化呈
2018-07-11 13:16:13,484 (asr_pytorch:469) INFO: prediction [3_spk_3_010800-010960]: 二六全包啊<eos>
2018-07-11 13:16:13,491 (e2e_asr_attctc_th:2977) INFO: BLSTMP input lengths: [63]
2018-07-11 13:16:13,590 (e2e_asr_attctc_th:2067) INFO: input lengths: 16
2018-07-11 13:16:13,590 (e2e_asr_attctc_th:2091) INFO: max output length: 16
2018-07-11 13:16:13,590 (e2e_asr_attctc_th:2092) INFO: min output length: 0
2018-07-11 13:16:14,203 (e2e_asr_attctc_th:2199) INFO: end detected at 10
2018-07-11 13:16:14,204 (e2e_asr_attctc_th:2217) INFO: total log probability: -3.66646641493
2018-07-11 13:16:14,204 (e2e_asr_attctc_th:2218) INFO: normalized log probability: -0.916616603732
2018-07-11 13:16:14,205 (asr_pytorch:468) INFO: groundtruth[12_spk_12_039264-039329]: 嘍俏
2018-07-11 13:16:14,205 (asr_pytorch:469) INFO: prediction [12_spk_12_039264-039329]: 梗係<eos>
2018-07-11 13:16:14,212 (e2e_asr_attctc_th:2977) INFO: BLSTMP input lengths: [70]
2018-07-11 13:16:14,317 (e2e_asr_attctc_th:2067) INFO: input lengths: 18
2018-07-11 13:16:14,317 (e2e_asr_attctc_th:2091) INFO: max output length: 18
2018-07-11 13:16:14,317 (e2e_asr_attctc_th:2092) INFO: min output length: 0
2018-07-11 13:16:14,853 (e2e_asr_attctc_th:2199) INFO: end detected at 9
2018-07-11 13:16:14,854 (e2e_asr_attctc_th:2217) INFO: total log probability: -0.143957745284
2018-07-11 13:16:14,854 (e2e_asr_attctc_th:2218) INFO: normalized log probability: -0.035989436321
2018-07-11 13:16:14,855 (asr_pytorch:468) INFO: groundtruth[1505-1_spk_1505_1_067640-067712]: 俏
2018-07-11 13:16:14,855 (asr_pytorch:469) INFO: prediction [1505-1_spk_1505_1_067640-067712]: 係啊<eos>
2018-07-11 13:16:14,862 (e2e_asr_attctc_th:2977) INFO: BLSTMP input lengths: [121]
2018-07-11 13:16:15,045 (e2e_asr_attctc_th:2067) INFO: input lengths: 31
2018-07-11 13:16:15,046 (e2e_asr_attctc_th:2091) INFO: max output length: 31
2018-07-11 13:16:15,046 (e2e_asr_attctc_th:2092) INFO: min output length: 0
2018-07-11 13:16:15,829 (e2e_asr_attctc_th:2206) INFO: no hypothesis. Finish decoding.
2018-07-11 13:16:15,830 (e2e_asr_attctc_th:2217) INFO: total log probability: -1.08746026084
2018-07-11 13:16:15,830 (e2e_asr_attctc_th:2218) INFO: normalized log probability: -0.155351465834
2018-07-11 13:16:15,831 (asr_pytorch:468) INFO: groundtruth[1502-2_spk_1502_2_092039-092162]: 俏啯冏鍋啯
2018-07-11 13:16:15,831 (asr_pytorch:469) INFO: prediction [1502-2_spk_1502_2_092039-092162]: 係啦冇錯啦<eos>
2018-07-11 13:16:15,849 (e2e_asr_attctc_th:2977) INFO: BLSTMP input lengths: [401]
2018-07-11 13:16:16,904 (e2e_asr_attctc_th:2067) INFO: input lengths: 101
2018-07-11 13:16:16,905 (e2e_asr_attctc_th:2091) INFO: max output length: 101
2018-07-11 13:16:16,905 (e2e_asr_attctc_th:2092) INFO: min output length: 0
2018-07-11 13:16:20,848 (e2e_asr_attctc_th:2206) INFO: no hypothesis. Finish decoding.
2018-07-11 13:16:20,848 (e2e_asr_attctc_th:2217) INFO: total log probability: -4.30797571607
2018-07-11 13:16:20,848 (e2e_asr_attctc_th:2218) INFO: normalized log probability: -0.187303292003
2018-07-11 13:16:20,849 (asr_pytorch:468) INFO: groundtruth[3_spk_3_061762-062165]: 佬隸晏扚畸倍戛戛員鄔司件然梯企幹佬號琛畸嘍
2018-07-11 13:16:20,849 (asr_pytorch:469) INFO: prediction [3_spk_3_061762-062165]: 你隨時打翻俾我我哋都可以冇條件包你處理翻嘅<eos>
2018-07-11 13:16:20,856 (e2e_asr_attctc_th:2977) INFO: BLSTMP input lengths: [50]
2018-07-11 13:16:20,936 (e2e_asr_attctc_th:2067) INFO: input lengths: 13
2018-07-11 13:16:20,937 (e2e_asr_attctc_th:2091) INFO: max output length: 13
2018-07-11 13:16:20,937 (e2e_asr_attctc_th:2092) INFO: min output length: 0
2018-07-11 13:16:21,306 (e2e_asr_attctc_th:2199) INFO: end detected at 8
2018-07-11 13:16:21,306 (e2e_asr_attctc_th:2217) INFO: total log probability: -2.39737199247
2018-07-11 13:16:21,306 (e2e_asr_attctc_th:2218) INFO: normalized log probability: -0.79912399749
2018-07-11 13:16:21,307 (asr_pytorch:468) INFO: groundtruth[1501-2_spk_1501_2_031827-031880]: B
2018-07-11 13:16:21,307 (asr_pytorch:469) INFO: prediction [1501-2_spk_1501_2_031827-031880]: <SPK/><eos>
2018-07-11 13:16:21,315 (e2e_asr_attctc_th:2977) INFO: BLSTMP input lengths: [217]
2018-07-11 13:16:21,612 (e2e_asr_attctc_th:2067) INFO: input lengths: 55
2018-07-11 13:16:21,613 (e2e_asr_attctc_th:2091) INFO: max output length: 55
2018-07-11 13:16:21,613 (e2e_asr_attctc_th:2092) INFO: min output length: 0
2018-07-11 13:16:23,131 (e2e_asr_attctc_th:2206) INFO: no hypothesis. Finish decoding.
2018-07-11 13:16:23,131 (e2e_asr_attctc_th:2217) INFO: total log probability: -12.4747748077
2018-07-11 13:16:23,131 (e2e_asr_attctc_th:2218) INFO: normalized log probability: -0.831651653846
2018-07-11 13:16:23,132 (asr_pytorch:468) INFO: groundtruth[1501-1_spk_1501_1_040465-040684]: 呯殼眯俏冏啯震見JSV馭渺
2018-07-11 13:16:23,132 (asr_pytorch:469) INFO: prediction [1501-1_spk_1501_1_040465-040684]: 呢件實真係冇啦所以火翻嗰啲<eos>
2018-07-11 13:16:23,139 (e2e_asr_attctc_th:2977) INFO: BLSTMP input lengths: [198]
2018-07-11 13:16:23,409 (e2e_asr_attctc_th:2067) INFO: input lengths: 50
2018-07-11 13:16:23,409 (e2e_asr_attctc_th:2091) INFO: max output length: 50
2018-07-11 13:16:23,409 (e2e_asr_attctc_th:2092) INFO: min output length: 0
2018-07-11 13:16:25,178 (e2e_asr_attctc_th:2199) INFO: end detected at 16
2018-07-11 13:16:25,179 (e2e_asr_attctc_th:2217) INFO: total log probability: -7.07652213052
2018-07-11 13:16:25,179 (e2e_asr_attctc_th:2218) INFO: normalized log probability: -0.643320193684
2018-07-11 13:16:25,180 (asr_pytorch:468) INFO: groundtruth[8_spk_8_003411-003611]: 哭戛矮吟佬B嗷倔
2018-07-11 13:16:25,180 (asr_pytorch:469) INFO: prediction [8_spk_8_003411-003611]: 我話我知道你啊咁啊<eos>
2018-07-11 13:16:25,189 (e2e_asr_attctc_th:2977) INFO: BLSTMP input lengths: [35]
2018-07-11 13:16:25,246 (e2e_asr_attctc_th:2067) INFO: input lengths: 9
2018-07-11 13:16:25,247 (e2e_asr_attctc_th:2091) INFO: max output length: 9
2018-07-11 13:16:25,247 (e2e_asr_attctc_th:2092) INFO: min output length: 0
2018-07-11 13:16:25,692 (e2e_asr_attctc_th:2199) INFO: end detected at 7
2018-07-11 13:16:25,692 (e2e_asr_attctc_th:2217) INFO: total log probability: -0.26398909837
2018-07-11 13:16:25,692 (e2e_asr_attctc_th:2218) INFO: normalized log probability: -0.0879963661234
2018-07-11 13:16:25,694 (asr_pytorch:468) INFO: groundtruth[1501-1_spk_1501_1_030877-030914]: 俏
2018-07-11 13:16:25,694 (asr_pytorch:469) INFO: prediction [1501-1_spk_1501_1_030877-030914]: 係<eos>
2018-07-11 13:16:25,709 (e2e_asr_attctc_th:2977) INFO: BLSTMP input lengths: [265]
2018-07-11 13:16:26,095 (e2e_asr_attctc_th:2067) INFO: input lengths: 67
2018-07-11 13:16:26,095 (e2e_asr_attctc_th:2091) INFO: max output length: 67
2018-07-11 13:16:26,095 (e2e_asr_attctc_th:2092) INFO: min output length: 0
2018-07-11 13:16:28,225 (e2e_asr_attctc_th:2206) INFO: no hypothesis. Finish decoding.
2018-07-11 13:16:28,226 (e2e_asr_attctc_th:2217) INFO: total log probability: -5.69611104659
2018-07-11 13:16:28,226 (e2e_asr_attctc_th:2218) INFO: normalized log probability: -0.37974073644
2018-07-11 13:16:28,227 (asr_pytorch:468) INFO: groundtruth[1501-1_spk_1501_1_059665-059932]: 戡耐俏嗷丐皆蚧嘍漳遏斌擢嗷啼錯
2018-07-11 13:16:28,227 (asr_pytorch:469) INFO: prediction [1501-1_spk_1501_1_059665-059932]: 或者係嗰三百蚊嘅馬數佢嗰次<eos>
2018-07-11 13:16:28,241 (e2e_asr_attctc_th:2977) INFO: BLSTMP input lengths: [198]
2018-07-11 13:16:28,659 (e2e_asr_attctc_th:2067) INFO: input lengths: 50
2018-07-11 13:16:28,660 (e2e_asr_attctc_th:2091) INFO: max output length: 50
2018-07-11 13:16:28,660 (e2e_asr_attctc_th:2092) INFO: min output length: 0
2018-07-11 13:16:29,898 (e2e_asr_attctc_th:2199) INFO: end detected at 12
2018-07-11 13:16:29,899 (e2e_asr_attctc_th:2217) INFO: total log probability: -0.652750122361
2018-07-11 13:16:29,899 (e2e_asr_attctc_th:2218) INFO: normalized log probability: -0.0815937652951
2018-07-11 13:16:29,900 (asr_pytorch:468) INFO: groundtruth[1503-1_spk_1503_1_064250-064450]: 俏啯咋戛址啯
2018-07-11 13:16:29,900 (asr_pytorch:469) INFO: prediction [1503-1_spk_1503_1_064250-064450]: 係啦咁我哋啦<eos>
2018-07-11 13:16:29,913 (e2e_asr_attctc_th:2977) INFO: BLSTMP input lengths: [200]
2018-07-11 13:16:30,252 (e2e_asr_attctc_th:2067) INFO: input lengths: 50
2018-07-11 13:16:30,253 (e2e_asr_attctc_th:2091) INFO: max output length: 50
2018-07-11 13:16:30,253 (e2e_asr_attctc_th:2092) INFO: min output length: 0
2018-07-11 13:16:32,417 (e2e_asr_attctc_th:2199) INFO: end detected at 19
2018-07-11 13:16:32,418 (e2e_asr_attctc_th:2217) INFO: total log probability: -3.18161657255
2018-07-11 13:16:32,418 (e2e_asr_attctc_th:2218) INFO: normalized log probability: -0.22725832661
2018-07-11 13:16:32,419 (asr_pytorch:468) INFO: groundtruth[1502-2_spk_1502_2_051800-052002]: 啵眯俏丹感俏呈眯俏SO嘍誅
2018-07-11 13:16:32,420 (asr_pytorch:469) INFO: prediction [1502-2_spk_1502_2_051800-052002]: 即係中意係啊真係OK嘅話<eos>
2018-07-11 13:16:32,429 (e2e_asr_attctc_th:2977) INFO: BLSTMP input lengths: [568]
2018-07-11 13:16:33,194 (e2e_asr_attctc_th:2067) INFO: input lengths: 142
2018-07-11 13:16:33,195 (e2e_asr_attctc_th:2091) INFO: max output length: 142
2018-07-11 13:16:33,195 (e2e_asr_attctc_th:2092) INFO: min output length: 0
2018-07-11 13:16:39,280 (e2e_asr_attctc_th:2199) INFO: end detected at 39
2018-07-11 13:16:39,280 (e2e_asr_attctc_th:2217) INFO: total log probability: -46.2005191604
2018-07-11 13:16:39,280 (e2e_asr_attctc_th:2218) INFO: normalized log probability: -1.32001483315
2018-07-11 13:16:39,281 (asr_pytorch:468) INFO: groundtruth[8_spk_8_067367-067937]: 俏啯咋B侶庵嘍誅呯冀寫佬刺晏YTKVEHI咩呯佬司件三宣俏司件嘞詭叄B髮琉畸咋樺囖
2018-07-11 13:16:39,281 (asr_pytorch:469) INFO: prediction [8_spk_8_067367-067937]: 十咁十二十一直就係到CAPP之S所以一定係一上次可以誒五五分咁樣咯<eos>
2018-07-11 13:16:39,289 (e2e_asr_attctc_th:2977) INFO: BLSTMP input lengths: [148]
2018-07-11 13:16:39,487 (e2e_asr_attctc_th:2067) INFO: input lengths: 37
2018-07-11 13:16:39,487 (e2e_asr_attctc_th:2091) INFO: max output length: 37
2018-07-11 13:16:39,487 (e2e_asr_attctc_th:2092) INFO: min output length: 0
2018-07-11 13:16:40,366 (e2e_asr_attctc_th:2199) INFO: end detected at 11
2018-07-11 13:16:40,367 (e2e_asr_attctc_th:2217) INFO: total log probability: -2.13478309102
2018-07-11 13:16:40,367 (e2e_asr_attctc_th:2218) INFO: normalized log probability: -0.304969013003
2018-07-11 13:16:40,367 (asr_pytorch:468) INFO: groundtruth[1502-1_spk_1502_1_001971-002121]: 咋搭笣呈妊
2018-07-11 13:16:40,368 (asr_pytorch:469) INFO: prediction [1502-1_spk_1502_1_001971-002121]: 咁搞笑啊哦<eos>
2018-07-11 13:16:40,375 (e2e_asr_attctc_th:2977) INFO: BLSTMP input lengths: [165]
2018-07-11 13:16:40,671 (e2e_asr_attctc_th:2067) INFO: input lengths: 42
2018-07-11 13:16:40,671 (e2e_asr_attctc_th:2091) INFO: max output length: 42
2018-07-11 13:16:40,671 (e2e_asr_attctc_th:2092) INFO: min output length: 0
2018-07-11 13:16:42,215 (e2e_asr_attctc_th:2199) INFO: end detected at 18
2018-07-11 13:16:42,215 (e2e_asr_attctc_th:2217) INFO: total log probability: -5.76434100419
2018-07-11 13:16:42,215 (e2e_asr_attctc_th:2218) INFO: normalized log probability: -0.480361750349
2018-07-11 13:16:42,216 (asr_pytorch:468) INFO: groundtruth[1502-2_spk_1502_2_052027-052194]: 啵朋緘見俏佬啷由囖
2018-07-11 13:16:42,216 (asr_pytorch:469) INFO: prediction [1502-2_spk_1502_2_052027-052194]: 即係最一月係你啱用咯<eos>
2018-07-11 13:16:42,224 (e2e_asr_attctc_th:2977) INFO: BLSTMP input lengths: [198]
2018-07-11 13:16:42,498 (e2e_asr_attctc_th:2067) INFO: input lengths: 50
2018-07-11 13:16:42,498 (e2e_asr_attctc_th:2091) INFO: max output length: 50
2018-07-11 13:16:42,498 (e2e_asr_attctc_th:2092) INFO: min output length: 0
2018-07-11 13:16:43,365 (e2e_asr_attctc_th:2206) INFO: no hypothesis. Finish decoding.
2018-07-11 13:16:43,366 (e2e_asr_attctc_th:2217) INFO: total log probability: -3.67661222722
2018-07-11 13:16:43,366 (e2e_asr_attctc_th:2218) INFO: normalized log probability: -0.408512469692
2018-07-11 13:16:43,367 (asr_pytorch:468) INFO: groundtruth[1504-1_spk_1504_1_043456-043656]: 戛4000列鐲吟戛
2018-07-11 13:16:43,367 (asr_pytorch:469) INFO: prediction [1504-1_spk_1504_1_043456-043656]: 我四清分鐘呢我<eos>
2018-07-11 13:16:43,374 (e2e_asr_attctc_th:2977) INFO: BLSTMP input lengths: [153]
2018-07-11 13:16:43,600 (e2e_asr_attctc_th:2067) INFO: input lengths: 39
2018-07-11 13:16:43,600 (e2e_asr_attctc_th:2091) INFO: max output length: 39
2018-07-11 13:16:43,600 (e2e_asr_attctc_th:2092) INFO: min output length: 0
2018-07-11 13:16:44,225 (e2e_asr_attctc_th:2199) INFO: end detected at 10
2018-07-11 13:16:44,225 (e2e_asr_attctc_th:2217) INFO: total log probability: -3.36172322929
2018-07-11 13:16:44,225 (e2e_asr_attctc_th:2218) INFO: normalized log probability: -0.840430807322
2018-07-11 13:16:44,227 (asr_pytorch:468) INFO: groundtruth[1501-1_spk_1501_1_061225-061379]: 俏俏
2018-07-11 13:16:44,227 (asr_pytorch:469) INFO: prediction [1501-1_spk_1501_1_061225-061379]: 嗯係<eos>
2018-07-11 13:16:44,235 (e2e_asr_attctc_th:2977) INFO: BLSTMP input lengths: [278]
2018-07-11 13:16:44,609 (e2e_asr_attctc_th:2067) INFO: input lengths: 70
2018-07-11 13:16:44,609 (e2e_asr_attctc_th:2091) INFO: max output length: 70
2018-07-11 13:16:44,610 (e2e_asr_attctc_th:2092) INFO: min output length: 0
2018-07-11 13:16:46,200 (e2e_asr_attctc_th:2199) INFO: end detected at 16
2018-07-11 13:16:46,200 (e2e_asr_attctc_th:2217) INFO: total log probability: -14.7228434719
2018-07-11 13:16:46,201 (e2e_asr_attctc_th:2218) INFO: normalized log probability: -1.22690362266
2018-07-11 13:16:46,202 (asr_pytorch:468) INFO: groundtruth[8_spk_8_011992-012272]: 卿俏妍枱戛見扚霆誅戛尻見街叄窪邕倔佑
2018-07-11 13:16:46,202 (asr_pytorch:469) INFO: prediction [8_spk_8_011992-012272]: 成日朝韆早就喺身邊使<eos>
2018-07-11 13:16:46,210 (e2e_asr_attctc_th:2977) INFO: BLSTMP input lengths: [293]
2018-07-11 13:16:46,601 (e2e_asr_attctc_th:2067) INFO: input lengths: 74
2018-07-11 13:16:46,602 (e2e_asr_attctc_th:2091) INFO: max output length: 74
2018-07-11 13:16:46,602 (e2e_asr_attctc_th:2092) INFO: min output length: 0
2018-07-11 13:16:48,886 (e2e_asr_attctc_th:2206) INFO: no hypothesis. Finish decoding.
2018-07-11 13:16:48,887 (e2e_asr_attctc_th:2217) INFO: total log probability: -1.49153570714
2018-07-11 13:16:48,887 (e2e_asr_attctc_th:2218) INFO: normalized log probability: -0.0785018793234
2018-07-11 13:16:48,887 (asr_pytorch:468) INFO: groundtruth[3_spk_3_059570-059865]: 咋佬覢刺冀仞兲各幺嘍咋佬司件轟㨃嘢
2018-07-11 13:16:48,887 (asr_pytorch:469) INFO: prediction [3_spk_3_059570-059865]: 咁你見到其他工資便嘅咁你可以轉噶嘛<eos>
2018-07-11 13:16:48,895 (e2e_asr_attctc_th:2977) INFO: BLSTMP input lengths: [210]
2018-07-11 13:16:49,179 (e2e_asr_attctc_th:2067) INFO: input lengths: 53
2018-07-11 13:16:49,179 (e2e_asr_attctc_th:2091) INFO: max output length: 53
2018-07-11 13:16:49,180 (e2e_asr_attctc_th:2092) INFO: min output length: 0
2018-07-11 13:16:50,484 (e2e_asr_attctc_th:2199) INFO: end detected at 15
2018-07-11 13:16:50,485 (e2e_asr_attctc_th:2217) INFO: total log probability: -4.98359972611
2018-07-11 13:16:50,485 (e2e_asr_attctc_th:2218) INFO: normalized log probability: -0.498359972611
2018-07-11 13:16:50,485 (asr_pytorch:468) INFO: groundtruth[1503-1_spk_1503_1_067498-067710]: 俏啯咋得差嗷啼晏
2018-07-11 13:16:50,486 (asr_pytorch:469) INFO: prediction [1503-1_spk_1503_1_067498-067710]: 係啦咁厚咗嗰啲錢<eos>
2018-07-11 13:16:50,495 (e2e_asr_attctc_th:2977) INFO: BLSTMP input lengths: [788]
2018-07-11 13:16:51,510 (e2e_asr_attctc_th:2067) INFO: input lengths: 197
2018-07-11 13:16:51,511 (e2e_asr_attctc_th:2091) INFO: max output length: 197
2018-07-11 13:16:51,511 (e2e_asr_attctc_th:2092) INFO: min output length: 0
2018-07-11 13:16:59,577 (e2e_asr_attctc_th:2206) INFO: no hypothesis. Finish decoding.
2018-07-11 13:16:59,577 (e2e_asr_attctc_th:2217) INFO: total log probability: -35.7839326095
2018-07-11 13:16:59,577 (e2e_asr_attctc_th:2218) INFO: normalized log probability: -0.894598315237
2018-07-11 13:16:59,578 (asr_pytorch:468) INFO: groundtruth[1503-2_spk_1503_2_024698-025488]: 哭B唪俏戛愈啞咋俏咱妍枱戛道差6KF咋服臺勞GYX差姚俏臺勞偵差倔斌擢兒柎
2018-07-11 13:16:59,578 (asr_pytorch:469) INFO: prediction [1503-2_spk_1503_2_024698-025488]: 嗯誒你啊咁你咁樣佢如果我可能咗一個激咁會啲動齣唔上咯因為自動平咗一個數據興完<eos>
2018-07-11 13:16:59,586 (e2e_asr_attctc_th:2977) INFO: BLSTMP input lengths: [276]
2018-07-11 13:17:00,015 (e2e_asr_attctc_th:2067) INFO: input lengths: 69
2018-07-11 13:17:00,016 (e2e_asr_attctc_th:2091) INFO: max output length: 69
2018-07-11 13:17:00,016 (e2e_asr_attctc_th:2092) INFO: min output length: 0
2018-07-11 13:17:03,228 (e2e_asr_attctc_th:2199) INFO: end detected at 26
2018-07-11 13:17:03,229 (e2e_asr_attctc_th:2217) INFO: total log probability: -14.9754697829
2018-07-11 13:17:03,229 (e2e_asr_attctc_th:2218) INFO: normalized log probability: -0.713117608712
2018-07-11 13:17:03,230 (asr_pytorch:468) INFO: groundtruth[1502-2_spk_1502_2_080236-080514]: 住佬倔<unk>紋未公兮幻卒毛倔朔<unk>贗兵卉蚧
2018-07-11 13:17:03,230 (asr_pytorch:469) INFO: prediction [1502-2_spk_1502_2_080236-080514]: 但係你個客日期啦兩年半會多越迴就六十蚊<eos>
2018-07-11 13:17:03,237 (e2e_asr_attctc_th:2977) INFO: BLSTMP input lengths: [32]
2018-07-11 13:17:03,295 (e2e_asr_attctc_th:2067) INFO: input lengths: 8
2018-07-11 13:17:03,295 (e2e_asr_attctc_th:2091) INFO: max output length: 8
2018-07-11 13:17:03,295 (e2e_asr_attctc_th:2092) INFO: min output length: 0
2018-07-11 13:17:03,682 (e2e_asr_attctc_th:2180) INFO: adding <eos> in the last postion in the loop
2018-07-11 13:17:03,683 (e2e_asr_attctc_th:2206) INFO: no hypothesis. Finish decoding.
2018-07-11 13:17:03,683 (e2e_asr_attctc_th:2217) INFO: total log probability: -0.267962984741
2018-07-11 13:17:03,683 (e2e_asr_attctc_th:2218) INFO: normalized log probability: -0.0893209949136
2018-07-11 13:17:03,685 (asr_pytorch:468) INFO: groundtruth[4_spk_4_016161-016194]: 丕
2018-07-11 13:17:03,685 (asr_pytorch:469) INFO: prediction [4_spk_4_016161-016194]: 啊<eos>
2018-07-11 13:17:03,694 (e2e_asr_attctc_th:2977) INFO: BLSTMP input lengths: [124]
2018-07-11 13:17:03,880 (e2e_asr_attctc_th:2067) INFO: input lengths: 31
2018-07-11 13:17:03,880 (e2e_asr_attctc_th:2091) INFO: max output length: 31
2018-07-11 13:17:03,880 (e2e_asr_attctc_th:2092) INFO: min output length: 0
2018-07-11 13:17:04,948 (e2e_asr_attctc_th:2199) INFO: end detected at 14
2018-07-11 13:17:04,948 (e2e_asr_attctc_th:2217) INFO: total log probability: -2.93306317832
2018-07-11 13:17:04,948 (e2e_asr_attctc_th:2218) INFO: normalized log probability: -0.36663289729
2018-07-11 13:17:04,949 (asr_pytorch:468) INFO: groundtruth[1505-1_spk_1505_1_004234-004360]: 妍枱佬誅睛啼啞
2018-07-11 13:17:04,950 (asr_pytorch:469) INFO: prediction [1505-1_spk_1505_1_004234-004360]: 如果你話睇先<eos>
2018-07-11 13:17:04,958 (e2e_asr_attctc_th:2977) INFO: BLSTMP input lengths: [56]
2018-07-11 13:17:05,061 (e2e_asr_attctc_th:2067) INFO: input lengths: 14
2018-07-11 13:17:05,062 (e2e_asr_attctc_th:2091) INFO: max output length: 14
2018-07-11 13:17:05,062 (e2e_asr_attctc_th:2092) INFO: min output length: 0
2018-07-11 13:17:05,842 (e2e_asr_attctc_th:2199) INFO: end detected at 12
2018-07-11 13:17:05,842 (e2e_asr_attctc_th:2217) INFO: total log probability: -4.05617977679
2018-07-11 13:17:05,842 (e2e_asr_attctc_th:2218) INFO: normalized log probability: -0.811235955358
2018-07-11 13:17:05,843 (asr_pytorch:468) INFO: groundtruth[1505-2_spk_1505_2_101032-101090]: 卿俏謬夥道
2018-07-11 13:17:05,843 (asr_pytorch:469) INFO: prediction [1505-2_spk_1505_2_101032-101090]: 你講到<eos>
2018-07-11 13:17:05,851 (e2e_asr_attctc_th:2977) INFO: BLSTMP input lengths: [171]
2018-07-11 13:17:06,102 (e2e_asr_attctc_th:2067) INFO: input lengths: 43
2018-07-11 13:17:06,102 (e2e_asr_attctc_th:2091) INFO: max output length: 43
2018-07-11 13:17:06,102 (e2e_asr_attctc_th:2092) INFO: min output length: 0
2018-07-11 13:17:08,277 (e2e_asr_attctc_th:2199) INFO: end detected at 21
2018-07-11 13:17:08,277 (e2e_asr_attctc_th:2217) INFO: total log probability: -4.35729339137
2018-07-11 13:17:08,277 (e2e_asr_attctc_th:2218) INFO: normalized log probability: -0.256311375963
2018-07-11 13:17:08,279 (asr_pytorch:468) INFO: groundtruth[1502-2_spk_1502_2_055321-055494]: 住俏佬司件側WLEVI嘍嗷啼
2018-07-11 13:17:08,279 (asr_pytorch:469) INFO: prediction [1502-2_spk_1502_2_055321-055494]: 但係你可以送SHAREN嘅嗰啲<eos>
2018-07-11 13:17:08,289 (e2e_asr_attctc_th:2977) INFO: BLSTMP input lengths: [663]
2018-07-11 13:17:09,202 (e2e_asr_attctc_th:2067) INFO: input lengths: 166
2018-07-11 13:17:09,202 (e2e_asr_attctc_th:2091) INFO: max output length: 166
2018-07-11 13:17:09,202 (e2e_asr_attctc_th:2092) INFO: min output length: 0
2018-07-11 13:17:16,861 (e2e_asr_attctc_th:2199) INFO: end detected at 43
2018-07-11 13:17:16,861 (e2e_asr_attctc_th:2217) INFO: total log probability: -34.473482925
2018-07-11 13:17:16,861 (e2e_asr_attctc_th:2218) INFO: normalized log probability: -0.907196919078
2018-07-11 13:17:16,863 (asr_pytorch:468) INFO: groundtruth[1503-1_spk_1503_1_093181-093846]: 咋戛址且綺呯倔傾輿逮庵啯戛址尻六埞鄔服俏街迫384OF旨TW逮庵囖
2018-07-11 13:17:16,863 (asr_pytorch:469) INFO: prediction [1503-1_spk_1503_1_093181-093846]: 諗我哋上網呢個住書宿個話我哋個處肥不過會係行翻三百八十四機啲嘢一次齣流咯<eos>
2018-07-11 13:17:16,871 (e2e_asr_attctc_th:2977) INFO: BLSTMP input lengths: [222]
2018-07-11 13:17:17,214 (e2e_asr_attctc_th:2067) INFO: input lengths: 56
2018-07-11 13:17:17,215 (e2e_asr_attctc_th:2091) INFO: max output length: 56
2018-07-11 13:17:17,215 (e2e_asr_attctc_th:2092) INFO: min output length: 0
2018-07-11 13:17:18,779 (e2e_asr_attctc_th:2206) INFO: no hypothesis. Finish decoding.
2018-07-11 13:17:18,780 (e2e_asr_attctc_th:2217) INFO: total log probability: -7.8040547315
2018-07-11 13:17:18,780 (e2e_asr_attctc_th:2218) INFO: normalized log probability: -0.600311902423
2018-07-11 13:17:18,780 (asr_pytorch:468) INFO: groundtruth[1505-1_spk_1505_1_007515-007739]: 俏鄔JSV考三啼堅杉侈由
2018-07-11 13:17:18,780 (asr_pytorch:469) INFO: prediction [1505-1_spk_1505_1_007515-007739]: 係啊都放過一啲幾本使用<eos>
2018-07-11 13:17:18,789 (e2e_asr_attctc_th:2977) INFO: BLSTMP input lengths: [349]
2018-07-11 13:17:19,324 (e2e_asr_attctc_th:2067) INFO: input lengths: 88
2018-07-11 13:17:19,325 (e2e_asr_attctc_th:2091) INFO: max output length: 88
2018-07-11 13:17:19,325 (e2e_asr_attctc_th:2092) INFO: min output length: 0
2018-07-11 13:17:22,135 (e2e_asr_attctc_th:2206) INFO: no hypothesis. Finish decoding.
2018-07-11 13:17:22,135 (e2e_asr_attctc_th:2217) INFO: total log probability: -10.6950991324
2018-07-11 13:17:22,136 (e2e_asr_attctc_th:2218) INFO: normalized log probability: -0.509290434875
2018-07-11 13:17:22,136 (asr_pytorch:468) INFO: groundtruth[1504-1_spk_1504_1_007209-007561]: 咋妍枱呯耗<unk>朕倔呯尻籌20倔朔旨<unk>紋旨
2018-07-11 13:17:22,136 (asr_pytorch:469) INFO: prediction [1504-1_spk_1504_1_007209-007561]: 咁如果呢而傢有個例就韆二十個月入閤有隻<eos>
2018-07-11 13:17:22,144 (e2e_asr_attctc_th:2977) INFO: BLSTMP input lengths: [198]
2018-07-11 13:17:22,426 (e2e_asr_attctc_th:2067) INFO: input lengths: 50
2018-07-11 13:17:22,426 (e2e_asr_attctc_th:2091) INFO: max output length: 50
2018-07-11 13:17:22,426 (e2e_asr_attctc_th:2092) INFO: min output length: 0
2018-07-11 13:17:23,662 (e2e_asr_attctc_th:2199) INFO: end detected at 13
2018-07-11 13:17:23,663 (e2e_asr_attctc_th:2217) INFO: total log probability: -3.10893827304
2018-07-11 13:17:23,663 (e2e_asr_attctc_th:2218) INFO: normalized log probability: -0.38861728413
2018-07-11 13:17:23,665 (asr_pytorch:468) INFO: groundtruth[3_spk_3_032885-033085]: 戛耍慶三丕兒啯
2018-07-11 13:17:23,665 (asr_pytorch:469) INFO: prediction [3_spk_3_032885-033085]: 我考慮下先啦<eos>
2018-07-11 13:17:23,672 (e2e_asr_attctc_th:2977) INFO: BLSTMP input lengths: [156]
2018-07-11 13:17:23,912 (e2e_asr_attctc_th:2067) INFO: input lengths: 39
2018-07-11 13:17:23,912 (e2e_asr_attctc_th:2091) INFO: max output length: 39
2018-07-11 13:17:23,912 (e2e_asr_attctc_th:2092) INFO: min output length: 0
2018-07-11 13:17:24,842 (e2e_asr_attctc_th:2206) INFO: no hypothesis. Finish decoding.
2018-07-11 13:17:24,842 (e2e_asr_attctc_th:2217) INFO: total log probability: -4.40036524553
2018-07-11 13:17:24,842 (e2e_asr_attctc_th:2218) INFO: normalized log probability: -0.440036524553
2018-07-11 13:17:24,843 (asr_pytorch:468) INFO: groundtruth[1501-1_spk_1501_1_039557-039715]: 夭域SO冏啞顔嘍
2018-07-11 13:17:24,843 (asr_pytorch:469) INFO: prediction [1501-1_spk_1501_1_039557-039715]: 大部OK個問題嘅<eos>
2018-07-11 13:17:24,852 (e2e_asr_attctc_th:2977) INFO: BLSTMP input lengths: [98]
2018-07-11 13:17:25,003 (e2e_asr_attctc_th:2067) INFO: input lengths: 25
2018-07-11 13:17:25,004 (e2e_asr_attctc_th:2091) INFO: max output length: 25
2018-07-11 13:17:25,004 (e2e_asr_attctc_th:2092) INFO: min output length: 0
2018-07-11 13:17:26,041 (e2e_asr_attctc_th:2199) INFO: end detected at 14
2018-07-11 13:17:26,041 (e2e_asr_attctc_th:2217) INFO: total log probability: -6.90194986761
2018-07-11 13:17:26,041 (e2e_asr_attctc_th:2218) INFO: normalized log probability: -0.862743733451
2018-07-11 13:17:26,042 (asr_pytorch:468) INFO: groundtruth[9_spk_9_021862-021962]: 4K嚦嘍
2018-07-11 13:17:26,042 (asr_pytorch:469) INFO: prediction [9_spk_9_021862-021962]: 再HEAR噶<eos>
2018-07-11 13:17:26,050 (e2e_asr_attctc_th:2977) INFO: BLSTMP input lengths: [285]
2018-07-11 13:17:26,429 (e2e_asr_attctc_th:2067) INFO: input lengths: 72
2018-07-11 13:17:26,429 (e2e_asr_attctc_th:2091) INFO: max output length: 72
2018-07-11 13:17:26,429 (e2e_asr_attctc_th:2092) INFO: min output length: 0
2018-07-11 13:17:28,489 (e2e_asr_attctc_th:2199) INFO: end detected at 18
2018-07-11 13:17:28,489 (e2e_asr_attctc_th:2217) INFO: total log probability: -8.25997178629
2018-07-11 13:17:28,489 (e2e_asr_attctc_th:2218) INFO: normalized log probability: -0.750906526026
2018-07-11 13:17:28,490 (asr_pytorch:468) INFO: groundtruth[1503-2_spk_1503_2_013325-013612]: 哭冀寫戛鄔服NSMR旨SO旨
2018-07-11 13:17:28,491 (asr_pytorch:469) INFO: prediction [1503-2_spk_1503_2_013325-013612]: 其實我都會再呢OK<eos>
2018-07-11 13:17:28,500 (e2e_asr_attctc_th:2977) INFO: BLSTMP input lengths: [54]
2018-07-11 13:17:28,610 (e2e_asr_attctc_th:2067) INFO: input lengths: 14
2018-07-11 13:17:28,610 (e2e_asr_attctc_th:2091) INFO: max output length: 14
2018-07-11 13:17:28,610 (e2e_asr_attctc_th:2092) INFO: min output length: 0
2018-07-11 13:17:28,941 (e2e_asr_attctc_th:2206) INFO: no hypothesis. Finish decoding.
2018-07-11 13:17:28,941 (e2e_asr_attctc_th:2217) INFO: total log probability: -3.12740367651
2018-07-11 13:17:28,941 (e2e_asr_attctc_th:2218) INFO: normalized log probability: -0.625480735302
2018-07-11 13:17:28,942 (asr_pytorch:468) INFO: groundtruth[1502-1_spk_1502_1_069649-069705]: B
2018-07-11 13:17:28,942 (asr_pytorch:469) INFO: prediction [1502-1_spk_1502_1_069649-069705]: 啊麻將<eos>
2018-07-11 13:17:28,953 (e2e_asr_attctc_th:2977) INFO: BLSTMP input lengths: [284]
2018-07-11 13:17:29,417 (e2e_asr_attctc_th:2067) INFO: input lengths: 71
2018-07-11 13:17:29,418 (e2e_asr_attctc_th:2091) INFO: max output length: 71
2018-07-11 13:17:29,418 (e2e_asr_attctc_th:2092) INFO: min output length: 0
2018-07-11 13:17:32,550 (e2e_asr_attctc_th:2199) INFO: end detected at 26
2018-07-11 13:17:32,551 (e2e_asr_attctc_th:2217) INFO: total log probability: -19.1472434402
2018-07-11 13:17:32,551 (e2e_asr_attctc_th:2218) INFO: normalized log probability: -0.91177349715
2018-07-11 13:17:32,552 (asr_pytorch:468) INFO: groundtruth[1505-2_spk_1505_2_100072-100358]: 咋妍枱戛謬夥咩2000列鐲啯咋俏黴樺樺序錯啖
2018-07-11 13:17:32,552 (asr_pytorch:469) INFO: prediction [1505-2_spk_1505_2_100072-100358]: 不如我講當想二韆蚊中啦咁係點樣玩幾點啊<eos>
2018-07-11 13:17:32,560 (e2e_asr_attctc_th:2977) INFO: BLSTMP input lengths: [88]
2018-07-11 13:17:32,709 (e2e_asr_attctc_th:2067) INFO: input lengths: 22
2018-07-11 13:17:32,710 (e2e_asr_attctc_th:2091) INFO: max output length: 22
2018-07-11 13:17:32,710 (e2e_asr_attctc_th:2092) INFO: min output length: 0
2018-07-11 13:17:33,117 (e2e_asr_attctc_th:2199) INFO: end detected at 7
2018-07-11 13:17:33,118 (e2e_asr_attctc_th:2217) INFO: total log probability: -0.25355014205
2018-07-11 13:17:33,118 (e2e_asr_attctc_th:2218) INFO: normalized log probability: -0.0845167140166
2018-07-11 13:17:33,119 (asr_pytorch:468) INFO: groundtruth[1505-1_spk_1505_1_000856-000946]: 俏
2018-07-11 13:17:33,119 (asr_pytorch:469) INFO: prediction [1505-1_spk_1505_1_000856-000946]: 係<eos>
2018-07-11 13:17:33,127 (e2e_asr_attctc_th:2977) INFO: BLSTMP input lengths: [215]
2018-07-11 13:17:33,422 (e2e_asr_attctc_th:2067) INFO: input lengths: 54
2018-07-11 13:17:33,423 (e2e_asr_attctc_th:2091) INFO: max output length: 54
2018-07-11 13:17:33,423 (e2e_asr_attctc_th:2092) INFO: min output length: 0
2018-07-11 13:17:34,681 (e2e_asr_attctc_th:2199) INFO: end detected at 14
2018-07-11 13:17:34,681 (e2e_asr_attctc_th:2217) INFO: total log probability: -1.28791705286
2018-07-11 13:17:34,681 (e2e_asr_attctc_th:2218) INFO: normalized log probability: -0.143101894762
2018-07-11 13:17:34,682 (asr_pytorch:468) INFO: groundtruth[9_spk_9_047845-048062]: 咋馬兒冀寫BB
2018-07-11 13:17:34,682 (asr_pytorch:469) INFO: prediction [9_spk_9_047845-048062]: 咁首先其實誒誒<eos>
2018-07-11 13:17:34,693 (e2e_asr_attctc_th:2977) INFO: BLSTMP input lengths: [804]
2018-07-11 13:17:35,768 (e2e_asr_attctc_th:2067) INFO: input lengths: 201
2018-07-11 13:17:35,769 (e2e_asr_attctc_th:2091) INFO: max output length: 201
2018-07-11 13:17:35,769 (e2e_asr_attctc_th:2092) INFO: min output length: 0
2018-07-11 13:17:44,871 (e2e_asr_attctc_th:2206) INFO: no hypothesis. Finish decoding.
2018-07-11 13:17:44,872 (e2e_asr_attctc_th:2217) INFO: total log probability: -36.9193466362
2018-07-11 13:17:44,872 (e2e_asr_attctc_th:2218) INFO: normalized log probability: -0.80259449209
2018-07-11 13:17:44,872 (asr_pytorch:468) INFO: groundtruth[1503-1_spk_1503_1_056176-056982]: 吔埗啯馬欸葛閊希戛址啼宭呯叄側皂訢旨晏倣呯啯訢從見馬欸頖纆迫三未歧億朔賀316蚧
2018-07-11 13:17:44,873 (asr_pytorch:469) INFO: prediction [1503-1_spk_1503_1_056176-056982]: 同埋LASS好似我哋諗到時啲下你去做登記嘅時候啦記得要手遲住幾翻一日性價要快翻八一百六蚊<eos>
2018-07-11 13:17:44,881 (e2e_asr_attctc_th:2977) INFO: BLSTMP input lengths: [494]
2018-07-11 13:17:45,551 (e2e_asr_attctc_th:2067) INFO: input lengths: 124
2018-07-11 13:17:45,552 (e2e_asr_attctc_th:2091) INFO: max output length: 124
2018-07-11 13:17:45,552 (e2e_asr_attctc_th:2092) INFO: min output length: 0
2018-07-11 13:17:49,840 (e2e_asr_attctc_th:2206) INFO: no hypothesis. Finish decoding.
2018-07-11 13:17:49,841 (e2e_asr_attctc_th:2217) INFO: total log probability: -22.2912016334
2018-07-11 13:17:49,841 (e2e_asr_attctc_th:2218) INFO: normalized log probability: -0.79611434405
2018-07-11 13:17:49,842 (asr_pytorch:468) INFO: groundtruth[1504-1_spk_1504_1_002342-002838]: 妊囹烕耗<unk>JSV迫呯綪佬呯倔蚊磋696109082他絆旨誅呯
2018-07-11 13:17:49,842 (asr_pytorch:469) INFO: prediction [1504-1_spk_1504_1_002342-002838]: 我因為而傢火翻呢張你嘅我馬酒六一零有零八二介紹嘅話啊<eos>
2018-07-11 13:17:49,850 (e2e_asr_attctc_th:2977) INFO: BLSTMP input lengths: [129]
2018-07-11 13:17:50,026 (e2e_asr_attctc_th:2067) INFO: input lengths: 33
2018-07-11 13:17:50,026 (e2e_asr_attctc_th:2091) INFO: max output length: 33
2018-07-11 13:17:50,026 (e2e_asr_attctc_th:2092) INFO: min output length: 0
2018-07-11 13:17:51,277 (e2e_asr_attctc_th:2199) INFO: end detected at 15
2018-07-11 13:17:51,277 (e2e_asr_attctc_th:2217) INFO: total log probability: -8.007349208
2018-07-11 13:17:51,278 (e2e_asr_attctc_th:2218) INFO: normalized log probability: -0.889705467555
2018-07-11 13:17:51,279 (asr_pytorch:468) INFO: groundtruth[1502-2_spk_1502_2_024770-024901]: 嗶昕皅昕皅昕皅
2018-07-11 13:17:51,279 (asr_pytorch:469) INFO: prediction [1502-2_spk_1502_2_024770-024901]: 嗯明白明白明白<eos>
2018-07-11 13:17:51,287 (e2e_asr_attctc_th:2977) INFO: BLSTMP input lengths: [288]
2018-07-11 13:17:51,682 (e2e_asr_attctc_th:2067) INFO: input lengths: 72
2018-07-11 13:17:51,682 (e2e_asr_attctc_th:2091) INFO: max output length: 72
2018-07-11 13:17:51,682 (e2e_asr_attctc_th:2092) INFO: min output length: 0
2018-07-11 13:17:53,212 (e2e_asr_attctc_th:2199) INFO: end detected at 15
2018-07-11 13:17:53,212 (e2e_asr_attctc_th:2217) INFO: total log probability: -5.35177951073
2018-07-11 13:17:53,212 (e2e_asr_attctc_th:2218) INFO: normalized log probability: -0.535177951073
2018-07-11 13:17:53,213 (asr_pytorch:468) INFO: groundtruth[1504-2_spk_1504_2_104956-105246]: B冏啞顔冏啞顔
2018-07-11 13:17:53,213 (asr_pytorch:469) INFO: prediction [1504-2_spk_1504_2_104956-105246]: 啊冇問題好問題啊<eos>
2018-07-11 13:17:53,220 (e2e_asr_attctc_th:2977) INFO: BLSTMP input lengths: [48]
2018-07-11 13:17:53,322 (e2e_asr_attctc_th:2067) INFO: input lengths: 12
2018-07-11 13:17:53,323 (e2e_asr_attctc_th:2091) INFO: max output length: 12
2018-07-11 13:17:53,323 (e2e_asr_attctc_th:2092) INFO: min output length: 0
2018-07-11 13:17:53,797 (e2e_asr_attctc_th:2199) INFO: end detected at 9
2018-07-11 13:17:53,797 (e2e_asr_attctc_th:2217) INFO: total log probability: -3.8563018702
2018-07-11 13:17:53,797 (e2e_asr_attctc_th:2218) INFO: normalized log probability: -0.964075467549
2018-07-11 13:17:53,798 (asr_pytorch:468) INFO: groundtruth[9_spk_9_000507-000557]: 俏
2018-07-11 13:17:53,799 (asr_pytorch:469) INFO: prediction [9_spk_9_000507-000557]: 覺得<eos>
2018-07-11 13:17:53,806 (e2e_asr_attctc_th:2977) INFO: BLSTMP input lengths: [236]
2018-07-11 13:17:54,132 (e2e_asr_attctc_th:2067) INFO: input lengths: 59
2018-07-11 13:17:54,132 (e2e_asr_attctc_th:2091) INFO: max output length: 59
2018-07-11 13:17:54,132 (e2e_asr_attctc_th:2092) INFO: min output length: 0
2018-07-11 13:17:56,414 (e2e_asr_attctc_th:2199) INFO: end detected at 22
2018-07-11 13:17:56,414 (e2e_asr_attctc_th:2217) INFO: total log probability: -17.8923885524
2018-07-11 13:17:56,414 (e2e_asr_attctc_th:2218) INFO: normalized log probability: -1.05249344426
2018-07-11 13:17:56,416 (asr_pytorch:468) INFO: groundtruth[1503-1_spk_1503_1_099312-099550]: 戛幹佬紋迫肇旬丕晦倔閊希吟徘尖姚
2018-07-11 13:17:56,416 (asr_pytorch:469) INFO: prediction [1503-1_spk_1503_1_099312-099550]: 鬧幫你又三年下就啊迴事一齊嘅大<eos>
2018-07-11 13:17:56,423 (e2e_asr_attctc_th:2977) INFO: BLSTMP input lengths: [25]
2018-07-11 13:17:56,474 (e2e_asr_attctc_th:2067) INFO: input lengths: 7
2018-07-11 13:17:56,474 (e2e_asr_attctc_th:2091) INFO: max output length: 7
2018-07-11 13:17:56,474 (e2e_asr_attctc_th:2092) INFO: min output length: 0
2018-07-11 13:17:56,781 (e2e_asr_attctc_th:2180) INFO: adding <eos> in the last postion in the loop
2018-07-11 13:17:56,782 (e2e_asr_attctc_th:2206) INFO: no hypothesis. Finish decoding.
2018-07-11 13:17:56,782 (e2e_asr_attctc_th:2217) INFO: total log probability: -0.0261535774916
2018-07-11 13:17:56,782 (e2e_asr_attctc_th:2218) INFO: normalized log probability: -0.00871785916388
2018-07-11 13:17:56,783 (asr_pytorch:468) INFO: groundtruth[1505-1_spk_1505_1_035537-035564]: 俏
2018-07-11 13:17:56,783 (asr_pytorch:469) INFO: prediction [1505-1_spk_1505_1_035537-035564]: 係<eos>
2018-07-11 13:17:56,790 (e2e_asr_attctc_th:2977) INFO: BLSTMP input lengths: [204]
2018-07-11 13:17:57,076 (e2e_asr_attctc_th:2067) INFO: input lengths: 51
2018-07-11 13:17:57,077 (e2e_asr_attctc_th:2091) INFO: max output length: 51
2018-07-11 13:17:57,077 (e2e_asr_attctc_th:2092) INFO: min output length: 0
2018-07-11 13:17:58,808 (e2e_asr_attctc_th:2206) INFO: no hypothesis. Finish decoding.
2018-07-11 13:17:58,808 (e2e_asr_attctc_th:2217) INFO: total log probability: -10.3590011275
2018-07-11 13:17:58,808 (e2e_asr_attctc_th:2218) INFO: normalized log probability: -0.647437570471
2018-07-11 13:17:58,809 (asr_pytorch:468) INFO: groundtruth[1502-2_spk_1502_2_082219-082425]: 咋佰冀寫尻冏冀仞B夢嘍放賀啯
2018-07-11 13:17:58,809 (asr_pytorch:469) INFO: prediction [1502-2_spk_1502_2_082219-082425]: 咁叫其實就冇其他牙外嘅收費啦<eos>
2018-07-11 13:17:58,816 (e2e_asr_attctc_th:2977) INFO: BLSTMP input lengths: [185]
2018-07-11 13:17:59,073 (e2e_asr_attctc_th:2067) INFO: input lengths: 47
2018-07-11 13:17:59,074 (e2e_asr_attctc_th:2091) INFO: max output length: 47
2018-07-11 13:17:59,074 (e2e_asr_attctc_th:2092) INFO: min output length: 0
2018-07-11 13:18:00,496 (e2e_asr_attctc_th:2199) INFO: end detected at 17
2018-07-11 13:18:00,496 (e2e_asr_attctc_th:2217) INFO: total log probability: -6.20481350552
2018-07-11 13:18:00,496 (e2e_asr_attctc_th:2218) INFO: normalized log probability: -0.517067792127
2018-07-11 13:18:00,497 (asr_pytorch:468) INFO: groundtruth[1502-2_spk_1502_2_053084-053271]: 尻服俏旬未朕呯樺釗司件
2018-07-11 13:18:00,497 (asr_pytorch:469) INFO: prediction [1502-2_spk_1502_2_053084-053271]: 就係一誒有呢樣嘢可以<eos>
2018-07-11 13:18:00,504 (e2e_asr_attctc_th:2977) INFO: BLSTMP input lengths: [66]
2018-07-11 13:18:00,593 (e2e_asr_attctc_th:2067) INFO: input lengths: 17
2018-07-11 13:18:00,594 (e2e_asr_attctc_th:2091) INFO: max output length: 17
2018-07-11 13:18:00,594 (e2e_asr_attctc_th:2092) INFO: min output length: 0
2018-07-11 13:18:00,856 (e2e_asr_attctc_th:2206) INFO: no hypothesis. Finish decoding.
2018-07-11 13:18:00,857 (e2e_asr_attctc_th:2217) INFO: total log probability: -1.84281063359
2018-07-11 13:18:00,857 (e2e_asr_attctc_th:2218) INFO: normalized log probability: -0.368562126718
2018-07-11 13:18:00,857 (asr_pytorch:468) INFO: groundtruth[4_spk_4_004147-004215]: 睛唪刺
2018-07-11 13:18:00,857 (asr_pytorch:469) INFO: prediction [4_spk_4_004147-004215]: 喺唔到<eos>
2018-07-11 13:18:00,864 (e2e_asr_attctc_th:2977) INFO: BLSTMP input lengths: [32]
2018-07-11 13:18:00,918 (e2e_asr_attctc_th:2067) INFO: input lengths: 8
2018-07-11 13:18:00,919 (e2e_asr_attctc_th:2091) INFO: max output length: 8
2018-07-11 13:18:00,919 (e2e_asr_attctc_th:2092) INFO: min output length: 0
2018-07-11 13:18:01,238 (e2e_asr_attctc_th:2180) INFO: adding <eos> in the last postion in the loop
2018-07-11 13:18:01,238 (e2e_asr_attctc_th:2206) INFO: no hypothesis. Finish decoding.
2018-07-11 13:18:01,238 (e2e_asr_attctc_th:2217) INFO: total log probability: -1.75165712088
2018-07-11 13:18:01,238 (e2e_asr_attctc_th:2218) INFO: normalized log probability: -0.583885706961
2018-07-11 13:18:01,239 (asr_pytorch:468) INFO: groundtruth[1501-1_spk_1501_1_086001-086035]: B
2018-07-11 13:18:01,239 (asr_pytorch:469) INFO: prediction [1501-1_spk_1501_1_086001-086035]: 齣<eos>
2018-07-11 13:18:01,247 (e2e_asr_attctc_th:2977) INFO: BLSTMP input lengths: [278]
2018-07-11 13:18:01,598 (e2e_asr_attctc_th:2067) INFO: input lengths: 70
2018-07-11 13:18:01,598 (e2e_asr_attctc_th:2091) INFO: max output length: 70
2018-07-11 13:18:01,598 (e2e_asr_attctc_th:2092) INFO: min output length: 0
2018-07-11 13:18:03,498 (e2e_asr_attctc_th:2199) INFO: end detected at 21
2018-07-11 13:18:03,498 (e2e_asr_attctc_th:2217) INFO: total log probability: -8.37773692212
2018-07-11 13:18:03,498 (e2e_asr_attctc_th:2218) INFO: normalized log probability: -0.598409780151
2018-07-11 13:18:03,499 (asr_pytorch:468) INFO: groundtruth[1504-1_spk_1504_1_101572-101852]: 嗶哎咋啖<unk>妊夥扔檀<unk>衝喔
2018-07-11 13:18:03,499 (asr_pytorch:469) INFO: prediction [1504-1_spk_1504_1_101572-101852]: 嗯我話乜爭好多手機齣街喎<eos>
2018-07-11 13:18:03,507 (e2e_asr_attctc_th:2977) INFO: BLSTMP input lengths: [108]
2018-07-11 13:18:03,657 (e2e_asr_attctc_th:2067) INFO: input lengths: 27
2018-07-11 13:18:03,657 (e2e_asr_attctc_th:2091) INFO: max output length: 27
2018-07-11 13:18:03,657 (e2e_asr_attctc_th:2092) INFO: min output length: 0
2018-07-11 13:18:04,113 (e2e_asr_attctc_th:2206) INFO: no hypothesis. Finish decoding.
2018-07-11 13:18:04,113 (e2e_asr_attctc_th:2217) INFO: total log probability: -8.31441466138
2018-07-11 13:18:04,113 (e2e_asr_attctc_th:2218) INFO: normalized log probability: -1.18777352305
2018-07-11 13:18:04,114 (asr_pytorch:468) INFO: groundtruth[1501-2_spk_1501_2_063188-063298]: 延禮遛嗷閙
2018-07-11 13:18:04,114 (asr_pytorch:469) INFO: prediction [1501-2_spk_1501_2_063188-063298]: 講濕個或間<eos>
2018-07-11 13:18:04,121 (e2e_asr_attctc_th:2977) INFO: BLSTMP input lengths: [109]
2018-07-11 13:18:04,275 (e2e_asr_attctc_th:2067) INFO: input lengths: 28
2018-07-11 13:18:04,276 (e2e_asr_attctc_th:2091) INFO: max output length: 28
2018-07-11 13:18:04,276 (e2e_asr_attctc_th:2092) INFO: min output length: 0
2018-07-11 13:18:04,966 (e2e_asr_attctc_th:2199) INFO: end detected at 11
2018-07-11 13:18:04,967 (e2e_asr_attctc_th:2217) INFO: total log probability: -2.28493027389
2018-07-11 13:18:04,967 (e2e_asr_attctc_th:2218) INFO: normalized log probability: -0.380821712315
2018-07-11 13:18:04,968 (asr_pytorch:468) INFO: groundtruth[1501-1_spk_1501_1_007092-007203]: 冀寫戛員朕
2018-07-11 13:18:04,968 (asr_pytorch:469) INFO: prediction [1501-1_spk_1501_1_007092-007203]: 即我哋有<eos>
2018-07-11 13:18:04,975 (e2e_asr_attctc_th:2977) INFO: BLSTMP input lengths: [44]
2018-07-11 13:18:05,043 (e2e_asr_attctc_th:2067) INFO: input lengths: 11
2018-07-11 13:18:05,043 (e2e_asr_attctc_th:2091) INFO: max output length: 11
2018-07-11 13:18:05,043 (e2e_asr_attctc_th:2092) INFO: min output length: 0
2018-07-11 13:18:05,478 (e2e_asr_attctc_th:2199) INFO: end detected at 9
2018-07-11 13:18:05,478 (e2e_asr_attctc_th:2217) INFO: total log probability: -0.0544549257029
2018-07-11 13:18:05,478 (e2e_asr_attctc_th:2218) INFO: normalized log probability: -0.0136137314257
2018-07-11 13:18:05,479 (asr_pytorch:468) INFO: groundtruth[1502-2_spk_1502_2_083810-083856]: 俏啯
2018-07-11 13:18:05,479 (asr_pytorch:469) INFO: prediction [1502-2_spk_1502_2_083810-083856]: 係啊<eos>
# Accounting: time=293 threads=1
# Ended (code 0) at Wed Jul 11 13:18:05 HKT 2018, elapsed time 293 seconds
# Accounting: time=446 threads=1
# Ended (code 0) at Wed Jul 11 13:19:15 HKT 2018, elapsed time 446 seconds
