# asr_recog.py --ngpu 0 --backend pytorch --recog-json smartone_data/smartone_kaldi/split32utt/data.29.json --result-label smartone_data/baseline/decode/data.29.json --model smartone_data/baseline/model.acc.best --model-conf smartone_data/baseline/model.conf --beam-size 20 --penalty 0.0 --maxlenratio 0.0 --minlenratio 0.0 --ctc-weight 0.3 
# Started at Wed Jul 11 13:13:12 HKT 2018
#
2018-07-11 13:13:12,980 (asr_recog:110) INFO: python path = /home/lahiru/Devinstalls/espnet_new/espnet/egs/domain_adaptation_cantonese/asr5/../../../src/lm/:/home/lahiru/Devinstalls/espnet_new/espnet/egs/domain_adaptation_cantonese/asr5/../../../src/asr/:/home/lahiru/Devinstalls/espnet_new/espnet/egs/domain_adaptation_cantonese/asr5/../../../src/nets/:/home/lahiru/Devinstalls/espnet_new/espnet/egs/domain_adaptation_cantonese/asr5/../../../src/utils/:/home/lahiru/Devinstalls/espnet_new/espnet/egs/domain_adaptation_cantonese/asr5/../../../src/bin/:/home/lahiru/Devinstalls/espnet_new/espnet/egs/domain_adaptation_cantonese/asr5/../../../src/lm/:/home/lahiru/Devinstalls/espnet_new/espnet/egs/domain_adaptation_cantonese/asr5/../../../src/asr/:/home/lahiru/Devinstalls/espnet_new/espnet/egs/domain_adaptation_cantonese/asr5/../../../src/nets/:/home/lahiru/Devinstalls/espnet_new/espnet/egs/domain_adaptation_cantonese/asr5/../../../src/utils/:/home/lahiru/Devinstalls/espnet_new/espnet/egs/domain_adaptation_cantonese/asr5/../../../src/bin/:
2018-07-11 13:13:12,980 (asr_recog:115) INFO: set random seed = 1
2018-07-11 13:13:12,980 (asr_recog:118) INFO: backend = pytorch
2018-07-11 13:13:13,554 (asr_pytorch:393) INFO: reading a model config file fromsmartone_data/baseline/model.conf
2018-07-11 13:13:13,570 (asr_pytorch:397) INFO: ARGS: backend: pytorch
2018-07-11 13:13:13,571 (asr_pytorch:397) INFO: ARGS: beam_size: 20
2018-07-11 13:13:13,571 (asr_pytorch:397) INFO: ARGS: ctc_weight: 0.3
2018-07-11 13:13:13,571 (asr_pytorch:397) INFO: ARGS: da: 0
2018-07-11 13:13:13,571 (asr_pytorch:397) INFO: ARGS: daconfig: 3
2018-07-11 13:13:13,571 (asr_pytorch:397) INFO: ARGS: datype: bias
2018-07-11 13:13:13,571 (asr_pytorch:397) INFO: ARGS: debugmode: 1
2018-07-11 13:13:13,571 (asr_pytorch:397) INFO: ARGS: gpu: None
2018-07-11 13:13:13,571 (asr_pytorch:397) INFO: ARGS: lm_weight: 0.1
2018-07-11 13:13:13,571 (asr_pytorch:397) INFO: ARGS: maxlenratio: 0.0
2018-07-11 13:13:13,571 (asr_pytorch:397) INFO: ARGS: minlenratio: 0.0
2018-07-11 13:13:13,571 (asr_pytorch:397) INFO: ARGS: model: smartone_data/baseline/model.acc.best
2018-07-11 13:13:13,571 (asr_pytorch:397) INFO: ARGS: model_conf: smartone_data/baseline/model.conf
2018-07-11 13:13:13,571 (asr_pytorch:397) INFO: ARGS: nbest: 1
2018-07-11 13:13:13,571 (asr_pytorch:397) INFO: ARGS: ngpu: 0
2018-07-11 13:13:13,571 (asr_pytorch:397) INFO: ARGS: penalty: 0.0
2018-07-11 13:13:13,571 (asr_pytorch:397) INFO: ARGS: recog_feat: None
2018-07-11 13:13:13,571 (asr_pytorch:397) INFO: ARGS: recog_json: smartone_data/smartone_kaldi/split32utt/data.29.json
2018-07-11 13:13:13,571 (asr_pytorch:397) INFO: ARGS: recog_label: None
2018-07-11 13:13:13,571 (asr_pytorch:397) INFO: ARGS: result_label: smartone_data/baseline/decode/data.29.json
2018-07-11 13:13:13,571 (asr_pytorch:397) INFO: ARGS: rnnlm: None
2018-07-11 13:13:13,571 (asr_pytorch:397) INFO: ARGS: seed: 1
2018-07-11 13:13:13,571 (asr_pytorch:397) INFO: ARGS: verbose: 1
2018-07-11 13:13:13,571 (asr_pytorch:397) INFO: ARGS: word_dict: None
2018-07-11 13:13:13,571 (asr_pytorch:397) INFO: ARGS: word_rnnlm: None
2018-07-11 13:13:13,571 (asr_pytorch:400) INFO: reading model parameters fromsmartone_data/baseline/model.acc.best
2018-07-11 13:13:13,572 (e2e_asr_attctc_th:184) INFO: subsample: 1 2 2 1 1
2018-07-11 13:13:13,646 (e2e_asr_attctc_th:2317) INFO: BLSTM with every-layer projection for encoder
2018-07-11 13:13:15,299 (e2e_asr_attctc_th:2977) INFO: BLSTMP input lengths: [325]
2018-07-11 13:13:15,737 (e2e_asr_attctc_th:2067) INFO: input lengths: 82
2018-07-11 13:13:15,738 (e2e_asr_attctc_th:2091) INFO: max output length: 82
2018-07-11 13:13:15,738 (e2e_asr_attctc_th:2092) INFO: min output length: 0
2018-07-11 13:13:20,031 (e2e_asr_attctc_th:2199) INFO: end detected at 29
2018-07-11 13:13:20,032 (e2e_asr_attctc_th:2217) INFO: total log probability: -13.5332462499
2018-07-11 13:13:20,032 (e2e_asr_attctc_th:2218) INFO: normalized log probability: -0.563885260412
2018-07-11 13:13:20,033 (asr_pytorch:468) INFO: groundtruth[9_spk_9_009055-009382]: 冀寫B啷啷兒吔井吔佬謬咩可佬側三側三倔熔檀間檀
2018-07-11 13:13:20,033 (asr_pytorch:469) INFO: prediction [9_spk_9_009055-009382]: 其實我啱先同時同你講咗叫你同我做一個食啲開機<eos>
2018-07-11 13:13:20,047 (e2e_asr_attctc_th:2977) INFO: BLSTMP input lengths: [105]
2018-07-11 13:13:20,351 (e2e_asr_attctc_th:2067) INFO: input lengths: 27
2018-07-11 13:13:20,352 (e2e_asr_attctc_th:2091) INFO: max output length: 27
2018-07-11 13:13:20,352 (e2e_asr_attctc_th:2092) INFO: min output length: 0
2018-07-11 13:13:22,233 (e2e_asr_attctc_th:2199) INFO: end detected at 18
2018-07-11 13:13:22,234 (e2e_asr_attctc_th:2217) INFO: total log probability: -10.1198392641
2018-07-11 13:13:22,234 (e2e_asr_attctc_th:2218) INFO: normalized log probability: -1.01198392641
2018-07-11 13:13:22,235 (asr_pytorch:468) INFO: groundtruth[1502-2_spk_1502_2_026860-026967]: 冀寫朋迪GWP嘍誅
2018-07-11 13:13:22,235 (asr_pytorch:469) INFO: prediction [1502-2_spk_1502_2_026860-026967]: 叫最近車即係我話<eos>
2018-07-11 13:13:22,243 (e2e_asr_attctc_th:2977) INFO: BLSTMP input lengths: [88]
2018-07-11 13:13:22,378 (e2e_asr_attctc_th:2067) INFO: input lengths: 22
2018-07-11 13:13:22,379 (e2e_asr_attctc_th:2091) INFO: max output length: 22
2018-07-11 13:13:22,379 (e2e_asr_attctc_th:2092) INFO: min output length: 0
2018-07-11 13:13:22,983 (e2e_asr_attctc_th:2206) INFO: no hypothesis. Finish decoding.
2018-07-11 13:13:22,983 (e2e_asr_attctc_th:2217) INFO: total log probability: -4.8566002585
2018-07-11 13:13:22,983 (e2e_asr_attctc_th:2218) INFO: normalized log probability: -0.693800036928
2018-07-11 13:13:22,984 (asr_pytorch:468) INFO: groundtruth[9_spk_9_024105-024195]: B
2018-07-11 13:13:22,984 (asr_pytorch:469) INFO: prediction [9_spk_9_024105-024195]: 啊張齣事啦<eos>
2018-07-11 13:13:22,992 (e2e_asr_attctc_th:2977) INFO: BLSTMP input lengths: [98]
2018-07-11 13:13:23,158 (e2e_asr_attctc_th:2067) INFO: input lengths: 25
2018-07-11 13:13:23,159 (e2e_asr_attctc_th:2091) INFO: max output length: 25
2018-07-11 13:13:23,159 (e2e_asr_attctc_th:2092) INFO: min output length: 0
2018-07-11 13:13:24,347 (e2e_asr_attctc_th:2199) INFO: end detected at 13
2018-07-11 13:13:24,347 (e2e_asr_attctc_th:2217) INFO: total log probability: -6.70497939736
2018-07-11 13:13:24,347 (e2e_asr_attctc_th:2218) INFO: normalized log probability: -0.744997710817
2018-07-11 13:13:24,349 (asr_pytorch:468) INFO: groundtruth[3_spk_3_028397-028497]: 俏囖
2018-07-11 13:13:24,349 (asr_pytorch:469) INFO: prediction [3_spk_3_028397-028497]: 經常用噶嘛啦就<eos>
2018-07-11 13:13:24,357 (e2e_asr_attctc_th:2977) INFO: BLSTMP input lengths: [380]
2018-07-11 13:13:24,894 (e2e_asr_attctc_th:2067) INFO: input lengths: 95
2018-07-11 13:13:24,895 (e2e_asr_attctc_th:2091) INFO: max output length: 95
2018-07-11 13:13:24,895 (e2e_asr_attctc_th:2092) INFO: min output length: 0
2018-07-11 13:13:31,105 (e2e_asr_attctc_th:2199) INFO: end detected at 35
2018-07-11 13:13:31,106 (e2e_asr_attctc_th:2217) INFO: total log probability: -30.1288837651
2018-07-11 13:13:31,106 (e2e_asr_attctc_th:2218) INFO: normalized log probability: -1.07603156304
2018-07-11 13:13:31,109 (asr_pytorch:468) INFO: groundtruth[9_spk_9_058035-058416]: 哭淹汀埢旅<unk>SO佬稜筐三筐呈戛卿削幹佬叄睛三睛兒
2018-07-11 13:13:31,109 (asr_pytorch:469) INFO: prediction [9_spk_9_058035-058416]: 哦今朝寶班我屋企咩手就拍緊啊等我真係你幫你去拍下睇先<eos>
2018-07-11 13:13:31,123 (e2e_asr_attctc_th:2977) INFO: BLSTMP input lengths: [122]
2018-07-11 13:13:31,324 (e2e_asr_attctc_th:2067) INFO: input lengths: 31
2018-07-11 13:13:31,324 (e2e_asr_attctc_th:2091) INFO: max output length: 31
2018-07-11 13:13:31,324 (e2e_asr_attctc_th:2092) INFO: min output length: 0
2018-07-11 13:13:32,453 (e2e_asr_attctc_th:2199) INFO: end detected at 13
2018-07-11 13:13:32,453 (e2e_asr_attctc_th:2217) INFO: total log probability: -3.38075318187
2018-07-11 13:13:32,453 (e2e_asr_attctc_th:2218) INFO: normalized log probability: -0.422594147734
2018-07-11 13:13:32,454 (asr_pytorch:468) INFO: groundtruth[1502-2_spk_1502_2_088627-088751]: 咋戛員服嗄B
2018-07-11 13:13:32,454 (asr_pytorch:469) INFO: prediction [1502-2_spk_1502_2_088627-088751]: 咁我哋會係誒<eos>
2018-07-11 13:13:32,463 (e2e_asr_attctc_th:2977) INFO: BLSTMP input lengths: [248]
2018-07-11 13:13:32,901 (e2e_asr_attctc_th:2067) INFO: input lengths: 62
2018-07-11 13:13:32,901 (e2e_asr_attctc_th:2091) INFO: max output length: 62
2018-07-11 13:13:32,901 (e2e_asr_attctc_th:2092) INFO: min output length: 0
2018-07-11 13:13:34,643 (e2e_asr_attctc_th:2206) INFO: no hypothesis. Finish decoding.
2018-07-11 13:13:34,643 (e2e_asr_attctc_th:2217) INFO: total log probability: -14.337032456
2018-07-11 13:13:34,643 (e2e_asr_attctc_th:2218) INFO: normalized log probability: -1.02407374685
2018-07-11 13:13:34,644 (asr_pytorch:468) INFO: groundtruth[12_spk_12_039721-039971]: 戛疊佬三倔度俏6濛咋討喋
2018-07-11 13:13:34,644 (asr_pytorch:469) INFO: prediction [12_spk_12_039721-039971]: 仲有一個底翻去錄一感覺啦<eos>
2018-07-11 13:13:34,652 (e2e_asr_attctc_th:2977) INFO: BLSTMP input lengths: [54]
2018-07-11 13:13:34,769 (e2e_asr_attctc_th:2067) INFO: input lengths: 14
2018-07-11 13:13:34,769 (e2e_asr_attctc_th:2091) INFO: max output length: 14
2018-07-11 13:13:34,769 (e2e_asr_attctc_th:2092) INFO: min output length: 0
2018-07-11 13:13:35,224 (e2e_asr_attctc_th:2199) INFO: end detected at 8
2018-07-11 13:13:35,224 (e2e_asr_attctc_th:2217) INFO: total log probability: -1.29462346621
2018-07-11 13:13:35,224 (e2e_asr_attctc_th:2218) INFO: normalized log probability: -0.431541155403
2018-07-11 13:13:35,225 (asr_pytorch:468) INFO: groundtruth[1501-2_spk_1501_2_033654-033710]: 妊
2018-07-11 13:13:35,225 (asr_pytorch:469) INFO: prediction [1501-2_spk_1501_2_033654-033710]: 哦<eos>
2018-07-11 13:13:35,232 (e2e_asr_attctc_th:2977) INFO: BLSTMP input lengths: [24]
2018-07-11 13:13:35,286 (e2e_asr_attctc_th:2067) INFO: input lengths: 6
2018-07-11 13:13:35,287 (e2e_asr_attctc_th:2091) INFO: max output length: 6
2018-07-11 13:13:35,287 (e2e_asr_attctc_th:2092) INFO: min output length: 0
2018-07-11 13:13:35,590 (e2e_asr_attctc_th:2180) INFO: adding <eos> in the last postion in the loop
2018-07-11 13:13:35,590 (e2e_asr_attctc_th:2206) INFO: no hypothesis. Finish decoding.
2018-07-11 13:13:35,590 (e2e_asr_attctc_th:2217) INFO: total log probability: -1.98584258556
2018-07-11 13:13:35,591 (e2e_asr_attctc_th:2218) INFO: normalized log probability: -0.661947528521
2018-07-11 13:13:35,591 (asr_pytorch:468) INFO: groundtruth[1502-2_spk_1502_2_089468-089494]: B
2018-07-11 13:13:35,591 (asr_pytorch:469) INFO: prediction [1502-2_spk_1502_2_089468-089494]: <SPK/><eos>
2018-07-11 13:13:35,599 (e2e_asr_attctc_th:2977) INFO: BLSTMP input lengths: [198]
2018-07-11 13:13:35,880 (e2e_asr_attctc_th:2067) INFO: input lengths: 50
2018-07-11 13:13:35,881 (e2e_asr_attctc_th:2091) INFO: max output length: 50
2018-07-11 13:13:35,881 (e2e_asr_attctc_th:2092) INFO: min output length: 0
2018-07-11 13:13:38,006 (e2e_asr_attctc_th:2199) INFO: end detected at 19
2018-07-11 13:13:38,007 (e2e_asr_attctc_th:2217) INFO: total log probability: -6.28237674013
2018-07-11 13:13:38,007 (e2e_asr_attctc_th:2218) INFO: normalized log probability: -0.483259749241
2018-07-11 13:13:38,008 (asr_pytorch:468) INFO: groundtruth[1504-1_spk_1504_1_008140-008340]: 冀寫戛址召夢倔SJJIV旨誅尻
2018-07-11 13:13:38,008 (asr_pytorch:469) INFO: prediction [1504-1_spk_1504_1_008140-008340]: 成我哋另外過我飯嘅話就<eos>
2018-07-11 13:13:38,016 (e2e_asr_attctc_th:2977) INFO: BLSTMP input lengths: [236]
2018-07-11 13:13:38,350 (e2e_asr_attctc_th:2067) INFO: input lengths: 59
2018-07-11 13:13:38,351 (e2e_asr_attctc_th:2091) INFO: max output length: 59
2018-07-11 13:13:38,351 (e2e_asr_attctc_th:2092) INFO: min output length: 0
2018-07-11 13:13:39,856 (e2e_asr_attctc_th:2206) INFO: no hypothesis. Finish decoding.
2018-07-11 13:13:39,856 (e2e_asr_attctc_th:2217) INFO: total log probability: -7.43272198271
2018-07-11 13:13:39,856 (e2e_asr_attctc_th:2218) INFO: normalized log probability: -0.571747844824
2018-07-11 13:13:39,857 (asr_pytorch:468) INFO: groundtruth[9_spk_9_022452-022690]: 住佰然誅賦錯呈倔啼㨃嘢
2018-07-11 13:13:39,857 (asr_pytorch:469) INFO: prediction [9_spk_9_022452-022690]: 揀佢冇話背錢啊嗰啲噶嘛<eos>
2018-07-11 13:13:39,865 (e2e_asr_attctc_th:2977) INFO: BLSTMP input lengths: [381]
2018-07-11 13:13:40,385 (e2e_asr_attctc_th:2067) INFO: input lengths: 96
2018-07-11 13:13:40,385 (e2e_asr_attctc_th:2091) INFO: max output length: 96
2018-07-11 13:13:40,385 (e2e_asr_attctc_th:2092) INFO: min output length: 0
2018-07-11 13:13:45,224 (e2e_asr_attctc_th:2199) INFO: end detected at 34
2018-07-11 13:13:45,225 (e2e_asr_attctc_th:2217) INFO: total log probability: -19.9169872114
2018-07-11 13:13:45,225 (e2e_asr_attctc_th:2218) INFO: normalized log probability: -0.686792662464
2018-07-11 13:13:45,226 (asr_pytorch:468) INFO: groundtruth[3_spk_3_032027-032410]: 嚦緘啯哲兮幻<unk>紋八邕呯戛服俏佬倔對岀EGGSYRXQEREKIV嚦嘍
2018-07-11 13:13:45,227 (asr_pytorch:469) INFO: prediction [3_spk_3_032027-032410]: 你咁啱呢兩年樓嘅入邊呢我話係你個專賽三MANMY上嚟嘅<eos>
2018-07-11 13:13:45,241 (e2e_asr_attctc_th:2977) INFO: BLSTMP input lengths: [142]
2018-07-11 13:13:45,595 (e2e_asr_attctc_th:2067) INFO: input lengths: 36
2018-07-11 13:13:45,595 (e2e_asr_attctc_th:2091) INFO: max output length: 36
2018-07-11 13:13:45,595 (e2e_asr_attctc_th:2092) INFO: min output length: 0
2018-07-11 13:13:47,756 (e2e_asr_attctc_th:2199) INFO: end detected at 15
2018-07-11 13:13:47,757 (e2e_asr_attctc_th:2217) INFO: total log probability: -4.75973056443
2018-07-11 13:13:47,757 (e2e_asr_attctc_th:2218) INFO: normalized log probability: -0.432702778585
2018-07-11 13:13:47,760 (asr_pytorch:468) INFO: groundtruth[1504-1_spk_1504_1_045420-045564]: 4000列鐲鄔唪天扚啖
2018-07-11 13:13:47,760 (asr_pytorch:469) INFO: prediction [1504-1_spk_1504_1_045420-045564]: 四韆翻咗都唔夠打啊<eos>
2018-07-11 13:13:47,772 (e2e_asr_attctc_th:2977) INFO: BLSTMP input lengths: [140]
2018-07-11 13:13:47,973 (e2e_asr_attctc_th:2067) INFO: input lengths: 35
2018-07-11 13:13:47,974 (e2e_asr_attctc_th:2091) INFO: max output length: 35
2018-07-11 13:13:47,974 (e2e_asr_attctc_th:2092) INFO: min output length: 0
2018-07-11 13:13:49,061 (e2e_asr_attctc_th:2206) INFO: no hypothesis. Finish decoding.
2018-07-11 13:13:49,062 (e2e_asr_attctc_th:2217) INFO: total log probability: -8.36491793767
2018-07-11 13:13:49,062 (e2e_asr_attctc_th:2218) INFO: normalized log probability: -0.836491793767
2018-07-11 13:13:49,062 (asr_pytorch:468) INFO: groundtruth[1501-1_spk_1501_1_032680-032822]: 吔埗放咩彈WMQ危呯
2018-07-11 13:13:49,062 (asr_pytorch:469) INFO: prediction [1501-1_spk_1501_1_032680-032822]: 同佢收咗咯先交呢<eos>
2018-07-11 13:13:49,071 (e2e_asr_attctc_th:2977) INFO: BLSTMP input lengths: [454]
2018-07-11 13:13:49,705 (e2e_asr_attctc_th:2067) INFO: input lengths: 114
2018-07-11 13:13:49,705 (e2e_asr_attctc_th:2091) INFO: max output length: 114
2018-07-11 13:13:49,705 (e2e_asr_attctc_th:2092) INFO: min output length: 0
2018-07-11 13:13:55,985 (e2e_asr_attctc_th:2199) INFO: end detected at 41
2018-07-11 13:13:55,985 (e2e_asr_attctc_th:2217) INFO: total log probability: -35.2899233773
2018-07-11 13:13:55,985 (e2e_asr_attctc_th:2218) INFO: normalized log probability: -1.00828352507
2018-07-11 13:13:55,987 (asr_pytorch:468) INFO: groundtruth[1503-1_spk_1503_1_052700-053155]: 哭唪嗄刺旨誅呯佰服享仰迫毯疊偌旨吔井叄掩仰迫啖徘尖姚佬呯倔佬唪津據忐
2018-07-11 13:13:55,987 (asr_pytorch:469) INFO: prediction [1503-1_spk_1503_1_052700-053155]: 我喺度讀嘅話一句迴傢大地方整嘅手指嗰啲大三十四次帶人呢個嚟唔係單噶<eos>
2018-07-11 13:13:55,999 (e2e_asr_attctc_th:2977) INFO: BLSTMP input lengths: [232]
2018-07-11 13:13:56,379 (e2e_asr_attctc_th:2067) INFO: input lengths: 58
2018-07-11 13:13:56,380 (e2e_asr_attctc_th:2091) INFO: max output length: 58
2018-07-11 13:13:56,380 (e2e_asr_attctc_th:2092) INFO: min output length: 0
2018-07-11 13:13:58,695 (e2e_asr_attctc_th:2199) INFO: end detected at 18
2018-07-11 13:13:58,696 (e2e_asr_attctc_th:2217) INFO: total log probability: -5.96433619782
2018-07-11 13:13:58,696 (e2e_asr_attctc_th:2218) INFO: normalized log probability: -0.42602401413
2018-07-11 13:13:58,698 (asr_pytorch:468) INFO: groundtruth[1502-2_spk_1502_2_001630-001864]: 住霆誅然波掩速妊奏恆呈
2018-07-11 13:13:58,698 (asr_pytorch:469) INFO: prediction [1502-2_spk_1502_2_001630-001864]: 但係電話冇花節中好奇怪啊<eos>
2018-07-11 13:13:58,712 (e2e_asr_attctc_th:2977) INFO: BLSTMP input lengths: [94]
2018-07-11 13:13:58,941 (e2e_asr_attctc_th:2067) INFO: input lengths: 24
2018-07-11 13:13:58,942 (e2e_asr_attctc_th:2091) INFO: max output length: 24
2018-07-11 13:13:58,942 (e2e_asr_attctc_th:2092) INFO: min output length: 0
2018-07-11 13:13:59,983 (e2e_asr_attctc_th:2199) INFO: end detected at 12
2018-07-11 13:13:59,984 (e2e_asr_attctc_th:2217) INFO: total log probability: -3.60675016418
2018-07-11 13:13:59,984 (e2e_asr_attctc_th:2218) INFO: normalized log probability: -0.515250023454
2018-07-11 13:13:59,984 (asr_pytorch:468) INFO: groundtruth[1504-1_spk_1504_1_004106-004202]: 哭然院且綺
2018-07-11 13:13:59,985 (asr_pytorch:469) INFO: prediction [1504-1_spk_1504_1_004106-004202]: 我唔玩上網<eos>
2018-07-11 13:13:59,993 (e2e_asr_attctc_th:2977) INFO: BLSTMP input lengths: [270]
2018-07-11 13:14:00,408 (e2e_asr_attctc_th:2067) INFO: input lengths: 68
2018-07-11 13:14:00,408 (e2e_asr_attctc_th:2091) INFO: max output length: 68
2018-07-11 13:14:00,408 (e2e_asr_attctc_th:2092) INFO: min output length: 0
2018-07-11 13:14:02,792 (e2e_asr_attctc_th:2206) INFO: no hypothesis. Finish decoding.
2018-07-11 13:14:02,793 (e2e_asr_attctc_th:2217) INFO: total log probability: -6.77025267575
2018-07-11 13:14:02,793 (e2e_asr_attctc_th:2218) INFO: normalized log probability: -0.451350178383
2018-07-11 13:14:02,794 (asr_pytorch:468) INFO: groundtruth[1501-1_spk_1501_1_073662-073934]: 戛據忐尻俏佬戳斌未嗷邕嘍啵
2018-07-11 13:14:02,794 (asr_pytorch:469) INFO: prediction [1501-1_spk_1501_1_073662-073934]: 我心心就係你自數皮嗰邊嘅啫<eos>
2018-07-11 13:14:02,808 (e2e_asr_attctc_th:2977) INFO: BLSTMP input lengths: [96]
2018-07-11 13:14:03,078 (e2e_asr_attctc_th:2067) INFO: input lengths: 24
2018-07-11 13:14:03,079 (e2e_asr_attctc_th:2091) INFO: max output length: 24
2018-07-11 13:14:03,079 (e2e_asr_attctc_th:2092) INFO: min output length: 0
2018-07-11 13:14:04,071 (e2e_asr_attctc_th:2199) INFO: end detected at 9
2018-07-11 13:14:04,072 (e2e_asr_attctc_th:2217) INFO: total log probability: -0.585149480496
2018-07-11 13:14:04,072 (e2e_asr_attctc_th:2218) INFO: normalized log probability: -0.117029896099
2018-07-11 13:14:04,074 (asr_pytorch:468) INFO: groundtruth[1503-2_spk_1503_2_038873-038971]: 哭俏啯
2018-07-11 13:14:04,074 (asr_pytorch:469) INFO: prediction [1503-2_spk_1503_2_038873-038971]: 哦係啊<eos>
2018-07-11 13:14:04,088 (e2e_asr_attctc_th:2977) INFO: BLSTMP input lengths: [198]
2018-07-11 13:14:04,548 (e2e_asr_attctc_th:2067) INFO: input lengths: 50
2018-07-11 13:14:04,548 (e2e_asr_attctc_th:2091) INFO: max output length: 50
2018-07-11 13:14:04,548 (e2e_asr_attctc_th:2092) INFO: min output length: 0
2018-07-11 13:14:05,892 (e2e_asr_attctc_th:2199) INFO: end detected at 11
2018-07-11 13:14:05,892 (e2e_asr_attctc_th:2217) INFO: total log probability: -2.18448814005
2018-07-11 13:14:05,892 (e2e_asr_attctc_th:2218) INFO: normalized log probability: -0.364081356674
2018-07-11 13:14:05,893 (asr_pytorch:468) INFO: groundtruth[1501-2_spk_1501_2_079786-079986]: 呈唪俏呈
2018-07-11 13:14:05,893 (asr_pytorch:469) INFO: prediction [1501-2_spk_1501_2_079786-079986]: 啊唔係啊<eos>
2018-07-11 13:14:05,901 (e2e_asr_attctc_th:2977) INFO: BLSTMP input lengths: [230]
2018-07-11 13:14:06,369 (e2e_asr_attctc_th:2067) INFO: input lengths: 58
2018-07-11 13:14:06,369 (e2e_asr_attctc_th:2091) INFO: max output length: 58
2018-07-11 13:14:06,369 (e2e_asr_attctc_th:2092) INFO: min output length: 0
2018-07-11 13:14:08,480 (e2e_asr_attctc_th:2199) INFO: end detected at 19
2018-07-11 13:14:08,481 (e2e_asr_attctc_th:2217) INFO: total log probability: -9.80882922933
2018-07-11 13:14:08,481 (e2e_asr_attctc_th:2218) INFO: normalized log probability: -0.754525325333
2018-07-11 13:14:08,482 (asr_pytorch:468) INFO: groundtruth[1504-1_spk_1504_1_050244-050476]: 哭咋咱妊唪旅俊囖咋嗄兲各
2018-07-11 13:14:08,482 (asr_pytorch:469) INFO: prediction [1504-1_spk_1504_1_050244-050476]: 哦今日唔方便咯真係公司<eos>
2018-07-11 13:14:08,490 (e2e_asr_attctc_th:2977) INFO: BLSTMP input lengths: [216]
2018-07-11 13:14:08,794 (e2e_asr_attctc_th:2067) INFO: input lengths: 54
2018-07-11 13:14:08,795 (e2e_asr_attctc_th:2091) INFO: max output length: 54
2018-07-11 13:14:08,795 (e2e_asr_attctc_th:2092) INFO: min output length: 0
2018-07-11 13:14:09,985 (e2e_asr_attctc_th:2199) INFO: end detected at 13
2018-07-11 13:14:09,985 (e2e_asr_attctc_th:2217) INFO: total log probability: -5.97234680317
2018-07-11 13:14:09,985 (e2e_asr_attctc_th:2218) INFO: normalized log probability: -0.746543350397
2018-07-11 13:14:09,987 (asr_pytorch:468) INFO: groundtruth[9_spk_9_032782-033000]: BB卿俏佬感怦俏
2018-07-11 13:14:09,987 (asr_pytorch:469) INFO: prediction [9_spk_9_032782-033000]: 誒佢個意思係<eos>
2018-07-11 13:14:09,994 (e2e_asr_attctc_th:2977) INFO: BLSTMP input lengths: [105]
2018-07-11 13:14:10,163 (e2e_asr_attctc_th:2067) INFO: input lengths: 27
2018-07-11 13:14:10,164 (e2e_asr_attctc_th:2091) INFO: max output length: 27
2018-07-11 13:14:10,164 (e2e_asr_attctc_th:2092) INFO: min output length: 0
2018-07-11 13:14:11,198 (e2e_asr_attctc_th:2199) INFO: end detected at 13
2018-07-11 13:14:11,199 (e2e_asr_attctc_th:2217) INFO: total log probability: -7.71220099926
2018-07-11 13:14:11,199 (e2e_asr_attctc_th:2218) INFO: normalized log probability: -1.10174299989
2018-07-11 13:14:11,200 (asr_pytorch:468) INFO: groundtruth[1503-2_spk_1503_2_052558-052665]: 咋佰唪嗄刺咋黴
2018-07-11 13:14:11,200 (asr_pytorch:469) INFO: prediction [1503-2_spk_1503_2_052558-052665]: 誒可能奶到<eos>
2018-07-11 13:14:11,207 (e2e_asr_attctc_th:2977) INFO: BLSTMP input lengths: [65]
2018-07-11 13:14:11,321 (e2e_asr_attctc_th:2067) INFO: input lengths: 17
2018-07-11 13:14:11,321 (e2e_asr_attctc_th:2091) INFO: max output length: 17
2018-07-11 13:14:11,321 (e2e_asr_attctc_th:2092) INFO: min output length: 0
2018-07-11 13:14:11,905 (e2e_asr_attctc_th:2199) INFO: end detected at 9
2018-07-11 13:14:11,905 (e2e_asr_attctc_th:2217) INFO: total log probability: -1.25575953722
2018-07-11 13:14:11,905 (e2e_asr_attctc_th:2218) INFO: normalized log probability: -0.313939884305
2018-07-11 13:14:11,906 (asr_pytorch:468) INFO: groundtruth[1503-2_spk_1503_2_054909-054976]: 幀咯吟
2018-07-11 13:14:11,906 (asr_pytorch:469) INFO: prediction [1503-2_spk_1503_2_054909-054976]: 但係<eos>
2018-07-11 13:14:11,915 (e2e_asr_attctc_th:2977) INFO: BLSTMP input lengths: [453]
2018-07-11 13:14:12,534 (e2e_asr_attctc_th:2067) INFO: input lengths: 114
2018-07-11 13:14:12,535 (e2e_asr_attctc_th:2091) INFO: max output length: 114
2018-07-11 13:14:12,535 (e2e_asr_attctc_th:2092) INFO: min output length: 0
2018-07-11 13:14:17,496 (e2e_asr_attctc_th:2199) INFO: end detected at 34
2018-07-11 13:14:17,497 (e2e_asr_attctc_th:2217) INFO: total log probability: -32.5697924085
2018-07-11 13:14:17,497 (e2e_asr_attctc_th:2218) INFO: normalized log probability: -1.20628860772
2018-07-11 13:14:17,498 (asr_pytorch:468) INFO: groundtruth[8_spk_8_009552-010007]: 倔霆誅尻<unk>琉三倔啞顔邋晉佬員覓覓蔓玓朵朵天六<unk>
2018-07-11 13:14:17,498 (asr_pytorch:469) INFO: prediction [8_spk_8_009552-010007]: 我哋咪睇到雖然一個人排男嘅你哋撲我就實落嚟你就全部<eos>
2018-07-11 13:14:17,508 (e2e_asr_attctc_th:2977) INFO: BLSTMP input lengths: [525]
2018-07-11 13:14:18,231 (e2e_asr_attctc_th:2067) INFO: input lengths: 132
2018-07-11 13:14:18,231 (e2e_asr_attctc_th:2091) INFO: max output length: 132
2018-07-11 13:14:18,231 (e2e_asr_attctc_th:2092) INFO: min output length: 0
2018-07-11 13:14:23,552 (e2e_asr_attctc_th:2199) INFO: end detected at 32
2018-07-11 13:14:23,552 (e2e_asr_attctc_th:2217) INFO: total log probability: -18.028852718
2018-07-11 13:14:23,552 (e2e_asr_attctc_th:2218) INFO: normalized log probability: -0.66773528585
2018-07-11 13:14:23,554 (asr_pytorch:468) INFO: groundtruth[1505-1_spk_1505_1_025163-025689]: 佬見睛考冀寫嗺妊而寫謬GWP佰嗄呯兮幻旨惕泌丕呯
2018-07-11 13:14:23,554 (asr_pytorch:469) INFO: prediction [1505-1_spk_1505_1_025163-025689]: 你要睇翻其實啦好老實講聲之後佢喺呢個兩年誒成講下嘞<eos>
2018-07-11 13:14:23,562 (e2e_asr_attctc_th:2977) INFO: BLSTMP input lengths: [198]
2018-07-11 13:14:23,904 (e2e_asr_attctc_th:2067) INFO: input lengths: 50
2018-07-11 13:14:23,905 (e2e_asr_attctc_th:2091) INFO: max output length: 50
2018-07-11 13:14:23,905 (e2e_asr_attctc_th:2092) INFO: min output length: 0
2018-07-11 13:14:26,235 (e2e_asr_attctc_th:2199) INFO: end detected at 19
2018-07-11 13:14:26,235 (e2e_asr_attctc_th:2217) INFO: total log probability: -9.82386728376
2018-07-11 13:14:26,235 (e2e_asr_attctc_th:2218) INFO: normalized log probability: -0.701704805983
2018-07-11 13:14:26,236 (asr_pytorch:468) INFO: groundtruth[1501-1_spk_1501_1_082302-082502]: 戡耐咋呈杖尖姚妍枱佬
2018-07-11 13:14:26,236 (asr_pytorch:469) INFO: prediction [1501-1_spk_1501_1_082302-082502]: 我覺得咁樣你試使如果你咪<eos>
2018-07-11 13:14:26,244 (e2e_asr_attctc_th:2977) INFO: BLSTMP input lengths: [236]
2018-07-11 13:14:26,595 (e2e_asr_attctc_th:2067) INFO: input lengths: 59
2018-07-11 13:14:26,595 (e2e_asr_attctc_th:2091) INFO: max output length: 59
2018-07-11 13:14:26,595 (e2e_asr_attctc_th:2092) INFO: min output length: 0
2018-07-11 13:14:29,011 (e2e_asr_attctc_th:2199) INFO: end detected at 22
2018-07-11 13:14:29,011 (e2e_asr_attctc_th:2217) INFO: total log probability: -11.618374845
2018-07-11 13:14:29,011 (e2e_asr_attctc_th:2218) INFO: normalized log probability: -0.683433814413
2018-07-11 13:14:29,013 (asr_pytorch:468) INFO: groundtruth[1504-1_spk_1504_1_014125-014363]: 享間序夥錯咋吟姚俏妍枱佬嗷邕然院且綺
2018-07-11 13:14:29,013 (asr_pytorch:469) INFO: prediction [1504-1_spk_1504_1_014125-014363]: 加安幾錢噶乜色如果你嗰邊玩上網<eos>
2018-07-11 13:14:29,021 (e2e_asr_attctc_th:2977) INFO: BLSTMP input lengths: [331]
2018-07-11 13:14:29,621 (e2e_asr_attctc_th:2067) INFO: input lengths: 83
2018-07-11 13:14:29,622 (e2e_asr_attctc_th:2091) INFO: max output length: 83
2018-07-11 13:14:29,622 (e2e_asr_attctc_th:2092) INFO: min output length: 0
2018-07-11 13:14:32,391 (e2e_asr_attctc_th:2206) INFO: no hypothesis. Finish decoding.
2018-07-11 13:14:32,391 (e2e_asr_attctc_th:2217) INFO: total log probability: -21.067976926
2018-07-11 13:14:32,391 (e2e_asr_attctc_th:2218) INFO: normalized log probability: -1.00323699648
2018-07-11 13:14:32,392 (asr_pytorch:468) INFO: groundtruth[1503-1_spk_1503_1_080081-080414]: 佬鄔唪震見得裱戡耐佬由GVIHMXGEVH臺勞轟帽吟
2018-07-11 13:14:32,392 (asr_pytorch:469) INFO: prediction [1503-1_spk_1503_1_080081-080414]: 你都唔識用校樓話緊你又嗰啲測試個轉唱啦<eos>
2018-07-11 13:14:32,401 (e2e_asr_attctc_th:2977) INFO: BLSTMP input lengths: [425]
2018-07-11 13:14:32,963 (e2e_asr_attctc_th:2067) INFO: input lengths: 107
2018-07-11 13:14:32,963 (e2e_asr_attctc_th:2091) INFO: max output length: 107
2018-07-11 13:14:32,964 (e2e_asr_attctc_th:2092) INFO: min output length: 0
2018-07-11 13:14:37,186 (e2e_asr_attctc_th:2199) INFO: end detected at 31
2018-07-11 13:14:37,186 (e2e_asr_attctc_th:2217) INFO: total log probability: -37.8654402792
2018-07-11 13:14:37,186 (e2e_asr_attctc_th:2218) INFO: normalized log probability: -1.51461761117
2018-07-11 13:14:37,187 (asr_pytorch:468) INFO: groundtruth[12_spk_12_065929-066356]: 34旬剛嗺俏喋咋疊煉佬見汙仕晟
2018-07-11 13:14:37,187 (asr_pytorch:469) INFO: prediction [12_spk_12_065929-066356]: 暫肥日顯啦我真之LANGINE先中心法上有靚呢<eos>
2018-07-11 13:14:37,194 (e2e_asr_attctc_th:2977) INFO: BLSTMP input lengths: [184]
2018-07-11 13:14:37,442 (e2e_asr_attctc_th:2067) INFO: input lengths: 46
2018-07-11 13:14:37,443 (e2e_asr_attctc_th:2091) INFO: max output length: 46
2018-07-11 13:14:37,443 (e2e_asr_attctc_th:2092) INFO: min output length: 0
2018-07-11 13:14:39,164 (e2e_asr_attctc_th:2199) INFO: end detected at 18
2018-07-11 13:14:39,164 (e2e_asr_attctc_th:2217) INFO: total log probability: -7.80725421011
2018-07-11 13:14:39,164 (e2e_asr_attctc_th:2218) INFO: normalized log probability: -0.65060451751
2018-07-11 13:14:39,165 (asr_pytorch:468) INFO: groundtruth[1502-2_spk_1502_2_050494-050680]: 綺絨側迫妊倔叨<unk>囖俏呈
2018-07-11 13:14:39,166 (asr_pytorch:469) INFO: prediction [1502-2_spk_1502_2_050494-050680]: 望落咗班好好味噶係啊<eos>
2018-07-11 13:14:39,177 (e2e_asr_attctc_th:2977) INFO: BLSTMP input lengths: [88]
2018-07-11 13:14:39,314 (e2e_asr_attctc_th:2067) INFO: input lengths: 22
2018-07-11 13:14:39,315 (e2e_asr_attctc_th:2091) INFO: max output length: 22
2018-07-11 13:14:39,315 (e2e_asr_attctc_th:2092) INFO: min output length: 0
2018-07-11 13:14:39,875 (e2e_asr_attctc_th:2206) INFO: no hypothesis. Finish decoding.
2018-07-11 13:14:39,875 (e2e_asr_attctc_th:2217) INFO: total log probability: -5.4169743862
2018-07-11 13:14:39,875 (e2e_asr_attctc_th:2218) INFO: normalized log probability: -0.773853483743
2018-07-11 13:14:39,875 (asr_pytorch:468) INFO: groundtruth[8_spk_8_032097-032187]: 邕邕倔匡呈
2018-07-11 13:14:39,875 (asr_pytorch:469) INFO: prediction [8_spk_8_032097-032187]: 邊邊個得啦<eos>
2018-07-11 13:14:39,884 (e2e_asr_attctc_th:2977) INFO: BLSTMP input lengths: [373]
2018-07-11 13:14:40,370 (e2e_asr_attctc_th:2067) INFO: input lengths: 94
2018-07-11 13:14:40,370 (e2e_asr_attctc_th:2091) INFO: max output length: 94
2018-07-11 13:14:40,370 (e2e_asr_attctc_th:2092) INFO: min output length: 0
2018-07-11 13:14:43,101 (e2e_asr_attctc_th:2206) INFO: no hypothesis. Finish decoding.
2018-07-11 13:14:43,101 (e2e_asr_attctc_th:2217) INFO: total log probability: -3.37142175989
2018-07-11 13:14:43,101 (e2e_asr_attctc_th:2218) INFO: normalized log probability: -0.168571087994
2018-07-11 13:14:43,102 (asr_pytorch:468) INFO: groundtruth[4_spk_4_062433-062808]: 咋反司脇呯俏囹烕疊晏佬乒剛俏朕皂訢道
2018-07-11 13:14:43,102 (asr_pytorch:469) INFO: prediction [4_spk_4_062433-062808]: 咁又可能嘞係因為當時你之前係有得幾個<eos>
2018-07-11 13:14:43,109 (e2e_asr_attctc_th:2977) INFO: BLSTMP input lengths: [11]
2018-07-11 13:14:43,143 (e2e_asr_attctc_th:2067) INFO: input lengths: 3
2018-07-11 13:14:43,144 (e2e_asr_attctc_th:2091) INFO: max output length: 3
2018-07-11 13:14:43,144 (e2e_asr_attctc_th:2092) INFO: min output length: 0
2018-07-11 13:14:43,312 (e2e_asr_attctc_th:2180) INFO: adding <eos> in the last postion in the loop
2018-07-11 13:14:43,313 (e2e_asr_attctc_th:2206) INFO: no hypothesis. Finish decoding.
2018-07-11 13:14:43,313 (e2e_asr_attctc_th:2217) INFO: total log probability: -0.204398566857
2018-07-11 13:14:43,313 (e2e_asr_attctc_th:2218) INFO: normalized log probability: -0.068132855619
2018-07-11 13:14:43,314 (asr_pytorch:468) INFO: groundtruth[1502-2_spk_1502_2_023814-023827]: 俏
2018-07-11 13:14:43,315 (asr_pytorch:469) INFO: prediction [1502-2_spk_1502_2_023814-023827]: 係<eos>
2018-07-11 13:14:43,330 (e2e_asr_attctc_th:2977) INFO: BLSTMP input lengths: [397]
2018-07-11 13:14:44,371 (e2e_asr_attctc_th:2067) INFO: input lengths: 100
2018-07-11 13:14:44,372 (e2e_asr_attctc_th:2091) INFO: max output length: 100
2018-07-11 13:14:44,372 (e2e_asr_attctc_th:2092) INFO: min output length: 0
2018-07-11 13:14:49,579 (e2e_asr_attctc_th:2199) INFO: end detected at 25
2018-07-11 13:14:49,580 (e2e_asr_attctc_th:2217) INFO: total log probability: -23.0961123109
2018-07-11 13:14:49,580 (e2e_asr_attctc_th:2218) INFO: normalized log probability: -1.21558485847
2018-07-11 13:14:49,584 (asr_pytorch:468) INFO: groundtruth[4_spk_4_037591-037990]: 唪由_MJM八唪刺佰誅見WQEVXSRI倔綺兒司件八刺哲倔ETTW咋
2018-07-11 13:14:49,585 (asr_pytorch:469) INFO: prediction [4_spk_4_037591-037990]: 有冇有一好啊係啊貓公係王邊有嘅咁樣<eos>
2018-07-11 13:14:49,602 (e2e_asr_attctc_th:2977) INFO: BLSTMP input lengths: [198]
2018-07-11 13:14:50,207 (e2e_asr_attctc_th:2067) INFO: input lengths: 50
2018-07-11 13:14:50,208 (e2e_asr_attctc_th:2091) INFO: max output length: 50
2018-07-11 13:14:50,208 (e2e_asr_attctc_th:2092) INFO: min output length: 0
2018-07-11 13:14:52,508 (e2e_asr_attctc_th:2199) INFO: end detected at 18
2018-07-11 13:14:52,509 (e2e_asr_attctc_th:2217) INFO: total log probability: -10.2053945232
2018-07-11 13:14:52,509 (e2e_asr_attctc_th:2218) INFO: normalized log probability: -0.78503034794
2018-07-11 13:14:52,510 (asr_pytorch:468) INFO: groundtruth[3_spk_3_044357-044557]: 鄔唪服嘍久見鄔俏睛牙嘍姚
2018-07-11 13:14:52,511 (asr_pytorch:469) INFO: prediction [3_spk_3_044357-044557]: 咁唔會啊主要真係大錢嘅<eos>
2018-07-11 13:14:52,522 (e2e_asr_attctc_th:2977) INFO: BLSTMP input lengths: [240]
2018-07-11 13:14:52,962 (e2e_asr_attctc_th:2067) INFO: input lengths: 60
2018-07-11 13:14:52,962 (e2e_asr_attctc_th:2091) INFO: max output length: 60
2018-07-11 13:14:52,963 (e2e_asr_attctc_th:2092) INFO: min output length: 0
2018-07-11 13:14:54,903 (e2e_asr_attctc_th:2206) INFO: no hypothesis. Finish decoding.
2018-07-11 13:14:54,903 (e2e_asr_attctc_th:2217) INFO: total log probability: -8.20214430988
2018-07-11 13:14:54,903 (e2e_asr_attctc_th:2218) INFO: normalized log probability: -0.546809620659
2018-07-11 13:14:54,903 (asr_pytorch:468) INFO: groundtruth[1502-2_spk_1502_2_046833-047075]: 鋼咩45K嘍綺絨乒餡嘍誅
2018-07-11 13:14:54,903 (asr_pytorch:469) INFO: prediction [1502-2_spk_1502_2_046833-047075]: 偷咗四點唔知嘅網絡之餘嘅話<eos>
2018-07-11 13:14:54,910 (e2e_asr_attctc_th:2977) INFO: BLSTMP input lengths: [16]
2018-07-11 13:14:54,958 (e2e_asr_attctc_th:2067) INFO: input lengths: 4
2018-07-11 13:14:54,959 (e2e_asr_attctc_th:2091) INFO: max output length: 4
2018-07-11 13:14:54,959 (e2e_asr_attctc_th:2092) INFO: min output length: 0
2018-07-11 13:14:55,175 (e2e_asr_attctc_th:2180) INFO: adding <eos> in the last postion in the loop
2018-07-11 13:14:55,176 (e2e_asr_attctc_th:2206) INFO: no hypothesis. Finish decoding.
2018-07-11 13:14:55,176 (e2e_asr_attctc_th:2217) INFO: total log probability: -0.0155864669941
2018-07-11 13:14:55,176 (e2e_asr_attctc_th:2218) INFO: normalized log probability: -0.00519548899805
2018-07-11 13:14:55,176 (asr_pytorch:468) INFO: groundtruth[1502-2_spk_1502_2_067335-067353]: 嗶
2018-07-11 13:14:55,177 (asr_pytorch:469) INFO: prediction [1502-2_spk_1502_2_067335-067353]: 嗯<eos>
2018-07-11 13:14:55,184 (e2e_asr_attctc_th:2977) INFO: BLSTMP input lengths: [103]
2018-07-11 13:14:55,343 (e2e_asr_attctc_th:2067) INFO: input lengths: 26
2018-07-11 13:14:55,344 (e2e_asr_attctc_th:2091) INFO: max output length: 26
2018-07-11 13:14:55,344 (e2e_asr_attctc_th:2092) INFO: min output length: 0
2018-07-11 13:14:56,528 (e2e_asr_attctc_th:2199) INFO: end detected at 14
2018-07-11 13:14:56,528 (e2e_asr_attctc_th:2217) INFO: total log probability: -7.6228440851
2018-07-11 13:14:56,528 (e2e_asr_attctc_th:2218) INFO: normalized log probability: -1.08897772644
2018-07-11 13:14:56,530 (asr_pytorch:468) INFO: groundtruth[3_spk_3_055815-055920]: 戛戛
2018-07-11 13:14:56,530 (asr_pytorch:469) INFO: prediction [3_spk_3_055815-055920]: 幫你再定係<eos>
2018-07-11 13:14:56,539 (e2e_asr_attctc_th:2977) INFO: BLSTMP input lengths: [460]
2018-07-11 13:14:57,208 (e2e_asr_attctc_th:2067) INFO: input lengths: 115
2018-07-11 13:14:57,208 (e2e_asr_attctc_th:2091) INFO: max output length: 115
2018-07-11 13:14:57,209 (e2e_asr_attctc_th:2092) INFO: min output length: 0
2018-07-11 13:15:00,391 (e2e_asr_attctc_th:2206) INFO: no hypothesis. Finish decoding.
2018-07-11 13:15:00,391 (e2e_asr_attctc_th:2217) INFO: total log probability: -4.56871888967
2018-07-11 13:15:00,391 (e2e_asr_attctc_th:2218) INFO: normalized log probability: -0.217558042365
2018-07-11 13:15:00,392 (asr_pytorch:468) INFO: groundtruth[1504-1_spk_1504_1_044020-044482]: 夭榕冀寫三旬旨誅尻扚戚2倔序鎖霆誅柎喔
2018-07-11 13:15:00,393 (asr_pytorch:469) INFO: prediction [1504-1_spk_1504_1_044020-044482]: 大概其實一日嘅話就打成兩個幾中年玩噶喎<eos>
2018-07-11 13:15:00,400 (e2e_asr_attctc_th:2977) INFO: BLSTMP input lengths: [133]
2018-07-11 13:15:00,589 (e2e_asr_attctc_th:2067) INFO: input lengths: 34
2018-07-11 13:15:00,589 (e2e_asr_attctc_th:2091) INFO: max output length: 34
2018-07-11 13:15:00,589 (e2e_asr_attctc_th:2092) INFO: min output length: 0
2018-07-11 13:15:01,636 (e2e_asr_attctc_th:2206) INFO: no hypothesis. Finish decoding.
2018-07-11 13:15:01,636 (e2e_asr_attctc_th:2217) INFO: total log probability: -1.59794813208
2018-07-11 13:15:01,636 (e2e_asr_attctc_th:2218) INFO: normalized log probability: -0.145268012008
2018-07-11 13:15:01,637 (asr_pytorch:468) INFO: groundtruth[1502-2_spk_1502_2_089497-089632]: B供妍俏卉亞蚊刺未
2018-07-11 13:15:01,637 (asr_pytorch:469) INFO: prediction [1502-2_spk_1502_2_089497-089632]: 誒例如係十五號都勁<eos>
2018-07-11 13:15:01,645 (e2e_asr_attctc_th:2977) INFO: BLSTMP input lengths: [298]
2018-07-11 13:15:02,166 (e2e_asr_attctc_th:2067) INFO: input lengths: 75
2018-07-11 13:15:02,167 (e2e_asr_attctc_th:2091) INFO: max output length: 75
2018-07-11 13:15:02,168 (e2e_asr_attctc_th:2092) INFO: min output length: 0
2018-07-11 13:15:07,138 (e2e_asr_attctc_th:2199) INFO: end detected at 32
2018-07-11 13:15:07,138 (e2e_asr_attctc_th:2217) INFO: total log probability: -18.356336894
2018-07-11 13:15:07,138 (e2e_asr_attctc_th:2218) INFO: normalized log probability: -0.679864329407
2018-07-11 13:15:07,140 (asr_pytorch:468) INFO: groundtruth[9_spk_9_055612-055912]: 咋煉得朕畸筩覓侶邕兒臼司件冗GEPP刺陋彈尖姚佬咋樺
2018-07-11 13:15:07,140 (asr_pytorch:469) INFO: prediction [9_spk_9_055612-055912]: 咁又有翻百工呢平先至可以再CALL到我將即係你咁樣<eos>
2018-07-11 13:15:07,147 (e2e_asr_attctc_th:2977) INFO: BLSTMP input lengths: [159]
2018-07-11 13:15:07,412 (e2e_asr_attctc_th:2067) INFO: input lengths: 40
2018-07-11 13:15:07,413 (e2e_asr_attctc_th:2091) INFO: max output length: 40
2018-07-11 13:15:07,413 (e2e_asr_attctc_th:2092) INFO: min output length: 0
2018-07-11 13:15:08,930 (e2e_asr_attctc_th:2199) INFO: end detected at 16
2018-07-11 13:15:08,931 (e2e_asr_attctc_th:2217) INFO: total log probability: -6.94487428851
2018-07-11 13:15:08,931 (e2e_asr_attctc_th:2218) INFO: normalized log probability: -0.694487428851
2018-07-11 13:15:08,932 (asr_pytorch:468) INFO: groundtruth[1502-1_spk_1502_1_094493-094654]: 妊呈妊呈妊呈SOSOSO
2018-07-11 13:15:08,932 (asr_pytorch:469) INFO: prediction [1502-1_spk_1502_1_094493-094654]: 我話話過我聽到咗<eos>
2018-07-11 13:15:08,942 (e2e_asr_attctc_th:2977) INFO: BLSTMP input lengths: [866]
2018-07-11 13:15:10,137 (e2e_asr_attctc_th:2067) INFO: input lengths: 217
2018-07-11 13:15:10,138 (e2e_asr_attctc_th:2091) INFO: max output length: 217
2018-07-11 13:15:10,138 (e2e_asr_attctc_th:2092) INFO: min output length: 0
2018-07-11 13:15:18,475 (e2e_asr_attctc_th:2199) INFO: end detected at 39
2018-07-11 13:15:18,475 (e2e_asr_attctc_th:2217) INFO: total log probability: -24.9500004742
2018-07-11 13:15:18,475 (e2e_asr_attctc_th:2218) INFO: normalized log probability: -0.77968751482
2018-07-11 13:15:18,476 (asr_pytorch:468) INFO: groundtruth[1504-2_spk_1504_2_034228-035096]: 丕佰唪俏唪俏B兀偌劫司件轟B且B朔賀吟嘢住俏朔賀唪司件轟兀偌吟嘢俏咱啖
2018-07-11 13:15:18,476 (asr_pytorch:469) INFO: prediction [1504-2_spk_1504_2_034228-035096]: 啊都唔係咪誒煮嘅傢可以完誒想誒貴啊嘛月費唔可以完主席啊嘛係嘛<eos>
2018-07-11 13:15:18,483 (e2e_asr_attctc_th:2977) INFO: BLSTMP input lengths: [35]
2018-07-11 13:15:18,550 (e2e_asr_attctc_th:2067) INFO: input lengths: 9
2018-07-11 13:15:18,550 (e2e_asr_attctc_th:2091) INFO: max output length: 9
2018-07-11 13:15:18,550 (e2e_asr_attctc_th:2092) INFO: min output length: 0
2018-07-11 13:15:19,065 (e2e_asr_attctc_th:2180) INFO: adding <eos> in the last postion in the loop
2018-07-11 13:15:19,065 (e2e_asr_attctc_th:2199) INFO: end detected at 8
2018-07-11 13:15:19,065 (e2e_asr_attctc_th:2217) INFO: total log probability: -1.26397778466
2018-07-11 13:15:19,065 (e2e_asr_attctc_th:2218) INFO: normalized log probability: -0.315994446166
2018-07-11 13:15:19,066 (asr_pytorch:468) INFO: groundtruth[1505-2_spk_1505_2_076857-076894]: 戛
2018-07-11 13:15:19,066 (asr_pytorch:469) INFO: prediction [1505-2_spk_1505_2_076857-076894]: 我好<eos>
2018-07-11 13:15:19,074 (e2e_asr_attctc_th:2977) INFO: BLSTMP input lengths: [165]
2018-07-11 13:15:19,305 (e2e_asr_attctc_th:2067) INFO: input lengths: 42
2018-07-11 13:15:19,305 (e2e_asr_attctc_th:2091) INFO: max output length: 42
2018-07-11 13:15:19,306 (e2e_asr_attctc_th:2092) INFO: min output length: 0
2018-07-11 13:15:20,038 (e2e_asr_attctc_th:2199) INFO: end detected at 9
2018-07-11 13:15:20,039 (e2e_asr_attctc_th:2217) INFO: total log probability: -0.301671835128
2018-07-11 13:15:20,039 (e2e_asr_attctc_th:2218) INFO: normalized log probability: -0.0603343670256
2018-07-11 13:15:20,040 (asr_pytorch:468) INFO: groundtruth[1505-1_spk_1505_1_040190-040357]: 俏戡耐
2018-07-11 13:15:20,040 (asr_pytorch:469) INFO: prediction [1505-1_spk_1505_1_040190-040357]: 係或者<eos>
2018-07-11 13:15:20,047 (e2e_asr_attctc_th:2977) INFO: BLSTMP input lengths: [108]
2018-07-11 13:15:20,210 (e2e_asr_attctc_th:2067) INFO: input lengths: 27
2018-07-11 13:15:20,210 (e2e_asr_attctc_th:2091) INFO: max output length: 27
2018-07-11 13:15:20,210 (e2e_asr_attctc_th:2092) INFO: min output length: 0
2018-07-11 13:15:21,218 (e2e_asr_attctc_th:2199) INFO: end detected at 13
2018-07-11 13:15:21,218 (e2e_asr_attctc_th:2217) INFO: total log probability: -5.92002171278
2018-07-11 13:15:21,218 (e2e_asr_attctc_th:2218) INFO: normalized log probability: -0.84571738754
2018-07-11 13:15:21,219 (asr_pytorch:468) INFO: groundtruth[9_spk_9_028447-028557]: QSFMPIHEXE俏
2018-07-11 13:15:21,219 (asr_pytorch:469) INFO: prediction [9_spk_9_028447-028557]: 係啊好似係<eos>
2018-07-11 13:15:21,227 (e2e_asr_attctc_th:2977) INFO: BLSTMP input lengths: [86]
2018-07-11 13:15:21,367 (e2e_asr_attctc_th:2067) INFO: input lengths: 22
2018-07-11 13:15:21,368 (e2e_asr_attctc_th:2091) INFO: max output length: 22
2018-07-11 13:15:21,368 (e2e_asr_attctc_th:2092) INFO: min output length: 0
2018-07-11 13:15:21,603 (e2e_asr_attctc_th:2206) INFO: no hypothesis. Finish decoding.
2018-07-11 13:15:21,603 (e2e_asr_attctc_th:2217) INFO: total log probability: -1.41876589879
2018-07-11 13:15:21,603 (e2e_asr_attctc_th:2218) INFO: normalized log probability: -0.354691474698
2018-07-11 13:15:21,604 (asr_pytorch:468) INFO: groundtruth[1501-1_spk_1501_1_016001-016088]: 咋尻
2018-07-11 13:15:21,604 (asr_pytorch:469) INFO: prediction [1501-1_spk_1501_1_016001-016088]: 五就<eos>
2018-07-11 13:15:21,612 (e2e_asr_attctc_th:2977) INFO: BLSTMP input lengths: [42]
2018-07-11 13:15:21,692 (e2e_asr_attctc_th:2067) INFO: input lengths: 11
2018-07-11 13:15:21,693 (e2e_asr_attctc_th:2091) INFO: max output length: 11
2018-07-11 13:15:21,693 (e2e_asr_attctc_th:2092) INFO: min output length: 0
2018-07-11 13:15:22,153 (e2e_asr_attctc_th:2199) INFO: end detected at 8
2018-07-11 13:15:22,153 (e2e_asr_attctc_th:2217) INFO: total log probability: -0.205013109371
2018-07-11 13:15:22,154 (e2e_asr_attctc_th:2218) INFO: normalized log probability: -0.0683377031237
2018-07-11 13:15:22,155 (asr_pytorch:468) INFO: groundtruth[1503-2_spk_1503_2_073134-073178]: 嗶
2018-07-11 13:15:22,155 (asr_pytorch:469) INFO: prediction [1503-2_spk_1503_2_073134-073178]: 嗯<eos>
2018-07-11 13:15:22,163 (e2e_asr_attctc_th:2977) INFO: BLSTMP input lengths: [233]
2018-07-11 13:15:22,508 (e2e_asr_attctc_th:2067) INFO: input lengths: 59
2018-07-11 13:15:22,508 (e2e_asr_attctc_th:2091) INFO: max output length: 59
2018-07-11 13:15:22,508 (e2e_asr_attctc_th:2092) INFO: min output length: 0
2018-07-11 13:15:24,460 (e2e_asr_attctc_th:2199) INFO: end detected at 18
2018-07-11 13:15:24,460 (e2e_asr_attctc_th:2217) INFO: total log probability: -11.4070065804
2018-07-11 13:15:24,460 (e2e_asr_attctc_th:2218) INFO: normalized log probability: -0.950583881699
2018-07-11 13:15:24,461 (asr_pytorch:468) INFO: groundtruth[3_spk_3_012747-012982]: 趟道咩尻乸氊字三列鐲
2018-07-11 13:15:24,461 (asr_pytorch:469) INFO: prediction [3_spk_3_012747-012982]: 燒港想教狗豪士一分鐘<eos>
2018-07-11 13:15:24,468 (e2e_asr_attctc_th:2977) INFO: BLSTMP input lengths: [148]
2018-07-11 13:15:24,689 (e2e_asr_attctc_th:2067) INFO: input lengths: 37
2018-07-11 13:15:24,690 (e2e_asr_attctc_th:2091) INFO: max output length: 37
2018-07-11 13:15:24,690 (e2e_asr_attctc_th:2092) INFO: min output length: 0
2018-07-11 13:15:26,184 (e2e_asr_attctc_th:2199) INFO: end detected at 15
2018-07-11 13:15:26,185 (e2e_asr_attctc_th:2217) INFO: total log probability: -5.23108037189
2018-07-11 13:15:26,185 (e2e_asr_attctc_th:2218) INFO: normalized log probability: -0.581231152432
2018-07-11 13:15:26,187 (asr_pytorch:468) INFO: groundtruth[1502-2_spk_1502_2_029539-029689]: 夯夥宭扁古彿頃啯
2018-07-11 13:15:26,188 (asr_pytorch:469) INFO: prediction [1502-2_spk_1502_2_029539-029689]: 太多客戶受影響<eos>
2018-07-11 13:15:26,206 (e2e_asr_attctc_th:2977) INFO: BLSTMP input lengths: [364]
2018-07-11 13:15:27,166 (e2e_asr_attctc_th:2067) INFO: input lengths: 91
2018-07-11 13:15:27,166 (e2e_asr_attctc_th:2091) INFO: max output length: 91
2018-07-11 13:15:27,166 (e2e_asr_attctc_th:2092) INFO: min output length: 0
2018-07-11 13:15:31,177 (e2e_asr_attctc_th:2199) INFO: end detected at 29
2018-07-11 13:15:31,177 (e2e_asr_attctc_th:2217) INFO: total log probability: -27.1474408675
2018-07-11 13:15:31,178 (e2e_asr_attctc_th:2218) INFO: normalized log probability: -1.13114336948
2018-07-11 13:15:31,179 (asr_pytorch:468) INFO: groundtruth[1503-1_spk_1503_1_001996-002362]: 咋朋久見呯戛址鄔姚俏帖朧刺啖徘尖姚佬服由從敍忐啼啯
2018-07-11 13:15:31,179 (asr_pytorch:469) INFO: prediction [1503-1_spk_1503_1_001996-002362]: 咁就叫香港我哋都識我嗰陣時就係用得迴防法啲啦<eos>
2018-07-11 13:15:31,187 (e2e_asr_attctc_th:2977) INFO: BLSTMP input lengths: [186]
2018-07-11 13:15:31,549 (e2e_asr_attctc_th:2067) INFO: input lengths: 47
2018-07-11 13:15:31,549 (e2e_asr_attctc_th:2091) INFO: max output length: 47
2018-07-11 13:15:31,549 (e2e_asr_attctc_th:2092) INFO: min output length: 0
2018-07-11 13:15:33,816 (e2e_asr_attctc_th:2199) INFO: end detected at 21
2018-07-11 13:15:33,817 (e2e_asr_attctc_th:2217) INFO: total log probability: -13.1592474878
2018-07-11 13:15:33,817 (e2e_asr_attctc_th:2218) INFO: normalized log probability: -0.939946249127
2018-07-11 13:15:33,818 (asr_pytorch:468) INFO: groundtruth[1502-2_spk_1502_2_036831-037019]: 啵叄刺卉共KF囖頻三幻佬司件
2018-07-11 13:15:33,818 (asr_pytorch:469) INFO: prediction [1502-2_spk_1502_2_036831-037019]: 即係有十八隻啊卡年嚟可以<eos>
2018-07-11 13:15:33,826 (e2e_asr_attctc_th:2977) INFO: BLSTMP input lengths: [206]
2018-07-11 13:15:34,121 (e2e_asr_attctc_th:2067) INFO: input lengths: 52
2018-07-11 13:15:34,122 (e2e_asr_attctc_th:2091) INFO: max output length: 52
2018-07-11 13:15:34,122 (e2e_asr_attctc_th:2092) INFO: min output length: 0
2018-07-11 13:15:35,913 (e2e_asr_attctc_th:2206) INFO: no hypothesis. Finish decoding.
2018-07-11 13:15:35,913 (e2e_asr_attctc_th:2217) INFO: total log probability: -3.81941156115
2018-07-11 13:15:35,913 (e2e_asr_attctc_th:2218) INFO: normalized log probability: -0.272815111511
2018-07-11 13:15:35,914 (asr_pytorch:468) INFO: groundtruth[1502-2_spk_1502_2_028667-028875]: 冀寫妊夥宭扁呯乒剛呯鄔服俏
2018-07-11 13:15:35,914 (asr_pytorch:469) INFO: prediction [1502-2_spk_1502_2_028667-028875]: 其實好多下會之前呢都會係<eos>
2018-07-11 13:15:35,922 (e2e_asr_attctc_th:2977) INFO: BLSTMP input lengths: [183]
2018-07-11 13:15:36,237 (e2e_asr_attctc_th:2067) INFO: input lengths: 46
2018-07-11 13:15:36,237 (e2e_asr_attctc_th:2091) INFO: max output length: 46
2018-07-11 13:15:36,237 (e2e_asr_attctc_th:2092) INFO: min output length: 0
2018-07-11 13:15:38,116 (e2e_asr_attctc_th:2199) INFO: end detected at 18
2018-07-11 13:15:38,117 (e2e_asr_attctc_th:2217) INFO: total log probability: -4.34148734435
2018-07-11 13:15:38,117 (e2e_asr_attctc_th:2218) INFO: normalized log probability: -0.33396056495
2018-07-11 13:15:38,118 (asr_pytorch:468) INFO: groundtruth[1502-2_spk_1502_2_019091-019276]: 佰朕冏吔佬謬迫㨃呯樺釗
2018-07-11 13:15:38,118 (asr_pytorch:469) INFO: prediction [1502-2_spk_1502_2_019091-019276]: 佢有冇同你講生嘅呢樣嘢<eos>
2018-07-11 13:15:38,126 (e2e_asr_attctc_th:2977) INFO: BLSTMP input lengths: [384]
2018-07-11 13:15:38,747 (e2e_asr_attctc_th:2067) INFO: input lengths: 96
2018-07-11 13:15:38,748 (e2e_asr_attctc_th:2091) INFO: max output length: 96
2018-07-11 13:15:38,748 (e2e_asr_attctc_th:2092) INFO: min output length: 0
2018-07-11 13:15:43,007 (e2e_asr_attctc_th:2199) INFO: end detected at 24
2018-07-11 13:15:43,008 (e2e_asr_attctc_th:2217) INFO: total log probability: -8.49485386605
2018-07-11 13:15:43,008 (e2e_asr_attctc_th:2218) INFO: normalized log probability: -0.447097571898
2018-07-11 13:15:43,010 (asr_pytorch:468) INFO: groundtruth[1504-1_spk_1504_1_044482-044868]: 妊位戛咋吟三三旬旨誅嗄辯兲宰扚咋夥霆誅
2018-07-11 13:15:43,010 (asr_pytorch:469) INFO: prediction [1504-1_spk_1504_1_044482-044868]: 好似我咁啊一一坐喺辦公室下咁多電話<eos>
2018-07-11 13:15:43,025 (e2e_asr_attctc_th:2977) INFO: BLSTMP input lengths: [282]
2018-07-11 13:15:43,821 (e2e_asr_attctc_th:2067) INFO: input lengths: 71
2018-07-11 13:15:43,822 (e2e_asr_attctc_th:2091) INFO: max output length: 71
2018-07-11 13:15:43,822 (e2e_asr_attctc_th:2092) INFO: min output length: 0
2018-07-11 13:15:48,281 (e2e_asr_attctc_th:2199) INFO: end detected at 27
2018-07-11 13:15:48,281 (e2e_asr_attctc_th:2217) INFO: total log probability: -9.03414417431
2018-07-11 13:15:48,281 (e2e_asr_attctc_th:2218) INFO: normalized log probability: -0.430197341634
2018-07-11 13:15:48,282 (asr_pytorch:468) INFO: groundtruth[1502-2_spk_1502_2_052645-052929]: 嚦緘<unk>紋未公鄔俏佬叄由緘呯樺釗㨃嘢俏呈
2018-07-11 13:15:48,283 (asr_pytorch:469) INFO: prediction [1502-2_spk_1502_2_052645-052929]: 嚟一下有其實都係你去用緊呢樣嘢噶嘛係啊<eos>
2018-07-11 13:15:48,291 (e2e_asr_attctc_th:2977) INFO: BLSTMP input lengths: [264]
2018-07-11 13:15:48,652 (e2e_asr_attctc_th:2067) INFO: input lengths: 66
2018-07-11 13:15:48,653 (e2e_asr_attctc_th:2091) INFO: max output length: 66
2018-07-11 13:15:48,653 (e2e_asr_attctc_th:2092) INFO: min output length: 0
2018-07-11 13:15:50,573 (e2e_asr_attctc_th:2199) INFO: end detected at 19
2018-07-11 13:15:50,573 (e2e_asr_attctc_th:2217) INFO: total log probability: -15.5542506576
2018-07-11 13:15:50,573 (e2e_asr_attctc_th:2218) INFO: normalized log probability: -1.41402278705
2018-07-11 13:15:50,574 (asr_pytorch:468) INFO: groundtruth[12_spk_12_015262-015528]: 反戡耐冀寫妍枱戛址
2018-07-11 13:15:50,574 (asr_pytorch:469) INFO: prediction [12_spk_12_015262-015528]: 我心識佢咁樣所以啦<eos>
2018-07-11 13:15:50,582 (e2e_asr_attctc_th:2977) INFO: BLSTMP input lengths: [257]
2018-07-11 13:15:50,936 (e2e_asr_attctc_th:2067) INFO: input lengths: 65
2018-07-11 13:15:50,937 (e2e_asr_attctc_th:2091) INFO: max output length: 65
2018-07-11 13:15:50,937 (e2e_asr_attctc_th:2092) INFO: min output length: 0
2018-07-11 13:15:52,741 (e2e_asr_attctc_th:2199) INFO: end detected at 17
2018-07-11 13:15:52,742 (e2e_asr_attctc_th:2217) INFO: total log probability: -8.40515920799
2018-07-11 13:15:52,742 (e2e_asr_attctc_th:2218) INFO: normalized log probability: -0.700429933999
2018-07-11 13:15:52,743 (asr_pytorch:468) INFO: groundtruth[1501-2_spk_1501_2_034954-035213]: 倔<unk>紋尻刺未咩鄔妊耳嘍
2018-07-11 13:15:52,743 (asr_pytorch:469) INFO: prediction [1501-2_spk_1501_2_034954-035213]: 個閤日就到期都好愛嘅<eos>
2018-07-11 13:15:52,750 (e2e_asr_attctc_th:2977) INFO: BLSTMP input lengths: [148]
2018-07-11 13:15:52,959 (e2e_asr_attctc_th:2067) INFO: input lengths: 37
2018-07-11 13:15:52,959 (e2e_asr_attctc_th:2091) INFO: max output length: 37
2018-07-11 13:15:52,959 (e2e_asr_attctc_th:2092) INFO: min output length: 0
2018-07-11 13:15:53,947 (e2e_asr_attctc_th:2206) INFO: no hypothesis. Finish decoding.
2018-07-11 13:15:53,947 (e2e_asr_attctc_th:2217) INFO: total log probability: -1.79648072552
2018-07-11 13:15:53,947 (e2e_asr_attctc_th:2218) INFO: normalized log probability: -0.179648072552
2018-07-11 13:15:53,948 (asr_pytorch:468) INFO: groundtruth[1502-2_spk_1502_2_046318-046468]: B朵側刺呯樺釗囖
2018-07-11 13:15:53,948 (asr_pytorch:469) INFO: prediction [1502-2_spk_1502_2_046318-046468]: 誒未做到呢樣嘢咯<eos>
2018-07-11 13:15:53,955 (e2e_asr_attctc_th:2977) INFO: BLSTMP input lengths: [98]
2018-07-11 13:15:54,106 (e2e_asr_attctc_th:2067) INFO: input lengths: 25
2018-07-11 13:15:54,107 (e2e_asr_attctc_th:2091) INFO: max output length: 25
2018-07-11 13:15:54,107 (e2e_asr_attctc_th:2092) INFO: min output length: 0
2018-07-11 13:15:54,753 (e2e_asr_attctc_th:2206) INFO: no hypothesis. Finish decoding.
2018-07-11 13:15:54,753 (e2e_asr_attctc_th:2217) INFO: total log probability: -7.23080077767
2018-07-11 13:15:54,753 (e2e_asr_attctc_th:2218) INFO: normalized log probability: -0.903850097209
2018-07-11 13:15:54,754 (asr_pytorch:468) INFO: groundtruth[8_spk_8_085467-085567]: 妊呈妊
2018-07-11 13:15:54,754 (asr_pytorch:469) INFO: prediction [8_spk_8_085467-085567]: 老師心好使做<eos>
2018-07-11 13:15:54,763 (e2e_asr_attctc_th:2977) INFO: BLSTMP input lengths: [333]
2018-07-11 13:15:55,243 (e2e_asr_attctc_th:2067) INFO: input lengths: 84
2018-07-11 13:15:55,244 (e2e_asr_attctc_th:2091) INFO: max output length: 84
2018-07-11 13:15:55,244 (e2e_asr_attctc_th:2092) INFO: min output length: 0
2018-07-11 13:15:59,027 (e2e_asr_attctc_th:2199) INFO: end detected at 29
2018-07-11 13:15:59,027 (e2e_asr_attctc_th:2217) INFO: total log probability: -20.1824645204
2018-07-11 13:15:59,027 (e2e_asr_attctc_th:2218) INFO: normalized log probability: -0.961069739069
2018-07-11 13:15:59,028 (asr_pytorch:468) INFO: groundtruth[1505-2_spk_1505_2_035742-036077]: 咋諛啞戛宥<unk>戛宥<unk>嗷倔鄔髲道384啯俏咱
2018-07-11 13:15:59,028 (asr_pytorch:469) INFO: prediction [1505-2_spk_1505_2_035742-036077]: 咁呢轉我而傢我而傢我都高嗰餐我哋都可能<eos>
2018-07-11 13:15:59,038 (e2e_asr_attctc_th:2977) INFO: BLSTMP input lengths: [578]
2018-07-11 13:15:59,982 (e2e_asr_attctc_th:2067) INFO: input lengths: 145
2018-07-11 13:15:59,983 (e2e_asr_attctc_th:2091) INFO: max output length: 145
2018-07-11 13:15:59,983 (e2e_asr_attctc_th:2092) INFO: min output length: 0
2018-07-11 13:16:08,306 (e2e_asr_attctc_th:2199) INFO: end detected at 47
2018-07-11 13:16:08,306 (e2e_asr_attctc_th:2217) INFO: total log probability: -47.5188028514
2018-07-11 13:16:08,307 (e2e_asr_attctc_th:2218) INFO: normalized log probability: -1.13140006789
2018-07-11 13:16:08,309 (asr_pytorch:468) INFO: groundtruth[1503-1_spk_1503_1_040402-040982]: 口涫旨誅呯戛略差倔UYSXE毯徘尖姚佬戛三宣服俏毯迫倔UYSXE佬叄由叄亳古迫呯倔公郷朔賀
2018-07-11 13:16:08,309 (asr_pytorch:469) INFO: prediction [1503-1_spk_1503_1_040402-040982]: 仲以為我話你看我留周嗰排嘅最真係要我一定會影係你生到好睇你去仲喺佛山邊個內部見曬<eos>
2018-07-11 13:16:08,323 (e2e_asr_attctc_th:2977) INFO: BLSTMP input lengths: [108]
2018-07-11 13:16:08,611 (e2e_asr_attctc_th:2067) INFO: input lengths: 27
2018-07-11 13:16:08,612 (e2e_asr_attctc_th:2091) INFO: max output length: 27
2018-07-11 13:16:08,612 (e2e_asr_attctc_th:2092) INFO: min output length: 0
2018-07-11 13:16:10,213 (e2e_asr_attctc_th:2199) INFO: end detected at 14
2018-07-11 13:16:10,213 (e2e_asr_attctc_th:2217) INFO: total log probability: -3.1205074694
2018-07-11 13:16:10,214 (e2e_asr_attctc_th:2218) INFO: normalized log probability: -0.346723052156
2018-07-11 13:16:10,216 (asr_pytorch:468) INFO: groundtruth[1502-2_spk_1502_2_041697-041807]: 冏呯樺釗㨃潤用
2018-07-11 13:16:10,217 (asr_pytorch:469) INFO: prediction [1502-2_spk_1502_2_041697-041807]: 冇呢樣嘢噶嘛就<eos>
2018-07-11 13:16:10,230 (e2e_asr_attctc_th:2977) INFO: BLSTMP input lengths: [198]
2018-07-11 13:16:10,744 (e2e_asr_attctc_th:2067) INFO: input lengths: 50
2018-07-11 13:16:10,744 (e2e_asr_attctc_th:2091) INFO: max output length: 50
2018-07-11 13:16:10,745 (e2e_asr_attctc_th:2092) INFO: min output length: 0
2018-07-11 13:16:13,516 (e2e_asr_attctc_th:2199) INFO: end detected at 19
2018-07-11 13:16:13,516 (e2e_asr_attctc_th:2217) INFO: total log probability: -8.64977192879
2018-07-11 13:16:13,516 (e2e_asr_attctc_th:2218) INFO: normalized log probability: -0.786342902617
2018-07-11 13:16:13,518 (asr_pytorch:468) INFO: groundtruth[4_spk_4_007206-007406]: 唪俏呈咋B咋嗷倔ETTW呯
2018-07-11 13:16:13,518 (asr_pytorch:469) INFO: prediction [4_spk_4_007206-007406]: 唔係咁樣啊咁嗰個X<eos>
2018-07-11 13:16:13,532 (e2e_asr_attctc_th:2977) INFO: BLSTMP input lengths: [211]
2018-07-11 13:16:14,086 (e2e_asr_attctc_th:2067) INFO: input lengths: 53
2018-07-11 13:16:14,087 (e2e_asr_attctc_th:2091) INFO: max output length: 53
2018-07-11 13:16:14,087 (e2e_asr_attctc_th:2092) INFO: min output length: 0
2018-07-11 13:16:17,024 (e2e_asr_attctc_th:2206) INFO: no hypothesis. Finish decoding.
2018-07-11 13:16:17,025 (e2e_asr_attctc_th:2217) INFO: total log probability: -13.6987765422
2018-07-11 13:16:17,025 (e2e_asr_attctc_th:2218) INFO: normalized log probability: -0.805810384836
2018-07-11 13:16:17,026 (asr_pytorch:468) INFO: groundtruth[1502-2_spk_1502_2_060512-060725]: B逆道嚦毯佬尻宗掙迫戛員嘍吔井
2018-07-11 13:16:17,026 (asr_pytorch:469) INFO: prediction [1502-2_spk_1502_2_060512-060725]: 誒中國嚟俾你講安曬翻我哋嘅同事<eos>
2018-07-11 13:16:17,041 (e2e_asr_attctc_th:2977) INFO: BLSTMP input lengths: [19]
2018-07-11 13:16:17,108 (e2e_asr_attctc_th:2067) INFO: input lengths: 5
2018-07-11 13:16:17,109 (e2e_asr_attctc_th:2091) INFO: max output length: 5
2018-07-11 13:16:17,110 (e2e_asr_attctc_th:2092) INFO: min output length: 0
2018-07-11 13:16:17,476 (e2e_asr_attctc_th:2180) INFO: adding <eos> in the last postion in the loop
2018-07-11 13:16:17,476 (e2e_asr_attctc_th:2206) INFO: no hypothesis. Finish decoding.
2018-07-11 13:16:17,476 (e2e_asr_attctc_th:2217) INFO: total log probability: -0.109262850136
2018-07-11 13:16:17,476 (e2e_asr_attctc_th:2218) INFO: normalized log probability: -0.0364209500452
2018-07-11 13:16:17,478 (asr_pytorch:468) INFO: groundtruth[1501-2_spk_1501_2_007898-007919]: 俏
2018-07-11 13:16:17,478 (asr_pytorch:469) INFO: prediction [1501-2_spk_1501_2_007898-007919]: 係<eos>
2018-07-11 13:16:17,494 (e2e_asr_attctc_th:2977) INFO: BLSTMP input lengths: [230]
2018-07-11 13:16:18,022 (e2e_asr_attctc_th:2067) INFO: input lengths: 58
2018-07-11 13:16:18,023 (e2e_asr_attctc_th:2091) INFO: max output length: 58
2018-07-11 13:16:18,023 (e2e_asr_attctc_th:2092) INFO: min output length: 0
2018-07-11 13:16:19,519 (e2e_asr_attctc_th:2199) INFO: end detected at 12
2018-07-11 13:16:19,519 (e2e_asr_attctc_th:2217) INFO: total log probability: -4.35527640395
2018-07-11 13:16:19,519 (e2e_asr_attctc_th:2218) INFO: normalized log probability: -0.544409550494
2018-07-11 13:16:19,520 (asr_pytorch:468) INFO: groundtruth[9_spk_9_036145-036377]: 佰佰EYXS咩喔
2018-07-11 13:16:19,520 (asr_pytorch:469) INFO: prediction [9_spk_9_036145-036377]: 佢佢我好早喎<eos>
2018-07-11 13:16:19,528 (e2e_asr_attctc_th:2977) INFO: BLSTMP input lengths: [372]
2018-07-11 13:16:20,005 (e2e_asr_attctc_th:2067) INFO: input lengths: 93
2018-07-11 13:16:20,005 (e2e_asr_attctc_th:2091) INFO: max output length: 93
2018-07-11 13:16:20,006 (e2e_asr_attctc_th:2092) INFO: min output length: 0
2018-07-11 13:16:23,697 (e2e_asr_attctc_th:2199) INFO: end detected at 29
2018-07-11 13:16:23,698 (e2e_asr_attctc_th:2217) INFO: total log probability: -21.2897566725
2018-07-11 13:16:23,698 (e2e_asr_attctc_th:2218) INFO: normalized log probability: -0.851590266898
2018-07-11 13:16:23,699 (asr_pytorch:468) INFO: groundtruth[1503-1_spk_1503_1_013516-013890]: 俏啖囹烕冗劫且呯刺晏呯戛司件毯倔B旅波啖徘尖姚佬
2018-07-11 13:16:23,699 (asr_pytorch:469) INFO: prediction [1503-1_spk_1503_1_013516-013890]: 係咪幫學習翻喺呢度時呢我可以你講嘢倉化啊主即係<eos>
2018-07-11 13:16:23,707 (e2e_asr_attctc_th:2977) INFO: BLSTMP input lengths: [246]
2018-07-11 13:16:24,027 (e2e_asr_attctc_th:2067) INFO: input lengths: 62
2018-07-11 13:16:24,028 (e2e_asr_attctc_th:2091) INFO: max output length: 62
2018-07-11 13:16:24,028 (e2e_asr_attctc_th:2092) INFO: min output length: 0
2018-07-11 13:16:26,090 (e2e_asr_attctc_th:2206) INFO: no hypothesis. Finish decoding.
2018-07-11 13:16:26,091 (e2e_asr_attctc_th:2217) INFO: total log probability: -3.70112901926
2018-07-11 13:16:26,091 (e2e_asr_attctc_th:2218) INFO: normalized log probability: -0.217713471721
2018-07-11 13:16:26,091 (asr_pytorch:468) INFO: groundtruth[1501-1_spk_1501_1_092851-093099]: 戡耐俏由迫佰臺巷扔檀扚迫毯佬鄔
2018-07-11 13:16:26,091 (asr_pytorch:469) INFO: prediction [1501-1_spk_1501_1_092851-093099]: 或者係用翻佢自己手機加翻俾你度<eos>
2018-07-11 13:16:26,100 (e2e_asr_attctc_th:2977) INFO: BLSTMP input lengths: [251]
2018-07-11 13:16:26,466 (e2e_asr_attctc_th:2067) INFO: input lengths: 63
2018-07-11 13:16:26,467 (e2e_asr_attctc_th:2091) INFO: max output length: 63
2018-07-11 13:16:26,467 (e2e_asr_attctc_th:2092) INFO: min output length: 0
2018-07-11 13:16:28,726 (e2e_asr_attctc_th:2199) INFO: end detected at 20
2018-07-11 13:16:28,726 (e2e_asr_attctc_th:2217) INFO: total log probability: -7.47528127721
2018-07-11 13:16:28,726 (e2e_asr_attctc_th:2218) INFO: normalized log probability: -0.498352085147
2018-07-11 13:16:28,729 (asr_pytorch:468) INFO: groundtruth[1502-2_spk_1502_2_032614-032867]: 俏呈服朕迫呯樺釗孟圳㨃嘢冀寫
2018-07-11 13:16:28,729 (asr_pytorch:469) INFO: prediction [1502-2_spk_1502_2_032614-032867]: 係啊有翻啲樣嘢全作噶嘛其實<eos>
2018-07-11 13:16:28,745 (e2e_asr_attctc_th:2977) INFO: BLSTMP input lengths: [206]
2018-07-11 13:16:29,233 (e2e_asr_attctc_th:2067) INFO: input lengths: 52
2018-07-11 13:16:29,234 (e2e_asr_attctc_th:2091) INFO: max output length: 52
2018-07-11 13:16:29,234 (e2e_asr_attctc_th:2092) INFO: min output length: 0
2018-07-11 13:16:30,755 (e2e_asr_attctc_th:2199) INFO: end detected at 17
2018-07-11 13:16:30,756 (e2e_asr_attctc_th:2217) INFO: total log probability: -8.84908060543
2018-07-11 13:16:30,756 (e2e_asr_attctc_th:2218) INFO: normalized log probability: -0.804461873221
2018-07-11 13:16:30,757 (asr_pytorch:468) INFO: groundtruth[1501-2_spk_1501_2_040149-040357]: 閉紋嘍誅仿朕冏咯逆㨃
2018-07-11 13:16:30,757 (asr_pytorch:469) INFO: prediction [1501-2_spk_1501_2_040149-040357]: 長嘅話仲有咩咩送啊<eos>
2018-07-11 13:16:30,764 (e2e_asr_attctc_th:2977) INFO: BLSTMP input lengths: [70]
2018-07-11 13:16:30,869 (e2e_asr_attctc_th:2067) INFO: input lengths: 18
2018-07-11 13:16:30,870 (e2e_asr_attctc_th:2091) INFO: max output length: 18
2018-07-11 13:16:30,870 (e2e_asr_attctc_th:2092) INFO: min output length: 0
2018-07-11 13:16:31,258 (e2e_asr_attctc_th:2199) INFO: end detected at 7
2018-07-11 13:16:31,258 (e2e_asr_attctc_th:2217) INFO: total log probability: -0.024547541514
2018-07-11 13:16:31,258 (e2e_asr_attctc_th:2218) INFO: normalized log probability: -0.00818251383801
2018-07-11 13:16:31,259 (asr_pytorch:468) INFO: groundtruth[4_spk_4_082735-082807]: 嗶
2018-07-11 13:16:31,260 (asr_pytorch:469) INFO: prediction [4_spk_4_082735-082807]: 嗯<eos>
2018-07-11 13:16:31,267 (e2e_asr_attctc_th:2977) INFO: BLSTMP input lengths: [53]
2018-07-11 13:16:31,363 (e2e_asr_attctc_th:2067) INFO: input lengths: 14
2018-07-11 13:16:31,363 (e2e_asr_attctc_th:2091) INFO: max output length: 14
2018-07-11 13:16:31,363 (e2e_asr_attctc_th:2092) INFO: min output length: 0
2018-07-11 13:16:31,507 (e2e_asr_attctc_th:2206) INFO: no hypothesis. Finish decoding.
2018-07-11 13:16:31,507 (e2e_asr_attctc_th:2217) INFO: total log probability: -1.79135114886
2018-07-11 13:16:31,508 (e2e_asr_attctc_th:2218) INFO: normalized log probability: -0.59711704962
2018-07-11 13:16:31,508 (asr_pytorch:468) INFO: groundtruth[12_spk_12_057052-057107]: 哭
2018-07-11 13:16:31,508 (asr_pytorch:469) INFO: prediction [12_spk_12_057052-057107]: 覺<eos>
2018-07-11 13:16:31,515 (e2e_asr_attctc_th:2977) INFO: BLSTMP input lengths: [158]
2018-07-11 13:16:31,727 (e2e_asr_attctc_th:2067) INFO: input lengths: 40
2018-07-11 13:16:31,728 (e2e_asr_attctc_th:2091) INFO: max output length: 40
2018-07-11 13:16:31,728 (e2e_asr_attctc_th:2092) INFO: min output length: 0
2018-07-11 13:16:33,075 (e2e_asr_attctc_th:2199) INFO: end detected at 15
2018-07-11 13:16:33,075 (e2e_asr_attctc_th:2217) INFO: total log probability: -9.26773544867
2018-07-11 13:16:33,075 (e2e_asr_attctc_th:2218) INFO: normalized log probability: -1.02974838319
2018-07-11 13:16:33,076 (asr_pytorch:468) INFO: groundtruth[1502-2_spk_1502_2_063936-064096]: 呈粘巉SO粘巉
2018-07-11 13:16:33,076 (asr_pytorch:469) INFO: prediction [1502-2_spk_1502_2_063936-064096]: 啊粉嚟屋企神咧<eos>
2018-07-11 13:16:33,083 (e2e_asr_attctc_th:2977) INFO: BLSTMP input lengths: [139]
2018-07-11 13:16:33,281 (e2e_asr_attctc_th:2067) INFO: input lengths: 35
2018-07-11 13:16:33,281 (e2e_asr_attctc_th:2091) INFO: max output length: 35
2018-07-11 13:16:33,281 (e2e_asr_attctc_th:2092) INFO: min output length: 0
2018-07-11 13:16:34,456 (e2e_asr_attctc_th:2199) INFO: end detected at 12
2018-07-11 13:16:34,456 (e2e_asr_attctc_th:2217) INFO: total log probability: -4.59519867599
2018-07-11 13:16:34,456 (e2e_asr_attctc_th:2218) INFO: normalized log probability: -0.765866445998
2018-07-11 13:16:34,458 (asr_pytorch:468) INFO: groundtruth[4_spk_4_032957-033098]: 然丹園㨃
2018-07-11 13:16:34,458 (asr_pytorch:469) INFO: prediction [4_spk_4_032957-033098]: 冇中國噶<eos>
2018-07-11 13:16:34,472 (e2e_asr_attctc_th:2977) INFO: BLSTMP input lengths: [59]
2018-07-11 13:16:34,652 (e2e_asr_attctc_th:2067) INFO: input lengths: 15
2018-07-11 13:16:34,652 (e2e_asr_attctc_th:2091) INFO: max output length: 15
2018-07-11 13:16:34,652 (e2e_asr_attctc_th:2092) INFO: min output length: 0
2018-07-11 13:16:34,897 (e2e_asr_attctc_th:2206) INFO: no hypothesis. Finish decoding.
2018-07-11 13:16:34,897 (e2e_asr_attctc_th:2217) INFO: total log probability: -1.38817209494
2018-07-11 13:16:34,897 (e2e_asr_attctc_th:2218) INFO: normalized log probability: -0.347043023736
2018-07-11 13:16:34,898 (asr_pytorch:468) INFO: groundtruth[1502-2_spk_1502_2_033574-033635]: 睛迫
2018-07-11 13:16:34,898 (asr_pytorch:469) INFO: prediction [1502-2_spk_1502_2_033574-033635]: 起翻<eos>
2018-07-11 13:16:34,906 (e2e_asr_attctc_th:2977) INFO: BLSTMP input lengths: [313]
2018-07-11 13:16:35,327 (e2e_asr_attctc_th:2067) INFO: input lengths: 79
2018-07-11 13:16:35,328 (e2e_asr_attctc_th:2091) INFO: max output length: 79
2018-07-11 13:16:35,328 (e2e_asr_attctc_th:2092) INFO: min output length: 0
2018-07-11 13:16:37,461 (e2e_asr_attctc_th:2199) INFO: end detected at 20
2018-07-11 13:16:37,461 (e2e_asr_attctc_th:2217) INFO: total log probability: -10.8908966295
2018-07-11 13:16:37,461 (e2e_asr_attctc_th:2218) INFO: normalized log probability: -0.777921187824
2018-07-11 13:16:37,462 (asr_pytorch:468) INFO: groundtruth[12_spk_12_022452-022767]: 咋宥B佬幺晏嘍誅冀寫戛
2018-07-11 13:16:37,462 (asr_pytorch:469) INFO: prediction [12_spk_12_022452-022767]: 咁而就係你平時嘅或者其實<eos>
2018-07-11 13:16:37,470 (e2e_asr_attctc_th:2977) INFO: BLSTMP input lengths: [263]
2018-07-11 13:16:37,812 (e2e_asr_attctc_th:2067) INFO: input lengths: 66
2018-07-11 13:16:37,812 (e2e_asr_attctc_th:2091) INFO: max output length: 66
2018-07-11 13:16:37,812 (e2e_asr_attctc_th:2092) INFO: min output length: 0
2018-07-11 13:16:39,640 (e2e_asr_attctc_th:2206) INFO: no hypothesis. Finish decoding.
2018-07-11 13:16:39,641 (e2e_asr_attctc_th:2217) INFO: total log probability: -15.0420638905
2018-07-11 13:16:39,641 (e2e_asr_attctc_th:2218) INFO: normalized log probability: -0.884827287676
2018-07-11 13:16:39,642 (asr_pytorch:468) INFO: groundtruth[8_spk_8_000097-000362]: 佬妊WQEVXSRI戛俏GLVMW姥酌諛啞朕咯幹刺佬
2018-07-11 13:16:39,643 (asr_pytorch:469) INFO: prediction [8_spk_8_000097-000362]: 有一晚通話佢性病咁咪咁樣講過嚟<eos>
2018-07-11 13:16:39,651 (e2e_asr_attctc_th:2977) INFO: BLSTMP input lengths: [101]
2018-07-11 13:16:39,808 (e2e_asr_attctc_th:2067) INFO: input lengths: 26
2018-07-11 13:16:39,809 (e2e_asr_attctc_th:2091) INFO: max output length: 26
2018-07-11 13:16:39,809 (e2e_asr_attctc_th:2092) INFO: min output length: 0
2018-07-11 13:16:40,700 (e2e_asr_attctc_th:2199) INFO: end detected at 12
2018-07-11 13:16:40,701 (e2e_asr_attctc_th:2217) INFO: total log probability: -5.28463849425
2018-07-11 13:16:40,701 (e2e_asr_attctc_th:2218) INFO: normalized log probability: -0.880773082376
2018-07-11 13:16:40,703 (asr_pytorch:468) INFO: groundtruth[4_spk_4_083437-083540]: 然啯唪誆
2018-07-11 13:16:40,703 (asr_pytorch:469) INFO: prediction [4_spk_4_083437-083540]: 唔好諗啦<eos>
2018-07-11 13:16:40,715 (e2e_asr_attctc_th:2977) INFO: BLSTMP input lengths: [113]
2018-07-11 13:16:40,966 (e2e_asr_attctc_th:2067) INFO: input lengths: 29
2018-07-11 13:16:40,966 (e2e_asr_attctc_th:2091) INFO: max output length: 29
2018-07-11 13:16:40,966 (e2e_asr_attctc_th:2092) INFO: min output length: 0
2018-07-11 13:16:41,820 (e2e_asr_attctc_th:2206) INFO: no hypothesis. Finish decoding.
2018-07-11 13:16:41,821 (e2e_asr_attctc_th:2217) INFO: total log probability: -7.65951302438
2018-07-11 13:16:41,821 (e2e_asr_attctc_th:2218) INFO: normalized log probability: -0.851057002709
2018-07-11 13:16:41,821 (asr_pytorch:468) INFO: groundtruth[1502-2_spk_1502_2_083672-083787]: 戛吔佬桃三桃億兒
2018-07-11 13:16:41,821 (asr_pytorch:469) INFO: prediction [1502-2_spk_1502_2_083672-083787]: 我實你傢格價先<eos>
2018-07-11 13:16:41,829 (e2e_asr_attctc_th:2977) INFO: BLSTMP input lengths: [243]
2018-07-11 13:16:42,168 (e2e_asr_attctc_th:2067) INFO: input lengths: 61
2018-07-11 13:16:42,168 (e2e_asr_attctc_th:2091) INFO: max output length: 61
2018-07-11 13:16:42,168 (e2e_asr_attctc_th:2092) INFO: min output length: 0
2018-07-11 13:16:44,385 (e2e_asr_attctc_th:2199) INFO: end detected at 21
2018-07-11 13:16:44,385 (e2e_asr_attctc_th:2217) INFO: total log probability: -14.8813828081
2018-07-11 13:16:44,385 (e2e_asr_attctc_th:2218) INFO: normalized log probability: -0.992092187206
2018-07-11 13:16:44,386 (asr_pytorch:468) INFO: groundtruth[9_spk_9_026205-026450]: QSFMPIHEXE俏然鍋嘍
2018-07-11 13:16:44,386 (asr_pytorch:469) INFO: prediction [9_spk_9_026205-026450]: <SPK/>冇唔知但係冇想係有開得嘅<eos>
2018-07-11 13:16:44,393 (e2e_asr_attctc_th:2977) INFO: BLSTMP input lengths: [175]
2018-07-11 13:16:44,800 (e2e_asr_attctc_th:2067) INFO: input lengths: 44
2018-07-11 13:16:44,801 (e2e_asr_attctc_th:2091) INFO: max output length: 44
2018-07-11 13:16:44,801 (e2e_asr_attctc_th:2092) INFO: min output length: 0
2018-07-11 13:16:47,248 (e2e_asr_attctc_th:2199) INFO: end detected at 19
2018-07-11 13:16:47,249 (e2e_asr_attctc_th:2217) INFO: total log probability: -14.6954230338
2018-07-11 13:16:47,249 (e2e_asr_attctc_th:2218) INFO: normalized log probability: -1.13041715645
2018-07-11 13:16:47,251 (asr_pytorch:468) INFO: groundtruth[9_spk_9_036380-036557]: 佰EYXS朕倔維芋<unk>俏啯
2018-07-11 13:16:47,251 (asr_pytorch:469) INFO: prediction [9_spk_9_036380-036557]: 去OS好有個綠色仔係啦<eos>
2018-07-11 13:16:47,265 (e2e_asr_attctc_th:2977) INFO: BLSTMP input lengths: [100]
2018-07-11 13:16:47,534 (e2e_asr_attctc_th:2067) INFO: input lengths: 25
2018-07-11 13:16:47,535 (e2e_asr_attctc_th:2091) INFO: max output length: 25
2018-07-11 13:16:47,535 (e2e_asr_attctc_th:2092) INFO: min output length: 0
2018-07-11 13:16:49,166 (e2e_asr_attctc_th:2199) INFO: end detected at 15
2018-07-11 13:16:49,167 (e2e_asr_attctc_th:2217) INFO: total log probability: -6.63476292789
2018-07-11 13:16:49,167 (e2e_asr_attctc_th:2218) INFO: normalized log probability: -0.663476292789
2018-07-11 13:16:49,169 (asr_pytorch:468) INFO: groundtruth[4_spk_4_005675-005777]: 解從朕喔
2018-07-11 13:16:49,169 (asr_pytorch:469) INFO: prediction [4_spk_4_005675-005777]: 我哋如果打俾有喎<eos>
2018-07-11 13:16:49,185 (e2e_asr_attctc_th:2977) INFO: BLSTMP input lengths: [361]
2018-07-11 13:16:50,181 (e2e_asr_attctc_th:2067) INFO: input lengths: 91
2018-07-11 13:16:50,181 (e2e_asr_attctc_th:2091) INFO: max output length: 91
2018-07-11 13:16:50,182 (e2e_asr_attctc_th:2092) INFO: min output length: 0
2018-07-11 13:16:55,679 (e2e_asr_attctc_th:2199) INFO: end detected at 35
2018-07-11 13:16:55,680 (e2e_asr_attctc_th:2217) INFO: total log probability: -26.9116808269
2018-07-11 13:16:55,680 (e2e_asr_attctc_th:2218) INFO: normalized log probability: -0.927988994032
2018-07-11 13:16:55,682 (asr_pytorch:468) INFO: groundtruth[9_spk_9_030837-031200]: 耗丕<unk>倔桃寳何HEXEVSQMRK咋樺
2018-07-11 13:16:55,682 (asr_pytorch:469) INFO: prediction [9_spk_9_030837-031200]: 我MOUCHE嗰個隔嘅住DAYTERINMING咁樣噶<eos>
2018-07-11 13:16:55,696 (e2e_asr_attctc_th:2977) INFO: BLSTMP input lengths: [162]
2018-07-11 13:16:56,057 (e2e_asr_attctc_th:2067) INFO: input lengths: 41
2018-07-11 13:16:56,057 (e2e_asr_attctc_th:2091) INFO: max output length: 41
2018-07-11 13:16:56,057 (e2e_asr_attctc_th:2092) INFO: min output length: 0
2018-07-11 13:16:59,180 (e2e_asr_attctc_th:2199) INFO: end detected at 21
2018-07-11 13:16:59,181 (e2e_asr_attctc_th:2217) INFO: total log probability: -6.8735484709
2018-07-11 13:16:59,181 (e2e_asr_attctc_th:2218) INFO: normalized log probability: -0.429596779431
2018-07-11 13:16:59,182 (asr_pytorch:468) INFO: groundtruth[4_spk_4_011630-011794]: 戛員睛唪刺佬EGGSYRX㨃喔唪妊感怦呈
2018-07-11 13:16:59,182 (asr_pytorch:469) INFO: prediction [4_spk_4_011630-011794]: 我哋睇唔到你入間我唔好意思啊<eos>
2018-07-11 13:16:59,196 (e2e_asr_attctc_th:2977) INFO: BLSTMP input lengths: [273]
2018-07-11 13:16:59,918 (e2e_asr_attctc_th:2067) INFO: input lengths: 69
2018-07-11 13:16:59,919 (e2e_asr_attctc_th:2091) INFO: max output length: 69
2018-07-11 13:16:59,919 (e2e_asr_attctc_th:2092) INFO: min output length: 0
2018-07-11 13:17:02,457 (e2e_asr_attctc_th:2199) INFO: end detected at 23
2018-07-11 13:17:02,457 (e2e_asr_attctc_th:2217) INFO: total log probability: -6.79352204502
2018-07-11 13:17:02,457 (e2e_asr_attctc_th:2218) INFO: normalized log probability: -0.399618943824
2018-07-11 13:17:02,458 (asr_pytorch:468) INFO: groundtruth[1505-1_spk_1505_1_080585-080860]: 囹烕戛址尻側嗷倔俏薰TPER旨
2018-07-11 13:17:02,458 (asr_pytorch:469) INFO: prediction [1505-1_spk_1505_1_080585-080860]: 所以我哋就做嗰個係先PLAN噶<eos>
2018-07-11 13:17:02,466 (e2e_asr_attctc_th:2977) INFO: BLSTMP input lengths: [293]
2018-07-11 13:17:02,850 (e2e_asr_attctc_th:2067) INFO: input lengths: 74
2018-07-11 13:17:02,851 (e2e_asr_attctc_th:2091) INFO: max output length: 74
2018-07-11 13:17:02,851 (e2e_asr_attctc_th:2092) INFO: min output length: 0
2018-07-11 13:17:05,243 (e2e_asr_attctc_th:2199) INFO: end detected at 22
2018-07-11 13:17:05,243 (e2e_asr_attctc_th:2217) INFO: total log probability: -7.88887532754
2018-07-11 13:17:05,243 (e2e_asr_attctc_th:2218) INFO: normalized log probability: -0.464051489855
2018-07-11 13:17:05,244 (asr_pytorch:468) INFO: groundtruth[1505-1_spk_1505_1_061213-061508]: 住俏<unk><unk>世道倔逮庵旅<unk>朕手院<unk>
2018-07-11 13:17:05,244 (asr_pytorch:469) INFO: prediction [1505-1_spk_1505_1_061213-061508]: 大隻如果嗰個速度方麵有所下就係<eos>
2018-07-11 13:17:05,252 (e2e_asr_attctc_th:2977) INFO: BLSTMP input lengths: [198]
2018-07-11 13:17:05,537 (e2e_asr_attctc_th:2067) INFO: input lengths: 50
2018-07-11 13:17:05,538 (e2e_asr_attctc_th:2091) INFO: max output length: 50
2018-07-11 13:17:05,538 (e2e_asr_attctc_th:2092) INFO: min output length: 0
2018-07-11 13:17:07,476 (e2e_asr_attctc_th:2199) INFO: end detected at 20
2018-07-11 13:17:07,476 (e2e_asr_attctc_th:2217) INFO: total log probability: -10.7413651142
2018-07-11 13:17:07,477 (e2e_asr_attctc_th:2218) INFO: normalized log probability: -0.716091007615
2018-07-11 13:17:07,478 (asr_pytorch:468) INFO: groundtruth[9_spk_9_015040-015240]: 割俏倍佬扚刺緘怪霆誅咋樺嘍姚
2018-07-11 13:17:07,478 (asr_pytorch:469) INFO: prediction [9_spk_9_015040-015240]: 又係嗰啲打到緊吉電玩咁咪就<eos>
2018-07-11 13:17:07,485 (e2e_asr_attctc_th:2977) INFO: BLSTMP input lengths: [161]
2018-07-11 13:17:07,707 (e2e_asr_attctc_th:2067) INFO: input lengths: 41
2018-07-11 13:17:07,707 (e2e_asr_attctc_th:2091) INFO: max output length: 41
2018-07-11 13:17:07,707 (e2e_asr_attctc_th:2092) INFO: min output length: 0
2018-07-11 13:17:08,542 (e2e_asr_attctc_th:2199) INFO: end detected at 10
2018-07-11 13:17:08,542 (e2e_asr_attctc_th:2217) INFO: total log probability: -1.18960042531
2018-07-11 13:17:08,542 (e2e_asr_attctc_th:2218) INFO: normalized log probability: -0.198266737551
2018-07-11 13:17:08,543 (asr_pytorch:468) INFO: groundtruth[1503-1_spk_1503_1_092677-092840]: 俏啖俏啯
2018-07-11 13:17:08,543 (asr_pytorch:469) INFO: prediction [1503-1_spk_1503_1_092677-092840]: 係啊係咪<eos>
2018-07-11 13:17:08,550 (e2e_asr_attctc_th:2977) INFO: BLSTMP input lengths: [111]
2018-07-11 13:17:08,724 (e2e_asr_attctc_th:2067) INFO: input lengths: 28
2018-07-11 13:17:08,724 (e2e_asr_attctc_th:2091) INFO: max output length: 28
2018-07-11 13:17:08,724 (e2e_asr_attctc_th:2092) INFO: min output length: 0
2018-07-11 13:17:09,929 (e2e_asr_attctc_th:2199) INFO: end detected at 16
2018-07-11 13:17:09,930 (e2e_asr_attctc_th:2217) INFO: total log probability: -9.22969129309
2018-07-11 13:17:09,930 (e2e_asr_attctc_th:2218) INFO: normalized log probability: -0.922969129309
2018-07-11 13:17:09,931 (asr_pytorch:468) INFO: groundtruth[3_spk_3_034092-034205]: 卉囤
2018-07-11 13:17:09,931 (asr_pytorch:469) INFO: prediction [3_spk_3_034092-034205]: 即個月一世然之後<eos>
2018-07-11 13:17:09,940 (e2e_asr_attctc_th:2977) INFO: BLSTMP input lengths: [390]
2018-07-11 13:17:10,449 (e2e_asr_attctc_th:2067) INFO: input lengths: 98
2018-07-11 13:17:10,449 (e2e_asr_attctc_th:2091) INFO: max output length: 98
2018-07-11 13:17:10,449 (e2e_asr_attctc_th:2092) INFO: min output length: 0
2018-07-11 13:17:14,444 (e2e_asr_attctc_th:2199) INFO: end detected at 32
2018-07-11 13:17:14,444 (e2e_asr_attctc_th:2217) INFO: total log probability: -12.0060121841
2018-07-11 13:17:14,444 (e2e_asr_attctc_th:2218) INFO: normalized log probability: -0.461769699388
2018-07-11 13:17:14,446 (asr_pytorch:468) INFO: groundtruth[1504-1_spk_1504_1_025424-025816]: 咋冀寫夭<unk>鄔姚俏籌20倔朔戛址鄔90序蚧
2018-07-11 13:17:14,446 (asr_pytorch:469) INFO: prediction [1504-1_spk_1504_1_025424-025816]: 咁其實大傢都即係如果你話簽完十個月我哋都搞十幾蚊<eos>
2018-07-11 13:17:14,454 (e2e_asr_attctc_th:2977) INFO: BLSTMP input lengths: [353]
2018-07-11 13:17:14,948 (e2e_asr_attctc_th:2067) INFO: input lengths: 89
2018-07-11 13:17:14,948 (e2e_asr_attctc_th:2091) INFO: max output length: 89
2018-07-11 13:17:14,948 (e2e_asr_attctc_th:2092) INFO: min output length: 0
2018-07-11 13:17:16,926 (e2e_asr_attctc_th:2206) INFO: no hypothesis. Finish decoding.
2018-07-11 13:17:16,927 (e2e_asr_attctc_th:2217) INFO: total log probability: -4.75967860594
2018-07-11 13:17:16,927 (e2e_asr_attctc_th:2218) INFO: normalized log probability: -0.297479912871
2018-07-11 13:17:16,928 (asr_pytorch:468) INFO: groundtruth[1505-1_spk_1505_1_031435-031789]: 俏手件戛三踎鄔朕彋諒嗷倔逮庵旅<unk>啯
2018-07-11 13:17:16,928 (asr_pytorch:469) INFO: prediction [1505-1_spk_1505_1_031435-031789]: 係在路都有強調嗰個速度方麵啦<eos>
2018-07-11 13:17:16,936 (e2e_asr_attctc_th:2977) INFO: BLSTMP input lengths: [198]
2018-07-11 13:17:17,214 (e2e_asr_attctc_th:2067) INFO: input lengths: 50
2018-07-11 13:17:17,215 (e2e_asr_attctc_th:2091) INFO: max output length: 50
2018-07-11 13:17:17,215 (e2e_asr_attctc_th:2092) INFO: min output length: 0
2018-07-11 13:17:18,963 (e2e_asr_attctc_th:2199) INFO: end detected at 18
2018-07-11 13:17:18,963 (e2e_asr_attctc_th:2217) INFO: total log probability: -6.92951080203
2018-07-11 13:17:18,963 (e2e_asr_attctc_th:2218) INFO: normalized log probability: -0.577459233503
2018-07-11 13:17:18,965 (asr_pytorch:468) INFO: groundtruth[9_spk_9_039517-039717]: 佰RSXGSRRIGX
2018-07-11 13:17:18,965 (asr_pytorch:469) INFO: prediction [9_spk_9_039517-039717]: 佢NOCKONNET<eos>
2018-07-11 13:17:18,973 (e2e_asr_attctc_th:2977) INFO: BLSTMP input lengths: [145]
2018-07-11 13:17:19,175 (e2e_asr_attctc_th:2067) INFO: input lengths: 37
2018-07-11 13:17:19,175 (e2e_asr_attctc_th:2091) INFO: max output length: 37
2018-07-11 13:17:19,175 (e2e_asr_attctc_th:2092) INFO: min output length: 0
2018-07-11 13:17:20,100 (e2e_asr_attctc_th:2206) INFO: no hypothesis. Finish decoding.
2018-07-11 13:17:20,100 (e2e_asr_attctc_th:2217) INFO: total log probability: -2.85055807885
2018-07-11 13:17:20,100 (e2e_asr_attctc_th:2218) INFO: normalized log probability: -0.285055807885
2018-07-11 13:17:20,101 (asr_pytorch:468) INFO: groundtruth[4_spk_4_016230-016377]: 俏咋B戡耐咋啯戛
2018-07-11 13:17:20,101 (asr_pytorch:469) INFO: prediction [4_spk_4_016230-016377]: 誒咁啊或者咁多我<eos>
2018-07-11 13:17:20,108 (e2e_asr_attctc_th:2977) INFO: BLSTMP input lengths: [44]
2018-07-11 13:17:20,183 (e2e_asr_attctc_th:2067) INFO: input lengths: 11
2018-07-11 13:17:20,184 (e2e_asr_attctc_th:2091) INFO: max output length: 11
2018-07-11 13:17:20,184 (e2e_asr_attctc_th:2092) INFO: min output length: 0
2018-07-11 13:17:20,678 (e2e_asr_attctc_th:2199) INFO: end detected at 8
2018-07-11 13:17:20,678 (e2e_asr_attctc_th:2217) INFO: total log probability: -0.0258568439749
2018-07-11 13:17:20,678 (e2e_asr_attctc_th:2218) INFO: normalized log probability: -0.00646421099373
2018-07-11 13:17:20,679 (asr_pytorch:468) INFO: groundtruth[1502-2_spk_1502_2_031423-031469]: 俏呈
2018-07-11 13:17:20,679 (asr_pytorch:469) INFO: prediction [1502-2_spk_1502_2_031423-031469]: 係啊<eos>
2018-07-11 13:17:20,688 (e2e_asr_attctc_th:2977) INFO: BLSTMP input lengths: [598]
2018-07-11 13:17:21,504 (e2e_asr_attctc_th:2067) INFO: input lengths: 150
2018-07-11 13:17:21,505 (e2e_asr_attctc_th:2091) INFO: max output length: 150
2018-07-11 13:17:21,505 (e2e_asr_attctc_th:2092) INFO: min output length: 0
2018-07-11 13:17:28,711 (e2e_asr_attctc_th:2206) INFO: no hypothesis. Finish decoding.
2018-07-11 13:17:28,711 (e2e_asr_attctc_th:2217) INFO: total log probability: -29.0086989161
2018-07-11 13:17:28,711 (e2e_asr_attctc_th:2218) INFO: normalized log probability: -0.763386813581
2018-07-11 13:17:28,712 (asr_pytorch:468) INFO: groundtruth[1503-1_spk_1503_1_037044-037644]: 俏啖俏啖嗶咋冀寫呯戛嗄霆誅刺呯戛尻唪服啞啖徘尖姚佬攪佬啼賒斥叄側迫皂訢旨
2018-07-11 13:17:28,713 (asr_pytorch:469) INFO: prediction [1503-1_spk_1503_1_037044-037644]: 係啊係啊咁其實啦我係電話嗰個係我就唔係問下佢睇翻嚟攞你啲資料去做翻緊計噶<eos>
2018-07-11 13:17:28,731 (e2e_asr_attctc_th:2977) INFO: BLSTMP input lengths: [160]
2018-07-11 13:17:29,153 (e2e_asr_attctc_th:2067) INFO: input lengths: 40
2018-07-11 13:17:29,154 (e2e_asr_attctc_th:2091) INFO: max output length: 40
2018-07-11 13:17:29,155 (e2e_asr_attctc_th:2092) INFO: min output length: 0
2018-07-11 13:17:30,418 (e2e_asr_attctc_th:2199) INFO: end detected at 10
2018-07-11 13:17:30,419 (e2e_asr_attctc_th:2217) INFO: total log probability: -0.450499698753
2018-07-11 13:17:30,419 (e2e_asr_attctc_th:2218) INFO: normalized log probability: -0.0750832831254
2018-07-11 13:17:30,420 (asr_pytorch:468) INFO: groundtruth[1501-1_spk_1501_1_049092-049254]: 妍枱俏俏
2018-07-11 13:17:30,420 (asr_pytorch:469) INFO: prediction [1501-1_spk_1501_1_049092-049254]: 如果係係<eos>
2018-07-11 13:17:30,436 (e2e_asr_attctc_th:2977) INFO: BLSTMP input lengths: [30]
2018-07-11 13:17:30,566 (e2e_asr_attctc_th:2067) INFO: input lengths: 8
2018-07-11 13:17:30,567 (e2e_asr_attctc_th:2091) INFO: max output length: 8
2018-07-11 13:17:30,567 (e2e_asr_attctc_th:2092) INFO: min output length: 0
2018-07-11 13:17:30,727 (e2e_asr_attctc_th:2206) INFO: no hypothesis. Finish decoding.
2018-07-11 13:17:30,727 (e2e_asr_attctc_th:2217) INFO: total log probability: -0.530811566394
2018-07-11 13:17:30,727 (e2e_asr_attctc_th:2218) INFO: normalized log probability: -0.176937188798
2018-07-11 13:17:30,728 (asr_pytorch:468) INFO: groundtruth[1505-1_spk_1505_1_020506-020538]: 俏
2018-07-11 13:17:30,729 (asr_pytorch:469) INFO: prediction [1505-1_spk_1505_1_020506-020538]: 係<eos>
2018-07-11 13:17:30,747 (e2e_asr_attctc_th:2977) INFO: BLSTMP input lengths: [96]
2018-07-11 13:17:30,899 (e2e_asr_attctc_th:2067) INFO: input lengths: 24
2018-07-11 13:17:30,900 (e2e_asr_attctc_th:2091) INFO: max output length: 24
2018-07-11 13:17:30,900 (e2e_asr_attctc_th:2092) INFO: min output length: 0
2018-07-11 13:17:31,497 (e2e_asr_attctc_th:2199) INFO: end detected at 9
2018-07-11 13:17:31,498 (e2e_asr_attctc_th:2217) INFO: total log probability: -1.1831368804
2018-07-11 13:17:31,498 (e2e_asr_attctc_th:2218) INFO: normalized log probability: -0.394378960133
2018-07-11 13:17:31,499 (asr_pytorch:468) INFO: groundtruth[12_spk_12_015163-015262]: 哭
2018-07-11 13:17:31,499 (asr_pytorch:469) INFO: prediction [12_spk_12_015163-015262]: 哦<eos>
2018-07-11 13:17:31,507 (e2e_asr_attctc_th:2977) INFO: BLSTMP input lengths: [373]
2018-07-11 13:17:32,015 (e2e_asr_attctc_th:2067) INFO: input lengths: 94
2018-07-11 13:17:32,015 (e2e_asr_attctc_th:2091) INFO: max output length: 94
2018-07-11 13:17:32,015 (e2e_asr_attctc_th:2092) INFO: min output length: 0
2018-07-11 13:17:34,705 (e2e_asr_attctc_th:2206) INFO: no hypothesis. Finish decoding.
2018-07-11 13:17:34,705 (e2e_asr_attctc_th:2217) INFO: total log probability: -23.8120861806
2018-07-11 13:17:34,705 (e2e_asr_attctc_th:2218) INFO: normalized log probability: -1.3228936767
2018-07-11 13:17:34,706 (asr_pytorch:468) INFO: groundtruth[8_spk_8_009177-009552]: 咋呯尻戛唪矮黴言俏嚦咩必朦邸哲庵呯
2018-07-11 13:17:34,706 (asr_pytorch:469) INFO: prediction [8_spk_8_009177-009552]: 你唔識做我點真係離覺得樓知呢度呢<eos>
2018-07-11 13:17:34,714 (e2e_asr_attctc_th:2977) INFO: BLSTMP input lengths: [298]
2018-07-11 13:17:35,157 (e2e_asr_attctc_th:2067) INFO: input lengths: 75
2018-07-11 13:17:35,158 (e2e_asr_attctc_th:2091) INFO: max output length: 75
2018-07-11 13:17:35,158 (e2e_asr_attctc_th:2092) INFO: min output length: 0
2018-07-11 13:17:37,770 (e2e_asr_attctc_th:2199) INFO: end detected at 22
2018-07-11 13:17:37,770 (e2e_asr_attctc_th:2217) INFO: total log probability: -5.52627153549
2018-07-11 13:17:37,770 (e2e_asr_attctc_th:2218) INFO: normalized log probability: -0.325074796205
2018-07-11 13:17:37,772 (asr_pytorch:468) INFO: groundtruth[1501-1_spk_1501_1_059365-059665]: 冀寫尻唪津誅由迫佰員嗷啼GSYTSR囖
2018-07-11 13:17:37,772 (asr_pytorch:469) INFO: prediction [1501-1_spk_1501_1_059365-059665]: 其實就唔使話用翻佢哋嗰啲叫堂咯<eos>
2018-07-11 13:17:37,779 (e2e_asr_attctc_th:2977) INFO: BLSTMP input lengths: [126]
2018-07-11 13:17:37,971 (e2e_asr_attctc_th:2067) INFO: input lengths: 32
2018-07-11 13:17:37,971 (e2e_asr_attctc_th:2091) INFO: max output length: 32
2018-07-11 13:17:37,971 (e2e_asr_attctc_th:2092) INFO: min output length: 0
2018-07-11 13:17:38,648 (e2e_asr_attctc_th:2199) INFO: end detected at 10
2018-07-11 13:17:38,648 (e2e_asr_attctc_th:2217) INFO: total log probability: -2.10804355145
2018-07-11 13:17:38,648 (e2e_asr_attctc_th:2218) INFO: normalized log probability: -0.702681183815
2018-07-11 13:17:38,649 (asr_pytorch:468) INFO: groundtruth[1501-1_spk_1501_1_036476-036604]: 俏唪
2018-07-11 13:17:38,649 (asr_pytorch:469) INFO: prediction [1501-1_spk_1501_1_036476-036604]: 誒<eos>
2018-07-11 13:17:38,658 (e2e_asr_attctc_th:2977) INFO: BLSTMP input lengths: [466]
2018-07-11 13:17:39,346 (e2e_asr_attctc_th:2067) INFO: input lengths: 117
2018-07-11 13:17:39,347 (e2e_asr_attctc_th:2091) INFO: max output length: 117
2018-07-11 13:17:39,347 (e2e_asr_attctc_th:2092) INFO: min output length: 0
2018-07-11 13:17:43,136 (e2e_asr_attctc_th:2199) INFO: end detected at 26
2018-07-11 13:17:43,136 (e2e_asr_attctc_th:2217) INFO: total log probability: -12.9960826151
2018-07-11 13:17:43,136 (e2e_asr_attctc_th:2218) INFO: normalized log probability: -0.684004348164
2018-07-11 13:17:43,138 (asr_pytorch:468) INFO: groundtruth[1505-2_spk_1505_2_079340-079808]: 戛感怦俏誅妍枱呯倔TPER囹烕戛叄GWP嗷庵
2018-07-11 13:17:43,138 (asr_pytorch:469) INFO: prediction [1505-2_spk_1505_2_079340-079808]: 我真係話如果依傢咩因為我係之間嗰度<eos>
2018-07-11 13:17:43,145 (e2e_asr_attctc_th:2977) INFO: BLSTMP input lengths: [133]
2018-07-11 13:17:43,349 (e2e_asr_attctc_th:2067) INFO: input lengths: 34
2018-07-11 13:17:43,349 (e2e_asr_attctc_th:2091) INFO: max output length: 34
2018-07-11 13:17:43,349 (e2e_asr_attctc_th:2092) INFO: min output length: 0
2018-07-11 13:17:44,124 (e2e_asr_attctc_th:2199) INFO: end detected at 11
2018-07-11 13:17:44,124 (e2e_asr_attctc_th:2217) INFO: total log probability: -5.84625949711
2018-07-11 13:17:44,125 (e2e_asr_attctc_th:2218) INFO: normalized log probability: -1.16925189942
2018-07-11 13:17:44,125 (asr_pytorch:468) INFO: groundtruth[8_spk_8_030970-031105]: 必朦邸
2018-07-11 13:17:44,125 (asr_pytorch:469) INFO: prediction [8_spk_8_030970-031105]: 得鬧天<eos>
2018-07-11 13:17:44,133 (e2e_asr_attctc_th:2977) INFO: BLSTMP input lengths: [143]
2018-07-11 13:17:44,331 (e2e_asr_attctc_th:2067) INFO: input lengths: 36
2018-07-11 13:17:44,331 (e2e_asr_attctc_th:2091) INFO: max output length: 36
2018-07-11 13:17:44,331 (e2e_asr_attctc_th:2092) INFO: min output length: 0
2018-07-11 13:17:45,324 (e2e_asr_attctc_th:2199) INFO: end detected at 12
2018-07-11 13:17:45,324 (e2e_asr_attctc_th:2217) INFO: total log probability: -3.8367516147
2018-07-11 13:17:45,324 (e2e_asr_attctc_th:2218) INFO: normalized log probability: -0.479593951837
2018-07-11 13:17:45,325 (asr_pytorch:468) INFO: groundtruth[1501-2_spk_1501_2_020405-020550]: 啵亙卉倔朔
2018-07-11 13:17:45,325 (asr_pytorch:469) INFO: prediction [1501-2_spk_1501_2_020405-020550]: 真係二十個月<eos>
2018-07-11 13:17:45,333 (e2e_asr_attctc_th:2977) INFO: BLSTMP input lengths: [198]
2018-07-11 13:17:45,596 (e2e_asr_attctc_th:2067) INFO: input lengths: 50
2018-07-11 13:17:45,596 (e2e_asr_attctc_th:2091) INFO: max output length: 50
2018-07-11 13:17:45,596 (e2e_asr_attctc_th:2092) INFO: min output length: 0
2018-07-11 13:17:47,103 (e2e_asr_attctc_th:2199) INFO: end detected at 17
2018-07-11 13:17:47,104 (e2e_asr_attctc_th:2217) INFO: total log probability: -5.20923516899
2018-07-11 13:17:47,104 (e2e_asr_attctc_th:2218) INFO: normalized log probability: -0.651154396124
2018-07-11 13:17:47,105 (asr_pytorch:468) INFO: groundtruth[12_spk_12_025343-025543]: 俏咵咋BB
2018-07-11 13:17:47,105 (asr_pytorch:469) INFO: prediction [12_spk_12_025343-025543]: 係啊咁誒唔H<eos>
2018-07-11 13:17:47,114 (e2e_asr_attctc_th:2977) INFO: BLSTMP input lengths: [373]
2018-07-11 13:17:47,640 (e2e_asr_attctc_th:2067) INFO: input lengths: 94
2018-07-11 13:17:47,640 (e2e_asr_attctc_th:2091) INFO: max output length: 94
2018-07-11 13:17:47,640 (e2e_asr_attctc_th:2092) INFO: min output length: 0
2018-07-11 13:17:50,559 (e2e_asr_attctc_th:2199) INFO: end detected at 24
2018-07-11 13:17:50,560 (e2e_asr_attctc_th:2217) INFO: total log probability: -13.7581130341
2018-07-11 13:17:50,560 (e2e_asr_attctc_th:2218) INFO: normalized log probability: -0.80930076671
2018-07-11 13:17:50,562 (asr_pytorch:468) INFO: groundtruth[3_spk_3_040350-040725]: 戛矮省毯丕冀仞梧俏朕朕三宣嘍
2018-07-11 13:17:50,562 (asr_pytorch:469) INFO: prediction [3_spk_3_040350-040725]: 總之養養睇下其他嘅有有一直已經<eos>
2018-07-11 13:17:50,570 (e2e_asr_attctc_th:2977) INFO: BLSTMP input lengths: [296]
2018-07-11 13:17:50,972 (e2e_asr_attctc_th:2067) INFO: input lengths: 74
2018-07-11 13:17:50,973 (e2e_asr_attctc_th:2091) INFO: max output length: 74
2018-07-11 13:17:50,973 (e2e_asr_attctc_th:2092) INFO: min output length: 0
2018-07-11 13:17:52,058 (e2e_asr_attctc_th:2206) INFO: no hypothesis. Finish decoding.
2018-07-11 13:17:52,059 (e2e_asr_attctc_th:2217) INFO: total log probability: -6.32827294758
2018-07-11 13:17:52,059 (e2e_asr_attctc_th:2218) INFO: normalized log probability: -0.632827294758
2018-07-11 13:17:52,059 (asr_pytorch:468) INFO: groundtruth[1501-2_spk_1501_2_049076-049374]: 哭啵俏GSPHGEPP呯啼尻三宣見
2018-07-11 13:17:52,060 (asr_pytorch:469) INFO: prediction [1501-2_spk_1501_2_049076-049374]: 哦你好開呢搞成要<eos>
2018-07-11 13:17:52,066 (e2e_asr_attctc_th:2977) INFO: BLSTMP input lengths: [14]
2018-07-11 13:17:52,102 (e2e_asr_attctc_th:2067) INFO: input lengths: 4
2018-07-11 13:17:52,103 (e2e_asr_attctc_th:2091) INFO: max output length: 4
2018-07-11 13:17:52,103 (e2e_asr_attctc_th:2092) INFO: min output length: 0
2018-07-11 13:17:52,288 (e2e_asr_attctc_th:2180) INFO: adding <eos> in the last postion in the loop
2018-07-11 13:17:52,289 (e2e_asr_attctc_th:2206) INFO: no hypothesis. Finish decoding.
2018-07-11 13:17:52,289 (e2e_asr_attctc_th:2217) INFO: total log probability: -0.251908771694
2018-07-11 13:17:52,289 (e2e_asr_attctc_th:2218) INFO: normalized log probability: -0.0839695905646
2018-07-11 13:17:52,290 (asr_pytorch:468) INFO: groundtruth[1501-1_spk_1501_1_046012-046028]: 俏
2018-07-11 13:17:52,290 (asr_pytorch:469) INFO: prediction [1501-1_spk_1501_1_046012-046028]: 係<eos>
2018-07-11 13:17:52,297 (e2e_asr_attctc_th:2977) INFO: BLSTMP input lengths: [169]
2018-07-11 13:17:52,537 (e2e_asr_attctc_th:2067) INFO: input lengths: 43
2018-07-11 13:17:52,538 (e2e_asr_attctc_th:2091) INFO: max output length: 43
2018-07-11 13:17:52,538 (e2e_asr_attctc_th:2092) INFO: min output length: 0
2018-07-11 13:17:53,626 (e2e_asr_attctc_th:2206) INFO: no hypothesis. Finish decoding.
2018-07-11 13:17:53,627 (e2e_asr_attctc_th:2217) INFO: total log probability: -7.75256384764
2018-07-11 13:17:53,627 (e2e_asr_attctc_th:2218) INFO: normalized log probability: -0.704778531603
2018-07-11 13:17:53,628 (asr_pytorch:468) INFO: groundtruth[4_spk_4_023496-023667]: B俏誥響換祈倔刺啯
2018-07-11 13:17:53,628 (asr_pytorch:469) INFO: prediction [4_spk_4_023496-023667]: 誒第二間提示嗰度啦<eos>
2018-07-11 13:17:53,637 (e2e_asr_attctc_th:2977) INFO: BLSTMP input lengths: [127]
2018-07-11 13:17:53,818 (e2e_asr_attctc_th:2067) INFO: input lengths: 32
2018-07-11 13:17:53,818 (e2e_asr_attctc_th:2091) INFO: max output length: 32
2018-07-11 13:17:53,818 (e2e_asr_attctc_th:2092) INFO: min output length: 0
2018-07-11 13:17:54,554 (e2e_asr_attctc_th:2206) INFO: no hypothesis. Finish decoding.
2018-07-11 13:17:54,555 (e2e_asr_attctc_th:2217) INFO: total log probability: -5.58258266933
2018-07-11 13:17:54,555 (e2e_asr_attctc_th:2218) INFO: normalized log probability: -0.620286963259
2018-07-11 13:17:54,555 (asr_pytorch:468) INFO: groundtruth[1502-1_spk_1502_1_054616-054745]: 疊俏三倔<unk>庸TPER
2018-07-11 13:17:54,555 (asr_pytorch:469) INFO: prediction [1502-1_spk_1502_1_054616-054745]: 當係一個搞食係<eos>
2018-07-11 13:17:54,563 (e2e_asr_attctc_th:2977) INFO: BLSTMP input lengths: [180]
2018-07-11 13:17:54,807 (e2e_asr_attctc_th:2067) INFO: input lengths: 45
2018-07-11 13:17:54,807 (e2e_asr_attctc_th:2091) INFO: max output length: 45
2018-07-11 13:17:54,807 (e2e_asr_attctc_th:2092) INFO: min output length: 0
2018-07-11 13:17:56,351 (e2e_asr_attctc_th:2199) INFO: end detected at 17
2018-07-11 13:17:56,352 (e2e_asr_attctc_th:2217) INFO: total log probability: -14.6518783569
2018-07-11 13:17:56,352 (e2e_asr_attctc_th:2218) INFO: normalized log probability: -1.33198894154
2018-07-11 13:17:56,352 (asr_pytorch:468) INFO: groundtruth[8_spk_8_084615-084797]: 卿俏陵咩哲倔乒夢朕然召夢三倔吟
2018-07-11 13:17:56,353 (asr_pytorch:469) INFO: prediction [8_spk_8_084615-084797]: 除咗先知點啊咁食啦<eos>
2018-07-11 13:17:56,360 (e2e_asr_attctc_th:2977) INFO: BLSTMP input lengths: [219]
2018-07-11 13:17:56,674 (e2e_asr_attctc_th:2067) INFO: input lengths: 55
2018-07-11 13:17:56,675 (e2e_asr_attctc_th:2091) INFO: max output length: 55
2018-07-11 13:17:56,675 (e2e_asr_attctc_th:2092) INFO: min output length: 0
2018-07-11 13:17:58,556 (e2e_asr_attctc_th:2199) INFO: end detected at 19
2018-07-11 13:17:58,556 (e2e_asr_attctc_th:2217) INFO: total log probability: -12.3172054489
2018-07-11 13:17:58,556 (e2e_asr_attctc_th:2218) INFO: normalized log probability: -0.879800389205
2018-07-11 13:17:58,557 (asr_pytorch:468) INFO: groundtruth[12_spk_12_006803-007023]: 佬俏咱由緘6濛嗷啼朔賀討劉柎
2018-07-11 13:17:58,557 (asr_pytorch:469) INFO: prediction [12_spk_12_006803-007023]: 我咁用緊咯嗰啲熱化街辣噶<eos>
# Accounting: time=286 threads=1
# Ended (code 0) at Wed Jul 11 13:17:58 HKT 2018, elapsed time 286 seconds
