# asr_recog.py --ngpu 0 --backend pytorch --recog-json smartone_data/smartone_kaldi/split32utt/data.14.json --result-label smartone_data/baseline/decode/data.14.json --model smartone_data/baseline/model.acc.best --model-conf smartone_data/baseline/model.conf --beam-size 20 --penalty 0.0 --maxlenratio 0.0 --minlenratio 0.0 --ctc-weight 0.3 
# Started at Wed Jul 11 13:13:12 HKT 2018
#
2018-07-11 13:13:12,973 (asr_recog:110) INFO: python path = /home/lahiru/Devinstalls/espnet_new/espnet/egs/domain_adaptation_cantonese/asr5/../../../src/lm/:/home/lahiru/Devinstalls/espnet_new/espnet/egs/domain_adaptation_cantonese/asr5/../../../src/asr/:/home/lahiru/Devinstalls/espnet_new/espnet/egs/domain_adaptation_cantonese/asr5/../../../src/nets/:/home/lahiru/Devinstalls/espnet_new/espnet/egs/domain_adaptation_cantonese/asr5/../../../src/utils/:/home/lahiru/Devinstalls/espnet_new/espnet/egs/domain_adaptation_cantonese/asr5/../../../src/bin/:/home/lahiru/Devinstalls/espnet_new/espnet/egs/domain_adaptation_cantonese/asr5/../../../src/lm/:/home/lahiru/Devinstalls/espnet_new/espnet/egs/domain_adaptation_cantonese/asr5/../../../src/asr/:/home/lahiru/Devinstalls/espnet_new/espnet/egs/domain_adaptation_cantonese/asr5/../../../src/nets/:/home/lahiru/Devinstalls/espnet_new/espnet/egs/domain_adaptation_cantonese/asr5/../../../src/utils/:/home/lahiru/Devinstalls/espnet_new/espnet/egs/domain_adaptation_cantonese/asr5/../../../src/bin/:
2018-07-11 13:13:12,973 (asr_recog:115) INFO: set random seed = 1
2018-07-11 13:13:12,973 (asr_recog:118) INFO: backend = pytorch
2018-07-11 13:13:13,534 (asr_pytorch:393) INFO: reading a model config file fromsmartone_data/baseline/model.conf
2018-07-11 13:13:13,564 (asr_pytorch:397) INFO: ARGS: backend: pytorch
2018-07-11 13:13:13,564 (asr_pytorch:397) INFO: ARGS: beam_size: 20
2018-07-11 13:13:13,564 (asr_pytorch:397) INFO: ARGS: ctc_weight: 0.3
2018-07-11 13:13:13,565 (asr_pytorch:397) INFO: ARGS: da: 0
2018-07-11 13:13:13,565 (asr_pytorch:397) INFO: ARGS: daconfig: 3
2018-07-11 13:13:13,565 (asr_pytorch:397) INFO: ARGS: datype: bias
2018-07-11 13:13:13,565 (asr_pytorch:397) INFO: ARGS: debugmode: 1
2018-07-11 13:13:13,565 (asr_pytorch:397) INFO: ARGS: gpu: None
2018-07-11 13:13:13,565 (asr_pytorch:397) INFO: ARGS: lm_weight: 0.1
2018-07-11 13:13:13,565 (asr_pytorch:397) INFO: ARGS: maxlenratio: 0.0
2018-07-11 13:13:13,565 (asr_pytorch:397) INFO: ARGS: minlenratio: 0.0
2018-07-11 13:13:13,565 (asr_pytorch:397) INFO: ARGS: model: smartone_data/baseline/model.acc.best
2018-07-11 13:13:13,565 (asr_pytorch:397) INFO: ARGS: model_conf: smartone_data/baseline/model.conf
2018-07-11 13:13:13,565 (asr_pytorch:397) INFO: ARGS: nbest: 1
2018-07-11 13:13:13,565 (asr_pytorch:397) INFO: ARGS: ngpu: 0
2018-07-11 13:13:13,565 (asr_pytorch:397) INFO: ARGS: penalty: 0.0
2018-07-11 13:13:13,565 (asr_pytorch:397) INFO: ARGS: recog_feat: None
2018-07-11 13:13:13,565 (asr_pytorch:397) INFO: ARGS: recog_json: smartone_data/smartone_kaldi/split32utt/data.14.json
2018-07-11 13:13:13,565 (asr_pytorch:397) INFO: ARGS: recog_label: None
2018-07-11 13:13:13,565 (asr_pytorch:397) INFO: ARGS: result_label: smartone_data/baseline/decode/data.14.json
2018-07-11 13:13:13,566 (asr_pytorch:397) INFO: ARGS: rnnlm: None
2018-07-11 13:13:13,566 (asr_pytorch:397) INFO: ARGS: seed: 1
2018-07-11 13:13:13,566 (asr_pytorch:397) INFO: ARGS: verbose: 1
2018-07-11 13:13:13,566 (asr_pytorch:397) INFO: ARGS: word_dict: None
2018-07-11 13:13:13,566 (asr_pytorch:397) INFO: ARGS: word_rnnlm: None
2018-07-11 13:13:13,566 (asr_pytorch:400) INFO: reading model parameters fromsmartone_data/baseline/model.acc.best
2018-07-11 13:13:13,566 (e2e_asr_attctc_th:184) INFO: subsample: 1 2 2 1 1
2018-07-11 13:13:13,683 (e2e_asr_attctc_th:2317) INFO: BLSTM with every-layer projection for encoder
2018-07-11 13:13:15,878 (e2e_asr_attctc_th:2977) INFO: BLSTMP input lengths: [156]
2018-07-11 13:13:16,170 (e2e_asr_attctc_th:2067) INFO: input lengths: 39
2018-07-11 13:13:16,170 (e2e_asr_attctc_th:2091) INFO: max output length: 39
2018-07-11 13:13:16,170 (e2e_asr_attctc_th:2092) INFO: min output length: 0
2018-07-11 13:13:17,760 (e2e_asr_attctc_th:2206) INFO: no hypothesis. Finish decoding.
2018-07-11 13:13:17,761 (e2e_asr_attctc_th:2217) INFO: total log probability: -1.91850324278
2018-07-11 13:13:17,762 (e2e_asr_attctc_th:2218) INFO: normalized log probability: -0.174409385707
2018-07-11 13:13:17,764 (asr_pytorch:468) INFO: groundtruth[1504-1_spk_1504_1_035326-035484]: 俏啖<unk>紋宙差尻司件
2018-07-11 13:13:17,765 (asr_pytorch:469) INFO: prediction [1504-1_spk_1504_1_035326-035484]: 係啊琴日原咗就可以<eos>
2018-07-11 13:13:17,782 (e2e_asr_attctc_th:2977) INFO: BLSTMP input lengths: [453]
2018-07-11 13:13:18,884 (e2e_asr_attctc_th:2067) INFO: input lengths: 114
2018-07-11 13:13:18,885 (e2e_asr_attctc_th:2091) INFO: max output length: 114
2018-07-11 13:13:18,885 (e2e_asr_attctc_th:2092) INFO: min output length: 0
2018-07-11 13:13:25,236 (e2e_asr_attctc_th:2199) INFO: end detected at 41
2018-07-11 13:13:25,237 (e2e_asr_attctc_th:2217) INFO: total log probability: -17.0732360319
2018-07-11 13:13:25,237 (e2e_asr_attctc_th:2218) INFO: normalized log probability: -0.487806743769
2018-07-11 13:13:25,238 (asr_pytorch:468) INFO: groundtruth[3_spk_3_032430-032885]: 戛姥吹㨃可陋QE~嘍戛WIRH咩葛叄佬霆誅刺㨃啯佬睛睛放唪放刺
2018-07-11 13:13:25,238 (asr_pytorch:469) INFO: prediction [3_spk_3_032430-032885]: 我性唔嘅嗰個MAY嘅我FRIEND咗落去你電話度話啦你睇睇收唔收酒<eos>
2018-07-11 13:13:25,246 (e2e_asr_attctc_th:2977) INFO: BLSTMP input lengths: [42]
2018-07-11 13:13:25,340 (e2e_asr_attctc_th:2067) INFO: input lengths: 11
2018-07-11 13:13:25,341 (e2e_asr_attctc_th:2091) INFO: max output length: 11
2018-07-11 13:13:25,341 (e2e_asr_attctc_th:2092) INFO: min output length: 0
2018-07-11 13:13:26,005 (e2e_asr_attctc_th:2180) INFO: adding <eos> in the last postion in the loop
2018-07-11 13:13:26,005 (e2e_asr_attctc_th:2199) INFO: end detected at 10
2018-07-11 13:13:26,005 (e2e_asr_attctc_th:2217) INFO: total log probability: -2.67928552628
2018-07-11 13:13:26,005 (e2e_asr_attctc_th:2218) INFO: normalized log probability: -0.669821381569
2018-07-11 13:13:26,007 (asr_pytorch:468) INFO: groundtruth[12_spk_12_015047-015091]: 唪院
2018-07-11 13:13:26,007 (asr_pytorch:469) INFO: prediction [12_spk_12_015047-015091]: <SPK/>嗬<eos>
2018-07-11 13:13:26,016 (e2e_asr_attctc_th:2977) INFO: BLSTMP input lengths: [371]
2018-07-11 13:13:26,547 (e2e_asr_attctc_th:2067) INFO: input lengths: 93
2018-07-11 13:13:26,547 (e2e_asr_attctc_th:2091) INFO: max output length: 93
2018-07-11 13:13:26,547 (e2e_asr_attctc_th:2092) INFO: min output length: 0
2018-07-11 13:13:30,432 (e2e_asr_attctc_th:2199) INFO: end detected at 27
2018-07-11 13:13:30,432 (e2e_asr_attctc_th:2217) INFO: total log probability: -22.0306752389
2018-07-11 13:13:30,433 (e2e_asr_attctc_th:2218) INFO: normalized log probability: -1.00139432904
2018-07-11 13:13:30,435 (asr_pytorch:468) INFO: groundtruth[8_spk_8_022982-023355]: 咋筋旬妍枱4K囹烕佰誅仕旬倍戛詭丕從唪從呈嘢
2018-07-11 13:13:30,435 (asr_pytorch:469) INFO: prediction [8_spk_8_022982-023355]: 三十四七隻呢因為就直接嘅十月十得唔得啊嘛<eos>
2018-07-11 13:13:30,449 (e2e_asr_attctc_th:2977) INFO: BLSTMP input lengths: [270]
2018-07-11 13:13:30,913 (e2e_asr_attctc_th:2067) INFO: input lengths: 68
2018-07-11 13:13:30,913 (e2e_asr_attctc_th:2091) INFO: max output length: 68
2018-07-11 13:13:30,913 (e2e_asr_attctc_th:2092) INFO: min output length: 0
2018-07-11 13:13:33,670 (e2e_asr_attctc_th:2199) INFO: end detected at 23
2018-07-11 13:13:33,671 (e2e_asr_attctc_th:2217) INFO: total log probability: -11.8165334575
2018-07-11 13:13:33,671 (e2e_asr_attctc_th:2218) INFO: normalized log probability: -0.695090203382
2018-07-11 13:13:33,674 (asr_pytorch:468) INFO: groundtruth[3_spk_3_000515-000787]: 喇
2018-07-11 13:13:33,675 (asr_pytorch:469) INFO: prediction [3_spk_3_000515-000787]: 係呢你要做馬通噶啊媽咪翻到嚟嘅<eos>
2018-07-11 13:13:33,691 (e2e_asr_attctc_th:2977) INFO: BLSTMP input lengths: [333]
2018-07-11 13:13:34,534 (e2e_asr_attctc_th:2067) INFO: input lengths: 84
2018-07-11 13:13:34,535 (e2e_asr_attctc_th:2091) INFO: max output length: 84
2018-07-11 13:13:34,535 (e2e_asr_attctc_th:2092) INFO: min output length: 0
2018-07-11 13:13:39,343 (e2e_asr_attctc_th:2199) INFO: end detected at 28
2018-07-11 13:13:39,343 (e2e_asr_attctc_th:2217) INFO: total log probability: -20.6757750362
2018-07-11 13:13:39,343 (e2e_asr_attctc_th:2218) INFO: normalized log probability: -0.939807956192
2018-07-11 13:13:39,345 (asr_pytorch:468) INFO: groundtruth[8_spk_8_057982-058316]: 叄且閊啯吔佬側倔B嗄畸佬手謬嘍喵佑啯
2018-07-11 13:13:39,345 (asr_pytorch:469) INFO: prediction [8_spk_8_057982-058316]: 去上門咯同佢做過我唉跟著你所我講就得一位<eos>
2018-07-11 13:13:39,361 (e2e_asr_attctc_th:2977) INFO: BLSTMP input lengths: [198]
2018-07-11 13:13:39,922 (e2e_asr_attctc_th:2067) INFO: input lengths: 50
2018-07-11 13:13:39,922 (e2e_asr_attctc_th:2091) INFO: max output length: 50
2018-07-11 13:13:39,923 (e2e_asr_attctc_th:2092) INFO: min output length: 0
2018-07-11 13:13:43,090 (e2e_asr_attctc_th:2199) INFO: end detected at 19
2018-07-11 13:13:43,091 (e2e_asr_attctc_th:2217) INFO: total log probability: -2.92442422267
2018-07-11 13:13:43,091 (e2e_asr_attctc_th:2218) INFO: normalized log probability: -0.194961614845
2018-07-11 13:13:43,093 (asr_pytorch:468) INFO: groundtruth[1501-1_spk_1501_1_056888-057088]: 唪吔郷閊SJJIV尻唪吔嘍
2018-07-11 13:13:43,094 (asr_pytorch:469) INFO: prediction [1501-1_spk_1501_1_056888-057088]: 唔同個門OFFER就唔同嘅<eos>
2018-07-11 13:13:43,109 (e2e_asr_attctc_th:2977) INFO: BLSTMP input lengths: [127]
2018-07-11 13:13:43,418 (e2e_asr_attctc_th:2067) INFO: input lengths: 32
2018-07-11 13:13:43,418 (e2e_asr_attctc_th:2091) INFO: max output length: 32
2018-07-11 13:13:43,418 (e2e_asr_attctc_th:2092) INFO: min output length: 0
2018-07-11 13:13:44,182 (e2e_asr_attctc_th:2206) INFO: no hypothesis. Finish decoding.
2018-07-11 13:13:44,183 (e2e_asr_attctc_th:2217) INFO: total log probability: -1.56636528729
2018-07-11 13:13:44,183 (e2e_asr_attctc_th:2218) INFO: normalized log probability: -0.195795660911
2018-07-11 13:13:44,183 (asr_pytorch:468) INFO: groundtruth[4_spk_4_014658-014787]: 俏戛員哲邕呯俏
2018-07-11 13:13:44,184 (asr_pytorch:469) INFO: prediction [4_spk_4_014658-014787]: 係我哋邊個係<eos>
2018-07-11 13:13:44,191 (e2e_asr_attctc_th:2977) INFO: BLSTMP input lengths: [31]
2018-07-11 13:13:44,258 (e2e_asr_attctc_th:2067) INFO: input lengths: 8
2018-07-11 13:13:44,259 (e2e_asr_attctc_th:2091) INFO: max output length: 8
2018-07-11 13:13:44,259 (e2e_asr_attctc_th:2092) INFO: min output length: 0
2018-07-11 13:13:44,708 (e2e_asr_attctc_th:2180) INFO: adding <eos> in the last postion in the loop
2018-07-11 13:13:44,709 (e2e_asr_attctc_th:2199) INFO: end detected at 7
2018-07-11 13:13:44,709 (e2e_asr_attctc_th:2217) INFO: total log probability: -0.284108463675
2018-07-11 13:13:44,710 (e2e_asr_attctc_th:2218) INFO: normalized log probability: -0.0947028212249
2018-07-11 13:13:44,711 (asr_pytorch:468) INFO: groundtruth[1501-2_spk_1501_2_057708-057741]: 嗶
2018-07-11 13:13:44,711 (asr_pytorch:469) INFO: prediction [1501-2_spk_1501_2_057708-057741]: 嗯<eos>
2018-07-11 13:13:44,720 (e2e_asr_attctc_th:2977) INFO: BLSTMP input lengths: [269]
2018-07-11 13:13:45,210 (e2e_asr_attctc_th:2067) INFO: input lengths: 68
2018-07-11 13:13:45,211 (e2e_asr_attctc_th:2091) INFO: max output length: 68
2018-07-11 13:13:45,211 (e2e_asr_attctc_th:2092) INFO: min output length: 0
2018-07-11 13:13:49,595 (e2e_asr_attctc_th:2199) INFO: end detected at 28
2018-07-11 13:13:49,595 (e2e_asr_attctc_th:2217) INFO: total log probability: -21.5894873217
2018-07-11 13:13:49,595 (e2e_asr_attctc_th:2218) INFO: normalized log probability: -0.981340332803
2018-07-11 13:13:49,597 (asr_pytorch:468) INFO: groundtruth[9_spk_9_066224-066495]: 哲烕哲旅<unk>卿俏葛畸閊希服忽啼嘍哲三倔嘍誅尻E
2018-07-11 13:13:49,597 (asr_pytorch:469) INFO: prediction [9_spk_9_066224-066495]: 因為都話問唔到你心唔知好快啲咁樣講啊嘛就<eos>
2018-07-11 13:13:49,608 (e2e_asr_attctc_th:2977) INFO: BLSTMP input lengths: [736]
2018-07-11 13:13:50,678 (e2e_asr_attctc_th:2067) INFO: input lengths: 184
2018-07-11 13:13:50,679 (e2e_asr_attctc_th:2091) INFO: max output length: 184
2018-07-11 13:13:50,679 (e2e_asr_attctc_th:2092) INFO: min output length: 0
2018-07-11 13:13:59,762 (e2e_asr_attctc_th:2199) INFO: end detected at 44
2018-07-11 13:13:59,762 (e2e_asr_attctc_th:2217) INFO: total log probability: -49.769360356
2018-07-11 13:13:59,762 (e2e_asr_attctc_th:2218) INFO: normalized log probability: -1.27613744503
2018-07-11 13:13:59,763 (asr_pytorch:468) INFO: groundtruth[8_spk_8_028067-028805]: 咋B咋戛愈啞畸啯哲倔惕泌俏B俏咱卿俏男陋假尖姚搶刺叄佬耗<unk>何倔刺尻<unk>琉咋樺呈
2018-07-11 13:13:59,763 (asr_pytorch:469) INFO: prediction [8_spk_8_028067-028805]: 咁咁心心呢個平時試成三時有四分鐘S一般方式LEASTUS十七月就齣現咁樣啦<eos>
2018-07-11 13:13:59,771 (e2e_asr_attctc_th:2977) INFO: BLSTMP input lengths: [117]
2018-07-11 13:13:59,946 (e2e_asr_attctc_th:2067) INFO: input lengths: 30
2018-07-11 13:13:59,946 (e2e_asr_attctc_th:2091) INFO: max output length: 30
2018-07-11 13:13:59,946 (e2e_asr_attctc_th:2092) INFO: min output length: 0
2018-07-11 13:14:01,242 (e2e_asr_attctc_th:2199) INFO: end detected at 13
2018-07-11 13:14:01,242 (e2e_asr_attctc_th:2217) INFO: total log probability: -5.43119828682
2018-07-11 13:14:01,242 (e2e_asr_attctc_th:2218) INFO: normalized log probability: -0.603466476314
2018-07-11 13:14:01,243 (asr_pytorch:468) INFO: groundtruth[4_spk_4_024820-024939]: 佬筐陳兒朕朵呈耗<unk>
2018-07-11 13:14:01,244 (asr_pytorch:469) INFO: prediction [4_spk_4_024820-024939]: 而傢啲有冇係啦<eos>
2018-07-11 13:14:01,258 (e2e_asr_attctc_th:2977) INFO: BLSTMP input lengths: [46]
2018-07-11 13:14:01,363 (e2e_asr_attctc_th:2067) INFO: input lengths: 12
2018-07-11 13:14:01,363 (e2e_asr_attctc_th:2091) INFO: max output length: 12
2018-07-11 13:14:01,363 (e2e_asr_attctc_th:2092) INFO: min output length: 0
2018-07-11 13:14:02,127 (e2e_asr_attctc_th:2199) INFO: end detected at 9
2018-07-11 13:14:02,127 (e2e_asr_attctc_th:2217) INFO: total log probability: -3.18736854196
2018-07-11 13:14:02,127 (e2e_asr_attctc_th:2218) INFO: normalized log probability: -0.796842135489
2018-07-11 13:14:02,129 (asr_pytorch:468) INFO: groundtruth[1503-1_spk_1503_1_059410-059458]: 咋尻
2018-07-11 13:14:02,129 (asr_pytorch:469) INFO: prediction [1503-1_spk_1503_1_059410-059458]: 咁就<eos>
2018-07-11 13:14:02,144 (e2e_asr_attctc_th:2977) INFO: BLSTMP input lengths: [153]
2018-07-11 13:14:02,529 (e2e_asr_attctc_th:2067) INFO: input lengths: 39
2018-07-11 13:14:02,530 (e2e_asr_attctc_th:2091) INFO: max output length: 39
2018-07-11 13:14:02,531 (e2e_asr_attctc_th:2092) INFO: min output length: 0
2018-07-11 13:14:04,790 (e2e_asr_attctc_th:2199) INFO: end detected at 19
2018-07-11 13:14:04,790 (e2e_asr_attctc_th:2217) INFO: total log probability: -5.97490239143
2018-07-11 13:14:04,790 (e2e_asr_attctc_th:2218) INFO: normalized log probability: -0.426778742245
2018-07-11 13:14:04,792 (asr_pytorch:468) INFO: groundtruth[1502-2_spk_1502_2_072836-072991]: 刺晏佬司件吔佰謬迫嘍潤用
2018-07-11 13:14:04,792 (asr_pytorch:469) INFO: prediction [1502-2_spk_1502_2_072836-072991]: 到時你可以同佢講翻嘅本曬<eos>
2018-07-11 13:14:04,802 (e2e_asr_attctc_th:2977) INFO: BLSTMP input lengths: [526]
2018-07-11 13:14:05,487 (e2e_asr_attctc_th:2067) INFO: input lengths: 132
2018-07-11 13:14:05,488 (e2e_asr_attctc_th:2091) INFO: max output length: 132
2018-07-11 13:14:05,488 (e2e_asr_attctc_th:2092) INFO: min output length: 0
2018-07-11 13:14:12,784 (e2e_asr_attctc_th:2199) INFO: end detected at 39
2018-07-11 13:14:12,784 (e2e_asr_attctc_th:2217) INFO: total log probability: -21.9335699193
2018-07-11 13:14:12,784 (e2e_asr_attctc_th:2218) INFO: normalized log probability: -0.664653633919
2018-07-11 13:14:12,786 (asr_pytorch:468) INFO: groundtruth[4_spk_4_073787-074315]: 咋咱俏囖見見矮遛臺巷朕然間阪㨃嘢佬間咩俏咱這倔討佬吟唪俏討佬六旬吟
2018-07-11 13:14:12,786 (asr_pytorch:469) INFO: prediction [4_spk_4_073787-074315]: 同埋嗰啲要知道有冇開關噶嘛你可以咗係咪嗰個計嘢咯唔係計嘅前日咯<eos>
2018-07-11 13:14:12,793 (e2e_asr_attctc_th:2977) INFO: BLSTMP input lengths: [72]
2018-07-11 13:14:12,905 (e2e_asr_attctc_th:2067) INFO: input lengths: 18
2018-07-11 13:14:12,905 (e2e_asr_attctc_th:2091) INFO: max output length: 18
2018-07-11 13:14:12,905 (e2e_asr_attctc_th:2092) INFO: min output length: 0
2018-07-11 13:14:13,523 (e2e_asr_attctc_th:2199) INFO: end detected at 10
2018-07-11 13:14:13,523 (e2e_asr_attctc_th:2217) INFO: total log probability: -3.58696675301
2018-07-11 13:14:13,523 (e2e_asr_attctc_th:2218) INFO: normalized log probability: -1.19565558434
2018-07-11 13:14:13,525 (asr_pytorch:468) INFO: groundtruth[1505-2_spk_1505_2_004358-004432]: B
2018-07-11 13:14:13,525 (asr_pytorch:469) INFO: prediction [1505-2_spk_1505_2_004358-004432]: 嗯<eos>
2018-07-11 13:14:13,534 (e2e_asr_attctc_th:2977) INFO: BLSTMP input lengths: [267]
2018-07-11 13:14:13,899 (e2e_asr_attctc_th:2067) INFO: input lengths: 67
2018-07-11 13:14:13,899 (e2e_asr_attctc_th:2091) INFO: max output length: 67
2018-07-11 13:14:13,899 (e2e_asr_attctc_th:2092) INFO: min output length: 0
2018-07-11 13:14:16,468 (e2e_asr_attctc_th:2199) INFO: end detected at 23
2018-07-11 13:14:16,468 (e2e_asr_attctc_th:2217) INFO: total log probability: -9.43781676143
2018-07-11 13:14:16,468 (e2e_asr_attctc_th:2218) INFO: normalized log probability: -0.555165691849
2018-07-11 13:14:16,470 (asr_pytorch:468) INFO: groundtruth[9_spk_9_063205-063475]: 乸灼旅<unk>嘍誅呯俏叄刺乸黴卒嘍
2018-07-11 13:14:16,470 (asr_pytorch:469) INFO: prediction [9_spk_9_063205-063475]: 我唔開心年就話嘞係去到九點半嘅<eos>
2018-07-11 13:14:16,478 (e2e_asr_attctc_th:2977) INFO: BLSTMP input lengths: [289]
2018-07-11 13:14:17,235 (e2e_asr_attctc_th:2067) INFO: input lengths: 73
2018-07-11 13:14:17,235 (e2e_asr_attctc_th:2091) INFO: max output length: 73
2018-07-11 13:14:17,236 (e2e_asr_attctc_th:2092) INFO: min output length: 0
2018-07-11 13:14:19,313 (e2e_asr_attctc_th:2199) INFO: end detected at 15
2018-07-11 13:14:19,313 (e2e_asr_attctc_th:2217) INFO: total log probability: -4.2570437938
2018-07-11 13:14:19,313 (e2e_asr_attctc_th:2218) INFO: normalized log probability: -0.473004865977
2018-07-11 13:14:19,315 (asr_pytorch:468) INFO: groundtruth[1503-2_spk_1503_2_001003-001295]: 俏啖耗<unk>從耗<unk>從
2018-07-11 13:14:19,315 (asr_pytorch:469) INFO: prediction [1503-2_spk_1503_2_001003-001295]: 係啊而傢得而傢<eos>
2018-07-11 13:14:19,329 (e2e_asr_attctc_th:2977) INFO: BLSTMP input lengths: [240]
2018-07-11 13:14:19,685 (e2e_asr_attctc_th:2067) INFO: input lengths: 60
2018-07-11 13:14:19,685 (e2e_asr_attctc_th:2091) INFO: max output length: 60
2018-07-11 13:14:19,685 (e2e_asr_attctc_th:2092) INFO: min output length: 0
2018-07-11 13:14:22,745 (e2e_asr_attctc_th:2199) INFO: end detected at 25
2018-07-11 13:14:22,745 (e2e_asr_attctc_th:2217) INFO: total log probability: -14.7023291178
2018-07-11 13:14:22,745 (e2e_asr_attctc_th:2218) INFO: normalized log probability: -0.73511645589
2018-07-11 13:14:22,747 (asr_pytorch:468) INFO: groundtruth[4_spk_4_019704-019946]: 挖倍戛肇戛戛戛摁ETTW摁咱仿妊
2018-07-11 13:14:22,747 (asr_pytorch:469) INFO: prediction [4_spk_4_019704-019946]: 隻俾我聽過我我搵MAPPEY搵咪仲好<eos>
2018-07-11 13:14:22,760 (e2e_asr_attctc_th:2977) INFO: BLSTMP input lengths: [63]
2018-07-11 13:14:22,900 (e2e_asr_attctc_th:2067) INFO: input lengths: 16
2018-07-11 13:14:22,900 (e2e_asr_attctc_th:2091) INFO: max output length: 16
2018-07-11 13:14:22,900 (e2e_asr_attctc_th:2092) INFO: min output length: 0
2018-07-11 13:14:23,761 (e2e_asr_attctc_th:2199) INFO: end detected at 11
2018-07-11 13:14:23,761 (e2e_asr_attctc_th:2217) INFO: total log probability: -3.08194017783
2018-07-11 13:14:23,761 (e2e_asr_attctc_th:2218) INFO: normalized log probability: -0.513656696305
2018-07-11 13:14:23,762 (asr_pytorch:468) INFO: groundtruth[1501-1_spk_1501_1_087277-087342]: 冏啞顔嘍
2018-07-11 13:14:23,762 (asr_pytorch:469) INFO: prediction [1501-1_spk_1501_1_087277-087342]: 冇問題噶<eos>
2018-07-11 13:14:23,769 (e2e_asr_attctc_th:2977) INFO: BLSTMP input lengths: [13]
2018-07-11 13:14:23,805 (e2e_asr_attctc_th:2067) INFO: input lengths: 4
2018-07-11 13:14:23,806 (e2e_asr_attctc_th:2091) INFO: max output length: 4
2018-07-11 13:14:23,806 (e2e_asr_attctc_th:2092) INFO: min output length: 0
2018-07-11 13:14:23,897 (e2e_asr_attctc_th:2206) INFO: no hypothesis. Finish decoding.
2018-07-11 13:14:23,898 (e2e_asr_attctc_th:2217) INFO: total log probability: -0.848253024276
2018-07-11 13:14:23,898 (e2e_asr_attctc_th:2218) INFO: normalized log probability: -0.282751008092
2018-07-11 13:14:23,898 (asr_pytorch:468) INFO: groundtruth[1501-1_spk_1501_1_035332-035347]: 俏
2018-07-11 13:14:23,899 (asr_pytorch:469) INFO: prediction [1501-1_spk_1501_1_035332-035347]: 的<eos>
2018-07-11 13:14:23,907 (e2e_asr_attctc_th:2977) INFO: BLSTMP input lengths: [222]
2018-07-11 13:14:24,241 (e2e_asr_attctc_th:2067) INFO: input lengths: 56
2018-07-11 13:14:24,242 (e2e_asr_attctc_th:2091) INFO: max output length: 56
2018-07-11 13:14:24,242 (e2e_asr_attctc_th:2092) INFO: min output length: 0
2018-07-11 13:14:26,187 (e2e_asr_attctc_th:2199) INFO: end detected at 17
2018-07-11 13:14:26,188 (e2e_asr_attctc_th:2217) INFO: total log probability: -6.65498696663
2018-07-11 13:14:26,188 (e2e_asr_attctc_th:2218) INFO: normalized log probability: -0.55458224722
2018-07-11 13:14:26,189 (asr_pytorch:468) INFO: groundtruth[1501-1_spk_1501_1_066194-066418]: 佰磊誔迫溢磊嘍址坐囖
2018-07-11 13:14:26,190 (asr_pytorch:469) INFO: prediction [1501-1_spk_1501_1_066194-066418]: 佢確認翻總同嘅地址咯<eos>
2018-07-11 13:14:26,199 (e2e_asr_attctc_th:2977) INFO: BLSTMP input lengths: [236]
2018-07-11 13:14:26,617 (e2e_asr_attctc_th:2067) INFO: input lengths: 59
2018-07-11 13:14:26,619 (e2e_asr_attctc_th:2091) INFO: max output length: 59
2018-07-11 13:14:26,619 (e2e_asr_attctc_th:2092) INFO: min output length: 0
2018-07-11 13:14:29,438 (e2e_asr_attctc_th:2199) INFO: end detected at 24
2018-07-11 13:14:29,438 (e2e_asr_attctc_th:2217) INFO: total log probability: -15.0301119555
2018-07-11 13:14:29,438 (e2e_asr_attctc_th:2218) INFO: normalized log probability: -0.884124232675
2018-07-11 13:14:29,439 (asr_pytorch:468) INFO: groundtruth[4_spk_4_018733-018971]: 卿俏BWIRHWIRH咩嚦朵呈嗷倔
2018-07-11 13:14:29,439 (asr_pytorch:469) INFO: prediction [4_spk_4_018733-018971]: 即係DAMPLEN咗有嚟嚟嗰個<eos>
2018-07-11 13:14:29,449 (e2e_asr_attctc_th:2977) INFO: BLSTMP input lengths: [798]
2018-07-11 13:14:30,597 (e2e_asr_attctc_th:2067) INFO: input lengths: 200
2018-07-11 13:14:30,597 (e2e_asr_attctc_th:2091) INFO: max output length: 200
2018-07-11 13:14:30,597 (e2e_asr_attctc_th:2092) INFO: min output length: 0
2018-07-11 13:14:41,617 (e2e_asr_attctc_th:2199) INFO: end detected at 55
2018-07-11 13:14:41,617 (e2e_asr_attctc_th:2217) INFO: total log probability: -56.0867951121
2018-07-11 13:14:41,617 (e2e_asr_attctc_th:2218) INFO: normalized log probability: -1.12173590224
2018-07-11 13:14:41,619 (asr_pytorch:468) INFO: groundtruth[1503-1_spk_1503_1_019812-020612]: 妍枱道差3倔朔乒得冗YTKVEHI旨誅呯咋尻服八姚俏服谘差俏閊希旨歧億叄側迫囖咋尻谘差費差60蚧囖毛倔朔
2018-07-11 13:14:41,619 (asr_pytorch:469) INFO: prediction [1503-1_spk_1503_1_019812-020612]: 如果教咗翻個之後就係呃所以嘅話嘞咁就好似即係會變咗下會之後一定要翻翻啦咁十二就為咗落嚟啊嘛佢搞嘢<eos>
2018-07-11 13:14:41,627 (e2e_asr_attctc_th:2977) INFO: BLSTMP input lengths: [198]
2018-07-11 13:14:41,909 (e2e_asr_attctc_th:2067) INFO: input lengths: 50
2018-07-11 13:14:41,909 (e2e_asr_attctc_th:2091) INFO: max output length: 50
2018-07-11 13:14:41,909 (e2e_asr_attctc_th:2092) INFO: min output length: 0
2018-07-11 13:14:43,604 (e2e_asr_attctc_th:2199) INFO: end detected at 17
2018-07-11 13:14:43,604 (e2e_asr_attctc_th:2217) INFO: total log probability: -6.57872186974
2018-07-11 13:14:43,605 (e2e_asr_attctc_th:2218) INFO: normalized log probability: -0.548226822478
2018-07-11 13:14:43,606 (asr_pytorch:468) INFO: groundtruth[12_spk_12_000317-000517]: 唪誆戛愈摁佬吔井可
2018-07-11 13:14:43,606 (asr_pytorch:469) INFO: prediction [12_spk_12_000317-000517]: 麵如果我想搵你同事叫<eos>
2018-07-11 13:14:43,615 (e2e_asr_attctc_th:2977) INFO: BLSTMP input lengths: [571]
2018-07-11 13:14:44,472 (e2e_asr_attctc_th:2067) INFO: input lengths: 143
2018-07-11 13:14:44,473 (e2e_asr_attctc_th:2091) INFO: max output length: 143
2018-07-11 13:14:44,473 (e2e_asr_attctc_th:2092) INFO: min output length: 0
2018-07-11 13:14:50,094 (e2e_asr_attctc_th:2199) INFO: end detected at 34
2018-07-11 13:14:50,094 (e2e_asr_attctc_th:2217) INFO: total log probability: -14.9623116348
2018-07-11 13:14:50,094 (e2e_asr_attctc_th:2218) INFO: normalized log probability: -0.51594178051
2018-07-11 13:14:50,095 (asr_pytorch:468) INFO: groundtruth[1505-1_spk_1505_1_097057-097630]: B刺咩嗷倔刺未旬乒得咋冗揣考戛址WQEVXSRI嗷彈WMQ危尻SO喋
2018-07-11 13:14:50,095 (asr_pytorch:469) INFO: prediction [1505-1_spk_1505_1_097057-097630]: 誒到咗嗰個到其實之後咁再換翻我哋食媽總嗰種先卡就OK啦<eos>
2018-07-11 13:14:50,104 (e2e_asr_attctc_th:2977) INFO: BLSTMP input lengths: [272]
2018-07-11 13:14:50,515 (e2e_asr_attctc_th:2067) INFO: input lengths: 68
2018-07-11 13:14:50,516 (e2e_asr_attctc_th:2091) INFO: max output length: 68
2018-07-11 13:14:50,516 (e2e_asr_attctc_th:2092) INFO: min output length: 0
2018-07-11 13:14:52,471 (e2e_asr_attctc_th:2206) INFO: no hypothesis. Finish decoding.
2018-07-11 13:14:52,471 (e2e_asr_attctc_th:2217) INFO: total log probability: -9.20845902897
2018-07-11 13:14:52,471 (e2e_asr_attctc_th:2218) INFO: normalized log probability: -0.575528689311
2018-07-11 13:14:52,472 (asr_pytorch:468) INFO: groundtruth[1501-1_spk_1501_1_059091-059365]: 鄔JSV迫嗄馭渺毯輓堅杉嘍侈由呯
2018-07-11 13:14:52,472 (asr_pytorch:469) INFO: prediction [1501-1_spk_1501_1_059091-059365]: 功課翻喺香港比較基本嘅使用呢<eos>
2018-07-11 13:14:52,480 (e2e_asr_attctc_th:2977) INFO: BLSTMP input lengths: [126]
2018-07-11 13:14:52,660 (e2e_asr_attctc_th:2067) INFO: input lengths: 32
2018-07-11 13:14:52,660 (e2e_asr_attctc_th:2091) INFO: max output length: 32
2018-07-11 13:14:52,660 (e2e_asr_attctc_th:2092) INFO: min output length: 0
2018-07-11 13:14:53,324 (e2e_asr_attctc_th:2206) INFO: no hypothesis. Finish decoding.
2018-07-11 13:14:53,324 (e2e_asr_attctc_th:2217) INFO: total log probability: -2.94418964908
2018-07-11 13:14:53,324 (e2e_asr_attctc_th:2218) INFO: normalized log probability: -0.420598521296
2018-07-11 13:14:53,325 (asr_pytorch:468) INFO: groundtruth[1504-1_spk_1504_1_072530-072658]: 住俏倔<unk>檀TPER
2018-07-11 13:14:53,325 (asr_pytorch:469) INFO: prediction [1504-1_spk_1504_1_072530-072658]: 大個齣幾聽<eos>
2018-07-11 13:14:53,338 (e2e_asr_attctc_th:2977) INFO: BLSTMP input lengths: [78]
2018-07-11 13:14:53,488 (e2e_asr_attctc_th:2067) INFO: input lengths: 20
2018-07-11 13:14:53,488 (e2e_asr_attctc_th:2091) INFO: max output length: 20
2018-07-11 13:14:53,488 (e2e_asr_attctc_th:2092) INFO: min output length: 0
2018-07-11 13:14:54,314 (e2e_asr_attctc_th:2199) INFO: end detected at 11
2018-07-11 13:14:54,314 (e2e_asr_attctc_th:2217) INFO: total log probability: -4.85425689816
2018-07-11 13:14:54,314 (e2e_asr_attctc_th:2218) INFO: normalized log probability: -0.809042816361
2018-07-11 13:14:54,315 (asr_pytorch:468) INFO: groundtruth[8_spk_8_085095-085175]: 哭
2018-07-11 13:14:54,316 (asr_pytorch:469) INFO: prediction [8_spk_8_085095-085175]: 我食先算<eos>
2018-07-11 13:14:54,326 (e2e_asr_attctc_th:2977) INFO: BLSTMP input lengths: [758]
2018-07-11 13:14:55,372 (e2e_asr_attctc_th:2067) INFO: input lengths: 190
2018-07-11 13:14:55,373 (e2e_asr_attctc_th:2091) INFO: max output length: 190
2018-07-11 13:14:55,373 (e2e_asr_attctc_th:2092) INFO: min output length: 0
2018-07-11 13:15:04,365 (e2e_asr_attctc_th:2199) INFO: end detected at 43
2018-07-11 13:15:04,365 (e2e_asr_attctc_th:2217) INFO: total log probability: -31.3401347883
2018-07-11 13:15:04,365 (e2e_asr_attctc_th:2218) INFO: normalized log probability: -0.847030669954
2018-07-11 13:15:04,366 (asr_pytorch:468) INFO: groundtruth[1503-1_spk_1503_1_044104-044864]: 啖冏啞顔俏冏鍋冏鍋速幅戛址啼宭呯尻戛址司件幹佰町諛差倔公郷儼想呯
2018-07-11 13:15:04,366 (asr_pytorch:469) INFO: prediction [1503-1_spk_1503_1_044104-044864]: 啊我唔係係我好彩我想通常呢我哋之下呢佢知道我哋可以當佢身死咗個外周圍呢<eos>
2018-07-11 13:15:04,376 (e2e_asr_attctc_th:2977) INFO: BLSTMP input lengths: [534]
2018-07-11 13:15:05,225 (e2e_asr_attctc_th:2067) INFO: input lengths: 134
2018-07-11 13:15:05,226 (e2e_asr_attctc_th:2091) INFO: max output length: 134
2018-07-11 13:15:05,226 (e2e_asr_attctc_th:2092) INFO: min output length: 0
2018-07-11 13:15:13,259 (e2e_asr_attctc_th:2199) INFO: end detected at 38
2018-07-11 13:15:13,260 (e2e_asr_attctc_th:2217) INFO: total log probability: -15.919472605
2018-07-11 13:15:13,260 (e2e_asr_attctc_th:2218) INFO: normalized log probability: -0.530649086833
2018-07-11 13:15:13,261 (asr_pytorch:468) INFO: groundtruth[1504-1_spk_1504_1_085490-086026]: 咋佬刺晏咋佬誅見TST道黒啯旨誅咋佬兒司件用敖鄔SO柎JSV迫
2018-07-11 13:15:13,261 (asr_pytorch:469) INFO: prediction [1504-1_spk_1504_1_085490-086026]: 咁你到時咁你話要POP個你啦嘅話咁你先開心下都OK啊學生<eos>
2018-07-11 13:15:13,271 (e2e_asr_attctc_th:2977) INFO: BLSTMP input lengths: [451]
2018-07-11 13:15:13,862 (e2e_asr_attctc_th:2067) INFO: input lengths: 113
2018-07-11 13:15:13,863 (e2e_asr_attctc_th:2091) INFO: max output length: 113
2018-07-11 13:15:13,863 (e2e_asr_attctc_th:2092) INFO: min output length: 0
2018-07-11 13:15:20,039 (e2e_asr_attctc_th:2206) INFO: no hypothesis. Finish decoding.
2018-07-11 13:15:20,040 (e2e_asr_attctc_th:2217) INFO: total log probability: -29.4084358905
2018-07-11 13:15:20,040 (e2e_asr_attctc_th:2218) INFO: normalized log probability: -1.01408399622
2018-07-11 13:15:20,040 (asr_pytorch:468) INFO: groundtruth[1503-1_spk_1503_1_094205-094658]: 俏啯朕冏冀仞俏咱朕冀仞RYQFIV鄔愈轟呯倔望B望募吟啖徘尖姚
2018-07-11 13:15:20,040 (asr_pytorch:469) INFO: prediction [1503-1_spk_1503_1_094205-094658]: 係呢一個屋企啊你有其他諗法都上住呢個十誒服我玩阿姐嘅大<eos>
2018-07-11 13:15:20,054 (e2e_asr_attctc_th:2977) INFO: BLSTMP input lengths: [105]
2018-07-11 13:15:20,332 (e2e_asr_attctc_th:2067) INFO: input lengths: 27
2018-07-11 13:15:20,333 (e2e_asr_attctc_th:2091) INFO: max output length: 27
2018-07-11 13:15:20,333 (e2e_asr_attctc_th:2092) INFO: min output length: 0
2018-07-11 13:15:21,314 (e2e_asr_attctc_th:2206) INFO: no hypothesis. Finish decoding.
2018-07-11 13:15:21,314 (e2e_asr_attctc_th:2217) INFO: total log probability: -7.44197146967
2018-07-11 13:15:21,314 (e2e_asr_attctc_th:2218) INFO: normalized log probability: -0.930246433709
2018-07-11 13:15:21,315 (asr_pytorch:468) INFO: groundtruth[8_spk_8_015255-015362]: 三扚尻旁緣呈
2018-07-11 13:15:21,315 (asr_pytorch:469) INFO: prediction [8_spk_8_015255-015362]: 再打十點先啊<eos>
2018-07-11 13:15:21,330 (e2e_asr_attctc_th:2977) INFO: BLSTMP input lengths: [180]
2018-07-11 13:15:21,803 (e2e_asr_attctc_th:2067) INFO: input lengths: 45
2018-07-11 13:15:21,804 (e2e_asr_attctc_th:2091) INFO: max output length: 45
2018-07-11 13:15:21,804 (e2e_asr_attctc_th:2092) INFO: min output length: 0
2018-07-11 13:15:23,331 (e2e_asr_attctc_th:2199) INFO: end detected at 15
2018-07-11 13:15:23,331 (e2e_asr_attctc_th:2217) INFO: total log probability: -9.93652994931
2018-07-11 13:15:23,331 (e2e_asr_attctc_th:2218) INFO: normalized log probability: -1.10405888326
2018-07-11 13:15:23,332 (asr_pytorch:468) INFO: groundtruth[9_spk_9_030795-030977]: IREFPIPXI
2018-07-11 13:15:23,332 (asr_pytorch:469) INFO: prediction [9_spk_9_030795-030977]: MOUT我覺格<eos>
2018-07-11 13:15:23,341 (e2e_asr_attctc_th:2977) INFO: BLSTMP input lengths: [201]
2018-07-11 13:15:23,617 (e2e_asr_attctc_th:2067) INFO: input lengths: 51
2018-07-11 13:15:23,618 (e2e_asr_attctc_th:2091) INFO: max output length: 51
2018-07-11 13:15:23,618 (e2e_asr_attctc_th:2092) INFO: min output length: 0
2018-07-11 13:15:24,655 (e2e_asr_attctc_th:2206) INFO: no hypothesis. Finish decoding.
2018-07-11 13:15:24,655 (e2e_asr_attctc_th:2217) INFO: total log probability: -5.05921009276
2018-07-11 13:15:24,655 (e2e_asr_attctc_th:2218) INFO: normalized log probability: -0.562134454751
2018-07-11 13:15:24,656 (asr_pytorch:468) INFO: groundtruth[1502-1_spk_1502_1_009742-009945]: 呯倔卉KF咩乒得
2018-07-11 13:15:24,656 (asr_pytorch:469) INFO: prediction [1502-1_spk_1502_1_009742-009945]: 呢個落擊咗之後<eos>
2018-07-11 13:15:24,666 (e2e_asr_attctc_th:2977) INFO: BLSTMP input lengths: [708]
2018-07-11 13:15:25,745 (e2e_asr_attctc_th:2067) INFO: input lengths: 177
2018-07-11 13:15:25,746 (e2e_asr_attctc_th:2091) INFO: max output length: 177
2018-07-11 13:15:25,746 (e2e_asr_attctc_th:2092) INFO: min output length: 0
2018-07-11 13:15:35,617 (e2e_asr_attctc_th:2199) INFO: end detected at 46
2018-07-11 13:15:35,617 (e2e_asr_attctc_th:2217) INFO: total log probability: -32.8217270074
2018-07-11 13:15:35,617 (e2e_asr_attctc_th:2218) INFO: normalized log probability: -0.820543175185
2018-07-11 13:15:35,618 (asr_pytorch:468) INFO: groundtruth[1503-1_spk_1503_1_001286-001996]: 哭SO嗺囹烕呯戛鄔肇啖徘尖姚佬謬啯鄔冀寫鄔朕耍慶迫戛址兲各倔綺絨旨俏啯
2018-07-11 13:15:35,618 (asr_pytorch:469) INFO: prediction [1503-1_spk_1503_1_001286-001996]: 啊OK但係因為呢我都聽啊其自己你講啦到其實都有人為翻嚟公司個信號嘅某落嘅係啦<eos>
2018-07-11 13:15:35,626 (e2e_asr_attctc_th:2977) INFO: BLSTMP input lengths: [28]
2018-07-11 13:15:35,697 (e2e_asr_attctc_th:2067) INFO: input lengths: 7
2018-07-11 13:15:35,697 (e2e_asr_attctc_th:2091) INFO: max output length: 7
2018-07-11 13:15:35,697 (e2e_asr_attctc_th:2092) INFO: min output length: 0
2018-07-11 13:15:35,807 (e2e_asr_attctc_th:2206) INFO: no hypothesis. Finish decoding.
2018-07-11 13:15:35,808 (e2e_asr_attctc_th:2217) INFO: total log probability: -0.60704872827
2018-07-11 13:15:35,808 (e2e_asr_attctc_th:2218) INFO: normalized log probability: -0.20234957609
2018-07-11 13:15:35,808 (asr_pytorch:468) INFO: groundtruth[4_spk_4_025747-025777]: 丕
2018-07-11 13:15:35,808 (asr_pytorch:469) INFO: prediction [4_spk_4_025747-025777]: 誒<eos>
2018-07-11 13:15:35,817 (e2e_asr_attctc_th:2977) INFO: BLSTMP input lengths: [368]
2018-07-11 13:15:36,348 (e2e_asr_attctc_th:2067) INFO: input lengths: 92
2018-07-11 13:15:36,348 (e2e_asr_attctc_th:2091) INFO: max output length: 92
2018-07-11 13:15:36,348 (e2e_asr_attctc_th:2092) INFO: min output length: 0
2018-07-11 13:15:38,728 (e2e_asr_attctc_th:2199) INFO: end detected at 19
2018-07-11 13:15:38,728 (e2e_asr_attctc_th:2217) INFO: total log probability: -16.5330254585
2018-07-11 13:15:38,728 (e2e_asr_attctc_th:2218) INFO: normalized log probability: -1.18093038989
2018-07-11 13:15:38,729 (asr_pytorch:468) INFO: groundtruth[8_spk_8_062929-063300]: 住倔陳晏戛俏由由緘3K鄔放刺佬員4K嘍
2018-07-11 13:15:38,729 (asr_pytorch:469) INFO: prediction [8_spk_8_062929-063300]: 實信息身嘅公司都嚟嘅呢隻<eos>
2018-07-11 13:15:38,738 (e2e_asr_attctc_th:2977) INFO: BLSTMP input lengths: [264]
2018-07-11 13:15:39,093 (e2e_asr_attctc_th:2067) INFO: input lengths: 66
2018-07-11 13:15:39,093 (e2e_asr_attctc_th:2091) INFO: max output length: 66
2018-07-11 13:15:39,093 (e2e_asr_attctc_th:2092) INFO: min output length: 0
2018-07-11 13:15:41,453 (e2e_asr_attctc_th:2199) INFO: end detected at 20
2018-07-11 13:15:41,453 (e2e_asr_attctc_th:2217) INFO: total log probability: -7.08681250806
2018-07-11 13:15:41,453 (e2e_asr_attctc_th:2218) INFO: normalized log probability: -0.442925781754
2018-07-11 13:15:41,455 (asr_pytorch:468) INFO: groundtruth[1504-1_spk_1504_1_074072-074338]: 俏啖俏啖俏啖倔涫悄旅<unk>尻5朔
2018-07-11 13:15:41,455 (asr_pytorch:469) INFO: prediction [1504-1_spk_1504_1_074072-074338]: 係啊係啊係啊佢消息方麵就五年<eos>
2018-07-11 13:15:41,463 (e2e_asr_attctc_th:2977) INFO: BLSTMP input lengths: [59]
2018-07-11 13:15:41,567 (e2e_asr_attctc_th:2067) INFO: input lengths: 15
2018-07-11 13:15:41,567 (e2e_asr_attctc_th:2091) INFO: max output length: 15
2018-07-11 13:15:41,567 (e2e_asr_attctc_th:2092) INFO: min output length: 0
2018-07-11 13:15:42,572 (e2e_asr_attctc_th:2180) INFO: adding <eos> in the last postion in the loop
2018-07-11 13:15:42,573 (e2e_asr_attctc_th:2199) INFO: end detected at 14
2018-07-11 13:15:42,573 (e2e_asr_attctc_th:2217) INFO: total log probability: -1.48720560223
2018-07-11 13:15:42,573 (e2e_asr_attctc_th:2218) INFO: normalized log probability: -0.212457943176
2018-07-11 13:15:42,574 (asr_pytorch:468) INFO: groundtruth[1502-1_spk_1502_1_001176-001237]: 俏呈俏呈俏
2018-07-11 13:15:42,574 (asr_pytorch:469) INFO: prediction [1502-1_spk_1502_1_001176-001237]: 係啊係啊係<eos>
2018-07-11 13:15:42,581 (e2e_asr_attctc_th:2977) INFO: BLSTMP input lengths: [71]
2018-07-11 13:15:42,706 (e2e_asr_attctc_th:2067) INFO: input lengths: 18
2018-07-11 13:15:42,707 (e2e_asr_attctc_th:2091) INFO: max output length: 18
2018-07-11 13:15:42,707 (e2e_asr_attctc_th:2092) INFO: min output length: 0
2018-07-11 13:15:43,216 (e2e_asr_attctc_th:2199) INFO: end detected at 8
2018-07-11 13:15:43,216 (e2e_asr_attctc_th:2217) INFO: total log probability: -0.287832107395
2018-07-11 13:15:43,217 (e2e_asr_attctc_th:2218) INFO: normalized log probability: -0.0719580268487
2018-07-11 13:15:43,217 (asr_pytorch:468) INFO: groundtruth[4_spk_4_054764-054837]: 俏
2018-07-11 13:15:43,218 (asr_pytorch:469) INFO: prediction [4_spk_4_054764-054837]: 但係<eos>
2018-07-11 13:15:43,226 (e2e_asr_attctc_th:2977) INFO: BLSTMP input lengths: [198]
2018-07-11 13:15:43,535 (e2e_asr_attctc_th:2067) INFO: input lengths: 50
2018-07-11 13:15:43,535 (e2e_asr_attctc_th:2091) INFO: max output length: 50
2018-07-11 13:15:43,535 (e2e_asr_attctc_th:2092) INFO: min output length: 0
2018-07-11 13:15:45,161 (e2e_asr_attctc_th:2199) INFO: end detected at 17
2018-07-11 13:15:45,161 (e2e_asr_attctc_th:2217) INFO: total log probability: -7.1981896013
2018-07-11 13:15:45,161 (e2e_asr_attctc_th:2218) INFO: normalized log probability: -0.654380872846
2018-07-11 13:15:45,162 (asr_pytorch:468) INFO: groundtruth[1505-1_spk_1505_1_102793-102993]: 啖唪津柎啯侶黴旨誅
2018-07-11 13:15:45,163 (asr_pytorch:469) INFO: prediction [1505-1_spk_1505_1_102793-102993]: 但唔使噶啦以前嘅話<eos>
2018-07-11 13:15:45,170 (e2e_asr_attctc_th:2977) INFO: BLSTMP input lengths: [198]
2018-07-11 13:15:45,447 (e2e_asr_attctc_th:2067) INFO: input lengths: 50
2018-07-11 13:15:45,447 (e2e_asr_attctc_th:2091) INFO: max output length: 50
2018-07-11 13:15:45,447 (e2e_asr_attctc_th:2092) INFO: min output length: 0
2018-07-11 13:15:46,589 (e2e_asr_attctc_th:2199) INFO: end detected at 13
2018-07-11 13:15:46,589 (e2e_asr_attctc_th:2217) INFO: total log probability: -1.80822721682
2018-07-11 13:15:46,589 (e2e_asr_attctc_th:2218) INFO: normalized log probability: -0.226028402103
2018-07-11 13:15:46,590 (asr_pytorch:468) INFO: groundtruth[3_spk_3_019460-019660]: B佬筐筐兒丕
2018-07-11 13:15:46,590 (asr_pytorch:469) INFO: prediction [3_spk_3_019460-019660]: 誒你等等先下<eos>
2018-07-11 13:15:46,597 (e2e_asr_attctc_th:2977) INFO: BLSTMP input lengths: [67]
2018-07-11 13:15:46,722 (e2e_asr_attctc_th:2067) INFO: input lengths: 17
2018-07-11 13:15:46,723 (e2e_asr_attctc_th:2091) INFO: max output length: 17
2018-07-11 13:15:46,723 (e2e_asr_attctc_th:2092) INFO: min output length: 0
2018-07-11 13:15:47,269 (e2e_asr_attctc_th:2199) INFO: end detected at 9
2018-07-11 13:15:47,269 (e2e_asr_attctc_th:2217) INFO: total log probability: -2.53666789457
2018-07-11 13:15:47,269 (e2e_asr_attctc_th:2218) INFO: normalized log probability: -0.634166973643
2018-07-11 13:15:47,270 (asr_pytorch:468) INFO: groundtruth[9_spk_9_063475-063544]: 俏啯
2018-07-11 13:15:47,270 (asr_pytorch:469) INFO: prediction [9_spk_9_063475-063544]: 係啦<eos>
2018-07-11 13:15:47,278 (e2e_asr_attctc_th:2977) INFO: BLSTMP input lengths: [50]
2018-07-11 13:15:47,366 (e2e_asr_attctc_th:2067) INFO: input lengths: 13
2018-07-11 13:15:47,367 (e2e_asr_attctc_th:2091) INFO: max output length: 13
2018-07-11 13:15:47,367 (e2e_asr_attctc_th:2092) INFO: min output length: 0
2018-07-11 13:15:47,572 (e2e_asr_attctc_th:2206) INFO: no hypothesis. Finish decoding.
2018-07-11 13:15:47,572 (e2e_asr_attctc_th:2217) INFO: total log probability: -3.37520088628
2018-07-11 13:15:47,572 (e2e_asr_attctc_th:2218) INFO: normalized log probability: -0.84380022157
2018-07-11 13:15:47,573 (asr_pytorch:468) INFO: groundtruth[1501-1_spk_1501_1_060467-060520]: B
2018-07-11 13:15:47,573 (asr_pytorch:469) INFO: prediction [1501-1_spk_1501_1_060467-060520]: 就得<eos>
2018-07-11 13:15:47,580 (e2e_asr_attctc_th:2977) INFO: BLSTMP input lengths: [137]
2018-07-11 13:15:47,781 (e2e_asr_attctc_th:2067) INFO: input lengths: 35
2018-07-11 13:15:47,782 (e2e_asr_attctc_th:2091) INFO: max output length: 35
2018-07-11 13:15:47,782 (e2e_asr_attctc_th:2092) INFO: min output length: 0
2018-07-11 13:15:49,354 (e2e_asr_attctc_th:2199) INFO: end detected at 13
2018-07-11 13:15:49,355 (e2e_asr_attctc_th:2217) INFO: total log probability: -3.73357296735
2018-07-11 13:15:49,355 (e2e_asr_attctc_th:2218) INFO: normalized log probability: -0.466696620919
2018-07-11 13:15:49,357 (asr_pytorch:468) INFO: groundtruth[1502-2_spk_1502_2_022579-022718]: SO昕皅昕皅
2018-07-11 13:15:49,358 (asr_pytorch:469) INFO: prediction [1502-2_spk_1502_2_022579-022718]: 好似明白明白<eos>
2018-07-11 13:15:49,373 (e2e_asr_attctc_th:2977) INFO: BLSTMP input lengths: [346]
2018-07-11 13:15:50,222 (e2e_asr_attctc_th:2067) INFO: input lengths: 87
2018-07-11 13:15:50,223 (e2e_asr_attctc_th:2091) INFO: max output length: 87
2018-07-11 13:15:50,223 (e2e_asr_attctc_th:2092) INFO: min output length: 0
2018-07-11 13:15:53,384 (e2e_asr_attctc_th:2206) INFO: no hypothesis. Finish decoding.
2018-07-11 13:15:53,384 (e2e_asr_attctc_th:2217) INFO: total log probability: -14.4728913177
2018-07-11 13:15:53,384 (e2e_asr_attctc_th:2218) INFO: normalized log probability: -0.689185300842
2018-07-11 13:15:53,385 (asr_pytorch:468) INFO: groundtruth[1503-1_spk_1503_1_093850-094198]: 咋列鐲斌尻化拱朕2000速誅列鐲斌旨呯三倔
2018-07-11 13:15:53,385 (asr_pytorch:469) INFO: prediction [1503-1_spk_1503_1_093850-094198]: 咁分鐘數嘅呃佢有二韆都話分做傻嘅呢一百<eos>
2018-07-11 13:15:53,400 (e2e_asr_attctc_th:2977) INFO: BLSTMP input lengths: [145]
2018-07-11 13:15:53,751 (e2e_asr_attctc_th:2067) INFO: input lengths: 37
2018-07-11 13:15:53,752 (e2e_asr_attctc_th:2091) INFO: max output length: 37
2018-07-11 13:15:53,752 (e2e_asr_attctc_th:2092) INFO: min output length: 0
2018-07-11 13:15:55,009 (e2e_asr_attctc_th:2199) INFO: end detected at 12
2018-07-11 13:15:55,011 (e2e_asr_attctc_th:2217) INFO: total log probability: -3.32387703657
2018-07-11 13:15:55,011 (e2e_asr_attctc_th:2218) INFO: normalized log probability: -0.664775407314
2018-07-11 13:15:55,014 (asr_pytorch:468) INFO: groundtruth[1501-1_spk_1501_1_064021-064167]: 同禮SO
2018-07-11 13:15:55,015 (asr_pytorch:469) INFO: prediction [1501-1_spk_1501_1_064021-064167]: 個福高<eos>
2018-07-11 13:15:55,029 (e2e_asr_attctc_th:2977) INFO: BLSTMP input lengths: [16]
2018-07-11 13:15:55,092 (e2e_asr_attctc_th:2067) INFO: input lengths: 4
2018-07-11 13:15:55,093 (e2e_asr_attctc_th:2091) INFO: max output length: 4
2018-07-11 13:15:55,093 (e2e_asr_attctc_th:2092) INFO: min output length: 0
2018-07-11 13:15:55,370 (e2e_asr_attctc_th:2180) INFO: adding <eos> in the last postion in the loop
2018-07-11 13:15:55,371 (e2e_asr_attctc_th:2206) INFO: no hypothesis. Finish decoding.
2018-07-11 13:15:55,371 (e2e_asr_attctc_th:2217) INFO: total log probability: -0.0148146438878
2018-07-11 13:15:55,371 (e2e_asr_attctc_th:2218) INFO: normalized log probability: -0.00493821462927
2018-07-11 13:15:55,372 (asr_pytorch:468) INFO: groundtruth[1502-2_spk_1502_2_017473-017491]: 嗶
2018-07-11 13:15:55,373 (asr_pytorch:469) INFO: prediction [1502-2_spk_1502_2_017473-017491]: 嗯<eos>
2018-07-11 13:15:55,389 (e2e_asr_attctc_th:2977) INFO: BLSTMP input lengths: [386]
2018-07-11 13:15:56,299 (e2e_asr_attctc_th:2067) INFO: input lengths: 97
2018-07-11 13:15:56,300 (e2e_asr_attctc_th:2091) INFO: max output length: 97
2018-07-11 13:15:56,300 (e2e_asr_attctc_th:2092) INFO: min output length: 0
2018-07-11 13:16:05,802 (e2e_asr_attctc_th:2199) INFO: end detected at 45
2018-07-11 13:16:05,802 (e2e_asr_attctc_th:2217) INFO: total log probability: -38.7653841823
2018-07-11 13:16:05,803 (e2e_asr_attctc_th:2218) INFO: normalized log probability: -1.04771308601
2018-07-11 13:16:05,806 (asr_pytorch:468) INFO: groundtruth[9_spk_9_039997-040385]: 然伊作嘮嘍SO咋尻哲三庵司脇佬尻震見揉畸戛員WQEVXSRI嘍哲倔WIVZMGI啯
2018-07-11 13:16:05,806 (asr_pytorch:469) INFO: prediction [9_spk_9_039997-040385]: 問題啊跟著我屋企等陣呢啲嘢可能你就需要揀翻我哋MARKONE呢個SET<eos>
2018-07-11 13:16:05,823 (e2e_asr_attctc_th:2977) INFO: BLSTMP input lengths: [143]
2018-07-11 13:16:06,165 (e2e_asr_attctc_th:2067) INFO: input lengths: 36
2018-07-11 13:16:06,166 (e2e_asr_attctc_th:2091) INFO: max output length: 36
2018-07-11 13:16:06,166 (e2e_asr_attctc_th:2092) INFO: min output length: 0
2018-07-11 13:16:08,723 (e2e_asr_attctc_th:2206) INFO: no hypothesis. Finish decoding.
2018-07-11 13:16:08,724 (e2e_asr_attctc_th:2217) INFO: total log probability: -2.8689149064
2018-07-11 13:16:08,724 (e2e_asr_attctc_th:2218) INFO: normalized log probability: -0.220685762031
2018-07-11 13:16:08,725 (asr_pytorch:468) INFO: groundtruth[1502-2_spk_1502_2_093171-093316]: 冀寫佰尻司件幹佬GLIGO迫佬
2018-07-11 13:16:08,726 (asr_pytorch:469) INFO: prediction [1502-2_spk_1502_2_093171-093316]: 其實佢就可以講你齣翻嚟<eos>
2018-07-11 13:16:08,742 (e2e_asr_attctc_th:2977) INFO: BLSTMP input lengths: [218]
2018-07-11 13:16:09,366 (e2e_asr_attctc_th:2067) INFO: input lengths: 55
2018-07-11 13:16:09,366 (e2e_asr_attctc_th:2091) INFO: max output length: 55
2018-07-11 13:16:09,367 (e2e_asr_attctc_th:2092) INFO: min output length: 0
2018-07-11 13:16:10,846 (e2e_asr_attctc_th:2206) INFO: no hypothesis. Finish decoding.
2018-07-11 13:16:10,846 (e2e_asr_attctc_th:2217) INFO: total log probability: -9.23471754789
2018-07-11 13:16:10,846 (e2e_asr_attctc_th:2218) INFO: normalized log probability: -0.923471754789
2018-07-11 13:16:10,847 (asr_pytorch:468) INFO: groundtruth[1504-2_spk_1504_2_045828-046048]: 戛仕旬俏朋從閘旨
2018-07-11 13:16:10,847 (asr_pytorch:469) INFO: prediction [1504-2_spk_1504_2_045828-046048]: 我跟拿下最得閒嘅<eos>
2018-07-11 13:16:10,861 (e2e_asr_attctc_th:2977) INFO: BLSTMP input lengths: [263]
2018-07-11 13:16:11,406 (e2e_asr_attctc_th:2067) INFO: input lengths: 66
2018-07-11 13:16:11,407 (e2e_asr_attctc_th:2091) INFO: max output length: 66
2018-07-11 13:16:11,407 (e2e_asr_attctc_th:2092) INFO: min output length: 0
2018-07-11 13:16:13,851 (e2e_asr_attctc_th:2206) INFO: no hypothesis. Finish decoding.
2018-07-11 13:16:13,852 (e2e_asr_attctc_th:2217) INFO: total log probability: -8.29318225686
2018-07-11 13:16:13,852 (e2e_asr_attctc_th:2218) INFO: normalized log probability: -0.592370161205
2018-07-11 13:16:13,853 (asr_pytorch:468) INFO: groundtruth[3_spk_3_061179-061445]: 尻節倔<unk>紋俏仕旬間姓咩啯
2018-07-11 13:16:13,853 (asr_pytorch:469) INFO: prediction [3_spk_3_061179-061445]: 就算個閤約係周圍開始所啦<eos>
2018-07-11 13:16:13,870 (e2e_asr_attctc_th:2977) INFO: BLSTMP input lengths: [238]
2018-07-11 13:16:14,495 (e2e_asr_attctc_th:2067) INFO: input lengths: 60
2018-07-11 13:16:14,496 (e2e_asr_attctc_th:2091) INFO: max output length: 60
2018-07-11 13:16:14,496 (e2e_asr_attctc_th:2092) INFO: min output length: 0
2018-07-11 13:16:16,723 (e2e_asr_attctc_th:2199) INFO: end detected at 15
2018-07-11 13:16:16,724 (e2e_asr_attctc_th:2217) INFO: total log probability: -4.87988075614
2018-07-11 13:16:16,724 (e2e_asr_attctc_th:2218) INFO: normalized log probability: -0.487988075614
2018-07-11 13:16:16,726 (asr_pytorch:468) INFO: groundtruth[4_spk_4_063892-064133]: 住咋侶<unk>黴側呈咋
2018-07-11 13:16:16,727 (asr_pytorch:469) INFO: prediction [4_spk_4_063892-064133]: 唔係咁依傢邊度啊<eos>
2018-07-11 13:16:16,742 (e2e_asr_attctc_th:2977) INFO: BLSTMP input lengths: [213]
2018-07-11 13:16:17,219 (e2e_asr_attctc_th:2067) INFO: input lengths: 54
2018-07-11 13:16:17,219 (e2e_asr_attctc_th:2091) INFO: max output length: 54
2018-07-11 13:16:17,219 (e2e_asr_attctc_th:2092) INFO: min output length: 0
2018-07-11 13:16:19,248 (e2e_asr_attctc_th:2206) INFO: no hypothesis. Finish decoding.
2018-07-11 13:16:19,249 (e2e_asr_attctc_th:2217) INFO: total log probability: -3.49787189974
2018-07-11 13:16:19,249 (e2e_asr_attctc_th:2218) INFO: normalized log probability: -0.269067069211
2018-07-11 13:16:19,250 (asr_pytorch:468) INFO: groundtruth[1502-2_spk_1502_2_014369-014584]: 咋佰呯尻服夥卉KF<unk>嚦嘍
2018-07-11 13:16:19,250 (asr_pytorch:469) INFO: prediction [1502-2_spk_1502_2_014369-014584]: 咁佢呢就會當失極齣嚟嘅<eos>
2018-07-11 13:16:19,265 (e2e_asr_attctc_th:2977) INFO: BLSTMP input lengths: [198]
2018-07-11 13:16:19,768 (e2e_asr_attctc_th:2067) INFO: input lengths: 50
2018-07-11 13:16:19,768 (e2e_asr_attctc_th:2091) INFO: max output length: 50
2018-07-11 13:16:19,769 (e2e_asr_attctc_th:2092) INFO: min output length: 0
2018-07-11 13:16:20,805 (e2e_asr_attctc_th:2206) INFO: no hypothesis. Finish decoding.
2018-07-11 13:16:20,806 (e2e_asr_attctc_th:2217) INFO: total log probability: -8.97377753537
2018-07-11 13:16:20,806 (e2e_asr_attctc_th:2218) INFO: normalized log probability: -1.12172219192
2018-07-11 13:16:20,806 (asr_pytorch:468) INFO: groundtruth[1501-2_spk_1501_2_029468-029668]: 冀寫巾綪刺未㨃啯
2018-07-11 13:16:20,807 (asr_pytorch:469) INFO: prediction [1501-2_spk_1501_2_029468-029668]: 人英高情噶啦<eos>
2018-07-11 13:16:20,821 (e2e_asr_attctc_th:2977) INFO: BLSTMP input lengths: [76]
2018-07-11 13:16:21,004 (e2e_asr_attctc_th:2067) INFO: input lengths: 19
2018-07-11 13:16:21,004 (e2e_asr_attctc_th:2091) INFO: max output length: 19
2018-07-11 13:16:21,005 (e2e_asr_attctc_th:2092) INFO: min output length: 0
2018-07-11 13:16:22,092 (e2e_asr_attctc_th:2199) INFO: end detected at 12
2018-07-11 13:16:22,092 (e2e_asr_attctc_th:2217) INFO: total log probability: -2.87434795499
2018-07-11 13:16:22,092 (e2e_asr_attctc_th:2218) INFO: normalized log probability: -0.479057992498
2018-07-11 13:16:22,094 (asr_pytorch:468) INFO: groundtruth[1505-1_spk_1505_1_003971-004049]: 哭唪俏睛戾
2018-07-11 13:16:22,095 (asr_pytorch:469) INFO: prediction [1505-1_spk_1505_1_003971-004049]: 哦唔係睇<eos>
2018-07-11 13:16:22,110 (e2e_asr_attctc_th:2977) INFO: BLSTMP input lengths: [220]
2018-07-11 13:16:22,615 (e2e_asr_attctc_th:2067) INFO: input lengths: 55
2018-07-11 13:16:22,615 (e2e_asr_attctc_th:2091) INFO: max output length: 55
2018-07-11 13:16:22,615 (e2e_asr_attctc_th:2092) INFO: min output length: 0
2018-07-11 13:16:23,889 (e2e_asr_attctc_th:2199) INFO: end detected at 13
2018-07-11 13:16:23,890 (e2e_asr_attctc_th:2217) INFO: total log probability: -0.0881778341718
2018-07-11 13:16:23,890 (e2e_asr_attctc_th:2218) INFO: normalized log probability: -0.0097975371302
2018-07-11 13:16:23,891 (asr_pytorch:468) INFO: groundtruth[1505-1_spk_1505_1_069644-069866]: 咋佰尻唪服誅朕
2018-07-11 13:16:23,891 (asr_pytorch:469) INFO: prediction [1505-1_spk_1505_1_069644-069866]: 咁佢就唔會話有<eos>
2018-07-11 13:16:23,899 (e2e_asr_attctc_th:2977) INFO: BLSTMP input lengths: [131]
2018-07-11 13:16:24,079 (e2e_asr_attctc_th:2067) INFO: input lengths: 33
2018-07-11 13:16:24,079 (e2e_asr_attctc_th:2091) INFO: max output length: 33
2018-07-11 13:16:24,079 (e2e_asr_attctc_th:2092) INFO: min output length: 0
2018-07-11 13:16:25,146 (e2e_asr_attctc_th:2199) INFO: end detected at 14
2018-07-11 13:16:25,146 (e2e_asr_attctc_th:2217) INFO: total log probability: -6.50268851593
2018-07-11 13:16:25,146 (e2e_asr_attctc_th:2218) INFO: normalized log probability: -0.722520946215
2018-07-11 13:16:25,147 (asr_pytorch:468) INFO: groundtruth[1501-2_spk_1501_2_039816-039949]: B戛愈啞妍枱戛
2018-07-11 13:16:25,147 (asr_pytorch:469) INFO: prediction [1501-2_spk_1501_2_039816-039949]: 係啊身咪如果我<eos>
2018-07-11 13:16:25,155 (e2e_asr_attctc_th:2977) INFO: BLSTMP input lengths: [325]
2018-07-11 13:16:25,570 (e2e_asr_attctc_th:2067) INFO: input lengths: 82
2018-07-11 13:16:25,571 (e2e_asr_attctc_th:2091) INFO: max output length: 82
2018-07-11 13:16:25,571 (e2e_asr_attctc_th:2092) INFO: min output length: 0
2018-07-11 13:16:27,424 (e2e_asr_attctc_th:2199) INFO: end detected at 18
2018-07-11 13:16:27,425 (e2e_asr_attctc_th:2217) INFO: total log probability: -5.08167187939
2018-07-11 13:16:27,425 (e2e_asr_attctc_th:2218) INFO: normalized log probability: -0.390897836876
2018-07-11 13:16:27,425 (asr_pytorch:468) INFO: groundtruth[12_spk_12_025543-025870]: 手件戛尻愈啞丕戛司唪司件
2018-07-11 13:16:27,425 (asr_pytorch:469) INFO: prediction [12_spk_12_025543-025870]: 所以我又準問下我咁會而<eos>
2018-07-11 13:16:27,433 (e2e_asr_attctc_th:2977) INFO: BLSTMP input lengths: [198]
2018-07-11 13:16:27,702 (e2e_asr_attctc_th:2067) INFO: input lengths: 50
2018-07-11 13:16:27,703 (e2e_asr_attctc_th:2091) INFO: max output length: 50
2018-07-11 13:16:27,703 (e2e_asr_attctc_th:2092) INFO: min output length: 0
2018-07-11 13:16:28,741 (e2e_asr_attctc_th:2206) INFO: no hypothesis. Finish decoding.
2018-07-11 13:16:28,741 (e2e_asr_attctc_th:2217) INFO: total log probability: -1.90169465165
2018-07-11 13:16:28,741 (e2e_asr_attctc_th:2218) INFO: normalized log probability: -0.172881331968
2018-07-11 13:16:28,742 (asr_pytorch:468) INFO: groundtruth[1502-2_spk_1502_2_007387-007587]: 金施討道嗷倔<unk>紋囖
2018-07-11 13:16:28,742 (asr_pytorch:469) INFO: prediction [1502-2_spk_1502_2_007387-007587]: 重新計過嗰個閤日咯<eos>
2018-07-11 13:16:28,750 (e2e_asr_attctc_th:2977) INFO: BLSTMP input lengths: [92]
2018-07-11 13:16:28,876 (e2e_asr_attctc_th:2067) INFO: input lengths: 23
2018-07-11 13:16:28,876 (e2e_asr_attctc_th:2091) INFO: max output length: 23
2018-07-11 13:16:28,877 (e2e_asr_attctc_th:2092) INFO: min output length: 0
2018-07-11 13:16:29,456 (e2e_asr_attctc_th:2206) INFO: no hypothesis. Finish decoding.
2018-07-11 13:16:29,457 (e2e_asr_attctc_th:2217) INFO: total log probability: -1.64810761716
2018-07-11 13:16:29,457 (e2e_asr_attctc_th:2218) INFO: normalized log probability: -0.206013452145
2018-07-11 13:16:29,457 (asr_pytorch:468) INFO: groundtruth[1502-2_spk_1502_2_039797-039891]: 三蚧鄔冏從幺㨃
2018-07-11 13:16:29,457 (asr_pytorch:469) INFO: prediction [1502-2_spk_1502_2_039797-039891]: 一蚊都冇平噶<eos>
2018-07-11 13:16:29,465 (e2e_asr_attctc_th:2977) INFO: BLSTMP input lengths: [198]
2018-07-11 13:16:29,717 (e2e_asr_attctc_th:2067) INFO: input lengths: 50
2018-07-11 13:16:29,718 (e2e_asr_attctc_th:2091) INFO: max output length: 50
2018-07-11 13:16:29,718 (e2e_asr_attctc_th:2092) INFO: min output length: 0
2018-07-11 13:16:30,742 (e2e_asr_attctc_th:2206) INFO: no hypothesis. Finish decoding.
2018-07-11 13:16:30,743 (e2e_asr_attctc_th:2217) INFO: total log probability: -7.55823586136
2018-07-11 13:16:30,743 (e2e_asr_attctc_th:2218) INFO: normalized log probability: -0.687112351033
2018-07-11 13:16:30,743 (asr_pytorch:468) INFO: groundtruth[12_spk_12_009873-010073]: 咋冀寫尻服俏嗷
2018-07-11 13:16:30,743 (asr_pytorch:469) INFO: prediction [12_spk_12_009873-010073]: 咁除國就會係誒嗰個<eos>
2018-07-11 13:16:30,752 (e2e_asr_attctc_th:2977) INFO: BLSTMP input lengths: [428]
2018-07-11 13:16:31,295 (e2e_asr_attctc_th:2067) INFO: input lengths: 107
2018-07-11 13:16:31,295 (e2e_asr_attctc_th:2091) INFO: max output length: 107
2018-07-11 13:16:31,295 (e2e_asr_attctc_th:2092) INFO: min output length: 0
2018-07-11 13:16:34,916 (e2e_asr_attctc_th:2199) INFO: end detected at 26
2018-07-11 13:16:34,917 (e2e_asr_attctc_th:2217) INFO: total log probability: -15.4510626798
2018-07-11 13:16:34,917 (e2e_asr_attctc_th:2218) INFO: normalized log probability: -0.702321030898
2018-07-11 13:16:34,919 (asr_pytorch:468) INFO: groundtruth[4_spk_4_074315-074745]: 畸刺嚦馭渺隸晏搭三搭道葉漳遏呈佬昕唪昕戛謬乳嘮呈
2018-07-11 13:16:34,919 (asr_pytorch:469) INFO: prediction [4_spk_4_074315-074745]: 翻上嚟香港住而傢打過晚晚有啊你我覺得嘢啊<eos>
2018-07-11 13:16:34,932 (e2e_asr_attctc_th:2977) INFO: BLSTMP input lengths: [151]
2018-07-11 13:16:35,195 (e2e_asr_attctc_th:2067) INFO: input lengths: 38
2018-07-11 13:16:35,195 (e2e_asr_attctc_th:2091) INFO: max output length: 38
2018-07-11 13:16:35,195 (e2e_asr_attctc_th:2092) INFO: min output length: 0
2018-07-11 13:16:36,022 (e2e_asr_attctc_th:2206) INFO: no hypothesis. Finish decoding.
2018-07-11 13:16:36,022 (e2e_asr_attctc_th:2217) INFO: total log probability: -1.60661566607
2018-07-11 13:16:36,022 (e2e_asr_attctc_th:2218) INFO: normalized log probability: -0.178512851785
2018-07-11 13:16:36,023 (asr_pytorch:468) INFO: groundtruth[1502-2_spk_1502_2_027529-027682]: 尻唪幺唪費咋樺啯
2018-07-11 13:16:36,023 (asr_pytorch:469) INFO: prediction [1502-2_spk_1502_2_027529-027682]: 就唔明貴咁樣啦<eos>
2018-07-11 13:16:36,032 (e2e_asr_attctc_th:2977) INFO: BLSTMP input lengths: [566]
2018-07-11 13:16:36,768 (e2e_asr_attctc_th:2067) INFO: input lengths: 142
2018-07-11 13:16:36,769 (e2e_asr_attctc_th:2091) INFO: max output length: 142
2018-07-11 13:16:36,769 (e2e_asr_attctc_th:2092) INFO: min output length: 0
2018-07-11 13:16:45,058 (e2e_asr_attctc_th:2199) INFO: end detected at 44
2018-07-11 13:16:45,059 (e2e_asr_attctc_th:2217) INFO: total log probability: -24.642106432
2018-07-11 13:16:45,059 (e2e_asr_attctc_th:2218) INFO: normalized log probability: -0.6160526608
2018-07-11 13:16:45,061 (asr_pytorch:468) INFO: groundtruth[1505-1_spk_1505_1_030867-031435]: 囹烕戛啷啷吔佬他絆嗷倔106蚧嗷倔TPER呯冀寫倔逮庵旅<unk>俏街緘384柎
2018-07-11 13:16:45,061 (asr_pytorch:469) INFO: prediction [1505-1_spk_1505_1_030867-031435]: 即係我啱啱就係介紹嗰陣一百零六分鐘跟著就係其實嗰速度方麵係啊跟著三百八十仔噶<eos>
2018-07-11 13:16:45,077 (e2e_asr_attctc_th:2977) INFO: BLSTMP input lengths: [208]
2018-07-11 13:16:45,562 (e2e_asr_attctc_th:2067) INFO: input lengths: 52
2018-07-11 13:16:45,562 (e2e_asr_attctc_th:2091) INFO: max output length: 52
2018-07-11 13:16:45,562 (e2e_asr_attctc_th:2092) INFO: min output length: 0
2018-07-11 13:16:47,637 (e2e_asr_attctc_th:2199) INFO: end detected at 21
2018-07-11 13:16:47,637 (e2e_asr_attctc_th:2217) INFO: total log probability: -3.29832609859
2018-07-11 13:16:47,637 (e2e_asr_attctc_th:2218) INFO: normalized log probability: -0.206145381162
2018-07-11 13:16:47,638 (asr_pytorch:468) INFO: groundtruth[1502-2_spk_1502_2_046619-046829]: 戛員冀寫且倔朔間姓戛員巾綪俏
2018-07-11 13:16:47,639 (asr_pytorch:469) INFO: prediction [1502-2_spk_1502_2_046619-046829]: 我哋其實上個月開始我哋已經係<eos>
2018-07-11 13:16:47,646 (e2e_asr_attctc_th:2977) INFO: BLSTMP input lengths: [120]
2018-07-11 13:16:47,824 (e2e_asr_attctc_th:2067) INFO: input lengths: 30
2018-07-11 13:16:47,825 (e2e_asr_attctc_th:2091) INFO: max output length: 30
2018-07-11 13:16:47,825 (e2e_asr_attctc_th:2092) INFO: min output length: 0
2018-07-11 13:16:48,570 (e2e_asr_attctc_th:2199) INFO: end detected at 11
2018-07-11 13:16:48,570 (e2e_asr_attctc_th:2217) INFO: total log probability: -7.0902582109
2018-07-11 13:16:48,570 (e2e_asr_attctc_th:2218) INFO: normalized log probability: -1.41805164218
2018-07-11 13:16:48,572 (asr_pytorch:468) INFO: groundtruth[1505-2_spk_1505_2_002934-003056]: B
2018-07-11 13:16:48,572 (asr_pytorch:469) INFO: prediction [1505-2_spk_1505_2_002934-003056]: 喺**<eos>
2018-07-11 13:16:48,579 (e2e_asr_attctc_th:2977) INFO: BLSTMP input lengths: [192]
2018-07-11 13:16:48,844 (e2e_asr_attctc_th:2067) INFO: input lengths: 48
2018-07-11 13:16:48,845 (e2e_asr_attctc_th:2091) INFO: max output length: 48
2018-07-11 13:16:48,845 (e2e_asr_attctc_th:2092) INFO: min output length: 0
2018-07-11 13:16:50,253 (e2e_asr_attctc_th:2206) INFO: no hypothesis. Finish decoding.
2018-07-11 13:16:50,253 (e2e_asr_attctc_th:2217) INFO: total log probability: -3.13548789034
2018-07-11 13:16:50,253 (e2e_asr_attctc_th:2218) INFO: normalized log probability: -0.223963420738
2018-07-11 13:16:50,253 (asr_pytorch:468) INFO: groundtruth[1502-2_spk_1502_2_006831-007026]: B愈<unk>迫施霆誅鄔唪緘見
2018-07-11 13:16:50,253 (asr_pytorch:469) INFO: prediction [1502-2_spk_1502_2_006831-007026]: 係啊想齣花新電話都唔緊要<eos>
2018-07-11 13:16:50,261 (e2e_asr_attctc_th:2977) INFO: BLSTMP input lengths: [168]
2018-07-11 13:16:50,503 (e2e_asr_attctc_th:2067) INFO: input lengths: 42
2018-07-11 13:16:50,503 (e2e_asr_attctc_th:2091) INFO: max output length: 42
2018-07-11 13:16:50,503 (e2e_asr_attctc_th:2092) INFO: min output length: 0
2018-07-11 13:16:51,464 (e2e_asr_attctc_th:2199) INFO: end detected at 12
2018-07-11 13:16:51,464 (e2e_asr_attctc_th:2217) INFO: total log probability: -6.03142933547
2018-07-11 13:16:51,465 (e2e_asr_attctc_th:2218) INFO: normalized log probability: -0.861632762211
2018-07-11 13:16:51,466 (asr_pytorch:468) INFO: groundtruth[8_spk_8_033847-034017]: 必燴燴災倔燴
2018-07-11 13:16:51,466 (asr_pytorch:469) INFO: prediction [8_spk_8_033847-034017]: 啱啱先認識<eos>
2018-07-11 13:16:51,474 (e2e_asr_attctc_th:2977) INFO: BLSTMP input lengths: [391]
2018-07-11 13:16:51,991 (e2e_asr_attctc_th:2067) INFO: input lengths: 98
2018-07-11 13:16:51,992 (e2e_asr_attctc_th:2091) INFO: max output length: 98
2018-07-11 13:16:51,992 (e2e_asr_attctc_th:2092) INFO: min output length: 0
2018-07-11 13:16:54,741 (e2e_asr_attctc_th:2199) INFO: end detected at 23
2018-07-11 13:16:54,741 (e2e_asr_attctc_th:2217) INFO: total log probability: -23.5165255293
2018-07-11 13:16:54,741 (e2e_asr_attctc_th:2218) INFO: normalized log probability: -1.30647364052
2018-07-11 13:16:54,742 (asr_pytorch:468) INFO: groundtruth[8_spk_8_010652-011045]: 住叄刺廉手戡耐戛倔B訛解倔址旅
2018-07-11 13:16:54,742 (asr_pytorch:469) INFO: prediction [8_spk_8_010652-011045]: 成日食豬七十一我好多誒笨蛋嘅地多<eos>
2018-07-11 13:16:54,752 (e2e_asr_attctc_th:2977) INFO: BLSTMP input lengths: [546]
2018-07-11 13:16:55,593 (e2e_asr_attctc_th:2067) INFO: input lengths: 137
2018-07-11 13:16:55,594 (e2e_asr_attctc_th:2091) INFO: max output length: 137
2018-07-11 13:16:55,594 (e2e_asr_attctc_th:2092) INFO: min output length: 0
2018-07-11 13:17:02,236 (e2e_asr_attctc_th:2199) INFO: end detected at 41
2018-07-11 13:17:02,236 (e2e_asr_attctc_th:2217) INFO: total log probability: -20.6458064977
2018-07-11 13:17:02,236 (e2e_asr_attctc_th:2218) INFO: normalized log probability: -0.573494624935
2018-07-11 13:17:02,237 (asr_pytorch:468) INFO: groundtruth[1504-1_spk_1504_1_094442-094990]: 戛址侶邕冏佬伊作賒斥柎喔戛址隸檀播<unk>衝戛三旬扚序皆倔霆誅<unk>毯宭仇旨尻
2018-07-11 13:17:02,237 (asr_pytorch:469) INFO: prediction [1504-1_spk_1504_1_094442-094990]: 我哋呢邊冇你任何之前嗰個我哋除基本齣街我一日打幾百個電話齣美客人一日<eos>
2018-07-11 13:17:02,245 (e2e_asr_attctc_th:2977) INFO: BLSTMP input lengths: [161]
2018-07-11 13:17:02,473 (e2e_asr_attctc_th:2067) INFO: input lengths: 41
2018-07-11 13:17:02,474 (e2e_asr_attctc_th:2091) INFO: max output length: 41
2018-07-11 13:17:02,474 (e2e_asr_attctc_th:2092) INFO: min output length: 0
2018-07-11 13:17:03,273 (e2e_asr_attctc_th:2206) INFO: no hypothesis. Finish decoding.
2018-07-11 13:17:03,274 (e2e_asr_attctc_th:2217) INFO: total log probability: -2.94779460225
2018-07-11 13:17:03,274 (e2e_asr_attctc_th:2218) INFO: normalized log probability: -0.327532733584
2018-07-11 13:17:03,274 (asr_pytorch:468) INFO: groundtruth[1501-1_spk_1501_1_006593-006756]: 仿朕迫啼儼想嘍
2018-07-11 13:17:03,274 (asr_pytorch:469) INFO: prediction [1501-1_spk_1501_1_006593-006756]: 仲有翻啲有位嘅<eos>
2018-07-11 13:17:03,282 (e2e_asr_attctc_th:2977) INFO: BLSTMP input lengths: [228]
2018-07-11 13:17:03,588 (e2e_asr_attctc_th:2067) INFO: input lengths: 57
2018-07-11 13:17:03,588 (e2e_asr_attctc_th:2091) INFO: max output length: 57
2018-07-11 13:17:03,588 (e2e_asr_attctc_th:2092) INFO: min output length: 0
2018-07-11 13:17:05,045 (e2e_asr_attctc_th:2206) INFO: no hypothesis. Finish decoding.
2018-07-11 13:17:05,045 (e2e_asr_attctc_th:2217) INFO: total log probability: -4.81146161701
2018-07-11 13:17:05,045 (e2e_asr_attctc_th:2218) INFO: normalized log probability: -0.370112432077
2018-07-11 13:17:05,045 (asr_pytorch:468) INFO: groundtruth[1501-1_spk_1501_1_049387-049617]: 俏啯妍枱佬誅見籌閉紋呯
2018-07-11 13:17:05,046 (asr_pytorch:469) INFO: prediction [1501-1_spk_1501_1_049387-049617]: 係啊如果你話要簽上嘅呢<eos>
2018-07-11 13:17:05,053 (e2e_asr_attctc_th:2977) INFO: BLSTMP input lengths: [165]
2018-07-11 13:17:05,280 (e2e_asr_attctc_th:2067) INFO: input lengths: 42
2018-07-11 13:17:05,281 (e2e_asr_attctc_th:2091) INFO: max output length: 42
2018-07-11 13:17:05,281 (e2e_asr_attctc_th:2092) INFO: min output length: 0
2018-07-11 13:17:06,263 (e2e_asr_attctc_th:2206) INFO: no hypothesis. Finish decoding.
2018-07-11 13:17:06,263 (e2e_asr_attctc_th:2217) INFO: total log probability: -5.42586160568
2018-07-11 13:17:06,263 (e2e_asr_attctc_th:2218) INFO: normalized log probability: -0.542586160568
2018-07-11 13:17:06,264 (asr_pytorch:468) INFO: groundtruth[1501-1_spk_1501_1_088710-088877]: 囹烕戛服VIQEVO迫嘍
2018-07-11 13:17:06,264 (asr_pytorch:469) INFO: prediction [1501-1_spk_1501_1_088710-088877]: 因為我會麵乜翻嘅<eos>
2018-07-11 13:17:06,271 (e2e_asr_attctc_th:2977) INFO: BLSTMP input lengths: [39]
2018-07-11 13:17:06,350 (e2e_asr_attctc_th:2067) INFO: input lengths: 10
2018-07-11 13:17:06,351 (e2e_asr_attctc_th:2091) INFO: max output length: 10
2018-07-11 13:17:06,351 (e2e_asr_attctc_th:2092) INFO: min output length: 0
2018-07-11 13:17:06,842 (e2e_asr_attctc_th:2199) INFO: end detected at 8
2018-07-11 13:17:06,842 (e2e_asr_attctc_th:2217) INFO: total log probability: -0.101406501839
2018-07-11 13:17:06,842 (e2e_asr_attctc_th:2218) INFO: normalized log probability: -0.0253516254597
2018-07-11 13:17:06,844 (asr_pytorch:468) INFO: groundtruth[1504-1_spk_1504_1_016406-016447]: 俏啯
2018-07-11 13:17:06,844 (asr_pytorch:469) INFO: prediction [1504-1_spk_1504_1_016406-016447]: 係啊<eos>
2018-07-11 13:17:06,852 (e2e_asr_attctc_th:2977) INFO: BLSTMP input lengths: [176]
2018-07-11 13:17:07,101 (e2e_asr_attctc_th:2067) INFO: input lengths: 44
2018-07-11 13:17:07,101 (e2e_asr_attctc_th:2091) INFO: max output length: 44
2018-07-11 13:17:07,101 (e2e_asr_attctc_th:2092) INFO: min output length: 0
2018-07-11 13:17:08,311 (e2e_asr_attctc_th:2206) INFO: no hypothesis. Finish decoding.
2018-07-11 13:17:08,312 (e2e_asr_attctc_th:2217) INFO: total log probability: -3.44956140453
2018-07-11 13:17:08,312 (e2e_asr_attctc_th:2218) INFO: normalized log probability: -0.287463450377
2018-07-11 13:17:08,312 (asr_pytorch:468) INFO: groundtruth[1502-2_spk_1502_2_047299-047477]: JMZIK呈戛員冀寫巾綪俏
2018-07-11 13:17:08,312 (asr_pytorch:469) INFO: prediction [1502-2_spk_1502_2_047299-047477]: 快知啊我哋其實已經係<eos>
2018-07-11 13:17:08,320 (e2e_asr_attctc_th:2977) INFO: BLSTMP input lengths: [149]
2018-07-11 13:17:08,535 (e2e_asr_attctc_th:2067) INFO: input lengths: 38
2018-07-11 13:17:08,536 (e2e_asr_attctc_th:2091) INFO: max output length: 38
2018-07-11 13:17:08,536 (e2e_asr_attctc_th:2092) INFO: min output length: 0
2018-07-11 13:17:09,877 (e2e_asr_attctc_th:2206) INFO: no hypothesis. Finish decoding.
2018-07-11 13:17:09,877 (e2e_asr_attctc_th:2217) INFO: total log probability: -10.3123378083
2018-07-11 13:17:09,878 (e2e_asr_attctc_th:2218) INFO: normalized log probability: -0.736595557736
2018-07-11 13:17:09,878 (asr_pytorch:468) INFO: groundtruth[1502-2_spk_1502_2_068617-068768]: 肇旬夭榕咯晏閙旅俊呈潤用佬
2018-07-11 13:17:09,878 (asr_pytorch:469) INFO: prediction [1502-2_spk_1502_2_068617-068768]: 即係大個呢時間方嘅分生嚟<eos>
2018-07-11 13:17:09,886 (e2e_asr_attctc_th:2977) INFO: BLSTMP input lengths: [76]
2018-07-11 13:17:10,006 (e2e_asr_attctc_th:2067) INFO: input lengths: 19
2018-07-11 13:17:10,007 (e2e_asr_attctc_th:2091) INFO: max output length: 19
2018-07-11 13:17:10,007 (e2e_asr_attctc_th:2092) INFO: min output length: 0
2018-07-11 13:17:10,576 (e2e_asr_attctc_th:2199) INFO: end detected at 9
2018-07-11 13:17:10,577 (e2e_asr_attctc_th:2217) INFO: total log probability: -2.18391226185
2018-07-11 13:17:10,577 (e2e_asr_attctc_th:2218) INFO: normalized log probability: -0.436782452371
2018-07-11 13:17:10,578 (asr_pytorch:468) INFO: groundtruth[8_spk_8_034127-034205]: 筐筐呈
2018-07-11 13:17:10,578 (asr_pytorch:469) INFO: prediction [8_spk_8_034127-034205]: 搵得十<eos>
2018-07-11 13:17:10,586 (e2e_asr_attctc_th:2977) INFO: BLSTMP input lengths: [278]
2018-07-11 13:17:10,951 (e2e_asr_attctc_th:2067) INFO: input lengths: 70
2018-07-11 13:17:10,952 (e2e_asr_attctc_th:2091) INFO: max output length: 70
2018-07-11 13:17:10,952 (e2e_asr_attctc_th:2092) INFO: min output length: 0
2018-07-11 13:17:14,441 (e2e_asr_attctc_th:2199) INFO: end detected at 25
2018-07-11 13:17:14,442 (e2e_asr_attctc_th:2217) INFO: total log probability: -17.0639390745
2018-07-11 13:17:14,442 (e2e_asr_attctc_th:2218) INFO: normalized log probability: -0.812568527358
2018-07-11 13:17:14,442 (asr_pytorch:468) INFO: groundtruth[4_spk_4_000102-000382]: 佬妊WQEVXSRI鋒唵燁緣戛俏IZER姥杖諛啞朕咯幹刺佬
2018-07-11 13:17:14,443 (asr_pytorch:469) INFO: prediction [4_spk_4_000102-000382]: 有一方分鐘就熱線外衣份證你想問咩幫到你<eos>
2018-07-11 13:17:14,451 (e2e_asr_attctc_th:2977) INFO: BLSTMP input lengths: [428]
2018-07-11 13:17:15,037 (e2e_asr_attctc_th:2067) INFO: input lengths: 107
2018-07-11 13:17:15,038 (e2e_asr_attctc_th:2091) INFO: max output length: 107
2018-07-11 13:17:15,038 (e2e_asr_attctc_th:2092) INFO: min output length: 0
2018-07-11 13:17:21,008 (e2e_asr_attctc_th:2199) INFO: end detected at 37
2018-07-11 13:17:21,010 (e2e_asr_attctc_th:2217) INFO: total log probability: -21.406986706
2018-07-11 13:17:21,010 (e2e_asr_attctc_th:2218) INFO: normalized log probability: -0.648696566847
2018-07-11 13:17:21,011 (asr_pytorch:468) INFO: groundtruth[1504-1_spk_1504_1_025824-026254]: 咋尻世妍由戛址WQEVXSRI旨叨碟鄔毯輓妊啯妍枱WQEVXSRI旨誅尻
2018-07-11 13:17:21,011 (asr_pytorch:469) INFO: prediction [1504-1_spk_1504_1_025824-026254]: 咁就係仲話你SMARTHONE啫考俾佢比較好啦如果先貓心嘅話就<eos>
2018-07-11 13:17:21,019 (e2e_asr_attctc_th:2977) INFO: BLSTMP input lengths: [161]
2018-07-11 13:17:21,251 (e2e_asr_attctc_th:2067) INFO: input lengths: 41
2018-07-11 13:17:21,252 (e2e_asr_attctc_th:2091) INFO: max output length: 41
2018-07-11 13:17:21,252 (e2e_asr_attctc_th:2092) INFO: min output length: 0
2018-07-11 13:17:22,958 (e2e_asr_attctc_th:2199) INFO: end detected at 18
2018-07-11 13:17:22,958 (e2e_asr_attctc_th:2217) INFO: total log probability: -11.371794519
2018-07-11 13:17:22,958 (e2e_asr_attctc_th:2218) INFO: normalized log probability: -0.87475342454
2018-07-11 13:17:22,959 (asr_pytorch:468) INFO: groundtruth[1502-1_spk_1502_1_023443-023606]: 宣俏哭俏亙皆乸式序鄔妊啯
2018-07-11 13:17:22,959 (asr_pytorch:469) INFO: prediction [1502-1_spk_1502_1_023443-023606]: 即係我而傢搞下期都好啦<eos>
2018-07-11 13:17:22,967 (e2e_asr_attctc_th:2977) INFO: BLSTMP input lengths: [111]
2018-07-11 13:17:23,138 (e2e_asr_attctc_th:2067) INFO: input lengths: 28
2018-07-11 13:17:23,139 (e2e_asr_attctc_th:2091) INFO: max output length: 28
2018-07-11 13:17:23,139 (e2e_asr_attctc_th:2092) INFO: min output length: 0
2018-07-11 13:17:24,287 (e2e_asr_attctc_th:2199) INFO: end detected at 13
2018-07-11 13:17:24,287 (e2e_asr_attctc_th:2217) INFO: total log probability: -5.84017148428
2018-07-11 13:17:24,287 (e2e_asr_attctc_th:2218) INFO: normalized log probability: -0.648907942697
2018-07-11 13:17:24,288 (asr_pytorch:468) INFO: groundtruth[12_spk_12_001539-001652]: 肇旬考唪考巫啖
2018-07-11 13:17:24,288 (asr_pytorch:469) INFO: prediction [12_spk_12_001539-001652]: 聽日單唔單個啊<eos>
2018-07-11 13:17:24,296 (e2e_asr_attctc_th:2977) INFO: BLSTMP input lengths: [128]
2018-07-11 13:17:24,492 (e2e_asr_attctc_th:2067) INFO: input lengths: 32
2018-07-11 13:17:24,493 (e2e_asr_attctc_th:2091) INFO: max output length: 32
2018-07-11 13:17:24,493 (e2e_asr_attctc_th:2092) INFO: min output length: 0
2018-07-11 13:17:25,530 (e2e_asr_attctc_th:2206) INFO: no hypothesis. Finish decoding.
2018-07-11 13:17:25,530 (e2e_asr_attctc_th:2217) INFO: total log probability: -3.20137046836
2018-07-11 13:17:25,530 (e2e_asr_attctc_th:2218) INFO: normalized log probability: -0.291033678942
2018-07-11 13:17:25,531 (asr_pytorch:468) INFO: groundtruth[1502-2_spk_1502_2_061120-061250]: 咋戛員司件姦浜迫佰
2018-07-11 13:17:25,531 (asr_pytorch:469) INFO: prediction [1502-2_spk_1502_2_061120-061250]: 咁我哋可以為派翻去<eos>
2018-07-11 13:17:25,539 (e2e_asr_attctc_th:2977) INFO: BLSTMP input lengths: [275]
2018-07-11 13:17:25,919 (e2e_asr_attctc_th:2067) INFO: input lengths: 69
2018-07-11 13:17:25,919 (e2e_asr_attctc_th:2091) INFO: max output length: 69
2018-07-11 13:17:25,919 (e2e_asr_attctc_th:2092) INFO: min output length: 0
2018-07-11 13:17:28,370 (e2e_asr_attctc_th:2199) INFO: end detected at 21
2018-07-11 13:17:28,370 (e2e_asr_attctc_th:2217) INFO: total log probability: -16.1481717601
2018-07-11 13:17:28,370 (e2e_asr_attctc_th:2218) INFO: normalized log probability: -1.07654478401
2018-07-11 13:17:28,371 (asr_pytorch:468) INFO: groundtruth[1505-2_spk_1505_2_030310-030587]: 勞蘸枱勞裴<unk>啼施聳俏冏窟柎喔
2018-07-11 13:17:28,371 (asr_pytorch:469) INFO: prediction [1505-2_spk_1505_2_030310-030587]: 凍如果動呢啲嘢真買係冇入喎<eos>
2018-07-11 13:17:28,380 (e2e_asr_attctc_th:2977) INFO: BLSTMP input lengths: [494]
2018-07-11 13:17:29,037 (e2e_asr_attctc_th:2067) INFO: input lengths: 124
2018-07-11 13:17:29,038 (e2e_asr_attctc_th:2091) INFO: max output length: 124
2018-07-11 13:17:29,038 (e2e_asr_attctc_th:2092) INFO: min output length: 0
2018-07-11 13:17:33,122 (e2e_asr_attctc_th:2199) INFO: end detected at 27
2018-07-11 13:17:33,122 (e2e_asr_attctc_th:2217) INFO: total log probability: -14.056076454
2018-07-11 13:17:33,122 (e2e_asr_attctc_th:2218) INFO: normalized log probability: -0.638912566091
2018-07-11 13:17:33,124 (asr_pytorch:468) INFO: groundtruth[1505-1_spk_1505_1_055702-056198]: 咋佬司件誅側考倔少毯及耍考囖咋樺俏囹烕
2018-07-11 13:17:33,124 (asr_pytorch:469) INFO: prediction [1505-1_spk_1505_1_055702-056198]: 咁你可以話做翻個對比差唔跑翻咯嗰條去因為<eos>
2018-07-11 13:17:33,133 (e2e_asr_attctc_th:2977) INFO: BLSTMP input lengths: [268]
2018-07-11 13:17:33,519 (e2e_asr_attctc_th:2067) INFO: input lengths: 67
2018-07-11 13:17:33,519 (e2e_asr_attctc_th:2091) INFO: max output length: 67
2018-07-11 13:17:33,519 (e2e_asr_attctc_th:2092) INFO: min output length: 0
2018-07-11 13:17:36,010 (e2e_asr_attctc_th:2199) INFO: end detected at 21
2018-07-11 13:17:36,011 (e2e_asr_attctc_th:2217) INFO: total log probability: -3.38692222326
2018-07-11 13:17:36,011 (e2e_asr_attctc_th:2218) INFO: normalized log probability: -0.199230719015
2018-07-11 13:17:36,012 (asr_pytorch:468) INFO: groundtruth[12_spk_12_043143-043413]: B戛愈啞丕佬服唪服朕妊位B
2018-07-11 13:17:36,012 (asr_pytorch:469) INFO: prediction [12_spk_12_043143-043413]: 唔驚啊我想問下你會唔會有好似誒<eos>
2018-07-11 13:17:36,025 (e2e_asr_attctc_th:2977) INFO: BLSTMP input lengths: [165]
2018-07-11 13:17:36,286 (e2e_asr_attctc_th:2067) INFO: input lengths: 42
2018-07-11 13:17:36,287 (e2e_asr_attctc_th:2091) INFO: max output length: 42
2018-07-11 13:17:36,287 (e2e_asr_attctc_th:2092) INFO: min output length: 0
2018-07-11 13:17:37,661 (e2e_asr_attctc_th:2199) INFO: end detected at 15
2018-07-11 13:17:37,661 (e2e_asr_attctc_th:2217) INFO: total log probability: -4.59079166595
2018-07-11 13:17:37,661 (e2e_asr_attctc_th:2218) INFO: normalized log probability: -0.459079166595
2018-07-11 13:17:37,662 (asr_pytorch:468) INFO: groundtruth[1501-1_spk_1501_1_091034-091201]: 俏啯唪妊咋冏啞顔
2018-07-11 13:17:37,662 (asr_pytorch:469) INFO: prediction [1501-1_spk_1501_1_091034-091201]: 係啦嗯好咁咪問題<eos>
2018-07-11 13:17:37,671 (e2e_asr_attctc_th:2977) INFO: BLSTMP input lengths: [412]
2018-07-11 13:17:38,234 (e2e_asr_attctc_th:2067) INFO: input lengths: 103
2018-07-11 13:17:38,235 (e2e_asr_attctc_th:2091) INFO: max output length: 103
2018-07-11 13:17:38,235 (e2e_asr_attctc_th:2092) INFO: min output length: 0
2018-07-11 13:17:41,974 (e2e_asr_attctc_th:2206) INFO: no hypothesis. Finish decoding.
2018-07-11 13:17:41,974 (e2e_asr_attctc_th:2217) INFO: total log probability: -13.9406169066
2018-07-11 13:17:41,974 (e2e_asr_attctc_th:2218) INFO: normalized log probability: -0.557624676265
2018-07-11 13:17:41,975 (asr_pytorch:468) INFO: groundtruth[1504-1_spk_1504_1_038358-038772]: 囹烕斌磋速侶邕旨列鐲斌鄔俏朕院宣列鐲斌旨JSV迫
2018-07-11 13:17:41,976 (asr_pytorch:469) INFO: prediction [1504-1_spk_1504_1_038358-038772]: 因為我上埋通於變嘅分鐘數真係有眼整生中數嘅我翻<eos>
2018-07-11 13:17:41,989 (e2e_asr_attctc_th:2977) INFO: BLSTMP input lengths: [162]
2018-07-11 13:17:42,234 (e2e_asr_attctc_th:2067) INFO: input lengths: 41
2018-07-11 13:17:42,234 (e2e_asr_attctc_th:2091) INFO: max output length: 41
2018-07-11 13:17:42,234 (e2e_asr_attctc_th:2092) INFO: min output length: 0
2018-07-11 13:17:43,708 (e2e_asr_attctc_th:2199) INFO: end detected at 16
2018-07-11 13:17:43,708 (e2e_asr_attctc_th:2217) INFO: total log probability: -6.46068445966
2018-07-11 13:17:43,709 (e2e_asr_attctc_th:2218) INFO: normalized log probability: -0.587334950878
2018-07-11 13:17:43,710 (asr_pytorch:468) INFO: groundtruth[1504-1_spk_1504_1_005836-006000]: 嗷倔旨誅尻然院伊由
2018-07-11 13:17:43,710 (asr_pytorch:469) INFO: prediction [1504-1_spk_1504_1_005836-006000]: 不過嘅話就冇問任咯<eos>
2018-07-11 13:17:43,718 (e2e_asr_attctc_th:2977) INFO: BLSTMP input lengths: [89]
2018-07-11 13:17:43,907 (e2e_asr_attctc_th:2067) INFO: input lengths: 23
2018-07-11 13:17:43,908 (e2e_asr_attctc_th:2091) INFO: max output length: 23
2018-07-11 13:17:43,908 (e2e_asr_attctc_th:2092) INFO: min output length: 0
2018-07-11 13:17:44,597 (e2e_asr_attctc_th:2199) INFO: end detected at 10
2018-07-11 13:17:44,598 (e2e_asr_attctc_th:2217) INFO: total log probability: -0.67749591358
2018-07-11 13:17:44,598 (e2e_asr_attctc_th:2218) INFO: normalized log probability: -0.112915985597
2018-07-11 13:17:44,599 (asr_pytorch:468) INFO: groundtruth[1501-1_spk_1501_1_005192-005283]: 俏啯冏鍋
2018-07-11 13:17:44,599 (asr_pytorch:469) INFO: prediction [1501-1_spk_1501_1_005192-005283]: 係啦冇錯<eos>
2018-07-11 13:17:44,609 (e2e_asr_attctc_th:2977) INFO: BLSTMP input lengths: [603]
2018-07-11 13:17:45,400 (e2e_asr_attctc_th:2067) INFO: input lengths: 151
2018-07-11 13:17:45,400 (e2e_asr_attctc_th:2091) INFO: max output length: 151
2018-07-11 13:17:45,400 (e2e_asr_attctc_th:2092) INFO: min output length: 0
2018-07-11 13:17:53,950 (e2e_asr_attctc_th:2199) INFO: end detected at 52
2018-07-11 13:17:53,950 (e2e_asr_attctc_th:2217) INFO: total log probability: -60.1563833132
2018-07-11 13:17:53,950 (e2e_asr_attctc_th:2218) INFO: normalized log probability: -1.30774746333
2018-07-11 13:17:53,951 (asr_pytorch:468) INFO: groundtruth[8_spk_8_080947-081552]: 咋煉得呯戛員馬兒服享畸叄把衚郷叄GLIGOGLIGO佬哲倔佬手謬倔三幀呯B必朦邸必燴樟倔三幀呯
2018-07-11 13:17:53,951 (asr_pytorch:469) INFO: prediction [8_spk_8_080947-081552]: 咁然後生我哋首先會心得幾時補我齣去齣嚟你啊你想所有個SIRSSEAT食十分鐘突然流或大嘞<eos>
2018-07-11 13:17:53,959 (e2e_asr_attctc_th:2977) INFO: BLSTMP input lengths: [198]
2018-07-11 13:17:54,222 (e2e_asr_attctc_th:2067) INFO: input lengths: 50
2018-07-11 13:17:54,222 (e2e_asr_attctc_th:2091) INFO: max output length: 50
2018-07-11 13:17:54,222 (e2e_asr_attctc_th:2092) INFO: min output length: 0
2018-07-11 13:17:55,162 (e2e_asr_attctc_th:2206) INFO: no hypothesis. Finish decoding.
2018-07-11 13:17:55,162 (e2e_asr_attctc_th:2217) INFO: total log probability: -3.19982940657
2018-07-11 13:17:55,162 (e2e_asr_attctc_th:2218) INFO: normalized log probability: -0.319982940657
2018-07-11 13:17:55,163 (asr_pytorch:468) INFO: groundtruth[1505-1_spk_1505_1_101244-101444]: 俏三列鐲尻9氊囖
2018-07-11 13:17:55,163 (asr_pytorch:469) INFO: prediction [1505-1_spk_1505_1_101244-101444]: 係一分鐘就搞好咯<eos>
2018-07-11 13:17:55,171 (e2e_asr_attctc_th:2977) INFO: BLSTMP input lengths: [166]
2018-07-11 13:17:55,390 (e2e_asr_attctc_th:2067) INFO: input lengths: 42
2018-07-11 13:17:55,391 (e2e_asr_attctc_th:2091) INFO: max output length: 42
2018-07-11 13:17:55,391 (e2e_asr_attctc_th:2092) INFO: min output length: 0
2018-07-11 13:17:56,366 (e2e_asr_attctc_th:2199) INFO: end detected at 11
2018-07-11 13:17:56,366 (e2e_asr_attctc_th:2217) INFO: total log probability: -0.331573763513
2018-07-11 13:17:56,366 (e2e_asr_attctc_th:2218) INFO: normalized log probability: -0.0473676805019
2018-07-11 13:17:56,367 (asr_pytorch:468) INFO: groundtruth[1501-1_spk_1501_1_044376-044544]: 司脇服尻迫
2018-07-11 13:17:56,367 (asr_pytorch:469) INFO: prediction [1501-1_spk_1501_1_044376-044544]: 可能會走翻<eos>
2018-07-11 13:17:56,376 (e2e_asr_attctc_th:2977) INFO: BLSTMP input lengths: [474]
2018-07-11 13:17:57,002 (e2e_asr_attctc_th:2067) INFO: input lengths: 119
2018-07-11 13:17:57,002 (e2e_asr_attctc_th:2091) INFO: max output length: 119
2018-07-11 13:17:57,002 (e2e_asr_attctc_th:2092) INFO: min output length: 0
2018-07-11 13:18:01,961 (e2e_asr_attctc_th:2199) INFO: end detected at 37
2018-07-11 13:18:01,962 (e2e_asr_attctc_th:2217) INFO: total log probability: -18.7206775057
2018-07-11 13:18:01,962 (e2e_asr_attctc_th:2218) INFO: normalized log probability: -0.585021172054
2018-07-11 13:18:01,962 (asr_pytorch:468) INFO: groundtruth[4_spk_4_058015-058491]: WQEVXSRI嘍綺絨嘍誅呯佬懵誆俏服妍枱啦由咩呯服放刺三梯B磊誔石訒嘍
2018-07-11 13:18:01,963 (asr_pytorch:469) INFO: prediction [4_spk_4_058015-058491]: 媽等下網絡嘅話呢你應該係會如果體用咗嘞會收咗一條誒確完短信嘅<eos>
2018-07-11 13:18:01,971 (e2e_asr_attctc_th:2977) INFO: BLSTMP input lengths: [282]
2018-07-11 13:18:02,328 (e2e_asr_attctc_th:2067) INFO: input lengths: 71
2018-07-11 13:18:02,328 (e2e_asr_attctc_th:2091) INFO: max output length: 71
2018-07-11 13:18:02,328 (e2e_asr_attctc_th:2092) INFO: min output length: 0
2018-07-11 13:18:05,243 (e2e_asr_attctc_th:2199) INFO: end detected at 29
2018-07-11 13:18:05,243 (e2e_asr_attctc_th:2217) INFO: total log probability: -26.4079662915
2018-07-11 13:18:05,243 (e2e_asr_attctc_th:2218) INFO: normalized log probability: -1.20036210416
2018-07-11 13:18:05,245 (asr_pytorch:468) INFO: groundtruth[1505-2_spk_1505_2_000927-001212]: 囹烕朕陳晏戛睛蘸枱裴<unk>啼RI_W朕啼ZMHIS劫嘢
2018-07-11 13:18:05,245 (asr_pytorch:469) INFO: prediction [1505-2_spk_1505_2_000927-001212]: 因為有時間提前嗰度電影幾時我啲即係有嗰個<eos>
2018-07-11 13:18:05,252 (e2e_asr_attctc_th:2977) INFO: BLSTMP input lengths: [113]
2018-07-11 13:18:05,398 (e2e_asr_attctc_th:2067) INFO: input lengths: 29
2018-07-11 13:18:05,399 (e2e_asr_attctc_th:2091) INFO: max output length: 29
2018-07-11 13:18:05,399 (e2e_asr_attctc_th:2092) INFO: min output length: 0
2018-07-11 13:18:06,226 (e2e_asr_attctc_th:2199) INFO: end detected at 13
2018-07-11 13:18:06,227 (e2e_asr_attctc_th:2217) INFO: total log probability: -8.05239194632
2018-07-11 13:18:06,227 (e2e_asr_attctc_th:2218) INFO: normalized log probability: -1.15034170662
2018-07-11 13:18:06,228 (asr_pytorch:468) INFO: groundtruth[9_spk_9_028380-028495]: 冗朧三朧俏啯
2018-07-11 13:18:06,228 (asr_pytorch:469) INFO: prediction [9_spk_9_028380-028495]: 佢冇咁忙啊<eos>
2018-07-11 13:18:06,235 (e2e_asr_attctc_th:2977) INFO: BLSTMP input lengths: [143]
2018-07-11 13:18:06,409 (e2e_asr_attctc_th:2067) INFO: input lengths: 36
2018-07-11 13:18:06,409 (e2e_asr_attctc_th:2091) INFO: max output length: 36
2018-07-11 13:18:06,410 (e2e_asr_attctc_th:2092) INFO: min output length: 0
2018-07-11 13:18:07,339 (e2e_asr_attctc_th:2199) INFO: end detected at 13
2018-07-11 13:18:07,339 (e2e_asr_attctc_th:2217) INFO: total log probability: -3.36679943558
2018-07-11 13:18:07,339 (e2e_asr_attctc_th:2218) INFO: normalized log probability: -0.374088826175
2018-07-11 13:18:07,340 (asr_pytorch:468) INFO: groundtruth[1501-1_spk_1501_1_035157-035302]: 俏巾綪刺刺咩未嘍
2018-07-11 13:18:07,340 (asr_pytorch:469) INFO: prediction [1501-1_spk_1501_1_035157-035302]: 係已經到早期嘅<eos>
2018-07-11 13:18:07,347 (e2e_asr_attctc_th:2977) INFO: BLSTMP input lengths: [198]
2018-07-11 13:18:07,583 (e2e_asr_attctc_th:2067) INFO: input lengths: 50
2018-07-11 13:18:07,584 (e2e_asr_attctc_th:2091) INFO: max output length: 50
2018-07-11 13:18:07,584 (e2e_asr_attctc_th:2092) INFO: min output length: 0
2018-07-11 13:18:08,768 (e2e_asr_attctc_th:2199) INFO: end detected at 15
2018-07-11 13:18:08,768 (e2e_asr_attctc_th:2217) INFO: total log probability: -3.24795553274
2018-07-11 13:18:08,768 (e2e_asr_attctc_th:2218) INFO: normalized log probability: -0.295268684795
2018-07-11 13:18:08,769 (asr_pytorch:468) INFO: groundtruth[12_spk_12_013029-013229]: 然院由曳呯佰服諒
2018-07-11 13:18:08,769 (asr_pytorch:469) INFO: prediction [12_spk_12_013029-013229]: 無限用但係呢佢會跳<eos>
2018-07-11 13:18:08,777 (e2e_asr_attctc_th:2977) INFO: BLSTMP input lengths: [247]
2018-07-11 13:18:09,059 (e2e_asr_attctc_th:2067) INFO: input lengths: 62
2018-07-11 13:18:09,059 (e2e_asr_attctc_th:2091) INFO: max output length: 62
2018-07-11 13:18:09,059 (e2e_asr_attctc_th:2092) INFO: min output length: 0
2018-07-11 13:18:10,782 (e2e_asr_attctc_th:2199) INFO: end detected at 20
2018-07-11 13:18:10,782 (e2e_asr_attctc_th:2217) INFO: total log probability: -5.07400537631
2018-07-11 13:18:10,782 (e2e_asr_attctc_th:2218) INFO: normalized log probability: -0.338267025088
2018-07-11 13:18:10,782 (asr_pytorch:468) INFO: groundtruth[12_spk_12_007813-008062]: 三倔朔咋樺尻司件由刺然院咵
2018-07-11 13:18:10,783 (asr_pytorch:469) INFO: prediction [12_spk_12_007813-008062]: 一個約咁樣就可以用咗無限咯<eos>
2018-07-11 13:18:10,790 (e2e_asr_attctc_th:2977) INFO: BLSTMP input lengths: [225]
2018-07-11 13:18:11,068 (e2e_asr_attctc_th:2067) INFO: input lengths: 57
2018-07-11 13:18:11,068 (e2e_asr_attctc_th:2091) INFO: max output length: 57
2018-07-11 13:18:11,068 (e2e_asr_attctc_th:2092) INFO: min output length: 0
2018-07-11 13:18:12,411 (e2e_asr_attctc_th:2199) INFO: end detected at 18
2018-07-11 13:18:12,411 (e2e_asr_attctc_th:2217) INFO: total log probability: -10.342250213
2018-07-11 13:18:12,411 (e2e_asr_attctc_th:2218) INFO: normalized log probability: -1.0342250213
2018-07-11 13:18:12,412 (asr_pytorch:468) INFO: groundtruth[12_spk_12_053852-054079]: 司件啖冏啞顔啖嗶
2018-07-11 13:18:12,412 (asr_pytorch:469) INFO: prediction [12_spk_12_053852-054079]: 真係唔係咁啊嗯嗯<eos>
2018-07-11 13:18:12,419 (e2e_asr_attctc_th:2977) INFO: BLSTMP input lengths: [198]
2018-07-11 13:18:12,664 (e2e_asr_attctc_th:2067) INFO: input lengths: 50
2018-07-11 13:18:12,664 (e2e_asr_attctc_th:2091) INFO: max output length: 50
2018-07-11 13:18:12,664 (e2e_asr_attctc_th:2092) INFO: min output length: 0
2018-07-11 13:18:14,001 (e2e_asr_attctc_th:2199) INFO: end detected at 17
2018-07-11 13:18:14,001 (e2e_asr_attctc_th:2217) INFO: total log probability: -5.35895083682
2018-07-11 13:18:14,001 (e2e_asr_attctc_th:2218) INFO: normalized log probability: -0.446579236401
2018-07-11 13:18:14,002 (asr_pytorch:468) INFO: groundtruth[1502-2_spk_1502_2_030255-030455]: 冀寫囹烕乒剛朕啼宭扁鄔
2018-07-11 13:18:14,002 (asr_pytorch:469) INFO: prediction [1502-2_spk_1502_2_030255-030455]: 其實有之前有一下我都<eos>
2018-07-11 13:18:14,010 (e2e_asr_attctc_th:2977) INFO: BLSTMP input lengths: [443]
2018-07-11 13:18:14,544 (e2e_asr_attctc_th:2067) INFO: input lengths: 111
2018-07-11 13:18:14,544 (e2e_asr_attctc_th:2091) INFO: max output length: 111
2018-07-11 13:18:14,544 (e2e_asr_attctc_th:2092) INFO: min output length: 0
2018-07-11 13:18:18,251 (e2e_asr_attctc_th:2199) INFO: end detected at 32
2018-07-11 13:18:18,251 (e2e_asr_attctc_th:2217) INFO: total log probability: -14.2669989141
2018-07-11 13:18:18,251 (e2e_asr_attctc_th:2218) INFO: normalized log probability: -0.528407367188
2018-07-11 13:18:18,252 (asr_pytorch:468) INFO: groundtruth[3_spk_3_056652-057097]: 咋戛侶<unk>司件睛三俏纔三俏唪纔嘍姚戛囹烕朵刺未㨃嘢俏咱
2018-07-11 13:18:18,252 (asr_pytorch:469) INFO: prediction [3_spk_3_056652-057097]: 咁我都而傢可以睇一係續一係唔入嘅我因為未到期噶嘛係<eos>
2018-07-11 13:18:18,259 (e2e_asr_attctc_th:2977) INFO: BLSTMP input lengths: [154]
2018-07-11 13:18:18,461 (e2e_asr_attctc_th:2067) INFO: input lengths: 39
2018-07-11 13:18:18,462 (e2e_asr_attctc_th:2091) INFO: max output length: 39
2018-07-11 13:18:18,462 (e2e_asr_attctc_th:2092) INFO: min output length: 0
2018-07-11 13:18:19,579 (e2e_asr_attctc_th:2199) INFO: end detected at 16
2018-07-11 13:18:19,579 (e2e_asr_attctc_th:2217) INFO: total log probability: -8.62032004073
2018-07-11 13:18:19,579 (e2e_asr_attctc_th:2218) INFO: normalized log probability: -0.783665458248
2018-07-11 13:18:19,580 (asr_pytorch:468) INFO: groundtruth[1502-2_spk_1502_2_038006-038162]: 俏眯俏朋抽嘍SJJIV
2018-07-11 13:18:19,580 (asr_pytorch:469) INFO: prediction [1502-2_spk_1502_2_038006-038162]: 係翻嚟最低噶我發啊<eos>
2018-07-11 13:18:19,587 (e2e_asr_attctc_th:2977) INFO: BLSTMP input lengths: [70]
2018-07-11 13:18:19,684 (e2e_asr_attctc_th:2067) INFO: input lengths: 18
2018-07-11 13:18:19,684 (e2e_asr_attctc_th:2091) INFO: max output length: 18
2018-07-11 13:18:19,684 (e2e_asr_attctc_th:2092) INFO: min output length: 0
2018-07-11 13:18:20,033 (e2e_asr_attctc_th:2206) INFO: no hypothesis. Finish decoding.
2018-07-11 13:18:20,033 (e2e_asr_attctc_th:2217) INFO: total log probability: -0.455321543268
2018-07-11 13:18:20,033 (e2e_asr_attctc_th:2218) INFO: normalized log probability: -0.075886923878
2018-07-11 13:18:20,034 (asr_pytorch:468) INFO: groundtruth[1502-2_spk_1502_2_058987-059059]: 謬迫鄔俏
2018-07-11 13:18:20,034 (asr_pytorch:469) INFO: prediction [1502-2_spk_1502_2_058987-059059]: 講翻都係<eos>
2018-07-11 13:18:20,041 (e2e_asr_attctc_th:2977) INFO: BLSTMP input lengths: [277]
2018-07-11 13:18:20,378 (e2e_asr_attctc_th:2067) INFO: input lengths: 70
2018-07-11 13:18:20,378 (e2e_asr_attctc_th:2091) INFO: max output length: 70
2018-07-11 13:18:20,378 (e2e_asr_attctc_th:2092) INFO: min output length: 0
2018-07-11 13:18:22,648 (e2e_asr_attctc_th:2199) INFO: end detected at 26
2018-07-11 13:18:22,648 (e2e_asr_attctc_th:2217) INFO: total log probability: -20.4752154504
2018-07-11 13:18:22,648 (e2e_asr_attctc_th:2218) INFO: normalized log probability: -0.975010259543
2018-07-11 13:18:22,649 (asr_pytorch:468) INFO: groundtruth[12_spk_12_072347-072626]: 咋劑尖姚佬OIIT何望募咋疊煉冏啞顔喋俏喋
2018-07-11 13:18:22,649 (asr_pytorch:469) INFO: prediction [12_spk_12_072347-072626]: 咁咯我十死都係之外服務真係冇問題啦係啦<eos>
2018-07-11 13:18:22,656 (e2e_asr_attctc_th:2977) INFO: BLSTMP input lengths: [300]
2018-07-11 13:18:23,015 (e2e_asr_attctc_th:2067) INFO: input lengths: 75
2018-07-11 13:18:23,015 (e2e_asr_attctc_th:2091) INFO: max output length: 75
2018-07-11 13:18:23,015 (e2e_asr_attctc_th:2092) INFO: min output length: 0
2018-07-11 13:18:24,840 (e2e_asr_attctc_th:2199) INFO: end detected at 20
2018-07-11 13:18:24,841 (e2e_asr_attctc_th:2217) INFO: total log probability: -1.37851904181
2018-07-11 13:18:24,841 (e2e_asr_attctc_th:2218) INFO: normalized log probability: -0.0861574401133
2018-07-11 13:18:24,841 (asr_pytorch:468) INFO: groundtruth[1502-2_spk_1502_2_066180-066482]: 刺晏吔佬換剛紋迫倔晏閙咋樺囖
2018-07-11 13:18:24,841 (asr_pytorch:469) INFO: prediction [1502-2_spk_1502_2_066180-066482]: 到時同你提前嘅翻個時間咁樣咯<eos>
2018-07-11 13:18:24,850 (e2e_asr_attctc_th:2977) INFO: BLSTMP input lengths: [444]
2018-07-11 13:18:25,395 (e2e_asr_attctc_th:2067) INFO: input lengths: 111
2018-07-11 13:18:25,395 (e2e_asr_attctc_th:2091) INFO: max output length: 111
2018-07-11 13:18:25,395 (e2e_asr_attctc_th:2092) INFO: min output length: 0
2018-07-11 13:18:28,798 (e2e_asr_attctc_th:2199) INFO: end detected at 31
2018-07-11 13:18:28,798 (e2e_asr_attctc_th:2217) INFO: total log probability: -17.1000707876
2018-07-11 13:18:28,799 (e2e_asr_attctc_th:2218) INFO: normalized log probability: -0.657695030292
2018-07-11 13:18:28,799 (asr_pytorch:468) INFO: groundtruth[1504-1_spk_1504_1_077716-078162]: W8朋髲俏亳古刺1倔45K綺絨柎喔朋髲逮啖
2018-07-11 13:18:28,799 (asr_pytorch:469) INFO: prediction [1504-1_spk_1504_1_077716-078162]: 即時話最高位喺受到一個四點五支網絡噶喎真係高速啊<eos>
2018-07-11 13:18:28,807 (e2e_asr_attctc_th:2977) INFO: BLSTMP input lengths: [250]
2018-07-11 13:18:29,111 (e2e_asr_attctc_th:2067) INFO: input lengths: 63
2018-07-11 13:18:29,111 (e2e_asr_attctc_th:2091) INFO: max output length: 63
2018-07-11 13:18:29,112 (e2e_asr_attctc_th:2092) INFO: min output length: 0
2018-07-11 13:18:30,331 (e2e_asr_attctc_th:2199) INFO: end detected at 16
2018-07-11 13:18:30,331 (e2e_asr_attctc_th:2217) INFO: total log probability: -9.35211326182
2018-07-11 13:18:30,331 (e2e_asr_attctc_th:2218) INFO: normalized log probability: -0.850192114711
2018-07-11 13:18:30,332 (asr_pytorch:468) INFO: groundtruth[1502-1_spk_1502_1_058149-058401]: 哭咋戛見戛見卉從從從
2018-07-11 13:18:30,332 (asr_pytorch:469) INFO: prediction [1502-1_spk_1502_1_058149-058401]: 我等你啊要諗唔得啦<eos>
2018-07-11 13:18:30,340 (e2e_asr_attctc_th:2977) INFO: BLSTMP input lengths: [137]
2018-07-11 13:18:30,513 (e2e_asr_attctc_th:2067) INFO: input lengths: 35
2018-07-11 13:18:30,514 (e2e_asr_attctc_th:2091) INFO: max output length: 35
2018-07-11 13:18:30,514 (e2e_asr_attctc_th:2092) INFO: min output length: 0
2018-07-11 13:18:30,845 (e2e_asr_attctc_th:2206) INFO: no hypothesis. Finish decoding.
2018-07-11 13:18:30,846 (e2e_asr_attctc_th:2217) INFO: total log probability: -3.59461207734
2018-07-11 13:18:30,846 (e2e_asr_attctc_th:2218) INFO: normalized log probability: -0.599102012891
2018-07-11 13:18:30,846 (asr_pytorch:468) INFO: groundtruth[1504-1_spk_1504_1_029502-029641]: 昕皅昕皅
2018-07-11 13:18:30,846 (asr_pytorch:469) INFO: prediction [1504-1_spk_1504_1_029502-029641]: 明白明白<eos>
2018-07-11 13:18:30,854 (e2e_asr_attctc_th:2977) INFO: BLSTMP input lengths: [182]
2018-07-11 13:18:31,081 (e2e_asr_attctc_th:2067) INFO: input lengths: 46
2018-07-11 13:18:31,081 (e2e_asr_attctc_th:2091) INFO: max output length: 46
2018-07-11 13:18:31,082 (e2e_asr_attctc_th:2092) INFO: min output length: 0
2018-07-11 13:18:31,887 (e2e_asr_attctc_th:2206) INFO: no hypothesis. Finish decoding.
2018-07-11 13:18:31,887 (e2e_asr_attctc_th:2217) INFO: total log probability: -2.26263666945
2018-07-11 13:18:31,887 (e2e_asr_attctc_th:2218) INFO: normalized log probability: -0.205694242677
2018-07-11 13:18:31,888 (asr_pytorch:468) INFO: groundtruth[1504-1_spk_1504_1_088272-088456]: 囹烕且綺嗷啼俏咋旨囹烕
2018-07-11 13:18:31,888 (asr_pytorch:469) INFO: prediction [1504-1_spk_1504_1_088272-088456]: 因為上網嗰啲係咁嘅<eos>
2018-07-11 13:18:31,896 (e2e_asr_attctc_th:2977) INFO: BLSTMP input lengths: [357]
2018-07-11 13:18:32,341 (e2e_asr_attctc_th:2067) INFO: input lengths: 90
2018-07-11 13:18:32,341 (e2e_asr_attctc_th:2091) INFO: max output length: 90
2018-07-11 13:18:32,341 (e2e_asr_attctc_th:2092) INFO: min output length: 0
2018-07-11 13:18:34,570 (e2e_asr_attctc_th:2199) INFO: end detected at 24
2018-07-11 13:18:34,570 (e2e_asr_attctc_th:2217) INFO: total log probability: -7.78858396527
2018-07-11 13:18:34,570 (e2e_asr_attctc_th:2218) INFO: normalized log probability: -0.409925471857
2018-07-11 13:18:34,571 (asr_pytorch:468) INFO: groundtruth[1504-2_spk_1504_2_060923-061282]: 咋住俏佬司唪司件筐佬司唪司件筐吟
2018-07-11 13:18:34,571 (asr_pytorch:469) INFO: prediction [1504-2_spk_1504_2_060923-061282]: 咁但係你可唔可以打咯你可唔可以講呢<eos>
2018-07-11 13:18:34,578 (e2e_asr_attctc_th:2977) INFO: BLSTMP input lengths: [212]
2018-07-11 13:18:34,838 (e2e_asr_attctc_th:2067) INFO: input lengths: 53
2018-07-11 13:18:34,838 (e2e_asr_attctc_th:2091) INFO: max output length: 53
2018-07-11 13:18:34,838 (e2e_asr_attctc_th:2092) INFO: min output length: 0
2018-07-11 13:18:35,789 (e2e_asr_attctc_th:2206) INFO: no hypothesis. Finish decoding.
2018-07-11 13:18:35,789 (e2e_asr_attctc_th:2217) INFO: total log probability: -7.74955032207
2018-07-11 13:18:35,789 (e2e_asr_attctc_th:2218) INFO: normalized log probability: -0.645795860173
2018-07-11 13:18:35,789 (asr_pytorch:468) INFO: groundtruth[1502-1_spk_1502_1_025144-025358]: 咋黴言戛唪耗<unk>謬渠楥啼
2018-07-11 13:18:35,789 (asr_pytorch:469) INFO: prediction [1502-1_spk_1502_1_025144-025358]: 咁點解我而傢講清楚啲<eos>
2018-07-11 13:18:35,796 (e2e_asr_attctc_th:2977) INFO: BLSTMP input lengths: [155]
2018-07-11 13:18:35,989 (e2e_asr_attctc_th:2067) INFO: input lengths: 39
2018-07-11 13:18:35,989 (e2e_asr_attctc_th:2091) INFO: max output length: 39
2018-07-11 13:18:35,989 (e2e_asr_attctc_th:2092) INFO: min output length: 0
2018-07-11 13:18:36,792 (e2e_asr_attctc_th:2199) INFO: end detected at 13
2018-07-11 13:18:36,792 (e2e_asr_attctc_th:2217) INFO: total log probability: -7.96259400249
2018-07-11 13:18:36,792 (e2e_asr_attctc_th:2218) INFO: normalized log probability: -0.995324250311
2018-07-11 13:18:36,792 (asr_pytorch:468) INFO: groundtruth[8_spk_8_035080-035237]: 哭從唪從倔從呈嘢
2018-07-11 13:18:36,793 (asr_pytorch:469) INFO: prediction [8_spk_8_035080-035237]: 我十點就得啦<eos>
# Accounting: time=324 threads=1
# Ended (code 0) at Wed Jul 11 13:18:36 HKT 2018, elapsed time 324 seconds
# Accounting: time=487 threads=1
# Ended (code 0) at Wed Jul 11 13:19:56 HKT 2018, elapsed time 487 seconds
