# asr_recog.py --ngpu 0 --backend pytorch --recog-json smartone_data/smartone_kaldi/split32utt/data.9.json --result-label smartone_data/baseline/decode/data.9.json --model smartone_data/baseline/model.acc.best --model-conf smartone_data/baseline/model.conf --beam-size 20 --penalty 0.0 --maxlenratio 0.0 --minlenratio 0.0 --ctc-weight 0.3 
# Started at Wed Jul 11 13:13:12 HKT 2018
#
2018-07-11 13:13:13,046 (asr_recog:110) INFO: python path = /home/lahiru/Devinstalls/espnet_new/espnet/egs/domain_adaptation_cantonese/asr5/../../../src/lm/:/home/lahiru/Devinstalls/espnet_new/espnet/egs/domain_adaptation_cantonese/asr5/../../../src/asr/:/home/lahiru/Devinstalls/espnet_new/espnet/egs/domain_adaptation_cantonese/asr5/../../../src/nets/:/home/lahiru/Devinstalls/espnet_new/espnet/egs/domain_adaptation_cantonese/asr5/../../../src/utils/:/home/lahiru/Devinstalls/espnet_new/espnet/egs/domain_adaptation_cantonese/asr5/../../../src/bin/:/home/lahiru/Devinstalls/espnet_new/espnet/egs/domain_adaptation_cantonese/asr5/../../../src/lm/:/home/lahiru/Devinstalls/espnet_new/espnet/egs/domain_adaptation_cantonese/asr5/../../../src/asr/:/home/lahiru/Devinstalls/espnet_new/espnet/egs/domain_adaptation_cantonese/asr5/../../../src/nets/:/home/lahiru/Devinstalls/espnet_new/espnet/egs/domain_adaptation_cantonese/asr5/../../../src/utils/:/home/lahiru/Devinstalls/espnet_new/espnet/egs/domain_adaptation_cantonese/asr5/../../../src/bin/:
2018-07-11 13:13:13,046 (asr_recog:115) INFO: set random seed = 1
2018-07-11 13:13:13,046 (asr_recog:118) INFO: backend = pytorch
2018-07-11 13:13:13,742 (asr_pytorch:393) INFO: reading a model config file fromsmartone_data/baseline/model.conf
2018-07-11 13:13:13,760 (asr_pytorch:397) INFO: ARGS: backend: pytorch
2018-07-11 13:13:13,760 (asr_pytorch:397) INFO: ARGS: beam_size: 20
2018-07-11 13:13:13,760 (asr_pytorch:397) INFO: ARGS: ctc_weight: 0.3
2018-07-11 13:13:13,760 (asr_pytorch:397) INFO: ARGS: da: 0
2018-07-11 13:13:13,760 (asr_pytorch:397) INFO: ARGS: daconfig: 3
2018-07-11 13:13:13,760 (asr_pytorch:397) INFO: ARGS: datype: bias
2018-07-11 13:13:13,760 (asr_pytorch:397) INFO: ARGS: debugmode: 1
2018-07-11 13:13:13,761 (asr_pytorch:397) INFO: ARGS: gpu: None
2018-07-11 13:13:13,761 (asr_pytorch:397) INFO: ARGS: lm_weight: 0.1
2018-07-11 13:13:13,761 (asr_pytorch:397) INFO: ARGS: maxlenratio: 0.0
2018-07-11 13:13:13,761 (asr_pytorch:397) INFO: ARGS: minlenratio: 0.0
2018-07-11 13:13:13,761 (asr_pytorch:397) INFO: ARGS: model: smartone_data/baseline/model.acc.best
2018-07-11 13:13:13,761 (asr_pytorch:397) INFO: ARGS: model_conf: smartone_data/baseline/model.conf
2018-07-11 13:13:13,761 (asr_pytorch:397) INFO: ARGS: nbest: 1
2018-07-11 13:13:13,761 (asr_pytorch:397) INFO: ARGS: ngpu: 0
2018-07-11 13:13:13,761 (asr_pytorch:397) INFO: ARGS: penalty: 0.0
2018-07-11 13:13:13,761 (asr_pytorch:397) INFO: ARGS: recog_feat: None
2018-07-11 13:13:13,761 (asr_pytorch:397) INFO: ARGS: recog_json: smartone_data/smartone_kaldi/split32utt/data.9.json
2018-07-11 13:13:13,761 (asr_pytorch:397) INFO: ARGS: recog_label: None
2018-07-11 13:13:13,761 (asr_pytorch:397) INFO: ARGS: result_label: smartone_data/baseline/decode/data.9.json
2018-07-11 13:13:13,761 (asr_pytorch:397) INFO: ARGS: rnnlm: None
2018-07-11 13:13:13,761 (asr_pytorch:397) INFO: ARGS: seed: 1
2018-07-11 13:13:13,761 (asr_pytorch:397) INFO: ARGS: verbose: 1
2018-07-11 13:13:13,761 (asr_pytorch:397) INFO: ARGS: word_dict: None
2018-07-11 13:13:13,761 (asr_pytorch:397) INFO: ARGS: word_rnnlm: None
2018-07-11 13:13:13,761 (asr_pytorch:400) INFO: reading model parameters fromsmartone_data/baseline/model.acc.best
2018-07-11 13:13:13,762 (e2e_asr_attctc_th:184) INFO: subsample: 1 2 2 1 1
2018-07-11 13:13:13,845 (e2e_asr_attctc_th:2317) INFO: BLSTM with every-layer projection for encoder
2018-07-11 13:13:15,389 (e2e_asr_attctc_th:2977) INFO: BLSTMP input lengths: [29]
2018-07-11 13:13:15,471 (e2e_asr_attctc_th:2067) INFO: input lengths: 8
2018-07-11 13:13:15,472 (e2e_asr_attctc_th:2091) INFO: max output length: 8
2018-07-11 13:13:15,472 (e2e_asr_attctc_th:2092) INFO: min output length: 0
2018-07-11 13:13:15,600 (e2e_asr_attctc_th:2206) INFO: no hypothesis. Finish decoding.
2018-07-11 13:13:15,601 (e2e_asr_attctc_th:2217) INFO: total log probability: -0.84994998388
2018-07-11 13:13:15,601 (e2e_asr_attctc_th:2218) INFO: normalized log probability: -0.283316661293
2018-07-11 13:13:15,601 (asr_pytorch:468) INFO: groundtruth[4_spk_4_035886-035917]: 俏
2018-07-11 13:13:15,602 (asr_pytorch:469) INFO: prediction [4_spk_4_035886-035917]: 哎<eos>
2018-07-11 13:13:15,617 (e2e_asr_attctc_th:2977) INFO: BLSTMP input lengths: [228]
2018-07-11 13:13:16,145 (e2e_asr_attctc_th:2067) INFO: input lengths: 57
2018-07-11 13:13:16,146 (e2e_asr_attctc_th:2091) INFO: max output length: 57
2018-07-11 13:13:16,146 (e2e_asr_attctc_th:2092) INFO: min output length: 0
2018-07-11 13:13:18,124 (e2e_asr_attctc_th:2199) INFO: end detected at 15
2018-07-11 13:13:18,125 (e2e_asr_attctc_th:2217) INFO: total log probability: -13.4968875097
2018-07-11 13:13:18,125 (e2e_asr_attctc_th:2218) INFO: normalized log probability: -1.22698977361
2018-07-11 13:13:18,126 (asr_pytorch:468) INFO: groundtruth[12_spk_12_059884-060114]: 望募嘍誅呯B唪俏
2018-07-11 13:13:18,126 (asr_pytorch:469) INFO: prediction [12_spk_12_059884-060114]: 我學食就差啱先正常<eos>
2018-07-11 13:13:18,143 (e2e_asr_attctc_th:2977) INFO: BLSTMP input lengths: [526]
2018-07-11 13:13:19,137 (e2e_asr_attctc_th:2067) INFO: input lengths: 132
2018-07-11 13:13:19,137 (e2e_asr_attctc_th:2091) INFO: max output length: 132
2018-07-11 13:13:19,137 (e2e_asr_attctc_th:2092) INFO: min output length: 0
2018-07-11 13:13:21,861 (e2e_asr_attctc_th:2199) INFO: end detected at 22
2018-07-11 13:13:21,861 (e2e_asr_attctc_th:2217) INFO: total log probability: -6.37943593413
2018-07-11 13:13:21,861 (e2e_asr_attctc_th:2218) INFO: normalized log probability: -0.375260937302
2018-07-11 13:13:21,862 (asr_pytorch:468) INFO: groundtruth[1504-2_spk_1504_2_009594-010122]: 戛尻俏且倔朔俏爛咩由刺列鐲爛咩
2018-07-11 13:13:21,862 (asr_pytorch:469) INFO: prediction [1504-2_spk_1504_2_009594-010122]: 我就係上個月係爆咗用到分鐘教咗<eos>
2018-07-11 13:13:21,870 (e2e_asr_attctc_th:2977) INFO: BLSTMP input lengths: [173]
2018-07-11 13:13:22,101 (e2e_asr_attctc_th:2067) INFO: input lengths: 44
2018-07-11 13:13:22,102 (e2e_asr_attctc_th:2091) INFO: max output length: 44
2018-07-11 13:13:22,102 (e2e_asr_attctc_th:2092) INFO: min output length: 0
2018-07-11 13:13:24,391 (e2e_asr_attctc_th:2199) INFO: end detected at 23
2018-07-11 13:13:24,391 (e2e_asr_attctc_th:2217) INFO: total log probability: -15.6005121768
2018-07-11 13:13:24,391 (e2e_asr_attctc_th:2218) INFO: normalized log probability: -0.975032011047
2018-07-11 13:13:24,393 (asr_pytorch:468) INFO: groundtruth[1502-2_spk_1502_2_059716-059891]: 咋嚦緘潤用佬俏愈戛員尋彈WMQ危
2018-07-11 13:13:24,393 (asr_pytorch:469) INFO: prediction [1502-2_spk_1502_2_059716-059891]: 咁嚟噶通心你係想我哋將咗先劇<eos>
2018-07-11 13:13:24,411 (e2e_asr_attctc_th:2977) INFO: BLSTMP input lengths: [569]
2018-07-11 13:13:25,649 (e2e_asr_attctc_th:2067) INFO: input lengths: 143
2018-07-11 13:13:25,649 (e2e_asr_attctc_th:2091) INFO: max output length: 143
2018-07-11 13:13:25,650 (e2e_asr_attctc_th:2092) INFO: min output length: 0
2018-07-11 13:13:33,037 (e2e_asr_attctc_th:2206) INFO: no hypothesis. Finish decoding.
2018-07-11 13:13:33,038 (e2e_asr_attctc_th:2217) INFO: total log probability: -24.2949726668
2018-07-11 13:13:33,038 (e2e_asr_attctc_th:2218) INFO: normalized log probability: -0.639341385968
2018-07-11 13:13:33,039 (asr_pytorch:468) INFO: groundtruth[1504-2_spk_1504_2_096052-096623]: IVWQEVXSRI嗷倔霆誅佬唪服扚戛嗷倔霆誅喔佬扚戛呯倔霆誅戛解從<unk>奏喔
2018-07-11 13:13:33,039 (asr_pytorch:469) INFO: prediction [1504-2_spk_1504_2_096052-096623]: 誒不咁講一電話係你唔會打我嗰個年晚話你個大我呢個電話我覺得CHECK奇噶<eos>
2018-07-11 13:13:33,054 (e2e_asr_attctc_th:2977) INFO: BLSTMP input lengths: [252]
2018-07-11 13:13:33,568 (e2e_asr_attctc_th:2067) INFO: input lengths: 63
2018-07-11 13:13:33,568 (e2e_asr_attctc_th:2091) INFO: max output length: 63
2018-07-11 13:13:33,568 (e2e_asr_attctc_th:2092) INFO: min output length: 0
2018-07-11 13:13:35,759 (e2e_asr_attctc_th:2199) INFO: end detected at 18
2018-07-11 13:13:35,759 (e2e_asr_attctc_th:2217) INFO: total log probability: -8.76768307388
2018-07-11 13:13:35,759 (e2e_asr_attctc_th:2218) INFO: normalized log probability: -0.674437159529
2018-07-11 13:13:35,760 (asr_pytorch:468) INFO: groundtruth[1501-1_spk_1501_1_069682-069936]: 杖尖姚呈懵誆鄔仿伴悄㨃司
2018-07-11 13:13:35,760 (asr_pytorch:469) INFO: prediction [1501-1_spk_1501_1_069682-069936]: 你少少啊應該都仲休息個<eos>
2018-07-11 13:13:35,767 (e2e_asr_attctc_th:2977) INFO: BLSTMP input lengths: [19]
2018-07-11 13:13:35,800 (e2e_asr_attctc_th:2067) INFO: input lengths: 5
2018-07-11 13:13:35,800 (e2e_asr_attctc_th:2091) INFO: max output length: 5
2018-07-11 13:13:35,800 (e2e_asr_attctc_th:2092) INFO: min output length: 0
2018-07-11 13:13:35,953 (e2e_asr_attctc_th:2180) INFO: adding <eos> in the last postion in the loop
2018-07-11 13:13:35,953 (e2e_asr_attctc_th:2206) INFO: no hypothesis. Finish decoding.
2018-07-11 13:13:35,953 (e2e_asr_attctc_th:2217) INFO: total log probability: -1.09235574678
2018-07-11 13:13:35,953 (e2e_asr_attctc_th:2218) INFO: normalized log probability: -0.364118582259
2018-07-11 13:13:35,954 (asr_pytorch:468) INFO: groundtruth[1501-2_spk_1501_2_039616-039637]: 俏
2018-07-11 13:13:35,954 (asr_pytorch:469) INFO: prediction [1501-2_spk_1501_2_039616-039637]: 誒<eos>
2018-07-11 13:13:35,963 (e2e_asr_attctc_th:2977) INFO: BLSTMP input lengths: [372]
2018-07-11 13:13:36,433 (e2e_asr_attctc_th:2067) INFO: input lengths: 93
2018-07-11 13:13:36,433 (e2e_asr_attctc_th:2091) INFO: max output length: 93
2018-07-11 13:13:36,434 (e2e_asr_attctc_th:2092) INFO: min output length: 0
2018-07-11 13:13:39,410 (e2e_asr_attctc_th:2199) INFO: end detected at 29
2018-07-11 13:13:39,410 (e2e_asr_attctc_th:2217) INFO: total log probability: -11.3267165525
2018-07-11 13:13:39,410 (e2e_asr_attctc_th:2218) INFO: normalized log probability: -0.492465937065
2018-07-11 13:13:39,411 (asr_pytorch:468) INFO: groundtruth[1505-1_spk_1505_1_022936-023310]: 俏叄刺60刺90歧幅戛址宭付司件由刺旨逮庵
2018-07-11 13:13:39,411 (asr_pytorch:469) INFO: prediction [1505-1_spk_1505_1_022936-023310]: 係去到六十到九十精常我哋下仔可以用到嘅速度<eos>
2018-07-11 13:13:39,419 (e2e_asr_attctc_th:2977) INFO: BLSTMP input lengths: [56]
2018-07-11 13:13:39,501 (e2e_asr_attctc_th:2067) INFO: input lengths: 14
2018-07-11 13:13:39,501 (e2e_asr_attctc_th:2091) INFO: max output length: 14
2018-07-11 13:13:39,502 (e2e_asr_attctc_th:2092) INFO: min output length: 0
2018-07-11 13:13:40,032 (e2e_asr_attctc_th:2199) INFO: end detected at 11
2018-07-11 13:13:40,032 (e2e_asr_attctc_th:2217) INFO: total log probability: -3.17747282237
2018-07-11 13:13:40,032 (e2e_asr_attctc_th:2218) INFO: normalized log probability: -0.635494564474
2018-07-11 13:13:40,033 (asr_pytorch:468) INFO: groundtruth[1504-1_spk_1504_1_013725-013783]: 姚俏誅道差
2018-07-11 13:13:40,033 (asr_pytorch:469) INFO: prediction [1504-1_spk_1504_1_013725-013783]: 即華哥<eos>
2018-07-11 13:13:40,040 (e2e_asr_attctc_th:2977) INFO: BLSTMP input lengths: [146]
2018-07-11 13:13:40,236 (e2e_asr_attctc_th:2067) INFO: input lengths: 37
2018-07-11 13:13:40,236 (e2e_asr_attctc_th:2091) INFO: max output length: 37
2018-07-11 13:13:40,236 (e2e_asr_attctc_th:2092) INFO: min output length: 0
2018-07-11 13:13:41,442 (e2e_asr_attctc_th:2199) INFO: end detected at 17
2018-07-11 13:13:41,442 (e2e_asr_attctc_th:2217) INFO: total log probability: -11.0234600455
2018-07-11 13:13:41,442 (e2e_asr_attctc_th:2218) INFO: normalized log probability: -0.918621670455
2018-07-11 13:13:41,443 (asr_pytorch:468) INFO: groundtruth[4_spk_4_019556-019704]: 啖佬誅WIPP誅倔ETTW
2018-07-11 13:13:41,443 (asr_pytorch:469) INFO: prediction [4_spk_4_019556-019704]: 我哋你話錶嗰個話嗰一<eos>
2018-07-11 13:13:41,451 (e2e_asr_attctc_th:2977) INFO: BLSTMP input lengths: [96]
2018-07-11 13:13:41,586 (e2e_asr_attctc_th:2067) INFO: input lengths: 24
2018-07-11 13:13:41,586 (e2e_asr_attctc_th:2091) INFO: max output length: 24
2018-07-11 13:13:41,586 (e2e_asr_attctc_th:2092) INFO: min output length: 0
2018-07-11 13:13:42,439 (e2e_asr_attctc_th:2199) INFO: end detected at 14
2018-07-11 13:13:42,440 (e2e_asr_attctc_th:2217) INFO: total log probability: -5.29949916899
2018-07-11 13:13:42,440 (e2e_asr_attctc_th:2218) INFO: normalized log probability: -0.757071309856
2018-07-11 13:13:42,440 (asr_pytorch:468) INFO: groundtruth[3_spk_3_030932-031030]: 戛冗
2018-07-11 13:13:42,441 (asr_pytorch:469) INFO: prediction [3_spk_3_030932-031030]: 咁誒玩得我<eos>
2018-07-11 13:13:42,449 (e2e_asr_attctc_th:2977) INFO: BLSTMP input lengths: [375]
2018-07-11 13:13:42,925 (e2e_asr_attctc_th:2067) INFO: input lengths: 94
2018-07-11 13:13:42,925 (e2e_asr_attctc_th:2091) INFO: max output length: 94
2018-07-11 13:13:42,925 (e2e_asr_attctc_th:2092) INFO: min output length: 0
2018-07-11 13:13:45,454 (e2e_asr_attctc_th:2199) INFO: end detected at 24
2018-07-11 13:13:45,455 (e2e_asr_attctc_th:2217) INFO: total log probability: -17.6855078847
2018-07-11 13:13:45,455 (e2e_asr_attctc_th:2218) INFO: normalized log probability: -0.930816204459
2018-07-11 13:13:45,456 (asr_pytorch:468) INFO: groundtruth[12_spk_12_009496-009873]: 咋冀寫尻服B俏綺絨織忡嘍度丕喋
2018-07-11 13:13:45,456 (asr_pytorch:469) INFO: prediction [12_spk_12_009496-009873]: 咁其實就會係咪上落頭網我食網睇下啦<eos>
2018-07-11 13:13:45,468 (e2e_asr_attctc_th:2977) INFO: BLSTMP input lengths: [81]
2018-07-11 13:13:45,606 (e2e_asr_attctc_th:2067) INFO: input lengths: 21
2018-07-11 13:13:45,607 (e2e_asr_attctc_th:2091) INFO: max output length: 21
2018-07-11 13:13:45,607 (e2e_asr_attctc_th:2092) INFO: min output length: 0
2018-07-11 13:13:45,931 (e2e_asr_attctc_th:2206) INFO: no hypothesis. Finish decoding.
2018-07-11 13:13:45,931 (e2e_asr_attctc_th:2217) INFO: total log probability: -5.41064988077
2018-07-11 13:13:45,931 (e2e_asr_attctc_th:2218) INFO: normalized log probability: -0.901774980128
2018-07-11 13:13:45,931 (asr_pytorch:468) INFO: groundtruth[4_spk_4_009897-009980]: 9666
2018-07-11 13:13:45,932 (asr_pytorch:469) INFO: prediction [4_spk_4_009897-009980]: 九龍六六<eos>
2018-07-11 13:13:45,939 (e2e_asr_attctc_th:2977) INFO: BLSTMP input lengths: [198]
2018-07-11 13:13:46,197 (e2e_asr_attctc_th:2067) INFO: input lengths: 50
2018-07-11 13:13:46,197 (e2e_asr_attctc_th:2091) INFO: max output length: 50
2018-07-11 13:13:46,197 (e2e_asr_attctc_th:2092) INFO: min output length: 0
2018-07-11 13:13:46,966 (e2e_asr_attctc_th:2199) INFO: end detected at 12
2018-07-11 13:13:46,966 (e2e_asr_attctc_th:2217) INFO: total log probability: -2.74243950844
2018-07-11 13:13:46,966 (e2e_asr_attctc_th:2218) INFO: normalized log probability: -0.457073251406
2018-07-11 13:13:46,967 (asr_pytorch:468) INFO: groundtruth[3_spk_3_017210-017410]: 5805
2018-07-11 13:13:46,967 (asr_pytorch:469) INFO: prediction [3_spk_3_017210-017410]: 五百零五<eos>
2018-07-11 13:13:46,974 (e2e_asr_attctc_th:2977) INFO: BLSTMP input lengths: [30]
2018-07-11 13:13:47,026 (e2e_asr_attctc_th:2067) INFO: input lengths: 8
2018-07-11 13:13:47,026 (e2e_asr_attctc_th:2091) INFO: max output length: 8
2018-07-11 13:13:47,026 (e2e_asr_attctc_th:2092) INFO: min output length: 0
2018-07-11 13:13:47,331 (e2e_asr_attctc_th:2180) INFO: adding <eos> in the last postion in the loop
2018-07-11 13:13:47,331 (e2e_asr_attctc_th:2199) INFO: end detected at 7
2018-07-11 13:13:47,332 (e2e_asr_attctc_th:2217) INFO: total log probability: -0.071445834823
2018-07-11 13:13:47,332 (e2e_asr_attctc_th:2218) INFO: normalized log probability: -0.0238152782743
2018-07-11 13:13:47,332 (asr_pytorch:468) INFO: groundtruth[1501-1_spk_1501_1_081565-081597]: 俏
2018-07-11 13:13:47,333 (asr_pytorch:469) INFO: prediction [1501-1_spk_1501_1_081565-081597]: 係<eos>
2018-07-11 13:13:47,345 (e2e_asr_attctc_th:2977) INFO: BLSTMP input lengths: [198]
2018-07-11 13:13:47,607 (e2e_asr_attctc_th:2067) INFO: input lengths: 50
2018-07-11 13:13:47,608 (e2e_asr_attctc_th:2091) INFO: max output length: 50
2018-07-11 13:13:47,608 (e2e_asr_attctc_th:2092) INFO: min output length: 0
2018-07-11 13:13:48,318 (e2e_asr_attctc_th:2199) INFO: end detected at 10
2018-07-11 13:13:48,318 (e2e_asr_attctc_th:2217) INFO: total log probability: -0.549155390821
2018-07-11 13:13:48,318 (e2e_asr_attctc_th:2218) INFO: normalized log probability: -0.0915258984702
2018-07-11 13:13:48,319 (asr_pytorch:468) INFO: groundtruth[1501-2_spk_1501_2_029061-029261]: 戛耗<unk>倔
2018-07-11 13:13:48,319 (asr_pytorch:469) INFO: prediction [1501-2_spk_1501_2_029061-029261]: 我依傢個<eos>
2018-07-11 13:13:48,328 (e2e_asr_attctc_th:2977) INFO: BLSTMP input lengths: [383]
2018-07-11 13:13:49,061 (e2e_asr_attctc_th:2067) INFO: input lengths: 96
2018-07-11 13:13:49,062 (e2e_asr_attctc_th:2091) INFO: max output length: 96
2018-07-11 13:13:49,062 (e2e_asr_attctc_th:2092) INFO: min output length: 0
2018-07-11 13:13:52,796 (e2e_asr_attctc_th:2206) INFO: no hypothesis. Finish decoding.
2018-07-11 13:13:52,797 (e2e_asr_attctc_th:2217) INFO: total log probability: -9.28453815309
2018-07-11 13:13:52,797 (e2e_asr_attctc_th:2218) INFO: normalized log probability: -0.371381526124
2018-07-11 13:13:52,797 (asr_pytorch:468) INFO: groundtruth[3_spk_3_026064-026450]: 咋吔埗啯偎診司脇佬由咩三兮倔朔戡耐叄刺乸朔卉朔
2018-07-11 13:13:52,797 (asr_pytorch:469) INFO: prediction [3_spk_3_026064-026450]: 咁同埋啦假情可能你用咗一兩個月或者去到九條十月<eos>
2018-07-11 13:13:52,805 (e2e_asr_attctc_th:2977) INFO: BLSTMP input lengths: [19]
2018-07-11 13:13:52,840 (e2e_asr_attctc_th:2067) INFO: input lengths: 5
2018-07-11 13:13:52,840 (e2e_asr_attctc_th:2091) INFO: max output length: 5
2018-07-11 13:13:52,840 (e2e_asr_attctc_th:2092) INFO: min output length: 0
2018-07-11 13:13:53,001 (e2e_asr_attctc_th:2180) INFO: adding <eos> in the last postion in the loop
2018-07-11 13:13:53,002 (e2e_asr_attctc_th:2206) INFO: no hypothesis. Finish decoding.
2018-07-11 13:13:53,002 (e2e_asr_attctc_th:2217) INFO: total log probability: -0.849178195
2018-07-11 13:13:53,002 (e2e_asr_attctc_th:2218) INFO: normalized log probability: -0.283059398333
2018-07-11 13:13:53,003 (asr_pytorch:468) INFO: groundtruth[1501-2_spk_1501_2_013825-013846]: 俏
2018-07-11 13:13:53,003 (asr_pytorch:469) INFO: prediction [1501-2_spk_1501_2_013825-013846]: 係<eos>
2018-07-11 13:13:53,018 (e2e_asr_attctc_th:2977) INFO: BLSTMP input lengths: [306]
2018-07-11 13:13:53,631 (e2e_asr_attctc_th:2067) INFO: input lengths: 77
2018-07-11 13:13:53,632 (e2e_asr_attctc_th:2091) INFO: max output length: 77
2018-07-11 13:13:53,632 (e2e_asr_attctc_th:2092) INFO: min output length: 0
2018-07-11 13:13:56,828 (e2e_asr_attctc_th:2199) INFO: end detected at 21
2018-07-11 13:13:56,829 (e2e_asr_attctc_th:2217) INFO: total log probability: -8.48271980137
2018-07-11 13:13:56,829 (e2e_asr_attctc_th:2218) INFO: normalized log probability: -0.498983517727
2018-07-11 13:13:56,830 (asr_pytorch:468) INFO: groundtruth[1504-1_spk_1504_1_042832-043140]: 柳道佬夭榕扚序夥列鐲兒幺晏嗷刺
2018-07-11 13:13:56,830 (asr_pytorch:469) INFO: prediction [1504-1_spk_1504_1_042832-043140]: 查哥你大概打幾一分鐘先平時嗰度<eos>
2018-07-11 13:13:56,843 (e2e_asr_attctc_th:2977) INFO: BLSTMP input lengths: [87]
2018-07-11 13:13:57,030 (e2e_asr_attctc_th:2067) INFO: input lengths: 22
2018-07-11 13:13:57,031 (e2e_asr_attctc_th:2091) INFO: max output length: 22
2018-07-11 13:13:57,031 (e2e_asr_attctc_th:2092) INFO: min output length: 0
2018-07-11 13:13:57,400 (e2e_asr_attctc_th:2206) INFO: no hypothesis. Finish decoding.
2018-07-11 13:13:57,401 (e2e_asr_attctc_th:2217) INFO: total log probability: -3.14389426261
2018-07-11 13:13:57,401 (e2e_asr_attctc_th:2218) INFO: normalized log probability: -0.628778852522
2018-07-11 13:13:57,401 (asr_pytorch:468) INFO: groundtruth[1501-1_spk_1501_1_085852-085941]: 皂訢迫
2018-07-11 13:13:57,402 (asr_pytorch:469) INFO: prediction [1501-1_spk_1501_1_085852-085941]: 分幾關<eos>
2018-07-11 13:13:57,416 (e2e_asr_attctc_th:2977) INFO: BLSTMP input lengths: [215]
2018-07-11 13:13:57,842 (e2e_asr_attctc_th:2067) INFO: input lengths: 54
2018-07-11 13:13:57,843 (e2e_asr_attctc_th:2091) INFO: max output length: 54
2018-07-11 13:13:57,843 (e2e_asr_attctc_th:2092) INFO: min output length: 0
2018-07-11 13:14:00,041 (e2e_asr_attctc_th:2199) INFO: end detected at 19
2018-07-11 13:14:00,041 (e2e_asr_attctc_th:2217) INFO: total log probability: -10.2029351997
2018-07-11 13:14:00,041 (e2e_asr_attctc_th:2218) INFO: normalized log probability: -0.680195679981
2018-07-11 13:14:00,043 (asr_pytorch:468) INFO: groundtruth[1501-1_spk_1501_1_084269-084486]: 咋妍枱佬誅皂訢仇唪俏佬杉仇呯
2018-07-11 13:14:00,043 (asr_pytorch:469) INFO: prediction [1501-1_spk_1501_1_084269-084486]: 咁如果你話佢嘅人話你咁人呢<eos>
2018-07-11 13:14:00,051 (e2e_asr_attctc_th:2977) INFO: BLSTMP input lengths: [210]
2018-07-11 13:14:00,511 (e2e_asr_attctc_th:2067) INFO: input lengths: 53
2018-07-11 13:14:00,512 (e2e_asr_attctc_th:2091) INFO: max output length: 53
2018-07-11 13:14:00,512 (e2e_asr_attctc_th:2092) INFO: min output length: 0
2018-07-11 13:14:02,820 (e2e_asr_attctc_th:2206) INFO: no hypothesis. Finish decoding.
2018-07-11 13:14:02,821 (e2e_asr_attctc_th:2217) INFO: total log probability: -16.9621236213
2018-07-11 13:14:02,821 (e2e_asr_attctc_th:2218) INFO: normalized log probability: -0.997771977721
2018-07-11 13:14:02,822 (asr_pytorch:468) INFO: groundtruth[1503-1_spk_1503_1_087295-087507]: 筐陳閙佬服放刺石訒柎啯啖徘尖姚
2018-07-11 13:14:02,822 (asr_pytorch:469) INFO: prediction [1503-1_spk_1503_1_087295-087507]: 跟著間店會收到短信噶啦阿肥條仔<eos>
2018-07-11 13:14:02,836 (e2e_asr_attctc_th:2977) INFO: BLSTMP input lengths: [83]
2018-07-11 13:14:03,200 (e2e_asr_attctc_th:2067) INFO: input lengths: 21
2018-07-11 13:14:03,200 (e2e_asr_attctc_th:2091) INFO: max output length: 21
2018-07-11 13:14:03,200 (e2e_asr_attctc_th:2092) INFO: min output length: 0
2018-07-11 13:14:04,119 (e2e_asr_attctc_th:2199) INFO: end detected at 9
2018-07-11 13:14:04,120 (e2e_asr_attctc_th:2217) INFO: total log probability: -4.78807412833
2018-07-11 13:14:04,120 (e2e_asr_attctc_th:2218) INFO: normalized log probability: -1.19701853208
2018-07-11 13:14:04,121 (asr_pytorch:468) INFO: groundtruth[3_spk_3_010532-010617]: 256
2018-07-11 13:14:04,122 (asr_pytorch:469) INFO: prediction [3_spk_3_010532-010617]: 啲肉<eos>
2018-07-11 13:14:04,137 (e2e_asr_attctc_th:2977) INFO: BLSTMP input lengths: [275]
2018-07-11 13:14:05,115 (e2e_asr_attctc_th:2067) INFO: input lengths: 69
2018-07-11 13:14:05,116 (e2e_asr_attctc_th:2091) INFO: max output length: 69
2018-07-11 13:14:05,117 (e2e_asr_attctc_th:2092) INFO: min output length: 0
2018-07-11 13:14:09,022 (e2e_asr_attctc_th:2206) INFO: no hypothesis. Finish decoding.
2018-07-11 13:14:09,022 (e2e_asr_attctc_th:2217) INFO: total log probability: -12.6687929183
2018-07-11 13:14:09,022 (e2e_asr_attctc_th:2218) INFO: normalized log probability: -0.666778574646
2018-07-11 13:14:09,023 (asr_pytorch:468) INFO: groundtruth[1501-1_spk_1501_1_080545-080822]: 見吔井妍枱見逆WMQ尻見吔井嗄刺㨃啯
2018-07-11 13:14:09,024 (asr_pytorch:469) INFO: prediction [1501-1_spk_1501_1_080545-080822]: 因為同事如果係送清情會同事喺度噶啦<eos>
2018-07-11 13:14:09,038 (e2e_asr_attctc_th:2977) INFO: BLSTMP input lengths: [138]
2018-07-11 13:14:09,652 (e2e_asr_attctc_th:2067) INFO: input lengths: 35
2018-07-11 13:14:09,653 (e2e_asr_attctc_th:2091) INFO: max output length: 35
2018-07-11 13:14:09,653 (e2e_asr_attctc_th:2092) INFO: min output length: 0
2018-07-11 13:14:11,002 (e2e_asr_attctc_th:2199) INFO: end detected at 12
2018-07-11 13:14:11,002 (e2e_asr_attctc_th:2217) INFO: total log probability: -2.1086988803
2018-07-11 13:14:11,002 (e2e_asr_attctc_th:2218) INFO: normalized log probability: -0.301242697186
2018-07-11 13:14:11,004 (asr_pytorch:468) INFO: groundtruth[1501-1_spk_1501_1_082162-082302]: SO冏啞顔
2018-07-11 13:14:11,004 (asr_pytorch:469) INFO: prediction [1501-1_spk_1501_1_082162-082302]: OK冇問題<eos>
2018-07-11 13:14:11,021 (e2e_asr_attctc_th:2977) INFO: BLSTMP input lengths: [361]
2018-07-11 13:14:11,668 (e2e_asr_attctc_th:2067) INFO: input lengths: 91
2018-07-11 13:14:11,669 (e2e_asr_attctc_th:2091) INFO: max output length: 91
2018-07-11 13:14:11,669 (e2e_asr_attctc_th:2092) INFO: min output length: 0
2018-07-11 13:14:14,485 (e2e_asr_attctc_th:2206) INFO: no hypothesis. Finish decoding.
2018-07-11 13:14:14,485 (e2e_asr_attctc_th:2217) INFO: total log probability: -7.95764968777
2018-07-11 13:14:14,485 (e2e_asr_attctc_th:2218) INFO: normalized log probability: -0.442091649321
2018-07-11 13:14:14,486 (asr_pytorch:468) INFO: groundtruth[1505-1_spk_1505_1_060420-060783]: 咋戛址側從毯輓LMX旨呯鄔朕倔6KF俏
2018-07-11 13:14:14,486 (asr_pytorch:469) INFO: prediction [1505-1_spk_1505_1_060420-060783]: 咁我哋做得比較血著呢都有個錄嘅係<eos>
2018-07-11 13:14:14,495 (e2e_asr_attctc_th:2977) INFO: BLSTMP input lengths: [280]
2018-07-11 13:14:14,950 (e2e_asr_attctc_th:2067) INFO: input lengths: 70
2018-07-11 13:14:14,950 (e2e_asr_attctc_th:2091) INFO: max output length: 70
2018-07-11 13:14:14,950 (e2e_asr_attctc_th:2092) INFO: min output length: 0
2018-07-11 13:14:16,969 (e2e_asr_attctc_th:2206) INFO: no hypothesis. Finish decoding.
2018-07-11 13:14:16,969 (e2e_asr_attctc_th:2217) INFO: total log probability: -12.5083994099
2018-07-11 13:14:16,969 (e2e_asr_attctc_th:2218) INFO: normalized log probability: -0.781774963121
2018-07-11 13:14:16,970 (asr_pytorch:468) INFO: groundtruth[1504-1_spk_1504_1_054641-054924]: 9啖序蚧鈀嘢97蚧咒嘢差吃
2018-07-11 13:14:16,970 (asr_pytorch:469) INFO: prediction [1504-1_spk_1504_1_054641-054924]: 搞下幾蚊啫嘛九係七三啫嘛咗有<eos>
2018-07-11 13:14:16,978 (e2e_asr_attctc_th:2977) INFO: BLSTMP input lengths: [153]
2018-07-11 13:14:17,227 (e2e_asr_attctc_th:2067) INFO: input lengths: 39
2018-07-11 13:14:17,228 (e2e_asr_attctc_th:2091) INFO: max output length: 39
2018-07-11 13:14:17,228 (e2e_asr_attctc_th:2092) INFO: min output length: 0
2018-07-11 13:14:18,709 (e2e_asr_attctc_th:2199) INFO: end detected at 16
2018-07-11 13:14:18,710 (e2e_asr_attctc_th:2217) INFO: total log probability: -5.6215072351
2018-07-11 13:14:18,710 (e2e_asr_attctc_th:2218) INFO: normalized log probability: -0.56215072351
2018-07-11 13:14:18,712 (asr_pytorch:468) INFO: groundtruth[1502-2_spk_1502_2_077797-077952]: 刺晏戛員吔井服朕郷
2018-07-11 13:14:18,712 (asr_pytorch:469) INFO: prediction [1502-2_spk_1502_2_077797-077952]: 到時可以同小友度<eos>
2018-07-11 13:14:18,720 (e2e_asr_attctc_th:2977) INFO: BLSTMP input lengths: [87]
2018-07-11 13:14:18,887 (e2e_asr_attctc_th:2067) INFO: input lengths: 22
2018-07-11 13:14:18,888 (e2e_asr_attctc_th:2091) INFO: max output length: 22
2018-07-11 13:14:18,888 (e2e_asr_attctc_th:2092) INFO: min output length: 0
2018-07-11 13:14:19,651 (e2e_asr_attctc_th:2199) INFO: end detected at 10
2018-07-11 13:14:19,651 (e2e_asr_attctc_th:2217) INFO: total log probability: -0.279819256044
2018-07-11 13:14:19,651 (e2e_asr_attctc_th:2218) INFO: normalized log probability: -0.046636542674
2018-07-11 13:14:19,652 (asr_pytorch:468) INFO: groundtruth[1501-1_spk_1501_1_010531-010620]: 俏啯俏啯
2018-07-11 13:14:19,652 (asr_pytorch:469) INFO: prediction [1501-1_spk_1501_1_010531-010620]: 係啦係咯<eos>
2018-07-11 13:14:19,661 (e2e_asr_attctc_th:2977) INFO: BLSTMP input lengths: [260]
2018-07-11 13:14:20,011 (e2e_asr_attctc_th:2067) INFO: input lengths: 65
2018-07-11 13:14:20,012 (e2e_asr_attctc_th:2091) INFO: max output length: 65
2018-07-11 13:14:20,012 (e2e_asr_attctc_th:2092) INFO: min output length: 0
2018-07-11 13:14:22,411 (e2e_asr_attctc_th:2199) INFO: end detected at 21
2018-07-11 13:14:22,411 (e2e_asr_attctc_th:2217) INFO: total log probability: -18.6077599227
2018-07-11 13:14:22,411 (e2e_asr_attctc_th:2218) INFO: normalized log probability: -1.16298499517
2018-07-11 13:14:22,413 (asr_pytorch:468) INFO: groundtruth[12_spk_12_067752-068014]: 仕晟12黴得葦誅司件用敖考
2018-07-11 13:14:22,413 (asr_pytorch:469) INFO: prediction [12_spk_12_067752-068014]: 三十兩年十十食真係十三十幾蚊<eos>
2018-07-11 13:14:22,421 (e2e_asr_attctc_th:2977) INFO: BLSTMP input lengths: [190]
2018-07-11 13:14:22,673 (e2e_asr_attctc_th:2067) INFO: input lengths: 48
2018-07-11 13:14:22,674 (e2e_asr_attctc_th:2091) INFO: max output length: 48
2018-07-11 13:14:22,674 (e2e_asr_attctc_th:2092) INFO: min output length: 0
2018-07-11 13:14:24,289 (e2e_asr_attctc_th:2199) INFO: end detected at 16
2018-07-11 13:14:24,289 (e2e_asr_attctc_th:2217) INFO: total log probability: -2.05633961776
2018-07-11 13:14:24,289 (e2e_asr_attctc_th:2218) INFO: normalized log probability: -0.186939965251
2018-07-11 13:14:24,291 (asr_pytorch:468) INFO: groundtruth[4_spk_4_018130-018322]: 俏咋䦕董咩佰乒得啯
2018-07-11 13:14:24,291 (asr_pytorch:469) INFO: prediction [4_spk_4_018130-018322]: 係咁咁著咗佢之後啦<eos>
2018-07-11 13:14:24,298 (e2e_asr_attctc_th:2977) INFO: BLSTMP input lengths: [86]
2018-07-11 13:14:24,437 (e2e_asr_attctc_th:2067) INFO: input lengths: 22
2018-07-11 13:14:24,437 (e2e_asr_attctc_th:2091) INFO: max output length: 22
2018-07-11 13:14:24,438 (e2e_asr_attctc_th:2092) INFO: min output length: 0
2018-07-11 13:14:24,905 (e2e_asr_attctc_th:2199) INFO: end detected at 7
2018-07-11 13:14:24,905 (e2e_asr_attctc_th:2217) INFO: total log probability: -0.0512617658824
2018-07-11 13:14:24,905 (e2e_asr_attctc_th:2218) INFO: normalized log probability: -0.0170872552941
2018-07-11 13:14:24,906 (asr_pytorch:468) INFO: groundtruth[1503-1_spk_1503_1_010884-010972]: 俏
2018-07-11 13:14:24,906 (asr_pytorch:469) INFO: prediction [1503-1_spk_1503_1_010884-010972]: 係<eos>
2018-07-11 13:14:24,915 (e2e_asr_attctc_th:2977) INFO: BLSTMP input lengths: [388]
2018-07-11 13:14:25,443 (e2e_asr_attctc_th:2067) INFO: input lengths: 97
2018-07-11 13:14:25,443 (e2e_asr_attctc_th:2091) INFO: max output length: 97
2018-07-11 13:14:25,444 (e2e_asr_attctc_th:2092) INFO: min output length: 0
2018-07-11 13:14:28,616 (e2e_asr_attctc_th:2206) INFO: no hypothesis. Finish decoding.
2018-07-11 13:14:28,617 (e2e_asr_attctc_th:2217) INFO: total log probability: -15.0420510378
2018-07-11 13:14:28,617 (e2e_asr_attctc_th:2218) INFO: normalized log probability: -0.654002219034
2018-07-11 13:14:28,617 (asr_pytorch:468) INFO: groundtruth[1504-1_spk_1504_1_064496-064886]: 咋戛址斌磋速呯妍枱NSMR<unk>庸TPER呯眯俏戛址<unk>差倔SJJIV
2018-07-11 13:14:28,617 (asr_pytorch:469) INFO: prediction [1504-1_spk_1504_1_064496-064886]: 咁我哋送馬通呢個再加停聽啊今日我哋齣咗攞法<eos>
2018-07-11 13:14:28,625 (e2e_asr_attctc_th:2977) INFO: BLSTMP input lengths: [198]
2018-07-11 13:14:28,903 (e2e_asr_attctc_th:2067) INFO: input lengths: 50
2018-07-11 13:14:28,903 (e2e_asr_attctc_th:2091) INFO: max output length: 50
2018-07-11 13:14:28,903 (e2e_asr_attctc_th:2092) INFO: min output length: 0
2018-07-11 13:14:30,575 (e2e_asr_attctc_th:2199) INFO: end detected at 17
2018-07-11 13:14:30,575 (e2e_asr_attctc_th:2217) INFO: total log probability: -9.41759934649
2018-07-11 13:14:30,575 (e2e_asr_attctc_th:2218) INFO: normalized log probability: -0.784799945541
2018-07-11 13:14:30,576 (asr_pytorch:468) INFO: groundtruth[12_spk_12_011343-011543]: 俏夥10濛嘍斌擢卿筐族毛
2018-07-11 13:14:30,576 (asr_pytorch:469) INFO: prediction [12_spk_12_011343-011543]: 哦十幾隻數據誒等條妹<eos>
2018-07-11 13:14:30,584 (e2e_asr_attctc_th:2977) INFO: BLSTMP input lengths: [235]
2018-07-11 13:14:30,899 (e2e_asr_attctc_th:2067) INFO: input lengths: 59
2018-07-11 13:14:30,899 (e2e_asr_attctc_th:2091) INFO: max output length: 59
2018-07-11 13:14:30,899 (e2e_asr_attctc_th:2092) INFO: min output length: 0
2018-07-11 13:14:31,935 (e2e_asr_attctc_th:2206) INFO: no hypothesis. Finish decoding.
2018-07-11 13:14:31,935 (e2e_asr_attctc_th:2217) INFO: total log probability: -5.07357935188
2018-07-11 13:14:31,935 (e2e_asr_attctc_th:2218) INFO: normalized log probability: -0.507357935188
2018-07-11 13:14:31,936 (asr_pytorch:468) INFO: groundtruth[1502-2_spk_1502_2_079243-079480]: 俏啯咋召夢嘍誅尻
2018-07-11 13:14:31,936 (asr_pytorch:469) INFO: prediction [1502-2_spk_1502_2_079243-079480]: 係啊咁另外嘅玩就<eos>
2018-07-11 13:14:31,944 (e2e_asr_attctc_th:2977) INFO: BLSTMP input lengths: [234]
2018-07-11 13:14:32,255 (e2e_asr_attctc_th:2067) INFO: input lengths: 59
2018-07-11 13:14:32,255 (e2e_asr_attctc_th:2091) INFO: max output length: 59
2018-07-11 13:14:32,255 (e2e_asr_attctc_th:2092) INFO: min output length: 0
2018-07-11 13:14:33,876 (e2e_asr_attctc_th:2206) INFO: no hypothesis. Finish decoding.
2018-07-11 13:14:33,876 (e2e_asr_attctc_th:2217) INFO: total log probability: -11.3851614781
2018-07-11 13:14:33,876 (e2e_asr_attctc_th:2218) INFO: normalized log probability: -0.759010765205
2018-07-11 13:14:33,877 (asr_pytorch:468) INFO: groundtruth[1504-1_spk_1504_1_088456-088692]: 囹烕B<unk>屌寵額戛件剛鄔朕側道
2018-07-11 13:14:33,877 (asr_pytorch:469) INFO: prediction [1504-1_spk_1504_1_088456-088692]: 因為誒傢佢歡民海見到佢做過<eos>
2018-07-11 13:14:33,884 (e2e_asr_attctc_th:2977) INFO: BLSTMP input lengths: [80]
2018-07-11 13:14:33,997 (e2e_asr_attctc_th:2067) INFO: input lengths: 20
2018-07-11 13:14:33,997 (e2e_asr_attctc_th:2091) INFO: max output length: 20
2018-07-11 13:14:33,997 (e2e_asr_attctc_th:2092) INFO: min output length: 0
2018-07-11 13:14:34,622 (e2e_asr_attctc_th:2199) INFO: end detected at 9
2018-07-11 13:14:34,623 (e2e_asr_attctc_th:2217) INFO: total log probability: -0.0613361501601
2018-07-11 13:14:34,623 (e2e_asr_attctc_th:2218) INFO: normalized log probability: -0.012267230032
2018-07-11 13:14:34,624 (asr_pytorch:468) INFO: groundtruth[1501-1_spk_1501_1_026250-026332]: 咋冀寫
2018-07-11 13:14:34,624 (asr_pytorch:469) INFO: prediction [1501-1_spk_1501_1_026250-026332]: 咁其實<eos>
2018-07-11 13:14:34,632 (e2e_asr_attctc_th:2977) INFO: BLSTMP input lengths: [170]
2018-07-11 13:14:34,870 (e2e_asr_attctc_th:2067) INFO: input lengths: 43
2018-07-11 13:14:34,870 (e2e_asr_attctc_th:2091) INFO: max output length: 43
2018-07-11 13:14:34,870 (e2e_asr_attctc_th:2092) INFO: min output length: 0
2018-07-11 13:14:36,511 (e2e_asr_attctc_th:2199) INFO: end detected at 18
2018-07-11 13:14:36,512 (e2e_asr_attctc_th:2217) INFO: total log probability: -7.02708980814
2018-07-11 13:14:36,512 (e2e_asr_attctc_th:2218) INFO: normalized log probability: -0.638826346194
2018-07-11 13:14:36,513 (asr_pytorch:468) INFO: groundtruth[3_spk_3_051279-051452]: 卿俏戛反唪俏誅乳嘮
2018-07-11 13:14:36,513 (asr_pytorch:469) INFO: prediction [3_spk_3_051279-051452]: 所以我又唔係話乜嘢<eos>
2018-07-11 13:14:36,521 (e2e_asr_attctc_th:2977) INFO: BLSTMP input lengths: [238]
2018-07-11 13:14:36,849 (e2e_asr_attctc_th:2067) INFO: input lengths: 60
2018-07-11 13:14:36,849 (e2e_asr_attctc_th:2091) INFO: max output length: 60
2018-07-11 13:14:36,849 (e2e_asr_attctc_th:2092) INFO: min output length: 0
2018-07-11 13:14:38,490 (e2e_asr_attctc_th:2199) INFO: end detected at 17
2018-07-11 13:14:38,490 (e2e_asr_attctc_th:2217) INFO: total log probability: -10.9087649733
2018-07-11 13:14:38,490 (e2e_asr_attctc_th:2218) INFO: normalized log probability: -0.991705906662
2018-07-11 13:14:38,491 (asr_pytorch:468) INFO: groundtruth[1501-2_spk_1501_2_080648-080888]: B哭見吔井嗄刺
2018-07-11 13:14:38,491 (asr_pytorch:469) INFO: prediction [1501-2_spk_1501_2_080648-080888]: 誒啱嘅大仔都係唔係<eos>
2018-07-11 13:14:38,499 (e2e_asr_attctc_th:2977) INFO: BLSTMP input lengths: [186]
2018-07-11 13:14:38,748 (e2e_asr_attctc_th:2067) INFO: input lengths: 47
2018-07-11 13:14:38,748 (e2e_asr_attctc_th:2091) INFO: max output length: 47
2018-07-11 13:14:38,748 (e2e_asr_attctc_th:2092) INFO: min output length: 0
2018-07-11 13:14:40,549 (e2e_asr_attctc_th:2199) INFO: end detected at 18
2018-07-11 13:14:40,549 (e2e_asr_attctc_th:2217) INFO: total log probability: -1.50402719667
2018-07-11 13:14:40,549 (e2e_asr_attctc_th:2218) INFO: normalized log probability: -0.107430514048
2018-07-11 13:14:40,551 (asr_pytorch:468) INFO: groundtruth[1502-2_spk_1502_2_055582-055770]: 啵俏佬司件毯啼幺牛霆腰呈
2018-07-11 13:14:40,551 (asr_pytorch:469) INFO: prediction [1502-2_spk_1502_2_055582-055770]: 即係你可以俾啲平闆電腦啊<eos>
2018-07-11 13:14:40,559 (e2e_asr_attctc_th:2977) INFO: BLSTMP input lengths: [304]
2018-07-11 13:14:40,968 (e2e_asr_attctc_th:2067) INFO: input lengths: 76
2018-07-11 13:14:40,968 (e2e_asr_attctc_th:2091) INFO: max output length: 76
2018-07-11 13:14:40,968 (e2e_asr_attctc_th:2092) INFO: min output length: 0
2018-07-11 13:14:44,343 (e2e_asr_attctc_th:2199) INFO: end detected at 27
2018-07-11 13:14:44,343 (e2e_asr_attctc_th:2217) INFO: total log probability: -9.30265272036
2018-07-11 13:14:44,343 (e2e_asr_attctc_th:2218) INFO: normalized log probability: -0.465132636018
2018-07-11 13:14:44,345 (asr_pytorch:468) INFO: groundtruth[1505-1_spk_1505_1_014211-014516]: 咋<unk>世道佬WLS_考<unk>黒嗷倔綺絨討穢旅<unk>呯
2018-07-11 13:14:44,345 (asr_pytorch:469) INFO: prediction [1505-1_spk_1505_1_014211-014516]: 咁隻不過你蘇翻齣嚟嗰個網動細識方麵啦<eos>
2018-07-11 13:14:44,352 (e2e_asr_attctc_th:2977) INFO: BLSTMP input lengths: [96]
2018-07-11 13:14:44,494 (e2e_asr_attctc_th:2067) INFO: input lengths: 24
2018-07-11 13:14:44,494 (e2e_asr_attctc_th:2091) INFO: max output length: 24
2018-07-11 13:14:44,494 (e2e_asr_attctc_th:2092) INFO: min output length: 0
2018-07-11 13:14:45,465 (e2e_asr_attctc_th:2199) INFO: end detected at 12
2018-07-11 13:14:45,465 (e2e_asr_attctc_th:2217) INFO: total log probability: -4.71292102337
2018-07-11 13:14:45,466 (e2e_asr_attctc_th:2218) INFO: normalized log probability: -0.785486837228
2018-07-11 13:14:45,467 (asr_pytorch:468) INFO: groundtruth[12_spk_12_014772-014871]: 院逮柎
2018-07-11 13:14:45,467 (asr_pytorch:469) INFO: prediction [12_spk_12_014772-014871]: 人齣去啦<eos>
2018-07-11 13:14:45,475 (e2e_asr_attctc_th:2977) INFO: BLSTMP input lengths: [209]
2018-07-11 13:14:45,777 (e2e_asr_attctc_th:2067) INFO: input lengths: 53
2018-07-11 13:14:45,778 (e2e_asr_attctc_th:2091) INFO: max output length: 53
2018-07-11 13:14:45,778 (e2e_asr_attctc_th:2092) INFO: min output length: 0
2018-07-11 13:14:47,610 (e2e_asr_attctc_th:2199) INFO: end detected at 17
2018-07-11 13:14:47,610 (e2e_asr_attctc_th:2217) INFO: total log probability: -6.35223140381
2018-07-11 13:14:47,610 (e2e_asr_attctc_th:2218) INFO: normalized log probability: -0.488633184909
2018-07-11 13:14:47,611 (asr_pytorch:468) INFO: groundtruth[1501-1_spk_1501_1_033050-033261]: 戛員呯邕呯放齡哈賒斥呯
2018-07-11 13:14:47,612 (asr_pytorch:469) INFO: prediction [1501-1_spk_1501_1_033050-033261]: 我哋啲記得收齊曬資料咯<eos>
2018-07-11 13:14:47,619 (e2e_asr_attctc_th:2977) INFO: BLSTMP input lengths: [76]
2018-07-11 13:14:47,734 (e2e_asr_attctc_th:2067) INFO: input lengths: 19
2018-07-11 13:14:47,735 (e2e_asr_attctc_th:2091) INFO: max output length: 19
2018-07-11 13:14:47,735 (e2e_asr_attctc_th:2092) INFO: min output length: 0
2018-07-11 13:14:48,700 (e2e_asr_attctc_th:2199) INFO: end detected at 13
2018-07-11 13:14:48,701 (e2e_asr_attctc_th:2217) INFO: total log probability: -3.49534127116
2018-07-11 13:14:48,701 (e2e_asr_attctc_th:2218) INFO: normalized log probability: -0.499334467309
2018-07-11 13:14:48,702 (asr_pytorch:468) INFO: groundtruth[1502-2_spk_1502_2_032288-032366]: 佰放從唪妊
2018-07-11 13:14:48,702 (asr_pytorch:469) INFO: prediction [1502-2_spk_1502_2_032288-032366]: 佢參加唔好<eos>
2018-07-11 13:14:48,711 (e2e_asr_attctc_th:2977) INFO: BLSTMP input lengths: [280]
2018-07-11 13:14:49,076 (e2e_asr_attctc_th:2067) INFO: input lengths: 70
2018-07-11 13:14:49,077 (e2e_asr_attctc_th:2091) INFO: max output length: 70
2018-07-11 13:14:49,077 (e2e_asr_attctc_th:2092) INFO: min output length: 0
2018-07-11 13:14:51,243 (e2e_asr_attctc_th:2199) INFO: end detected at 18
2018-07-11 13:14:51,243 (e2e_asr_attctc_th:2217) INFO: total log probability: -8.5242009107
2018-07-11 13:14:51,243 (e2e_asr_attctc_th:2218) INFO: normalized log probability: -0.608871493622
2018-07-11 13:14:51,244 (asr_pytorch:468) INFO: groundtruth[12_spk_12_060865-061147]: 跨何戛4蚊冗吔啖QSRI~冗
2018-07-11 13:14:51,244 (asr_pytorch:469) INFO: prediction [12_spk_12_060865-061147]: 跟著我一定好再同阿媽咪就<eos>
2018-07-11 13:14:51,252 (e2e_asr_attctc_th:2977) INFO: BLSTMP input lengths: [121]
2018-07-11 13:14:51,422 (e2e_asr_attctc_th:2067) INFO: input lengths: 31
2018-07-11 13:14:51,423 (e2e_asr_attctc_th:2091) INFO: max output length: 31
2018-07-11 13:14:51,423 (e2e_asr_attctc_th:2092) INFO: min output length: 0
2018-07-11 13:14:52,567 (e2e_asr_attctc_th:2199) INFO: end detected at 12
2018-07-11 13:14:52,567 (e2e_asr_attctc_th:2217) INFO: total log probability: -4.6000276152
2018-07-11 13:14:52,567 (e2e_asr_attctc_th:2218) INFO: normalized log probability: -0.575003451901
2018-07-11 13:14:52,568 (asr_pytorch:468) INFO: groundtruth[1504-1_spk_1504_1_006113-006236]: 嗷倔然院伊由旨
2018-07-11 13:14:52,568 (asr_pytorch:469) INFO: prediction [1504-1_spk_1504_1_006113-006236]: 幫我玩飲飲嘅<eos>
2018-07-11 13:14:52,578 (e2e_asr_attctc_th:2977) INFO: BLSTMP input lengths: [566]
2018-07-11 13:14:53,350 (e2e_asr_attctc_th:2067) INFO: input lengths: 142
2018-07-11 13:14:53,351 (e2e_asr_attctc_th:2091) INFO: max output length: 142
2018-07-11 13:14:53,351 (e2e_asr_attctc_th:2092) INFO: min output length: 0
2018-07-11 13:15:00,546 (e2e_asr_attctc_th:2199) INFO: end detected at 43
2018-07-11 13:15:00,546 (e2e_asr_attctc_th:2217) INFO: total log probability: -29.9191915393
2018-07-11 13:15:00,546 (e2e_asr_attctc_th:2218) INFO: normalized log probability: -0.808626798359
2018-07-11 13:15:00,547 (asr_pytorch:468) INFO: groundtruth[1503-1_spk_1503_1_073564-074132]: 咋戛址吔井三擀八叄倔<unk>絹尻服睛迫呯尻服幹佬側迫呯256蚧嗷倔朔賀
2018-07-11 13:15:00,547 (asr_pytorch:469) INFO: prediction [1503-1_spk_1503_1_073564-074132]: 等我哋頭先一下就去我係咁同睇翻呢佢就會當你做翻二啊唔係攞個嗰陣時嗰個字<eos>
2018-07-11 13:15:00,555 (e2e_asr_attctc_th:2977) INFO: BLSTMP input lengths: [198]
2018-07-11 13:15:00,822 (e2e_asr_attctc_th:2067) INFO: input lengths: 50
2018-07-11 13:15:00,822 (e2e_asr_attctc_th:2091) INFO: max output length: 50
2018-07-11 13:15:00,822 (e2e_asr_attctc_th:2092) INFO: min output length: 0
2018-07-11 13:15:02,430 (e2e_asr_attctc_th:2199) INFO: end detected at 16
2018-07-11 13:15:02,430 (e2e_asr_attctc_th:2217) INFO: total log probability: -6.64120703191
2018-07-11 13:15:02,430 (e2e_asr_attctc_th:2218) INFO: normalized log probability: -0.60374609381
2018-07-11 13:15:02,431 (asr_pytorch:468) INFO: groundtruth[1501-1_spk_1501_1_000776-000976]: 愈睛迫冀寫杖尖姚B
2018-07-11 13:15:02,431 (asr_pytorch:469) INFO: prediction [1501-1_spk_1501_1_000776-000976]: 想睇翻其實你知佢誒<eos>
2018-07-11 13:15:02,439 (e2e_asr_attctc_th:2977) INFO: BLSTMP input lengths: [218]
2018-07-11 13:15:02,752 (e2e_asr_attctc_th:2067) INFO: input lengths: 55
2018-07-11 13:15:02,753 (e2e_asr_attctc_th:2091) INFO: max output length: 55
2018-07-11 13:15:02,753 (e2e_asr_attctc_th:2092) INFO: min output length: 0
2018-07-11 13:15:05,123 (e2e_asr_attctc_th:2199) INFO: end detected at 22
2018-07-11 13:15:05,123 (e2e_asr_attctc_th:2217) INFO: total log probability: -9.07625246793
2018-07-11 13:15:05,123 (e2e_asr_attctc_th:2218) INFO: normalized log probability: -0.567265779246
2018-07-11 13:15:05,124 (asr_pytorch:468) INFO: groundtruth[1503-1_spk_1503_1_065738-065958]: 姚俏倔<unk>絹服毯三倔朋迪旨戳斌旬戛址宭扁
2018-07-11 13:15:05,124 (asr_pytorch:469) INFO: prediction [1503-1_spk_1503_1_065738-065958]: 即係佢係佢會一個最近先佢有有<eos>
2018-07-11 13:15:05,132 (e2e_asr_attctc_th:2977) INFO: BLSTMP input lengths: [88]
2018-07-11 13:15:05,266 (e2e_asr_attctc_th:2067) INFO: input lengths: 22
2018-07-11 13:15:05,266 (e2e_asr_attctc_th:2091) INFO: max output length: 22
2018-07-11 13:15:05,266 (e2e_asr_attctc_th:2092) INFO: min output length: 0
2018-07-11 13:15:05,597 (e2e_asr_attctc_th:2206) INFO: no hypothesis. Finish decoding.
2018-07-11 13:15:05,597 (e2e_asr_attctc_th:2217) INFO: total log probability: -4.98362433678
2018-07-11 13:15:05,597 (e2e_asr_attctc_th:2218) INFO: normalized log probability: -0.996724867355
2018-07-11 13:15:05,598 (asr_pytorch:468) INFO: groundtruth[8_spk_8_018972-019062]: 放_LEXWETT
2018-07-11 13:15:05,598 (asr_pytorch:469) INFO: prediction [8_spk_8_018972-019062]: 落畫隻<eos>
2018-07-11 13:15:05,606 (e2e_asr_attctc_th:2977) INFO: BLSTMP input lengths: [158]
2018-07-11 13:15:05,837 (e2e_asr_attctc_th:2067) INFO: input lengths: 40
2018-07-11 13:15:05,838 (e2e_asr_attctc_th:2091) INFO: max output length: 40
2018-07-11 13:15:05,838 (e2e_asr_attctc_th:2092) INFO: min output length: 0
2018-07-11 13:15:07,647 (e2e_asr_attctc_th:2199) INFO: end detected at 18
2018-07-11 13:15:07,647 (e2e_asr_attctc_th:2217) INFO: total log probability: -9.81642416678
2018-07-11 13:15:07,647 (e2e_asr_attctc_th:2218) INFO: normalized log probability: -0.755109551291
2018-07-11 13:15:07,648 (asr_pytorch:468) INFO: groundtruth[1502-2_spk_1502_2_003511-003672]: 咋戛員WQEVXSRI呯邕啯
2018-07-11 13:15:07,648 (asr_pytorch:469) INFO: prediction [1502-2_spk_1502_2_003511-003672]: 咁我哋SORT通你點啦<eos>
2018-07-11 13:15:07,656 (e2e_asr_attctc_th:2977) INFO: BLSTMP input lengths: [64]
2018-07-11 13:15:07,757 (e2e_asr_attctc_th:2067) INFO: input lengths: 16
2018-07-11 13:15:07,757 (e2e_asr_attctc_th:2091) INFO: max output length: 16
2018-07-11 13:15:07,757 (e2e_asr_attctc_th:2092) INFO: min output length: 0
2018-07-11 13:15:08,332 (e2e_asr_attctc_th:2206) INFO: no hypothesis. Finish decoding.
2018-07-11 13:15:08,332 (e2e_asr_attctc_th:2217) INFO: total log probability: -0.756254447158
2018-07-11 13:15:08,332 (e2e_asr_attctc_th:2218) INFO: normalized log probability: -0.108036349594
2018-07-11 13:15:08,332 (asr_pytorch:468) INFO: groundtruth[1502-2_spk_1502_2_016187-016253]: 乒得戛員尻
2018-07-11 13:15:08,333 (asr_pytorch:469) INFO: prediction [1502-2_spk_1502_2_016187-016253]: 之後我哋就<eos>
2018-07-11 13:15:08,340 (e2e_asr_attctc_th:2977) INFO: BLSTMP input lengths: [179]
2018-07-11 13:15:08,600 (e2e_asr_attctc_th:2067) INFO: input lengths: 45
2018-07-11 13:15:08,601 (e2e_asr_attctc_th:2091) INFO: max output length: 45
2018-07-11 13:15:08,601 (e2e_asr_attctc_th:2092) INFO: min output length: 0
2018-07-11 13:15:10,378 (e2e_asr_attctc_th:2199) INFO: end detected at 17
2018-07-11 13:15:10,378 (e2e_asr_attctc_th:2217) INFO: total log probability: -6.75717629585
2018-07-11 13:15:10,378 (e2e_asr_attctc_th:2218) INFO: normalized log probability: -0.563098024655
2018-07-11 13:15:10,379 (asr_pytorch:468) INFO: groundtruth[1501-1_spk_1501_1_089077-089258]: 咋佬刺晏吔佰尻埗倔晏閙
2018-07-11 13:15:10,380 (asr_pytorch:469) INFO: prediction [1501-1_spk_1501_1_089077-089258]: 咁你到全同就翻到時間<eos>
2018-07-11 13:15:10,388 (e2e_asr_attctc_th:2977) INFO: BLSTMP input lengths: [198]
2018-07-11 13:15:10,680 (e2e_asr_attctc_th:2067) INFO: input lengths: 50
2018-07-11 13:15:10,680 (e2e_asr_attctc_th:2091) INFO: max output length: 50
2018-07-11 13:15:10,680 (e2e_asr_attctc_th:2092) INFO: min output length: 0
2018-07-11 13:15:11,582 (e2e_asr_attctc_th:2199) INFO: end detected at 12
2018-07-11 13:15:11,582 (e2e_asr_attctc_th:2217) INFO: total log probability: -1.91782921553
2018-07-11 13:15:11,583 (e2e_asr_attctc_th:2218) INFO: normalized log probability: -0.383565843105
2018-07-11 13:15:11,584 (asr_pytorch:468) INFO: groundtruth[12_spk_12_062126-062326]: 哭哭哭
2018-07-11 13:15:11,584 (asr_pytorch:469) INFO: prediction [12_spk_12_062126-062326]: 哦哦哦<eos>
2018-07-11 13:15:11,592 (e2e_asr_attctc_th:2977) INFO: BLSTMP input lengths: [258]
2018-07-11 13:15:11,952 (e2e_asr_attctc_th:2067) INFO: input lengths: 65
2018-07-11 13:15:11,952 (e2e_asr_attctc_th:2091) INFO: max output length: 65
2018-07-11 13:15:11,952 (e2e_asr_attctc_th:2092) INFO: min output length: 0
2018-07-11 13:15:13,095 (e2e_asr_attctc_th:2206) INFO: no hypothesis. Finish decoding.
2018-07-11 13:15:13,096 (e2e_asr_attctc_th:2217) INFO: total log probability: -6.22971230932
2018-07-11 13:15:13,096 (e2e_asr_attctc_th:2218) INFO: normalized log probability: -0.622971230932
2018-07-11 13:15:13,096 (asr_pytorch:468) INFO: groundtruth[1503-1_spk_1503_1_048350-048610]: 俏冏鍋冏鍋俏啯
2018-07-11 13:15:13,097 (asr_pytorch:469) INFO: prediction [1503-1_spk_1503_1_048350-048610]: 係冇好彩冇放係啦<eos>
2018-07-11 13:15:13,105 (e2e_asr_attctc_th:2977) INFO: BLSTMP input lengths: [275]
2018-07-11 13:15:13,487 (e2e_asr_attctc_th:2067) INFO: input lengths: 69
2018-07-11 13:15:13,488 (e2e_asr_attctc_th:2091) INFO: max output length: 69
2018-07-11 13:15:13,488 (e2e_asr_attctc_th:2092) INFO: min output length: 0
2018-07-11 13:15:16,591 (e2e_asr_attctc_th:2199) INFO: end detected at 24
2018-07-11 13:15:16,591 (e2e_asr_attctc_th:2217) INFO: total log probability: -12.4244630381
2018-07-11 13:15:16,591 (e2e_asr_attctc_th:2218) INFO: normalized log probability: -0.621223151905
2018-07-11 13:15:16,593 (asr_pytorch:468) INFO: groundtruth[3_spk_3_045584-045861]: 咋囤KF嘍誅呯冀寫佰尻亙皆三卉共蚧嘍姚
2018-07-11 13:15:16,593 (asr_pytorch:469) INFO: prediction [3_spk_3_045584-045861]: 咁細經就話啦其實佢上次翻一十八蚊噶曬<eos>
2018-07-11 13:15:16,602 (e2e_asr_attctc_th:2977) INFO: BLSTMP input lengths: [120]
2018-07-11 13:15:16,782 (e2e_asr_attctc_th:2067) INFO: input lengths: 30
2018-07-11 13:15:16,782 (e2e_asr_attctc_th:2091) INFO: max output length: 30
2018-07-11 13:15:16,782 (e2e_asr_attctc_th:2092) INFO: min output length: 0
2018-07-11 13:15:17,643 (e2e_asr_attctc_th:2199) INFO: end detected at 12
2018-07-11 13:15:17,643 (e2e_asr_attctc_th:2217) INFO: total log probability: -4.80319141783
2018-07-11 13:15:17,643 (e2e_asr_attctc_th:2218) INFO: normalized log probability: -0.686170202547
2018-07-11 13:15:17,644 (asr_pytorch:468) INFO: groundtruth[3_spk_3_009745-009867]: 三樺囖從
2018-07-11 13:15:17,644 (asr_pytorch:469) INFO: prediction [3_spk_3_009745-009867]: 一日又又要<eos>
2018-07-11 13:15:17,652 (e2e_asr_attctc_th:2977) INFO: BLSTMP input lengths: [170]
2018-07-11 13:15:17,897 (e2e_asr_attctc_th:2067) INFO: input lengths: 43
2018-07-11 13:15:17,897 (e2e_asr_attctc_th:2091) INFO: max output length: 43
2018-07-11 13:15:17,897 (e2e_asr_attctc_th:2092) INFO: min output length: 0
2018-07-11 13:15:19,286 (e2e_asr_attctc_th:2199) INFO: end detected at 15
2018-07-11 13:15:19,286 (e2e_asr_attctc_th:2217) INFO: total log probability: -8.56707340479
2018-07-11 13:15:19,286 (e2e_asr_attctc_th:2218) INFO: normalized log probability: -0.856707340479
2018-07-11 13:15:19,287 (asr_pytorch:468) INFO: groundtruth[9_spk_9_005055-005227]: SO然啞顔
2018-07-11 13:15:19,287 (asr_pytorch:469) INFO: prediction [9_spk_9_005055-005227]: OK嘞我問佢得佢<eos>
2018-07-11 13:15:19,295 (e2e_asr_attctc_th:2977) INFO: BLSTMP input lengths: [26]
2018-07-11 13:15:19,344 (e2e_asr_attctc_th:2067) INFO: input lengths: 7
2018-07-11 13:15:19,344 (e2e_asr_attctc_th:2091) INFO: max output length: 7
2018-07-11 13:15:19,344 (e2e_asr_attctc_th:2092) INFO: min output length: 0
2018-07-11 13:15:19,646 (e2e_asr_attctc_th:2180) INFO: adding <eos> in the last postion in the loop
2018-07-11 13:15:19,647 (e2e_asr_attctc_th:2206) INFO: no hypothesis. Finish decoding.
2018-07-11 13:15:19,647 (e2e_asr_attctc_th:2217) INFO: total log probability: -0.675045030192
2018-07-11 13:15:19,647 (e2e_asr_attctc_th:2218) INFO: normalized log probability: -0.225015010064
2018-07-11 13:15:19,648 (asr_pytorch:468) INFO: groundtruth[1502-2_spk_1502_2_087180-087208]: 俏
2018-07-11 13:15:19,648 (asr_pytorch:469) INFO: prediction [1502-2_spk_1502_2_087180-087208]: 係<eos>
2018-07-11 13:15:19,656 (e2e_asr_attctc_th:2977) INFO: BLSTMP input lengths: [192]
2018-07-11 13:15:19,923 (e2e_asr_attctc_th:2067) INFO: input lengths: 48
2018-07-11 13:15:19,924 (e2e_asr_attctc_th:2091) INFO: max output length: 48
2018-07-11 13:15:19,924 (e2e_asr_attctc_th:2092) INFO: min output length: 0
2018-07-11 13:15:21,536 (e2e_asr_attctc_th:2206) INFO: no hypothesis. Finish decoding.
2018-07-11 13:15:21,536 (e2e_asr_attctc_th:2217) INFO: total log probability: -3.8827272458
2018-07-11 13:15:21,536 (e2e_asr_attctc_th:2218) INFO: normalized log probability: -0.2986713266
2018-07-11 13:15:21,537 (asr_pytorch:468) INFO: groundtruth[1501-1_spk_1501_1_025208-025402]: 亙卉倔朔吔埗式囤倔朔呯
2018-07-11 13:15:21,537 (asr_pytorch:469) INFO: prediction [1501-1_spk_1501_1_025208-025402]: 二十個月同埋有四個月嘞<eos>
2018-07-11 13:15:21,546 (e2e_asr_attctc_th:2977) INFO: BLSTMP input lengths: [168]
2018-07-11 13:15:21,876 (e2e_asr_attctc_th:2067) INFO: input lengths: 42
2018-07-11 13:15:21,877 (e2e_asr_attctc_th:2091) INFO: max output length: 42
2018-07-11 13:15:21,877 (e2e_asr_attctc_th:2092) INFO: min output length: 0
2018-07-11 13:15:23,379 (e2e_asr_attctc_th:2199) INFO: end detected at 13
2018-07-11 13:15:23,379 (e2e_asr_attctc_th:2217) INFO: total log probability: -4.55554950237
2018-07-11 13:15:23,379 (e2e_asr_attctc_th:2218) INFO: normalized log probability: -0.650792786053
2018-07-11 13:15:23,382 (asr_pytorch:468) INFO: groundtruth[1502-1_spk_1502_1_020893-021063]: 啵啵戛唪矮啯
2018-07-11 13:15:23,382 (asr_pytorch:469) INFO: prediction [1502-1_spk_1502_1_020893-021063]: 誒即係我啊<eos>
2018-07-11 13:15:23,396 (e2e_asr_attctc_th:2977) INFO: BLSTMP input lengths: [40]
2018-07-11 13:15:23,476 (e2e_asr_attctc_th:2067) INFO: input lengths: 10
2018-07-11 13:15:23,476 (e2e_asr_attctc_th:2091) INFO: max output length: 10
2018-07-11 13:15:23,476 (e2e_asr_attctc_th:2092) INFO: min output length: 0
2018-07-11 13:15:24,050 (e2e_asr_attctc_th:2199) INFO: end detected at 8
2018-07-11 13:15:24,050 (e2e_asr_attctc_th:2217) INFO: total log probability: -0.125659758225
2018-07-11 13:15:24,050 (e2e_asr_attctc_th:2218) INFO: normalized log probability: -0.0314149395563
2018-07-11 13:15:24,051 (asr_pytorch:468) INFO: groundtruth[1501-2_spk_1501_2_080186-080228]: 俏呈
2018-07-11 13:15:24,051 (asr_pytorch:469) INFO: prediction [1501-2_spk_1501_2_080186-080228]: 係啊<eos>
2018-07-11 13:15:24,059 (e2e_asr_attctc_th:2977) INFO: BLSTMP input lengths: [198]
2018-07-11 13:15:24,338 (e2e_asr_attctc_th:2067) INFO: input lengths: 50
2018-07-11 13:15:24,338 (e2e_asr_attctc_th:2091) INFO: max output length: 50
2018-07-11 13:15:24,338 (e2e_asr_attctc_th:2092) INFO: min output length: 0
2018-07-11 13:15:26,069 (e2e_asr_attctc_th:2206) INFO: no hypothesis. Finish decoding.
2018-07-11 13:15:26,070 (e2e_asr_attctc_th:2217) INFO: total log probability: -4.83317276649
2018-07-11 13:15:26,070 (e2e_asr_attctc_th:2218) INFO: normalized log probability: -0.322211517766
2018-07-11 13:15:26,070 (asr_pytorch:468) INFO: groundtruth[1501-1_spk_1501_1_044988-045188]: 咋尻服宗掙迫佰叄逆迫毯佬嘍
2018-07-11 13:15:26,070 (asr_pytorch:469) INFO: prediction [1501-1_spk_1501_1_044988-045188]: 咁就我我排翻佢去送翻俾你噶<eos>
2018-07-11 13:15:26,079 (e2e_asr_attctc_th:2977) INFO: BLSTMP input lengths: [424]
2018-07-11 13:15:26,696 (e2e_asr_attctc_th:2067) INFO: input lengths: 106
2018-07-11 13:15:26,697 (e2e_asr_attctc_th:2091) INFO: max output length: 106
2018-07-11 13:15:26,697 (e2e_asr_attctc_th:2092) INFO: min output length: 0
2018-07-11 13:15:31,307 (e2e_asr_attctc_th:2199) INFO: end detected at 31
2018-07-11 13:15:31,307 (e2e_asr_attctc_th:2217) INFO: total log probability: -11.3477546301
2018-07-11 13:15:31,307 (e2e_asr_attctc_th:2218) INFO: normalized log probability: -0.420287208524
2018-07-11 13:15:31,308 (asr_pytorch:468) INFO: groundtruth[1504-1_spk_1504_1_052516-052941]: 乸啖需蚧旨TPER柎咒嘢咋佬妍枱誅佬鄔朕2倔咋夥咋佬咱
2018-07-11 13:15:31,309 (asr_pytorch:469) INFO: prediction [1504-1_spk_1504_1_052516-052941]: 搞得嚟蚊佢聽噶啫嘛咁你如果玩你都有兩個咁多咁你唔係<eos>
2018-07-11 13:15:31,316 (e2e_asr_attctc_th:2977) INFO: BLSTMP input lengths: [45]
2018-07-11 13:15:31,404 (e2e_asr_attctc_th:2067) INFO: input lengths: 12
2018-07-11 13:15:31,404 (e2e_asr_attctc_th:2091) INFO: max output length: 12
2018-07-11 13:15:31,404 (e2e_asr_attctc_th:2092) INFO: min output length: 0
2018-07-11 13:15:32,190 (e2e_asr_attctc_th:2180) INFO: adding <eos> in the last postion in the loop
2018-07-11 13:15:32,190 (e2e_asr_attctc_th:2206) INFO: no hypothesis. Finish decoding.
2018-07-11 13:15:32,190 (e2e_asr_attctc_th:2217) INFO: total log probability: -4.795913212
2018-07-11 13:15:32,190 (e2e_asr_attctc_th:2218) INFO: normalized log probability: -0.799318868667
2018-07-11 13:15:32,191 (asr_pytorch:468) INFO: groundtruth[1502-2_spk_1502_2_074255-074302]: 哭TTW
2018-07-11 13:15:32,191 (asr_pytorch:469) INFO: prediction [1502-2_spk_1502_2_074255-074302]: 哇BP係<eos>
2018-07-11 13:15:32,201 (e2e_asr_attctc_th:2977) INFO: BLSTMP input lengths: [505]
2018-07-11 13:15:32,877 (e2e_asr_attctc_th:2067) INFO: input lengths: 127
2018-07-11 13:15:32,877 (e2e_asr_attctc_th:2091) INFO: max output length: 127
2018-07-11 13:15:32,877 (e2e_asr_attctc_th:2092) INFO: min output length: 0
2018-07-11 13:15:40,281 (e2e_asr_attctc_th:2199) INFO: end detected at 40
2018-07-11 13:15:40,281 (e2e_asr_attctc_th:2217) INFO: total log probability: -36.4187550806
2018-07-11 13:15:40,282 (e2e_asr_attctc_th:2218) INFO: normalized log probability: -1.07113985531
2018-07-11 13:15:40,282 (asr_pytorch:468) INFO: groundtruth[1505-2_spk_1505_2_057349-057855]: 喇佬吔戛討佬吔戛討討討戛跨考耗<unk>嗷倔三樺樺旨咋戛轟黒側乳姚俏咱
2018-07-11 13:15:40,282 (asr_pytorch:469) INFO: prediction [1505-2_spk_1505_2_057349-057855]: 啊喂你北教練然好計你真係你我覺得翻唔一我又有時都冇見你做乜你係咪<eos>
2018-07-11 13:15:40,291 (e2e_asr_attctc_th:2977) INFO: BLSTMP input lengths: [250]
2018-07-11 13:15:40,650 (e2e_asr_attctc_th:2067) INFO: input lengths: 63
2018-07-11 13:15:40,651 (e2e_asr_attctc_th:2091) INFO: max output length: 63
2018-07-11 13:15:40,651 (e2e_asr_attctc_th:2092) INFO: min output length: 0
2018-07-11 13:15:42,216 (e2e_asr_attctc_th:2206) INFO: no hypothesis. Finish decoding.
2018-07-11 13:15:42,216 (e2e_asr_attctc_th:2217) INFO: total log probability: -2.93405191926
2018-07-11 13:15:42,217 (e2e_asr_attctc_th:2218) INFO: normalized log probability: -0.225696301482
2018-07-11 13:15:42,217 (asr_pytorch:468) INFO: groundtruth[1505-1_spk_1505_1_015476-015728]: 幺坑逮庵旅<unk>啯尻叄刺俏130序QF刺140QF咋旨
2018-07-11 13:15:42,217 (asr_pytorch:469) INFO: prediction [1505-1_spk_1505_1_015476-015728]: 平均速度方麵啦就去到係<eos>
2018-07-11 13:15:42,226 (e2e_asr_attctc_th:2977) INFO: BLSTMP input lengths: [334]
2018-07-11 13:15:42,685 (e2e_asr_attctc_th:2067) INFO: input lengths: 84
2018-07-11 13:15:42,685 (e2e_asr_attctc_th:2091) INFO: max output length: 84
2018-07-11 13:15:42,685 (e2e_asr_attctc_th:2092) INFO: min output length: 0
2018-07-11 13:15:44,778 (e2e_asr_attctc_th:2199) INFO: end detected at 17
2018-07-11 13:15:44,779 (e2e_asr_attctc_th:2217) INFO: total log probability: -9.93838682398
2018-07-11 13:15:44,779 (e2e_asr_attctc_th:2218) INFO: normalized log probability: -0.764491294152
2018-07-11 13:15:44,780 (asr_pytorch:468) INFO: groundtruth[1501-2_spk_1501_2_080975-081311]: 咋呈咋司脇見冗紋晏閙
2018-07-11 13:15:44,780 (asr_pytorch:469) INFO: prediction [1501-2_spk_1501_2_080975-081311]: 咁樣啊咁翻人要再嘅二單<eos>
2018-07-11 13:15:44,788 (e2e_asr_attctc_th:2977) INFO: BLSTMP input lengths: [144]
2018-07-11 13:15:44,995 (e2e_asr_attctc_th:2067) INFO: input lengths: 36
2018-07-11 13:15:44,996 (e2e_asr_attctc_th:2091) INFO: max output length: 36
2018-07-11 13:15:44,996 (e2e_asr_attctc_th:2092) INFO: min output length: 0
2018-07-11 13:15:45,540 (e2e_asr_attctc_th:2199) INFO: end detected at 8
2018-07-11 13:15:45,541 (e2e_asr_attctc_th:2217) INFO: total log probability: -1.66511564702
2018-07-11 13:15:45,541 (e2e_asr_attctc_th:2218) INFO: normalized log probability: -0.416278911754
2018-07-11 13:15:45,542 (asr_pytorch:468) INFO: groundtruth[1501-1_spk_1501_1_031726-031872]: 俏俏
2018-07-11 13:15:45,542 (asr_pytorch:469) INFO: prediction [1501-1_spk_1501_1_031726-031872]: 係係<eos>
2018-07-11 13:15:45,551 (e2e_asr_attctc_th:2977) INFO: BLSTMP input lengths: [198]
2018-07-11 13:15:45,813 (e2e_asr_attctc_th:2067) INFO: input lengths: 50
2018-07-11 13:15:45,813 (e2e_asr_attctc_th:2091) INFO: max output length: 50
2018-07-11 13:15:45,813 (e2e_asr_attctc_th:2092) INFO: min output length: 0
2018-07-11 13:15:47,226 (e2e_asr_attctc_th:2199) INFO: end detected at 15
2018-07-11 13:15:47,227 (e2e_asr_attctc_th:2217) INFO: total log probability: -0.123888258124
2018-07-11 13:15:47,227 (e2e_asr_attctc_th:2218) INFO: normalized log probability: -0.0123888258124
2018-07-11 13:15:47,228 (asr_pytorch:468) INFO: groundtruth[1504-2_spk_1504_2_014941-015141]: 俏啖俏啖俏啖俏啖
2018-07-11 13:15:47,228 (asr_pytorch:469) INFO: prediction [1504-2_spk_1504_2_014941-015141]: 係啊係啊係啊係啊<eos>
2018-07-11 13:15:47,237 (e2e_asr_attctc_th:2977) INFO: BLSTMP input lengths: [484]
2018-07-11 13:15:47,886 (e2e_asr_attctc_th:2067) INFO: input lengths: 121
2018-07-11 13:15:47,887 (e2e_asr_attctc_th:2091) INFO: max output length: 121
2018-07-11 13:15:47,887 (e2e_asr_attctc_th:2092) INFO: min output length: 0
2018-07-11 13:15:52,039 (e2e_asr_attctc_th:2199) INFO: end detected at 28
2018-07-11 13:15:52,039 (e2e_asr_attctc_th:2217) INFO: total log probability: -9.99079333502
2018-07-11 13:15:52,039 (e2e_asr_attctc_th:2218) INFO: normalized log probability: -0.434382318914
2018-07-11 13:15:52,041 (asr_pytorch:468) INFO: groundtruth[12_spk_12_002964-003450]: 咋咋B咋戛吔佬謬鄔SO俏嘢囹烕戛乒剛謬緘
2018-07-11 13:15:52,041 (asr_pytorch:469) INFO: prediction [12_spk_12_002964-003450]: 哦咁誒我我同你講應該都OK啦因為我之前講緊<eos>
2018-07-11 13:15:52,049 (e2e_asr_attctc_th:2977) INFO: BLSTMP input lengths: [176]
2018-07-11 13:15:52,304 (e2e_asr_attctc_th:2067) INFO: input lengths: 44
2018-07-11 13:15:52,305 (e2e_asr_attctc_th:2091) INFO: max output length: 44
2018-07-11 13:15:52,305 (e2e_asr_attctc_th:2092) INFO: min output length: 0
2018-07-11 13:15:53,992 (e2e_asr_attctc_th:2199) INFO: end detected at 16
2018-07-11 13:15:53,993 (e2e_asr_attctc_th:2217) INFO: total log probability: -5.61527827568
2018-07-11 13:15:53,993 (e2e_asr_attctc_th:2218) INFO: normalized log probability: -0.467939856307
2018-07-11 13:15:53,994 (asr_pytorch:468) INFO: groundtruth[4_spk_4_011122-011300]: 頻兒俏咋幹戛反誅戛
2018-07-11 13:15:53,994 (asr_pytorch:469) INFO: prediction [4_spk_4_011122-011300]: 你唔係咁幫我又又話我<eos>
2018-07-11 13:15:54,002 (e2e_asr_attctc_th:2977) INFO: BLSTMP input lengths: [58]
2018-07-11 13:15:54,106 (e2e_asr_attctc_th:2067) INFO: input lengths: 15
2018-07-11 13:15:54,106 (e2e_asr_attctc_th:2091) INFO: max output length: 15
2018-07-11 13:15:54,107 (e2e_asr_attctc_th:2092) INFO: min output length: 0
2018-07-11 13:15:54,981 (e2e_asr_attctc_th:2199) INFO: end detected at 10
2018-07-11 13:15:54,982 (e2e_asr_attctc_th:2217) INFO: total log probability: -2.49726809561
2018-07-11 13:15:54,983 (e2e_asr_attctc_th:2218) INFO: normalized log probability: -0.624317023903
2018-07-11 13:15:54,987 (asr_pytorch:468) INFO: groundtruth[3_spk_3_029460-029520]: 啖
2018-07-11 13:15:54,988 (asr_pytorch:469) INFO: prediction [3_spk_3_029460-029520]: 講嘅<eos>
2018-07-11 13:15:55,006 (e2e_asr_attctc_th:2977) INFO: BLSTMP input lengths: [370]
2018-07-11 13:15:56,031 (e2e_asr_attctc_th:2067) INFO: input lengths: 93
2018-07-11 13:15:56,032 (e2e_asr_attctc_th:2091) INFO: max output length: 93
2018-07-11 13:15:56,032 (e2e_asr_attctc_th:2092) INFO: min output length: 0
2018-07-11 13:16:01,055 (e2e_asr_attctc_th:2199) INFO: end detected at 35
2018-07-11 13:16:01,056 (e2e_asr_attctc_th:2217) INFO: total log probability: -31.586889457
2018-07-11 13:16:01,056 (e2e_asr_attctc_th:2218) INFO: normalized log probability: -1.05289631523
2018-07-11 13:16:01,057 (asr_pytorch:468) INFO: groundtruth[9_spk_9_013685-014057]: B冀寫B冀寫服嘍住俏呯冀寫妍枱GLIGO畸佬倔惕泌
2018-07-11 13:16:01,058 (asr_pytorch:469) INFO: prediction [9_spk_9_013685-014057]: 我會唔好以後去交正啦跟著其實會嘅但係咩佢如果齣翻嚟嘅情況<eos>
2018-07-11 13:16:01,072 (e2e_asr_attctc_th:2977) INFO: BLSTMP input lengths: [270]
2018-07-11 13:16:01,504 (e2e_asr_attctc_th:2067) INFO: input lengths: 68
2018-07-11 13:16:01,505 (e2e_asr_attctc_th:2091) INFO: max output length: 68
2018-07-11 13:16:01,505 (e2e_asr_attctc_th:2092) INFO: min output length: 0
2018-07-11 13:16:05,170 (e2e_asr_attctc_th:2199) INFO: end detected at 30
2018-07-11 13:16:05,171 (e2e_asr_attctc_th:2217) INFO: total log probability: -37.7194155753
2018-07-11 13:16:05,171 (e2e_asr_attctc_th:2218) INFO: normalized log probability: -1.57164231564
2018-07-11 13:16:05,172 (asr_pytorch:468) INFO: groundtruth[8_spk_8_085440-085712]: 咋刺晏侸呯尻戛戛服覓畸霆誅倍佬吟假尖姚妊嗜
2018-07-11 13:16:05,172 (asr_pytorch:469) INFO: prediction [8_spk_8_085440-085712]: 咁多時手寫生我曬數復發現FASELAN住走馬<eos>
2018-07-11 13:16:05,180 (e2e_asr_attctc_th:2977) INFO: BLSTMP input lengths: [146]
2018-07-11 13:16:05,421 (e2e_asr_attctc_th:2067) INFO: input lengths: 37
2018-07-11 13:16:05,422 (e2e_asr_attctc_th:2091) INFO: max output length: 37
2018-07-11 13:16:05,422 (e2e_asr_attctc_th:2092) INFO: min output length: 0
2018-07-11 13:16:06,478 (e2e_asr_attctc_th:2199) INFO: end detected at 12
2018-07-11 13:16:06,478 (e2e_asr_attctc_th:2217) INFO: total log probability: -0.558914351277
2018-07-11 13:16:06,478 (e2e_asr_attctc_th:2218) INFO: normalized log probability: -0.0698642939096
2018-07-11 13:16:06,479 (asr_pytorch:468) INFO: groundtruth[1504-2_spk_1504_2_071442-071590]: 煉乒得戛俏見
2018-07-11 13:16:06,479 (asr_pytorch:469) INFO: prediction [1504-2_spk_1504_2_071442-071590]: 然之後我係要<eos>
2018-07-11 13:16:06,487 (e2e_asr_attctc_th:2977) INFO: BLSTMP input lengths: [167]
2018-07-11 13:16:06,726 (e2e_asr_attctc_th:2067) INFO: input lengths: 42
2018-07-11 13:16:06,727 (e2e_asr_attctc_th:2091) INFO: max output length: 42
2018-07-11 13:16:06,727 (e2e_asr_attctc_th:2092) INFO: min output length: 0
2018-07-11 13:16:08,386 (e2e_asr_attctc_th:2199) INFO: end detected at 16
2018-07-11 13:16:08,386 (e2e_asr_attctc_th:2217) INFO: total log probability: -7.84918171726
2018-07-11 13:16:08,387 (e2e_asr_attctc_th:2218) INFO: normalized log probability: -0.872131301918
2018-07-11 13:16:08,388 (asr_pytorch:468) INFO: groundtruth[1501-2_spk_1501_2_043199-043368]: 哭啵唪吔郷閊嘍
2018-07-11 13:16:08,388 (asr_pytorch:469) INFO: prediction [1501-2_spk_1501_2_043199-043368]: 我識唔服套門嘅<eos>
2018-07-11 13:16:08,401 (e2e_asr_attctc_th:2977) INFO: BLSTMP input lengths: [130]
2018-07-11 13:16:08,677 (e2e_asr_attctc_th:2067) INFO: input lengths: 33
2018-07-11 13:16:08,678 (e2e_asr_attctc_th:2091) INFO: max output length: 33
2018-07-11 13:16:08,678 (e2e_asr_attctc_th:2092) INFO: min output length: 0
2018-07-11 13:16:09,846 (e2e_asr_attctc_th:2199) INFO: end detected at 14
2018-07-11 13:16:09,846 (e2e_asr_attctc_th:2217) INFO: total log probability: -4.21964422613
2018-07-11 13:16:09,846 (e2e_asr_attctc_th:2218) INFO: normalized log probability: -0.468849358459
2018-07-11 13:16:09,847 (asr_pytorch:468) INFO: groundtruth[1502-1_spk_1502_1_060345-060477]: 佬黴樺逆道嚦毯戛呈
2018-07-11 13:16:09,847 (asr_pytorch:469) INFO: prediction [1502-1_spk_1502_1_060345-060477]: 你點樣動怪俾我<eos>
2018-07-11 13:16:09,855 (e2e_asr_attctc_th:2977) INFO: BLSTMP input lengths: [198]
2018-07-11 13:16:10,140 (e2e_asr_attctc_th:2067) INFO: input lengths: 50
2018-07-11 13:16:10,140 (e2e_asr_attctc_th:2091) INFO: max output length: 50
2018-07-11 13:16:10,140 (e2e_asr_attctc_th:2092) INFO: min output length: 0
2018-07-11 13:16:11,731 (e2e_asr_attctc_th:2199) INFO: end detected at 16
2018-07-11 13:16:11,731 (e2e_asr_attctc_th:2217) INFO: total log probability: -10.3978185216
2018-07-11 13:16:11,731 (e2e_asr_attctc_th:2218) INFO: normalized log probability: -0.945256229236
2018-07-11 13:16:11,732 (asr_pytorch:468) INFO: groundtruth[12_spk_12_065065-065265]: 咋仕旬鄔俏討柎嘢
2018-07-11 13:16:11,733 (asr_pytorch:469) INFO: prediction [12_spk_12_065065-065265]: 咁都想聽齣嚟計噶嘛<eos>
2018-07-11 13:16:11,741 (e2e_asr_attctc_th:2977) INFO: BLSTMP input lengths: [151]
2018-07-11 13:16:11,965 (e2e_asr_attctc_th:2067) INFO: input lengths: 38
2018-07-11 13:16:11,966 (e2e_asr_attctc_th:2091) INFO: max output length: 38
2018-07-11 13:16:11,966 (e2e_asr_attctc_th:2092) INFO: min output length: 0
2018-07-11 13:16:13,489 (e2e_asr_attctc_th:2206) INFO: no hypothesis. Finish decoding.
2018-07-11 13:16:13,489 (e2e_asr_attctc_th:2217) INFO: total log probability: -4.66617855197
2018-07-11 13:16:13,489 (e2e_asr_attctc_th:2218) INFO: normalized log probability: -0.388848212664
2018-07-11 13:16:13,490 (asr_pytorch:468) INFO: groundtruth[1502-2_spk_1502_2_008850-009003]: 逆迫彈施嘍WMQ危毯佬嘍
2018-07-11 13:16:13,490 (asr_pytorch:469) INFO: prediction [1502-2_spk_1502_2_008850-009003]: 送翻咗新嘅先差俾你嘅<eos>
2018-07-11 13:16:13,500 (e2e_asr_attctc_th:2977) INFO: BLSTMP input lengths: [856]
2018-07-11 13:16:14,672 (e2e_asr_attctc_th:2067) INFO: input lengths: 214
2018-07-11 13:16:14,673 (e2e_asr_attctc_th:2091) INFO: max output length: 214
2018-07-11 13:16:14,673 (e2e_asr_attctc_th:2092) INFO: min output length: 0
2018-07-11 13:16:27,187 (e2e_asr_attctc_th:2206) INFO: no hypothesis. Finish decoding.
2018-07-11 13:16:27,187 (e2e_asr_attctc_th:2217) INFO: total log probability: -45.5610917893
2018-07-11 13:16:27,187 (e2e_asr_attctc_th:2218) INFO: normalized log probability: -0.785536065332
2018-07-11 13:16:27,188 (asr_pytorch:468) INFO: groundtruth[4_spk_4_081377-082235]: 嗶咋召夢嘍誅呯換醞畸喔琉晏嘍誅佬畸夭隊服津由畸呯尻俏枉卡亥卉亙倔燁閊址午戡耐園<unk>啯尻啷啷兒裴俊倔刨<unk>PMWX裴俊謬畸啯
2018-07-11 13:16:27,188 (asr_pytorch:469) INFO: prediction [4_spk_4_081377-082235]: 嗯咁另外個玩嘞就係請翻來現時嘅話你翻辦同佢使用班咩就係東南啊十二個原本地佢話嗰間啦單聲裡邊個列叼你邊啲時我講翻啦<eos>
2018-07-11 13:16:27,195 (e2e_asr_attctc_th:2977) INFO: BLSTMP input lengths: [30]
2018-07-11 13:16:27,296 (e2e_asr_attctc_th:2067) INFO: input lengths: 8
2018-07-11 13:16:27,297 (e2e_asr_attctc_th:2091) INFO: max output length: 8
2018-07-11 13:16:27,297 (e2e_asr_attctc_th:2092) INFO: min output length: 0
2018-07-11 13:16:27,740 (e2e_asr_attctc_th:2180) INFO: adding <eos> in the last postion in the loop
2018-07-11 13:16:27,741 (e2e_asr_attctc_th:2199) INFO: end detected at 7
2018-07-11 13:16:27,741 (e2e_asr_attctc_th:2217) INFO: total log probability: -1.16085046344
2018-07-11 13:16:27,741 (e2e_asr_attctc_th:2218) INFO: normalized log probability: -0.386950154478
2018-07-11 13:16:27,742 (asr_pytorch:468) INFO: groundtruth[4_spk_4_035435-035467]: 喇
2018-07-11 13:16:27,743 (asr_pytorch:469) INFO: prediction [4_spk_4_035435-035467]: 哎<eos>
2018-07-11 13:16:27,752 (e2e_asr_attctc_th:2977) INFO: BLSTMP input lengths: [267]
2018-07-11 13:16:28,155 (e2e_asr_attctc_th:2067) INFO: input lengths: 67
2018-07-11 13:16:28,156 (e2e_asr_attctc_th:2091) INFO: max output length: 67
2018-07-11 13:16:28,156 (e2e_asr_attctc_th:2092) INFO: min output length: 0
2018-07-11 13:16:31,502 (e2e_asr_attctc_th:2199) INFO: end detected at 22
2018-07-11 13:16:31,502 (e2e_asr_attctc_th:2217) INFO: total log probability: -16.1709290296
2018-07-11 13:16:31,502 (e2e_asr_attctc_th:2218) INFO: normalized log probability: -0.951231119387
2018-07-11 13:16:31,505 (asr_pytorch:468) INFO: groundtruth[1505-2_spk_1505_2_072373-072642]: 叛耗呯倔俏叛耗呯倔HEXE尻朕PMQMX旨
2018-07-11 13:16:31,506 (asr_pytorch:469) INFO: prediction [1505-2_spk_1505_2_072373-072642]: 反而呢個係反而水機場仲有人嚟噶<eos>
2018-07-11 13:16:31,523 (e2e_asr_attctc_th:2977) INFO: BLSTMP input lengths: [174]
2018-07-11 13:16:31,928 (e2e_asr_attctc_th:2067) INFO: input lengths: 44
2018-07-11 13:16:31,929 (e2e_asr_attctc_th:2091) INFO: max output length: 44
2018-07-11 13:16:31,929 (e2e_asr_attctc_th:2092) INFO: min output length: 0
2018-07-11 13:16:33,723 (e2e_asr_attctc_th:2199) INFO: end detected at 17
2018-07-11 13:16:33,723 (e2e_asr_attctc_th:2217) INFO: total log probability: -7.63101497293
2018-07-11 13:16:33,723 (e2e_asr_attctc_th:2218) INFO: normalized log probability: -0.953876871616
2018-07-11 13:16:33,724 (asr_pytorch:468) INFO: groundtruth[12_spk_12_014871-015047]: B冏院柎呯嗷尻冏院柎
2018-07-11 13:16:33,724 (asr_pytorch:469) INFO: prediction [12_spk_12_014871-015047]: 直冇整啊呢個<eos>
2018-07-11 13:16:33,736 (e2e_asr_attctc_th:2977) INFO: BLSTMP input lengths: [265]
2018-07-11 13:16:34,078 (e2e_asr_attctc_th:2067) INFO: input lengths: 67
2018-07-11 13:16:34,079 (e2e_asr_attctc_th:2091) INFO: max output length: 67
2018-07-11 13:16:34,079 (e2e_asr_attctc_th:2092) INFO: min output length: 0
2018-07-11 13:16:37,105 (e2e_asr_attctc_th:2199) INFO: end detected at 27
2018-07-11 13:16:37,106 (e2e_asr_attctc_th:2217) INFO: total log probability: -17.417042695
2018-07-11 13:16:37,106 (e2e_asr_attctc_th:2218) INFO: normalized log probability: -0.870852134749
2018-07-11 13:16:37,107 (asr_pytorch:468) INFO: groundtruth[4_spk_4_017721-017988]: 尻誅可然垣_MJM蛤佬䦕畸嗷倔MGSR
2018-07-11 13:16:37,107 (asr_pytorch:469) INFO: prediction [4_spk_4_017721-017988]: 佢話叫冇用啊翻嚟打你咁翻嗰個ICAM<eos>
2018-07-11 13:16:37,115 (e2e_asr_attctc_th:2977) INFO: BLSTMP input lengths: [311]
2018-07-11 13:16:37,517 (e2e_asr_attctc_th:2067) INFO: input lengths: 78
2018-07-11 13:16:37,518 (e2e_asr_attctc_th:2091) INFO: max output length: 78
2018-07-11 13:16:37,518 (e2e_asr_attctc_th:2092) INFO: min output length: 0
2018-07-11 13:16:39,861 (e2e_asr_attctc_th:2206) INFO: no hypothesis. Finish decoding.
2018-07-11 13:16:39,861 (e2e_asr_attctc_th:2217) INFO: total log probability: -5.23399729095
2018-07-11 13:16:39,861 (e2e_asr_attctc_th:2218) INFO: normalized log probability: -0.275473541629
2018-07-11 13:16:39,862 (asr_pytorch:468) INFO: groundtruth[1502-2_spk_1502_2_038667-038980]: 三啼宭扁啯妍枱唪俏綪戛員呯邕嘍通徙
2018-07-11 13:16:39,862 (asr_pytorch:469) INFO: prediction [1502-2_spk_1502_2_038667-038980]: 一支客戶啦如果唔係經我哋呢邊嘅圖勁<eos>
2018-07-11 13:16:39,869 (e2e_asr_attctc_th:2977) INFO: BLSTMP input lengths: [23]
2018-07-11 13:16:39,918 (e2e_asr_attctc_th:2067) INFO: input lengths: 6
2018-07-11 13:16:39,919 (e2e_asr_attctc_th:2091) INFO: max output length: 6
2018-07-11 13:16:39,919 (e2e_asr_attctc_th:2092) INFO: min output length: 0
2018-07-11 13:16:40,195 (e2e_asr_attctc_th:2180) INFO: adding <eos> in the last postion in the loop
2018-07-11 13:16:40,195 (e2e_asr_attctc_th:2206) INFO: no hypothesis. Finish decoding.
2018-07-11 13:16:40,195 (e2e_asr_attctc_th:2217) INFO: total log probability: -0.0710453502834
2018-07-11 13:16:40,196 (e2e_asr_attctc_th:2218) INFO: normalized log probability: -0.0236817834278
2018-07-11 13:16:40,196 (asr_pytorch:468) INFO: groundtruth[1502-2_spk_1502_2_043849-043874]: 嗶
2018-07-11 13:16:40,196 (asr_pytorch:469) INFO: prediction [1502-2_spk_1502_2_043849-043874]: 嗯<eos>
2018-07-11 13:16:40,204 (e2e_asr_attctc_th:2977) INFO: BLSTMP input lengths: [244]
2018-07-11 13:16:40,649 (e2e_asr_attctc_th:2067) INFO: input lengths: 61
2018-07-11 13:16:40,650 (e2e_asr_attctc_th:2091) INFO: max output length: 61
2018-07-11 13:16:40,650 (e2e_asr_attctc_th:2092) INFO: min output length: 0
2018-07-11 13:16:42,925 (e2e_asr_attctc_th:2199) INFO: end detected at 16
2018-07-11 13:16:42,925 (e2e_asr_attctc_th:2217) INFO: total log probability: -13.8245245814
2018-07-11 13:16:42,926 (e2e_asr_attctc_th:2218) INFO: normalized log probability: -1.72806557268
2018-07-11 13:16:42,928 (asr_pytorch:468) INFO: groundtruth[12_spk_12_059029-059276]: SO冏啞顔啖嗶
2018-07-11 13:16:42,929 (asr_pytorch:469) INFO: prediction [12_spk_12_059029-059276]: O球啊萬文啦<eos>
2018-07-11 13:16:42,945 (e2e_asr_attctc_th:2977) INFO: BLSTMP input lengths: [454]
2018-07-11 13:16:43,939 (e2e_asr_attctc_th:2067) INFO: input lengths: 114
2018-07-11 13:16:43,939 (e2e_asr_attctc_th:2091) INFO: max output length: 114
2018-07-11 13:16:43,939 (e2e_asr_attctc_th:2092) INFO: min output length: 0
2018-07-11 13:16:52,216 (e2e_asr_attctc_th:2199) INFO: end detected at 40
2018-07-11 13:16:52,216 (e2e_asr_attctc_th:2217) INFO: total log probability: -31.4191455506
2018-07-11 13:16:52,216 (e2e_asr_attctc_th:2218) INFO: normalized log probability: -0.924092516193
2018-07-11 13:16:52,218 (asr_pytorch:468) INFO: groundtruth[1503-1_spk_1503_1_028677-029133]: 俏啯咋妍枱佬放刺呯倔石訒啯譚昕迫倔HEXE疊朔尻服巴唪夥由曳
2018-07-11 13:16:52,218 (asr_pytorch:469) INFO: prediction [1503-1_spk_1503_1_028677-029133]: 係啦咁如果你收到呢個地上班肥未翻個BARA交然後會差唔多就好曬要<eos>
2018-07-11 13:16:52,228 (e2e_asr_attctc_th:2977) INFO: BLSTMP input lengths: [595]
2018-07-11 13:16:53,156 (e2e_asr_attctc_th:2067) INFO: input lengths: 149
2018-07-11 13:16:53,156 (e2e_asr_attctc_th:2091) INFO: max output length: 149
2018-07-11 13:16:53,156 (e2e_asr_attctc_th:2092) INFO: min output length: 0
2018-07-11 13:16:57,804 (e2e_asr_attctc_th:2199) INFO: end detected at 29
2018-07-11 13:16:57,805 (e2e_asr_attctc_th:2217) INFO: total log probability: -10.4585710212
2018-07-11 13:16:57,805 (e2e_asr_attctc_th:2218) INFO: normalized log probability: -0.435773792551
2018-07-11 13:16:57,806 (asr_pytorch:468) INFO: groundtruth[1504-2_spk_1504_2_080461-081058]: 俏咱啖咋戛宥<unk>尋宥<unk>呯三倔W8NSMR葛黒呯倔
2018-07-11 13:16:57,806 (asr_pytorch:469) INFO: prediction [1504-2_spk_1504_2_080461-081058]: 係啦咁我而傢隻有而傢呢啲一個誒但唔再落嚟呢個<eos>
2018-07-11 13:16:57,817 (e2e_asr_attctc_th:2977) INFO: BLSTMP input lengths: [171]
2018-07-11 13:16:58,124 (e2e_asr_attctc_th:2067) INFO: input lengths: 43
2018-07-11 13:16:58,125 (e2e_asr_attctc_th:2091) INFO: max output length: 43
2018-07-11 13:16:58,125 (e2e_asr_attctc_th:2092) INFO: min output length: 0
2018-07-11 13:17:00,045 (e2e_asr_attctc_th:2199) INFO: end detected at 19
2018-07-11 13:17:00,045 (e2e_asr_attctc_th:2217) INFO: total log probability: -5.68351697735
2018-07-11 13:17:00,045 (e2e_asr_attctc_th:2218) INFO: normalized log probability: -0.405965498382
2018-07-11 13:17:00,047 (asr_pytorch:468) INFO: groundtruth[1502-2_spk_1502_2_006651-006823]: B乸朔戡耐卉朔伍嘍晏倣愈<unk>
2018-07-11 13:17:00,047 (asr_pytorch:469) INFO: prediction [1502-2_spk_1502_2_006651-006823]: 誒搞完位十月份嘅時候想齣<eos>
2018-07-11 13:17:00,055 (e2e_asr_attctc_th:2977) INFO: BLSTMP input lengths: [198]
2018-07-11 13:17:00,317 (e2e_asr_attctc_th:2067) INFO: input lengths: 50
2018-07-11 13:17:00,318 (e2e_asr_attctc_th:2091) INFO: max output length: 50
2018-07-11 13:17:00,318 (e2e_asr_attctc_th:2092) INFO: min output length: 0
2018-07-11 13:17:01,677 (e2e_asr_attctc_th:2206) INFO: no hypothesis. Finish decoding.
2018-07-11 13:17:01,677 (e2e_asr_attctc_th:2217) INFO: total log probability: -3.51750166249
2018-07-11 13:17:01,678 (e2e_asr_attctc_th:2218) INFO: normalized log probability: -0.29312513854
2018-07-11 13:17:01,678 (asr_pytorch:468) INFO: groundtruth[1501-1_spk_1501_1_011063-011263]: 召夢三稽尻籌亙卉倔朔
2018-07-11 13:17:01,679 (asr_pytorch:469) INFO: prediction [1501-1_spk_1501_1_011063-011263]: 另外一種就簽二十個月<eos>
2018-07-11 13:17:01,692 (e2e_asr_attctc_th:2977) INFO: BLSTMP input lengths: [62]
2018-07-11 13:17:01,873 (e2e_asr_attctc_th:2067) INFO: input lengths: 16
2018-07-11 13:17:01,874 (e2e_asr_attctc_th:2091) INFO: max output length: 16
2018-07-11 13:17:01,874 (e2e_asr_attctc_th:2092) INFO: min output length: 0
2018-07-11 13:17:02,179 (e2e_asr_attctc_th:2206) INFO: no hypothesis. Finish decoding.
2018-07-11 13:17:02,180 (e2e_asr_attctc_th:2217) INFO: total log probability: -4.19123227522
2018-07-11 13:17:02,180 (e2e_asr_attctc_th:2218) INFO: normalized log probability: -1.0478080688
2018-07-11 13:17:02,180 (asr_pytorch:468) INFO: groundtruth[1503-1_spk_1503_1_034786-034850]: 由曳
2018-07-11 13:17:02,180 (asr_pytorch:469) INFO: prediction [1503-1_spk_1503_1_034786-034850]: 遊大<eos>
2018-07-11 13:17:02,195 (e2e_asr_attctc_th:2977) INFO: BLSTMP input lengths: [198]
2018-07-11 13:17:02,642 (e2e_asr_attctc_th:2067) INFO: input lengths: 50
2018-07-11 13:17:02,643 (e2e_asr_attctc_th:2091) INFO: max output length: 50
2018-07-11 13:17:02,644 (e2e_asr_attctc_th:2092) INFO: min output length: 0
2018-07-11 13:17:04,326 (e2e_asr_attctc_th:2206) INFO: no hypothesis. Finish decoding.
2018-07-11 13:17:04,326 (e2e_asr_attctc_th:2217) INFO: total log probability: -2.74210070702
2018-07-11 13:17:04,326 (e2e_asr_attctc_th:2218) INFO: normalized log probability: -0.249281882457
2018-07-11 13:17:04,327 (asr_pytorch:468) INFO: groundtruth[1502-2_spk_1502_2_029075-029275]: 黴言啯囹烕剛嗷掙呯
2018-07-11 13:17:04,327 (asr_pytorch:469) INFO: prediction [1502-2_spk_1502_2_029075-029275]: 點解呢因為前嗰排呢<eos>
2018-07-11 13:17:04,343 (e2e_asr_attctc_th:2977) INFO: BLSTMP input lengths: [521]
2018-07-11 13:17:05,598 (e2e_asr_attctc_th:2067) INFO: input lengths: 131
2018-07-11 13:17:05,599 (e2e_asr_attctc_th:2091) INFO: max output length: 131
2018-07-11 13:17:05,599 (e2e_asr_attctc_th:2092) INFO: min output length: 0
2018-07-11 13:17:10,454 (e2e_asr_attctc_th:2199) INFO: end detected at 21
2018-07-11 13:17:10,455 (e2e_asr_attctc_th:2217) INFO: total log probability: -17.6090485975
2018-07-11 13:17:10,455 (e2e_asr_attctc_th:2218) INFO: normalized log probability: -1.25778918554
2018-07-11 13:17:10,458 (asr_pytorch:468) INFO: groundtruth[8_spk_8_071237-071760]: 俏啯卿俏服唪服筋旬掩放戛倔霆誅服妊啼唪服冗妊位件剛咋
2018-07-11 13:17:10,458 (asr_pytorch:469) INFO: prediction [8_spk_8_071237-071760]: 啊十七點都仔心手個變心咋<eos>
2018-07-11 13:17:10,472 (e2e_asr_attctc_th:2977) INFO: BLSTMP input lengths: [121]
2018-07-11 13:17:10,765 (e2e_asr_attctc_th:2067) INFO: input lengths: 31
2018-07-11 13:17:10,766 (e2e_asr_attctc_th:2091) INFO: max output length: 31
2018-07-11 13:17:10,766 (e2e_asr_attctc_th:2092) INFO: min output length: 0
2018-07-11 13:17:11,591 (e2e_asr_attctc_th:2206) INFO: no hypothesis. Finish decoding.
2018-07-11 13:17:11,592 (e2e_asr_attctc_th:2217) INFO: total log probability: -1.59521478787
2018-07-11 13:17:11,592 (e2e_asr_attctc_th:2218) INFO: normalized log probability: -0.227887826839
2018-07-11 13:17:11,593 (asr_pytorch:468) INFO: groundtruth[8_spk_8_004212-004335]: B9182
2018-07-11 13:17:11,593 (asr_pytorch:469) INFO: prediction [8_spk_8_004212-004335]: 誒走一百二<eos>
2018-07-11 13:17:11,609 (e2e_asr_attctc_th:2977) INFO: BLSTMP input lengths: [436]
2018-07-11 13:17:12,469 (e2e_asr_attctc_th:2067) INFO: input lengths: 109
2018-07-11 13:17:12,469 (e2e_asr_attctc_th:2091) INFO: max output length: 109
2018-07-11 13:17:12,469 (e2e_asr_attctc_th:2092) INFO: min output length: 0
2018-07-11 13:17:18,135 (e2e_asr_attctc_th:2199) INFO: end detected at 33
2018-07-11 13:17:18,136 (e2e_asr_attctc_th:2217) INFO: total log probability: -25.7783027142
2018-07-11 13:17:18,136 (e2e_asr_attctc_th:2218) INFO: normalized log probability: -1.03113210857
2018-07-11 13:17:18,138 (asr_pytorch:468) INFO: groundtruth[1504-1_spk_1504_1_002838-003276]: 耗<unk>戛址4K俏25KF6KF吔埗然院且綺鄔側緘儼想旨
2018-07-11 13:17:18,138 (asr_pytorch:469) INFO: prediction [1504-1_spk_1504_1_002838-003276]: 而傢個地方之係已經唔識落擊同埋冇眼上網俾賺有話<eos>
2018-07-11 13:17:18,150 (e2e_asr_attctc_th:2977) INFO: BLSTMP input lengths: [46]
2018-07-11 13:17:18,288 (e2e_asr_attctc_th:2067) INFO: input lengths: 12
2018-07-11 13:17:18,290 (e2e_asr_attctc_th:2091) INFO: max output length: 12
2018-07-11 13:17:18,290 (e2e_asr_attctc_th:2092) INFO: min output length: 0
2018-07-11 13:17:18,749 (e2e_asr_attctc_th:2199) INFO: end detected at 7
2018-07-11 13:17:18,749 (e2e_asr_attctc_th:2217) INFO: total log probability: -0.00792365823872
2018-07-11 13:17:18,749 (e2e_asr_attctc_th:2218) INFO: normalized log probability: -0.00264121941291
2018-07-11 13:17:18,750 (asr_pytorch:468) INFO: groundtruth[1504-2_spk_1504_2_017848-017896]: 嗶
2018-07-11 13:17:18,750 (asr_pytorch:469) INFO: prediction [1504-2_spk_1504_2_017848-017896]: 嗯<eos>
2018-07-11 13:17:18,758 (e2e_asr_attctc_th:2977) INFO: BLSTMP input lengths: [213]
2018-07-11 13:17:19,057 (e2e_asr_attctc_th:2067) INFO: input lengths: 54
2018-07-11 13:17:19,058 (e2e_asr_attctc_th:2091) INFO: max output length: 54
2018-07-11 13:17:19,058 (e2e_asr_attctc_th:2092) INFO: min output length: 0
2018-07-11 13:17:21,272 (e2e_asr_attctc_th:2199) INFO: end detected at 20
2018-07-11 13:17:21,272 (e2e_asr_attctc_th:2217) INFO: total log probability: -10.8438954887
2018-07-11 13:17:21,272 (e2e_asr_attctc_th:2218) INFO: normalized log probability: -0.72292636591
2018-07-11 13:17:21,274 (asr_pytorch:468) INFO: groundtruth[3_spk_3_014610-014825]: 咋戡耐酋用訢埗戛盾緣霆誅啯
2018-07-11 13:17:21,274 (asr_pytorch:469) INFO: prediction [3_spk_3_014610-014825]: 咁啊即等山寄埋我直線電話啦<eos>
2018-07-11 13:17:21,287 (e2e_asr_attctc_th:2977) INFO: BLSTMP input lengths: [229]
2018-07-11 13:17:21,754 (e2e_asr_attctc_th:2067) INFO: input lengths: 58
2018-07-11 13:17:21,755 (e2e_asr_attctc_th:2091) INFO: max output length: 58
2018-07-11 13:17:21,755 (e2e_asr_attctc_th:2092) INFO: min output length: 0
2018-07-11 13:17:24,198 (e2e_asr_attctc_th:2199) INFO: end detected at 21
2018-07-11 13:17:24,199 (e2e_asr_attctc_th:2217) INFO: total log probability: -3.24462596606
2018-07-11 13:17:24,199 (e2e_asr_attctc_th:2218) INFO: normalized log probability: -0.202789122879
2018-07-11 13:17:24,200 (asr_pytorch:468) INFO: groundtruth[1502-2_spk_1502_2_059891-060122]: 逆道嚦毯佬宣佬盾掩叄戛員
2018-07-11 13:17:24,201 (asr_pytorch:469) INFO: prediction [1502-2_spk_1502_2_059891-060122]: 送過嚟俾你定係你直接所以我哋<eos>
2018-07-11 13:17:24,210 (e2e_asr_attctc_th:2977) INFO: BLSTMP input lengths: [630]
2018-07-11 13:17:25,069 (e2e_asr_attctc_th:2067) INFO: input lengths: 158
2018-07-11 13:17:25,070 (e2e_asr_attctc_th:2091) INFO: max output length: 158
2018-07-11 13:17:25,070 (e2e_asr_attctc_th:2092) INFO: min output length: 0
2018-07-11 13:17:30,862 (e2e_asr_attctc_th:2199) INFO: end detected at 32
2018-07-11 13:17:30,863 (e2e_asr_attctc_th:2217) INFO: total log probability: -13.3138069706
2018-07-11 13:17:30,863 (e2e_asr_attctc_th:2218) INFO: normalized log probability: -0.493103961874
2018-07-11 13:17:30,864 (asr_pytorch:468) INFO: groundtruth[1504-2_spk_1504_2_022194-022826]: 唪俏喔瑀旬戛戛瑀旬B街道呯戛覢刺嗷倔咯啖馭渺寵額俏咱啖
2018-07-11 13:17:30,864 (asr_pytorch:469) INFO: prediction [1504-2_spk_1504_2_022194-022826]: 唔係喎我同埋我係啊係啊我呢我見到嗰個咩啊香港歡行啊<eos>
2018-07-11 13:17:30,872 (e2e_asr_attctc_th:2977) INFO: BLSTMP input lengths: [249]
2018-07-11 13:17:31,231 (e2e_asr_attctc_th:2067) INFO: input lengths: 63
2018-07-11 13:17:31,231 (e2e_asr_attctc_th:2091) INFO: max output length: 63
2018-07-11 13:17:31,231 (e2e_asr_attctc_th:2092) INFO: min output length: 0
2018-07-11 13:17:33,539 (e2e_asr_attctc_th:2206) INFO: no hypothesis. Finish decoding.
2018-07-11 13:17:33,539 (e2e_asr_attctc_th:2217) INFO: total log probability: -3.98189101834
2018-07-11 13:17:33,539 (e2e_asr_attctc_th:2218) INFO: normalized log probability: -0.209573211492
2018-07-11 13:17:33,540 (asr_pytorch:468) INFO: groundtruth[1502-2_spk_1502_2_083290-083541]: 眯俏諦何貽霆誅嘍晏倣佬唪妊咋怪貽何
2018-07-11 13:17:33,540 (asr_pytorch:469) INFO: prediction [1502-2_spk_1502_2_083290-083541]: 真係諗住買電話嘅時候你唔好更加買住<eos>
2018-07-11 13:17:33,550 (e2e_asr_attctc_th:2977) INFO: BLSTMP input lengths: [538]
2018-07-11 13:17:34,264 (e2e_asr_attctc_th:2067) INFO: input lengths: 135
2018-07-11 13:17:34,264 (e2e_asr_attctc_th:2091) INFO: max output length: 135
2018-07-11 13:17:34,265 (e2e_asr_attctc_th:2092) INFO: min output length: 0
2018-07-11 13:17:40,754 (e2e_asr_attctc_th:2199) INFO: end detected at 41
2018-07-11 13:17:40,754 (e2e_asr_attctc_th:2217) INFO: total log probability: -24.8910877698
2018-07-11 13:17:40,754 (e2e_asr_attctc_th:2218) INFO: normalized log probability: -0.711173936279
2018-07-11 13:17:40,755 (asr_pytorch:468) INFO: groundtruth[4_spk_4_030620-031160]: 咋尻司件啯揉畸然垣_MJM蛤裴俊服朕戛員嘍皂訢扔纔倔啼換祈嘍妊簽喵嘍姚
2018-07-11 13:17:40,756 (asr_pytorch:469) INFO: prediction [4_spk_4_030620-031160]: 咁就可以啦簡單門嘅話拜蛋去變會有我哋嘅跟著手續嗰啲提示噶好簡單噶啫<eos>
2018-07-11 13:17:40,763 (e2e_asr_attctc_th:2977) INFO: BLSTMP input lengths: [198]
2018-07-11 13:17:41,045 (e2e_asr_attctc_th:2067) INFO: input lengths: 50
2018-07-11 13:17:41,046 (e2e_asr_attctc_th:2091) INFO: max output length: 50
2018-07-11 13:17:41,046 (e2e_asr_attctc_th:2092) INFO: min output length: 0
2018-07-11 13:17:43,303 (e2e_asr_attctc_th:2199) INFO: end detected at 22
2018-07-11 13:17:43,304 (e2e_asr_attctc_th:2217) INFO: total log probability: -21.7342287898
2018-07-11 13:17:43,304 (e2e_asr_attctc_th:2218) INFO: normalized log probability: -1.44894858599
2018-07-11 13:17:43,306 (asr_pytorch:468) INFO: groundtruth[4_spk_4_073442-073642]: 疊佬見津由嘍晏倣
2018-07-11 13:17:43,306 (asr_pytorch:469) INFO: prediction [4_spk_4_073442-073642]: 啊我哋要就有冇乜比較多數球<eos>
2018-07-11 13:17:43,315 (e2e_asr_attctc_th:2977) INFO: BLSTMP input lengths: [223]
2018-07-11 13:17:43,610 (e2e_asr_attctc_th:2067) INFO: input lengths: 56
2018-07-11 13:17:43,611 (e2e_asr_attctc_th:2091) INFO: max output length: 56
2018-07-11 13:17:43,611 (e2e_asr_attctc_th:2092) INFO: min output length: 0
2018-07-11 13:17:44,595 (e2e_asr_attctc_th:2206) INFO: no hypothesis. Finish decoding.
2018-07-11 13:17:44,596 (e2e_asr_attctc_th:2217) INFO: total log probability: -2.21157104196
2018-07-11 13:17:44,596 (e2e_asr_attctc_th:2218) INFO: normalized log probability: -0.221157104196
2018-07-11 13:17:44,596 (asr_pytorch:468) INFO: groundtruth[1501-1_spk_1501_1_036978-037203]: 冀寫俏逆叄佬屏伏
2018-07-11 13:17:44,597 (asr_pytorch:469) INFO: prediction [1501-1_spk_1501_1_036978-037203]: 其實去送去你屋企<eos>
2018-07-11 13:17:44,606 (e2e_asr_attctc_th:2977) INFO: BLSTMP input lengths: [276]
2018-07-11 13:17:44,966 (e2e_asr_attctc_th:2067) INFO: input lengths: 69
2018-07-11 13:17:44,967 (e2e_asr_attctc_th:2091) INFO: max output length: 69
2018-07-11 13:17:44,967 (e2e_asr_attctc_th:2092) INFO: min output length: 0
2018-07-11 13:17:46,473 (e2e_asr_attctc_th:2199) INFO: end detected at 15
2018-07-11 13:17:46,474 (e2e_asr_attctc_th:2217) INFO: total log probability: -3.48069452308
2018-07-11 13:17:46,474 (e2e_asr_attctc_th:2218) INFO: normalized log probability: -0.348069452308
2018-07-11 13:17:46,474 (asr_pytorch:468) INFO: groundtruth[9_spk_9_001092-001370]: 煉得尻且唪刺綺啯
2018-07-11 13:17:46,474 (asr_pytorch:469) INFO: prediction [9_spk_9_001092-001370]: 然後就上唔到忙啦<eos>
2018-07-11 13:17:46,482 (e2e_asr_attctc_th:2977) INFO: BLSTMP input lengths: [198]
2018-07-11 13:17:46,767 (e2e_asr_attctc_th:2067) INFO: input lengths: 50
2018-07-11 13:17:46,767 (e2e_asr_attctc_th:2091) INFO: max output length: 50
2018-07-11 13:17:46,767 (e2e_asr_attctc_th:2092) INFO: min output length: 0
2018-07-11 13:17:49,065 (e2e_asr_attctc_th:2199) INFO: end detected at 19
2018-07-11 13:17:49,065 (e2e_asr_attctc_th:2217) INFO: total log probability: -6.49492448103
2018-07-11 13:17:49,065 (e2e_asr_attctc_th:2218) INFO: normalized log probability: -0.463923177216
2018-07-11 13:17:49,066 (asr_pytorch:468) INFO: groundtruth[1501-1_spk_1501_1_018688-018888]: 佰朕兮倔朔俏唪津享<unk>賀嘍
2018-07-11 13:17:49,066 (asr_pytorch:469) INFO: prediction [1501-1_spk_1501_1_018688-018888]: 佢有兩個月係唔使交學費嘅<eos>
2018-07-11 13:17:49,073 (e2e_asr_attctc_th:2977) INFO: BLSTMP input lengths: [40]
2018-07-11 13:17:49,168 (e2e_asr_attctc_th:2067) INFO: input lengths: 10
2018-07-11 13:17:49,168 (e2e_asr_attctc_th:2091) INFO: max output length: 10
2018-07-11 13:17:49,168 (e2e_asr_attctc_th:2092) INFO: min output length: 0
2018-07-11 13:17:49,740 (e2e_asr_attctc_th:2180) INFO: adding <eos> in the last postion in the loop
2018-07-11 13:17:49,741 (e2e_asr_attctc_th:2199) INFO: end detected at 9
2018-07-11 13:17:49,741 (e2e_asr_attctc_th:2217) INFO: total log probability: -2.34835404158
2018-07-11 13:17:49,741 (e2e_asr_attctc_th:2218) INFO: normalized log probability: -0.782784680525
2018-07-11 13:17:49,742 (asr_pytorch:468) INFO: groundtruth[1501-1_spk_1501_1_069009-069051]: 俏
2018-07-11 13:17:49,742 (asr_pytorch:469) INFO: prediction [1501-1_spk_1501_1_069009-069051]: 誒<eos>
2018-07-11 13:17:49,750 (e2e_asr_attctc_th:2977) INFO: BLSTMP input lengths: [51]
2018-07-11 13:17:49,853 (e2e_asr_attctc_th:2067) INFO: input lengths: 13
2018-07-11 13:17:49,853 (e2e_asr_attctc_th:2091) INFO: max output length: 13
2018-07-11 13:17:49,853 (e2e_asr_attctc_th:2092) INFO: min output length: 0
2018-07-11 13:17:50,387 (e2e_asr_attctc_th:2199) INFO: end detected at 8
2018-07-11 13:17:50,387 (e2e_asr_attctc_th:2217) INFO: total log probability: -0.407416645437
2018-07-11 13:17:50,387 (e2e_asr_attctc_th:2218) INFO: normalized log probability: -0.101854161359
2018-07-11 13:17:50,388 (asr_pytorch:468) INFO: groundtruth[1501-1_spk_1501_1_012350-012403]: 俏啯
2018-07-11 13:17:50,388 (asr_pytorch:469) INFO: prediction [1501-1_spk_1501_1_012350-012403]: 係啦<eos>
2018-07-11 13:17:50,397 (e2e_asr_attctc_th:2977) INFO: BLSTMP input lengths: [183]
2018-07-11 13:17:50,701 (e2e_asr_attctc_th:2067) INFO: input lengths: 46
2018-07-11 13:17:50,701 (e2e_asr_attctc_th:2091) INFO: max output length: 46
2018-07-11 13:17:50,701 (e2e_asr_attctc_th:2092) INFO: min output length: 0
2018-07-11 13:17:52,716 (e2e_asr_attctc_th:2199) INFO: end detected at 19
2018-07-11 13:17:52,717 (e2e_asr_attctc_th:2217) INFO: total log probability: -11.6185838478
2018-07-11 13:17:52,717 (e2e_asr_attctc_th:2218) INFO: normalized log probability: -0.829898846269
2018-07-11 13:17:52,718 (asr_pytorch:468) INFO: groundtruth[1503-1_spk_1503_1_077245-077430]: 囹烕手朕旨吔井鄔服睛刺旨
2018-07-11 13:17:52,718 (asr_pytorch:469) INFO: prediction [1503-1_spk_1503_1_077245-077430]: 因為所人係平時都會係走噶<eos>
2018-07-11 13:17:52,726 (e2e_asr_attctc_th:2977) INFO: BLSTMP input lengths: [258]
2018-07-11 13:17:53,129 (e2e_asr_attctc_th:2067) INFO: input lengths: 65
2018-07-11 13:17:53,130 (e2e_asr_attctc_th:2091) INFO: max output length: 65
2018-07-11 13:17:53,130 (e2e_asr_attctc_th:2092) INFO: min output length: 0
2018-07-11 13:17:55,724 (e2e_asr_attctc_th:2199) INFO: end detected at 24
2018-07-11 13:17:55,725 (e2e_asr_attctc_th:2217) INFO: total log probability: -9.0640377875
2018-07-11 13:17:55,725 (e2e_asr_attctc_th:2218) INFO: normalized log probability: -0.503557654861
2018-07-11 13:17:55,726 (asr_pytorch:468) INFO: groundtruth[1502-2_spk_1502_2_048236-048496]: 佬呯倔TPER鄔俏司件兢賀YTKVEHI且叄
2018-07-11 13:17:55,726 (asr_pytorch:469) INFO: prediction [1502-2_spk_1502_2_048236-048496]: 你個PLAN都係可以麵發入去上去<eos>
2018-07-11 13:17:55,734 (e2e_asr_attctc_th:2977) INFO: BLSTMP input lengths: [93]
2018-07-11 13:17:55,887 (e2e_asr_attctc_th:2067) INFO: input lengths: 24
2018-07-11 13:17:55,887 (e2e_asr_attctc_th:2091) INFO: max output length: 24
2018-07-11 13:17:55,887 (e2e_asr_attctc_th:2092) INFO: min output length: 0
2018-07-11 13:17:57,017 (e2e_asr_attctc_th:2199) INFO: end detected at 14
2018-07-11 13:17:57,018 (e2e_asr_attctc_th:2217) INFO: total log probability: -6.68595347065
2018-07-11 13:17:57,018 (e2e_asr_attctc_th:2218) INFO: normalized log probability: -0.742883718961
2018-07-11 13:17:57,019 (asr_pytorch:468) INFO: groundtruth[9_spk_9_040925-041020]: 嗶嗶
2018-07-11 13:17:57,019 (asr_pytorch:469) INFO: prediction [9_spk_9_040925-041020]: 佢有可能要呢人<eos>
2018-07-11 13:17:57,027 (e2e_asr_attctc_th:2977) INFO: BLSTMP input lengths: [107]
2018-07-11 13:17:57,196 (e2e_asr_attctc_th:2067) INFO: input lengths: 27
2018-07-11 13:17:57,196 (e2e_asr_attctc_th:2091) INFO: max output length: 27
2018-07-11 13:17:57,196 (e2e_asr_attctc_th:2092) INFO: min output length: 0
2018-07-11 13:17:58,447 (e2e_asr_attctc_th:2199) INFO: end detected at 14
2018-07-11 13:17:58,447 (e2e_asr_attctc_th:2217) INFO: total log probability: -4.43735843524
2018-07-11 13:17:58,447 (e2e_asr_attctc_th:2218) INFO: normalized log probability: -0.443735843524
2018-07-11 13:17:58,448 (asr_pytorch:468) INFO: groundtruth[1502-2_spk_1502_2_082786-082895]: 刺晏司件扚迫倔盾緣
2018-07-11 13:17:58,448 (asr_pytorch:469) INFO: prediction [1502-2_spk_1502_2_082786-082895]: 到時開假翻落食先<eos>
2018-07-11 13:17:58,456 (e2e_asr_attctc_th:2977) INFO: BLSTMP input lengths: [198]
2018-07-11 13:17:58,758 (e2e_asr_attctc_th:2067) INFO: input lengths: 50
2018-07-11 13:17:58,759 (e2e_asr_attctc_th:2091) INFO: max output length: 50
2018-07-11 13:17:58,759 (e2e_asr_attctc_th:2092) INFO: min output length: 0
2018-07-11 13:17:59,912 (e2e_asr_attctc_th:2199) INFO: end detected at 14
2018-07-11 13:17:59,912 (e2e_asr_attctc_th:2217) INFO: total log probability: -5.67751305364
2018-07-11 13:17:59,912 (e2e_asr_attctc_th:2218) INFO: normalized log probability: -0.709689131705
2018-07-11 13:17:59,913 (asr_pytorch:468) INFO: groundtruth[1501-1_spk_1501_1_011263-011463]: 尻JVII兮倔朔嘍
2018-07-11 13:17:59,913 (asr_pytorch:469) INFO: prediction [1501-1_spk_1501_1_011263-011463]: 就飛兩個月啫<eos>
# Accounting: time=288 threads=1
# Ended (code 0) at Wed Jul 11 13:18:00 HKT 2018, elapsed time 288 seconds
# Accounting: time=485 threads=1
# Ended (code 0) at Wed Jul 11 13:19:55 HKT 2018, elapsed time 485 seconds
