# asr_recog.py --ngpu 0 --backend pytorch --recog-json smartone_data/smartone_kaldi/split32utt/data.20.json --result-label smartone_data/baseline/decode/data.20.json --model smartone_data/baseline/model.acc.best --model-conf smartone_data/baseline/model.conf --beam-size 20 --penalty 0.0 --maxlenratio 0.0 --minlenratio 0.0 --ctc-weight 0.3 
# Started at Wed Jul 11 13:13:12 HKT 2018
#
2018-07-11 13:13:13,050 (asr_recog:110) INFO: python path = /home/lahiru/Devinstalls/espnet_new/espnet/egs/domain_adaptation_cantonese/asr5/../../../src/lm/:/home/lahiru/Devinstalls/espnet_new/espnet/egs/domain_adaptation_cantonese/asr5/../../../src/asr/:/home/lahiru/Devinstalls/espnet_new/espnet/egs/domain_adaptation_cantonese/asr5/../../../src/nets/:/home/lahiru/Devinstalls/espnet_new/espnet/egs/domain_adaptation_cantonese/asr5/../../../src/utils/:/home/lahiru/Devinstalls/espnet_new/espnet/egs/domain_adaptation_cantonese/asr5/../../../src/bin/:/home/lahiru/Devinstalls/espnet_new/espnet/egs/domain_adaptation_cantonese/asr5/../../../src/lm/:/home/lahiru/Devinstalls/espnet_new/espnet/egs/domain_adaptation_cantonese/asr5/../../../src/asr/:/home/lahiru/Devinstalls/espnet_new/espnet/egs/domain_adaptation_cantonese/asr5/../../../src/nets/:/home/lahiru/Devinstalls/espnet_new/espnet/egs/domain_adaptation_cantonese/asr5/../../../src/utils/:/home/lahiru/Devinstalls/espnet_new/espnet/egs/domain_adaptation_cantonese/asr5/../../../src/bin/:
2018-07-11 13:13:13,050 (asr_recog:115) INFO: set random seed = 1
2018-07-11 13:13:13,050 (asr_recog:118) INFO: backend = pytorch
2018-07-11 13:13:13,790 (asr_pytorch:393) INFO: reading a model config file fromsmartone_data/baseline/model.conf
2018-07-11 13:13:13,818 (asr_pytorch:397) INFO: ARGS: backend: pytorch
2018-07-11 13:13:13,818 (asr_pytorch:397) INFO: ARGS: beam_size: 20
2018-07-11 13:13:13,818 (asr_pytorch:397) INFO: ARGS: ctc_weight: 0.3
2018-07-11 13:13:13,818 (asr_pytorch:397) INFO: ARGS: da: 0
2018-07-11 13:13:13,818 (asr_pytorch:397) INFO: ARGS: daconfig: 3
2018-07-11 13:13:13,818 (asr_pytorch:397) INFO: ARGS: datype: bias
2018-07-11 13:13:13,818 (asr_pytorch:397) INFO: ARGS: debugmode: 1
2018-07-11 13:13:13,818 (asr_pytorch:397) INFO: ARGS: gpu: None
2018-07-11 13:13:13,818 (asr_pytorch:397) INFO: ARGS: lm_weight: 0.1
2018-07-11 13:13:13,818 (asr_pytorch:397) INFO: ARGS: maxlenratio: 0.0
2018-07-11 13:13:13,818 (asr_pytorch:397) INFO: ARGS: minlenratio: 0.0
2018-07-11 13:13:13,818 (asr_pytorch:397) INFO: ARGS: model: smartone_data/baseline/model.acc.best
2018-07-11 13:13:13,819 (asr_pytorch:397) INFO: ARGS: model_conf: smartone_data/baseline/model.conf
2018-07-11 13:13:13,819 (asr_pytorch:397) INFO: ARGS: nbest: 1
2018-07-11 13:13:13,819 (asr_pytorch:397) INFO: ARGS: ngpu: 0
2018-07-11 13:13:13,819 (asr_pytorch:397) INFO: ARGS: penalty: 0.0
2018-07-11 13:13:13,819 (asr_pytorch:397) INFO: ARGS: recog_feat: None
2018-07-11 13:13:13,819 (asr_pytorch:397) INFO: ARGS: recog_json: smartone_data/smartone_kaldi/split32utt/data.20.json
2018-07-11 13:13:13,819 (asr_pytorch:397) INFO: ARGS: recog_label: None
2018-07-11 13:13:13,819 (asr_pytorch:397) INFO: ARGS: result_label: smartone_data/baseline/decode/data.20.json
2018-07-11 13:13:13,819 (asr_pytorch:397) INFO: ARGS: rnnlm: None
2018-07-11 13:13:13,819 (asr_pytorch:397) INFO: ARGS: seed: 1
2018-07-11 13:13:13,819 (asr_pytorch:397) INFO: ARGS: verbose: 1
2018-07-11 13:13:13,819 (asr_pytorch:397) INFO: ARGS: word_dict: None
2018-07-11 13:13:13,819 (asr_pytorch:397) INFO: ARGS: word_rnnlm: None
2018-07-11 13:13:13,819 (asr_pytorch:400) INFO: reading model parameters fromsmartone_data/baseline/model.acc.best
2018-07-11 13:13:13,820 (e2e_asr_attctc_th:184) INFO: subsample: 1 2 2 1 1
2018-07-11 13:13:13,935 (e2e_asr_attctc_th:2317) INFO: BLSTM with every-layer projection for encoder
2018-07-11 13:13:16,152 (e2e_asr_attctc_th:2977) INFO: BLSTMP input lengths: [450]
2018-07-11 13:13:16,996 (e2e_asr_attctc_th:2067) INFO: input lengths: 113
2018-07-11 13:13:16,997 (e2e_asr_attctc_th:2091) INFO: max output length: 113
2018-07-11 13:13:16,997 (e2e_asr_attctc_th:2092) INFO: min output length: 0
2018-07-11 13:13:23,135 (e2e_asr_attctc_th:2206) INFO: no hypothesis. Finish decoding.
2018-07-11 13:13:23,135 (e2e_asr_attctc_th:2217) INFO: total log probability: -15.4534588587
2018-07-11 13:13:23,135 (e2e_asr_attctc_th:2218) INFO: normalized log probability: -0.532877891678
2018-07-11 13:13:23,136 (asr_pytorch:468) INFO: groundtruth[1504-2_spk_1504_2_093506-093958]: 戛呯倔霆誅剭<unk>柎咒喔<unk>咩序倔朔柎咒喔佬黴言矮遛戛呯嗷旨
2018-07-11 13:13:23,136 (asr_pytorch:469) INFO: prediction [1504-2_spk_1504_2_093506-093958]: 我呢個電話觀齣嗰個喎齣得幾個月著咗喎你記得呢度我呢個嘅<eos>
2018-07-11 13:13:23,153 (e2e_asr_attctc_th:2977) INFO: BLSTMP input lengths: [325]
2018-07-11 13:13:24,038 (e2e_asr_attctc_th:2067) INFO: input lengths: 82
2018-07-11 13:13:24,039 (e2e_asr_attctc_th:2091) INFO: max output length: 82
2018-07-11 13:13:24,039 (e2e_asr_attctc_th:2092) INFO: min output length: 0
2018-07-11 13:13:27,798 (e2e_asr_attctc_th:2199) INFO: end detected at 26
2018-07-11 13:13:27,799 (e2e_asr_attctc_th:2217) INFO: total log probability: -12.2796184812
2018-07-11 13:13:27,799 (e2e_asr_attctc_th:2218) INFO: normalized log probability: -0.646295709535
2018-07-11 13:13:27,799 (asr_pytorch:468) INFO: groundtruth[1505-1_spk_1505_1_058170-058497]: 106蚧倔倔呯尻俏化埗街敏隴遛賀嘍
2018-07-11 13:13:27,800 (asr_pytorch:469) INFO: prediction [1505-1_spk_1505_1_058170-058497]: 一百嚟老溫嗰個呢就係包啊正常度快嘅<eos>
2018-07-11 13:13:27,808 (e2e_asr_attctc_th:2977) INFO: BLSTMP input lengths: [233]
2018-07-11 13:13:28,158 (e2e_asr_attctc_th:2067) INFO: input lengths: 59
2018-07-11 13:13:28,158 (e2e_asr_attctc_th:2091) INFO: max output length: 59
2018-07-11 13:13:28,158 (e2e_asr_attctc_th:2092) INFO: min output length: 0
2018-07-11 13:13:29,654 (e2e_asr_attctc_th:2206) INFO: no hypothesis. Finish decoding.
2018-07-11 13:13:29,654 (e2e_asr_attctc_th:2217) INFO: total log probability: -5.49132087128
2018-07-11 13:13:29,654 (e2e_asr_attctc_th:2218) INFO: normalized log probability: -0.422409297791
2018-07-11 13:13:29,655 (asr_pytorch:468) INFO: groundtruth[1505-1_spk_1505_1_091918-092153]: 咋佬<unk>震見筐考誅佬俏
2018-07-11 13:13:29,655 (asr_pytorch:469) INFO: prediction [1505-1_spk_1505_1_091918-092153]: 咁你轉需要等翻啊嘛你係<eos>
2018-07-11 13:13:29,663 (e2e_asr_attctc_th:2977) INFO: BLSTMP input lengths: [18]
2018-07-11 13:13:29,712 (e2e_asr_attctc_th:2067) INFO: input lengths: 5
2018-07-11 13:13:29,712 (e2e_asr_attctc_th:2091) INFO: max output length: 5
2018-07-11 13:13:29,712 (e2e_asr_attctc_th:2092) INFO: min output length: 0
2018-07-11 13:13:29,811 (e2e_asr_attctc_th:2206) INFO: no hypothesis. Finish decoding.
2018-07-11 13:13:29,812 (e2e_asr_attctc_th:2217) INFO: total log probability: -2.17518826202
2018-07-11 13:13:29,812 (e2e_asr_attctc_th:2218) INFO: normalized log probability: -0.725062754005
2018-07-11 13:13:29,812 (asr_pytorch:468) INFO: groundtruth[4_spk_4_013391-013412]: 頻
2018-07-11 13:13:29,812 (asr_pytorch:469) INFO: prediction [4_spk_4_013391-013412]: 後<eos>
2018-07-11 13:13:29,819 (e2e_asr_attctc_th:2977) INFO: BLSTMP input lengths: [61]
2018-07-11 13:13:29,929 (e2e_asr_attctc_th:2067) INFO: input lengths: 16
2018-07-11 13:13:29,930 (e2e_asr_attctc_th:2091) INFO: max output length: 16
2018-07-11 13:13:29,930 (e2e_asr_attctc_th:2092) INFO: min output length: 0
2018-07-11 13:13:30,685 (e2e_asr_attctc_th:2199) INFO: end detected at 9
2018-07-11 13:13:30,686 (e2e_asr_attctc_th:2217) INFO: total log probability: -1.27516423818
2018-07-11 13:13:30,686 (e2e_asr_attctc_th:2218) INFO: normalized log probability: -0.255032847635
2018-07-11 13:13:30,688 (asr_pytorch:468) INFO: groundtruth[1505-1_spk_1505_1_045391-045454]: 囹烕司脇
2018-07-11 13:13:30,688 (asr_pytorch:469) INFO: prediction [1505-1_spk_1505_1_045391-045454]: 哇可能<eos>
2018-07-11 13:13:30,697 (e2e_asr_attctc_th:2977) INFO: BLSTMP input lengths: [261]
2018-07-11 13:13:31,085 (e2e_asr_attctc_th:2067) INFO: input lengths: 66
2018-07-11 13:13:31,086 (e2e_asr_attctc_th:2091) INFO: max output length: 66
2018-07-11 13:13:31,086 (e2e_asr_attctc_th:2092) INFO: min output length: 0
2018-07-11 13:13:33,209 (e2e_asr_attctc_th:2199) INFO: end detected at 19
2018-07-11 13:13:33,210 (e2e_asr_attctc_th:2217) INFO: total log probability: -15.0960558951
2018-07-11 13:13:33,210 (e2e_asr_attctc_th:2218) INFO: normalized log probability: -1.37236871774
2018-07-11 13:13:33,211 (asr_pytorch:468) INFO: groundtruth[8_spk_8_067937-068200]: 唪俏囹烕戛仕旬間姓佰尻俏囹烕
2018-07-11 13:13:33,212 (asr_pytorch:469) INFO: prediction [8_spk_8_067937-068200]: 請就真心曬啫佢係咪<eos>
2018-07-11 13:13:33,220 (e2e_asr_attctc_th:2977) INFO: BLSTMP input lengths: [246]
2018-07-11 13:13:33,580 (e2e_asr_attctc_th:2067) INFO: input lengths: 62
2018-07-11 13:13:33,581 (e2e_asr_attctc_th:2091) INFO: max output length: 62
2018-07-11 13:13:33,581 (e2e_asr_attctc_th:2092) INFO: min output length: 0
2018-07-11 13:13:35,632 (e2e_asr_attctc_th:2199) INFO: end detected at 17
2018-07-11 13:13:35,632 (e2e_asr_attctc_th:2217) INFO: total log probability: -7.18176274747
2018-07-11 13:13:35,632 (e2e_asr_attctc_th:2218) INFO: normalized log probability: -0.552443288267
2018-07-11 13:13:35,633 (asr_pytorch:468) INFO: groundtruth[1502-1_spk_1502_1_036214-036462]: 司件鄔逆三幻兮KF毯戛呈嘢
2018-07-11 13:13:35,634 (asr_pytorch:469) INFO: prediction [1502-1_spk_1502_1_036214-036462]: 可以都送一年啦誒俾我啊<eos>
2018-07-11 13:13:35,641 (e2e_asr_attctc_th:2977) INFO: BLSTMP input lengths: [145]
2018-07-11 13:13:35,859 (e2e_asr_attctc_th:2067) INFO: input lengths: 37
2018-07-11 13:13:35,860 (e2e_asr_attctc_th:2091) INFO: max output length: 37
2018-07-11 13:13:35,860 (e2e_asr_attctc_th:2092) INFO: min output length: 0
2018-07-11 13:13:37,207 (e2e_asr_attctc_th:2199) INFO: end detected at 14
2018-07-11 13:13:37,207 (e2e_asr_attctc_th:2217) INFO: total log probability: -7.85757784918
2018-07-11 13:13:37,207 (e2e_asr_attctc_th:2218) INFO: normalized log probability: -0.785757784918
2018-07-11 13:13:37,209 (asr_pytorch:468) INFO: groundtruth[4_spk_4_014477-014624]: 且綺吟嘢嗷倔延呑
2018-07-11 13:13:37,209 (asr_pytorch:469) INFO: prediction [4_spk_4_014477-014624]: 仲有網吧嗰個廣告<eos>
2018-07-11 13:13:37,216 (e2e_asr_attctc_th:2977) INFO: BLSTMP input lengths: [78]
2018-07-11 13:13:37,329 (e2e_asr_attctc_th:2067) INFO: input lengths: 20
2018-07-11 13:13:37,330 (e2e_asr_attctc_th:2091) INFO: max output length: 20
2018-07-11 13:13:37,330 (e2e_asr_attctc_th:2092) INFO: min output length: 0
2018-07-11 13:13:38,505 (e2e_asr_attctc_th:2199) INFO: end detected at 14
2018-07-11 13:13:38,505 (e2e_asr_attctc_th:2217) INFO: total log probability: -5.40023851395
2018-07-11 13:13:38,505 (e2e_asr_attctc_th:2218) INFO: normalized log probability: -1.08004770279
2018-07-11 13:13:38,507 (asr_pytorch:468) INFO: groundtruth[9_spk_9_039717-039797]: RSXGSRRIGX嘍
2018-07-11 13:13:38,507 (asr_pytorch:469) INFO: prediction [9_spk_9_039717-039797]: 乜講咩<eos>
2018-07-11 13:13:38,516 (e2e_asr_attctc_th:2977) INFO: BLSTMP input lengths: [313]
2018-07-11 13:13:39,013 (e2e_asr_attctc_th:2067) INFO: input lengths: 79
2018-07-11 13:13:39,013 (e2e_asr_attctc_th:2091) INFO: max output length: 79
2018-07-11 13:13:39,013 (e2e_asr_attctc_th:2092) INFO: min output length: 0
2018-07-11 13:13:41,357 (e2e_asr_attctc_th:2199) INFO: end detected at 18
2018-07-11 13:13:41,357 (e2e_asr_attctc_th:2217) INFO: total log probability: -10.4620735021
2018-07-11 13:13:41,357 (e2e_asr_attctc_th:2218) INFO: normalized log probability: -0.747290964438
2018-07-11 13:13:41,358 (asr_pytorch:468) INFO: groundtruth[9_spk_9_019575-019890]: 囹烕囹烕詭道序欸呯佰逸綺呯
2018-07-11 13:13:41,359 (asr_pytorch:469) INFO: prediction [9_spk_9_019575-019890]: 會因為說過幾次呢佢連冇呢<eos>
2018-07-11 13:13:41,366 (e2e_asr_attctc_th:2977) INFO: BLSTMP input lengths: [90]
2018-07-11 13:13:41,517 (e2e_asr_attctc_th:2067) INFO: input lengths: 23
2018-07-11 13:13:41,517 (e2e_asr_attctc_th:2091) INFO: max output length: 23
2018-07-11 13:13:41,517 (e2e_asr_attctc_th:2092) INFO: min output length: 0
2018-07-11 13:13:42,296 (e2e_asr_attctc_th:2199) INFO: end detected at 10
2018-07-11 13:13:42,296 (e2e_asr_attctc_th:2217) INFO: total log probability: -0.748212781735
2018-07-11 13:13:42,296 (e2e_asr_attctc_th:2218) INFO: normalized log probability: -0.124702130289
2018-07-11 13:13:42,297 (asr_pytorch:468) INFO: groundtruth[1501-1_spk_1501_1_083524-083616]: 杉仇呈嘢
2018-07-11 13:13:42,297 (asr_pytorch:469) INFO: prediction [1501-1_spk_1501_1_083524-083616]: 本人啊嘛<eos>
2018-07-11 13:13:42,312 (e2e_asr_attctc_th:2977) INFO: BLSTMP input lengths: [616]
2018-07-11 13:13:43,242 (e2e_asr_attctc_th:2067) INFO: input lengths: 154
2018-07-11 13:13:43,243 (e2e_asr_attctc_th:2091) INFO: max output length: 154
2018-07-11 13:13:43,243 (e2e_asr_attctc_th:2092) INFO: min output length: 0
2018-07-11 13:13:50,553 (e2e_asr_attctc_th:2199) INFO: end detected at 38
2018-07-11 13:13:50,553 (e2e_asr_attctc_th:2217) INFO: total log probability: -17.8828284978
2018-07-11 13:13:50,553 (e2e_asr_attctc_th:2218) INFO: normalized log probability: -0.541903893873
2018-07-11 13:13:50,555 (asr_pytorch:468) INFO: groundtruth[3_spk_3_034557-035175]: 咋戛弊譽畸囹烕邃兢畸佬宙紋乒得服甩用畸三倔歧億朔賀見丐皆三卉兵蚧
2018-07-11 13:13:50,555 (asr_pytorch:469) INFO: prediction [3_spk_3_034557-035175]: 咁我建議翻因為被麵翻嚟完約之後活長生翻一個進價魚費嘅生版十六蚊<eos>
2018-07-11 13:13:50,564 (e2e_asr_attctc_th:2977) INFO: BLSTMP input lengths: [446]
2018-07-11 13:13:51,178 (e2e_asr_attctc_th:2067) INFO: input lengths: 112
2018-07-11 13:13:51,178 (e2e_asr_attctc_th:2091) INFO: max output length: 112
2018-07-11 13:13:51,178 (e2e_asr_attctc_th:2092) INFO: min output length: 0
2018-07-11 13:13:55,451 (e2e_asr_attctc_th:2199) INFO: end detected at 28
2018-07-11 13:13:55,451 (e2e_asr_attctc_th:2217) INFO: total log probability: -43.3602340221
2018-07-11 13:13:55,451 (e2e_asr_attctc_th:2218) INFO: normalized log probability: -1.88522756618
2018-07-11 13:13:55,452 (asr_pytorch:468) INFO: groundtruth[8_spk_8_072832-073280]: 丕戛矮遛咋哲倔惕泌戛尻戛尻愈吔陋假尖姚謬畸妍枱眯俏
2018-07-11 13:13:55,452 (asr_pytorch:469) INFO: prediction [8_spk_8_072832-073280]: <SPK/>十十分之前傢成日想講咗同上先食十七月一色<eos>
2018-07-11 13:13:55,460 (e2e_asr_attctc_th:2977) INFO: BLSTMP input lengths: [170]
2018-07-11 13:13:55,696 (e2e_asr_attctc_th:2067) INFO: input lengths: 43
2018-07-11 13:13:55,697 (e2e_asr_attctc_th:2091) INFO: max output length: 43
2018-07-11 13:13:55,697 (e2e_asr_attctc_th:2092) INFO: min output length: 0
2018-07-11 13:13:57,136 (e2e_asr_attctc_th:2206) INFO: no hypothesis. Finish decoding.
2018-07-11 13:13:57,136 (e2e_asr_attctc_th:2217) INFO: total log probability: -7.19869278395
2018-07-11 13:13:57,136 (e2e_asr_attctc_th:2218) INFO: normalized log probability: -0.553745598765
2018-07-11 13:13:57,137 (asr_pytorch:468) INFO: groundtruth[4_spk_4_032785-032957]: 佬朕咯唪昕尻啞仇啯耗<unk>
2018-07-11 13:13:57,137 (asr_pytorch:469) INFO: prediction [4_spk_4_032785-032957]: 你諗成唔明啊問題啦係啦<eos>
2018-07-11 13:13:57,146 (e2e_asr_attctc_th:2977) INFO: BLSTMP input lengths: [311]
2018-07-11 13:13:57,586 (e2e_asr_attctc_th:2067) INFO: input lengths: 78
2018-07-11 13:13:57,586 (e2e_asr_attctc_th:2091) INFO: max output length: 78
2018-07-11 13:13:57,586 (e2e_asr_attctc_th:2092) INFO: min output length: 0
2018-07-11 13:14:01,165 (e2e_asr_attctc_th:2199) INFO: end detected at 27
2018-07-11 13:14:01,166 (e2e_asr_attctc_th:2217) INFO: total log probability: -27.0857229549
2018-07-11 13:14:01,166 (e2e_asr_attctc_th:2218) INFO: normalized log probability: -1.23116922522
2018-07-11 13:14:01,168 (asr_pytorch:468) INFO: groundtruth[9_spk_9_047517-047830]: B阪族妍枱ETR佬哲倔WIXXMRK嘍歪骯旅<unk>嘍誅呯
2018-07-11 13:14:01,168 (asr_pytorch:469) INFO: prediction [9_spk_9_047517-047830]: 誒中魚真啲啊咁有嘅即係成日補習安麵嘅話嘞<eos>
2018-07-11 13:14:01,176 (e2e_asr_attctc_th:2977) INFO: BLSTMP input lengths: [141]
2018-07-11 13:14:01,476 (e2e_asr_attctc_th:2067) INFO: input lengths: 36
2018-07-11 13:14:01,477 (e2e_asr_attctc_th:2091) INFO: max output length: 36
2018-07-11 13:14:01,477 (e2e_asr_attctc_th:2092) INFO: min output length: 0
2018-07-11 13:14:03,153 (e2e_asr_attctc_th:2199) INFO: end detected at 13
2018-07-11 13:14:03,154 (e2e_asr_attctc_th:2217) INFO: total log probability: -6.1865003854
2018-07-11 13:14:03,154 (e2e_asr_attctc_th:2218) INFO: normalized log probability: -0.883785769343
2018-07-11 13:14:03,155 (asr_pytorch:468) INFO: groundtruth[1501-2_spk_1501_2_071524-071667]: 卉蚊戡耐卉三蚊
2018-07-11 13:14:03,156 (asr_pytorch:469) INFO: prediction [1501-2_spk_1501_2_071524-071667]: 十個或者實<eos>
2018-07-11 13:14:03,170 (e2e_asr_attctc_th:2977) INFO: BLSTMP input lengths: [233]
2018-07-11 13:14:03,708 (e2e_asr_attctc_th:2067) INFO: input lengths: 59
2018-07-11 13:14:03,708 (e2e_asr_attctc_th:2091) INFO: max output length: 59
2018-07-11 13:14:03,709 (e2e_asr_attctc_th:2092) INFO: min output length: 0
2018-07-11 13:14:05,721 (e2e_asr_attctc_th:2199) INFO: end detected at 19
2018-07-11 13:14:05,721 (e2e_asr_attctc_th:2217) INFO: total log probability: -16.1440921128
2018-07-11 13:14:05,722 (e2e_asr_attctc_th:2218) INFO: normalized log probability: -1.3453410094
2018-07-11 13:14:05,723 (asr_pytorch:468) INFO: groundtruth[12_spk_12_059649-059884]: B唪妊感怦囹烕呯倔限劫
2018-07-11 13:14:05,723 (asr_pytorch:469) INFO: prediction [12_spk_12_059649-059884]: 就係滿啦呢生咗一十分<eos>
2018-07-11 13:14:05,731 (e2e_asr_attctc_th:2977) INFO: BLSTMP input lengths: [73]
2018-07-11 13:14:05,837 (e2e_asr_attctc_th:2067) INFO: input lengths: 19
2018-07-11 13:14:05,837 (e2e_asr_attctc_th:2091) INFO: max output length: 19
2018-07-11 13:14:05,837 (e2e_asr_attctc_th:2092) INFO: min output length: 0
2018-07-11 13:14:06,621 (e2e_asr_attctc_th:2199) INFO: end detected at 10
2018-07-11 13:14:06,621 (e2e_asr_attctc_th:2217) INFO: total log probability: -0.928820870817
2018-07-11 13:14:06,622 (e2e_asr_attctc_th:2218) INFO: normalized log probability: -0.154803478469
2018-07-11 13:14:06,622 (asr_pytorch:468) INFO: groundtruth[1502-2_spk_1502_2_018249-018324]: 俏俏俏
2018-07-11 13:14:06,622 (asr_pytorch:469) INFO: prediction [1502-2_spk_1502_2_018249-018324]: 真係係係<eos>
2018-07-11 13:14:06,630 (e2e_asr_attctc_th:2977) INFO: BLSTMP input lengths: [30]
2018-07-11 13:14:06,692 (e2e_asr_attctc_th:2067) INFO: input lengths: 8
2018-07-11 13:14:06,693 (e2e_asr_attctc_th:2091) INFO: max output length: 8
2018-07-11 13:14:06,693 (e2e_asr_attctc_th:2092) INFO: min output length: 0
2018-07-11 13:14:07,102 (e2e_asr_attctc_th:2180) INFO: adding <eos> in the last postion in the loop
2018-07-11 13:14:07,103 (e2e_asr_attctc_th:2199) INFO: end detected at 7
2018-07-11 13:14:07,103 (e2e_asr_attctc_th:2217) INFO: total log probability: -1.09021136304
2018-07-11 13:14:07,103 (e2e_asr_attctc_th:2218) INFO: normalized log probability: -0.363403787681
2018-07-11 13:14:07,104 (asr_pytorch:468) INFO: groundtruth[1501-2_spk_1501_2_068552-068584]: 俏
2018-07-11 13:14:07,104 (asr_pytorch:469) INFO: prediction [1501-2_spk_1501_2_068552-068584]: 唉<eos>
2018-07-11 13:14:07,111 (e2e_asr_attctc_th:2977) INFO: BLSTMP input lengths: [10]
2018-07-11 13:14:07,142 (e2e_asr_attctc_th:2067) INFO: input lengths: 3
2018-07-11 13:14:07,143 (e2e_asr_attctc_th:2091) INFO: max output length: 3
2018-07-11 13:14:07,143 (e2e_asr_attctc_th:2092) INFO: min output length: 0
2018-07-11 13:14:07,262 (e2e_asr_attctc_th:2180) INFO: adding <eos> in the last postion in the loop
2018-07-11 13:14:07,262 (e2e_asr_attctc_th:2206) INFO: no hypothesis. Finish decoding.
2018-07-11 13:14:07,262 (e2e_asr_attctc_th:2217) INFO: total log probability: -0.140003845096
2018-07-11 13:14:07,262 (e2e_asr_attctc_th:2218) INFO: normalized log probability: -0.0466679483652
2018-07-11 13:14:07,263 (asr_pytorch:468) INFO: groundtruth[1501-1_spk_1501_1_093317-093329]: 俏
2018-07-11 13:14:07,263 (asr_pytorch:469) INFO: prediction [1501-1_spk_1501_1_093317-093329]: 係<eos>
2018-07-11 13:14:07,270 (e2e_asr_attctc_th:2977) INFO: BLSTMP input lengths: [162]
2018-07-11 13:14:07,501 (e2e_asr_attctc_th:2067) INFO: input lengths: 41
2018-07-11 13:14:07,502 (e2e_asr_attctc_th:2091) INFO: max output length: 41
2018-07-11 13:14:07,502 (e2e_asr_attctc_th:2092) INFO: min output length: 0
2018-07-11 13:14:08,853 (e2e_asr_attctc_th:2206) INFO: no hypothesis. Finish decoding.
2018-07-11 13:14:08,853 (e2e_asr_attctc_th:2217) INFO: total log probability: -8.80560488708
2018-07-11 13:14:08,853 (e2e_asr_attctc_th:2218) INFO: normalized log probability: -0.677354222083
2018-07-11 13:14:08,854 (asr_pytorch:468) INFO: groundtruth[1502-2_spk_1502_2_093316-093480]: B刺晏睛迫佬嘍戳斌旬啯
2018-07-11 13:14:08,854 (asr_pytorch:469) INFO: prediction [1502-2_spk_1502_2_093316-093480]: 誒到時睇翻你係接送人乜<eos>
2018-07-11 13:14:08,862 (e2e_asr_attctc_th:2977) INFO: BLSTMP input lengths: [43]
2018-07-11 13:14:08,945 (e2e_asr_attctc_th:2067) INFO: input lengths: 11
2018-07-11 13:14:08,946 (e2e_asr_attctc_th:2091) INFO: max output length: 11
2018-07-11 13:14:08,946 (e2e_asr_attctc_th:2092) INFO: min output length: 0
2018-07-11 13:14:09,756 (e2e_asr_attctc_th:2180) INFO: adding <eos> in the last postion in the loop
2018-07-11 13:14:09,756 (e2e_asr_attctc_th:2206) INFO: no hypothesis. Finish decoding.
2018-07-11 13:14:09,756 (e2e_asr_attctc_th:2217) INFO: total log probability: -2.63791458867
2018-07-11 13:14:09,756 (e2e_asr_attctc_th:2218) INFO: normalized log probability: -0.439652431446
2018-07-11 13:14:09,757 (asr_pytorch:468) INFO: groundtruth[1501-2_spk_1501_2_030582-030627]: 哭唪妊感怦
2018-07-11 13:14:09,757 (asr_pytorch:469) INFO: prediction [1501-2_spk_1501_2_030582-030627]: 我唔會勁<eos>
2018-07-11 13:14:09,765 (e2e_asr_attctc_th:2977) INFO: BLSTMP input lengths: [155]
2018-07-11 13:14:09,977 (e2e_asr_attctc_th:2067) INFO: input lengths: 39
2018-07-11 13:14:09,977 (e2e_asr_attctc_th:2091) INFO: max output length: 39
2018-07-11 13:14:09,977 (e2e_asr_attctc_th:2092) INFO: min output length: 0
2018-07-11 13:14:10,639 (e2e_asr_attctc_th:2206) INFO: no hypothesis. Finish decoding.
2018-07-11 13:14:10,640 (e2e_asr_attctc_th:2217) INFO: total log probability: -6.3505448401
2018-07-11 13:14:10,640 (e2e_asr_attctc_th:2218) INFO: normalized log probability: -0.907220691442
2018-07-11 13:14:10,640 (asr_pytorch:468) INFO: groundtruth[1501-2_spk_1501_2_064727-064884]: 見葛址康嗷閙
2018-07-11 13:14:10,640 (asr_pytorch:469) INFO: prediction [1501-2_spk_1501_2_064727-064884]: 要落地顧嗰<eos>
2018-07-11 13:14:10,649 (e2e_asr_attctc_th:2977) INFO: BLSTMP input lengths: [468]
2018-07-11 13:14:11,284 (e2e_asr_attctc_th:2067) INFO: input lengths: 117
2018-07-11 13:14:11,285 (e2e_asr_attctc_th:2091) INFO: max output length: 117
2018-07-11 13:14:11,285 (e2e_asr_attctc_th:2092) INFO: min output length: 0
2018-07-11 13:14:16,071 (e2e_asr_attctc_th:2206) INFO: no hypothesis. Finish decoding.
2018-07-11 13:14:16,071 (e2e_asr_attctc_th:2217) INFO: total log probability: -17.4287697764
2018-07-11 13:14:16,071 (e2e_asr_attctc_th:2218) INFO: normalized log probability: -0.600992061254
2018-07-11 13:14:16,072 (asr_pytorch:468) INFO: groundtruth[1503-1_spk_1503_1_006484-006954]: 俏啯尻節佰司脇劫且朕2KF逆旨誅呯堅杉且佰鄔俏見由迫歧億囖
2018-07-11 13:14:16,072 (asr_pytorch:469) INFO: prediction [1503-1_spk_1503_1_006484-006954]: 係啊教轉去可能加上有兩啲數嘅話嘞基本上嗰就係咁樣定假咯<eos>
2018-07-11 13:14:16,080 (e2e_asr_attctc_th:2977) INFO: BLSTMP input lengths: [249]
2018-07-11 13:14:16,437 (e2e_asr_attctc_th:2067) INFO: input lengths: 63
2018-07-11 13:14:16,438 (e2e_asr_attctc_th:2091) INFO: max output length: 63
2018-07-11 13:14:16,438 (e2e_asr_attctc_th:2092) INFO: min output length: 0
2018-07-11 13:14:18,719 (e2e_asr_attctc_th:2199) INFO: end detected at 21
2018-07-11 13:14:18,720 (e2e_asr_attctc_th:2217) INFO: total log probability: -10.1226907726
2018-07-11 13:14:18,720 (e2e_asr_attctc_th:2218) INFO: normalized log probability: -0.674846051509
2018-07-11 13:14:18,721 (asr_pytorch:468) INFO: groundtruth[1501-1_spk_1501_1_023089-023340]: 睛迫冀寫杖尖姚耍慶迫邕稽囖
2018-07-11 13:14:18,721 (asr_pytorch:469) INFO: prediction [1501-1_spk_1501_1_023089-023340]: 等陣時候你小想考慮翻邊種咯<eos>
2018-07-11 13:14:18,729 (e2e_asr_attctc_th:2977) INFO: BLSTMP input lengths: [454]
2018-07-11 13:14:19,349 (e2e_asr_attctc_th:2067) INFO: input lengths: 114
2018-07-11 13:14:19,350 (e2e_asr_attctc_th:2091) INFO: max output length: 114
2018-07-11 13:14:19,350 (e2e_asr_attctc_th:2092) INFO: min output length: 0
2018-07-11 13:14:24,818 (e2e_asr_attctc_th:2199) INFO: end detected at 34
2018-07-11 13:14:24,818 (e2e_asr_attctc_th:2217) INFO: total log probability: -24.0209059764
2018-07-11 13:14:24,818 (e2e_asr_attctc_th:2218) INFO: normalized log probability: -0.828307102635
2018-07-11 13:14:24,820 (asr_pytorch:468) INFO: groundtruth[1504-1_spk_1504_1_033862-034318]: <unk>見<unk>紋宙差尻司件轟迫兀偌危柎啯咋戡耐佬刺晏鄔司件見啼
2018-07-11 13:14:24,820 (asr_pytorch:469) INFO: prediction [1504-1_spk_1504_1_033862-034318]: 主要嚇約完咗就我以前間住要加齣啦咁或者你到時都可以要啲<eos>
2018-07-11 13:14:24,828 (e2e_asr_attctc_th:2977) INFO: BLSTMP input lengths: [273]
2018-07-11 13:14:25,316 (e2e_asr_attctc_th:2067) INFO: input lengths: 69
2018-07-11 13:14:25,316 (e2e_asr_attctc_th:2091) INFO: max output length: 69
2018-07-11 13:14:25,316 (e2e_asr_attctc_th:2092) INFO: min output length: 0
2018-07-11 13:14:28,451 (e2e_asr_attctc_th:2199) INFO: end detected at 22
2018-07-11 13:14:28,451 (e2e_asr_attctc_th:2217) INFO: total log probability: -11.4541758522
2018-07-11 13:14:28,451 (e2e_asr_attctc_th:2218) INFO: normalized log probability: -0.818155418017
2018-07-11 13:14:28,452 (asr_pytorch:468) INFO: groundtruth[1502-1_spk_1502_1_023730-024005]: 嗺啵俏謬眯葉三XSYGL_SSH戛眯俏由爛咩
2018-07-11 13:14:28,453 (asr_pytorch:469) INFO: prediction [1502-1_spk_1502_1_023730-024005]: 啊真係講翻睇啊哇我真係有<eos>
2018-07-11 13:14:28,460 (e2e_asr_attctc_th:2977) INFO: BLSTMP input lengths: [163]
2018-07-11 13:14:28,687 (e2e_asr_attctc_th:2067) INFO: input lengths: 41
2018-07-11 13:14:28,688 (e2e_asr_attctc_th:2091) INFO: max output length: 41
2018-07-11 13:14:28,688 (e2e_asr_attctc_th:2092) INFO: min output length: 0
2018-07-11 13:14:30,251 (e2e_asr_attctc_th:2199) INFO: end detected at 18
2018-07-11 13:14:30,251 (e2e_asr_attctc_th:2217) INFO: total log probability: -6.82042429037
2018-07-11 13:14:30,251 (e2e_asr_attctc_th:2218) INFO: normalized log probability: -0.568368690864
2018-07-11 13:14:30,252 (asr_pytorch:468) INFO: groundtruth[9_spk_9_000927-001092]: 跨何揣咩彈霆誅危
2018-07-11 13:14:30,253 (asr_pytorch:469) INFO: prediction [9_spk_9_000927-001092]: 跟著我唔約咗張電話卡<eos>
2018-07-11 13:14:30,261 (e2e_asr_attctc_th:2977) INFO: BLSTMP input lengths: [293]
2018-07-11 13:14:30,657 (e2e_asr_attctc_th:2067) INFO: input lengths: 74
2018-07-11 13:14:30,657 (e2e_asr_attctc_th:2091) INFO: max output length: 74
2018-07-11 13:14:30,658 (e2e_asr_attctc_th:2092) INFO: min output length: 0
2018-07-11 13:14:32,541 (e2e_asr_attctc_th:2206) INFO: no hypothesis. Finish decoding.
2018-07-11 13:14:32,541 (e2e_asr_attctc_th:2217) INFO: total log probability: -3.61104895058
2018-07-11 13:14:32,541 (e2e_asr_attctc_th:2218) INFO: normalized log probability: -0.225690559411
2018-07-11 13:14:32,542 (asr_pytorch:468) INFO: groundtruth[1501-1_spk_1501_1_079113-079408]: 鄔俏三樺見溢催迫佬啼倔仇賒斥嘍
2018-07-11 13:14:32,542 (asr_pytorch:469) INFO: prediction [1501-1_spk_1501_1_079113-079408]: 都係一樣要準備翻你啲講資料嘅<eos>
2018-07-11 13:14:32,550 (e2e_asr_attctc_th:2977) INFO: BLSTMP input lengths: [438]
2018-07-11 13:14:33,110 (e2e_asr_attctc_th:2067) INFO: input lengths: 110
2018-07-11 13:14:33,111 (e2e_asr_attctc_th:2091) INFO: max output length: 110
2018-07-11 13:14:33,111 (e2e_asr_attctc_th:2092) INFO: min output length: 0
2018-07-11 13:14:34,985 (e2e_asr_attctc_th:2199) INFO: end detected at 13
2018-07-11 13:14:34,985 (e2e_asr_attctc_th:2217) INFO: total log probability: -6.08448004723
2018-07-11 13:14:34,985 (e2e_asr_attctc_th:2218) INFO: normalized log probability: -1.52112001181
2018-07-11 13:14:34,986 (asr_pytorch:468) INFO: groundtruth[8_spk_8_015362-015802]: 俏呈朕晏尻耳唪晏呯B
2018-07-11 13:14:34,986 (asr_pytorch:469) INFO: prediction [8_spk_8_015362-015802]: 黑色<eos>
2018-07-11 13:14:34,995 (e2e_asr_attctc_th:2977) INFO: BLSTMP input lengths: [271]
2018-07-11 13:14:35,404 (e2e_asr_attctc_th:2067) INFO: input lengths: 68
2018-07-11 13:14:35,404 (e2e_asr_attctc_th:2091) INFO: max output length: 68
2018-07-11 13:14:35,404 (e2e_asr_attctc_th:2092) INFO: min output length: 0
2018-07-11 13:14:37,928 (e2e_asr_attctc_th:2199) INFO: end detected at 22
2018-07-11 13:14:37,928 (e2e_asr_attctc_th:2217) INFO: total log probability: -13.0873195026
2018-07-11 13:14:37,928 (e2e_asr_attctc_th:2218) INFO: normalized log probability: -0.769842323683
2018-07-11 13:14:37,929 (asr_pytorch:468) INFO: groundtruth[3_spk_3_021242-021515]: 咋嚦緘啯尻亙皆下卉乸蚧鄔俏世谘嘍
2018-07-11 13:14:37,929 (asr_pytorch:469) INFO: prediction [3_spk_3_021242-021515]: 咁咪咁啱就二八七十九蚊八發變嘅<eos>
2018-07-11 13:14:37,939 (e2e_asr_attctc_th:2977) INFO: BLSTMP input lengths: [343]
2018-07-11 13:14:38,546 (e2e_asr_attctc_th:2067) INFO: input lengths: 86
2018-07-11 13:14:38,547 (e2e_asr_attctc_th:2091) INFO: max output length: 86
2018-07-11 13:14:38,547 (e2e_asr_attctc_th:2092) INFO: min output length: 0
2018-07-11 13:14:40,977 (e2e_asr_attctc_th:2206) INFO: no hypothesis. Finish decoding.
2018-07-11 13:14:40,977 (e2e_asr_attctc_th:2217) INFO: total log probability: -8.53930521244
2018-07-11 13:14:40,977 (e2e_asr_attctc_th:2218) INFO: normalized log probability: -0.474405845136
2018-07-11 13:14:40,978 (asr_pytorch:468) INFO: groundtruth[1504-1_spk_1504_1_023886-024231]: 冀寫乒剛鄔俏久久助鄔俏側寵額且綺
2018-07-11 13:14:40,978 (asr_pytorch:469) INFO: prediction [1504-1_spk_1504_1_023886-024231]: 即係以前都係薯豬力都係做風排上網<eos>
2018-07-11 13:14:40,986 (e2e_asr_attctc_th:2977) INFO: BLSTMP input lengths: [286]
2018-07-11 13:14:41,414 (e2e_asr_attctc_th:2067) INFO: input lengths: 72
2018-07-11 13:14:41,415 (e2e_asr_attctc_th:2091) INFO: max output length: 72
2018-07-11 13:14:41,415 (e2e_asr_attctc_th:2092) INFO: min output length: 0
2018-07-11 13:14:43,773 (e2e_asr_attctc_th:2199) INFO: end detected at 20
2018-07-11 13:14:43,773 (e2e_asr_attctc_th:2217) INFO: total log probability: -5.77956042811
2018-07-11 13:14:43,773 (e2e_asr_attctc_th:2218) INFO: normalized log probability: -0.385304028541
2018-07-11 13:14:43,774 (asr_pytorch:468) INFO: groundtruth[1503-2_spk_1503_2_010556-010844]: B住俏鄔淮俏謬緘鄔俏頻三幻
2018-07-11 13:14:43,774 (asr_pytorch:469) INFO: prediction [1503-2_spk_1503_2_010556-010844]: 誒但係都成係講嘅都係頭一年<eos>
2018-07-11 13:14:43,782 (e2e_asr_attctc_th:2977) INFO: BLSTMP input lengths: [198]
2018-07-11 13:14:44,112 (e2e_asr_attctc_th:2067) INFO: input lengths: 50
2018-07-11 13:14:44,112 (e2e_asr_attctc_th:2091) INFO: max output length: 50
2018-07-11 13:14:44,112 (e2e_asr_attctc_th:2092) INFO: min output length: 0
2018-07-11 13:14:45,546 (e2e_asr_attctc_th:2199) INFO: end detected at 15
2018-07-11 13:14:45,546 (e2e_asr_attctc_th:2217) INFO: total log probability: -2.87074200576
2018-07-11 13:14:45,546 (e2e_asr_attctc_th:2218) INFO: normalized log probability: -0.287074200576
2018-07-11 13:14:45,547 (asr_pytorch:468) INFO: groundtruth[12_spk_12_028948-029148]: 住俏佬然院嘍感怦
2018-07-11 13:14:45,547 (asr_pytorch:469) INFO: prediction [12_spk_12_028948-029148]: 但係你部行嘅意啲<eos>
2018-07-11 13:14:45,558 (e2e_asr_attctc_th:2977) INFO: BLSTMP input lengths: [55]
2018-07-11 13:14:45,731 (e2e_asr_attctc_th:2067) INFO: input lengths: 14
2018-07-11 13:14:45,731 (e2e_asr_attctc_th:2091) INFO: max output length: 14
2018-07-11 13:14:45,731 (e2e_asr_attctc_th:2092) INFO: min output length: 0
2018-07-11 13:14:46,201 (e2e_asr_attctc_th:2199) INFO: end detected at 8
2018-07-11 13:14:46,201 (e2e_asr_attctc_th:2217) INFO: total log probability: -1.1289049387
2018-07-11 13:14:46,201 (e2e_asr_attctc_th:2218) INFO: normalized log probability: -0.376301646233
2018-07-11 13:14:46,202 (asr_pytorch:468) INFO: groundtruth[8_spk_8_031880-031937]: B
2018-07-11 13:14:46,202 (asr_pytorch:469) INFO: prediction [8_spk_8_031880-031937]: 食<eos>
2018-07-11 13:14:46,210 (e2e_asr_attctc_th:2977) INFO: BLSTMP input lengths: [241]
2018-07-11 13:14:46,608 (e2e_asr_attctc_th:2067) INFO: input lengths: 61
2018-07-11 13:14:46,609 (e2e_asr_attctc_th:2091) INFO: max output length: 61
2018-07-11 13:14:46,609 (e2e_asr_attctc_th:2092) INFO: min output length: 0
2018-07-11 13:14:49,179 (e2e_asr_attctc_th:2199) INFO: end detected at 23
2018-07-11 13:14:49,179 (e2e_asr_attctc_th:2217) INFO: total log probability: -9.9995086696
2018-07-11 13:14:49,179 (e2e_asr_attctc_th:2218) INFO: normalized log probability: -0.62496929185
2018-07-11 13:14:49,180 (asr_pytorch:468) INFO: groundtruth[12_spk_12_025100-025343]: 哏宥<unk>割考300濛QF咵戛址睛考
2018-07-11 13:14:49,180 (asr_pytorch:469) INFO: prediction [12_spk_12_025100-025343]: 係而傢本身三十幾咩落去睇翻睇<eos>
2018-07-11 13:14:49,188 (e2e_asr_attctc_th:2977) INFO: BLSTMP input lengths: [99]
2018-07-11 13:14:49,345 (e2e_asr_attctc_th:2067) INFO: input lengths: 25
2018-07-11 13:14:49,345 (e2e_asr_attctc_th:2091) INFO: max output length: 25
2018-07-11 13:14:49,346 (e2e_asr_attctc_th:2092) INFO: min output length: 0
2018-07-11 13:14:50,123 (e2e_asr_attctc_th:2199) INFO: end detected at 9
2018-07-11 13:14:50,123 (e2e_asr_attctc_th:2217) INFO: total log probability: -6.52579102665
2018-07-11 13:14:50,123 (e2e_asr_attctc_th:2218) INFO: normalized log probability: -1.30515820533
2018-07-11 13:14:50,124 (asr_pytorch:468) INFO: groundtruth[12_spk_12_017587-017688]: 劑慮敘
2018-07-11 13:14:50,125 (asr_pytorch:469) INFO: prediction [12_spk_12_017587-017688]: 樓一蚊<eos>
2018-07-11 13:14:50,133 (e2e_asr_attctc_th:2977) INFO: BLSTMP input lengths: [261]
2018-07-11 13:14:50,586 (e2e_asr_attctc_th:2067) INFO: input lengths: 66
2018-07-11 13:14:50,586 (e2e_asr_attctc_th:2091) INFO: max output length: 66
2018-07-11 13:14:50,586 (e2e_asr_attctc_th:2092) INFO: min output length: 0
2018-07-11 13:14:53,349 (e2e_asr_attctc_th:2199) INFO: end detected at 23
2018-07-11 13:14:53,349 (e2e_asr_attctc_th:2217) INFO: total log probability: -17.0369610712
2018-07-11 13:14:53,349 (e2e_asr_attctc_th:2218) INFO: normalized log probability: -1.00217418066
2018-07-11 13:14:53,350 (asr_pytorch:468) INFO: groundtruth[9_spk_9_012187-012450]: SO鄔割俏唪從咋樺卿俏誅咋樺尻
2018-07-11 13:14:53,350 (asr_pytorch:469) INFO: prediction [9_spk_9_012187-012450]: 屋企都準係唔得緊張俾佢話咁樣噶<eos>
2018-07-11 13:14:53,358 (e2e_asr_attctc_th:2977) INFO: BLSTMP input lengths: [229]
2018-07-11 13:14:53,714 (e2e_asr_attctc_th:2067) INFO: input lengths: 58
2018-07-11 13:14:53,714 (e2e_asr_attctc_th:2091) INFO: max output length: 58
2018-07-11 13:14:53,714 (e2e_asr_attctc_th:2092) INFO: min output length: 0
2018-07-11 13:14:54,291 (e2e_asr_attctc_th:2206) INFO: no hypothesis. Finish decoding.
2018-07-11 13:14:54,292 (e2e_asr_attctc_th:2217) INFO: total log probability: -3.62633106112
2018-07-11 13:14:54,292 (e2e_asr_attctc_th:2218) INFO: normalized log probability: -0.604388510187
2018-07-11 13:14:54,293 (asr_pytorch:468) INFO: groundtruth[1504-2_spk_1504_2_106968-107199]: 唪津拯拯
2018-07-11 13:14:54,293 (asr_pytorch:469) INFO: prediction [1504-2_spk_1504_2_106968-107199]: 而傢誒唉<eos>
2018-07-11 13:14:54,301 (e2e_asr_attctc_th:2977) INFO: BLSTMP input lengths: [182]
2018-07-11 13:14:54,694 (e2e_asr_attctc_th:2067) INFO: input lengths: 46
2018-07-11 13:14:54,695 (e2e_asr_attctc_th:2091) INFO: max output length: 46
2018-07-11 13:14:54,695 (e2e_asr_attctc_th:2092) INFO: min output length: 0
2018-07-11 13:14:56,102 (e2e_asr_attctc_th:2199) INFO: end detected at 13
2018-07-11 13:14:56,103 (e2e_asr_attctc_th:2217) INFO: total log probability: -0.803948092274
2018-07-11 13:14:56,103 (e2e_asr_attctc_th:2218) INFO: normalized log probability: -0.0893275658083
2018-07-11 13:14:56,105 (asr_pytorch:468) INFO: groundtruth[1504-1_spk_1504_1_043272-043456]: 囹烕戛睛迫冀寫
2018-07-11 13:14:56,105 (asr_pytorch:469) INFO: prediction [1504-1_spk_1504_1_043272-043456]: 因為我睇翻其實<eos>
2018-07-11 13:14:56,113 (e2e_asr_attctc_th:2977) INFO: BLSTMP input lengths: [64]
2018-07-11 13:14:56,246 (e2e_asr_attctc_th:2067) INFO: input lengths: 16
2018-07-11 13:14:56,247 (e2e_asr_attctc_th:2091) INFO: max output length: 16
2018-07-11 13:14:56,247 (e2e_asr_attctc_th:2092) INFO: min output length: 0
2018-07-11 13:14:56,744 (e2e_asr_attctc_th:2199) INFO: end detected at 8
2018-07-11 13:14:56,744 (e2e_asr_attctc_th:2217) INFO: total log probability: -1.29032579064
2018-07-11 13:14:56,744 (e2e_asr_attctc_th:2218) INFO: normalized log probability: -0.430108596881
2018-07-11 13:14:56,745 (asr_pytorch:468) INFO: groundtruth[1504-2_spk_1504_2_000172-000238]: 俏
2018-07-11 13:14:56,745 (asr_pytorch:469) INFO: prediction [1504-2_spk_1504_2_000172-000238]: 係<eos>
2018-07-11 13:14:56,754 (e2e_asr_attctc_th:2977) INFO: BLSTMP input lengths: [356]
2018-07-11 13:14:57,304 (e2e_asr_attctc_th:2067) INFO: input lengths: 89
2018-07-11 13:14:57,305 (e2e_asr_attctc_th:2091) INFO: max output length: 89
2018-07-11 13:14:57,305 (e2e_asr_attctc_th:2092) INFO: min output length: 0
2018-07-11 13:15:01,046 (e2e_asr_attctc_th:2206) INFO: no hypothesis. Finish decoding.
2018-07-11 13:15:01,046 (e2e_asr_attctc_th:2217) INFO: total log probability: -13.1930454015
2018-07-11 13:15:01,046 (e2e_asr_attctc_th:2218) INFO: normalized log probability: -0.527721816059
2018-07-11 13:15:01,047 (asr_pytorch:468) INFO: groundtruth[1503-1_spk_1503_1_073206-073564]: 咋手件呯戛址幹佬町諛差乒得呯<unk>絹服朕倔紊錕嗄刺啯
2018-07-11 13:15:01,047 (asr_pytorch:469) INFO: prediction [1503-1_spk_1503_1_073206-073564]: 咁所以呢我哋幫你申請咗之後呢係都有十幾耐喺度啦<eos>
2018-07-11 13:15:01,056 (e2e_asr_attctc_th:2977) INFO: BLSTMP input lengths: [80]
2018-07-11 13:15:01,199 (e2e_asr_attctc_th:2067) INFO: input lengths: 20
2018-07-11 13:15:01,199 (e2e_asr_attctc_th:2091) INFO: max output length: 20
2018-07-11 13:15:01,199 (e2e_asr_attctc_th:2092) INFO: min output length: 0
2018-07-11 13:15:02,271 (e2e_asr_attctc_th:2199) INFO: end detected at 12
2018-07-11 13:15:02,272 (e2e_asr_attctc_th:2217) INFO: total log probability: -0.679776925594
2018-07-11 13:15:02,272 (e2e_asr_attctc_th:2218) INFO: normalized log probability: -0.0971109893705
2018-07-11 13:15:02,273 (asr_pytorch:468) INFO: groundtruth[1502-2_spk_1502_2_037753-037835]: 暸晏嚦謬眯俏
2018-07-11 13:15:02,273 (asr_pytorch:469) INFO: prediction [1502-2_spk_1502_2_037753-037835]: 暫時講真係<eos>
2018-07-11 13:15:02,281 (e2e_asr_attctc_th:2977) INFO: BLSTMP input lengths: [32]
2018-07-11 13:15:02,347 (e2e_asr_attctc_th:2067) INFO: input lengths: 8
2018-07-11 13:15:02,347 (e2e_asr_attctc_th:2091) INFO: max output length: 8
2018-07-11 13:15:02,347 (e2e_asr_attctc_th:2092) INFO: min output length: 0
2018-07-11 13:15:02,769 (e2e_asr_attctc_th:2180) INFO: adding <eos> in the last postion in the loop
2018-07-11 13:15:02,770 (e2e_asr_attctc_th:2199) INFO: end detected at 7
2018-07-11 13:15:02,770 (e2e_asr_attctc_th:2217) INFO: total log probability: -0.0870920158923
2018-07-11 13:15:02,770 (e2e_asr_attctc_th:2218) INFO: normalized log probability: -0.0290306719641
2018-07-11 13:15:02,771 (asr_pytorch:468) INFO: groundtruth[1501-1_spk_1501_1_045563-045597]: 俏
2018-07-11 13:15:02,771 (asr_pytorch:469) INFO: prediction [1501-1_spk_1501_1_045563-045597]: 係<eos>
2018-07-11 13:15:02,779 (e2e_asr_attctc_th:2977) INFO: BLSTMP input lengths: [208]
2018-07-11 13:15:03,112 (e2e_asr_attctc_th:2067) INFO: input lengths: 52
2018-07-11 13:15:03,112 (e2e_asr_attctc_th:2091) INFO: max output length: 52
2018-07-11 13:15:03,112 (e2e_asr_attctc_th:2092) INFO: min output length: 0
2018-07-11 13:15:04,987 (e2e_asr_attctc_th:2199) INFO: end detected at 17
2018-07-11 13:15:04,987 (e2e_asr_attctc_th:2217) INFO: total log probability: -3.51651880704
2018-07-11 13:15:04,987 (e2e_asr_attctc_th:2218) INFO: normalized log probability: -0.270501446695
2018-07-11 13:15:04,988 (asr_pytorch:468) INFO: groundtruth[1502-2_spk_1502_2_074881-075091]: 咋黍煲佬呯尻馬兒溢催迫
2018-07-11 13:15:04,988 (asr_pytorch:469) INFO: prediction [1502-2_spk_1502_2_074881-075091]: 咁麻煩你啦就上先準備翻<eos>
2018-07-11 13:15:04,997 (e2e_asr_attctc_th:2977) INFO: BLSTMP input lengths: [438]
2018-07-11 13:15:05,753 (e2e_asr_attctc_th:2067) INFO: input lengths: 110
2018-07-11 13:15:05,754 (e2e_asr_attctc_th:2091) INFO: max output length: 110
2018-07-11 13:15:05,754 (e2e_asr_attctc_th:2092) INFO: min output length: 0
2018-07-11 13:15:08,808 (e2e_asr_attctc_th:2199) INFO: end detected at 21
2018-07-11 13:15:08,808 (e2e_asr_attctc_th:2217) INFO: total log probability: -14.8182563037
2018-07-11 13:15:08,808 (e2e_asr_attctc_th:2218) INFO: normalized log probability: -0.987883753578
2018-07-11 13:15:08,809 (asr_pytorch:468) INFO: groundtruth[4_spk_4_048471-048911]: 佰址午倔刺朕丹園住䦕唪刺八叄喔
2018-07-11 13:15:08,809 (asr_pytorch:469) INFO: prediction [4_spk_4_048471-048911]: 佢哋開嗰度有中國誒咁跟著佢<eos>
2018-07-11 13:15:08,817 (e2e_asr_attctc_th:2977) INFO: BLSTMP input lengths: [198]
2018-07-11 13:15:09,144 (e2e_asr_attctc_th:2067) INFO: input lengths: 50
2018-07-11 13:15:09,145 (e2e_asr_attctc_th:2091) INFO: max output length: 50
2018-07-11 13:15:09,145 (e2e_asr_attctc_th:2092) INFO: min output length: 0
2018-07-11 13:15:11,057 (e2e_asr_attctc_th:2199) INFO: end detected at 18
2018-07-11 13:15:11,058 (e2e_asr_attctc_th:2217) INFO: total log probability: -13.5324125923
2018-07-11 13:15:11,058 (e2e_asr_attctc_th:2218) INFO: normalized log probability: -1.04095481479
2018-07-11 13:15:11,060 (asr_pytorch:468) INFO: groundtruth[8_spk_8_061254-061454]: 囹烕佬瑀旬吔井扚嚦尻誅倍戛肇
2018-07-11 13:15:11,060 (asr_pytorch:469) INFO: prediction [8_spk_8_061254-061454]: 公死琴日月就係個話想食<eos>
2018-07-11 13:15:11,072 (e2e_asr_attctc_th:2977) INFO: BLSTMP input lengths: [495]
2018-07-11 13:15:11,919 (e2e_asr_attctc_th:2067) INFO: input lengths: 124
2018-07-11 13:15:11,919 (e2e_asr_attctc_th:2091) INFO: max output length: 124
2018-07-11 13:15:11,919 (e2e_asr_attctc_th:2092) INFO: min output length: 0
2018-07-11 13:15:17,721 (e2e_asr_attctc_th:2199) INFO: end detected at 36
2018-07-11 13:15:17,721 (e2e_asr_attctc_th:2217) INFO: total log probability: -15.2615664122
2018-07-11 13:15:17,721 (e2e_asr_attctc_th:2218) INFO: normalized log probability: -0.492308593941
2018-07-11 13:15:17,722 (asr_pytorch:468) INFO: groundtruth[3_spk_3_020745-021242]: 咋世道啯尻司件幹佬OIIT畸佬去朕嗷倔B卿俏<unk>贄嘍尻丐卉下蚧
2018-07-11 13:15:17,722 (asr_pytorch:469) INFO: prediction [3_spk_3_020745-021242]: 咁不過啦就可以翻嚟KEE翻嚟完有嗰個誒即係會上嘅就三十七蚊<eos>
2018-07-11 13:15:17,730 (e2e_asr_attctc_th:2977) INFO: BLSTMP input lengths: [72]
2018-07-11 13:15:17,863 (e2e_asr_attctc_th:2067) INFO: input lengths: 18
2018-07-11 13:15:17,863 (e2e_asr_attctc_th:2091) INFO: max output length: 18
2018-07-11 13:15:17,863 (e2e_asr_attctc_th:2092) INFO: min output length: 0
2018-07-11 13:15:18,293 (e2e_asr_attctc_th:2206) INFO: no hypothesis. Finish decoding.
2018-07-11 13:15:18,293 (e2e_asr_attctc_th:2217) INFO: total log probability: -3.48467260576
2018-07-11 13:15:18,293 (e2e_asr_attctc_th:2218) INFO: normalized log probability: -0.580778767626
2018-07-11 13:15:18,294 (asr_pytorch:468) INFO: groundtruth[1505-1_spk_1505_1_043724-043798]: 綺絨逮庵
2018-07-11 13:15:18,294 (asr_pytorch:469) INFO: prediction [1505-1_spk_1505_1_043724-043798]: 網絡齣度<eos>
2018-07-11 13:15:18,302 (e2e_asr_attctc_th:2977) INFO: BLSTMP input lengths: [198]
2018-07-11 13:15:18,622 (e2e_asr_attctc_th:2067) INFO: input lengths: 50
2018-07-11 13:15:18,622 (e2e_asr_attctc_th:2091) INFO: max output length: 50
2018-07-11 13:15:18,622 (e2e_asr_attctc_th:2092) INFO: min output length: 0
2018-07-11 13:15:20,507 (e2e_asr_attctc_th:2199) INFO: end detected at 18
2018-07-11 13:15:20,508 (e2e_asr_attctc_th:2217) INFO: total log probability: -8.25603691489
2018-07-11 13:15:20,508 (e2e_asr_attctc_th:2218) INFO: normalized log probability: -0.68800307624
2018-07-11 13:15:20,509 (asr_pytorch:468) INFO: groundtruth[1505-1_spk_1505_1_104022-104222]: 妊咋唪扚搭佬兒啯嗶夥謳曳
2018-07-11 13:15:20,509 (asr_pytorch:469) INFO: prediction [1505-1_spk_1505_1_104022-104222]: 好咁唔使教你先啦對身<eos>
2018-07-11 13:15:20,517 (e2e_asr_attctc_th:2977) INFO: BLSTMP input lengths: [96]
2018-07-11 13:15:20,681 (e2e_asr_attctc_th:2067) INFO: input lengths: 24
2018-07-11 13:15:20,682 (e2e_asr_attctc_th:2091) INFO: max output length: 24
2018-07-11 13:15:20,682 (e2e_asr_attctc_th:2092) INFO: min output length: 0
2018-07-11 13:15:21,597 (e2e_asr_attctc_th:2199) INFO: end detected at 12
2018-07-11 13:15:21,597 (e2e_asr_attctc_th:2217) INFO: total log probability: -6.38036061823
2018-07-11 13:15:21,597 (e2e_asr_attctc_th:2218) INFO: normalized log probability: -0.911480088319
2018-07-11 13:15:21,598 (asr_pytorch:468) INFO: groundtruth[3_spk_3_050462-050560]: 俏冀寫
2018-07-11 13:15:21,598 (asr_pytorch:469) INFO: prediction [3_spk_3_050462-050560]: 太陽佢係人<eos>
2018-07-11 13:15:21,607 (e2e_asr_attctc_th:2977) INFO: BLSTMP input lengths: [141]
2018-07-11 13:15:21,853 (e2e_asr_attctc_th:2067) INFO: input lengths: 36
2018-07-11 13:15:21,853 (e2e_asr_attctc_th:2091) INFO: max output length: 36
2018-07-11 13:15:21,853 (e2e_asr_attctc_th:2092) INFO: min output length: 0
2018-07-11 13:15:22,730 (e2e_asr_attctc_th:2199) INFO: end detected at 10
2018-07-11 13:15:22,730 (e2e_asr_attctc_th:2217) INFO: total log probability: -5.7144241333
2018-07-11 13:15:22,730 (e2e_asr_attctc_th:2218) INFO: normalized log probability: -1.14288482666
2018-07-11 13:15:22,731 (asr_pytorch:468) INFO: groundtruth[8_spk_8_033672-033815]: 燴災倔燴呈嘢
2018-07-11 13:15:22,731 (asr_pytorch:469) INFO: prediction [8_spk_8_033672-033815]: 現上曬<eos>
2018-07-11 13:15:22,739 (e2e_asr_attctc_th:2977) INFO: BLSTMP input lengths: [146]
2018-07-11 13:15:22,974 (e2e_asr_attctc_th:2067) INFO: input lengths: 37
2018-07-11 13:15:22,975 (e2e_asr_attctc_th:2091) INFO: max output length: 37
2018-07-11 13:15:22,975 (e2e_asr_attctc_th:2092) INFO: min output length: 0
2018-07-11 13:15:24,321 (e2e_asr_attctc_th:2199) INFO: end detected at 13
2018-07-11 13:15:24,321 (e2e_asr_attctc_th:2217) INFO: total log probability: -3.89954934176
2018-07-11 13:15:24,321 (e2e_asr_attctc_th:2218) INFO: normalized log probability: -0.433283260196
2018-07-11 13:15:24,322 (asr_pytorch:468) INFO: groundtruth[1504-1_spk_1504_1_073158-073306]: 訌差檀嗄嗷邕
2018-07-11 13:15:24,323 (asr_pytorch:469) INFO: prediction [1504-1_spk_1504_1_073158-073306]: 成個即係喺嗰邊<eos>
2018-07-11 13:15:24,330 (e2e_asr_attctc_th:2977) INFO: BLSTMP input lengths: [93]
2018-07-11 13:15:24,491 (e2e_asr_attctc_th:2067) INFO: input lengths: 24
2018-07-11 13:15:24,491 (e2e_asr_attctc_th:2091) INFO: max output length: 24
2018-07-11 13:15:24,491 (e2e_asr_attctc_th:2092) INFO: min output length: 0
2018-07-11 13:15:25,652 (e2e_asr_attctc_th:2199) INFO: end detected at 13
2018-07-11 13:15:25,652 (e2e_asr_attctc_th:2217) INFO: total log probability: -0.196910472587
2018-07-11 13:15:25,652 (e2e_asr_attctc_th:2218) INFO: normalized log probability: -0.0218789413985
2018-07-11 13:15:25,654 (asr_pytorch:468) INFO: groundtruth[1501-1_spk_1501_1_006198-006293]: 囹烕妍枱戛員誅
2018-07-11 13:15:25,654 (asr_pytorch:469) INFO: prediction [1501-1_spk_1501_1_006198-006293]: 因為如果我哋話<eos>
2018-07-11 13:15:25,662 (e2e_asr_attctc_th:2977) INFO: BLSTMP input lengths: [71]
2018-07-11 13:15:25,787 (e2e_asr_attctc_th:2067) INFO: input lengths: 18
2018-07-11 13:15:25,788 (e2e_asr_attctc_th:2091) INFO: max output length: 18
2018-07-11 13:15:25,788 (e2e_asr_attctc_th:2092) INFO: min output length: 0
2018-07-11 13:15:26,721 (e2e_asr_attctc_th:2199) INFO: end detected at 11
2018-07-11 13:15:26,721 (e2e_asr_attctc_th:2217) INFO: total log probability: -0.0521496105939
2018-07-11 13:15:26,721 (e2e_asr_attctc_th:2218) INFO: normalized log probability: -0.00869160176565
2018-07-11 13:15:26,722 (asr_pytorch:468) INFO: groundtruth[3_spk_3_001972-002045]: 俏呈俏呈
2018-07-11 13:15:26,723 (asr_pytorch:469) INFO: prediction [3_spk_3_001972-002045]: 係啊係啊<eos>
2018-07-11 13:15:26,731 (e2e_asr_attctc_th:2977) INFO: BLSTMP input lengths: [320]
2018-07-11 13:15:27,268 (e2e_asr_attctc_th:2067) INFO: input lengths: 80
2018-07-11 13:15:27,269 (e2e_asr_attctc_th:2091) INFO: max output length: 80
2018-07-11 13:15:27,270 (e2e_asr_attctc_th:2092) INFO: min output length: 0
2018-07-11 13:15:29,675 (e2e_asr_attctc_th:2199) INFO: end detected at 17
2018-07-11 13:15:29,675 (e2e_asr_attctc_th:2217) INFO: total log probability: -12.3066086207
2018-07-11 13:15:29,675 (e2e_asr_attctc_th:2218) INFO: normalized log probability: -0.946662201591
2018-07-11 13:15:29,676 (asr_pytorch:468) INFO: groundtruth[8_spk_8_012480-012802]: 三街叄廉手戡耐戛訛解嘍址旅
2018-07-11 13:15:29,676 (asr_pytorch:469) INFO: prediction [8_spk_8_012480-012802]: 沙一圈實啫我整手你不實<eos>
2018-07-11 13:15:29,684 (e2e_asr_attctc_th:2977) INFO: BLSTMP input lengths: [106]
2018-07-11 13:15:29,877 (e2e_asr_attctc_th:2067) INFO: input lengths: 27
2018-07-11 13:15:29,878 (e2e_asr_attctc_th:2091) INFO: max output length: 27
2018-07-11 13:15:29,878 (e2e_asr_attctc_th:2092) INFO: min output length: 0
2018-07-11 13:15:31,008 (e2e_asr_attctc_th:2199) INFO: end detected at 13
2018-07-11 13:15:31,009 (e2e_asr_attctc_th:2217) INFO: total log probability: -0.124991377583
2018-07-11 13:15:31,009 (e2e_asr_attctc_th:2218) INFO: normalized log probability: -0.0156239221978
2018-07-11 13:15:31,010 (asr_pytorch:468) INFO: groundtruth[1502-2_spk_1502_2_035900-036008]: 俏呈俏呈俏呈
2018-07-11 13:15:31,010 (asr_pytorch:469) INFO: prediction [1502-2_spk_1502_2_035900-036008]: 係啊係啊係啊<eos>
2018-07-11 13:15:31,018 (e2e_asr_attctc_th:2977) INFO: BLSTMP input lengths: [124]
2018-07-11 13:15:31,245 (e2e_asr_attctc_th:2067) INFO: input lengths: 31
2018-07-11 13:15:31,246 (e2e_asr_attctc_th:2091) INFO: max output length: 31
2018-07-11 13:15:31,246 (e2e_asr_attctc_th:2092) INFO: min output length: 0
2018-07-11 13:15:32,287 (e2e_asr_attctc_th:2199) INFO: end detected at 11
2018-07-11 13:15:32,287 (e2e_asr_attctc_th:2217) INFO: total log probability: -1.4604043439
2018-07-11 13:15:32,287 (e2e_asr_attctc_th:2218) INFO: normalized log probability: -0.208629191986
2018-07-11 13:15:32,288 (asr_pytorch:468) INFO: groundtruth[1501-1_spk_1501_1_010837-010963]: 妍枱召夢三
2018-07-11 13:15:32,288 (asr_pytorch:469) INFO: prediction [1501-1_spk_1501_1_010837-010963]: 如果另外一<eos>
2018-07-11 13:15:32,296 (e2e_asr_attctc_th:2977) INFO: BLSTMP input lengths: [84]
2018-07-11 13:15:32,484 (e2e_asr_attctc_th:2067) INFO: input lengths: 21
2018-07-11 13:15:32,484 (e2e_asr_attctc_th:2091) INFO: max output length: 21
2018-07-11 13:15:32,484 (e2e_asr_attctc_th:2092) INFO: min output length: 0
2018-07-11 13:15:33,301 (e2e_asr_attctc_th:2199) INFO: end detected at 11
2018-07-11 13:15:33,301 (e2e_asr_attctc_th:2217) INFO: total log probability: -5.78906468465
2018-07-11 13:15:33,301 (e2e_asr_attctc_th:2218) INFO: normalized log probability: -0.964844114108
2018-07-11 13:15:33,302 (asr_pytorch:468) INFO: groundtruth[1501-1_spk_1501_1_092765-092851]: WIRH石訒啯
2018-07-11 13:15:33,303 (asr_pytorch:469) INFO: prediction [1501-1_spk_1501_1_092765-092851]: 想轉信啊<eos>
2018-07-11 13:15:33,314 (e2e_asr_attctc_th:2977) INFO: BLSTMP input lengths: [365]
2018-07-11 13:15:34,030 (e2e_asr_attctc_th:2067) INFO: input lengths: 92
2018-07-11 13:15:34,030 (e2e_asr_attctc_th:2091) INFO: max output length: 92
2018-07-11 13:15:34,031 (e2e_asr_attctc_th:2092) INFO: min output length: 0
2018-07-11 13:15:36,289 (e2e_asr_attctc_th:2199) INFO: end detected at 18
2018-07-11 13:15:36,290 (e2e_asr_attctc_th:2217) INFO: total log probability: -18.9355279207
2018-07-11 13:15:36,290 (e2e_asr_attctc_th:2218) INFO: normalized log probability: -1.72141162916
2018-07-11 13:15:36,292 (asr_pytorch:468) INFO: groundtruth[8_spk_8_062070-062437]: 咋囹烕B佬反唪矮遛B霆誅咋妍枱戛愈啞啯
2018-07-11 13:15:36,292 (asr_pytorch:469) INFO: prediction [8_spk_8_062070-062437]: 通常你成於租直點殺<eos>
2018-07-11 13:15:36,300 (e2e_asr_attctc_th:2977) INFO: BLSTMP input lengths: [321]
2018-07-11 13:15:36,730 (e2e_asr_attctc_th:2067) INFO: input lengths: 81
2018-07-11 13:15:36,731 (e2e_asr_attctc_th:2091) INFO: max output length: 81
2018-07-11 13:15:36,732 (e2e_asr_attctc_th:2092) INFO: min output length: 0
2018-07-11 13:15:40,281 (e2e_asr_attctc_th:2199) INFO: end detected at 29
2018-07-11 13:15:40,282 (e2e_asr_attctc_th:2217) INFO: total log probability: -8.93148460845
2018-07-11 13:15:40,282 (e2e_asr_attctc_th:2218) INFO: normalized log probability: -0.388325417758
2018-07-11 13:15:40,282 (asr_pytorch:468) INFO: groundtruth[3_spk_3_055212-055535]: 然啞顔佬扚畸倍戛戛員幹佬犢到號琛畸尻從㨃啯
2018-07-11 13:15:40,283 (asr_pytorch:469) INFO: prediction [3_spk_3_055212-055535]: 冇問題你打翻俾我我哋幫你特別處理翻就得咗啦<eos>
2018-07-11 13:15:40,290 (e2e_asr_attctc_th:2977) INFO: BLSTMP input lengths: [76]
2018-07-11 13:15:40,410 (e2e_asr_attctc_th:2067) INFO: input lengths: 19
2018-07-11 13:15:40,411 (e2e_asr_attctc_th:2091) INFO: max output length: 19
2018-07-11 13:15:40,411 (e2e_asr_attctc_th:2092) INFO: min output length: 0
2018-07-11 13:15:40,756 (e2e_asr_attctc_th:2206) INFO: no hypothesis. Finish decoding.
2018-07-11 13:15:40,757 (e2e_asr_attctc_th:2217) INFO: total log probability: -1.4674636873
2018-07-11 13:15:40,757 (e2e_asr_attctc_th:2218) INFO: normalized log probability: -0.293492737459
2018-07-11 13:15:40,758 (asr_pytorch:468) INFO: groundtruth[1504-2_spk_1504_2_039374-039452]: 乒剛啖
2018-07-11 13:15:40,758 (asr_pytorch:469) INFO: prediction [1504-2_spk_1504_2_039374-039452]: 一期啊<eos>
2018-07-11 13:15:40,766 (e2e_asr_attctc_th:2977) INFO: BLSTMP input lengths: [186]
2018-07-11 13:15:41,030 (e2e_asr_attctc_th:2067) INFO: input lengths: 47
2018-07-11 13:15:41,030 (e2e_asr_attctc_th:2091) INFO: max output length: 47
2018-07-11 13:15:41,031 (e2e_asr_attctc_th:2092) INFO: min output length: 0
2018-07-11 13:15:42,073 (e2e_asr_attctc_th:2206) INFO: no hypothesis. Finish decoding.
2018-07-11 13:15:42,073 (e2e_asr_attctc_th:2217) INFO: total log probability: -9.7251523789
2018-07-11 13:15:42,073 (e2e_asr_attctc_th:2218) INFO: normalized log probability: -0.97251523789
2018-07-11 13:15:42,073 (asr_pytorch:468) INFO: groundtruth[4_spk_4_027229-027417]: 咯呈咋佬反誅放刺反岔頻
2018-07-11 13:15:42,073 (asr_pytorch:469) INFO: prediction [4_spk_4_027229-027417]: 咁又話包酒有壓狗<eos>
2018-07-11 13:15:42,081 (e2e_asr_attctc_th:2977) INFO: BLSTMP input lengths: [241]
2018-07-11 13:15:42,418 (e2e_asr_attctc_th:2067) INFO: input lengths: 61
2018-07-11 13:15:42,418 (e2e_asr_attctc_th:2091) INFO: max output length: 61
2018-07-11 13:15:42,418 (e2e_asr_attctc_th:2092) INFO: min output length: 0
2018-07-11 13:15:43,965 (e2e_asr_attctc_th:2206) INFO: no hypothesis. Finish decoding.
2018-07-11 13:15:43,965 (e2e_asr_attctc_th:2217) INFO: total log probability: -6.23843011539
2018-07-11 13:15:43,965 (e2e_asr_attctc_th:2218) INFO: normalized log probability: -0.4456021511
2018-07-11 13:15:43,965 (asr_pytorch:468) INFO: groundtruth[1502-2_spk_1502_2_029295-029539]: 佰員拋嘍的尊童拋從夯夥啯
2018-07-11 13:15:43,965 (asr_pytorch:469) INFO: prediction [1502-2_spk_1502_2_029295-029539]: 佢哋插嘅飯食飯刷得太多啦<eos>
2018-07-11 13:15:43,973 (e2e_asr_attctc_th:2977) INFO: BLSTMP input lengths: [178]
2018-07-11 13:15:44,216 (e2e_asr_attctc_th:2067) INFO: input lengths: 45
2018-07-11 13:15:44,216 (e2e_asr_attctc_th:2091) INFO: max output length: 45
2018-07-11 13:15:44,216 (e2e_asr_attctc_th:2092) INFO: min output length: 0
2018-07-11 13:15:45,631 (e2e_asr_attctc_th:2206) INFO: no hypothesis. Finish decoding.
2018-07-11 13:15:45,631 (e2e_asr_attctc_th:2217) INFO: total log probability: -8.74646442384
2018-07-11 13:15:45,631 (e2e_asr_attctc_th:2218) INFO: normalized log probability: -0.67280495568
2018-07-11 13:15:45,632 (asr_pytorch:468) INFO: groundtruth[1501-1_spk_1501_1_072628-072808]: 杖尖姚住俏佬肇旬旅唪旅俊
2018-07-11 13:15:45,633 (asr_pytorch:469) INFO: prediction [1501-1_spk_1501_1_072628-072808]: 你師姐就係你聽佢方方便<eos>
2018-07-11 13:15:45,648 (e2e_asr_attctc_th:2977) INFO: BLSTMP input lengths: [29]
2018-07-11 13:15:45,753 (e2e_asr_attctc_th:2067) INFO: input lengths: 8
2018-07-11 13:15:45,754 (e2e_asr_attctc_th:2091) INFO: max output length: 8
2018-07-11 13:15:45,754 (e2e_asr_attctc_th:2092) INFO: min output length: 0
2018-07-11 13:15:46,307 (e2e_asr_attctc_th:2180) INFO: adding <eos> in the last postion in the loop
2018-07-11 13:15:46,308 (e2e_asr_attctc_th:2206) INFO: no hypothesis. Finish decoding.
2018-07-11 13:15:46,308 (e2e_asr_attctc_th:2217) INFO: total log probability: -0.0776407495141
2018-07-11 13:15:46,308 (e2e_asr_attctc_th:2218) INFO: normalized log probability: -0.025880249838
2018-07-11 13:15:46,309 (asr_pytorch:468) INFO: groundtruth[1501-2_spk_1501_2_058720-058751]: 俏
2018-07-11 13:15:46,310 (asr_pytorch:469) INFO: prediction [1501-2_spk_1501_2_058720-058751]: 係<eos>
2018-07-11 13:15:46,323 (e2e_asr_attctc_th:2977) INFO: BLSTMP input lengths: [59]
2018-07-11 13:15:46,475 (e2e_asr_attctc_th:2067) INFO: input lengths: 15
2018-07-11 13:15:46,476 (e2e_asr_attctc_th:2091) INFO: max output length: 15
2018-07-11 13:15:46,476 (e2e_asr_attctc_th:2092) INFO: min output length: 0
2018-07-11 13:15:46,783 (e2e_asr_attctc_th:2206) INFO: no hypothesis. Finish decoding.
2018-07-11 13:15:46,783 (e2e_asr_attctc_th:2217) INFO: total log probability: -0.0755244344473
2018-07-11 13:15:46,784 (e2e_asr_attctc_th:2218) INFO: normalized log probability: -0.0188811086118
2018-07-11 13:15:46,784 (asr_pytorch:468) INFO: groundtruth[1503-1_spk_1503_1_097530-097591]: 俏啯
2018-07-11 13:15:46,784 (asr_pytorch:469) INFO: prediction [1503-1_spk_1503_1_097530-097591]: 係啦<eos>
2018-07-11 13:15:46,793 (e2e_asr_attctc_th:2977) INFO: BLSTMP input lengths: [142]
2018-07-11 13:15:46,998 (e2e_asr_attctc_th:2067) INFO: input lengths: 36
2018-07-11 13:15:46,998 (e2e_asr_attctc_th:2091) INFO: max output length: 36
2018-07-11 13:15:46,999 (e2e_asr_attctc_th:2092) INFO: min output length: 0
2018-07-11 13:15:48,693 (e2e_asr_attctc_th:2199) INFO: end detected at 18
2018-07-11 13:15:48,693 (e2e_asr_attctc_th:2217) INFO: total log probability: -10.8558932543
2018-07-11 13:15:48,693 (e2e_asr_attctc_th:2218) INFO: normalized log probability: -0.835068711868
2018-07-11 13:15:48,695 (asr_pytorch:468) INFO: groundtruth[1501-2_spk_1501_2_004964-005108]: 繆乒戛毛倔朔俏毯呯倔
2018-07-11 13:15:48,695 (asr_pytorch:469) INFO: prediction [1501-2_spk_1501_2_004964-005108]: 總之我每個月嚟俾啲呢個<eos>
2018-07-11 13:15:48,703 (e2e_asr_attctc_th:2977) INFO: BLSTMP input lengths: [198]
2018-07-11 13:15:48,981 (e2e_asr_attctc_th:2067) INFO: input lengths: 50
2018-07-11 13:15:48,981 (e2e_asr_attctc_th:2091) INFO: max output length: 50
2018-07-11 13:15:48,981 (e2e_asr_attctc_th:2092) INFO: min output length: 0
2018-07-11 13:15:50,871 (e2e_asr_attctc_th:2199) INFO: end detected at 18
2018-07-11 13:15:50,871 (e2e_asr_attctc_th:2217) INFO: total log probability: -3.67736805556
2018-07-11 13:15:50,871 (e2e_asr_attctc_th:2218) INFO: normalized log probability: -0.262669146826
2018-07-11 13:15:50,872 (asr_pytorch:468) INFO: groundtruth[1502-2_spk_1502_2_071631-071831]: 咋刺晏佰服肇旬卉黴鐲剛啯
2018-07-11 13:15:50,872 (asr_pytorch:469) INFO: prediction [1502-2_spk_1502_2_071631-071831]: 咁到時佢會聽日十點鐘錢啦<eos>
2018-07-11 13:15:50,880 (e2e_asr_attctc_th:2977) INFO: BLSTMP input lengths: [240]
2018-07-11 13:15:51,215 (e2e_asr_attctc_th:2067) INFO: input lengths: 60
2018-07-11 13:15:51,216 (e2e_asr_attctc_th:2091) INFO: max output length: 60
2018-07-11 13:15:51,216 (e2e_asr_attctc_th:2092) INFO: min output length: 0
2018-07-11 13:15:54,256 (e2e_asr_attctc_th:2199) INFO: end detected at 24
2018-07-11 13:15:54,257 (e2e_asr_attctc_th:2217) INFO: total log probability: -9.29012468737
2018-07-11 13:15:54,257 (e2e_asr_attctc_th:2218) INFO: normalized log probability: -0.488953930914
2018-07-11 13:15:54,258 (asr_pytorch:468) INFO: groundtruth[4_spk_4_022639-022881]: 咋刺晏呯裴俊司件幹佬邀由畸咋樺嘍
2018-07-11 13:15:54,259 (asr_pytorch:469) INFO: prediction [4_spk_4_022639-022881]: 咁到時有嘞你哋可以幫你選用班咁樣嘅<eos>
2018-07-11 13:15:54,272 (e2e_asr_attctc_th:2977) INFO: BLSTMP input lengths: [86]
2018-07-11 13:15:54,528 (e2e_asr_attctc_th:2067) INFO: input lengths: 22
2018-07-11 13:15:54,529 (e2e_asr_attctc_th:2091) INFO: max output length: 22
2018-07-11 13:15:54,529 (e2e_asr_attctc_th:2092) INFO: min output length: 0
2018-07-11 13:15:55,520 (e2e_asr_attctc_th:2199) INFO: end detected at 13
2018-07-11 13:15:55,520 (e2e_asr_attctc_th:2217) INFO: total log probability: -4.467055507
2018-07-11 13:15:55,520 (e2e_asr_attctc_th:2218) INFO: normalized log probability: -0.558381938376
2018-07-11 13:15:55,521 (asr_pytorch:468) INFO: groundtruth[1504-1_spk_1504_1_079752-079840]: 院逮旨TPER
2018-07-11 13:15:55,521 (asr_pytorch:469) INFO: prediction [1504-1_spk_1504_1_079752-079840]: 行速佢AND<eos>
2018-07-11 13:15:55,529 (e2e_asr_attctc_th:2977) INFO: BLSTMP input lengths: [274]
2018-07-11 13:15:55,902 (e2e_asr_attctc_th:2067) INFO: input lengths: 69
2018-07-11 13:15:55,903 (e2e_asr_attctc_th:2091) INFO: max output length: 69
2018-07-11 13:15:55,903 (e2e_asr_attctc_th:2092) INFO: min output length: 0
2018-07-11 13:15:58,252 (e2e_asr_attctc_th:2199) INFO: end detected at 22
2018-07-11 13:15:58,252 (e2e_asr_attctc_th:2217) INFO: total log probability: -11.1989779621
2018-07-11 13:15:58,252 (e2e_asr_attctc_th:2218) INFO: normalized log probability: -0.746598530809
2018-07-11 13:15:58,254 (asr_pytorch:468) INFO: groundtruth[1503-2_spk_1503_2_097742-098018]: 妊昕皅昕皅咋戛啞三啞兒妊啖妊啖
2018-07-11 13:15:58,254 (asr_pytorch:469) INFO: prediction [1503-2_spk_1503_2_097742-098018]: 我明白明白咁我問一問先好啊<eos>
2018-07-11 13:15:58,262 (e2e_asr_attctc_th:2977) INFO: BLSTMP input lengths: [127]
2018-07-11 13:15:58,439 (e2e_asr_attctc_th:2067) INFO: input lengths: 32
2018-07-11 13:15:58,439 (e2e_asr_attctc_th:2091) INFO: max output length: 32
2018-07-11 13:15:58,440 (e2e_asr_attctc_th:2092) INFO: min output length: 0
2018-07-11 13:15:59,742 (e2e_asr_attctc_th:2199) INFO: end detected at 15
2018-07-11 13:15:59,743 (e2e_asr_attctc_th:2217) INFO: total log probability: -6.62023423612
2018-07-11 13:15:59,743 (e2e_asr_attctc_th:2218) INFO: normalized log probability: -0.662023423612
2018-07-11 13:15:59,744 (asr_pytorch:468) INFO: groundtruth[1502-2_spk_1502_2_056850-056979]: 疊煉嗄卉兵KF公啯
2018-07-11 13:15:59,744 (asr_pytorch:469) INFO: prediction [1502-2_spk_1502_2_056850-056979]: 當然喺十六極內啦<eos>
2018-07-11 13:15:59,751 (e2e_asr_attctc_th:2977) INFO: BLSTMP input lengths: [60]
2018-07-11 13:15:59,850 (e2e_asr_attctc_th:2067) INFO: input lengths: 15
2018-07-11 13:15:59,850 (e2e_asr_attctc_th:2091) INFO: max output length: 15
2018-07-11 13:15:59,850 (e2e_asr_attctc_th:2092) INFO: min output length: 0
2018-07-11 13:16:00,340 (e2e_asr_attctc_th:2199) INFO: end detected at 8
2018-07-11 13:16:00,340 (e2e_asr_attctc_th:2217) INFO: total log probability: -1.04359177453
2018-07-11 13:16:00,340 (e2e_asr_attctc_th:2218) INFO: normalized log probability: -0.260897943634
2018-07-11 13:16:00,341 (asr_pytorch:468) INFO: groundtruth[1501-2_spk_1501_2_086844-086906]: 俏
2018-07-11 13:16:00,341 (asr_pytorch:469) INFO: prediction [1501-2_spk_1501_2_086844-086906]: 係啊<eos>
2018-07-11 13:16:00,350 (e2e_asr_attctc_th:2977) INFO: BLSTMP input lengths: [426]
2018-07-11 13:16:00,922 (e2e_asr_attctc_th:2067) INFO: input lengths: 107
2018-07-11 13:16:00,923 (e2e_asr_attctc_th:2091) INFO: max output length: 107
2018-07-11 13:16:00,923 (e2e_asr_attctc_th:2092) INFO: min output length: 0
2018-07-11 13:16:04,763 (e2e_asr_attctc_th:2199) INFO: end detected at 28
2018-07-11 13:16:04,763 (e2e_asr_attctc_th:2217) INFO: total log probability: -19.9827847434
2018-07-11 13:16:04,763 (e2e_asr_attctc_th:2218) INFO: normalized log probability: -0.868816727975
2018-07-11 13:16:04,765 (asr_pytorch:468) INFO: groundtruth[4_spk_4_005132-005560]: 誅誅誅啞戛IQEMP寒磋唪俏啞嗷倔咯寒磋嗷倔喔
2018-07-11 13:16:04,765 (asr_pytorch:469) INFO: prediction [4_spk_4_005132-005560]: 哇哇哇問過啲咩啊白白唔係萬呢我咩咩密碼噶喎<eos>
2018-07-11 13:16:04,773 (e2e_asr_attctc_th:2977) INFO: BLSTMP input lengths: [248]
2018-07-11 13:16:05,107 (e2e_asr_attctc_th:2067) INFO: input lengths: 62
2018-07-11 13:16:05,108 (e2e_asr_attctc_th:2091) INFO: max output length: 62
2018-07-11 13:16:05,108 (e2e_asr_attctc_th:2092) INFO: min output length: 0
2018-07-11 13:16:07,293 (e2e_asr_attctc_th:2199) INFO: end detected at 20
2018-07-11 13:16:07,293 (e2e_asr_attctc_th:2217) INFO: total log probability: -14.5789982677
2018-07-11 13:16:07,293 (e2e_asr_attctc_th:2218) INFO: normalized log probability: -1.04135701912
2018-07-11 13:16:07,295 (asr_pytorch:468) INFO: groundtruth[1504-2_spk_1504_2_090296-090546]: 戛籌嗷陳晏呯尻乳叔叔戛鄔享
2018-07-11 13:16:07,295 (asr_pytorch:469) INFO: prediction [1504-2_spk_1504_2_090296-090546]: 我簽嗰時呢就同一間啦嗰間<eos>
2018-07-11 13:16:07,303 (e2e_asr_attctc_th:2977) INFO: BLSTMP input lengths: [100]
2018-07-11 13:16:07,448 (e2e_asr_attctc_th:2067) INFO: input lengths: 25
2018-07-11 13:16:07,449 (e2e_asr_attctc_th:2091) INFO: max output length: 25
2018-07-11 13:16:07,449 (e2e_asr_attctc_th:2092) INFO: min output length: 0
2018-07-11 13:16:07,973 (e2e_asr_attctc_th:2199) INFO: end detected at 9
2018-07-11 13:16:07,973 (e2e_asr_attctc_th:2217) INFO: total log probability: -1.01121550798
2018-07-11 13:16:07,973 (e2e_asr_attctc_th:2218) INFO: normalized log probability: -0.337071835995
2018-07-11 13:16:07,974 (asr_pytorch:468) INFO: groundtruth[1503-2_spk_1503_2_011427-011529]: 哭
2018-07-11 13:16:07,974 (asr_pytorch:469) INFO: prediction [1503-2_spk_1503_2_011427-011529]: 啊<eos>
2018-07-11 13:16:07,981 (e2e_asr_attctc_th:2977) INFO: BLSTMP input lengths: [158]
2018-07-11 13:16:08,206 (e2e_asr_attctc_th:2067) INFO: input lengths: 40
2018-07-11 13:16:08,206 (e2e_asr_attctc_th:2091) INFO: max output length: 40
2018-07-11 13:16:08,206 (e2e_asr_attctc_th:2092) INFO: min output length: 0
2018-07-11 13:16:10,110 (e2e_asr_attctc_th:2199) INFO: end detected at 18
2018-07-11 13:16:10,111 (e2e_asr_attctc_th:2217) INFO: total log probability: -5.0099218199
2018-07-11 13:16:10,111 (e2e_asr_attctc_th:2218) INFO: normalized log probability: -0.385378601531
2018-07-11 13:16:10,113 (asr_pytorch:468) INFO: groundtruth[1502-2_spk_1502_2_012454-012614]: 囹烕B佬鄔矮遛妍枱佬倔
2018-07-11 13:16:10,113 (asr_pytorch:469) INFO: prediction [1502-2_spk_1502_2_012454-012614]: 因為誒你都知道如講嚟個<eos>
2018-07-11 13:16:10,135 (e2e_asr_attctc_th:2977) INFO: BLSTMP input lengths: [279]
2018-07-11 13:16:10,945 (e2e_asr_attctc_th:2067) INFO: input lengths: 70
2018-07-11 13:16:10,947 (e2e_asr_attctc_th:2091) INFO: max output length: 70
2018-07-11 13:16:10,947 (e2e_asr_attctc_th:2092) INFO: min output length: 0
2018-07-11 13:16:14,404 (e2e_asr_attctc_th:2206) INFO: no hypothesis. Finish decoding.
2018-07-11 13:16:14,404 (e2e_asr_attctc_th:2217) INFO: total log probability: -4.1313647629
2018-07-11 13:16:14,404 (e2e_asr_attctc_th:2218) INFO: normalized log probability: -0.217440250679
2018-07-11 13:16:14,405 (asr_pytorch:468) INFO: groundtruth[1502-2_spk_1502_2_084429-084710]: 妍枱佬誅<unk><unk>佬叄閊希佬妊黍煲㨃嘢
2018-07-11 13:16:14,405 (asr_pytorch:469) INFO: prediction [1502-2_spk_1502_2_084429-084710]: 如果你日日下下你去門市你好麻煩噶嘛<eos>
2018-07-11 13:16:14,414 (e2e_asr_attctc_th:2977) INFO: BLSTMP input lengths: [81]
2018-07-11 13:16:14,564 (e2e_asr_attctc_th:2067) INFO: input lengths: 21
2018-07-11 13:16:14,564 (e2e_asr_attctc_th:2091) INFO: max output length: 21
2018-07-11 13:16:14,564 (e2e_asr_attctc_th:2092) INFO: min output length: 0
2018-07-11 13:16:15,183 (e2e_asr_attctc_th:2199) INFO: end detected at 10
2018-07-11 13:16:15,183 (e2e_asr_attctc_th:2217) INFO: total log probability: -3.24316585064
2018-07-11 13:16:15,183 (e2e_asr_attctc_th:2218) INFO: normalized log probability: -0.81079146266
2018-07-11 13:16:15,184 (asr_pytorch:468) INFO: groundtruth[12_spk_12_073552-073635]: 妊妊妊
2018-07-11 13:16:15,184 (asr_pytorch:469) INFO: prediction [12_spk_12_073552-073635]: <SPK/>好<eos>
2018-07-11 13:16:15,192 (e2e_asr_attctc_th:2977) INFO: BLSTMP input lengths: [146]
2018-07-11 13:16:15,433 (e2e_asr_attctc_th:2067) INFO: input lengths: 37
2018-07-11 13:16:15,434 (e2e_asr_attctc_th:2091) INFO: max output length: 37
2018-07-11 13:16:15,434 (e2e_asr_attctc_th:2092) INFO: min output length: 0
2018-07-11 13:16:17,269 (e2e_asr_attctc_th:2199) INFO: end detected at 18
2018-07-11 13:16:17,270 (e2e_asr_attctc_th:2217) INFO: total log probability: -7.78071726486
2018-07-11 13:16:17,270 (e2e_asr_attctc_th:2218) INFO: normalized log probability: -0.648393105405
2018-07-11 13:16:17,272 (asr_pytorch:468) INFO: groundtruth[1505-2_spk_1505_2_095338-095486]: 戛鄔唪矮倔WMQ危俏邕庵攪<unk>黒
2018-07-11 13:16:17,273 (asr_pytorch:469) INFO: prediction [1505-2_spk_1505_2_095338-095486]: 我都唔知係先帶嘅我哋<eos>
2018-07-11 13:16:17,289 (e2e_asr_attctc_th:2977) INFO: BLSTMP input lengths: [135]
2018-07-11 13:16:17,617 (e2e_asr_attctc_th:2067) INFO: input lengths: 34
2018-07-11 13:16:17,618 (e2e_asr_attctc_th:2091) INFO: max output length: 34
2018-07-11 13:16:17,618 (e2e_asr_attctc_th:2092) INFO: min output length: 0
2018-07-11 13:16:18,252 (e2e_asr_attctc_th:2206) INFO: no hypothesis. Finish decoding.
2018-07-11 13:16:18,252 (e2e_asr_attctc_th:2217) INFO: total log probability: -5.17719122698
2018-07-11 13:16:18,252 (e2e_asr_attctc_th:2218) INFO: normalized log probability: -0.739598746711
2018-07-11 13:16:18,253 (asr_pytorch:468) INFO: groundtruth[8_spk_8_084205-084342]: 哭妊吟妊吟
2018-07-11 13:16:18,253 (asr_pytorch:469) INFO: prediction [8_spk_8_084205-084342]: 就好失色衫<eos>
2018-07-11 13:16:18,262 (e2e_asr_attctc_th:2977) INFO: BLSTMP input lengths: [839]
2018-07-11 13:16:19,532 (e2e_asr_attctc_th:2067) INFO: input lengths: 210
2018-07-11 13:16:19,533 (e2e_asr_attctc_th:2091) INFO: max output length: 210
2018-07-11 13:16:19,533 (e2e_asr_attctc_th:2092) INFO: min output length: 0
2018-07-11 13:16:29,600 (e2e_asr_attctc_th:2199) INFO: end detected at 41
2018-07-11 13:16:29,600 (e2e_asr_attctc_th:2217) INFO: total log probability: -31.4589065835
2018-07-11 13:16:29,600 (e2e_asr_attctc_th:2218) INFO: normalized log probability: -0.898825902385
2018-07-11 13:16:29,601 (asr_pytorch:468) INFO: groundtruth[1503-2_spk_1503_2_090074-090915]: 嗶戛愈啞呯朕冏倔啼嫉咱TPER姚俏98蚧宣88蚧嗷啼耗<unk>仿朕冏柎
2018-07-11 13:16:29,601 (asr_pytorch:469) INFO: prediction [1503-2_spk_1503_2_090074-090915]: 嗯我真係問呢又冇個啲貓聯聽即係辦夠十百蚊你八十八蚊啊你而傢仲有部啦<eos>
2018-07-11 13:16:29,610 (e2e_asr_attctc_th:2977) INFO: BLSTMP input lengths: [490]
2018-07-11 13:16:30,452 (e2e_asr_attctc_th:2067) INFO: input lengths: 123
2018-07-11 13:16:30,452 (e2e_asr_attctc_th:2091) INFO: max output length: 123
2018-07-11 13:16:30,452 (e2e_asr_attctc_th:2092) INFO: min output length: 0
2018-07-11 13:16:35,062 (e2e_asr_attctc_th:2199) INFO: end detected at 30
2018-07-11 13:16:35,062 (e2e_asr_attctc_th:2217) INFO: total log probability: -12.3774264189
2018-07-11 13:16:35,062 (e2e_asr_attctc_th:2218) INFO: normalized log probability: -0.515726100789
2018-07-11 13:16:35,063 (asr_pytorch:468) INFO: groundtruth[1504-2_spk_1504_2_068074-068566]: 住俏佬見毯戛嗷倔TPER俏哎佬見戛400序蚧488蚧
2018-07-11 13:16:35,063 (asr_pytorch:469) INFO: prediction [1504-2_spk_1504_2_068074-068566]: 但係你要俾我嗰個係話你要我四百幾蚊四個八百蚊<eos>
2018-07-11 13:16:35,071 (e2e_asr_attctc_th:2977) INFO: BLSTMP input lengths: [132]
2018-07-11 13:16:35,295 (e2e_asr_attctc_th:2067) INFO: input lengths: 33
2018-07-11 13:16:35,296 (e2e_asr_attctc_th:2091) INFO: max output length: 33
2018-07-11 13:16:35,296 (e2e_asr_attctc_th:2092) INFO: min output length: 0
2018-07-11 13:16:36,408 (e2e_asr_attctc_th:2199) INFO: end detected at 13
2018-07-11 13:16:36,408 (e2e_asr_attctc_th:2217) INFO: total log probability: -0.361889667343
2018-07-11 13:16:36,408 (e2e_asr_attctc_th:2218) INFO: normalized log probability: -0.0402099630381
2018-07-11 13:16:36,409 (asr_pytorch:468) INFO: groundtruth[1502-2_spk_1502_2_067809-067943]: 哎卉亙黴司脇尻
2018-07-11 13:16:36,409 (asr_pytorch:469) INFO: prediction [1502-2_spk_1502_2_067809-067943]: 哇十二點可能就<eos>
2018-07-11 13:16:36,418 (e2e_asr_attctc_th:2977) INFO: BLSTMP input lengths: [227]
2018-07-11 13:16:36,786 (e2e_asr_attctc_th:2067) INFO: input lengths: 57
2018-07-11 13:16:36,786 (e2e_asr_attctc_th:2091) INFO: max output length: 57
2018-07-11 13:16:36,786 (e2e_asr_attctc_th:2092) INFO: min output length: 0
2018-07-11 13:16:39,423 (e2e_asr_attctc_th:2199) INFO: end detected at 24
2018-07-11 13:16:39,424 (e2e_asr_attctc_th:2217) INFO: total log probability: -15.7534862831
2018-07-11 13:16:39,424 (e2e_asr_attctc_th:2218) INFO: normalized log probability: -0.875193682396
2018-07-11 13:16:39,425 (asr_pytorch:468) INFO: groundtruth[12_spk_12_051011-051240]: <unk>三<unk>戛反見冗PSKMR咋樺
2018-07-11 13:16:39,425 (asr_pytorch:469) INFO: prediction [12_spk_12_051011-051240]: CANCAPE我就要著我落雨咁樣<eos>
2018-07-11 13:16:39,433 (e2e_asr_attctc_th:2977) INFO: BLSTMP input lengths: [222]
2018-07-11 13:16:39,755 (e2e_asr_attctc_th:2067) INFO: input lengths: 56
2018-07-11 13:16:39,755 (e2e_asr_attctc_th:2091) INFO: max output length: 56
2018-07-11 13:16:39,755 (e2e_asr_attctc_th:2092) INFO: min output length: 0
2018-07-11 13:16:40,998 (e2e_asr_attctc_th:2206) INFO: no hypothesis. Finish decoding.
2018-07-11 13:16:40,998 (e2e_asr_attctc_th:2217) INFO: total log probability: -5.08734229649
2018-07-11 13:16:40,998 (e2e_asr_attctc_th:2218) INFO: normalized log probability: -0.423945191375
2018-07-11 13:16:40,999 (asr_pytorch:468) INFO: groundtruth[1501-1_spk_1501_1_047413-047637]: 尻嗄B昔遐丹忐嗷邕囖
2018-07-11 13:16:40,999 (asr_pytorch:469) INFO: prediction [1501-1_spk_1501_1_047413-047637]: 就係誒中文中心嗰邊咯<eos>
2018-07-11 13:16:41,006 (e2e_asr_attctc_th:2977) INFO: BLSTMP input lengths: [224]
2018-07-11 13:16:41,335 (e2e_asr_attctc_th:2067) INFO: input lengths: 56
2018-07-11 13:16:41,336 (e2e_asr_attctc_th:2091) INFO: max output length: 56
2018-07-11 13:16:41,336 (e2e_asr_attctc_th:2092) INFO: min output length: 0
2018-07-11 13:16:42,670 (e2e_asr_attctc_th:2206) INFO: no hypothesis. Finish decoding.
2018-07-11 13:16:42,671 (e2e_asr_attctc_th:2217) INFO: total log probability: -5.80691324268
2018-07-11 13:16:42,671 (e2e_asr_attctc_th:2218) INFO: normalized log probability: -0.446685634052
2018-07-11 13:16:42,671 (asr_pytorch:468) INFO: groundtruth[1501-1_spk_1501_1_034624-034850]: 戡耐佬<unk>紋俏叄刺序晏㨃
2018-07-11 13:16:42,672 (asr_pytorch:469) INFO: prediction [1501-1_spk_1501_1_034624-034850]: 或者你閤約係去到幾時噶<eos>
2018-07-11 13:16:42,679 (e2e_asr_attctc_th:2977) INFO: BLSTMP input lengths: [30]
2018-07-11 13:16:42,744 (e2e_asr_attctc_th:2067) INFO: input lengths: 8
2018-07-11 13:16:42,744 (e2e_asr_attctc_th:2091) INFO: max output length: 8
2018-07-11 13:16:42,745 (e2e_asr_attctc_th:2092) INFO: min output length: 0
2018-07-11 13:16:43,143 (e2e_asr_attctc_th:2180) INFO: adding <eos> in the last postion in the loop
2018-07-11 13:16:43,143 (e2e_asr_attctc_th:2206) INFO: no hypothesis. Finish decoding.
2018-07-11 13:16:43,143 (e2e_asr_attctc_th:2217) INFO: total log probability: -3.95485846698
2018-07-11 13:16:43,143 (e2e_asr_attctc_th:2218) INFO: normalized log probability: -0.988714616746
2018-07-11 13:16:43,145 (asr_pytorch:468) INFO: groundtruth[1502-2_spk_1502_2_032566-032598]: 潤用
2018-07-11 13:16:43,145 (asr_pytorch:469) INFO: prediction [1502-2_spk_1502_2_032566-032598]: 本生<eos>
2018-07-11 13:16:43,152 (e2e_asr_attctc_th:2977) INFO: BLSTMP input lengths: [63]
2018-07-11 13:16:43,248 (e2e_asr_attctc_th:2067) INFO: input lengths: 16
2018-07-11 13:16:43,249 (e2e_asr_attctc_th:2091) INFO: max output length: 16
2018-07-11 13:16:43,249 (e2e_asr_attctc_th:2092) INFO: min output length: 0
2018-07-11 13:16:43,712 (e2e_asr_attctc_th:2199) INFO: end detected at 8
2018-07-11 13:16:43,712 (e2e_asr_attctc_th:2217) INFO: total log probability: -0.142032075673
2018-07-11 13:16:43,712 (e2e_asr_attctc_th:2218) INFO: normalized log probability: -0.0473440252244
2018-07-11 13:16:43,714 (asr_pytorch:468) INFO: groundtruth[1503-2_spk_1503_2_006567-006631]: 嗶
2018-07-11 13:16:43,714 (asr_pytorch:469) INFO: prediction [1503-2_spk_1503_2_006567-006631]: 嗯<eos>
2018-07-11 13:16:43,722 (e2e_asr_attctc_th:2977) INFO: BLSTMP input lengths: [143]
2018-07-11 13:16:43,917 (e2e_asr_attctc_th:2067) INFO: input lengths: 36
2018-07-11 13:16:43,917 (e2e_asr_attctc_th:2091) INFO: max output length: 36
2018-07-11 13:16:43,917 (e2e_asr_attctc_th:2092) INFO: min output length: 0
2018-07-11 13:16:44,814 (e2e_asr_attctc_th:2199) INFO: end detected at 12
2018-07-11 13:16:44,814 (e2e_asr_attctc_th:2217) INFO: total log probability: -3.22006642446
2018-07-11 13:16:44,814 (e2e_asr_attctc_th:2218) INFO: normalized log probability: -0.460009489208
2018-07-11 13:16:44,815 (asr_pytorch:468) INFO: groundtruth[12_spk_12_046729-046874]: 嗶咋樺樺
2018-07-11 13:16:44,816 (asr_pytorch:469) INFO: prediction [12_spk_12_046729-046874]: 嗯咁樣唔翻<eos>
2018-07-11 13:16:44,823 (e2e_asr_attctc_th:2977) INFO: BLSTMP input lengths: [48]
2018-07-11 13:16:44,906 (e2e_asr_attctc_th:2067) INFO: input lengths: 12
2018-07-11 13:16:44,906 (e2e_asr_attctc_th:2091) INFO: max output length: 12
2018-07-11 13:16:44,906 (e2e_asr_attctc_th:2092) INFO: min output length: 0
2018-07-11 13:16:45,384 (e2e_asr_attctc_th:2199) INFO: end detected at 9
2018-07-11 13:16:45,384 (e2e_asr_attctc_th:2217) INFO: total log probability: -2.75536098331
2018-07-11 13:16:45,384 (e2e_asr_attctc_th:2218) INFO: normalized log probability: -0.688840245828
2018-07-11 13:16:45,385 (asr_pytorch:468) INFO: groundtruth[1504-2_spk_1504_2_000618-000668]: 俏
2018-07-11 13:16:45,385 (asr_pytorch:469) INFO: prediction [1504-2_spk_1504_2_000618-000668]: 真係<eos>
2018-07-11 13:16:45,393 (e2e_asr_attctc_th:2977) INFO: BLSTMP input lengths: [209]
2018-07-11 13:16:45,737 (e2e_asr_attctc_th:2067) INFO: input lengths: 53
2018-07-11 13:16:45,737 (e2e_asr_attctc_th:2091) INFO: max output length: 53
2018-07-11 13:16:45,738 (e2e_asr_attctc_th:2092) INFO: min output length: 0
2018-07-11 13:16:47,296 (e2e_asr_attctc_th:2199) INFO: end detected at 17
2018-07-11 13:16:47,297 (e2e_asr_attctc_th:2217) INFO: total log probability: -11.7447440177
2018-07-11 13:16:47,297 (e2e_asr_attctc_th:2218) INFO: normalized log probability: -1.17447440177
2018-07-11 13:16:47,298 (asr_pytorch:468) INFO: groundtruth[12_spk_12_047476-047687]: 邕倔址旅朕呯戛弊譽佬司件
2018-07-11 13:16:47,298 (asr_pytorch:469) INFO: prediction [12_spk_12_047476-047687]: 呢個被真有呢邊啊<eos>
2018-07-11 13:16:47,306 (e2e_asr_attctc_th:2977) INFO: BLSTMP input lengths: [132]
2018-07-11 13:16:47,504 (e2e_asr_attctc_th:2067) INFO: input lengths: 33
2018-07-11 13:16:47,505 (e2e_asr_attctc_th:2091) INFO: max output length: 33
2018-07-11 13:16:47,505 (e2e_asr_attctc_th:2092) INFO: min output length: 0
2018-07-11 13:16:48,268 (e2e_asr_attctc_th:2199) INFO: end detected at 11
2018-07-11 13:16:48,269 (e2e_asr_attctc_th:2217) INFO: total log probability: -0.157304404769
2018-07-11 13:16:48,269 (e2e_asr_attctc_th:2218) INFO: normalized log probability: -0.0262174007948
2018-07-11 13:16:48,270 (asr_pytorch:468) INFO: groundtruth[1504-1_spk_1504_1_081544-081678]: 昕皅昕皅
2018-07-11 13:16:48,270 (asr_pytorch:469) INFO: prediction [1504-1_spk_1504_1_081544-081678]: 明白明白<eos>
2018-07-11 13:16:48,278 (e2e_asr_attctc_th:2977) INFO: BLSTMP input lengths: [167]
2018-07-11 13:16:48,504 (e2e_asr_attctc_th:2067) INFO: input lengths: 42
2018-07-11 13:16:48,505 (e2e_asr_attctc_th:2091) INFO: max output length: 42
2018-07-11 13:16:48,505 (e2e_asr_attctc_th:2092) INFO: min output length: 0
2018-07-11 13:16:49,865 (e2e_asr_attctc_th:2199) INFO: end detected at 16
2018-07-11 13:16:49,865 (e2e_asr_attctc_th:2217) INFO: total log probability: -6.11193045229
2018-07-11 13:16:49,865 (e2e_asr_attctc_th:2218) INFO: normalized log probability: -0.555630041117
2018-07-11 13:16:49,866 (asr_pytorch:468) INFO: groundtruth[1505-2_spk_1505_2_078099-078268]: 唪俏戛誅呯倔TPER
2018-07-11 13:16:49,866 (asr_pytorch:469) INFO: prediction [1505-2_spk_1505_2_078099-078268]: 我唔係我話以後先係<eos>
2018-07-11 13:16:49,874 (e2e_asr_attctc_th:2977) INFO: BLSTMP input lengths: [248]
2018-07-11 13:16:50,195 (e2e_asr_attctc_th:2067) INFO: input lengths: 62
2018-07-11 13:16:50,195 (e2e_asr_attctc_th:2091) INFO: max output length: 62
2018-07-11 13:16:50,195 (e2e_asr_attctc_th:2092) INFO: min output length: 0
2018-07-11 13:16:51,732 (e2e_asr_attctc_th:2199) INFO: end detected at 17
2018-07-11 13:16:51,733 (e2e_asr_attctc_th:2217) INFO: total log probability: -12.4719525278
2018-07-11 13:16:51,733 (e2e_asr_attctc_th:2218) INFO: normalized log probability: -1.24719525278
2018-07-11 13:16:51,734 (asr_pytorch:468) INFO: groundtruth[12_spk_12_069969-070219]: BYTHEXI嘍手件谘咩司脇朵忑
2018-07-11 13:16:51,734 (asr_pytorch:469) INFO: prediction [12_spk_12_069969-070219]: 哦你唔想點殺實你<eos>
2018-07-11 13:16:51,742 (e2e_asr_attctc_th:2977) INFO: BLSTMP input lengths: [454]
2018-07-11 13:16:52,344 (e2e_asr_attctc_th:2067) INFO: input lengths: 114
2018-07-11 13:16:52,345 (e2e_asr_attctc_th:2091) INFO: max output length: 114
2018-07-11 13:16:52,345 (e2e_asr_attctc_th:2092) INFO: min output length: 0
2018-07-11 13:16:56,432 (e2e_asr_attctc_th:2199) INFO: end detected at 27
2018-07-11 13:16:56,433 (e2e_asr_attctc_th:2217) INFO: total log probability: -11.9631620981
2018-07-11 13:16:56,433 (e2e_asr_attctc_th:2218) INFO: normalized log probability: -0.543780095367
2018-07-11 13:16:56,434 (asr_pytorch:468) INFO: groundtruth[1505-2_spk_1505_2_029854-030310]: 住俏戛宥<unk>由緘GWP佰址街20臼40住俏戛睛
2018-07-11 13:16:56,434 (asr_pytorch:469) INFO: prediction [1505-2_spk_1505_2_029854-030310]: 但係我而傢人咗之後佢哋行二十字四十大我睇<eos>
2018-07-11 13:16:56,443 (e2e_asr_attctc_th:2977) INFO: BLSTMP input lengths: [347]
2018-07-11 13:16:56,893 (e2e_asr_attctc_th:2067) INFO: input lengths: 87
2018-07-11 13:16:56,894 (e2e_asr_attctc_th:2091) INFO: max output length: 87
2018-07-11 13:16:56,894 (e2e_asr_attctc_th:2092) INFO: min output length: 0
2018-07-11 13:17:01,085 (e2e_asr_attctc_th:2199) INFO: end detected at 28
2018-07-11 13:17:01,086 (e2e_asr_attctc_th:2217) INFO: total log probability: -15.9318567782
2018-07-11 13:17:01,086 (e2e_asr_attctc_th:2218) INFO: normalized log probability: -0.69268942514
2018-07-11 13:17:01,088 (asr_pytorch:468) INFO: groundtruth[1501-1_spk_1501_1_036008-036357]: SO冏啞顔呯黴戛員吔井司件誅占勁迫佬GLIGO迫嘍
2018-07-11 13:17:01,089 (asr_pytorch:469) INFO: prediction [1501-1_spk_1501_1_036008-036357]: 我屋企冇覺得呢幾我哋同時可以話做翻你齣嚟嘅<eos>
2018-07-11 13:17:01,106 (e2e_asr_attctc_th:2977) INFO: BLSTMP input lengths: [512]
2018-07-11 13:17:02,151 (e2e_asr_attctc_th:2067) INFO: input lengths: 128
2018-07-11 13:17:02,152 (e2e_asr_attctc_th:2091) INFO: max output length: 128
2018-07-11 13:17:02,152 (e2e_asr_attctc_th:2092) INFO: min output length: 0
2018-07-11 13:17:08,097 (e2e_asr_attctc_th:2199) INFO: end detected at 37
2018-07-11 13:17:08,097 (e2e_asr_attctc_th:2217) INFO: total log probability: -19.8208899852
2018-07-11 13:17:08,097 (e2e_asr_attctc_th:2218) INFO: normalized log probability: -0.619402812037
2018-07-11 13:17:08,100 (asr_pytorch:468) INFO: groundtruth[1504-2_spk_1504_2_066866-067380]: 住俏佬65<unk>姚住俏佬嗷倔TPER佬倍咯TPER倍戛呯戛鄔籌唪刺吖啯
2018-07-11 13:17:08,100 (asr_pytorch:469) INFO: prediction [1504-2_spk_1504_2_066866-067380]: 但係呢個啲啫係但係你嗰個PEN熱嘢咩PAN俾我呢嗰個電腦名啦<eos>
2018-07-11 13:17:08,111 (e2e_asr_attctc_th:2977) INFO: BLSTMP input lengths: [534]
2018-07-11 13:17:08,948 (e2e_asr_attctc_th:2067) INFO: input lengths: 134
2018-07-11 13:17:08,948 (e2e_asr_attctc_th:2091) INFO: max output length: 134
2018-07-11 13:17:08,948 (e2e_asr_attctc_th:2092) INFO: min output length: 0
2018-07-11 13:17:16,072 (e2e_asr_attctc_th:2199) INFO: end detected at 43
2018-07-11 13:17:16,073 (e2e_asr_attctc_th:2217) INFO: total log probability: -29.2786459541
2018-07-11 13:17:16,073 (e2e_asr_attctc_th:2218) INFO: normalized log probability: -0.791314755516
2018-07-11 13:17:16,074 (asr_pytorch:468) INFO: groundtruth[1503-1_spk_1503_1_087872-088408]: 朕咯釗隸晏旬倣啯佬訢從扚戛3189間頻嗷倔盾緣蚊磋摁迫戛尻從柎啯徘尖姚
2018-07-11 13:17:16,074 (asr_pytorch:469) INFO: prediction [1503-1_spk_1503_1_087872-088408]: 有咩日隨時日口啦你記得打過三日麻手開頭嗰個直前同埋搵翻落就加得啦死子仔<eos>
2018-07-11 13:17:16,082 (e2e_asr_attctc_th:2977) INFO: BLSTMP input lengths: [229]
2018-07-11 13:17:16,400 (e2e_asr_attctc_th:2067) INFO: input lengths: 58
2018-07-11 13:17:16,401 (e2e_asr_attctc_th:2091) INFO: max output length: 58
2018-07-11 13:17:16,401 (e2e_asr_attctc_th:2092) INFO: min output length: 0
2018-07-11 13:17:17,711 (e2e_asr_attctc_th:2206) INFO: no hypothesis. Finish decoding.
2018-07-11 13:17:17,712 (e2e_asr_attctc_th:2217) INFO: total log probability: -6.55592522421
2018-07-11 13:17:17,712 (e2e_asr_attctc_th:2218) INFO: normalized log probability: -0.546327102017
2018-07-11 13:17:17,712 (asr_pytorch:468) INFO: groundtruth[1501-1_spk_1501_1_014683-014913]: 司脇B吔井服宗掙迫嗄
2018-07-11 13:17:17,712 (asr_pytorch:469) INFO: prediction [1501-1_spk_1501_1_014683-014913]: 可能誒同事嗰安排翻去<eos>
2018-07-11 13:17:17,720 (e2e_asr_attctc_th:2977) INFO: BLSTMP input lengths: [267]
2018-07-11 13:17:18,085 (e2e_asr_attctc_th:2067) INFO: input lengths: 67
2018-07-11 13:17:18,086 (e2e_asr_attctc_th:2091) INFO: max output length: 67
2018-07-11 13:17:18,086 (e2e_asr_attctc_th:2092) INFO: min output length: 0
2018-07-11 13:17:20,758 (e2e_asr_attctc_th:2199) INFO: end detected at 23
2018-07-11 13:17:20,759 (e2e_asr_attctc_th:2217) INFO: total log probability: -9.03940792847
2018-07-11 13:17:20,759 (e2e_asr_attctc_th:2218) INFO: normalized log probability: -0.475758312025
2018-07-11 13:17:20,760 (asr_pytorch:468) INFO: groundtruth[1501-1_spk_1501_1_049829-050098]: 逆WMQ嗷邕佰兒朕嗷邕嘍SJJIV囖
2018-07-11 13:17:20,760 (asr_pytorch:469) INFO: prediction [1501-1_spk_1501_1_049829-050098]: 送線嗰邊佢先有嗰邊就係OFFER咯<eos>
2018-07-11 13:17:20,767 (e2e_asr_attctc_th:2977) INFO: BLSTMP input lengths: [72]
2018-07-11 13:17:20,876 (e2e_asr_attctc_th:2067) INFO: input lengths: 18
2018-07-11 13:17:20,877 (e2e_asr_attctc_th:2091) INFO: max output length: 18
2018-07-11 13:17:20,877 (e2e_asr_attctc_th:2092) INFO: min output length: 0
2018-07-11 13:17:21,579 (e2e_asr_attctc_th:2199) INFO: end detected at 10
2018-07-11 13:17:21,580 (e2e_asr_attctc_th:2217) INFO: total log probability: -1.49912109971
2018-07-11 13:17:21,580 (e2e_asr_attctc_th:2218) INFO: normalized log probability: -0.249853516618
2018-07-11 13:17:21,581 (asr_pytorch:468) INFO: groundtruth[1502-2_spk_1502_2_044777-044851]: 兒側從刺
2018-07-11 13:17:21,581 (asr_pytorch:469) INFO: prediction [1502-2_spk_1502_2_044777-044851]: 先做得到<eos>
2018-07-11 13:17:21,588 (e2e_asr_attctc_th:2977) INFO: BLSTMP input lengths: [101]
2018-07-11 13:17:21,741 (e2e_asr_attctc_th:2067) INFO: input lengths: 26
2018-07-11 13:17:21,742 (e2e_asr_attctc_th:2091) INFO: max output length: 26
2018-07-11 13:17:21,742 (e2e_asr_attctc_th:2092) INFO: min output length: 0
2018-07-11 13:17:22,562 (e2e_asr_attctc_th:2199) INFO: end detected at 11
2018-07-11 13:17:22,562 (e2e_asr_attctc_th:2217) INFO: total log probability: -2.93675481156
2018-07-11 13:17:22,562 (e2e_asr_attctc_th:2218) INFO: normalized log probability: -0.419536401651
2018-07-11 13:17:22,564 (asr_pytorch:468) INFO: groundtruth[1505-2_spk_1505_2_078850-078953]: 卿俏誅召夢
2018-07-11 13:17:22,564 (asr_pytorch:469) INFO: prediction [1505-2_spk_1505_2_078850-078953]: 因為人另外<eos>
2018-07-11 13:17:22,571 (e2e_asr_attctc_th:2977) INFO: BLSTMP input lengths: [143]
2018-07-11 13:17:22,784 (e2e_asr_attctc_th:2067) INFO: input lengths: 36
2018-07-11 13:17:22,785 (e2e_asr_attctc_th:2091) INFO: max output length: 36
2018-07-11 13:17:22,785 (e2e_asr_attctc_th:2092) INFO: min output length: 0
2018-07-11 13:17:25,045 (e2e_asr_attctc_th:2199) INFO: end detected at 22
2018-07-11 13:17:25,045 (e2e_asr_attctc_th:2217) INFO: total log probability: -16.1108448505
2018-07-11 13:17:25,045 (e2e_asr_attctc_th:2218) INFO: normalized log probability: -1.23929575773
2018-07-11 13:17:25,046 (asr_pytorch:468) INFO: groundtruth[3_spk_3_063654-063800]: 俏呈然鍋然鍋
2018-07-11 13:17:25,046 (asr_pytorch:469) INFO: prediction [3_spk_3_063654-063800]: 係啊落齣去我咁但係我就<eos>
2018-07-11 13:17:25,054 (e2e_asr_attctc_th:2977) INFO: BLSTMP input lengths: [136]
2018-07-11 13:17:25,239 (e2e_asr_attctc_th:2067) INFO: input lengths: 34
2018-07-11 13:17:25,239 (e2e_asr_attctc_th:2091) INFO: max output length: 34
2018-07-11 13:17:25,239 (e2e_asr_attctc_th:2092) INFO: min output length: 0
2018-07-11 13:17:26,163 (e2e_asr_attctc_th:2199) INFO: end detected at 12
2018-07-11 13:17:26,164 (e2e_asr_attctc_th:2217) INFO: total log probability: -6.75959181786
2018-07-11 13:17:26,164 (e2e_asr_attctc_th:2218) INFO: normalized log probability: -1.12659863631
2018-07-11 13:17:26,165 (asr_pytorch:468) INFO: groundtruth[1501-2_spk_1501_2_043368-043506]: 冗啞迫<unk>贗
2018-07-11 13:17:26,165 (asr_pytorch:469) INFO: prediction [1501-2_spk_1501_2_043368-043506]: 佢去行翻<eos>
2018-07-11 13:17:26,172 (e2e_asr_attctc_th:2977) INFO: BLSTMP input lengths: [128]
2018-07-11 13:17:26,353 (e2e_asr_attctc_th:2067) INFO: input lengths: 32
2018-07-11 13:17:26,354 (e2e_asr_attctc_th:2091) INFO: max output length: 32
2018-07-11 13:17:26,354 (e2e_asr_attctc_th:2092) INFO: min output length: 0
2018-07-11 13:17:27,129 (e2e_asr_attctc_th:2199) INFO: end detected at 11
2018-07-11 13:17:27,130 (e2e_asr_attctc_th:2217) INFO: total log probability: -3.9787415266
2018-07-11 13:17:27,130 (e2e_asr_attctc_th:2218) INFO: normalized log probability: -0.994685381651
2018-07-11 13:17:27,131 (asr_pytorch:468) INFO: groundtruth[1505-2_spk_1505_2_057160-057290]: B
2018-07-11 13:17:27,132 (asr_pytorch:469) INFO: prediction [1505-2_spk_1505_2_057160-057290]: 我啦<eos>
2018-07-11 13:17:27,139 (e2e_asr_attctc_th:2977) INFO: BLSTMP input lengths: [221]
2018-07-11 13:17:27,450 (e2e_asr_attctc_th:2067) INFO: input lengths: 56
2018-07-11 13:17:27,451 (e2e_asr_attctc_th:2091) INFO: max output length: 56
2018-07-11 13:17:27,451 (e2e_asr_attctc_th:2092) INFO: min output length: 0
2018-07-11 13:17:29,422 (e2e_asr_attctc_th:2199) INFO: end detected at 19
2018-07-11 13:17:29,423 (e2e_asr_attctc_th:2217) INFO: total log probability: -5.43637139571
2018-07-11 13:17:29,423 (e2e_asr_attctc_th:2218) INFO: normalized log probability: -0.388312242551
2018-07-11 13:17:29,423 (asr_pytorch:468) INFO: groundtruth[3_spk_3_021992-022215]: 呈冀寫囹烕咋㨃佰杉軀呯乒剛
2018-07-11 13:17:29,424 (asr_pytorch:469) INFO: prediction [3_spk_3_021992-022215]: 啊其實因為咁噶佢本身呢個<eos>
2018-07-11 13:17:29,431 (e2e_asr_attctc_th:2977) INFO: BLSTMP input lengths: [36]
2018-07-11 13:17:29,496 (e2e_asr_attctc_th:2067) INFO: input lengths: 9
2018-07-11 13:17:29,496 (e2e_asr_attctc_th:2091) INFO: max output length: 9
2018-07-11 13:17:29,496 (e2e_asr_attctc_th:2092) INFO: min output length: 0
2018-07-11 13:17:29,962 (e2e_asr_attctc_th:2180) INFO: adding <eos> in the last postion in the loop
2018-07-11 13:17:29,962 (e2e_asr_attctc_th:2199) INFO: end detected at 8
2018-07-11 13:17:29,962 (e2e_asr_attctc_th:2217) INFO: total log probability: -0.420063322294
2018-07-11 13:17:29,962 (e2e_asr_attctc_th:2218) INFO: normalized log probability: -0.105015830573
2018-07-11 13:17:29,964 (asr_pytorch:468) INFO: groundtruth[1502-2_spk_1502_2_017229-017267]: 俏啯
2018-07-11 13:17:29,964 (asr_pytorch:469) INFO: prediction [1502-2_spk_1502_2_017229-017267]: 係啊<eos>
2018-07-11 13:17:29,973 (e2e_asr_attctc_th:2977) INFO: BLSTMP input lengths: [198]
2018-07-11 13:17:30,253 (e2e_asr_attctc_th:2067) INFO: input lengths: 50
2018-07-11 13:17:30,254 (e2e_asr_attctc_th:2091) INFO: max output length: 50
2018-07-11 13:17:30,254 (e2e_asr_attctc_th:2092) INFO: min output length: 0
2018-07-11 13:17:32,054 (e2e_asr_attctc_th:2199) INFO: end detected at 18
2018-07-11 13:17:32,054 (e2e_asr_attctc_th:2217) INFO: total log probability: -6.41943790764
2018-07-11 13:17:32,054 (e2e_asr_attctc_th:2218) INFO: normalized log probability: -0.493802915972
2018-07-11 13:17:32,056 (asr_pytorch:468) INFO: groundtruth[4_spk_4_016726-016926]: 唪俏黴樺側誅皂訢咩
2018-07-11 13:17:32,056 (asr_pytorch:469) INFO: prediction [4_spk_4_016726-016926]: 唔係點樣做啊嗰個跟著咗<eos>
2018-07-11 13:17:32,064 (e2e_asr_attctc_th:2977) INFO: BLSTMP input lengths: [276]
2018-07-11 13:17:32,436 (e2e_asr_attctc_th:2067) INFO: input lengths: 69
2018-07-11 13:17:32,436 (e2e_asr_attctc_th:2091) INFO: max output length: 69
2018-07-11 13:17:32,436 (e2e_asr_attctc_th:2092) INFO: min output length: 0
2018-07-11 13:17:34,375 (e2e_asr_attctc_th:2206) INFO: no hypothesis. Finish decoding.
2018-07-11 13:17:34,376 (e2e_asr_attctc_th:2217) INFO: total log probability: -3.15588502027
2018-07-11 13:17:34,376 (e2e_asr_attctc_th:2218) INFO: normalized log probability: -0.197242813767
2018-07-11 13:17:34,376 (asr_pytorch:468) INFO: groundtruth[1504-1_spk_1504_1_039470-039748]: B閊希尻側緘俏484蚧旨
2018-07-11 13:17:34,376 (asr_pytorch:469) INFO: prediction [1504-1_spk_1504_1_039470-039748]: 誒門子就做緊係四百八十四蚊嘅<eos>
2018-07-11 13:17:34,384 (e2e_asr_attctc_th:2977) INFO: BLSTMP input lengths: [89]
2018-07-11 13:17:34,517 (e2e_asr_attctc_th:2067) INFO: input lengths: 23
2018-07-11 13:17:34,517 (e2e_asr_attctc_th:2091) INFO: max output length: 23
2018-07-11 13:17:34,517 (e2e_asr_attctc_th:2092) INFO: min output length: 0
2018-07-11 13:17:35,460 (e2e_asr_attctc_th:2199) INFO: end detected at 13
2018-07-11 13:17:35,461 (e2e_asr_attctc_th:2217) INFO: total log probability: -5.58002001047
2018-07-11 13:17:35,461 (e2e_asr_attctc_th:2218) INFO: normalized log probability: -0.797145715782
2018-07-11 13:17:35,462 (asr_pytorch:468) INFO: groundtruth[1503-2_spk_1503_2_052665-052755]: B
2018-07-11 13:17:35,463 (asr_pytorch:469) INFO: prediction [1503-2_spk_1503_2_052665-052755]: 唉你一定係<eos>
2018-07-11 13:17:35,471 (e2e_asr_attctc_th:2977) INFO: BLSTMP input lengths: [433]
2018-07-11 13:17:36,066 (e2e_asr_attctc_th:2067) INFO: input lengths: 109
2018-07-11 13:17:36,066 (e2e_asr_attctc_th:2091) INFO: max output length: 109
2018-07-11 13:17:36,066 (e2e_asr_attctc_th:2092) INFO: min output length: 0
2018-07-11 13:17:40,766 (e2e_asr_attctc_th:2199) INFO: end detected at 33
2018-07-11 13:17:40,766 (e2e_asr_attctc_th:2217) INFO: total log probability: -38.1171579361
2018-07-11 13:17:40,766 (e2e_asr_attctc_th:2218) INFO: normalized log probability: -1.36132706915
2018-07-11 13:17:40,768 (asr_pytorch:468) INFO: groundtruth[8_spk_8_075852-076287]: 咋哲邕嘍誅亭鄔司件啯陋假尖姚佬刺晏卿俏YTKVEHI咩4K乒得呯咋
2018-07-11 13:17:40,768 (asr_pytorch:469) INFO: prediction [8_spk_8_075852-076287]: 咁一件事不知食壽司一啲比到時日佢咗FUT書啲嘅粉色咁<eos>
2018-07-11 13:17:40,776 (e2e_asr_attctc_th:2977) INFO: BLSTMP input lengths: [141]
2018-07-11 13:17:40,987 (e2e_asr_attctc_th:2067) INFO: input lengths: 36
2018-07-11 13:17:40,988 (e2e_asr_attctc_th:2091) INFO: max output length: 36
2018-07-11 13:17:40,988 (e2e_asr_attctc_th:2092) INFO: min output length: 0
2018-07-11 13:17:42,103 (e2e_asr_attctc_th:2199) INFO: end detected at 13
2018-07-11 13:17:42,103 (e2e_asr_attctc_th:2217) INFO: total log probability: -6.30248686671
2018-07-11 13:17:42,103 (e2e_asr_attctc_th:2218) INFO: normalized log probability: -0.787810858339
2018-07-11 13:17:42,105 (asr_pytorch:468) INFO: groundtruth[8_spk_8_027082-027225]: 咋召夢筋亙倔尻誅
2018-07-11 13:17:42,105 (asr_pytorch:469) INFO: prediction [8_spk_8_027082-027225]: 啱先十二隻食<eos>
# Accounting: time=270 threads=1
# Ended (code 0) at Wed Jul 11 13:17:42 HKT 2018, elapsed time 270 seconds
