# asr_recog.py --ngpu 0 --backend pytorch --recog-json smartone_data/smartone_kaldi/split32utt/data.1.json --result-label smartone_data/baseline/decode/data.1.json --model smartone_data/baseline/model.acc.best --model-conf smartone_data/baseline/model.conf --beam-size 20 --penalty 0.0 --maxlenratio 0.0 --minlenratio 0.0 --ctc-weight 0.3 
# Started at Wed Jul 11 13:13:12 HKT 2018
#
2018-07-11 13:13:13,005 (asr_recog:110) INFO: python path = /home/lahiru/Devinstalls/espnet_new/espnet/egs/domain_adaptation_cantonese/asr5/../../../src/lm/:/home/lahiru/Devinstalls/espnet_new/espnet/egs/domain_adaptation_cantonese/asr5/../../../src/asr/:/home/lahiru/Devinstalls/espnet_new/espnet/egs/domain_adaptation_cantonese/asr5/../../../src/nets/:/home/lahiru/Devinstalls/espnet_new/espnet/egs/domain_adaptation_cantonese/asr5/../../../src/utils/:/home/lahiru/Devinstalls/espnet_new/espnet/egs/domain_adaptation_cantonese/asr5/../../../src/bin/:/home/lahiru/Devinstalls/espnet_new/espnet/egs/domain_adaptation_cantonese/asr5/../../../src/lm/:/home/lahiru/Devinstalls/espnet_new/espnet/egs/domain_adaptation_cantonese/asr5/../../../src/asr/:/home/lahiru/Devinstalls/espnet_new/espnet/egs/domain_adaptation_cantonese/asr5/../../../src/nets/:/home/lahiru/Devinstalls/espnet_new/espnet/egs/domain_adaptation_cantonese/asr5/../../../src/utils/:/home/lahiru/Devinstalls/espnet_new/espnet/egs/domain_adaptation_cantonese/asr5/../../../src/bin/:
2018-07-11 13:13:13,005 (asr_recog:115) INFO: set random seed = 1
2018-07-11 13:13:13,005 (asr_recog:118) INFO: backend = pytorch
2018-07-11 13:13:13,755 (asr_pytorch:393) INFO: reading a model config file fromsmartone_data/baseline/model.conf
2018-07-11 13:13:13,787 (asr_pytorch:397) INFO: ARGS: backend: pytorch
2018-07-11 13:13:13,787 (asr_pytorch:397) INFO: ARGS: beam_size: 20
2018-07-11 13:13:13,787 (asr_pytorch:397) INFO: ARGS: ctc_weight: 0.3
2018-07-11 13:13:13,787 (asr_pytorch:397) INFO: ARGS: da: 0
2018-07-11 13:13:13,787 (asr_pytorch:397) INFO: ARGS: daconfig: 3
2018-07-11 13:13:13,788 (asr_pytorch:397) INFO: ARGS: datype: bias
2018-07-11 13:13:13,788 (asr_pytorch:397) INFO: ARGS: debugmode: 1
2018-07-11 13:13:13,788 (asr_pytorch:397) INFO: ARGS: gpu: None
2018-07-11 13:13:13,788 (asr_pytorch:397) INFO: ARGS: lm_weight: 0.1
2018-07-11 13:13:13,788 (asr_pytorch:397) INFO: ARGS: maxlenratio: 0.0
2018-07-11 13:13:13,788 (asr_pytorch:397) INFO: ARGS: minlenratio: 0.0
2018-07-11 13:13:13,788 (asr_pytorch:397) INFO: ARGS: model: smartone_data/baseline/model.acc.best
2018-07-11 13:13:13,788 (asr_pytorch:397) INFO: ARGS: model_conf: smartone_data/baseline/model.conf
2018-07-11 13:13:13,788 (asr_pytorch:397) INFO: ARGS: nbest: 1
2018-07-11 13:13:13,788 (asr_pytorch:397) INFO: ARGS: ngpu: 0
2018-07-11 13:13:13,788 (asr_pytorch:397) INFO: ARGS: penalty: 0.0
2018-07-11 13:13:13,788 (asr_pytorch:397) INFO: ARGS: recog_feat: None
2018-07-11 13:13:13,788 (asr_pytorch:397) INFO: ARGS: recog_json: smartone_data/smartone_kaldi/split32utt/data.1.json
2018-07-11 13:13:13,788 (asr_pytorch:397) INFO: ARGS: recog_label: None
2018-07-11 13:13:13,788 (asr_pytorch:397) INFO: ARGS: result_label: smartone_data/baseline/decode/data.1.json
2018-07-11 13:13:13,788 (asr_pytorch:397) INFO: ARGS: rnnlm: None
2018-07-11 13:13:13,789 (asr_pytorch:397) INFO: ARGS: seed: 1
2018-07-11 13:13:13,789 (asr_pytorch:397) INFO: ARGS: verbose: 1
2018-07-11 13:13:13,789 (asr_pytorch:397) INFO: ARGS: word_dict: None
2018-07-11 13:13:13,789 (asr_pytorch:397) INFO: ARGS: word_rnnlm: None
2018-07-11 13:13:13,789 (asr_pytorch:400) INFO: reading model parameters fromsmartone_data/baseline/model.acc.best
2018-07-11 13:13:13,789 (e2e_asr_attctc_th:184) INFO: subsample: 1 2 2 1 1
2018-07-11 13:13:13,924 (e2e_asr_attctc_th:2317) INFO: BLSTM with every-layer projection for encoder
2018-07-11 13:13:16,200 (e2e_asr_attctc_th:2977) INFO: BLSTMP input lengths: [236]
2018-07-11 13:13:16,765 (e2e_asr_attctc_th:2067) INFO: input lengths: 59
2018-07-11 13:13:16,766 (e2e_asr_attctc_th:2091) INFO: max output length: 59
2018-07-11 13:13:16,766 (e2e_asr_attctc_th:2092) INFO: min output length: 0
2018-07-11 13:13:18,852 (e2e_asr_attctc_th:2206) INFO: no hypothesis. Finish decoding.
2018-07-11 13:13:18,852 (e2e_asr_attctc_th:2217) INFO: total log probability: -12.7134746723
2018-07-11 13:13:18,852 (e2e_asr_attctc_th:2218) INFO: normalized log probability: -0.794592167018
2018-07-11 13:13:18,853 (asr_pytorch:468) INFO: groundtruth[3_spk_3_004922-005160]: 逸埗街敏賀18蚧見316㨃啯
2018-07-11 13:13:18,853 (asr_pytorch:469) INFO: prediction [3_spk_3_004922-005160]: 連晚行新費十八蚊要三一六十啦<eos>
2018-07-11 13:13:18,868 (e2e_asr_attctc_th:2977) INFO: BLSTMP input lengths: [366]
2018-07-11 13:13:19,651 (e2e_asr_attctc_th:2067) INFO: input lengths: 92
2018-07-11 13:13:19,652 (e2e_asr_attctc_th:2091) INFO: max output length: 92
2018-07-11 13:13:19,652 (e2e_asr_attctc_th:2092) INFO: min output length: 0
2018-07-11 13:13:21,792 (e2e_asr_attctc_th:2206) INFO: no hypothesis. Finish decoding.
2018-07-11 13:13:21,792 (e2e_asr_attctc_th:2217) INFO: total log probability: -4.13504748791
2018-07-11 13:13:21,792 (e2e_asr_attctc_th:2218) INFO: normalized log probability: -0.22972486044
2018-07-11 13:13:21,793 (asr_pytorch:468) INFO: groundtruth[1505-1_spk_1505_1_084674-085042]: 俏佬誅換剛序耳序閉晏閙側宣俏誅咯
2018-07-11 13:13:21,793 (asr_pytorch:469) INFO: prediction [1505-1_spk_1505_1_084674-085042]: 佢你話提前幾耐幾長時間做定係話咩<eos>
2018-07-11 13:13:21,800 (e2e_asr_attctc_th:2977) INFO: BLSTMP input lengths: [59]
2018-07-11 13:13:21,895 (e2e_asr_attctc_th:2067) INFO: input lengths: 15
2018-07-11 13:13:21,895 (e2e_asr_attctc_th:2091) INFO: max output length: 15
2018-07-11 13:13:21,895 (e2e_asr_attctc_th:2092) INFO: min output length: 0
2018-07-11 13:13:22,322 (e2e_asr_attctc_th:2199) INFO: end detected at 10
2018-07-11 13:13:22,322 (e2e_asr_attctc_th:2217) INFO: total log probability: -1.71073067188
2018-07-11 13:13:22,322 (e2e_asr_attctc_th:2218) INFO: normalized log probability: -0.570243557294
2018-07-11 13:13:22,323 (asr_pytorch:468) INFO: groundtruth[1501-2_spk_1501_2_045305-045366]: 妊呈
2018-07-11 13:13:22,323 (asr_pytorch:469) INFO: prediction [1501-2_spk_1501_2_045305-045366]: 我<eos>
2018-07-11 13:13:22,331 (e2e_asr_attctc_th:2977) INFO: BLSTMP input lengths: [229]
2018-07-11 13:13:22,620 (e2e_asr_attctc_th:2067) INFO: input lengths: 58
2018-07-11 13:13:22,620 (e2e_asr_attctc_th:2091) INFO: max output length: 58
2018-07-11 13:13:22,620 (e2e_asr_attctc_th:2092) INFO: min output length: 0
2018-07-11 13:13:24,893 (e2e_asr_attctc_th:2199) INFO: end detected at 25
2018-07-11 13:13:24,893 (e2e_asr_attctc_th:2217) INFO: total log probability: -10.5335075362
2018-07-11 13:13:24,893 (e2e_asr_attctc_th:2218) INFO: normalized log probability: -0.50159559696
2018-07-11 13:13:24,894 (asr_pytorch:468) INFO: groundtruth[1502-2_spk_1502_2_050020-050251]: 俏呈囹烕戛員冀寫眯俏唪俏誅朋幺嗷閙兲各
2018-07-11 13:13:24,894 (asr_pytorch:469) INFO: prediction [1502-2_spk_1502_2_050020-050251]: 係啊因為其實可以真係唔係去最近嗰間公司<eos>
2018-07-11 13:13:24,902 (e2e_asr_attctc_th:2977) INFO: BLSTMP input lengths: [397]
2018-07-11 13:13:25,417 (e2e_asr_attctc_th:2067) INFO: input lengths: 100
2018-07-11 13:13:25,417 (e2e_asr_attctc_th:2091) INFO: max output length: 100
2018-07-11 13:13:25,417 (e2e_asr_attctc_th:2092) INFO: min output length: 0
2018-07-11 13:13:28,922 (e2e_asr_attctc_th:2199) INFO: end detected at 34
2018-07-11 13:13:28,922 (e2e_asr_attctc_th:2217) INFO: total log probability: -15.6529528322
2018-07-11 13:13:28,922 (e2e_asr_attctc_th:2218) INFO: normalized log probability: -0.539756994213
2018-07-11 13:13:28,923 (asr_pytorch:468) INFO: groundtruth[1504-1_spk_1504_1_014578-014977]: 哭4皆序蚧姚俏懵誆劫夥1皆50蚧道由釘皚嗷邕俏咱懵誆俏
2018-07-11 13:13:28,923 (asr_pytorch:469) INFO: prediction [1504-1_spk_1504_1_014578-014977]: 我四百幾蚊即係應該加咗一百五十蚊個用啦網絡其他啦如果係<eos>
2018-07-11 13:13:28,930 (e2e_asr_attctc_th:2977) INFO: BLSTMP input lengths: [198]
2018-07-11 13:13:29,184 (e2e_asr_attctc_th:2067) INFO: input lengths: 50
2018-07-11 13:13:29,185 (e2e_asr_attctc_th:2091) INFO: max output length: 50
2018-07-11 13:13:29,185 (e2e_asr_attctc_th:2092) INFO: min output length: 0
2018-07-11 13:13:30,193 (e2e_asr_attctc_th:2199) INFO: end detected at 15
2018-07-11 13:13:30,194 (e2e_asr_attctc_th:2217) INFO: total log probability: -9.37299281359
2018-07-11 13:13:30,194 (e2e_asr_attctc_th:2218) INFO: normalized log probability: -1.1716241017
2018-07-11 13:13:30,195 (asr_pytorch:468) INFO: groundtruth[3_spk_3_017010-017210]: 妊從
2018-07-11 13:13:30,195 (asr_pytorch:469) INFO: prediction [3_spk_3_017010-017210]: <SPK/>好大***<eos>
2018-07-11 13:13:30,202 (e2e_asr_attctc_th:2977) INFO: BLSTMP input lengths: [198]
2018-07-11 13:13:30,455 (e2e_asr_attctc_th:2067) INFO: input lengths: 50
2018-07-11 13:13:30,455 (e2e_asr_attctc_th:2091) INFO: max output length: 50
2018-07-11 13:13:30,455 (e2e_asr_attctc_th:2092) INFO: min output length: 0
2018-07-11 13:13:31,676 (e2e_asr_attctc_th:2199) INFO: end detected at 16
2018-07-11 13:13:31,676 (e2e_asr_attctc_th:2217) INFO: total log probability: -9.36272015423
2018-07-11 13:13:31,676 (e2e_asr_attctc_th:2218) INFO: normalized log probability: -0.780226679519
2018-07-11 13:13:31,677 (asr_pytorch:468) INFO: groundtruth[9_spk_9_062992-063192]: 乸灼倔邕稜筐三筐呈
2018-07-11 13:13:31,677 (asr_pytorch:469) INFO: prediction [9_spk_9_062992-063192]: 九龍灣嗰邊發定可能行<eos>
2018-07-11 13:13:31,685 (e2e_asr_attctc_th:2977) INFO: BLSTMP input lengths: [198]
2018-07-11 13:13:31,932 (e2e_asr_attctc_th:2067) INFO: input lengths: 50
2018-07-11 13:13:31,932 (e2e_asr_attctc_th:2091) INFO: max output length: 50
2018-07-11 13:13:31,932 (e2e_asr_attctc_th:2092) INFO: min output length: 0
2018-07-11 13:13:33,192 (e2e_asr_attctc_th:2199) INFO: end detected at 17
2018-07-11 13:13:33,192 (e2e_asr_attctc_th:2217) INFO: total log probability: -8.58300552517
2018-07-11 13:13:33,192 (e2e_asr_attctc_th:2218) INFO: normalized log probability: -0.780273229561
2018-07-11 13:13:33,193 (asr_pytorch:468) INFO: groundtruth[12_spk_12_029148-029348]: 卿反誅渢慪咩嗷逮
2018-07-11 13:13:33,193 (asr_pytorch:469) INFO: prediction [12_spk_12_029148-029348]: 呢又話誒揀慢咗個宿<eos>
2018-07-11 13:13:33,201 (e2e_asr_attctc_th:2977) INFO: BLSTMP input lengths: [284]
2018-07-11 13:13:33,563 (e2e_asr_attctc_th:2067) INFO: input lengths: 71
2018-07-11 13:13:33,564 (e2e_asr_attctc_th:2091) INFO: max output length: 71
2018-07-11 13:13:33,564 (e2e_asr_attctc_th:2092) INFO: min output length: 0
2018-07-11 13:13:35,052 (e2e_asr_attctc_th:2206) INFO: no hypothesis. Finish decoding.
2018-07-11 13:13:35,053 (e2e_asr_attctc_th:2217) INFO: total log probability: -5.56901712995
2018-07-11 13:13:35,053 (e2e_asr_attctc_th:2218) INFO: normalized log probability: -0.348063570622
2018-07-11 13:13:35,053 (asr_pytorch:468) INFO: groundtruth[3_spk_3_061476-061762]: <unk>見佬兮倔朔公佬朕伊作曼故嘍
2018-07-11 13:13:35,053 (asr_pytorch:469) INFO: prediction [3_spk_3_061476-061762]: 你要你兩個月內你有任何金改嘅<eos>
2018-07-11 13:13:35,067 (e2e_asr_attctc_th:2977) INFO: BLSTMP input lengths: [75]
2018-07-11 13:13:35,227 (e2e_asr_attctc_th:2067) INFO: input lengths: 19
2018-07-11 13:13:35,227 (e2e_asr_attctc_th:2091) INFO: max output length: 19
2018-07-11 13:13:35,227 (e2e_asr_attctc_th:2092) INFO: min output length: 0
2018-07-11 13:13:35,776 (e2e_asr_attctc_th:2199) INFO: end detected at 8
2018-07-11 13:13:35,776 (e2e_asr_attctc_th:2217) INFO: total log probability: -0.0783766582608
2018-07-11 13:13:35,776 (e2e_asr_attctc_th:2218) INFO: normalized log probability: -0.0195941645652
2018-07-11 13:13:35,777 (asr_pytorch:468) INFO: groundtruth[1502-2_spk_1502_2_034073-034150]: 俏呈
2018-07-11 13:13:35,778 (asr_pytorch:469) INFO: prediction [1502-2_spk_1502_2_034073-034150]: 係啊<eos>
2018-07-11 13:13:35,791 (e2e_asr_attctc_th:2977) INFO: BLSTMP input lengths: [258]
2018-07-11 13:13:36,312 (e2e_asr_attctc_th:2067) INFO: input lengths: 65
2018-07-11 13:13:36,312 (e2e_asr_attctc_th:2091) INFO: max output length: 65
2018-07-11 13:13:36,312 (e2e_asr_attctc_th:2092) INFO: min output length: 0
2018-07-11 13:13:38,105 (e2e_asr_attctc_th:2199) INFO: end detected at 16
2018-07-11 13:13:38,105 (e2e_asr_attctc_th:2217) INFO: total log probability: -1.64032810088
2018-07-11 13:13:38,105 (e2e_asr_attctc_th:2218) INFO: normalized log probability: -0.136694008407
2018-07-11 13:13:38,106 (asr_pytorch:468) INFO: groundtruth[1501-1_spk_1501_1_017497-017757]: B嗷倔尻唪俏嗷倔尻俏
2018-07-11 13:13:38,106 (asr_pytorch:469) INFO: prediction [1501-1_spk_1501_1_017497-017757]: 誒嗰個就唔係嗰個就係<eos>
2018-07-11 13:13:38,114 (e2e_asr_attctc_th:2977) INFO: BLSTMP input lengths: [412]
2018-07-11 13:13:38,646 (e2e_asr_attctc_th:2067) INFO: input lengths: 103
2018-07-11 13:13:38,646 (e2e_asr_attctc_th:2091) INFO: max output length: 103
2018-07-11 13:13:38,646 (e2e_asr_attctc_th:2092) INFO: min output length: 0
2018-07-11 13:13:42,214 (e2e_asr_attctc_th:2199) INFO: end detected at 31
2018-07-11 13:13:42,215 (e2e_asr_attctc_th:2217) INFO: total log probability: -22.2047926784
2018-07-11 13:13:42,215 (e2e_asr_attctc_th:2218) INFO: normalized log probability: -0.888191707134
2018-07-11 13:13:42,216 (asr_pytorch:468) INFO: groundtruth[1503-2_spk_1503_2_095890-096304]: 哭姚俏冏88蚧EPPMR姚俏88蚧化曳手朕咋樺旨
2018-07-11 13:13:42,216 (asr_pytorch:469) INFO: prediction [1503-2_spk_1503_2_095890-096304]: 我即係冇八上百蚊我然之後大十百蚊單曬所有咁樣嘅<eos>
2018-07-11 13:13:42,228 (e2e_asr_attctc_th:2977) INFO: BLSTMP input lengths: [203]
2018-07-11 13:13:42,512 (e2e_asr_attctc_th:2067) INFO: input lengths: 51
2018-07-11 13:13:42,513 (e2e_asr_attctc_th:2091) INFO: max output length: 51
2018-07-11 13:13:42,513 (e2e_asr_attctc_th:2092) INFO: min output length: 0
2018-07-11 13:13:43,777 (e2e_asr_attctc_th:2199) INFO: end detected at 16
2018-07-11 13:13:43,777 (e2e_asr_attctc_th:2217) INFO: total log probability: -0.929994535632
2018-07-11 13:13:43,777 (e2e_asr_attctc_th:2218) INFO: normalized log probability: -0.077499544636
2018-07-11 13:13:43,778 (asr_pytorch:468) INFO: groundtruth[1502-2_spk_1502_2_027139-027345]: 冀寫三盾鄔嚦謬嘍誅啯
2018-07-11 13:13:43,778 (asr_pytorch:469) INFO: prediction [1502-2_spk_1502_2_027139-027345]: 其實一直都嚟講嘅話啦<eos>
2018-07-11 13:13:43,785 (e2e_asr_attctc_th:2977) INFO: BLSTMP input lengths: [158]
2018-07-11 13:13:44,052 (e2e_asr_attctc_th:2067) INFO: input lengths: 40
2018-07-11 13:13:44,053 (e2e_asr_attctc_th:2091) INFO: max output length: 40
2018-07-11 13:13:44,053 (e2e_asr_attctc_th:2092) INFO: min output length: 0
2018-07-11 13:13:45,339 (e2e_asr_attctc_th:2199) INFO: end detected at 16
2018-07-11 13:13:45,340 (e2e_asr_attctc_th:2217) INFO: total log probability: -6.17526041344
2018-07-11 13:13:45,340 (e2e_asr_attctc_th:2218) INFO: normalized log probability: -0.561387310313
2018-07-11 13:13:45,341 (asr_pytorch:468) INFO: groundtruth[1501-1_spk_1501_1_024668-024828]: 尻三倔B逆WMQ嘍郷閊
2018-07-11 13:13:45,341 (asr_pytorch:469) INFO: prediction [1501-1_spk_1501_1_024668-024828]: 有一個誒送先噶寶門<eos>
2018-07-11 13:13:45,350 (e2e_asr_attctc_th:2977) INFO: BLSTMP input lengths: [28]
2018-07-11 13:13:45,396 (e2e_asr_attctc_th:2067) INFO: input lengths: 7
2018-07-11 13:13:45,396 (e2e_asr_attctc_th:2091) INFO: max output length: 7
2018-07-11 13:13:45,396 (e2e_asr_attctc_th:2092) INFO: min output length: 0
2018-07-11 13:13:45,629 (e2e_asr_attctc_th:2180) INFO: adding <eos> in the last postion in the loop
2018-07-11 13:13:45,629 (e2e_asr_attctc_th:2206) INFO: no hypothesis. Finish decoding.
2018-07-11 13:13:45,630 (e2e_asr_attctc_th:2217) INFO: total log probability: -1.357886374
2018-07-11 13:13:45,630 (e2e_asr_attctc_th:2218) INFO: normalized log probability: -0.452628791332
2018-07-11 13:13:45,630 (asr_pytorch:468) INFO: groundtruth[1502-2_spk_1502_2_000196-000225]: LIPPS
2018-07-11 13:13:45,630 (asr_pytorch:469) INFO: prediction [1502-2_spk_1502_2_000196-000225]: 係<eos>
2018-07-11 13:13:45,638 (e2e_asr_attctc_th:2977) INFO: BLSTMP input lengths: [328]
2018-07-11 13:13:46,097 (e2e_asr_attctc_th:2067) INFO: input lengths: 82
2018-07-11 13:13:46,097 (e2e_asr_attctc_th:2091) INFO: max output length: 82
2018-07-11 13:13:46,097 (e2e_asr_attctc_th:2092) INFO: min output length: 0
2018-07-11 13:13:48,955 (e2e_asr_attctc_th:2199) INFO: end detected at 29
2018-07-11 13:13:48,955 (e2e_asr_attctc_th:2217) INFO: total log probability: -17.2732199212
2018-07-11 13:13:48,955 (e2e_asr_attctc_th:2218) INFO: normalized log probability: -0.719717496715
2018-07-11 13:13:48,956 (asr_pytorch:468) INFO: groundtruth[8_spk_8_083117-083447]: 睛丕司唪司件誅B刺晏俏黴樺叄劫診畸的尊童呈戡耐俏
2018-07-11 13:13:48,956 (asr_pytorch:469) INFO: prediction [8_spk_8_083117-083447]: 咁可以話誒到時候點解可以假設翻法嘅教啦或者你<eos>
2018-07-11 13:13:48,964 (e2e_asr_attctc_th:2977) INFO: BLSTMP input lengths: [382]
2018-07-11 13:13:49,448 (e2e_asr_attctc_th:2067) INFO: input lengths: 96
2018-07-11 13:13:49,449 (e2e_asr_attctc_th:2091) INFO: max output length: 96
2018-07-11 13:13:49,449 (e2e_asr_attctc_th:2092) INFO: min output length: 0
2018-07-11 13:13:52,410 (e2e_asr_attctc_th:2199) INFO: end detected at 28
2018-07-11 13:13:52,410 (e2e_asr_attctc_th:2217) INFO: total log probability: -25.8440865725
2018-07-11 13:13:52,411 (e2e_asr_attctc_th:2218) INFO: normalized log probability: -1.12365593794
2018-07-11 13:13:52,411 (asr_pytorch:468) INFO: groundtruth[1503-1_spk_1503_1_028294-028677]: 姚俏服朕三倔兒速矮得贅貽嗷倔放賀檀<unk>石訒速矮佬
2018-07-11 13:13:52,411 (asr_pytorch:469) INFO: prediction [1503-1_spk_1503_1_028294-028677]: 有三個先生之後教買嗰個收快其實係變場手指嚟<eos>
2018-07-11 13:13:52,419 (e2e_asr_attctc_th:2977) INFO: BLSTMP input lengths: [336]
2018-07-11 13:13:52,847 (e2e_asr_attctc_th:2067) INFO: input lengths: 84
2018-07-11 13:13:52,847 (e2e_asr_attctc_th:2091) INFO: max output length: 84
2018-07-11 13:13:52,848 (e2e_asr_attctc_th:2092) INFO: min output length: 0
2018-07-11 13:13:53,799 (e2e_asr_attctc_th:2199) INFO: end detected at 10
2018-07-11 13:13:53,799 (e2e_asr_attctc_th:2217) INFO: total log probability: -0.977034881711
2018-07-11 13:13:53,800 (e2e_asr_attctc_th:2218) INFO: normalized log probability: -0.244258720428
2018-07-11 13:13:53,801 (asr_pytorch:468) INFO: groundtruth[1504-2_spk_1504_2_027612-027950]: 嗶嗶
2018-07-11 13:13:53,802 (asr_pytorch:469) INFO: prediction [1504-2_spk_1504_2_027612-027950]: 嗯嗯<eos>
2018-07-11 13:13:53,819 (e2e_asr_attctc_th:2977) INFO: BLSTMP input lengths: [332]
2018-07-11 13:13:54,482 (e2e_asr_attctc_th:2067) INFO: input lengths: 83
2018-07-11 13:13:54,482 (e2e_asr_attctc_th:2091) INFO: max output length: 83
2018-07-11 13:13:54,482 (e2e_asr_attctc_th:2092) INFO: min output length: 0
2018-07-11 13:13:58,008 (e2e_asr_attctc_th:2199) INFO: end detected at 23
2018-07-11 13:13:58,008 (e2e_asr_attctc_th:2217) INFO: total log probability: -11.0004607774
2018-07-11 13:13:58,008 (e2e_asr_attctc_th:2218) INFO: normalized log probability: -0.611136709857
2018-07-11 13:13:58,010 (asr_pytorch:468) INFO: groundtruth[12_spk_12_042809-043143]: 姚俏屁住俏逮庵嗷庵嘍咋屁舔司件
2018-07-11 13:13:58,010 (asr_pytorch:469) INFO: prediction [12_spk_12_042809-043143]: 即係真心速度嗰度嘅咁你就我想識驚<eos>
2018-07-11 13:13:58,024 (e2e_asr_attctc_th:2977) INFO: BLSTMP input lengths: [155]
2018-07-11 13:13:58,361 (e2e_asr_attctc_th:2067) INFO: input lengths: 39
2018-07-11 13:13:58,362 (e2e_asr_attctc_th:2091) INFO: max output length: 39
2018-07-11 13:13:58,362 (e2e_asr_attctc_th:2092) INFO: min output length: 0
2018-07-11 13:13:59,831 (e2e_asr_attctc_th:2199) INFO: end detected at 15
2018-07-11 13:13:59,832 (e2e_asr_attctc_th:2217) INFO: total log probability: -9.48628516495
2018-07-11 13:13:59,832 (e2e_asr_attctc_th:2218) INFO: normalized log probability: -1.18578564562
2018-07-11 13:13:59,833 (asr_pytorch:468) INFO: groundtruth[8_spk_8_085085-085242]: 戛屏伏然霆誅㨃丕
2018-07-11 13:13:59,833 (asr_pytorch:469) INFO: prediction [8_spk_8_085085-085242]: 我識先上啦啊<eos>
2018-07-11 13:13:59,850 (e2e_asr_attctc_th:2977) INFO: BLSTMP input lengths: [674]
2018-07-11 13:14:01,313 (e2e_asr_attctc_th:2067) INFO: input lengths: 169
2018-07-11 13:14:01,314 (e2e_asr_attctc_th:2091) INFO: max output length: 169
2018-07-11 13:14:01,314 (e2e_asr_attctc_th:2092) INFO: min output length: 0
2018-07-11 13:14:11,068 (e2e_asr_attctc_th:2199) INFO: end detected at 56
2018-07-11 13:14:11,068 (e2e_asr_attctc_th:2217) INFO: total log probability: -34.0250583047
2018-07-11 13:14:11,069 (e2e_asr_attctc_th:2218) INFO: normalized log probability: -0.667158005974
2018-07-11 13:14:11,069 (asr_pytorch:468) INFO: groundtruth[4_spk_4_062808-063484]: 卿俏朕邀由咩然垣_MJM蛤咋琉晏嘍誅倔狒慘YTPSEH咩乒得呯尻服歧卿俏誅風祈畸佬巾綪啦由咩啯
2018-07-11 13:14:11,069 (asr_pytorch:469) INFO: prediction [4_spk_4_062808-063484]: 即係有選用咗冇人可能真係蛋咁現時候嗰度撞但係UPLOAD咗之後咯就會正即係我顯示翻你已經抵用咗噶啦<eos>
2018-07-11 13:14:11,078 (e2e_asr_attctc_th:2977) INFO: BLSTMP input lengths: [567]
2018-07-11 13:14:11,863 (e2e_asr_attctc_th:2067) INFO: input lengths: 142
2018-07-11 13:14:11,864 (e2e_asr_attctc_th:2091) INFO: max output length: 142
2018-07-11 13:14:11,864 (e2e_asr_attctc_th:2092) INFO: min output length: 0
2018-07-11 13:14:16,557 (e2e_asr_attctc_th:2206) INFO: no hypothesis. Finish decoding.
2018-07-11 13:14:16,557 (e2e_asr_attctc_th:2217) INFO: total log probability: -19.3062159859
2018-07-11 13:14:16,557 (e2e_asr_attctc_th:2218) INFO: normalized log probability: -0.60331924956
2018-07-11 13:14:16,558 (asr_pytorch:468) INFO: groundtruth[1505-1_spk_1505_1_059235-059804]: <unk>紋三幻咋妍枱佬誅綺絨忽尤尤呯冀寫戛址朕考25KF啯吔6KF
2018-07-11 13:14:16,558 (asr_pytorch:469) INFO: prediction [1505-1_spk_1505_1_059235-059804]: 閤樣一年咁如果你話係網絡曬小小呢其實我哋有分二點唔激啦同六擊<eos>
2018-07-11 13:14:16,565 (e2e_asr_attctc_th:2977) INFO: BLSTMP input lengths: [260]
2018-07-11 13:14:16,902 (e2e_asr_attctc_th:2067) INFO: input lengths: 65
2018-07-11 13:14:16,903 (e2e_asr_attctc_th:2091) INFO: max output length: 65
2018-07-11 13:14:16,903 (e2e_asr_attctc_th:2092) INFO: min output length: 0
2018-07-11 13:14:18,790 (e2e_asr_attctc_th:2206) INFO: no hypothesis. Finish decoding.
2018-07-11 13:14:18,790 (e2e_asr_attctc_th:2217) INFO: total log probability: -8.24948140699
2018-07-11 13:14:18,791 (e2e_asr_attctc_th:2218) INFO: normalized log probability: -0.485263612176
2018-07-11 13:14:18,791 (asr_pytorch:468) INFO: groundtruth[1502-2_spk_1502_2_075770-076032]: 尻服俏筋三未朔賀卿晏服褸迫毯佬
2018-07-11 13:14:18,791 (asr_pytorch:469) INFO: prediction [1502-2_spk_1502_2_075770-076032]: 就會係第一期嘅細即時會彈翻俾你<eos>
2018-07-11 13:14:18,807 (e2e_asr_attctc_th:2977) INFO: BLSTMP input lengths: [415]
2018-07-11 13:14:19,669 (e2e_asr_attctc_th:2067) INFO: input lengths: 104
2018-07-11 13:14:19,670 (e2e_asr_attctc_th:2091) INFO: max output length: 104
2018-07-11 13:14:19,670 (e2e_asr_attctc_th:2092) INFO: min output length: 0
2018-07-11 13:14:24,437 (e2e_asr_attctc_th:2199) INFO: end detected at 27
2018-07-11 13:14:24,437 (e2e_asr_attctc_th:2217) INFO: total log probability: -27.7373157088
2018-07-11 13:14:24,438 (e2e_asr_attctc_th:2218) INFO: normalized log probability: -1.32082455756
2018-07-11 13:14:24,439 (asr_pytorch:468) INFO: groundtruth[9_spk_9_034720-035137]: 叄畸哲倔WIXXMRK嗷倔畜<unk>刺睛畸嗷倔遐燴啓卿俏可側俏
2018-07-11 13:14:24,440 (asr_pytorch:469) INFO: prediction [9_spk_9_034720-035137]: 去清哥食得大邊度睇翻好玩咁張即係叫做係<eos>
2018-07-11 13:14:24,453 (e2e_asr_attctc_th:2977) INFO: BLSTMP input lengths: [31]
2018-07-11 13:14:24,545 (e2e_asr_attctc_th:2067) INFO: input lengths: 8
2018-07-11 13:14:24,546 (e2e_asr_attctc_th:2091) INFO: max output length: 8
2018-07-11 13:14:24,547 (e2e_asr_attctc_th:2092) INFO: min output length: 0
2018-07-11 13:14:24,988 (e2e_asr_attctc_th:2180) INFO: adding <eos> in the last postion in the loop
2018-07-11 13:14:24,989 (e2e_asr_attctc_th:2206) INFO: no hypothesis. Finish decoding.
2018-07-11 13:14:24,989 (e2e_asr_attctc_th:2217) INFO: total log probability: -0.773329228163
2018-07-11 13:14:24,989 (e2e_asr_attctc_th:2218) INFO: normalized log probability: -0.257776409388
2018-07-11 13:14:24,990 (asr_pytorch:468) INFO: groundtruth[1501-2_spk_1501_2_078631-078664]: 俏
2018-07-11 13:14:24,991 (asr_pytorch:469) INFO: prediction [1501-2_spk_1501_2_078631-078664]: 係<eos>
2018-07-11 13:14:25,004 (e2e_asr_attctc_th:2977) INFO: BLSTMP input lengths: [198]
2018-07-11 13:14:25,430 (e2e_asr_attctc_th:2067) INFO: input lengths: 50
2018-07-11 13:14:25,430 (e2e_asr_attctc_th:2091) INFO: max output length: 50
2018-07-11 13:14:25,430 (e2e_asr_attctc_th:2092) INFO: min output length: 0
2018-07-11 13:14:26,966 (e2e_asr_attctc_th:2206) INFO: no hypothesis. Finish decoding.
2018-07-11 13:14:26,966 (e2e_asr_attctc_th:2217) INFO: total log probability: -8.43643699586
2018-07-11 13:14:26,967 (e2e_asr_attctc_th:2218) INFO: normalized log probability: -0.703036416322
2018-07-11 13:14:26,967 (asr_pytorch:468) INFO: groundtruth[1501-1_spk_1501_1_016288-016489]: 俏亙卉倔朔尻逆兮倔朔
2018-07-11 13:14:26,967 (asr_pytorch:469) INFO: prediction [1501-1_spk_1501_1_016288-016489]: 係醫十好似就送兩個叫<eos>
2018-07-11 13:14:26,982 (e2e_asr_attctc_th:2977) INFO: BLSTMP input lengths: [378]
2018-07-11 13:14:27,751 (e2e_asr_attctc_th:2067) INFO: input lengths: 95
2018-07-11 13:14:27,751 (e2e_asr_attctc_th:2091) INFO: max output length: 95
2018-07-11 13:14:27,751 (e2e_asr_attctc_th:2092) INFO: min output length: 0
2018-07-11 13:14:33,184 (e2e_asr_attctc_th:2199) INFO: end detected at 32
2018-07-11 13:14:33,185 (e2e_asr_attctc_th:2217) INFO: total log probability: -17.1135499934
2018-07-11 13:14:33,185 (e2e_asr_attctc_th:2218) INFO: normalized log probability: -0.658213461284
2018-07-11 13:14:33,186 (asr_pytorch:468) INFO: groundtruth[9_spk_9_033675-034055]: 咋樺鄔S哭咋樺鄔司件卿俏誅咋樺鄔然啞顔
2018-07-11 13:14:33,186 (asr_pytorch:469) INFO: prediction [9_spk_9_033675-034055]: 大陸嘅揀唔到咁樣都可以嘅定真係話就咁樣嚟個問問題<eos>
2018-07-11 13:14:33,200 (e2e_asr_attctc_th:2977) INFO: BLSTMP input lengths: [198]
2018-07-11 13:14:33,677 (e2e_asr_attctc_th:2067) INFO: input lengths: 50
2018-07-11 13:14:33,677 (e2e_asr_attctc_th:2091) INFO: max output length: 50
2018-07-11 13:14:33,678 (e2e_asr_attctc_th:2092) INFO: min output length: 0
2018-07-11 13:14:34,870 (e2e_asr_attctc_th:2199) INFO: end detected at 11
2018-07-11 13:14:34,870 (e2e_asr_attctc_th:2217) INFO: total log probability: -1.08813490253
2018-07-11 13:14:34,870 (e2e_asr_attctc_th:2218) INFO: normalized log probability: -0.155447843218
2018-07-11 13:14:34,872 (asr_pytorch:468) INFO: groundtruth[12_spk_12_037087-037287]: 鄔冏冀仞嘍
2018-07-11 13:14:34,872 (asr_pytorch:469) INFO: prediction [12_spk_12_037087-037287]: 都冇其他你<eos>
2018-07-11 13:14:34,886 (e2e_asr_attctc_th:2977) INFO: BLSTMP input lengths: [198]
2018-07-11 13:14:35,303 (e2e_asr_attctc_th:2067) INFO: input lengths: 50
2018-07-11 13:14:35,304 (e2e_asr_attctc_th:2091) INFO: max output length: 50
2018-07-11 13:14:35,304 (e2e_asr_attctc_th:2092) INFO: min output length: 0
2018-07-11 13:14:37,385 (e2e_asr_attctc_th:2199) INFO: end detected at 18
2018-07-11 13:14:37,385 (e2e_asr_attctc_th:2217) INFO: total log probability: -11.7299619392
2018-07-11 13:14:37,385 (e2e_asr_attctc_th:2218) INFO: normalized log probability: -0.90230476455
2018-07-11 13:14:37,387 (asr_pytorch:468) INFO: groundtruth[1501-1_spk_1501_1_001253-001453]: 俏吔迫斌磋速呯邕<unk>佢咋
2018-07-11 13:14:37,387 (asr_pytorch:469) INFO: prediction [1501-1_spk_1501_1_001253-001453]: 係同翻做馬通嘅入咗咁樣<eos>
2018-07-11 13:14:37,400 (e2e_asr_attctc_th:2977) INFO: BLSTMP input lengths: [106]
2018-07-11 13:14:37,641 (e2e_asr_attctc_th:2067) INFO: input lengths: 27
2018-07-11 13:14:37,641 (e2e_asr_attctc_th:2091) INFO: max output length: 27
2018-07-11 13:14:37,642 (e2e_asr_attctc_th:2092) INFO: min output length: 0
2018-07-11 13:14:38,434 (e2e_asr_attctc_th:2199) INFO: end detected at 10
2018-07-11 13:14:38,435 (e2e_asr_attctc_th:2217) INFO: total log probability: -1.34163440019
2018-07-11 13:14:38,435 (e2e_asr_attctc_th:2218) INFO: normalized log probability: -0.335408600047
2018-07-11 13:14:38,438 (asr_pytorch:468) INFO: groundtruth[1502-1_spk_1502_1_010425-010533]: 囖俏
2018-07-11 13:14:38,439 (asr_pytorch:469) INFO: prediction [1502-1_spk_1502_1_010425-010533]: 哦係<eos>
2018-07-11 13:14:38,456 (e2e_asr_attctc_th:2977) INFO: BLSTMP input lengths: [296]
2018-07-11 13:14:39,062 (e2e_asr_attctc_th:2067) INFO: input lengths: 74
2018-07-11 13:14:39,062 (e2e_asr_attctc_th:2091) INFO: max output length: 74
2018-07-11 13:14:39,062 (e2e_asr_attctc_th:2092) INFO: min output length: 0
2018-07-11 13:14:42,612 (e2e_asr_attctc_th:2199) INFO: end detected at 24
2018-07-11 13:14:42,613 (e2e_asr_attctc_th:2217) INFO: total log probability: -22.1916200146
2018-07-11 13:14:42,613 (e2e_asr_attctc_th:2218) INFO: normalized log probability: -1.23286777859
2018-07-11 13:14:42,615 (asr_pytorch:468) INFO: groundtruth[3_spk_3_007692-007990]: 筐陳兒XERKGLERO_ER
2018-07-11 13:14:42,615 (asr_pytorch:469) INFO: prediction [3_spk_3_007692-007990]: 係啊啲FAM可以開佢呢樣飛單已經<eos>
2018-07-11 13:14:42,630 (e2e_asr_attctc_th:2977) INFO: BLSTMP input lengths: [53]
2018-07-11 13:14:42,766 (e2e_asr_attctc_th:2067) INFO: input lengths: 14
2018-07-11 13:14:42,767 (e2e_asr_attctc_th:2091) INFO: max output length: 14
2018-07-11 13:14:42,767 (e2e_asr_attctc_th:2092) INFO: min output length: 0
2018-07-11 13:14:43,636 (e2e_asr_attctc_th:2199) INFO: end detected at 12
2018-07-11 13:14:43,637 (e2e_asr_attctc_th:2217) INFO: total log probability: -5.93923760951
2018-07-11 13:14:43,637 (e2e_asr_attctc_th:2218) INFO: normalized log probability: -0.989872934918
2018-07-11 13:14:43,638 (asr_pytorch:468) INFO: groundtruth[9_spk_9_006032-006087]: 嗶
2018-07-11 13:14:43,638 (asr_pytorch:469) INFO: prediction [9_spk_9_006032-006087]: 係咪唔得<eos>
2018-07-11 13:14:43,652 (e2e_asr_attctc_th:2977) INFO: BLSTMP input lengths: [217]
2018-07-11 13:14:44,093 (e2e_asr_attctc_th:2067) INFO: input lengths: 55
2018-07-11 13:14:44,094 (e2e_asr_attctc_th:2091) INFO: max output length: 55
2018-07-11 13:14:44,094 (e2e_asr_attctc_th:2092) INFO: min output length: 0
2018-07-11 13:14:45,563 (e2e_asr_attctc_th:2199) INFO: end detected at 17
2018-07-11 13:14:45,564 (e2e_asr_attctc_th:2217) INFO: total log probability: -11.3306081071
2018-07-11 13:14:45,564 (e2e_asr_attctc_th:2218) INFO: normalized log probability: -1.03005528247
2018-07-11 13:14:45,564 (asr_pytorch:468) INFO: groundtruth[4_spk_4_026543-026762]: 石訒佰耗<unk>WIRH咩啼咯嚦姚
2018-07-11 13:14:45,565 (asr_pytorch:469) INFO: prediction [4_spk_4_026543-026762]: 我要信你而傢跟著咩<eos>
2018-07-11 13:14:45,572 (e2e_asr_attctc_th:2977) INFO: BLSTMP input lengths: [277]
2018-07-11 13:14:45,917 (e2e_asr_attctc_th:2067) INFO: input lengths: 70
2018-07-11 13:14:45,918 (e2e_asr_attctc_th:2091) INFO: max output length: 70
2018-07-11 13:14:45,918 (e2e_asr_attctc_th:2092) INFO: min output length: 0
2018-07-11 13:14:47,775 (e2e_asr_attctc_th:2199) INFO: end detected at 22
2018-07-11 13:14:47,775 (e2e_asr_attctc_th:2217) INFO: total log probability: -9.13311606646
2018-07-11 13:14:47,775 (e2e_asr_attctc_th:2218) INFO: normalized log probability: -0.570819754153
2018-07-11 13:14:47,776 (asr_pytorch:468) INFO: groundtruth[12_spk_12_033620-033899]: 妊冠冠呯倔飄隻喔囹烕戛朕陳晏
2018-07-11 13:14:47,776 (asr_pytorch:469) INFO: prediction [12_spk_12_033620-033899]: 都好冇呢個風險喎因為我冇人啲<eos>
2018-07-11 13:14:47,783 (e2e_asr_attctc_th:2977) INFO: BLSTMP input lengths: [59]
2018-07-11 13:14:47,866 (e2e_asr_attctc_th:2067) INFO: input lengths: 15
2018-07-11 13:14:47,867 (e2e_asr_attctc_th:2091) INFO: max output length: 15
2018-07-11 13:14:47,867 (e2e_asr_attctc_th:2092) INFO: min output length: 0
2018-07-11 13:14:48,171 (e2e_asr_attctc_th:2206) INFO: no hypothesis. Finish decoding.
2018-07-11 13:14:48,171 (e2e_asr_attctc_th:2217) INFO: total log probability: -3.5347004527
2018-07-11 13:14:48,171 (e2e_asr_attctc_th:2218) INFO: normalized log probability: -0.589116742117
2018-07-11 13:14:48,171 (asr_pytorch:468) INFO: groundtruth[1502-2_spk_1502_2_000363-000424]: 戛姥枯嘍
2018-07-11 13:14:48,171 (asr_pytorch:469) INFO: prediction [1502-2_spk_1502_2_000363-000424]: 我聽能嘅<eos>
2018-07-11 13:14:48,179 (e2e_asr_attctc_th:2977) INFO: BLSTMP input lengths: [198]
2018-07-11 13:14:48,426 (e2e_asr_attctc_th:2067) INFO: input lengths: 50
2018-07-11 13:14:48,426 (e2e_asr_attctc_th:2091) INFO: max output length: 50
2018-07-11 13:14:48,426 (e2e_asr_attctc_th:2092) INFO: min output length: 0
2018-07-11 13:14:49,764 (e2e_asr_attctc_th:2199) INFO: end detected at 17
2018-07-11 13:14:49,765 (e2e_asr_attctc_th:2217) INFO: total log probability: -7.01386928605
2018-07-11 13:14:49,765 (e2e_asr_attctc_th:2218) INFO: normalized log probability: -0.539528406619
2018-07-11 13:14:49,765 (asr_pytorch:468) INFO: groundtruth[1501-1_spk_1501_1_022363-022563]: 咋妍枱佬誅籌兮幻<unk>紋
2018-07-11 13:14:49,765 (asr_pytorch:469) INFO: prediction [1501-1_spk_1501_1_022363-022563]: 咁如果你話天兩年閤唔養<eos>
2018-07-11 13:14:49,773 (e2e_asr_attctc_th:2977) INFO: BLSTMP input lengths: [217]
2018-07-11 13:14:50,054 (e2e_asr_attctc_th:2067) INFO: input lengths: 55
2018-07-11 13:14:50,055 (e2e_asr_attctc_th:2091) INFO: max output length: 55
2018-07-11 13:14:50,055 (e2e_asr_attctc_th:2092) INFO: min output length: 0
2018-07-11 13:14:51,630 (e2e_asr_attctc_th:2199) INFO: end detected at 18
2018-07-11 13:14:51,630 (e2e_asr_attctc_th:2217) INFO: total log probability: -8.95290906914
2018-07-11 13:14:51,630 (e2e_asr_attctc_th:2218) INFO: normalized log probability: -0.639493504938
2018-07-11 13:14:51,631 (asr_pytorch:468) INFO: groundtruth[1501-1_spk_1501_1_013638-013857]: 睛迫杖尖姚冀寫耍慶邕稽呈
2018-07-11 13:14:51,631 (asr_pytorch:469) INFO: prediction [1501-1_spk_1501_1_013638-013857]: 睇方你知識其實我哋邊種呢<eos>
2018-07-11 13:14:51,639 (e2e_asr_attctc_th:2977) INFO: BLSTMP input lengths: [272]
2018-07-11 13:14:51,983 (e2e_asr_attctc_th:2067) INFO: input lengths: 68
2018-07-11 13:14:51,983 (e2e_asr_attctc_th:2091) INFO: max output length: 68
2018-07-11 13:14:51,983 (e2e_asr_attctc_th:2092) INFO: min output length: 0
2018-07-11 13:14:53,784 (e2e_asr_attctc_th:2199) INFO: end detected at 20
2018-07-11 13:14:53,784 (e2e_asr_attctc_th:2217) INFO: total log probability: -2.92665735725
2018-07-11 13:14:53,784 (e2e_asr_attctc_th:2218) INFO: normalized log probability: -0.195110490484
2018-07-11 13:14:53,785 (asr_pytorch:468) INFO: groundtruth[1504-1_spk_1504_1_017738-018012]: 妊夥童旨誅尻服旁緣且綺旅<unk>
2018-07-11 13:14:53,785 (asr_pytorch:469) INFO: prediction [1504-1_spk_1504_1_017738-018012]: 好多站嘅話就會轉先上網方麵<eos>
2018-07-11 13:14:53,793 (e2e_asr_attctc_th:2977) INFO: BLSTMP input lengths: [295]
2018-07-11 13:14:54,185 (e2e_asr_attctc_th:2067) INFO: input lengths: 74
2018-07-11 13:14:54,185 (e2e_asr_attctc_th:2091) INFO: max output length: 74
2018-07-11 13:14:54,185 (e2e_asr_attctc_th:2092) INFO: min output length: 0
2018-07-11 13:14:56,454 (e2e_asr_attctc_th:2199) INFO: end detected at 23
2018-07-11 13:14:56,454 (e2e_asr_attctc_th:2217) INFO: total log probability: -10.6269869478
2018-07-11 13:14:56,454 (e2e_asr_attctc_th:2218) INFO: normalized log probability: -0.559315102518
2018-07-11 13:14:56,455 (asr_pytorch:468) INFO: groundtruth[1501-1_spk_1501_1_078240-078537]: 杖尖姚53992032呯倔蚊磋㨃嘢
2018-07-11 13:14:56,455 (asr_pytorch:469) INFO: prediction [1501-1_spk_1501_1_078240-078537]: 你小姐唔三九九二人生意呢個號碼噶嘛<eos>
2018-07-11 13:14:56,463 (e2e_asr_attctc_th:2977) INFO: BLSTMP input lengths: [498]
2018-07-11 13:14:57,170 (e2e_asr_attctc_th:2067) INFO: input lengths: 125
2018-07-11 13:14:57,171 (e2e_asr_attctc_th:2091) INFO: max output length: 125
2018-07-11 13:14:57,171 (e2e_asr_attctc_th:2092) INFO: min output length: 0
2018-07-11 13:15:02,092 (e2e_asr_attctc_th:2199) INFO: end detected at 34
2018-07-11 13:15:02,092 (e2e_asr_attctc_th:2217) INFO: total log probability: -47.0029089451
2018-07-11 13:15:02,092 (e2e_asr_attctc_th:2218) INFO: normalized log probability: -1.8078041902
2018-07-11 13:15:02,094 (asr_pytorch:468) INFO: groundtruth[8_spk_8_079392-079892]: 攆且畸攆攆診畸啼的尊童咋臼族佬誅啷啷佬手謬嗷倔址午嘍誅呯
2018-07-11 13:15:02,094 (asr_pytorch:469) INFO: prediction [8_spk_8_079392-079892]: 擺上北京擺擺鐵婚呢個社仔嘅跟著已經係咪咁多地方式<eos>
2018-07-11 13:15:02,111 (e2e_asr_attctc_th:2977) INFO: BLSTMP input lengths: [740]
2018-07-11 13:15:03,030 (e2e_asr_attctc_th:2067) INFO: input lengths: 185
2018-07-11 13:15:03,030 (e2e_asr_attctc_th:2091) INFO: max output length: 185
2018-07-11 13:15:03,030 (e2e_asr_attctc_th:2092) INFO: min output length: 0
2018-07-11 13:15:10,053 (e2e_asr_attctc_th:2199) INFO: end detected at 47
2018-07-11 13:15:10,053 (e2e_asr_attctc_th:2217) INFO: total log probability: -33.7027777326
2018-07-11 13:15:10,053 (e2e_asr_attctc_th:2218) INFO: normalized log probability: -0.802447088872
2018-07-11 13:15:10,054 (asr_pytorch:468) INFO: groundtruth[1504-1_spk_1504_1_084748-085490]: 冀寫佬鄔唪B唪緘見吟JSV迫姚俏妍枱佬誅筐W8冀寫鄔5朔丹姚俏5朔度6朔伍冀寫鄔唪彿頃柎
2018-07-11 13:15:10,054 (asr_pytorch:469) INFO: prediction [1504-1_spk_1504_1_084748-085490]: 其實你都唔緊要嗰個房翻先如果你話緊係時但其實都唔會中即係五月底六月份卡中唔影響噶<eos>
2018-07-11 13:15:10,063 (e2e_asr_attctc_th:2977) INFO: BLSTMP input lengths: [490]
2018-07-11 13:15:10,680 (e2e_asr_attctc_th:2067) INFO: input lengths: 123
2018-07-11 13:15:10,680 (e2e_asr_attctc_th:2091) INFO: max output length: 123
2018-07-11 13:15:10,680 (e2e_asr_attctc_th:2092) INFO: min output length: 0
2018-07-11 13:15:13,772 (e2e_asr_attctc_th:2206) INFO: no hypothesis. Finish decoding.
2018-07-11 13:15:13,772 (e2e_asr_attctc_th:2217) INFO: total log probability: -22.3881698959
2018-07-11 13:15:13,772 (e2e_asr_attctc_th:2218) INFO: normalized log probability: -0.861083457533
2018-07-11 13:15:13,773 (asr_pytorch:468) INFO: groundtruth[1503-1_spk_1503_1_049110-049602]: 冏鍋冏鍋俏啯佬肇旬序黴兒服旅俊綪道閊希啖徘尖姚
2018-07-11 13:15:13,773 (asr_pytorch:469) INFO: prediction [1503-1_spk_1503_1_049110-049602]: 買好錯劉床係啦你聽日你要跟佢方便一個迴事啊水主仔<eos>
2018-07-11 13:15:13,780 (e2e_asr_attctc_th:2977) INFO: BLSTMP input lengths: [126]
2018-07-11 13:15:13,942 (e2e_asr_attctc_th:2067) INFO: input lengths: 32
2018-07-11 13:15:13,943 (e2e_asr_attctc_th:2091) INFO: max output length: 32
2018-07-11 13:15:13,943 (e2e_asr_attctc_th:2092) INFO: min output length: 0
2018-07-11 13:15:14,574 (e2e_asr_attctc_th:2199) INFO: end detected at 11
2018-07-11 13:15:14,574 (e2e_asr_attctc_th:2217) INFO: total log probability: -3.3321287185
2018-07-11 13:15:14,574 (e2e_asr_attctc_th:2218) INFO: normalized log probability: -0.555354786416
2018-07-11 13:15:14,575 (asr_pytorch:468) INFO: groundtruth[1505-2_spk_1505_2_029306-029433]: B佬誅睛
2018-07-11 13:15:14,575 (asr_pytorch:469) INFO: prediction [1505-2_spk_1505_2_029306-029433]: 誒你話睇<eos>
2018-07-11 13:15:14,582 (e2e_asr_attctc_th:2977) INFO: BLSTMP input lengths: [131]
2018-07-11 13:15:14,751 (e2e_asr_attctc_th:2067) INFO: input lengths: 33
2018-07-11 13:15:14,752 (e2e_asr_attctc_th:2091) INFO: max output length: 33
2018-07-11 13:15:14,752 (e2e_asr_attctc_th:2092) INFO: min output length: 0
2018-07-11 13:15:15,243 (e2e_asr_attctc_th:2199) INFO: end detected at 9
2018-07-11 13:15:15,243 (e2e_asr_attctc_th:2217) INFO: total log probability: -2.02083188295
2018-07-11 13:15:15,243 (e2e_asr_attctc_th:2218) INFO: normalized log probability: -0.505207970738
2018-07-11 13:15:15,244 (asr_pytorch:468) INFO: groundtruth[1505-2_spk_1505_2_025041-025174]: 俏嗶丕
2018-07-11 13:15:15,244 (asr_pytorch:469) INFO: prediction [1505-2_spk_1505_2_025041-025174]: 係啊<eos>
2018-07-11 13:15:15,252 (e2e_asr_attctc_th:2977) INFO: BLSTMP input lengths: [204]
2018-07-11 13:15:15,630 (e2e_asr_attctc_th:2067) INFO: input lengths: 51
2018-07-11 13:15:15,630 (e2e_asr_attctc_th:2091) INFO: max output length: 51
2018-07-11 13:15:15,630 (e2e_asr_attctc_th:2092) INFO: min output length: 0
2018-07-11 13:15:16,428 (e2e_asr_attctc_th:2206) INFO: no hypothesis. Finish decoding.
2018-07-11 13:15:16,429 (e2e_asr_attctc_th:2217) INFO: total log probability: -5.87655800208
2018-07-11 13:15:16,429 (e2e_asr_attctc_th:2218) INFO: normalized log probability: -0.839508286012
2018-07-11 13:15:16,430 (asr_pytorch:468) INFO: groundtruth[1504-2_spk_1504_2_069558-069764]: 俏囹烕戛旨
2018-07-11 13:15:16,430 (asr_pytorch:469) INFO: prediction [1504-2_spk_1504_2_069558-069764]: 係一起落噶<eos>
2018-07-11 13:15:16,445 (e2e_asr_attctc_th:2977) INFO: BLSTMP input lengths: [358]
2018-07-11 13:15:17,215 (e2e_asr_attctc_th:2067) INFO: input lengths: 90
2018-07-11 13:15:17,215 (e2e_asr_attctc_th:2091) INFO: max output length: 90
2018-07-11 13:15:17,215 (e2e_asr_attctc_th:2092) INFO: min output length: 0
2018-07-11 13:15:20,383 (e2e_asr_attctc_th:2199) INFO: end detected at 29
2018-07-11 13:15:20,383 (e2e_asr_attctc_th:2217) INFO: total log probability: -10.6740919417
2018-07-11 13:15:20,383 (e2e_asr_attctc_th:2218) INFO: normalized log probability: -0.444753830903
2018-07-11 13:15:20,384 (asr_pytorch:468) INFO: groundtruth[3_spk_3_036150-036510]: 毯戛員兲各卿俏哲倔亙皆下卉乸蚧側從曼劫見幺嘍
2018-07-11 13:15:20,384 (asr_pytorch:469) INFO: prediction [3_spk_3_036150-036510]: 俾我哋公司所以呢個二百失實咁啱做得更加叫便嘅<eos>
2018-07-11 13:15:20,391 (e2e_asr_attctc_th:2977) INFO: BLSTMP input lengths: [220]
2018-07-11 13:15:20,684 (e2e_asr_attctc_th:2067) INFO: input lengths: 55
2018-07-11 13:15:20,684 (e2e_asr_attctc_th:2091) INFO: max output length: 55
2018-07-11 13:15:20,684 (e2e_asr_attctc_th:2092) INFO: min output length: 0
2018-07-11 13:15:21,654 (e2e_asr_attctc_th:2206) INFO: no hypothesis. Finish decoding.
2018-07-11 13:15:21,654 (e2e_asr_attctc_th:2217) INFO: total log probability: -2.33593486319
2018-07-11 13:15:21,654 (e2e_asr_attctc_th:2218) INFO: normalized log probability: -0.194661238599
2018-07-11 13:15:21,655 (asr_pytorch:468) INFO: groundtruth[1501-1_spk_1501_1_037824-038046]: 戛員吔井鄔司件誅筐迫
2018-07-11 13:15:21,655 (asr_pytorch:469) INFO: prediction [1501-1_spk_1501_1_037824-038046]: 我哋同事都可以話等翻<eos>
2018-07-11 13:15:21,662 (e2e_asr_attctc_th:2977) INFO: BLSTMP input lengths: [168]
2018-07-11 13:15:21,871 (e2e_asr_attctc_th:2067) INFO: input lengths: 42
2018-07-11 13:15:21,871 (e2e_asr_attctc_th:2091) INFO: max output length: 42
2018-07-11 13:15:21,871 (e2e_asr_attctc_th:2092) INFO: min output length: 0
2018-07-11 13:15:22,898 (e2e_asr_attctc_th:2199) INFO: end detected at 15
2018-07-11 13:15:22,899 (e2e_asr_attctc_th:2217) INFO: total log probability: -3.38094666973
2018-07-11 13:15:22,899 (e2e_asr_attctc_th:2218) INFO: normalized log probability: -0.338094666973
2018-07-11 13:15:22,899 (asr_pytorch:468) INFO: groundtruth[4_spk_4_015344-015515]: B戛昕皅嘍戛矮遛
2018-07-11 13:15:22,899 (asr_pytorch:469) INFO: prediction [4_spk_4_015344-015515]: 誒我明白嘅我知道<eos>
2018-07-11 13:15:22,907 (e2e_asr_attctc_th:2977) INFO: BLSTMP input lengths: [183]
2018-07-11 13:15:23,144 (e2e_asr_attctc_th:2067) INFO: input lengths: 46
2018-07-11 13:15:23,145 (e2e_asr_attctc_th:2091) INFO: max output length: 46
2018-07-11 13:15:23,145 (e2e_asr_attctc_th:2092) INFO: min output length: 0
2018-07-11 13:15:24,158 (e2e_asr_attctc_th:2199) INFO: end detected at 15
2018-07-11 13:15:24,159 (e2e_asr_attctc_th:2217) INFO: total log probability: -3.80058888998
2018-07-11 13:15:24,159 (e2e_asr_attctc_th:2218) INFO: normalized log probability: -0.380058888998
2018-07-11 13:15:24,159 (asr_pytorch:468) INFO: groundtruth[1502-2_spk_1502_2_047477-047662]: 側咩三倔渵詭嗄刺
2018-07-11 13:15:24,160 (asr_pytorch:469) INFO: prediction [1502-2_spk_1502_2_047477-047662]: 做咗一個測試係度<eos>
2018-07-11 13:15:24,167 (e2e_asr_attctc_th:2977) INFO: BLSTMP input lengths: [58]
2018-07-11 13:15:24,251 (e2e_asr_attctc_th:2067) INFO: input lengths: 15
2018-07-11 13:15:24,251 (e2e_asr_attctc_th:2091) INFO: max output length: 15
2018-07-11 13:15:24,251 (e2e_asr_attctc_th:2092) INFO: min output length: 0
2018-07-11 13:15:24,683 (e2e_asr_attctc_th:2199) INFO: end detected at 9
2018-07-11 13:15:24,683 (e2e_asr_attctc_th:2217) INFO: total log probability: -3.18876143917
2018-07-11 13:15:24,683 (e2e_asr_attctc_th:2218) INFO: normalized log probability: -0.637752287835
2018-07-11 13:15:24,684 (asr_pytorch:468) INFO: groundtruth[3_spk_3_041670-041730]: 侶<unk>
2018-07-11 13:15:24,684 (asr_pytorch:469) INFO: prediction [3_spk_3_041670-041730]: 啊依傢<eos>
2018-07-11 13:15:24,692 (e2e_asr_attctc_th:2977) INFO: BLSTMP input lengths: [186]
2018-07-11 13:15:24,922 (e2e_asr_attctc_th:2067) INFO: input lengths: 47
2018-07-11 13:15:24,923 (e2e_asr_attctc_th:2091) INFO: max output length: 47
2018-07-11 13:15:24,923 (e2e_asr_attctc_th:2092) INFO: min output length: 0
2018-07-11 13:15:26,565 (e2e_asr_attctc_th:2199) INFO: end detected at 17
2018-07-11 13:15:26,565 (e2e_asr_attctc_th:2217) INFO: total log probability: -7.0720054619
2018-07-11 13:15:26,565 (e2e_asr_attctc_th:2218) INFO: normalized log probability: -0.544000420146
2018-07-11 13:15:26,567 (asr_pytorch:468) INFO: groundtruth[1505-1_spk_1505_1_010478-010666]: 俏B冀寫尖姚司件敍忐柎
2018-07-11 13:15:26,568 (asr_pytorch:469) INFO: prediction [1505-1_spk_1505_1_010478-010666]: 係誒其實先識可以放心噶<eos>
2018-07-11 13:15:26,581 (e2e_asr_attctc_th:2977) INFO: BLSTMP input lengths: [26]
2018-07-11 13:15:26,668 (e2e_asr_attctc_th:2067) INFO: input lengths: 7
2018-07-11 13:15:26,669 (e2e_asr_attctc_th:2091) INFO: max output length: 7
2018-07-11 13:15:26,669 (e2e_asr_attctc_th:2092) INFO: min output length: 0
2018-07-11 13:15:27,113 (e2e_asr_attctc_th:2180) INFO: adding <eos> in the last postion in the loop
2018-07-11 13:15:27,114 (e2e_asr_attctc_th:2206) INFO: no hypothesis. Finish decoding.
2018-07-11 13:15:27,114 (e2e_asr_attctc_th:2217) INFO: total log probability: -0.0511759896763
2018-07-11 13:15:27,114 (e2e_asr_attctc_th:2218) INFO: normalized log probability: -0.0170586632254
2018-07-11 13:15:27,115 (asr_pytorch:468) INFO: groundtruth[1502-2_spk_1502_2_023381-023409]: 俏
2018-07-11 13:15:27,115 (asr_pytorch:469) INFO: prediction [1502-2_spk_1502_2_023381-023409]: 係<eos>
2018-07-11 13:15:27,129 (e2e_asr_attctc_th:2977) INFO: BLSTMP input lengths: [54]
2018-07-11 13:15:27,261 (e2e_asr_attctc_th:2067) INFO: input lengths: 14
2018-07-11 13:15:27,261 (e2e_asr_attctc_th:2091) INFO: max output length: 14
2018-07-11 13:15:27,261 (e2e_asr_attctc_th:2092) INFO: min output length: 0
2018-07-11 13:15:27,914 (e2e_asr_attctc_th:2199) INFO: end detected at 9
2018-07-11 13:15:27,914 (e2e_asr_attctc_th:2217) INFO: total log probability: -1.93874269724
2018-07-11 13:15:27,915 (e2e_asr_attctc_th:2218) INFO: normalized log probability: -0.48468567431
2018-07-11 13:15:27,916 (asr_pytorch:468) INFO: groundtruth[1501-2_spk_1501_2_042143-042199]: B
2018-07-11 13:15:27,916 (asr_pytorch:469) INFO: prediction [1501-2_spk_1501_2_042143-042199]: 啊嗯<eos>
2018-07-11 13:15:27,931 (e2e_asr_attctc_th:2977) INFO: BLSTMP input lengths: [338]
2018-07-11 13:15:28,635 (e2e_asr_attctc_th:2067) INFO: input lengths: 85
2018-07-11 13:15:28,636 (e2e_asr_attctc_th:2091) INFO: max output length: 85
2018-07-11 13:15:28,636 (e2e_asr_attctc_th:2092) INFO: min output length: 0
2018-07-11 13:15:33,796 (e2e_asr_attctc_th:2199) INFO: end detected at 32
2018-07-11 13:15:33,796 (e2e_asr_attctc_th:2217) INFO: total log probability: -32.1649437528
2018-07-11 13:15:33,796 (e2e_asr_attctc_th:2218) INFO: normalized log probability: -1.19129421307
2018-07-11 13:15:33,798 (asr_pytorch:468) INFO: groundtruth[8_spk_8_007705-008045]: 綪幅尻叄唪刺4K尻<unk>俏放刺3K俏咱咋嘍感怦
2018-07-11 13:15:33,798 (asr_pytorch:469) INFO: prediction [8_spk_8_007705-008045]: 正常啊大陸佢唔到好四G時就係知識開到三百住男人未先<eos>
2018-07-11 13:15:33,813 (e2e_asr_attctc_th:2977) INFO: BLSTMP input lengths: [278]
2018-07-11 13:15:34,317 (e2e_asr_attctc_th:2067) INFO: input lengths: 70
2018-07-11 13:15:34,317 (e2e_asr_attctc_th:2091) INFO: max output length: 70
2018-07-11 13:15:34,317 (e2e_asr_attctc_th:2092) INFO: min output length: 0
2018-07-11 13:15:35,675 (e2e_asr_attctc_th:2199) INFO: end detected at 16
2018-07-11 13:15:35,675 (e2e_asr_attctc_th:2217) INFO: total log probability: -1.55711802468
2018-07-11 13:15:35,676 (e2e_asr_attctc_th:2218) INFO: normalized log probability: -0.12975983539
2018-07-11 13:15:35,676 (asr_pytorch:468) INFO: groundtruth[1504-1_spk_1504_1_042438-042718]: 唪俏佬扚霆誅佬朕冏睛
2018-07-11 13:15:35,676 (asr_pytorch:469) INFO: prediction [1504-1_spk_1504_1_042438-042718]: 唔係你打電話你有冇睇<eos>
2018-07-11 13:15:35,683 (e2e_asr_attctc_th:2977) INFO: BLSTMP input lengths: [89]
2018-07-11 13:15:35,802 (e2e_asr_attctc_th:2067) INFO: input lengths: 23
2018-07-11 13:15:35,803 (e2e_asr_attctc_th:2091) INFO: max output length: 23
2018-07-11 13:15:35,803 (e2e_asr_attctc_th:2092) INFO: min output length: 0
2018-07-11 13:15:36,529 (e2e_asr_attctc_th:2199) INFO: end detected at 13
2018-07-11 13:15:36,529 (e2e_asr_attctc_th:2217) INFO: total log probability: -6.07160530984
2018-07-11 13:15:36,529 (e2e_asr_attctc_th:2218) INFO: normalized log probability: -0.867372187121
2018-07-11 13:15:36,531 (asr_pytorch:468) INFO: groundtruth[1501-1_spk_1501_1_087034-087125]: SO冏啞顔
2018-07-11 13:15:36,531 (asr_pytorch:469) INFO: prediction [1501-1_spk_1501_1_087034-087125]: 哦算我覺得<eos>
2018-07-11 13:15:36,538 (e2e_asr_attctc_th:2977) INFO: BLSTMP input lengths: [167]
2018-07-11 13:15:36,774 (e2e_asr_attctc_th:2067) INFO: input lengths: 42
2018-07-11 13:15:36,774 (e2e_asr_attctc_th:2091) INFO: max output length: 42
2018-07-11 13:15:36,774 (e2e_asr_attctc_th:2092) INFO: min output length: 0
2018-07-11 13:15:37,657 (e2e_asr_attctc_th:2206) INFO: no hypothesis. Finish decoding.
2018-07-11 13:15:37,657 (e2e_asr_attctc_th:2217) INFO: total log probability: -9.94710204378
2018-07-11 13:15:37,657 (e2e_asr_attctc_th:2218) INFO: normalized log probability: -0.90428200398
2018-07-11 13:15:37,658 (asr_pytorch:468) INFO: groundtruth[3_spk_3_045906-046075]: 咋逸埗街敏賀卉共蚧
2018-07-11 13:15:37,658 (asr_pytorch:469) INFO: prediction [3_spk_3_045906-046075]: 咁你買嚮精西上百蚊<eos>
2018-07-11 13:15:37,665 (e2e_asr_attctc_th:2977) INFO: BLSTMP input lengths: [101]
2018-07-11 13:15:37,799 (e2e_asr_attctc_th:2067) INFO: input lengths: 26
2018-07-11 13:15:37,800 (e2e_asr_attctc_th:2091) INFO: max output length: 26
2018-07-11 13:15:37,800 (e2e_asr_attctc_th:2092) INFO: min output length: 0
2018-07-11 13:15:38,563 (e2e_asr_attctc_th:2199) INFO: end detected at 14
2018-07-11 13:15:38,563 (e2e_asr_attctc_th:2217) INFO: total log probability: -7.49353030324
2018-07-11 13:15:38,563 (e2e_asr_attctc_th:2218) INFO: normalized log probability: -0.936691287905
2018-07-11 13:15:38,564 (asr_pytorch:468) INFO: groundtruth[4_spk_4_038109-038212]: 見由_MJM
2018-07-11 13:15:38,564 (asr_pytorch:469) INFO: prediction [4_spk_4_038109-038212]: 要用WIFI<eos>
2018-07-11 13:15:38,573 (e2e_asr_attctc_th:2977) INFO: BLSTMP input lengths: [582]
2018-07-11 13:15:39,398 (e2e_asr_attctc_th:2067) INFO: input lengths: 146
2018-07-11 13:15:39,402 (e2e_asr_attctc_th:2091) INFO: max output length: 146
2018-07-11 13:15:39,402 (e2e_asr_attctc_th:2092) INFO: min output length: 0
2018-07-11 13:15:44,917 (e2e_asr_attctc_th:2199) INFO: end detected at 42
2018-07-11 13:15:44,917 (e2e_asr_attctc_th:2217) INFO: total log probability: -41.3207375631
2018-07-11 13:15:44,917 (e2e_asr_attctc_th:2218) INFO: normalized log probability: -1.11677669089
2018-07-11 13:15:44,918 (asr_pytorch:468) INFO: groundtruth[1503-1_spk_1503_1_096690-097274]: 俏88蚧旨堅杉朔賀冗召夢劫埗18蚧隴遛街敏賀XSXEP寫享俏106蚧柎
2018-07-11 13:15:44,918 (asr_pytorch:469) INFO: prediction [1503-1_spk_1503_1_096690-097274]: 嚟話十啊蚊嘅基本叫曬再另外加埋翻啦咁水就係食飯係收圖法交入一百零龍啊嘛<eos>
2018-07-11 13:15:44,925 (e2e_asr_attctc_th:2977) INFO: BLSTMP input lengths: [124]
2018-07-11 13:15:45,086 (e2e_asr_attctc_th:2067) INFO: input lengths: 31
2018-07-11 13:15:45,086 (e2e_asr_attctc_th:2091) INFO: max output length: 31
2018-07-11 13:15:45,086 (e2e_asr_attctc_th:2092) INFO: min output length: 0
2018-07-11 13:15:45,899 (e2e_asr_attctc_th:2199) INFO: end detected at 12
2018-07-11 13:15:45,899 (e2e_asr_attctc_th:2217) INFO: total log probability: -3.08699128777
2018-07-11 13:15:45,899 (e2e_asr_attctc_th:2218) INFO: normalized log probability: -0.385873910971
2018-07-11 13:15:45,900 (asr_pytorch:468) INFO: groundtruth[1502-2_spk_1502_2_084303-084429]: 囹烕佬鄔渠楥
2018-07-11 13:15:45,900 (asr_pytorch:469) INFO: prediction [1502-2_spk_1502_2_084303-084429]: 因為你講清楚<eos>
2018-07-11 13:15:45,907 (e2e_asr_attctc_th:2977) INFO: BLSTMP input lengths: [66]
2018-07-11 13:15:45,995 (e2e_asr_attctc_th:2067) INFO: input lengths: 17
2018-07-11 13:15:45,995 (e2e_asr_attctc_th:2091) INFO: max output length: 17
2018-07-11 13:15:45,995 (e2e_asr_attctc_th:2092) INFO: min output length: 0
2018-07-11 13:15:46,334 (e2e_asr_attctc_th:2199) INFO: end detected at 8
2018-07-11 13:15:46,334 (e2e_asr_attctc_th:2217) INFO: total log probability: -0.188116103411
2018-07-11 13:15:46,334 (e2e_asr_attctc_th:2218) INFO: normalized log probability: -0.0627053678036
2018-07-11 13:15:46,335 (asr_pytorch:468) INFO: groundtruth[1501-2_spk_1501_2_055232-055300]: 哭
2018-07-11 13:15:46,335 (asr_pytorch:469) INFO: prediction [1501-2_spk_1501_2_055232-055300]: 哦<eos>
2018-07-11 13:15:46,342 (e2e_asr_attctc_th:2977) INFO: BLSTMP input lengths: [218]
2018-07-11 13:15:46,624 (e2e_asr_attctc_th:2067) INFO: input lengths: 55
2018-07-11 13:15:46,625 (e2e_asr_attctc_th:2091) INFO: max output length: 55
2018-07-11 13:15:46,625 (e2e_asr_attctc_th:2092) INFO: min output length: 0
2018-07-11 13:15:49,039 (e2e_asr_attctc_th:2199) INFO: end detected at 21
2018-07-11 13:15:49,039 (e2e_asr_attctc_th:2217) INFO: total log probability: -4.69127585343
2018-07-11 13:15:49,039 (e2e_asr_attctc_th:2218) INFO: normalized log probability: -0.293204740839
2018-07-11 13:15:49,041 (asr_pytorch:468) INFO: groundtruth[1502-2_spk_1502_2_006008-006228]: 咋佰冀寫尻然冀仞B夢放賀啯
2018-07-11 13:15:49,041 (asr_pytorch:469) INFO: prediction [1502-2_spk_1502_2_006008-006228]: 咁佢其實就係冇其他人外收費啦<eos>
2018-07-11 13:15:49,057 (e2e_asr_attctc_th:2977) INFO: BLSTMP input lengths: [158]
2018-07-11 13:15:49,429 (e2e_asr_attctc_th:2067) INFO: input lengths: 40
2018-07-11 13:15:49,429 (e2e_asr_attctc_th:2091) INFO: max output length: 40
2018-07-11 13:15:49,429 (e2e_asr_attctc_th:2092) INFO: min output length: 0
2018-07-11 13:15:50,681 (e2e_asr_attctc_th:2199) INFO: end detected at 12
2018-07-11 13:15:50,682 (e2e_asr_attctc_th:2217) INFO: total log probability: -3.42783330707
2018-07-11 13:15:50,682 (e2e_asr_attctc_th:2218) INFO: normalized log probability: -0.428479163384
2018-07-11 13:15:50,683 (asr_pytorch:468) INFO: groundtruth[1501-1_spk_1501_1_006433-006593]: 倔億錯旅<unk>呯
2018-07-11 13:15:50,683 (asr_pytorch:469) INFO: prediction [1501-1_spk_1501_1_006433-006593]: 個價錢方麵呢<eos>
2018-07-11 13:15:50,698 (e2e_asr_attctc_th:2977) INFO: BLSTMP input lengths: [391]
2018-07-11 13:15:51,524 (e2e_asr_attctc_th:2067) INFO: input lengths: 98
2018-07-11 13:15:51,524 (e2e_asr_attctc_th:2091) INFO: max output length: 98
2018-07-11 13:15:51,524 (e2e_asr_attctc_th:2092) INFO: min output length: 0
2018-07-11 13:15:54,756 (e2e_asr_attctc_th:2206) INFO: no hypothesis. Finish decoding.
2018-07-11 13:15:54,756 (e2e_asr_attctc_th:2217) INFO: total log probability: -9.51324895676
2018-07-11 13:15:54,756 (e2e_asr_attctc_th:2218) INFO: normalized log probability: -0.528513830931
2018-07-11 13:15:54,757 (asr_pytorch:468) INFO: groundtruth[12_spk_12_046874-047267]: 夥唪夥呯B
2018-07-11 13:15:54,757 (asr_pytorch:469) INFO: prediction [12_spk_12_046874-047267]: 當唔多呢你呢嗰啲熱麵嗰啲學國嗰啲<eos>
2018-07-11 13:15:54,772 (e2e_asr_attctc_th:2977) INFO: BLSTMP input lengths: [306]
2018-07-11 13:15:55,414 (e2e_asr_attctc_th:2067) INFO: input lengths: 77
2018-07-11 13:15:55,414 (e2e_asr_attctc_th:2091) INFO: max output length: 77
2018-07-11 13:15:55,414 (e2e_asr_attctc_th:2092) INFO: min output length: 0
2018-07-11 13:15:58,478 (e2e_asr_attctc_th:2206) INFO: no hypothesis. Finish decoding.
2018-07-11 13:15:58,478 (e2e_asr_attctc_th:2217) INFO: total log probability: -18.9197458923
2018-07-11 13:15:58,478 (e2e_asr_attctc_th:2218) INFO: normalized log probability: -0.900940280585
2018-07-11 13:15:58,478 (asr_pytorch:468) INFO: groundtruth[1504-1_spk_1504_1_000760-001068]: 諛啞佬倔扔換蚊磋<unk>紋服唪服溢催刺未咋柎
2018-07-11 13:15:58,478 (asr_pytorch:469) INFO: prediction [1504-1_spk_1504_1_000760-001068]: 整啊你個手提號碼法一會唔會準備就期飲咗<eos>
2018-07-11 13:15:58,486 (e2e_asr_attctc_th:2977) INFO: BLSTMP input lengths: [222]
2018-07-11 13:15:58,779 (e2e_asr_attctc_th:2067) INFO: input lengths: 56
2018-07-11 13:15:58,779 (e2e_asr_attctc_th:2091) INFO: max output length: 56
2018-07-11 13:15:58,779 (e2e_asr_attctc_th:2092) INFO: min output length: 0
2018-07-11 13:16:00,452 (e2e_asr_attctc_th:2206) INFO: no hypothesis. Finish decoding.
2018-07-11 13:16:00,452 (e2e_asr_attctc_th:2217) INFO: total log probability: -4.26564044552
2018-07-11 13:16:00,452 (e2e_asr_attctc_th:2218) INFO: normalized log probability: -0.266602527845
2018-07-11 13:16:00,452 (asr_pytorch:468) INFO: groundtruth[1502-2_spk_1502_2_049152-049376]: 冀寫兲各戛尻唪服唪渠楥啯眯俏
2018-07-11 13:16:00,453 (asr_pytorch:469) INFO: prediction [1502-2_spk_1502_2_049152-049376]: 其他公司我又唔會唔清咗嘞真係<eos>
2018-07-11 13:16:00,460 (e2e_asr_attctc_th:2977) INFO: BLSTMP input lengths: [172]
2018-07-11 13:16:00,683 (e2e_asr_attctc_th:2067) INFO: input lengths: 43
2018-07-11 13:16:00,684 (e2e_asr_attctc_th:2091) INFO: max output length: 43
2018-07-11 13:16:00,684 (e2e_asr_attctc_th:2092) INFO: min output length: 0
2018-07-11 13:16:01,412 (e2e_asr_attctc_th:2206) INFO: no hypothesis. Finish decoding.
2018-07-11 13:16:01,412 (e2e_asr_attctc_th:2217) INFO: total log probability: -2.81010745931
2018-07-11 13:16:01,412 (e2e_asr_attctc_th:2218) INFO: normalized log probability: -0.312234162146
2018-07-11 13:16:01,413 (asr_pytorch:468) INFO: groundtruth[1502-2_spk_1502_2_038980-039154]: 耗叄盾掩叄閊希
2018-07-11 13:16:01,413 (asr_pytorch:469) INFO: prediction [1502-2_spk_1502_2_038980-039154]: 而去直接去門先<eos>
2018-07-11 13:16:01,421 (e2e_asr_attctc_th:2977) INFO: BLSTMP input lengths: [311]
2018-07-11 13:16:01,827 (e2e_asr_attctc_th:2067) INFO: input lengths: 78
2018-07-11 13:16:01,827 (e2e_asr_attctc_th:2091) INFO: max output length: 78
2018-07-11 13:16:01,827 (e2e_asr_attctc_th:2092) INFO: min output length: 0
2018-07-11 13:16:03,632 (e2e_asr_attctc_th:2199) INFO: end detected at 18
2018-07-11 13:16:03,633 (e2e_asr_attctc_th:2217) INFO: total log probability: -14.2795495093
2018-07-11 13:16:03,633 (e2e_asr_attctc_th:2218) INFO: normalized log probability: -1.09842688533
2018-07-11 13:16:03,633 (asr_pytorch:468) INFO: groundtruth[4_spk_4_056264-056577]: 咯呈佰誅巾綪啦勞咩啯
2018-07-11 13:16:03,634 (asr_pytorch:469) INFO: prediction [4_spk_4_056264-056577]: 啊你話已經理我唔補啦咁<eos>
2018-07-11 13:16:03,641 (e2e_asr_attctc_th:2977) INFO: BLSTMP input lengths: [336]
2018-07-11 13:16:04,070 (e2e_asr_attctc_th:2067) INFO: input lengths: 84
2018-07-11 13:16:04,071 (e2e_asr_attctc_th:2091) INFO: max output length: 84
2018-07-11 13:16:04,071 (e2e_asr_attctc_th:2092) INFO: min output length: 0
2018-07-11 13:16:06,495 (e2e_asr_attctc_th:2199) INFO: end detected at 24
2018-07-11 13:16:06,495 (e2e_asr_attctc_th:2217) INFO: total log probability: -11.9226133903
2018-07-11 13:16:06,495 (e2e_asr_attctc_th:2218) INFO: normalized log probability: -0.627505967908
2018-07-11 13:16:06,496 (asr_pytorch:468) INFO: groundtruth[1505-1_spk_1505_1_009112-009450]: 囹烕戛址呯倔逮庵旅<unk>俏街384旨
2018-07-11 13:16:06,497 (asr_pytorch:469) INFO: prediction [1505-1_spk_1505_1_009112-009450]: <SPK/>我哋呢個速嗰方麵係行生八發十四嘅<eos>
2018-07-11 13:16:06,504 (e2e_asr_attctc_th:2977) INFO: BLSTMP input lengths: [95]
2018-07-11 13:16:06,630 (e2e_asr_attctc_th:2067) INFO: input lengths: 24
2018-07-11 13:16:06,631 (e2e_asr_attctc_th:2091) INFO: max output length: 24
2018-07-11 13:16:06,631 (e2e_asr_attctc_th:2092) INFO: min output length: 0
2018-07-11 13:16:07,106 (e2e_asr_attctc_th:2199) INFO: end detected at 9
2018-07-11 13:16:07,106 (e2e_asr_attctc_th:2217) INFO: total log probability: -1.23988352646
2018-07-11 13:16:07,106 (e2e_asr_attctc_th:2218) INFO: normalized log probability: -0.247976705292
2018-07-11 13:16:07,107 (asr_pytorch:468) INFO: groundtruth[1504-2_spk_1504_2_076500-076597]: 俏啖俏啖
2018-07-11 13:16:07,107 (asr_pytorch:469) INFO: prediction [1504-2_spk_1504_2_076500-076597]: 嚇係啊<eos>
2018-07-11 13:16:07,115 (e2e_asr_attctc_th:2977) INFO: BLSTMP input lengths: [432]
2018-07-11 13:16:07,716 (e2e_asr_attctc_th:2067) INFO: input lengths: 108
2018-07-11 13:16:07,716 (e2e_asr_attctc_th:2091) INFO: max output length: 108
2018-07-11 13:16:07,716 (e2e_asr_attctc_th:2092) INFO: min output length: 0
2018-07-11 13:16:11,312 (e2e_asr_attctc_th:2199) INFO: end detected at 32
2018-07-11 13:16:11,312 (e2e_asr_attctc_th:2217) INFO: total log probability: -16.8479931164
2018-07-11 13:16:11,312 (e2e_asr_attctc_th:2218) INFO: normalized log probability: -0.647999735245
2018-07-11 13:16:11,313 (asr_pytorch:468) INFO: groundtruth[12_spk_12_010909-011343]: B然院且綺乒夢喋咋冀寫仿服朕三倔劫夥128蚧俏
2018-07-11 13:16:11,313 (asr_pytorch:469) INFO: prediction [12_spk_12_010909-011343]: 誒劉限上網先話啦咁其實仲會有一個加多一藝二十蚊係<eos>
2018-07-11 13:16:11,321 (e2e_asr_attctc_th:2977) INFO: BLSTMP input lengths: [354]
2018-07-11 13:16:11,767 (e2e_asr_attctc_th:2067) INFO: input lengths: 89
2018-07-11 13:16:11,768 (e2e_asr_attctc_th:2091) INFO: max output length: 89
2018-07-11 13:16:11,768 (e2e_asr_attctc_th:2092) INFO: min output length: 0
2018-07-11 13:16:14,204 (e2e_asr_attctc_th:2206) INFO: no hypothesis. Finish decoding.
2018-07-11 13:16:14,205 (e2e_asr_attctc_th:2217) INFO: total log probability: -12.1731464765
2018-07-11 13:16:14,205 (e2e_asr_attctc_th:2218) INFO: normalized log probability: -0.529267238109
2018-07-11 13:16:14,205 (asr_pytorch:468) INFO: groundtruth[1504-1_spk_1504_1_060034-060390]: 禦三禦且丕綺閙唪丹禦三禦鄔司件劫嘢JSV迫旨誅尻
2018-07-11 13:16:14,205 (asr_pytorch:469) INFO: prediction [1504-1_spk_1504_1_060034-060390]: 咁乜咁上網站唔中咁樣咁多可以噶嘛放翻嘅話就<eos>
2018-07-11 13:16:14,213 (e2e_asr_attctc_th:2977) INFO: BLSTMP input lengths: [198]
2018-07-11 13:16:14,490 (e2e_asr_attctc_th:2067) INFO: input lengths: 50
2018-07-11 13:16:14,491 (e2e_asr_attctc_th:2091) INFO: max output length: 50
2018-07-11 13:16:14,491 (e2e_asr_attctc_th:2092) INFO: min output length: 0
2018-07-11 13:16:16,035 (e2e_asr_attctc_th:2199) INFO: end detected at 19
2018-07-11 13:16:16,035 (e2e_asr_attctc_th:2217) INFO: total log probability: -8.6783153452
2018-07-11 13:16:16,035 (e2e_asr_attctc_th:2218) INFO: normalized log probability: -0.619879667514
2018-07-11 13:16:16,036 (asr_pytorch:468) INFO: groundtruth[12_spk_12_057307-057507]: B戛俏夭隊側倔釗咋啖略
2018-07-11 13:16:16,036 (asr_pytorch:469) INFO: prediction [12_spk_12_057307-057507]: 即我可以大陸笑嘅嘢咁樣就<eos>
2018-07-11 13:16:16,044 (e2e_asr_attctc_th:2977) INFO: BLSTMP input lengths: [380]
2018-07-11 13:16:16,518 (e2e_asr_attctc_th:2067) INFO: input lengths: 95
2018-07-11 13:16:16,518 (e2e_asr_attctc_th:2091) INFO: max output length: 95
2018-07-11 13:16:16,518 (e2e_asr_attctc_th:2092) INFO: min output length: 0
2018-07-11 13:16:19,533 (e2e_asr_attctc_th:2199) INFO: end detected at 28
2018-07-11 13:16:19,533 (e2e_asr_attctc_th:2217) INFO: total log probability: -5.99325996218
2018-07-11 13:16:19,533 (e2e_asr_attctc_th:2218) INFO: normalized log probability: -0.249719165091
2018-07-11 13:16:19,535 (asr_pytorch:468) INFO: groundtruth[1504-1_spk_1504_1_034944-035326]: 宙差尻司件宙差尻司件宙差尻司件<unk>紋宙差尻司件
2018-07-11 13:16:19,535 (asr_pytorch:469) INFO: prediction [1504-1_spk_1504_1_034944-035326]: 完咗就可以完咗就可以完咗就可以閤日完咗就可以<eos>
2018-07-11 13:16:19,544 (e2e_asr_attctc_th:2977) INFO: BLSTMP input lengths: [356]
2018-07-11 13:16:20,003 (e2e_asr_attctc_th:2067) INFO: input lengths: 89
2018-07-11 13:16:20,003 (e2e_asr_attctc_th:2091) INFO: max output length: 89
2018-07-11 13:16:20,003 (e2e_asr_attctc_th:2092) INFO: min output length: 0
2018-07-11 13:16:21,419 (e2e_asr_attctc_th:2206) INFO: no hypothesis. Finish decoding.
2018-07-11 13:16:21,420 (e2e_asr_attctc_th:2217) INFO: total log probability: -4.66333361063
2018-07-11 13:16:21,420 (e2e_asr_attctc_th:2218) INFO: normalized log probability: -0.358717970049
2018-07-11 13:16:21,420 (asr_pytorch:468) INFO: groundtruth[1505-2_spk_1505_2_073962-074320]: 嗷倔佬誅慪啼旨釗旨晏倣
2018-07-11 13:16:21,420 (asr_pytorch:469) INFO: prediction [1505-2_spk_1505_2_073962-074320]: 嗰個你話萬呢嘅嘢嘅時候<eos>
2018-07-11 13:16:21,427 (e2e_asr_attctc_th:2977) INFO: BLSTMP input lengths: [123]
2018-07-11 13:16:21,600 (e2e_asr_attctc_th:2067) INFO: input lengths: 31
2018-07-11 13:16:21,601 (e2e_asr_attctc_th:2091) INFO: max output length: 31
2018-07-11 13:16:21,601 (e2e_asr_attctc_th:2092) INFO: min output length: 0
2018-07-11 13:16:22,230 (e2e_asr_attctc_th:2206) INFO: no hypothesis. Finish decoding.
2018-07-11 13:16:22,231 (e2e_asr_attctc_th:2217) INFO: total log probability: -4.57942157495
2018-07-11 13:16:22,231 (e2e_asr_attctc_th:2218) INFO: normalized log probability: -0.508824619439
2018-07-11 13:16:22,231 (asr_pytorch:468) INFO: groundtruth[4_spk_4_028423-028548]: B佬稜筐三陳呈
2018-07-11 13:16:22,231 (asr_pytorch:469) INFO: prediction [4_spk_4_028423-028548]: 誒你手等一陣啊<eos>
2018-07-11 13:16:22,240 (e2e_asr_attctc_th:2977) INFO: BLSTMP input lengths: [516]
2018-07-11 13:16:22,909 (e2e_asr_attctc_th:2067) INFO: input lengths: 129
2018-07-11 13:16:22,909 (e2e_asr_attctc_th:2091) INFO: max output length: 129
2018-07-11 13:16:22,909 (e2e_asr_attctc_th:2092) INFO: min output length: 0
2018-07-11 13:16:25,659 (e2e_asr_attctc_th:2206) INFO: no hypothesis. Finish decoding.
2018-07-11 13:16:25,659 (e2e_asr_attctc_th:2217) INFO: total log probability: -6.1881393916
2018-07-11 13:16:25,659 (e2e_asr_attctc_th:2218) INFO: normalized log probability: -0.294673304362
2018-07-11 13:16:25,659 (asr_pytorch:468) INFO: groundtruth[1505-1_spk_1505_1_002018-002536]: 囹烕佰侶倔逮庵旅<unk>啯鄔俏JSV考毯輓堅杉旨
2018-07-11 13:16:25,659 (asr_pytorch:469) INFO: prediction [1505-1_spk_1505_1_002018-002536]: 因為佢呢個速度方麵呢都係火翻比較基本嘅<eos>
2018-07-11 13:16:25,668 (e2e_asr_attctc_th:2977) INFO: BLSTMP input lengths: [362]
2018-07-11 13:16:26,142 (e2e_asr_attctc_th:2067) INFO: input lengths: 91
2018-07-11 13:16:26,142 (e2e_asr_attctc_th:2091) INFO: max output length: 91
2018-07-11 13:16:26,142 (e2e_asr_attctc_th:2092) INFO: min output length: 0
2018-07-11 13:16:28,574 (e2e_asr_attctc_th:2199) INFO: end detected at 24
2018-07-11 13:16:28,574 (e2e_asr_attctc_th:2217) INFO: total log probability: -10.852551382
2018-07-11 13:16:28,574 (e2e_asr_attctc_th:2218) INFO: normalized log probability: -0.602919521224
2018-07-11 13:16:28,575 (asr_pytorch:468) INFO: groundtruth[1504-2_spk_1504_2_051829-052194]: 俏啖妍枱黒緘佬呯倔戛冗且三倔呯
2018-07-11 13:16:28,575 (asr_pytorch:469) INFO: prediction [1504-2_spk_1504_2_051829-052194]: 後尾啊如果嚟人你呢個我再上一個呢<eos>
2018-07-11 13:16:28,582 (e2e_asr_attctc_th:2977) INFO: BLSTMP input lengths: [90]
2018-07-11 13:16:28,703 (e2e_asr_attctc_th:2067) INFO: input lengths: 23
2018-07-11 13:16:28,704 (e2e_asr_attctc_th:2091) INFO: max output length: 23
2018-07-11 13:16:28,704 (e2e_asr_attctc_th:2092) INFO: min output length: 0
2018-07-11 13:16:28,972 (e2e_asr_attctc_th:2206) INFO: no hypothesis. Finish decoding.
2018-07-11 13:16:28,973 (e2e_asr_attctc_th:2217) INFO: total log probability: -1.85153685883
2018-07-11 13:16:28,973 (e2e_asr_attctc_th:2218) INFO: normalized log probability: -0.370307371765
2018-07-11 13:16:28,973 (asr_pytorch:468) INFO: groundtruth[9_spk_9_027250-027342]: B茄斑
2018-07-11 13:16:28,973 (asr_pytorch:469) INFO: prediction [9_spk_9_027250-027342]: 誒英文<eos>
2018-07-11 13:16:28,981 (e2e_asr_attctc_th:2977) INFO: BLSTMP input lengths: [273]
2018-07-11 13:16:29,325 (e2e_asr_attctc_th:2067) INFO: input lengths: 69
2018-07-11 13:16:29,325 (e2e_asr_attctc_th:2091) INFO: max output length: 69
2018-07-11 13:16:29,325 (e2e_asr_attctc_th:2092) INFO: min output length: 0
2018-07-11 13:16:30,839 (e2e_asr_attctc_th:2199) INFO: end detected at 17
2018-07-11 13:16:30,839 (e2e_asr_attctc_th:2217) INFO: total log probability: -16.1516017616
2018-07-11 13:16:30,839 (e2e_asr_attctc_th:2218) INFO: normalized log probability: -1.34596681346
2018-07-11 13:16:30,840 (asr_pytorch:468) INFO: groundtruth[8_spk_8_033032-033307]: 暄朦邸障雯倔梯邸咱可必朦邸囖
2018-07-11 13:16:30,840 (asr_pytorch:469) INFO: prediction [8_spk_8_033032-033307]: 宿捨真係唔會咋就算啦<eos>
2018-07-11 13:16:30,849 (e2e_asr_attctc_th:2977) INFO: BLSTMP input lengths: [791]
2018-07-11 13:16:31,933 (e2e_asr_attctc_th:2067) INFO: input lengths: 198
2018-07-11 13:16:31,933 (e2e_asr_attctc_th:2091) INFO: max output length: 198
2018-07-11 13:16:31,934 (e2e_asr_attctc_th:2092) INFO: min output length: 0
2018-07-11 13:16:40,761 (e2e_asr_attctc_th:2199) INFO: end detected at 51
2018-07-11 13:16:40,761 (e2e_asr_attctc_th:2217) INFO: total log probability: -16.5042183846
2018-07-11 13:16:40,761 (e2e_asr_attctc_th:2218) INFO: normalized log probability: -0.358787356187
2018-07-11 13:16:40,763 (asr_pytorch:468) INFO: groundtruth[4_spk_4_078382-079175]: 筋亙旬佬唪震見由刺嘍佬訢何俏亙卉丐黴亞卉乸列乒剛熔咩佰兒筋旬嘍誅佰尻唪服討賀㨃啯斌擢漳遏間阪
2018-07-11 13:16:40,763 (asr_pytorch:469) INFO: prediction [4_spk_4_078382-079175]: 第日你唔需要用到嘅你記住喺二十三二五十九分之前識咗佢先第日嘅話佢就會計費噶啦數佢慢日開關<eos>
2018-07-11 13:16:40,771 (e2e_asr_attctc_th:2977) INFO: BLSTMP input lengths: [188]
2018-07-11 13:16:41,037 (e2e_asr_attctc_th:2067) INFO: input lengths: 47
2018-07-11 13:16:41,038 (e2e_asr_attctc_th:2091) INFO: max output length: 47
2018-07-11 13:16:41,038 (e2e_asr_attctc_th:2092) INFO: min output length: 0
2018-07-11 13:16:42,607 (e2e_asr_attctc_th:2199) INFO: end detected at 19
2018-07-11 13:16:42,607 (e2e_asr_attctc_th:2217) INFO: total log probability: -13.2446893104
2018-07-11 13:16:42,607 (e2e_asr_attctc_th:2218) INFO: normalized log probability: -0.94604923646
2018-07-11 13:16:42,608 (asr_pytorch:468) INFO: groundtruth[1504-1_spk_1504_1_072780-072970]: 佬嗄GWP嗷邕訌差檀啖
2018-07-11 13:16:42,608 (asr_pytorch:469) INFO: prediction [1504-1_spk_1504_1_072780-072970]: 你喺SAZE我唔定有機啊<eos>
2018-07-11 13:16:42,616 (e2e_asr_attctc_th:2977) INFO: BLSTMP input lengths: [386]
2018-07-11 13:16:43,095 (e2e_asr_attctc_th:2067) INFO: input lengths: 97
2018-07-11 13:16:43,096 (e2e_asr_attctc_th:2091) INFO: max output length: 97
2018-07-11 13:16:43,096 (e2e_asr_attctc_th:2092) INFO: min output length: 0
2018-07-11 13:16:46,421 (e2e_asr_attctc_th:2206) INFO: no hypothesis. Finish decoding.
2018-07-11 13:16:46,422 (e2e_asr_attctc_th:2217) INFO: total log probability: -10.4031961244
2018-07-11 13:16:46,422 (e2e_asr_attctc_th:2218) INFO: normalized log probability: -0.385303560161
2018-07-11 13:16:46,423 (asr_pytorch:468) INFO: groundtruth[4_spk_4_008197-008585]: 俏吟咋佬B司件且畸戛員綺順戡耐戛哲邕WIRH畸梯PMRO倍佬啯
2018-07-11 13:16:46,423 (asr_pytorch:469) INFO: prediction [4_spk_4_008197-008585]: 係啊咁你誒可以上班我哋網頁或者我呢邊聲翻條應俾你咯<eos>
2018-07-11 13:16:46,438 (e2e_asr_attctc_th:2977) INFO: BLSTMP input lengths: [185]
2018-07-11 13:16:46,695 (e2e_asr_attctc_th:2067) INFO: input lengths: 47
2018-07-11 13:16:46,695 (e2e_asr_attctc_th:2091) INFO: max output length: 47
2018-07-11 13:16:46,696 (e2e_asr_attctc_th:2092) INFO: min output length: 0
2018-07-11 13:16:49,031 (e2e_asr_attctc_th:2199) INFO: end detected at 20
2018-07-11 13:16:49,031 (e2e_asr_attctc_th:2217) INFO: total log probability: -14.7694509716
2018-07-11 13:16:49,031 (e2e_asr_attctc_th:2218) INFO: normalized log probability: -0.984630064775
2018-07-11 13:16:49,032 (asr_pytorch:468) INFO: groundtruth[1502-2_spk_1502_2_092984-093171]: 佬刺晏PSKYTBPSK迫佬倔EGGSYRX嘍誅
2018-07-11 13:16:49,032 (asr_pytorch:469) INFO: prediction [1502-2_spk_1502_2_092984-093171]: 你到時咯我成日落翻你落卡噶<eos>
2018-07-11 13:16:49,040 (e2e_asr_attctc_th:2977) INFO: BLSTMP input lengths: [490]
2018-07-11 13:16:49,659 (e2e_asr_attctc_th:2067) INFO: input lengths: 123
2018-07-11 13:16:49,660 (e2e_asr_attctc_th:2091) INFO: max output length: 123
2018-07-11 13:16:49,660 (e2e_asr_attctc_th:2092) INFO: min output length: 0
2018-07-11 13:16:54,727 (e2e_asr_attctc_th:2206) INFO: no hypothesis. Finish decoding.
2018-07-11 13:16:54,727 (e2e_asr_attctc_th:2217) INFO: total log probability: -6.76943209302
2018-07-11 13:16:54,727 (e2e_asr_attctc_th:2218) INFO: normalized log probability: -0.260362772808
2018-07-11 13:16:54,728 (asr_pytorch:468) INFO: groundtruth[1504-1_spk_1504_1_082508-083000]: SO昕皅冀寫囹烕咋吟冀寫JSV迫呯尻節啯佬耗<unk>NSMR道黒啯
2018-07-11 13:16:54,728 (asr_pytorch:469) INFO: prediction [1504-1_spk_1504_1_082508-083000]: 屋企唔得就可以咁啦因為火翻呢就算啦你而傢再過嚟啦<eos>
2018-07-11 13:16:54,742 (e2e_asr_attctc_th:2977) INFO: BLSTMP input lengths: [227]
2018-07-11 13:16:55,191 (e2e_asr_attctc_th:2067) INFO: input lengths: 57
2018-07-11 13:16:55,191 (e2e_asr_attctc_th:2091) INFO: max output length: 57
2018-07-11 13:16:55,191 (e2e_asr_attctc_th:2092) INFO: min output length: 0
2018-07-11 13:16:56,904 (e2e_asr_attctc_th:2199) INFO: end detected at 20
2018-07-11 13:16:56,904 (e2e_asr_attctc_th:2217) INFO: total log probability: -6.53374766745
2018-07-11 13:16:56,905 (e2e_asr_attctc_th:2218) INFO: normalized log probability: -0.46669626196
2018-07-11 13:16:56,905 (asr_pytorch:468) INFO: groundtruth[1502-1_spk_1502_1_020381-020610]: 俏啯咋妍枱咋戛淮戛淮俏愈
2018-07-11 13:16:56,905 (asr_pytorch:469) INFO: prediction [1502-1_spk_1502_1_020381-020610]: 係啦咁如果咁我哋我凈係想<eos>
2018-07-11 13:16:56,913 (e2e_asr_attctc_th:2977) INFO: BLSTMP input lengths: [228]
2018-07-11 13:16:57,216 (e2e_asr_attctc_th:2067) INFO: input lengths: 57
2018-07-11 13:16:57,217 (e2e_asr_attctc_th:2091) INFO: max output length: 57
2018-07-11 13:16:57,217 (e2e_asr_attctc_th:2092) INFO: min output length: 0
2018-07-11 13:16:58,686 (e2e_asr_attctc_th:2199) INFO: end detected at 18
2018-07-11 13:16:58,686 (e2e_asr_attctc_th:2217) INFO: total log probability: -7.10337944888
2018-07-11 13:16:58,686 (e2e_asr_attctc_th:2218) INFO: normalized log probability: -0.64576176808
2018-07-11 13:16:58,687 (asr_pytorch:468) INFO: groundtruth[1504-1_spk_1504_1_065838-066068]: 貽朋夥司件貽2郷W8
2018-07-11 13:16:58,687 (asr_pytorch:469) INFO: prediction [1504-1_spk_1504_1_065838-066068]: 買最多去買眼部SS<eos>
2018-07-11 13:16:58,695 (e2e_asr_attctc_th:2977) INFO: BLSTMP input lengths: [156]
2018-07-11 13:16:58,900 (e2e_asr_attctc_th:2067) INFO: input lengths: 39
2018-07-11 13:16:58,901 (e2e_asr_attctc_th:2091) INFO: max output length: 39
2018-07-11 13:16:58,901 (e2e_asr_attctc_th:2092) INFO: min output length: 0
2018-07-11 13:16:59,414 (e2e_asr_attctc_th:2199) INFO: end detected at 9
2018-07-11 13:16:59,414 (e2e_asr_attctc_th:2217) INFO: total log probability: -1.81837840052
2018-07-11 13:16:59,414 (e2e_asr_attctc_th:2218) INFO: normalized log probability: -0.454594600131
2018-07-11 13:16:59,415 (asr_pytorch:468) INFO: groundtruth[1504-1_spk_1504_1_102538-102696]: 妊嗶
2018-07-11 13:16:59,415 (asr_pytorch:469) INFO: prediction [1504-1_spk_1504_1_102538-102696]: 啊嗯<eos>
2018-07-11 13:16:59,423 (e2e_asr_attctc_th:2977) INFO: BLSTMP input lengths: [328]
2018-07-11 13:16:59,830 (e2e_asr_attctc_th:2067) INFO: input lengths: 82
2018-07-11 13:16:59,830 (e2e_asr_attctc_th:2091) INFO: max output length: 82
2018-07-11 13:16:59,830 (e2e_asr_attctc_th:2092) INFO: min output length: 0
2018-07-11 13:17:02,182 (e2e_asr_attctc_th:2199) INFO: end detected at 25
2018-07-11 13:17:02,183 (e2e_asr_attctc_th:2217) INFO: total log probability: -19.9183435962
2018-07-11 13:17:02,183 (e2e_asr_attctc_th:2218) INFO: normalized log probability: -1.04833387348
2018-07-11 13:17:02,184 (asr_pytorch:468) INFO: groundtruth[9_spk_9_029595-029925]: B俏咱頃嗷倔QSFMPIHEXESTXMSR八<unk>
2018-07-11 13:17:02,184 (asr_pytorch:469) INFO: prediction [9_spk_9_029595-029925]: 唔成佢搵個我包包冰翻屋企人去噶冇上<eos>
2018-07-11 13:17:02,191 (e2e_asr_attctc_th:2977) INFO: BLSTMP input lengths: [82]
2018-07-11 13:17:02,305 (e2e_asr_attctc_th:2067) INFO: input lengths: 21
2018-07-11 13:17:02,305 (e2e_asr_attctc_th:2091) INFO: max output length: 21
2018-07-11 13:17:02,305 (e2e_asr_attctc_th:2092) INFO: min output length: 0
2018-07-11 13:17:02,761 (e2e_asr_attctc_th:2206) INFO: no hypothesis. Finish decoding.
2018-07-11 13:17:02,761 (e2e_asr_attctc_th:2217) INFO: total log probability: -6.97289822437
2018-07-11 13:17:02,761 (e2e_asr_attctc_th:2218) INFO: normalized log probability: -0.996128317767
2018-07-11 13:17:02,762 (asr_pytorch:468) INFO: groundtruth[1502-1_spk_1502_1_035516-035600]: 卉KF嗷倔TPER啯
2018-07-11 13:17:02,762 (asr_pytorch:469) INFO: prediction [1502-1_spk_1502_1_035516-035600]: 十四個間啊<eos>
2018-07-11 13:17:02,772 (e2e_asr_attctc_th:2977) INFO: BLSTMP input lengths: [308]
2018-07-11 13:17:03,230 (e2e_asr_attctc_th:2067) INFO: input lengths: 77
2018-07-11 13:17:03,231 (e2e_asr_attctc_th:2091) INFO: max output length: 77
2018-07-11 13:17:03,231 (e2e_asr_attctc_th:2092) INFO: min output length: 0
2018-07-11 13:17:05,733 (e2e_asr_attctc_th:2199) INFO: end detected at 26
2018-07-11 13:17:05,733 (e2e_asr_attctc_th:2217) INFO: total log probability: -20.4697998017
2018-07-11 13:17:05,733 (e2e_asr_attctc_th:2218) INFO: normalized log probability: -1.0773578843
2018-07-11 13:17:05,734 (asr_pytorch:468) INFO: groundtruth[8_spk_8_008080-008390]: B唪俏呈唪俏哲倔啞顔呈BB
2018-07-11 13:17:05,734 (asr_pytorch:469) INFO: prediction [8_spk_8_008080-008390]: 成世人唔係呢份題咖SAZESMIE<eos>
2018-07-11 13:17:05,742 (e2e_asr_attctc_th:2977) INFO: BLSTMP input lengths: [75]
2018-07-11 13:17:05,843 (e2e_asr_attctc_th:2067) INFO: input lengths: 19
2018-07-11 13:17:05,844 (e2e_asr_attctc_th:2091) INFO: max output length: 19
2018-07-11 13:17:05,844 (e2e_asr_attctc_th:2092) INFO: min output length: 0
2018-07-11 13:17:06,373 (e2e_asr_attctc_th:2199) INFO: end detected at 11
2018-07-11 13:17:06,374 (e2e_asr_attctc_th:2217) INFO: total log probability: -1.85997241735
2018-07-11 13:17:06,374 (e2e_asr_attctc_th:2218) INFO: normalized log probability: -0.464993104339
2018-07-11 13:17:06,375 (asr_pytorch:468) INFO: groundtruth[12_spk_12_038987-039064]: B
2018-07-11 13:17:06,375 (asr_pytorch:469) INFO: prediction [12_spk_12_038987-039064]: 哦<SPK/><eos>
2018-07-11 13:17:06,382 (e2e_asr_attctc_th:2977) INFO: BLSTMP input lengths: [47]
2018-07-11 13:17:06,452 (e2e_asr_attctc_th:2067) INFO: input lengths: 12
2018-07-11 13:17:06,452 (e2e_asr_attctc_th:2091) INFO: max output length: 12
2018-07-11 13:17:06,452 (e2e_asr_attctc_th:2092) INFO: min output length: 0
2018-07-11 13:17:06,999 (e2e_asr_attctc_th:2180) INFO: adding <eos> in the last postion in the loop
2018-07-11 13:17:07,000 (e2e_asr_attctc_th:2206) INFO: no hypothesis. Finish decoding.
2018-07-11 13:17:07,000 (e2e_asr_attctc_th:2217) INFO: total log probability: -2.52210485935
2018-07-11 13:17:07,000 (e2e_asr_attctc_th:2218) INFO: normalized log probability: -0.420350809892
2018-07-11 13:17:07,001 (asr_pytorch:468) INFO: groundtruth[4_spk_4_061922-061971]: 俏
2018-07-11 13:17:07,001 (asr_pytorch:469) INFO: prediction [4_spk_4_061922-061971]: 唔係啊咩<eos>
2018-07-11 13:17:07,012 (e2e_asr_attctc_th:2977) INFO: BLSTMP input lengths: [57]
2018-07-11 13:17:07,132 (e2e_asr_attctc_th:2067) INFO: input lengths: 15
2018-07-11 13:17:07,132 (e2e_asr_attctc_th:2091) INFO: max output length: 15
2018-07-11 13:17:07,132 (e2e_asr_attctc_th:2092) INFO: min output length: 0
2018-07-11 13:17:07,552 (e2e_asr_attctc_th:2199) INFO: end detected at 8
2018-07-11 13:17:07,553 (e2e_asr_attctc_th:2217) INFO: total log probability: -1.09511464834
2018-07-11 13:17:07,553 (e2e_asr_attctc_th:2218) INFO: normalized log probability: -0.365038216114
2018-07-11 13:17:07,553 (asr_pytorch:468) INFO: groundtruth[1501-2_spk_1501_2_068769-068828]: 妊
2018-07-11 13:17:07,554 (asr_pytorch:469) INFO: prediction [1501-2_spk_1501_2_068769-068828]: 哦<eos>
2018-07-11 13:17:07,561 (e2e_asr_attctc_th:2977) INFO: BLSTMP input lengths: [198]
2018-07-11 13:17:07,812 (e2e_asr_attctc_th:2067) INFO: input lengths: 50
2018-07-11 13:17:07,812 (e2e_asr_attctc_th:2091) INFO: max output length: 50
2018-07-11 13:17:07,812 (e2e_asr_attctc_th:2092) INFO: min output length: 0
2018-07-11 13:17:09,206 (e2e_asr_attctc_th:2199) INFO: end detected at 18
2018-07-11 13:17:09,206 (e2e_asr_attctc_th:2217) INFO: total log probability: -2.99864522647
2018-07-11 13:17:09,206 (e2e_asr_attctc_th:2218) INFO: normalized log probability: -0.249887102206
2018-07-11 13:17:09,207 (asr_pytorch:468) INFO: groundtruth[12_spk_12_057904-058104]: 咋戛反驥佰4蚊嗷旬俏
2018-07-11 13:17:09,207 (asr_pytorch:469) INFO: prediction [12_spk_12_057904-058104]: 咁我又驚佢四號嗰日係<eos>
2018-07-11 13:17:09,216 (e2e_asr_attctc_th:2977) INFO: BLSTMP input lengths: [434]
2018-07-11 13:17:09,790 (e2e_asr_attctc_th:2067) INFO: input lengths: 109
2018-07-11 13:17:09,791 (e2e_asr_attctc_th:2091) INFO: max output length: 109
2018-07-11 13:17:09,791 (e2e_asr_attctc_th:2092) INFO: min output length: 0
2018-07-11 13:17:14,212 (e2e_asr_attctc_th:2199) INFO: end detected at 36
2018-07-11 13:17:14,213 (e2e_asr_attctc_th:2217) INFO: total log probability: -24.7828714922
2018-07-11 13:17:14,213 (e2e_asr_attctc_th:2218) INFO: normalized log probability: -0.826095716407
2018-07-11 13:17:14,214 (asr_pytorch:468) INFO: groundtruth[1504-1_spk_1504_1_106644-107080]: SO妊妊咋侶邕唪妊感怦扚搭佬咋耳<unk>尖姚妊嗶拯拯妊嗶拯拯
2018-07-11 13:17:14,214 (asr_pytorch:469) INFO: prediction [1504-1_spk_1504_1_106644-107080]: OK好好咁似邊唔好意思係打交你咁耐中小姐我唔得拜我唔係擺<eos>
2018-07-11 13:17:14,221 (e2e_asr_attctc_th:2977) INFO: BLSTMP input lengths: [63]
2018-07-11 13:17:14,314 (e2e_asr_attctc_th:2067) INFO: input lengths: 16
2018-07-11 13:17:14,315 (e2e_asr_attctc_th:2091) INFO: max output length: 16
2018-07-11 13:17:14,315 (e2e_asr_attctc_th:2092) INFO: min output length: 0
2018-07-11 13:17:14,713 (e2e_asr_attctc_th:2199) INFO: end detected at 8
2018-07-11 13:17:14,713 (e2e_asr_attctc_th:2217) INFO: total log probability: -1.8696680963
2018-07-11 13:17:14,714 (e2e_asr_attctc_th:2218) INFO: normalized log probability: -0.467417024076
2018-07-11 13:17:14,714 (asr_pytorch:468) INFO: groundtruth[1502-1_spk_1502_1_067224-067289]: 仕晟
2018-07-11 13:17:14,715 (asr_pytorch:469) INFO: prediction [1502-1_spk_1502_1_067224-067289]: 啱晚<eos>
2018-07-11 13:17:14,722 (e2e_asr_attctc_th:2977) INFO: BLSTMP input lengths: [217]
2018-07-11 13:17:14,993 (e2e_asr_attctc_th:2067) INFO: input lengths: 55
2018-07-11 13:17:14,994 (e2e_asr_attctc_th:2091) INFO: max output length: 55
2018-07-11 13:17:14,994 (e2e_asr_attctc_th:2092) INFO: min output length: 0
2018-07-11 13:17:16,825 (e2e_asr_attctc_th:2199) INFO: end detected at 22
2018-07-11 13:17:16,825 (e2e_asr_attctc_th:2217) INFO: total log probability: -8.91932879924
2018-07-11 13:17:16,825 (e2e_asr_attctc_th:2218) INFO: normalized log probability: -0.524666399955
2018-07-11 13:17:16,826 (asr_pytorch:468) INFO: groundtruth[1502-2_spk_1502_2_004017-004236]: 耗佬倔蚊磋轟道嚦尻亙皆亞卉兵蚧
2018-07-11 13:17:16,826 (asr_pytorch:469) INFO: prediction [1502-2_spk_1502_2_004017-004236]: 以你嗰號碼轉過嚟咋而傢五十六蚊<eos>
2018-07-11 13:17:16,833 (e2e_asr_attctc_th:2977) INFO: BLSTMP input lengths: [162]
2018-07-11 13:17:17,066 (e2e_asr_attctc_th:2067) INFO: input lengths: 41
2018-07-11 13:17:17,067 (e2e_asr_attctc_th:2091) INFO: max output length: 41
2018-07-11 13:17:17,067 (e2e_asr_attctc_th:2092) INFO: min output length: 0
2018-07-11 13:17:18,440 (e2e_asr_attctc_th:2199) INFO: end detected at 16
2018-07-11 13:17:18,440 (e2e_asr_attctc_th:2217) INFO: total log probability: -1.90799078578
2018-07-11 13:17:18,440 (e2e_asr_attctc_th:2218) INFO: normalized log probability: -0.158999232148
2018-07-11 13:17:18,441 (asr_pytorch:468) INFO: groundtruth[1502-2_spk_1502_2_014205-014369]: 佬司件劫三皆亙卉共蚧
2018-07-11 13:17:18,442 (asr_pytorch:469) INFO: prediction [1502-2_spk_1502_2_014205-014369]: 你可以加一百二十八蚊<eos>
2018-07-11 13:17:18,454 (e2e_asr_attctc_th:2977) INFO: BLSTMP input lengths: [173]
2018-07-11 13:17:18,719 (e2e_asr_attctc_th:2067) INFO: input lengths: 44
2018-07-11 13:17:18,720 (e2e_asr_attctc_th:2091) INFO: max output length: 44
2018-07-11 13:17:18,720 (e2e_asr_attctc_th:2092) INFO: min output length: 0
2018-07-11 13:17:20,091 (e2e_asr_attctc_th:2199) INFO: end detected at 18
2018-07-11 13:17:20,091 (e2e_asr_attctc_th:2217) INFO: total log probability: -11.3414889686
2018-07-11 13:17:20,091 (e2e_asr_attctc_th:2218) INFO: normalized log probability: -0.945124080715
2018-07-11 13:17:20,092 (asr_pytorch:468) INFO: groundtruth[1501-1_spk_1501_1_042412-042587]: 嗷啼尻眯俏見啞迫吔井
2018-07-11 13:17:20,092 (asr_pytorch:469) INFO: prediction [1501-1_spk_1501_1_042412-042587]: 嗰啲就真係要問得同啫<eos>
2018-07-11 13:17:20,099 (e2e_asr_attctc_th:2977) INFO: BLSTMP input lengths: [58]
2018-07-11 13:17:20,182 (e2e_asr_attctc_th:2067) INFO: input lengths: 15
2018-07-11 13:17:20,182 (e2e_asr_attctc_th:2091) INFO: max output length: 15
2018-07-11 13:17:20,182 (e2e_asr_attctc_th:2092) INFO: min output length: 0
2018-07-11 13:17:20,515 (e2e_asr_attctc_th:2199) INFO: end detected at 8
2018-07-11 13:17:20,515 (e2e_asr_attctc_th:2217) INFO: total log probability: -0.26121670194
2018-07-11 13:17:20,516 (e2e_asr_attctc_th:2218) INFO: normalized log probability: -0.0870722339799
2018-07-11 13:17:20,516 (asr_pytorch:468) INFO: groundtruth[3_spk_3_012625-012685]: 嗶
2018-07-11 13:17:20,516 (asr_pytorch:469) INFO: prediction [3_spk_3_012625-012685]: 嗯<eos>
2018-07-11 13:17:20,524 (e2e_asr_attctc_th:2977) INFO: BLSTMP input lengths: [110]
2018-07-11 13:17:20,668 (e2e_asr_attctc_th:2067) INFO: input lengths: 28
2018-07-11 13:17:20,669 (e2e_asr_attctc_th:2091) INFO: max output length: 28
2018-07-11 13:17:20,669 (e2e_asr_attctc_th:2092) INFO: min output length: 0
2018-07-11 13:17:21,243 (e2e_asr_attctc_th:2199) INFO: end detected at 9
2018-07-11 13:17:21,243 (e2e_asr_attctc_th:2217) INFO: total log probability: -0.461166111752
2018-07-11 13:17:21,243 (e2e_asr_attctc_th:2218) INFO: normalized log probability: -0.0922332223505
2018-07-11 13:17:21,244 (asr_pytorch:468) INFO: groundtruth[1505-1_spk_1505_1_099916-100028]: 俏冏鍋
2018-07-11 13:17:21,245 (asr_pytorch:469) INFO: prediction [1505-1_spk_1505_1_099916-100028]: 係冇錯<eos>
2018-07-11 13:17:21,257 (e2e_asr_attctc_th:2977) INFO: BLSTMP input lengths: [68]
2018-07-11 13:17:21,357 (e2e_asr_attctc_th:2067) INFO: input lengths: 17
2018-07-11 13:17:21,358 (e2e_asr_attctc_th:2091) INFO: max output length: 17
2018-07-11 13:17:21,358 (e2e_asr_attctc_th:2092) INFO: min output length: 0
2018-07-11 13:17:22,035 (e2e_asr_attctc_th:2199) INFO: end detected at 12
2018-07-11 13:17:22,035 (e2e_asr_attctc_th:2217) INFO: total log probability: -3.8118211031
2018-07-11 13:17:22,035 (e2e_asr_attctc_th:2218) INFO: normalized log probability: -0.635303517183
2018-07-11 13:17:22,036 (asr_pytorch:468) INFO: groundtruth[9_spk_9_033365-033435]: 哭
2018-07-11 13:17:22,036 (asr_pytorch:469) INFO: prediction [9_spk_9_033365-033435]: 可能幫我<eos>
2018-07-11 13:17:22,043 (e2e_asr_attctc_th:2977) INFO: BLSTMP input lengths: [172]
2018-07-11 13:17:22,286 (e2e_asr_attctc_th:2067) INFO: input lengths: 43
2018-07-11 13:17:22,287 (e2e_asr_attctc_th:2091) INFO: max output length: 43
2018-07-11 13:17:22,287 (e2e_asr_attctc_th:2092) INFO: min output length: 0
2018-07-11 13:17:23,069 (e2e_asr_attctc_th:2206) INFO: no hypothesis. Finish decoding.
2018-07-11 13:17:23,070 (e2e_asr_attctc_th:2217) INFO: total log probability: -7.57468804717
2018-07-11 13:17:23,070 (e2e_asr_attctc_th:2218) INFO: normalized log probability: -0.757468804717
2018-07-11 13:17:23,070 (asr_pytorch:468) INFO: groundtruth[1501-1_spk_1501_1_027404-027577]: 逆彈WMQ危毯杖尖姚
2018-07-11 13:17:23,071 (asr_pytorch:469) INFO: prediction [1501-1_spk_1501_1_027404-027577]: 送張先卡俾你小姐<eos>
2018-07-11 13:17:23,078 (e2e_asr_attctc_th:2977) INFO: BLSTMP input lengths: [291]
2018-07-11 13:17:23,465 (e2e_asr_attctc_th:2067) INFO: input lengths: 73
2018-07-11 13:17:23,465 (e2e_asr_attctc_th:2091) INFO: max output length: 73
2018-07-11 13:17:23,465 (e2e_asr_attctc_th:2092) INFO: min output length: 0
2018-07-11 13:17:25,515 (e2e_asr_attctc_th:2199) INFO: end detected at 22
2018-07-11 13:17:25,515 (e2e_asr_attctc_th:2217) INFO: total log probability: -21.0361461639
2018-07-11 13:17:25,515 (e2e_asr_attctc_th:2218) INFO: normalized log probability: -1.40240974426
2018-07-11 13:17:25,517 (asr_pytorch:468) INFO: groundtruth[8_spk_8_020542-020835]: 咋呯戛唪矮俏咱佬員故艾道宣咯啯
2018-07-11 13:17:25,517 (asr_pytorch:469) INFO: prediction [8_spk_8_020542-020835]: 早姐之前咪你哋個十歲嘅乜嘢<eos>
2018-07-11 13:17:25,529 (e2e_asr_attctc_th:2977) INFO: BLSTMP input lengths: [322]
2018-07-11 13:17:26,136 (e2e_asr_attctc_th:2067) INFO: input lengths: 81
2018-07-11 13:17:26,136 (e2e_asr_attctc_th:2091) INFO: max output length: 81
2018-07-11 13:17:26,137 (e2e_asr_attctc_th:2092) INFO: min output length: 0
2018-07-11 13:17:27,883 (e2e_asr_attctc_th:2206) INFO: no hypothesis. Finish decoding.
2018-07-11 13:17:27,883 (e2e_asr_attctc_th:2217) INFO: total log probability: -11.002833005
2018-07-11 13:17:27,883 (e2e_asr_attctc_th:2218) INFO: normalized log probability: -0.846371769619
2018-07-11 13:17:27,884 (asr_pytorch:468) INFO: groundtruth[1504-2_spk_1504_2_041306-041630]: 轟考叄佬址B斌磋速旨
2018-07-11 13:17:27,884 (asr_pytorch:469) INFO: prediction [1504-2_spk_1504_2_041306-041630]: 遠翻去你記得誒做乜工嘅<eos>
2018-07-11 13:17:27,895 (e2e_asr_attctc_th:2977) INFO: BLSTMP input lengths: [648]
2018-07-11 13:17:28,708 (e2e_asr_attctc_th:2067) INFO: input lengths: 162
2018-07-11 13:17:28,709 (e2e_asr_attctc_th:2091) INFO: max output length: 162
2018-07-11 13:17:28,709 (e2e_asr_attctc_th:2092) INFO: min output length: 0
2018-07-11 13:17:35,751 (e2e_asr_attctc_th:2199) INFO: end detected at 49
2018-07-11 13:17:35,751 (e2e_asr_attctc_th:2217) INFO: total log probability: -37.4062241917
2018-07-11 13:17:35,751 (e2e_asr_attctc_th:2218) INFO: normalized log probability: -0.890624385516
2018-07-11 13:17:35,752 (asr_pytorch:468) INFO: groundtruth[9_spk_9_041985-042635]: 嘍三啼啞顔呯尓<unk>司脇佰唪服臺勞幹佬揉刺咋樺嘍誅呯唪緘見戛哲邕睛畸司唪司件幹刺佬兒稜筐三筐
2018-07-11 13:17:35,752 (asr_pytorch:469) INFO: prediction [9_spk_9_041985-042635]: 唔記得居問題咩我要可能佢唔會同關你揀到咁樣嘅話你唔聽唔知佢睇波今日當到你先走得問<eos>
2018-07-11 13:17:35,760 (e2e_asr_attctc_th:2977) INFO: BLSTMP input lengths: [311]
2018-07-11 13:17:36,150 (e2e_asr_attctc_th:2067) INFO: input lengths: 78
2018-07-11 13:17:36,150 (e2e_asr_attctc_th:2091) INFO: max output length: 78
2018-07-11 13:17:36,150 (e2e_asr_attctc_th:2092) INFO: min output length: 0
2018-07-11 13:17:38,151 (e2e_asr_attctc_th:2199) INFO: end detected at 23
2018-07-11 13:17:38,151 (e2e_asr_attctc_th:2217) INFO: total log probability: -11.8740996015
2018-07-11 13:17:38,151 (e2e_asr_attctc_th:2218) INFO: normalized log probability: -0.698476447149
2018-07-11 13:17:38,152 (asr_pytorch:468) INFO: groundtruth[3_spk_3_003697-004010]: 耗<unk>戛耗<unk>享緘妊位279呈俏咱呈
2018-07-11 13:17:38,152 (asr_pytorch:469) INFO: prediction [3_spk_3_003697-004010]: 係啊我依傢加架就好似五七九噶嘛<eos>
2018-07-11 13:17:38,160 (e2e_asr_attctc_th:2977) INFO: BLSTMP input lengths: [520]
2018-07-11 13:17:38,805 (e2e_asr_attctc_th:2067) INFO: input lengths: 130
2018-07-11 13:17:38,806 (e2e_asr_attctc_th:2091) INFO: max output length: 130
2018-07-11 13:17:38,806 (e2e_asr_attctc_th:2092) INFO: min output length: 0
2018-07-11 13:17:42,611 (e2e_asr_attctc_th:2199) INFO: end detected at 33
2018-07-11 13:17:42,611 (e2e_asr_attctc_th:2217) INFO: total log probability: -12.4701616028
2018-07-11 13:17:42,611 (e2e_asr_attctc_th:2218) INFO: normalized log probability: -0.445362914387
2018-07-11 13:17:42,612 (asr_pytorch:468) INFO: groundtruth[1503-1_spk_1503_1_090748-091270]: 哭戛昕啯俏咱三啼俏唪俏咋忽旨且綺TPER嗷啼然院且綺嗷啼啖
2018-07-11 13:17:42,612 (asr_pytorch:469) INFO: prediction [1503-1_spk_1503_1_090748-091270]: 哦我明啦係咪一啲嘢唔係咁快嘅上路聽嗰啲無限上講嗰啲啊<eos>
2018-07-11 13:17:42,619 (e2e_asr_attctc_th:2977) INFO: BLSTMP input lengths: [49]
2018-07-11 13:17:42,700 (e2e_asr_attctc_th:2067) INFO: input lengths: 13
2018-07-11 13:17:42,701 (e2e_asr_attctc_th:2091) INFO: max output length: 13
2018-07-11 13:17:42,701 (e2e_asr_attctc_th:2092) INFO: min output length: 0
2018-07-11 13:17:42,841 (e2e_asr_attctc_th:2206) INFO: no hypothesis. Finish decoding.
2018-07-11 13:17:42,841 (e2e_asr_attctc_th:2217) INFO: total log probability: -1.32879895717
2018-07-11 13:17:42,841 (e2e_asr_attctc_th:2218) INFO: normalized log probability: -0.332199739292
2018-07-11 13:17:42,841 (asr_pytorch:468) INFO: groundtruth[1505-1_spk_1505_1_061016-061067]: 然院
2018-07-11 13:17:42,842 (asr_pytorch:469) INFO: prediction [1505-1_spk_1505_1_061016-061067]: 冇限<eos>
2018-07-11 13:17:42,848 (e2e_asr_attctc_th:2977) INFO: BLSTMP input lengths: [88]
2018-07-11 13:17:42,975 (e2e_asr_attctc_th:2067) INFO: input lengths: 22
2018-07-11 13:17:42,975 (e2e_asr_attctc_th:2091) INFO: max output length: 22
2018-07-11 13:17:42,975 (e2e_asr_attctc_th:2092) INFO: min output length: 0
2018-07-11 13:17:43,683 (e2e_asr_attctc_th:2199) INFO: end detected at 13
2018-07-11 13:17:43,683 (e2e_asr_attctc_th:2217) INFO: total log probability: -6.73328285664
2018-07-11 13:17:43,684 (e2e_asr_attctc_th:2218) INFO: normalized log probability: -0.748142539627
2018-07-11 13:17:43,684 (asr_pytorch:468) INFO: groundtruth[1502-2_spk_1502_2_088024-088114]: 哭下朔SO嘍
2018-07-11 13:17:43,684 (asr_pytorch:469) INFO: prediction [1502-2_spk_1502_2_088024-088114]: 哦真係越屋企噶<eos>
2018-07-11 13:17:43,693 (e2e_asr_attctc_th:2977) INFO: BLSTMP input lengths: [218]
2018-07-11 13:17:43,964 (e2e_asr_attctc_th:2067) INFO: input lengths: 55
2018-07-11 13:17:43,964 (e2e_asr_attctc_th:2091) INFO: max output length: 55
2018-07-11 13:17:43,964 (e2e_asr_attctc_th:2092) INFO: min output length: 0
2018-07-11 13:17:45,034 (e2e_asr_attctc_th:2199) INFO: end detected at 15
2018-07-11 13:17:45,034 (e2e_asr_attctc_th:2217) INFO: total log probability: -5.86106222821
2018-07-11 13:17:45,034 (e2e_asr_attctc_th:2218) INFO: normalized log probability: -0.532823838929
2018-07-11 13:17:45,034 (asr_pytorch:468) INFO: groundtruth[8_spk_8_024125-024345]: 逸<unk>鄔<unk>唪刺倔_LEXWETT
2018-07-11 13:17:45,035 (asr_pytorch:469) INFO: prediction [8_spk_8_024125-024345]: 而不執執唔識食三隻<eos>
2018-07-11 13:17:45,041 (e2e_asr_attctc_th:2977) INFO: BLSTMP input lengths: [93]
2018-07-11 13:17:45,159 (e2e_asr_attctc_th:2067) INFO: input lengths: 24
2018-07-11 13:17:45,159 (e2e_asr_attctc_th:2091) INFO: max output length: 24
2018-07-11 13:17:45,159 (e2e_asr_attctc_th:2092) INFO: min output length: 0
2018-07-11 13:17:45,774 (e2e_asr_attctc_th:2199) INFO: end detected at 12
2018-07-11 13:17:45,774 (e2e_asr_attctc_th:2217) INFO: total log probability: -10.5125180483
2018-07-11 13:17:45,774 (e2e_asr_attctc_th:2218) INFO: normalized log probability: -1.75208634138
2018-07-11 13:17:45,774 (asr_pytorch:468) INFO: groundtruth[9_spk_9_038607-038702]: 煉得
2018-07-11 13:17:45,775 (asr_pytorch:469) INFO: prediction [9_spk_9_038607-038702]: 其實我十<eos>
2018-07-11 13:17:45,782 (e2e_asr_attctc_th:2977) INFO: BLSTMP input lengths: [111]
2018-07-11 13:17:45,919 (e2e_asr_attctc_th:2067) INFO: input lengths: 28
2018-07-11 13:17:45,919 (e2e_asr_attctc_th:2091) INFO: max output length: 28
2018-07-11 13:17:45,919 (e2e_asr_attctc_th:2092) INFO: min output length: 0
2018-07-11 13:17:46,610 (e2e_asr_attctc_th:2199) INFO: end detected at 13
2018-07-11 13:17:46,610 (e2e_asr_attctc_th:2217) INFO: total log probability: -2.37606424838
2018-07-11 13:17:46,610 (e2e_asr_attctc_th:2218) INFO: normalized log probability: -0.297008031048
2018-07-11 13:17:46,611 (asr_pytorch:468) INFO: groundtruth[9_spk_9_019397-019510]: 住眯俏妊廳喔
2018-07-11 13:17:46,611 (asr_pytorch:469) INFO: prediction [9_spk_9_019397-019510]: 但係真係好廢<eos>
# Accounting: time=274 threads=1
# Ended (code 0) at Wed Jul 11 13:17:46 HKT 2018, elapsed time 274 seconds
# Accounting: time=536 threads=1
# Ended (code 0) at Wed Jul 11 13:20:45 HKT 2018, elapsed time 536 seconds
