# asr_recog.py --ngpu 0 --backend pytorch --recog-json smartone_data/smartone_kaldi/split32utt/data.15.json --result-label smartone_data/baseline/decode/data.15.json --model smartone_data/baseline/model.acc.best --model-conf smartone_data/baseline/model.conf --beam-size 20 --penalty 0.0 --maxlenratio 0.0 --minlenratio 0.0 --ctc-weight 0.3 
# Started at Wed Jul 11 13:13:12 HKT 2018
#
2018-07-11 13:13:13,054 (asr_recog:110) INFO: python path = /home/lahiru/Devinstalls/espnet_new/espnet/egs/domain_adaptation_cantonese/asr5/../../../src/lm/:/home/lahiru/Devinstalls/espnet_new/espnet/egs/domain_adaptation_cantonese/asr5/../../../src/asr/:/home/lahiru/Devinstalls/espnet_new/espnet/egs/domain_adaptation_cantonese/asr5/../../../src/nets/:/home/lahiru/Devinstalls/espnet_new/espnet/egs/domain_adaptation_cantonese/asr5/../../../src/utils/:/home/lahiru/Devinstalls/espnet_new/espnet/egs/domain_adaptation_cantonese/asr5/../../../src/bin/:/home/lahiru/Devinstalls/espnet_new/espnet/egs/domain_adaptation_cantonese/asr5/../../../src/lm/:/home/lahiru/Devinstalls/espnet_new/espnet/egs/domain_adaptation_cantonese/asr5/../../../src/asr/:/home/lahiru/Devinstalls/espnet_new/espnet/egs/domain_adaptation_cantonese/asr5/../../../src/nets/:/home/lahiru/Devinstalls/espnet_new/espnet/egs/domain_adaptation_cantonese/asr5/../../../src/utils/:/home/lahiru/Devinstalls/espnet_new/espnet/egs/domain_adaptation_cantonese/asr5/../../../src/bin/:
2018-07-11 13:13:13,055 (asr_recog:115) INFO: set random seed = 1
2018-07-11 13:13:13,055 (asr_recog:118) INFO: backend = pytorch
2018-07-11 13:13:13,796 (asr_pytorch:393) INFO: reading a model config file fromsmartone_data/baseline/model.conf
2018-07-11 13:13:13,814 (asr_pytorch:397) INFO: ARGS: backend: pytorch
2018-07-11 13:13:13,814 (asr_pytorch:397) INFO: ARGS: beam_size: 20
2018-07-11 13:13:13,814 (asr_pytorch:397) INFO: ARGS: ctc_weight: 0.3
2018-07-11 13:13:13,814 (asr_pytorch:397) INFO: ARGS: da: 0
2018-07-11 13:13:13,814 (asr_pytorch:397) INFO: ARGS: daconfig: 3
2018-07-11 13:13:13,814 (asr_pytorch:397) INFO: ARGS: datype: bias
2018-07-11 13:13:13,814 (asr_pytorch:397) INFO: ARGS: debugmode: 1
2018-07-11 13:13:13,814 (asr_pytorch:397) INFO: ARGS: gpu: None
2018-07-11 13:13:13,814 (asr_pytorch:397) INFO: ARGS: lm_weight: 0.1
2018-07-11 13:13:13,814 (asr_pytorch:397) INFO: ARGS: maxlenratio: 0.0
2018-07-11 13:13:13,814 (asr_pytorch:397) INFO: ARGS: minlenratio: 0.0
2018-07-11 13:13:13,814 (asr_pytorch:397) INFO: ARGS: model: smartone_data/baseline/model.acc.best
2018-07-11 13:13:13,814 (asr_pytorch:397) INFO: ARGS: model_conf: smartone_data/baseline/model.conf
2018-07-11 13:13:13,814 (asr_pytorch:397) INFO: ARGS: nbest: 1
2018-07-11 13:13:13,814 (asr_pytorch:397) INFO: ARGS: ngpu: 0
2018-07-11 13:13:13,814 (asr_pytorch:397) INFO: ARGS: penalty: 0.0
2018-07-11 13:13:13,814 (asr_pytorch:397) INFO: ARGS: recog_feat: None
2018-07-11 13:13:13,815 (asr_pytorch:397) INFO: ARGS: recog_json: smartone_data/smartone_kaldi/split32utt/data.15.json
2018-07-11 13:13:13,815 (asr_pytorch:397) INFO: ARGS: recog_label: None
2018-07-11 13:13:13,815 (asr_pytorch:397) INFO: ARGS: result_label: smartone_data/baseline/decode/data.15.json
2018-07-11 13:13:13,815 (asr_pytorch:397) INFO: ARGS: rnnlm: None
2018-07-11 13:13:13,815 (asr_pytorch:397) INFO: ARGS: seed: 1
2018-07-11 13:13:13,815 (asr_pytorch:397) INFO: ARGS: verbose: 1
2018-07-11 13:13:13,815 (asr_pytorch:397) INFO: ARGS: word_dict: None
2018-07-11 13:13:13,815 (asr_pytorch:397) INFO: ARGS: word_rnnlm: None
2018-07-11 13:13:13,815 (asr_pytorch:400) INFO: reading model parameters fromsmartone_data/baseline/model.acc.best
2018-07-11 13:13:13,815 (e2e_asr_attctc_th:184) INFO: subsample: 1 2 2 1 1
2018-07-11 13:13:13,933 (e2e_asr_attctc_th:2317) INFO: BLSTM with every-layer projection for encoder
2018-07-11 13:13:16,048 (e2e_asr_attctc_th:2977) INFO: BLSTMP input lengths: [420]
2018-07-11 13:13:16,625 (e2e_asr_attctc_th:2067) INFO: input lengths: 105
2018-07-11 13:13:16,625 (e2e_asr_attctc_th:2091) INFO: max output length: 105
2018-07-11 13:13:16,625 (e2e_asr_attctc_th:2092) INFO: min output length: 0
2018-07-11 13:13:20,452 (e2e_asr_attctc_th:2206) INFO: no hypothesis. Finish decoding.
2018-07-11 13:13:20,452 (e2e_asr_attctc_th:2217) INFO: total log probability: -18.3500292832
2018-07-11 13:13:20,452 (e2e_asr_attctc_th:2218) INFO: normalized log probability: -0.734001171328
2018-07-11 13:13:20,453 (asr_pytorch:468) INFO: groundtruth[3_spk_3_046290-046712]: 咋尻B化咩朕囤KF嘍HEXE囹烕杉軀度TPER呯尻亙黴亞嘍
2018-07-11 13:13:20,453 (asr_pytorch:469) INFO: prediction [3_spk_3_046290-046712]: 咁就誒包咗啊四機嘅地牌因為本身底廳啦十二點五嘅<eos>
2018-07-11 13:13:20,462 (e2e_asr_attctc_th:2977) INFO: BLSTMP input lengths: [370]
2018-07-11 13:13:20,954 (e2e_asr_attctc_th:2067) INFO: input lengths: 93
2018-07-11 13:13:20,955 (e2e_asr_attctc_th:2091) INFO: max output length: 93
2018-07-11 13:13:20,955 (e2e_asr_attctc_th:2092) INFO: min output length: 0
2018-07-11 13:13:23,607 (e2e_asr_attctc_th:2206) INFO: no hypothesis. Finish decoding.
2018-07-11 13:13:23,607 (e2e_asr_attctc_th:2217) INFO: total log probability: -17.4182358081
2018-07-11 13:13:23,607 (e2e_asr_attctc_th:2218) INFO: normalized log probability: -0.696729432326
2018-07-11 13:13:23,607 (asr_pytorch:468) INFO: groundtruth[1504-1_spk_1504_1_033460-033832]: 俏啖司件轟迫兀偌危柎<unk>紋宙差兒尻司件轟迫兀偌危柎啯
2018-07-11 13:13:23,608 (asr_pytorch:469) INFO: prediction [1504-1_spk_1504_1_033460-033832]: 係啊可以轉翻住嚟卡就要原咗時走我轉翻轉就拍噶啦<eos>
2018-07-11 13:13:23,615 (e2e_asr_attctc_th:2977) INFO: BLSTMP input lengths: [152]
2018-07-11 13:13:23,812 (e2e_asr_attctc_th:2067) INFO: input lengths: 38
2018-07-11 13:13:23,812 (e2e_asr_attctc_th:2091) INFO: max output length: 38
2018-07-11 13:13:23,812 (e2e_asr_attctc_th:2092) INFO: min output length: 0
2018-07-11 13:13:25,091 (e2e_asr_attctc_th:2199) INFO: end detected at 13
2018-07-11 13:13:25,091 (e2e_asr_attctc_th:2217) INFO: total log probability: -1.05883180024
2018-07-11 13:13:25,092 (e2e_asr_attctc_th:2218) INFO: normalized log probability: -0.117647977805
2018-07-11 13:13:25,093 (asr_pytorch:468) INFO: groundtruth[1502-2_spk_1502_2_088797-088951]: 亞朔啵嚦緘
2018-07-11 13:13:25,093 (asr_pytorch:469) INFO: prediction [1502-2_spk_1502_2_088797-088951]: 五月誒即係嚟緊<eos>
2018-07-11 13:13:25,109 (e2e_asr_attctc_th:2977) INFO: BLSTMP input lengths: [348]
2018-07-11 13:13:25,809 (e2e_asr_attctc_th:2067) INFO: input lengths: 87
2018-07-11 13:13:25,810 (e2e_asr_attctc_th:2091) INFO: max output length: 87
2018-07-11 13:13:25,810 (e2e_asr_attctc_th:2092) INFO: min output length: 0
2018-07-11 13:13:29,495 (e2e_asr_attctc_th:2206) INFO: no hypothesis. Finish decoding.
2018-07-11 13:13:29,495 (e2e_asr_attctc_th:2217) INFO: total log probability: -22.286742283
2018-07-11 13:13:29,495 (e2e_asr_attctc_th:2218) INFO: normalized log probability: -0.825434899372
2018-07-11 13:13:29,496 (asr_pytorch:468) INFO: groundtruth[3_spk_3_028845-029195]: 咋割檀渢兢億呯眯俏見JSV畸佬俏NSMR畸兵KF兒服朕嘍
2018-07-11 13:13:29,496 (asr_pytorch:469) INFO: prediction [3_spk_3_028845-029195]: 咁成經減練教得真係要火翻你係JOID翻目嘅師妹有嘅<eos>
2018-07-11 13:13:29,504 (e2e_asr_attctc_th:2977) INFO: BLSTMP input lengths: [111]
2018-07-11 13:13:29,657 (e2e_asr_attctc_th:2067) INFO: input lengths: 28
2018-07-11 13:13:29,658 (e2e_asr_attctc_th:2091) INFO: max output length: 28
2018-07-11 13:13:29,658 (e2e_asr_attctc_th:2092) INFO: min output length: 0
2018-07-11 13:13:30,159 (e2e_asr_attctc_th:2206) INFO: no hypothesis. Finish decoding.
2018-07-11 13:13:30,159 (e2e_asr_attctc_th:2217) INFO: total log probability: -2.99226125516
2018-07-11 13:13:30,159 (e2e_asr_attctc_th:2218) INFO: normalized log probability: -0.374032656895
2018-07-11 13:13:30,159 (asr_pytorch:468) INFO: groundtruth[1501-1_spk_1501_1_077464-077577]: 戛幹佬QEVO迫佔
2018-07-11 13:13:30,160 (asr_pytorch:469) INFO: prediction [1501-1_spk_1501_1_077464-077577]: 我幫你媽翻對<eos>
2018-07-11 13:13:30,167 (e2e_asr_attctc_th:2977) INFO: BLSTMP input lengths: [134]
2018-07-11 13:13:30,351 (e2e_asr_attctc_th:2067) INFO: input lengths: 34
2018-07-11 13:13:30,351 (e2e_asr_attctc_th:2091) INFO: max output length: 34
2018-07-11 13:13:30,352 (e2e_asr_attctc_th:2092) INFO: min output length: 0
2018-07-11 13:13:31,066 (e2e_asr_attctc_th:2199) INFO: end detected at 12
2018-07-11 13:13:31,066 (e2e_asr_attctc_th:2217) INFO: total log probability: -1.89752163365
2018-07-11 13:13:31,066 (e2e_asr_attctc_th:2218) INFO: normalized log probability: -0.271074519094
2018-07-11 13:13:31,067 (asr_pytorch:468) INFO: groundtruth[1504-1_spk_1504_1_046950-047086]: SO囹烕咋
2018-07-11 13:13:31,067 (asr_pytorch:469) INFO: prediction [1504-1_spk_1504_1_046950-047086]: OK因為咁<eos>
2018-07-11 13:13:31,074 (e2e_asr_attctc_th:2977) INFO: BLSTMP input lengths: [68]
2018-07-11 13:13:31,168 (e2e_asr_attctc_th:2067) INFO: input lengths: 17
2018-07-11 13:13:31,168 (e2e_asr_attctc_th:2091) INFO: max output length: 17
2018-07-11 13:13:31,168 (e2e_asr_attctc_th:2092) INFO: min output length: 0
2018-07-11 13:13:31,712 (e2e_asr_attctc_th:2199) INFO: end detected at 11
2018-07-11 13:13:31,712 (e2e_asr_attctc_th:2217) INFO: total log probability: -2.91278984211
2018-07-11 13:13:31,712 (e2e_asr_attctc_th:2218) INFO: normalized log probability: -0.485464973686
2018-07-11 13:13:31,712 (asr_pytorch:468) INFO: groundtruth[1505-2_spk_1505_2_099040-099110]: 丕佬謬咯誅
2018-07-11 13:13:31,713 (asr_pytorch:469) INFO: prediction [1505-2_spk_1505_2_099040-099110]: 啊你咁諗<eos>
2018-07-11 13:13:31,720 (e2e_asr_attctc_th:2977) INFO: BLSTMP input lengths: [51]
2018-07-11 13:13:31,795 (e2e_asr_attctc_th:2067) INFO: input lengths: 13
2018-07-11 13:13:31,795 (e2e_asr_attctc_th:2091) INFO: max output length: 13
2018-07-11 13:13:31,795 (e2e_asr_attctc_th:2092) INFO: min output length: 0
2018-07-11 13:13:32,164 (e2e_asr_attctc_th:2199) INFO: end detected at 9
2018-07-11 13:13:32,164 (e2e_asr_attctc_th:2217) INFO: total log probability: -0.64110712707
2018-07-11 13:13:32,164 (e2e_asr_attctc_th:2218) INFO: normalized log probability: -0.21370237569
2018-07-11 13:13:32,164 (asr_pytorch:468) INFO: groundtruth[1502-2_spk_1502_2_043895-043948]: B
2018-07-11 13:13:32,165 (asr_pytorch:469) INFO: prediction [1502-2_spk_1502_2_043895-043948]: 哈<eos>
2018-07-11 13:13:32,173 (e2e_asr_attctc_th:2977) INFO: BLSTMP input lengths: [236]
2018-07-11 13:13:32,533 (e2e_asr_attctc_th:2067) INFO: input lengths: 59
2018-07-11 13:13:32,534 (e2e_asr_attctc_th:2091) INFO: max output length: 59
2018-07-11 13:13:32,534 (e2e_asr_attctc_th:2092) INFO: min output length: 0
2018-07-11 13:13:34,292 (e2e_asr_attctc_th:2206) INFO: no hypothesis. Finish decoding.
2018-07-11 13:13:34,293 (e2e_asr_attctc_th:2217) INFO: total log probability: -2.82181338407
2018-07-11 13:13:34,293 (e2e_asr_attctc_th:2218) INFO: normalized log probability: -0.201558098862
2018-07-11 13:13:34,293 (asr_pytorch:468) INFO: groundtruth[1502-2_spk_1502_2_033828-034066]: 朋夭司脇佬俏由刺啼咯釗囖
2018-07-11 13:13:34,294 (asr_pytorch:469) INFO: prediction [1502-2_spk_1502_2_033828-034066]: 最大可能你係用到啲乜嘢咯<eos>
2018-07-11 13:13:34,307 (e2e_asr_attctc_th:2977) INFO: BLSTMP input lengths: [125]
2018-07-11 13:13:34,552 (e2e_asr_attctc_th:2067) INFO: input lengths: 32
2018-07-11 13:13:34,552 (e2e_asr_attctc_th:2091) INFO: max output length: 32
2018-07-11 13:13:34,553 (e2e_asr_attctc_th:2092) INFO: min output length: 0
2018-07-11 13:13:35,446 (e2e_asr_attctc_th:2199) INFO: end detected at 12
2018-07-11 13:13:35,447 (e2e_asr_attctc_th:2217) INFO: total log probability: -5.00102293491
2018-07-11 13:13:35,447 (e2e_asr_attctc_th:2218) INFO: normalized log probability: -1.66700764497
2018-07-11 13:13:35,448 (asr_pytorch:468) INFO: groundtruth[9_spk_9_023305-023432]: 俏
2018-07-11 13:13:35,448 (asr_pytorch:469) INFO: prediction [9_spk_9_023305-023432]: 誒<eos>
2018-07-11 13:13:35,461 (e2e_asr_attctc_th:2977) INFO: BLSTMP input lengths: [73]
2018-07-11 13:13:35,605 (e2e_asr_attctc_th:2067) INFO: input lengths: 19
2018-07-11 13:13:35,606 (e2e_asr_attctc_th:2091) INFO: max output length: 19
2018-07-11 13:13:35,606 (e2e_asr_attctc_th:2092) INFO: min output length: 0
2018-07-11 13:13:36,361 (e2e_asr_attctc_th:2199) INFO: end detected at 11
2018-07-11 13:13:36,362 (e2e_asr_attctc_th:2217) INFO: total log probability: -0.539545272011
2018-07-11 13:13:36,362 (e2e_asr_attctc_th:2218) INFO: normalized log probability: -0.0899242120019
2018-07-11 13:13:36,363 (asr_pytorch:468) INFO: groundtruth[1501-1_spk_1501_1_028689-028764]: 俏呈俏呈
2018-07-11 13:13:36,363 (asr_pytorch:469) INFO: prediction [1501-1_spk_1501_1_028689-028764]: 係啊係啊<eos>
2018-07-11 13:13:36,376 (e2e_asr_attctc_th:2977) INFO: BLSTMP input lengths: [210]
2018-07-11 13:13:36,785 (e2e_asr_attctc_th:2067) INFO: input lengths: 53
2018-07-11 13:13:36,786 (e2e_asr_attctc_th:2091) INFO: max output length: 53
2018-07-11 13:13:36,786 (e2e_asr_attctc_th:2092) INFO: min output length: 0
2018-07-11 13:13:39,050 (e2e_asr_attctc_th:2199) INFO: end detected at 20
2018-07-11 13:13:39,051 (e2e_asr_attctc_th:2217) INFO: total log probability: -13.0404645354
2018-07-11 13:13:39,051 (e2e_asr_attctc_th:2218) INFO: normalized log probability: -0.931461752525
2018-07-11 13:13:39,053 (asr_pytorch:468) INFO: groundtruth[1503-2_spk_1503_2_065100-065312]: 唪俏6朔2蚊間姓討筋三旬旨
2018-07-11 13:13:39,053 (asr_pytorch:469) INFO: prediction [1503-2_spk_1503_2_065100-065312]: 唔係六二號下次定第一樣嘢<eos>
2018-07-11 13:13:39,067 (e2e_asr_attctc_th:2977) INFO: BLSTMP input lengths: [288]
2018-07-11 13:13:39,685 (e2e_asr_attctc_th:2067) INFO: input lengths: 72
2018-07-11 13:13:39,686 (e2e_asr_attctc_th:2091) INFO: max output length: 72
2018-07-11 13:13:39,686 (e2e_asr_attctc_th:2092) INFO: min output length: 0
2018-07-11 13:13:43,899 (e2e_asr_attctc_th:2199) INFO: end detected at 29
2018-07-11 13:13:43,899 (e2e_asr_attctc_th:2217) INFO: total log probability: -12.3512218622
2018-07-11 13:13:43,899 (e2e_asr_attctc_th:2218) INFO: normalized log probability: -0.588153422012
2018-07-11 13:13:43,900 (asr_pytorch:468) INFO: groundtruth[9_spk_9_027342-027632]: 茄斑SO咋司件叄畸扔檀WIXXMRK八俊睛三睛兒
2018-07-11 13:13:43,900 (asr_pytorch:469) INFO: prediction [9_spk_9_027342-027632]: 會問我嘅咁可以去翻手機SETP一定點睇<eos>
2018-07-11 13:13:43,914 (e2e_asr_attctc_th:2977) INFO: BLSTMP input lengths: [108]
2018-07-11 13:13:44,132 (e2e_asr_attctc_th:2067) INFO: input lengths: 27
2018-07-11 13:13:44,132 (e2e_asr_attctc_th:2091) INFO: max output length: 27
2018-07-11 13:13:44,133 (e2e_asr_attctc_th:2092) INFO: min output length: 0
2018-07-11 13:13:44,971 (e2e_asr_attctc_th:2206) INFO: no hypothesis. Finish decoding.
2018-07-11 13:13:44,971 (e2e_asr_attctc_th:2217) INFO: total log probability: -1.60470228037
2018-07-11 13:13:44,971 (e2e_asr_attctc_th:2218) INFO: normalized log probability: -0.178300253374
2018-07-11 13:13:44,972 (asr_pytorch:468) INFO: groundtruth[1501-1_spk_1501_1_084867-084977]: 兮倔仇尻埗三齡
2018-07-11 13:13:44,972 (asr_pytorch:469) INFO: prediction [1501-1_spk_1501_1_084867-084977]: 兩個人就買一齊<eos>
2018-07-11 13:13:44,980 (e2e_asr_attctc_th:2977) INFO: BLSTMP input lengths: [141]
2018-07-11 13:13:45,193 (e2e_asr_attctc_th:2067) INFO: input lengths: 36
2018-07-11 13:13:45,193 (e2e_asr_attctc_th:2091) INFO: max output length: 36
2018-07-11 13:13:45,193 (e2e_asr_attctc_th:2092) INFO: min output length: 0
2018-07-11 13:13:46,171 (e2e_asr_attctc_th:2199) INFO: end detected at 15
2018-07-11 13:13:46,172 (e2e_asr_attctc_th:2217) INFO: total log probability: -7.93644474819
2018-07-11 13:13:46,172 (e2e_asr_attctc_th:2218) INFO: normalized log probability: -0.793644474819
2018-07-11 13:13:46,172 (asr_pytorch:468) INFO: groundtruth[1504-1_spk_1504_1_022830-022973]: 嗶馭渺寵額俏俏
2018-07-11 13:13:46,173 (asr_pytorch:469) INFO: prediction [1504-1_spk_1504_1_022830-022973]: 嗯聽人個門頭係係<eos>
2018-07-11 13:13:46,180 (e2e_asr_attctc_th:2977) INFO: BLSTMP input lengths: [198]
2018-07-11 13:13:46,431 (e2e_asr_attctc_th:2067) INFO: input lengths: 50
2018-07-11 13:13:46,431 (e2e_asr_attctc_th:2091) INFO: max output length: 50
2018-07-11 13:13:46,431 (e2e_asr_attctc_th:2092) INFO: min output length: 0
2018-07-11 13:13:47,006 (e2e_asr_attctc_th:2206) INFO: no hypothesis. Finish decoding.
2018-07-11 13:13:47,006 (e2e_asr_attctc_th:2217) INFO: total log probability: -7.25278149359
2018-07-11 13:13:47,006 (e2e_asr_attctc_th:2218) INFO: normalized log probability: -0.906597686699
2018-07-11 13:13:47,006 (asr_pytorch:468) INFO: groundtruth[1503-2_spk_1503_2_051000-051200]: 夭域昔遐丹忐
2018-07-11 13:13:47,007 (asr_pytorch:469) INFO: prediction [1503-2_spk_1503_2_051000-051200]: 大部槍運狀心<eos>
2018-07-11 13:13:47,015 (e2e_asr_attctc_th:2977) INFO: BLSTMP input lengths: [506]
2018-07-11 13:13:48,034 (e2e_asr_attctc_th:2067) INFO: input lengths: 127
2018-07-11 13:13:48,034 (e2e_asr_attctc_th:2091) INFO: max output length: 127
2018-07-11 13:13:48,035 (e2e_asr_attctc_th:2092) INFO: min output length: 0
2018-07-11 13:13:52,877 (e2e_asr_attctc_th:2199) INFO: end detected at 26
2018-07-11 13:13:52,878 (e2e_asr_attctc_th:2217) INFO: total log probability: -11.7296009017
2018-07-11 13:13:52,878 (e2e_asr_attctc_th:2218) INFO: normalized log probability: -0.586480045086
2018-07-11 13:13:52,879 (asr_pytorch:468) INFO: groundtruth[1504-2_spk_1504_2_050558-051066]: <unk>夥咩三倔霆誅黒B裳_MJM啖
2018-07-11 13:13:52,879 (asr_pytorch:469) INFO: prediction [1504-2_spk_1504_2_050558-051066]: 黑多咗一個電話嚟誒誒JOYLIFI啊<eos>
2018-07-11 13:13:52,894 (e2e_asr_attctc_th:2977) INFO: BLSTMP input lengths: [275]
2018-07-11 13:13:53,434 (e2e_asr_attctc_th:2067) INFO: input lengths: 69
2018-07-11 13:13:53,434 (e2e_asr_attctc_th:2091) INFO: max output length: 69
2018-07-11 13:13:53,435 (e2e_asr_attctc_th:2092) INFO: min output length: 0
2018-07-11 13:13:55,587 (e2e_asr_attctc_th:2199) INFO: end detected at 22
2018-07-11 13:13:55,587 (e2e_asr_attctc_th:2217) INFO: total log probability: -19.6212726552
2018-07-11 13:13:55,587 (e2e_asr_attctc_th:2218) INFO: normalized log probability: -1.15419250913
2018-07-11 13:13:55,588 (asr_pytorch:468) INFO: groundtruth[8_spk_8_023645-023922]: 戛俏訛解嘍晏倣呯戛俏玷霆誅呯
2018-07-11 13:13:55,588 (asr_pytorch:469) INFO: prediction [8_spk_8_023645-023922]: 我識整手你仲有十七神生麵SET<eos>
2018-07-11 13:13:55,596 (e2e_asr_attctc_th:2977) INFO: BLSTMP input lengths: [400]
2018-07-11 13:13:56,163 (e2e_asr_attctc_th:2067) INFO: input lengths: 100
2018-07-11 13:13:56,163 (e2e_asr_attctc_th:2091) INFO: max output length: 100
2018-07-11 13:13:56,163 (e2e_asr_attctc_th:2092) INFO: min output length: 0
2018-07-11 13:13:59,013 (e2e_asr_attctc_th:2206) INFO: no hypothesis. Finish decoding.
2018-07-11 13:13:59,014 (e2e_asr_attctc_th:2217) INFO: total log probability: -24.541473655
2018-07-11 13:13:59,014 (e2e_asr_attctc_th:2218) INFO: normalized log probability: -1.02256140229
2018-07-11 13:13:59,014 (asr_pytorch:468) INFO: groundtruth[8_spk_8_071760-072162]: 然<unk>頻謬謬丕霆誅尻吔戛朗受然啯啯旁咩緣咋樺呈
2018-07-11 13:13:59,014 (asr_pytorch:469) INFO: prediction [8_spk_8_071760-072162]: 無理直接室十年識就無常有冇呃室遠過得掂咁樣啦<eos>
2018-07-11 13:13:59,022 (e2e_asr_attctc_th:2977) INFO: BLSTMP input lengths: [20]
2018-07-11 13:13:59,062 (e2e_asr_attctc_th:2067) INFO: input lengths: 5
2018-07-11 13:13:59,062 (e2e_asr_attctc_th:2091) INFO: max output length: 5
2018-07-11 13:13:59,063 (e2e_asr_attctc_th:2092) INFO: min output length: 0
2018-07-11 13:13:59,218 (e2e_asr_attctc_th:2180) INFO: adding <eos> in the last postion in the loop
2018-07-11 13:13:59,218 (e2e_asr_attctc_th:2206) INFO: no hypothesis. Finish decoding.
2018-07-11 13:13:59,218 (e2e_asr_attctc_th:2217) INFO: total log probability: -0.22230912745
2018-07-11 13:13:59,218 (e2e_asr_attctc_th:2218) INFO: normalized log probability: -0.0741030424833
2018-07-11 13:13:59,219 (asr_pytorch:468) INFO: groundtruth[1501-1_spk_1501_1_010815-010837]: 俏
2018-07-11 13:13:59,219 (asr_pytorch:469) INFO: prediction [1501-1_spk_1501_1_010815-010837]: 係<eos>
2018-07-11 13:13:59,227 (e2e_asr_attctc_th:2977) INFO: BLSTMP input lengths: [278]
2018-07-11 13:13:59,577 (e2e_asr_attctc_th:2067) INFO: input lengths: 70
2018-07-11 13:13:59,577 (e2e_asr_attctc_th:2091) INFO: max output length: 70
2018-07-11 13:13:59,577 (e2e_asr_attctc_th:2092) INFO: min output length: 0
2018-07-11 13:14:01,867 (e2e_asr_attctc_th:2199) INFO: end detected at 26
2018-07-11 13:14:01,867 (e2e_asr_attctc_th:2217) INFO: total log probability: -18.0196372494
2018-07-11 13:14:01,867 (e2e_asr_attctc_th:2218) INFO: normalized log probability: -0.900981862471
2018-07-11 13:14:01,869 (asr_pytorch:468) INFO: groundtruth[1502-1_spk_1502_1_024862-025142]: 咋啞顔俏嗷三倔朔戛尻見毯戚丐皆序蚧朔賀
2018-07-11 13:14:01,869 (asr_pytorch:469) INFO: prediction [1502-1_spk_1502_1_024862-025142]: 咁問題係覺得個月我就係錶情單大嘅話題<eos>
2018-07-11 13:14:01,881 (e2e_asr_attctc_th:2977) INFO: BLSTMP input lengths: [45]
2018-07-11 13:14:01,973 (e2e_asr_attctc_th:2067) INFO: input lengths: 12
2018-07-11 13:14:01,973 (e2e_asr_attctc_th:2091) INFO: max output length: 12
2018-07-11 13:14:01,973 (e2e_asr_attctc_th:2092) INFO: min output length: 0
2018-07-11 13:14:02,350 (e2e_asr_attctc_th:2199) INFO: end detected at 9
2018-07-11 13:14:02,351 (e2e_asr_attctc_th:2217) INFO: total log probability: -0.894390353933
2018-07-11 13:14:02,351 (e2e_asr_attctc_th:2218) INFO: normalized log probability: -0.223597588483
2018-07-11 13:14:02,351 (asr_pytorch:468) INFO: groundtruth[9_spk_9_002640-002687]: 俏
2018-07-11 13:14:02,351 (asr_pytorch:469) INFO: prediction [9_spk_9_002640-002687]: 唔係<eos>
2018-07-11 13:14:02,361 (e2e_asr_attctc_th:2977) INFO: BLSTMP input lengths: [875]
2018-07-11 13:14:03,536 (e2e_asr_attctc_th:2067) INFO: input lengths: 219
2018-07-11 13:14:03,536 (e2e_asr_attctc_th:2091) INFO: max output length: 219
2018-07-11 13:14:03,536 (e2e_asr_attctc_th:2092) INFO: min output length: 0
2018-07-11 13:14:11,988 (e2e_asr_attctc_th:2206) INFO: no hypothesis. Finish decoding.
2018-07-11 13:14:11,989 (e2e_asr_attctc_th:2217) INFO: total log probability: -32.4441154348
2018-07-11 13:14:11,989 (e2e_asr_attctc_th:2218) INFO: normalized log probability: -0.662124804791
2018-07-11 13:14:11,989 (asr_pytorch:468) INFO: groundtruth[4_spk_4_076790-077667]: 俏B佬浦勞斌擢鄔見扚間嘍妍枱佬刺晏俏見由畸斌浦勞斌擢嘍誅呯馬兒見間晴咩浦勞斌擢冗間畸漳斌擢漳遏
2018-07-11 13:14:11,989 (asr_pytorch:469) INFO: prediction [4_spk_4_076790-077667]: 係誒呢流動數嗰個都要打開嘅如果你到時係要用翻流動數俾佢話呢首先可以著咗流動數據再開翻萬數嘅漫遊<eos>
2018-07-11 13:14:11,998 (e2e_asr_attctc_th:2977) INFO: BLSTMP input lengths: [370]
2018-07-11 13:14:12,481 (e2e_asr_attctc_th:2067) INFO: input lengths: 93
2018-07-11 13:14:12,481 (e2e_asr_attctc_th:2091) INFO: max output length: 93
2018-07-11 13:14:12,481 (e2e_asr_attctc_th:2092) INFO: min output length: 0
2018-07-11 13:14:15,727 (e2e_asr_attctc_th:2199) INFO: end detected at 29
2018-07-11 13:14:15,728 (e2e_asr_attctc_th:2217) INFO: total log probability: -23.3673197962
2018-07-11 13:14:15,728 (e2e_asr_attctc_th:2218) INFO: normalized log probability: -1.01597042592
2018-07-11 13:14:15,729 (asr_pytorch:468) INFO: groundtruth[1503-1_spk_1503_1_038446-038818]: 毯佬幹古佬嗄琉塌皂訢迫咋樺鄔SO旨呯倔俏啯
2018-07-11 13:14:15,729 (asr_pytorch:469) INFO: prediction [1503-1_spk_1503_1_038446-038818]: 你哋講大嗰啲係而傢咁你翻咁就OK嘅你個係啦<eos>
2018-07-11 13:14:15,737 (e2e_asr_attctc_th:2977) INFO: BLSTMP input lengths: [172]
2018-07-11 13:14:15,962 (e2e_asr_attctc_th:2067) INFO: input lengths: 43
2018-07-11 13:14:15,963 (e2e_asr_attctc_th:2091) INFO: max output length: 43
2018-07-11 13:14:15,963 (e2e_asr_attctc_th:2092) INFO: min output length: 0
2018-07-11 13:14:17,076 (e2e_asr_attctc_th:2199) INFO: end detected at 15
2018-07-11 13:14:17,076 (e2e_asr_attctc_th:2217) INFO: total log probability: -3.40503458679
2018-07-11 13:14:17,076 (e2e_asr_attctc_th:2218) INFO: normalized log probability: -0.340503458679
2018-07-11 13:14:17,077 (asr_pytorch:468) INFO: groundtruth[1504-1_spk_1504_1_069086-069260]: 冀寫討迫鄔序抽啖
2018-07-11 13:14:17,077 (asr_pytorch:469) INFO: prediction [1504-1_spk_1504_1_069086-069260]: 就係計翻都幾大啊<eos>
2018-07-11 13:14:17,085 (e2e_asr_attctc_th:2977) INFO: BLSTMP input lengths: [117]
2018-07-11 13:14:17,247 (e2e_asr_attctc_th:2067) INFO: input lengths: 30
2018-07-11 13:14:17,248 (e2e_asr_attctc_th:2091) INFO: max output length: 30
2018-07-11 13:14:17,248 (e2e_asr_attctc_th:2092) INFO: min output length: 0
2018-07-11 13:14:18,260 (e2e_asr_attctc_th:2199) INFO: end detected at 14
2018-07-11 13:14:18,260 (e2e_asr_attctc_th:2217) INFO: total log probability: -6.33831999358
2018-07-11 13:14:18,261 (e2e_asr_attctc_th:2218) INFO: normalized log probability: -0.633831999358
2018-07-11 13:14:18,261 (asr_pytorch:468) INFO: groundtruth[1501-1_spk_1501_1_036357-036476]: 冏啞顔嘍杖尖姚
2018-07-11 13:14:18,261 (asr_pytorch:469) INFO: prediction [1501-1_spk_1501_1_036357-036476]: 冇問題噶你算真係<eos>
2018-07-11 13:14:18,270 (e2e_asr_attctc_th:2977) INFO: BLSTMP input lengths: [289]
2018-07-11 13:14:18,674 (e2e_asr_attctc_th:2067) INFO: input lengths: 73
2018-07-11 13:14:18,674 (e2e_asr_attctc_th:2091) INFO: max output length: 73
2018-07-11 13:14:18,674 (e2e_asr_attctc_th:2092) INFO: min output length: 0
2018-07-11 13:14:20,122 (e2e_asr_attctc_th:2199) INFO: end detected at 17
2018-07-11 13:14:20,123 (e2e_asr_attctc_th:2217) INFO: total log probability: -13.1215465963
2018-07-11 13:14:20,123 (e2e_asr_attctc_th:2218) INFO: normalized log probability: -1.09346221636
2018-07-11 13:14:20,123 (asr_pytorch:468) INFO: groundtruth[4_spk_4_070117-070408]: WEQWYRKW7W呈由緘
2018-07-11 13:14:20,123 (asr_pytorch:469) INFO: prediction [4_spk_4_070117-070408]: 你係唔中意誒誒又有人<eos>
2018-07-11 13:14:20,131 (e2e_asr_attctc_th:2977) INFO: BLSTMP input lengths: [161]
2018-07-11 13:14:20,340 (e2e_asr_attctc_th:2067) INFO: input lengths: 41
2018-07-11 13:14:20,340 (e2e_asr_attctc_th:2091) INFO: max output length: 41
2018-07-11 13:14:20,341 (e2e_asr_attctc_th:2092) INFO: min output length: 0
2018-07-11 13:14:21,794 (e2e_asr_attctc_th:2199) INFO: end detected at 18
2018-07-11 13:14:21,795 (e2e_asr_attctc_th:2217) INFO: total log probability: -5.81950379442
2018-07-11 13:14:21,795 (e2e_asr_attctc_th:2218) INFO: normalized log probability: -0.415678842459
2018-07-11 13:14:21,795 (asr_pytorch:468) INFO: groundtruth[1502-2_spk_1502_2_008086-008249]: 俏啯耗<unk>倔惕泌尻俏咋樺嘍
2018-07-11 13:14:21,795 (asr_pytorch:469) INFO: prediction [1502-2_spk_1502_2_008086-008249]: 係咪因為我成個就係咁樣嘅<eos>
2018-07-11 13:14:21,803 (e2e_asr_attctc_th:2977) INFO: BLSTMP input lengths: [158]
2018-07-11 13:14:22,023 (e2e_asr_attctc_th:2067) INFO: input lengths: 40
2018-07-11 13:14:22,023 (e2e_asr_attctc_th:2091) INFO: max output length: 40
2018-07-11 13:14:22,023 (e2e_asr_attctc_th:2092) INFO: min output length: 0
2018-07-11 13:14:23,038 (e2e_asr_attctc_th:2206) INFO: no hypothesis. Finish decoding.
2018-07-11 13:14:23,039 (e2e_asr_attctc_th:2217) INFO: total log probability: -8.78779152781
2018-07-11 13:14:23,039 (e2e_asr_attctc_th:2218) INFO: normalized log probability: -0.675983963678
2018-07-11 13:14:23,039 (asr_pytorch:468) INFO: groundtruth[1502-2_spk_1502_2_085992-086152]: 佬略感迫倔霆誅妊嗜潤用
2018-07-11 13:14:23,039 (asr_pytorch:469) INFO: prediction [1502-2_spk_1502_2_085992-086152]: 係留意翻個電話好嘛佢餐<eos>
2018-07-11 13:14:23,048 (e2e_asr_attctc_th:2977) INFO: BLSTMP input lengths: [521]
2018-07-11 13:14:23,693 (e2e_asr_attctc_th:2067) INFO: input lengths: 131
2018-07-11 13:14:23,693 (e2e_asr_attctc_th:2091) INFO: max output length: 131
2018-07-11 13:14:23,693 (e2e_asr_attctc_th:2092) INFO: min output length: 0
2018-07-11 13:14:27,710 (e2e_asr_attctc_th:2199) INFO: end detected at 32
2018-07-11 13:14:27,710 (e2e_asr_attctc_th:2217) INFO: total log probability: -23.8781054523
2018-07-11 13:14:27,710 (e2e_asr_attctc_th:2218) INFO: normalized log probability: -0.918388671242
2018-07-11 13:14:27,711 (asr_pytorch:468) INFO: groundtruth[1505-2_spk_1505_2_087683-088206]: 咋刺未晏戛俏戛誅倍佬肇邕倔旬字轟劫嘢俏咱投戡黴樺樺啖
2018-07-11 13:14:27,711 (asr_pytorch:469) INFO: prediction [1505-2_spk_1505_2_087683-088206]: 咁到其實我係我話係你而傢係邊個嘅意轉噶係啊因為有<eos>
2018-07-11 13:14:27,719 (e2e_asr_attctc_th:2977) INFO: BLSTMP input lengths: [140]
2018-07-11 13:14:27,896 (e2e_asr_attctc_th:2067) INFO: input lengths: 35
2018-07-11 13:14:27,896 (e2e_asr_attctc_th:2091) INFO: max output length: 35
2018-07-11 13:14:27,896 (e2e_asr_attctc_th:2092) INFO: min output length: 0
2018-07-11 13:14:28,867 (e2e_asr_attctc_th:2199) INFO: end detected at 15
2018-07-11 13:14:28,867 (e2e_asr_attctc_th:2217) INFO: total log probability: -4.38913380029
2018-07-11 13:14:28,867 (e2e_asr_attctc_th:2218) INFO: normalized log probability: -0.438913380029
2018-07-11 13:14:28,868 (asr_pytorch:468) INFO: groundtruth[1501-1_spk_1501_1_077778-077920]: 昨未丐昨未囤咋樺嘍
2018-07-11 13:14:28,868 (asr_pytorch:469) INFO: prediction [1501-1_spk_1501_1_077778-077920]: 即係三四四咁樣嘅<eos>
2018-07-11 13:14:28,875 (e2e_asr_attctc_th:2977) INFO: BLSTMP input lengths: [198]
2018-07-11 13:14:29,121 (e2e_asr_attctc_th:2067) INFO: input lengths: 50
2018-07-11 13:14:29,122 (e2e_asr_attctc_th:2091) INFO: max output length: 50
2018-07-11 13:14:29,122 (e2e_asr_attctc_th:2092) INFO: min output length: 0
2018-07-11 13:14:30,317 (e2e_asr_attctc_th:2199) INFO: end detected at 16
2018-07-11 13:14:30,317 (e2e_asr_attctc_th:2217) INFO: total log probability: -16.5908153877
2018-07-11 13:14:30,317 (e2e_asr_attctc_th:2218) INFO: normalized log probability: -1.50825594433
2018-07-11 13:14:30,318 (asr_pytorch:468) INFO: groundtruth[12_spk_12_048152-048352]: 俏喋冏鍋咋嗷庵尻司
2018-07-11 13:14:30,318 (asr_pytorch:469) INFO: prediction [12_spk_12_048152-048352]: 辦法開心都識食十海<eos>
2018-07-11 13:14:30,326 (e2e_asr_attctc_th:2977) INFO: BLSTMP input lengths: [262]
2018-07-11 13:14:30,657 (e2e_asr_attctc_th:2067) INFO: input lengths: 66
2018-07-11 13:14:30,658 (e2e_asr_attctc_th:2091) INFO: max output length: 66
2018-07-11 13:14:30,658 (e2e_asr_attctc_th:2092) INFO: min output length: 0
2018-07-11 13:14:32,002 (e2e_asr_attctc_th:2206) INFO: no hypothesis. Finish decoding.
2018-07-11 13:14:32,002 (e2e_asr_attctc_th:2217) INFO: total log probability: -9.95123933349
2018-07-11 13:14:32,002 (e2e_asr_attctc_th:2218) INFO: normalized log probability: -0.710802809535
2018-07-11 13:14:32,002 (asr_pytorch:468) INFO: groundtruth[12_spk_12_029731-029995]: 綺絨織忡嘍感怦俏黴樺呯
2018-07-11 13:14:32,003 (asr_pytorch:469) INFO: prediction [12_spk_12_029731-029995]: 冇會落飯望嘅醫意係點樣呢<eos>
2018-07-11 13:14:32,011 (e2e_asr_attctc_th:2977) INFO: BLSTMP input lengths: [198]
2018-07-11 13:14:32,312 (e2e_asr_attctc_th:2067) INFO: input lengths: 50
2018-07-11 13:14:32,312 (e2e_asr_attctc_th:2091) INFO: max output length: 50
2018-07-11 13:14:32,312 (e2e_asr_attctc_th:2092) INFO: min output length: 0
2018-07-11 13:14:33,617 (e2e_asr_attctc_th:2199) INFO: end detected at 17
2018-07-11 13:14:33,617 (e2e_asr_attctc_th:2217) INFO: total log probability: -5.21920868568
2018-07-11 13:14:33,617 (e2e_asr_attctc_th:2218) INFO: normalized log probability: -0.47447351688
2018-07-11 13:14:33,618 (asr_pytorch:468) INFO: groundtruth[1501-2_spk_1501_2_030966-031166]: 咋戛朕冏啼咯扔纔搭
2018-07-11 13:14:33,618 (asr_pytorch:469) INFO: prediction [1501-2_spk_1501_2_030966-031166]: 咁我冇啲咩手時要搞<eos>
2018-07-11 13:14:33,627 (e2e_asr_attctc_th:2977) INFO: BLSTMP input lengths: [275]
2018-07-11 13:14:34,016 (e2e_asr_attctc_th:2067) INFO: input lengths: 69
2018-07-11 13:14:34,016 (e2e_asr_attctc_th:2091) INFO: max output length: 69
2018-07-11 13:14:34,016 (e2e_asr_attctc_th:2092) INFO: min output length: 0
2018-07-11 13:14:37,435 (e2e_asr_attctc_th:2199) INFO: end detected at 25
2018-07-11 13:14:37,435 (e2e_asr_attctc_th:2217) INFO: total log probability: -10.4406113811
2018-07-11 13:14:37,435 (e2e_asr_attctc_th:2218) INFO: normalized log probability: -0.580033965616
2018-07-11 13:14:37,436 (asr_pytorch:468) INFO: groundtruth[1502-2_spk_1502_2_088951-089228]: B囤朔度呯殼晏閙叄刺下朔伍呯殼晏閙
2018-07-11 13:14:37,437 (asr_pytorch:469) INFO: prediction [1502-2_spk_1502_2_088951-089228]: 誒四月底呢件時間數齣月發呢件時間<eos>
2018-07-11 13:14:37,452 (e2e_asr_attctc_th:2977) INFO: BLSTMP input lengths: [262]
2018-07-11 13:14:38,019 (e2e_asr_attctc_th:2067) INFO: input lengths: 66
2018-07-11 13:14:38,019 (e2e_asr_attctc_th:2091) INFO: max output length: 66
2018-07-11 13:14:38,020 (e2e_asr_attctc_th:2092) INFO: min output length: 0
2018-07-11 13:14:39,834 (e2e_asr_attctc_th:2199) INFO: end detected at 17
2018-07-11 13:14:39,834 (e2e_asr_attctc_th:2217) INFO: total log probability: -8.33783200663
2018-07-11 13:14:39,834 (e2e_asr_attctc_th:2218) INFO: normalized log probability: -0.694819333885
2018-07-11 13:14:39,835 (asr_pytorch:468) INFO: groundtruth[1503-2_spk_1503_2_069826-070090]: 妊吟戛昕柎啯嗶嗶SO柎啯
2018-07-11 13:14:39,836 (asr_pytorch:469) INFO: prediction [1503-2_spk_1503_2_069826-070090]: 冇啊我而傢嗯OK嘅啦<eos>
2018-07-11 13:14:39,848 (e2e_asr_attctc_th:2977) INFO: BLSTMP input lengths: [358]
2018-07-11 13:14:40,352 (e2e_asr_attctc_th:2067) INFO: input lengths: 90
2018-07-11 13:14:40,352 (e2e_asr_attctc_th:2091) INFO: max output length: 90
2018-07-11 13:14:40,352 (e2e_asr_attctc_th:2092) INFO: min output length: 0
2018-07-11 13:14:42,857 (e2e_asr_attctc_th:2199) INFO: end detected at 21
2018-07-11 13:14:42,857 (e2e_asr_attctc_th:2217) INFO: total log probability: -20.3491688967
2018-07-11 13:14:42,857 (e2e_asr_attctc_th:2218) INFO: normalized log probability: -1.35661125978
2018-07-11 13:14:42,859 (asr_pytorch:468) INFO: groundtruth[4_spk_4_050791-051151]: 然喔佰見戛員佰見戛揉址午喔
2018-07-11 13:14:42,859 (asr_pytorch:469) INFO: prediction [4_spk_4_050791-051151]: 冇冇機啊嘛你佢有我揀你放落<eos>
2018-07-11 13:14:42,876 (e2e_asr_attctc_th:2977) INFO: BLSTMP input lengths: [218]
2018-07-11 13:14:43,355 (e2e_asr_attctc_th:2067) INFO: input lengths: 55
2018-07-11 13:14:43,356 (e2e_asr_attctc_th:2091) INFO: max output length: 55
2018-07-11 13:14:43,356 (e2e_asr_attctc_th:2092) INFO: min output length: 0
2018-07-11 13:14:45,998 (e2e_asr_attctc_th:2199) INFO: end detected at 20
2018-07-11 13:14:45,999 (e2e_asr_attctc_th:2217) INFO: total log probability: -14.6786446124
2018-07-11 13:14:45,999 (e2e_asr_attctc_th:2218) INFO: normalized log probability: -0.978576307495
2018-07-11 13:14:46,001 (asr_pytorch:468) INFO: groundtruth[1505-1_spk_1505_1_018344-018564]: 佰4K歧幅呯妊位GWP啯
2018-07-11 13:14:46,001 (asr_pytorch:469) INFO: prediction [1505-1_spk_1505_1_018344-018564]: 佢科司正常呢好似有一時候啦<eos>
2018-07-11 13:14:46,019 (e2e_asr_attctc_th:2977) INFO: BLSTMP input lengths: [170]
2018-07-11 13:14:46,359 (e2e_asr_attctc_th:2067) INFO: input lengths: 43
2018-07-11 13:14:46,359 (e2e_asr_attctc_th:2091) INFO: max output length: 43
2018-07-11 13:14:46,360 (e2e_asr_attctc_th:2092) INFO: min output length: 0
2018-07-11 13:14:48,232 (e2e_asr_attctc_th:2199) INFO: end detected at 18
2018-07-11 13:14:48,232 (e2e_asr_attctc_th:2217) INFO: total log probability: -1.13690492418
2018-07-11 13:14:48,232 (e2e_asr_attctc_th:2218) INFO: normalized log probability: -0.081207494584
2018-07-11 13:14:48,234 (asr_pytorch:468) INFO: groundtruth[1502-2_spk_1502_2_026968-027139]: 冀寫戛鄔矮遛佰員倔億錯啯
2018-07-11 13:14:48,234 (asr_pytorch:469) INFO: prediction [1502-2_spk_1502_2_026968-027139]: 其實我都知道佢哋個價錢啦<eos>
2018-07-11 13:14:48,246 (e2e_asr_attctc_th:2977) INFO: BLSTMP input lengths: [187]
2018-07-11 13:14:48,602 (e2e_asr_attctc_th:2067) INFO: input lengths: 47
2018-07-11 13:14:48,603 (e2e_asr_attctc_th:2091) INFO: max output length: 47
2018-07-11 13:14:48,603 (e2e_asr_attctc_th:2092) INFO: min output length: 0
2018-07-11 13:14:50,077 (e2e_asr_attctc_th:2199) INFO: end detected at 15
2018-07-11 13:14:50,077 (e2e_asr_attctc_th:2217) INFO: total log probability: -10.393764019
2018-07-11 13:14:50,077 (e2e_asr_attctc_th:2218) INFO: normalized log probability: -1.0393764019
2018-07-11 13:14:50,078 (asr_pytorch:468) INFO: groundtruth[12_spk_12_060415-060604]: 哭咋佬叄刺5朔
2018-07-11 13:14:50,078 (asr_pytorch:469) INFO: prediction [12_spk_12_060415-060604]: 安點就係自己兩件<eos>
2018-07-11 13:14:50,092 (e2e_asr_attctc_th:2977) INFO: BLSTMP input lengths: [78]
2018-07-11 13:14:50,243 (e2e_asr_attctc_th:2067) INFO: input lengths: 20
2018-07-11 13:14:50,243 (e2e_asr_attctc_th:2091) INFO: max output length: 20
2018-07-11 13:14:50,243 (e2e_asr_attctc_th:2092) INFO: min output length: 0
2018-07-11 13:14:50,874 (e2e_asr_attctc_th:2199) INFO: end detected at 10
2018-07-11 13:14:50,875 (e2e_asr_attctc_th:2217) INFO: total log probability: -1.46910595894
2018-07-11 13:14:50,875 (e2e_asr_attctc_th:2218) INFO: normalized log probability: -0.367276489735
2018-07-11 13:14:50,876 (asr_pytorch:468) INFO: groundtruth[1504-1_spk_1504_1_069732-069812]: B
2018-07-11 13:14:50,876 (asr_pytorch:469) INFO: prediction [1504-1_spk_1504_1_069732-069812]: 哈哈<eos>
2018-07-11 13:14:50,889 (e2e_asr_attctc_th:2977) INFO: BLSTMP input lengths: [198]
2018-07-11 13:14:51,269 (e2e_asr_attctc_th:2067) INFO: input lengths: 50
2018-07-11 13:14:51,270 (e2e_asr_attctc_th:2091) INFO: max output length: 50
2018-07-11 13:14:51,270 (e2e_asr_attctc_th:2092) INFO: min output length: 0
/home/lahiru/Devinstalls/espnet_new/espnet/src/nets/ctc_prefix_score.py:62: RuntimeWarning: invalid value encountered in logaddexp
  r_sum = self.xp.logaddexp(r_prev[:, 0], r_prev[:, 1])  # log(r_t^n(g) + r_t^b(g))
2018-07-11 13:14:53,364 (e2e_asr_attctc_th:2199) INFO: end detected at 25
2018-07-11 13:14:53,364 (e2e_asr_attctc_th:2217) INFO: total log probability: -14.741702769
2018-07-11 13:14:53,364 (e2e_asr_attctc_th:2218) INFO: normalized log probability: -0.921356423059
2018-07-11 13:14:53,365 (asr_pytorch:468) INFO: groundtruth[12_spk_12_021232-021432]: 唪誆曳劑尖姚賒斥輿八歧磊
2018-07-11 13:14:53,365 (asr_pytorch:469) INFO: prediction [12_spk_12_021232-021432]: 唔得著社仔COSHAND噶啦<eos>
2018-07-11 13:14:53,373 (e2e_asr_attctc_th:2977) INFO: BLSTMP input lengths: [123]
2018-07-11 13:14:53,536 (e2e_asr_attctc_th:2067) INFO: input lengths: 31
2018-07-11 13:14:53,536 (e2e_asr_attctc_th:2091) INFO: max output length: 31
2018-07-11 13:14:53,536 (e2e_asr_attctc_th:2092) INFO: min output length: 0
2018-07-11 13:14:54,284 (e2e_asr_attctc_th:2199) INFO: end detected at 12
2018-07-11 13:14:54,284 (e2e_asr_attctc_th:2217) INFO: total log probability: -4.72884992883
2018-07-11 13:14:54,284 (e2e_asr_attctc_th:2218) INFO: normalized log probability: -0.675549989832
2018-07-11 13:14:54,285 (asr_pytorch:468) INFO: groundtruth[3_spk_3_018165-018290]: 哭妊
2018-07-11 13:14:54,286 (asr_pytorch:469) INFO: prediction [3_spk_3_018165-018290]: 或者啦明係<eos>
2018-07-11 13:14:54,299 (e2e_asr_attctc_th:2977) INFO: BLSTMP input lengths: [94]
2018-07-11 13:14:54,438 (e2e_asr_attctc_th:2067) INFO: input lengths: 24
2018-07-11 13:14:54,438 (e2e_asr_attctc_th:2091) INFO: max output length: 24
2018-07-11 13:14:54,438 (e2e_asr_attctc_th:2092) INFO: min output length: 0
2018-07-11 13:14:54,784 (e2e_asr_attctc_th:2199) INFO: end detected at 7
2018-07-11 13:14:54,785 (e2e_asr_attctc_th:2217) INFO: total log probability: -0.599997954443
2018-07-11 13:14:54,785 (e2e_asr_attctc_th:2218) INFO: normalized log probability: -0.199999318148
2018-07-11 13:14:54,786 (asr_pytorch:468) INFO: groundtruth[1504-2_spk_1504_2_038774-038870]: 嗶
2018-07-11 13:14:54,786 (asr_pytorch:469) INFO: prediction [1504-2_spk_1504_2_038774-038870]: 嗯<eos>
2018-07-11 13:14:54,801 (e2e_asr_attctc_th:2977) INFO: BLSTMP input lengths: [471]
2018-07-11 13:14:55,414 (e2e_asr_attctc_th:2067) INFO: input lengths: 118
2018-07-11 13:14:55,414 (e2e_asr_attctc_th:2091) INFO: max output length: 118
2018-07-11 13:14:55,414 (e2e_asr_attctc_th:2092) INFO: min output length: 0
2018-07-11 13:14:59,623 (e2e_asr_attctc_th:2206) INFO: no hypothesis. Finish decoding.
2018-07-11 13:14:59,623 (e2e_asr_attctc_th:2217) INFO: total log probability: -10.7950238455
2018-07-11 13:14:59,623 (e2e_asr_attctc_th:2218) INFO: normalized log probability: -0.359834128184
2018-07-11 13:14:59,624 (asr_pytorch:468) INFO: groundtruth[1505-1_spk_1505_1_089186-089659]: 尋服吔佬謬考佬序晏服轟道黒斌磋速咋樺囖<unk>紋且<unk>鄔服朕寳考
2018-07-11 13:14:59,624 (asr_pytorch:469) INFO: prediction [1505-1_spk_1505_1_089186-089659]: 即係我同你講翻你幾時會轉過嚟數下中咁樣閤入上麵都會有锡翻<eos>
2018-07-11 13:14:59,640 (e2e_asr_attctc_th:2977) INFO: BLSTMP input lengths: [319]
2018-07-11 13:15:00,305 (e2e_asr_attctc_th:2067) INFO: input lengths: 80
2018-07-11 13:15:00,305 (e2e_asr_attctc_th:2091) INFO: max output length: 80
2018-07-11 13:15:00,305 (e2e_asr_attctc_th:2092) INFO: min output length: 0
2018-07-11 13:15:03,241 (e2e_asr_attctc_th:2199) INFO: end detected at 28
2018-07-11 13:15:03,241 (e2e_asr_attctc_th:2217) INFO: total log probability: -13.09960947
2018-07-11 13:15:03,242 (e2e_asr_attctc_th:2218) INFO: normalized log probability: -0.569548237826
2018-07-11 13:15:03,242 (asr_pytorch:468) INFO: groundtruth[4_spk_4_073104-073425]: 囹烕呯戛員馭渺邕墐鄔朕司脇放刺丹園俯蚊
2018-07-11 13:15:03,242 (asr_pytorch:469) INFO: prediction [4_spk_4_073104-073425]: 因為呢我哋喺香港邊景嗰度又可能周到中國進流<eos>
2018-07-11 13:15:03,250 (e2e_asr_attctc_th:2977) INFO: BLSTMP input lengths: [209]
2018-07-11 13:15:03,559 (e2e_asr_attctc_th:2067) INFO: input lengths: 53
2018-07-11 13:15:03,560 (e2e_asr_attctc_th:2091) INFO: max output length: 53
2018-07-11 13:15:03,560 (e2e_asr_attctc_th:2092) INFO: min output length: 0
2018-07-11 13:15:05,416 (e2e_asr_attctc_th:2199) INFO: end detected at 22
2018-07-11 13:15:05,417 (e2e_asr_attctc_th:2217) INFO: total log probability: -12.5166190639
2018-07-11 13:15:05,417 (e2e_asr_attctc_th:2218) INFO: normalized log probability: -0.782288691495
2018-07-11 13:15:05,418 (asr_pytorch:468) INFO: groundtruth[1502-2_spk_1502_2_063054-063266]: SO咋嚦嚦緘俏逆邕倔址坐旅俊佬呈
2018-07-11 13:15:05,418 (asr_pytorch:469) INFO: prediction [1502-2_spk_1502_2_063054-063266]: 屋企咁你嚟緊係送邊個地址方便<eos>
2018-07-11 13:15:05,432 (e2e_asr_attctc_th:2977) INFO: BLSTMP input lengths: [343]
2018-07-11 13:15:05,885 (e2e_asr_attctc_th:2067) INFO: input lengths: 86
2018-07-11 13:15:05,885 (e2e_asr_attctc_th:2091) INFO: max output length: 86
2018-07-11 13:15:05,885 (e2e_asr_attctc_th:2092) INFO: min output length: 0
2018-07-11 13:15:08,169 (e2e_asr_attctc_th:2199) INFO: end detected at 24
2018-07-11 13:15:08,169 (e2e_asr_attctc_th:2217) INFO: total log probability: -11.889382381
2018-07-11 13:15:08,170 (e2e_asr_attctc_th:2218) INFO: normalized log probability: -0.660521243388
2018-07-11 13:15:08,170 (asr_pytorch:468) INFO: groundtruth[3_spk_3_009395-009740]: 列鐲斌啯尻囤<unk>道得尻乸氊字三列鐲
2018-07-11 13:15:08,170 (asr_pytorch:469) INFO: prediction [3_spk_3_009395-009740]: 分鐘上啦十四韆學校就搞好士一分鐘<eos>
2018-07-11 13:15:08,179 (e2e_asr_attctc_th:2977) INFO: BLSTMP input lengths: [481]
2018-07-11 13:15:08,818 (e2e_asr_attctc_th:2067) INFO: input lengths: 121
2018-07-11 13:15:08,819 (e2e_asr_attctc_th:2091) INFO: max output length: 121
2018-07-11 13:15:08,819 (e2e_asr_attctc_th:2092) INFO: min output length: 0
2018-07-11 13:15:16,333 (e2e_asr_attctc_th:2199) INFO: end detected at 40
2018-07-11 13:15:16,333 (e2e_asr_attctc_th:2217) INFO: total log probability: -19.0968540878
2018-07-11 13:15:16,333 (e2e_asr_attctc_th:2218) INFO: normalized log probability: -0.54562440251
2018-07-11 13:15:16,335 (asr_pytorch:468) INFO: groundtruth[1505-1_spk_1505_1_012121-012604]: 冀寫鄔SO冏啞顔柎囹烕尻妊位M7咋啯冀寫佰琉晏WLS_考<unk>黒鄔俏4K
2018-07-11 13:15:16,335 (asr_pytorch:469) INFO: prediction [1505-1_spk_1505_1_012121-012604]: 其實都OK冇問題噶因為就好似阿SET咁樣其實佢現時數緊齣嚟都係歌知<eos>
2018-07-11 13:15:16,351 (e2e_asr_attctc_th:2977) INFO: BLSTMP input lengths: [242]
2018-07-11 13:15:16,892 (e2e_asr_attctc_th:2067) INFO: input lengths: 61
2018-07-11 13:15:16,892 (e2e_asr_attctc_th:2091) INFO: max output length: 61
2018-07-11 13:15:16,892 (e2e_asr_attctc_th:2092) INFO: min output length: 0
2018-07-11 13:15:19,940 (e2e_asr_attctc_th:2199) INFO: end detected at 24
2018-07-11 13:15:19,940 (e2e_asr_attctc_th:2217) INFO: total log probability: -12.2705339547
2018-07-11 13:15:19,941 (e2e_asr_attctc_th:2218) INFO: normalized log probability: -0.645817576564
2018-07-11 13:15:19,942 (asr_pytorch:468) INFO: groundtruth[4_spk_4_016374-016618]: 震唪震見幹佬轟駕畸戛員亙卉囤尖晏燁緣
2018-07-11 13:15:19,942 (asr_pytorch:469) INFO: prediction [4_spk_4_016374-016618]: 仲想唔想我哋轉博翻我哋二十四小事先<eos>
2018-07-11 13:15:19,955 (e2e_asr_attctc_th:2977) INFO: BLSTMP input lengths: [42]
2018-07-11 13:15:20,046 (e2e_asr_attctc_th:2067) INFO: input lengths: 11
2018-07-11 13:15:20,047 (e2e_asr_attctc_th:2091) INFO: max output length: 11
2018-07-11 13:15:20,047 (e2e_asr_attctc_th:2092) INFO: min output length: 0
2018-07-11 13:15:20,542 (e2e_asr_attctc_th:2199) INFO: end detected at 8
2018-07-11 13:15:20,542 (e2e_asr_attctc_th:2217) INFO: total log probability: -0.0401591350092
2018-07-11 13:15:20,542 (e2e_asr_attctc_th:2218) INFO: normalized log probability: -0.0100397837523
2018-07-11 13:15:20,543 (asr_pytorch:468) INFO: groundtruth[1502-2_spk_1502_2_045550-045594]: 俏呈
2018-07-11 13:15:20,544 (asr_pytorch:469) INFO: prediction [1502-2_spk_1502_2_045550-045594]: 係啊<eos>
2018-07-11 13:15:20,555 (e2e_asr_attctc_th:2977) INFO: BLSTMP input lengths: [27]
2018-07-11 13:15:20,622 (e2e_asr_attctc_th:2067) INFO: input lengths: 7
2018-07-11 13:15:20,622 (e2e_asr_attctc_th:2091) INFO: max output length: 7
2018-07-11 13:15:20,622 (e2e_asr_attctc_th:2092) INFO: min output length: 0
2018-07-11 13:15:20,944 (e2e_asr_attctc_th:2180) INFO: adding <eos> in the last postion in the loop
2018-07-11 13:15:20,944 (e2e_asr_attctc_th:2206) INFO: no hypothesis. Finish decoding.
2018-07-11 13:15:20,944 (e2e_asr_attctc_th:2217) INFO: total log probability: -0.0561478170566
2018-07-11 13:15:20,944 (e2e_asr_attctc_th:2218) INFO: normalized log probability: -0.0187159390189
2018-07-11 13:15:20,945 (asr_pytorch:468) INFO: groundtruth[1502-2_spk_1502_2_020556-020585]: 俏
2018-07-11 13:15:20,946 (asr_pytorch:469) INFO: prediction [1502-2_spk_1502_2_020556-020585]: 係<eos>
2018-07-11 13:15:20,960 (e2e_asr_attctc_th:2977) INFO: BLSTMP input lengths: [144]
2018-07-11 13:15:21,227 (e2e_asr_attctc_th:2067) INFO: input lengths: 36
2018-07-11 13:15:21,228 (e2e_asr_attctc_th:2091) INFO: max output length: 36
2018-07-11 13:15:21,228 (e2e_asr_attctc_th:2092) INFO: min output length: 0
2018-07-11 13:15:22,462 (e2e_asr_attctc_th:2206) INFO: no hypothesis. Finish decoding.
2018-07-11 13:15:22,463 (e2e_asr_attctc_th:2217) INFO: total log probability: -5.19453888957
2018-07-11 13:15:22,463 (e2e_asr_attctc_th:2218) INFO: normalized log probability: -0.472230808143
2018-07-11 13:15:22,464 (asr_pytorch:468) INFO: groundtruth[1504-1_spk_1504_1_023027-023173]: 俏啷啷側扔換霆誅咒嘢
2018-07-11 13:15:22,464 (asr_pytorch:469) INFO: prediction [1504-1_spk_1504_1_023027-023173]: 係啱做手提電話啫嘛<eos>
2018-07-11 13:15:22,480 (e2e_asr_attctc_th:2977) INFO: BLSTMP input lengths: [89]
2018-07-11 13:15:22,677 (e2e_asr_attctc_th:2067) INFO: input lengths: 23
2018-07-11 13:15:22,678 (e2e_asr_attctc_th:2091) INFO: max output length: 23
2018-07-11 13:15:22,678 (e2e_asr_attctc_th:2092) INFO: min output length: 0
2018-07-11 13:15:23,921 (e2e_asr_attctc_th:2199) INFO: end detected at 15
2018-07-11 13:15:23,922 (e2e_asr_attctc_th:2217) INFO: total log probability: -7.99890601449
2018-07-11 13:15:23,922 (e2e_asr_attctc_th:2218) INFO: normalized log probability: -0.888767334943
2018-07-11 13:15:23,923 (asr_pytorch:468) INFO: groundtruth[4_spk_4_025013-025104]: 戛耗<unk>幹佬轟駕
2018-07-11 13:15:23,923 (asr_pytorch:469) INFO: prediction [4_spk_4_025013-025104]: 我而傢幫你蝦慶<eos>
2018-07-11 13:15:23,934 (e2e_asr_attctc_th:2977) INFO: BLSTMP input lengths: [255]
2018-07-11 13:15:24,262 (e2e_asr_attctc_th:2067) INFO: input lengths: 64
2018-07-11 13:15:24,262 (e2e_asr_attctc_th:2091) INFO: max output length: 64
2018-07-11 13:15:24,262 (e2e_asr_attctc_th:2092) INFO: min output length: 0
2018-07-11 13:15:26,208 (e2e_asr_attctc_th:2199) INFO: end detected at 22
2018-07-11 13:15:26,208 (e2e_asr_attctc_th:2217) INFO: total log probability: -9.61651057377
2018-07-11 13:15:26,208 (e2e_asr_attctc_th:2218) INFO: normalized log probability: -0.601031910861
2018-07-11 13:15:26,209 (asr_pytorch:468) INFO: groundtruth[1501-1_spk_1501_1_062867-063125]: 夭域墱嗷邕嘍嗷閙麵疊勵SO
2018-07-11 13:15:26,210 (asr_pytorch:469) INFO: prediction [1501-1_spk_1501_1_062867-063125]: 但係高開嗰邊嘅嗰間啦等到OK<eos>
2018-07-11 13:15:26,218 (e2e_asr_attctc_th:2977) INFO: BLSTMP input lengths: [264]
2018-07-11 13:15:26,739 (e2e_asr_attctc_th:2067) INFO: input lengths: 66
2018-07-11 13:15:26,740 (e2e_asr_attctc_th:2091) INFO: max output length: 66
2018-07-11 13:15:26,740 (e2e_asr_attctc_th:2092) INFO: min output length: 0
2018-07-11 13:15:29,193 (e2e_asr_attctc_th:2199) INFO: end detected at 20
2018-07-11 13:15:29,193 (e2e_asr_attctc_th:2217) INFO: total log probability: -10.285304755
2018-07-11 13:15:29,193 (e2e_asr_attctc_th:2218) INFO: normalized log probability: -0.642831547186
2018-07-11 13:15:29,194 (asr_pytorch:468) INFO: groundtruth[1502-1_spk_1502_1_025358-025624]: 冀寫戛夭榕三倔朔鄔俏共KF差吃囖
2018-07-11 13:15:29,195 (asr_pytorch:469) INFO: prediction [1502-1_spk_1502_1_025358-025624]: 其實大個一個月就係誒一個有咯<eos>
2018-07-11 13:15:29,208 (e2e_asr_attctc_th:2977) INFO: BLSTMP input lengths: [27]
2018-07-11 13:15:29,274 (e2e_asr_attctc_th:2067) INFO: input lengths: 7
2018-07-11 13:15:29,275 (e2e_asr_attctc_th:2091) INFO: max output length: 7
2018-07-11 13:15:29,275 (e2e_asr_attctc_th:2092) INFO: min output length: 0
2018-07-11 13:15:29,595 (e2e_asr_attctc_th:2180) INFO: adding <eos> in the last postion in the loop
2018-07-11 13:15:29,595 (e2e_asr_attctc_th:2206) INFO: no hypothesis. Finish decoding.
2018-07-11 13:15:29,595 (e2e_asr_attctc_th:2217) INFO: total log probability: -0.0845801234245
2018-07-11 13:15:29,595 (e2e_asr_attctc_th:2218) INFO: normalized log probability: -0.0281933744748
2018-07-11 13:15:29,597 (asr_pytorch:468) INFO: groundtruth[1502-1_spk_1502_1_082172-082201]: 嗶
2018-07-11 13:15:29,597 (asr_pytorch:469) INFO: prediction [1502-1_spk_1502_1_082172-082201]: 嗯<eos>
2018-07-11 13:15:29,611 (e2e_asr_attctc_th:2977) INFO: BLSTMP input lengths: [198]
2018-07-11 13:15:29,972 (e2e_asr_attctc_th:2067) INFO: input lengths: 50
2018-07-11 13:15:29,972 (e2e_asr_attctc_th:2091) INFO: max output length: 50
2018-07-11 13:15:29,972 (e2e_asr_attctc_th:2092) INFO: min output length: 0
2018-07-11 13:15:31,113 (e2e_asr_attctc_th:2206) INFO: no hypothesis. Finish decoding.
2018-07-11 13:15:31,113 (e2e_asr_attctc_th:2217) INFO: total log probability: -9.20325458096
2018-07-11 13:15:31,113 (e2e_asr_attctc_th:2218) INFO: normalized log probability: -0.707942660074
2018-07-11 13:15:31,114 (asr_pytorch:468) INFO: groundtruth[9_spk_9_048680-048880]: 服朕三啼俏邀預倍佬揉嘍
2018-07-11 13:15:31,114 (asr_pytorch:469) INFO: prediction [9_spk_9_048680-048880]: 沒有啊知係想男俾你揀噶<eos>
2018-07-11 13:15:31,122 (e2e_asr_attctc_th:2977) INFO: BLSTMP input lengths: [275]
2018-07-11 13:15:31,468 (e2e_asr_attctc_th:2067) INFO: input lengths: 69
2018-07-11 13:15:31,469 (e2e_asr_attctc_th:2091) INFO: max output length: 69
2018-07-11 13:15:31,469 (e2e_asr_attctc_th:2092) INFO: min output length: 0
2018-07-11 13:15:32,856 (e2e_asr_attctc_th:2199) INFO: end detected at 16
2018-07-11 13:15:32,856 (e2e_asr_attctc_th:2217) INFO: total log probability: -10.8556765688
2018-07-11 13:15:32,856 (e2e_asr_attctc_th:2218) INFO: normalized log probability: -0.904639714068
2018-07-11 13:15:32,857 (asr_pytorch:468) INFO: groundtruth[12_spk_12_065265-065542]: 仕倔朔戛仕戛幺晏俏
2018-07-11 13:15:32,857 (asr_pytorch:469) INFO: prediction [12_spk_12_065265-065542]: 喂生個月我根我平時係<eos>
2018-07-11 13:15:32,866 (e2e_asr_attctc_th:2977) INFO: BLSTMP input lengths: [318]
2018-07-11 13:15:33,270 (e2e_asr_attctc_th:2067) INFO: input lengths: 80
2018-07-11 13:15:33,270 (e2e_asr_attctc_th:2091) INFO: max output length: 80
2018-07-11 13:15:33,271 (e2e_asr_attctc_th:2092) INFO: min output length: 0
2018-07-11 13:15:35,133 (e2e_asr_attctc_th:2199) INFO: end detected at 20
2018-07-11 13:15:35,133 (e2e_asr_attctc_th:2217) INFO: total log probability: -13.3450309108
2018-07-11 13:15:35,133 (e2e_asr_attctc_th:2218) INFO: normalized log probability: -0.889668727387
2018-07-11 13:15:35,134 (asr_pytorch:468) INFO: groundtruth[3_spk_3_013587-013907]: <unk>紋未公啯<unk>見唪妊偵<unk>轟<unk>
2018-07-11 13:15:35,134 (asr_pytorch:469) INFO: prediction [3_spk_3_013587-013907]: 閤一期內得錢要唔好情颱專颱<eos>
2018-07-11 13:15:35,141 (e2e_asr_attctc_th:2977) INFO: BLSTMP input lengths: [33]
2018-07-11 13:15:35,193 (e2e_asr_attctc_th:2067) INFO: input lengths: 9
2018-07-11 13:15:35,193 (e2e_asr_attctc_th:2091) INFO: max output length: 9
2018-07-11 13:15:35,193 (e2e_asr_attctc_th:2092) INFO: min output length: 0
2018-07-11 13:15:35,551 (e2e_asr_attctc_th:2180) INFO: adding <eos> in the last postion in the loop
2018-07-11 13:15:35,551 (e2e_asr_attctc_th:2199) INFO: end detected at 8
2018-07-11 13:15:35,551 (e2e_asr_attctc_th:2217) INFO: total log probability: -1.81006954378
2018-07-11 13:15:35,551 (e2e_asr_attctc_th:2218) INFO: normalized log probability: -0.452517385944
2018-07-11 13:15:35,552 (asr_pytorch:468) INFO: groundtruth[1502-1_spk_1502_1_011382-011417]: 哭
2018-07-11 13:15:35,552 (asr_pytorch:469) INFO: prediction [1502-1_spk_1502_1_011382-011417]: 啊啦<eos>
2018-07-11 13:15:35,560 (e2e_asr_attctc_th:2977) INFO: BLSTMP input lengths: [280]
2018-07-11 13:15:35,913 (e2e_asr_attctc_th:2067) INFO: input lengths: 70
2018-07-11 13:15:35,913 (e2e_asr_attctc_th:2091) INFO: max output length: 70
2018-07-11 13:15:35,913 (e2e_asr_attctc_th:2092) INFO: min output length: 0
2018-07-11 13:15:38,084 (e2e_asr_attctc_th:2199) INFO: end detected at 23
2018-07-11 13:15:38,085 (e2e_asr_attctc_th:2217) INFO: total log probability: -18.4732925594
2018-07-11 13:15:38,085 (e2e_asr_attctc_th:2218) INFO: normalized log probability: -0.972278555757
2018-07-11 13:15:38,085 (asr_pytorch:468) INFO: groundtruth[8_spk_8_003130-003411]: 俏啖俏戛俏GLVMW呈B朕佑假尖姚摁佬喔
2018-07-11 13:15:38,085 (asr_pytorch:469) INFO: prediction [8_spk_8_003130-003411]: 畢業啊係我係佢就係有位文主仔搵你嘅<eos>
2018-07-11 13:15:38,093 (e2e_asr_attctc_th:2977) INFO: BLSTMP input lengths: [91]
2018-07-11 13:15:38,236 (e2e_asr_attctc_th:2067) INFO: input lengths: 23
2018-07-11 13:15:38,236 (e2e_asr_attctc_th:2091) INFO: max output length: 23
2018-07-11 13:15:38,236 (e2e_asr_attctc_th:2092) INFO: min output length: 0
2018-07-11 13:15:38,732 (e2e_asr_attctc_th:2199) INFO: end detected at 9
2018-07-11 13:15:38,732 (e2e_asr_attctc_th:2217) INFO: total log probability: -2.30580900609
2018-07-11 13:15:38,732 (e2e_asr_attctc_th:2218) INFO: normalized log probability: -0.576452251524
2018-07-11 13:15:38,733 (asr_pytorch:468) INFO: groundtruth[4_spk_4_068253-068346]: 昕呈
2018-07-11 13:15:38,733 (asr_pytorch:469) INFO: prediction [4_spk_4_068253-068346]: 明噶<eos>
2018-07-11 13:15:38,740 (e2e_asr_attctc_th:2977) INFO: BLSTMP input lengths: [95]
2018-07-11 13:15:38,876 (e2e_asr_attctc_th:2067) INFO: input lengths: 24
2018-07-11 13:15:38,877 (e2e_asr_attctc_th:2091) INFO: max output length: 24
2018-07-11 13:15:38,877 (e2e_asr_attctc_th:2092) INFO: min output length: 0
2018-07-11 13:15:40,163 (e2e_asr_attctc_th:2199) INFO: end detected at 16
2018-07-11 13:15:40,164 (e2e_asr_attctc_th:2217) INFO: total log probability: -9.69629135728
2018-07-11 13:15:40,164 (e2e_asr_attctc_th:2218) INFO: normalized log probability: -1.07736570636
2018-07-11 13:15:40,166 (asr_pytorch:468) INFO: groundtruth[9_spk_9_013694-013791]: 服唪服朕咋嘍啞
2018-07-11 13:15:40,166 (asr_pytorch:469) INFO: prediction [9_spk_9_013694-013791]: 好冇人去咁正啊<eos>
2018-07-11 13:15:40,183 (e2e_asr_attctc_th:2977) INFO: BLSTMP input lengths: [96]
2018-07-11 13:15:40,377 (e2e_asr_attctc_th:2067) INFO: input lengths: 24
2018-07-11 13:15:40,378 (e2e_asr_attctc_th:2091) INFO: max output length: 24
2018-07-11 13:15:40,378 (e2e_asr_attctc_th:2092) INFO: min output length: 0
2018-07-11 13:15:41,344 (e2e_asr_attctc_th:2199) INFO: end detected at 12
2018-07-11 13:15:41,345 (e2e_asr_attctc_th:2217) INFO: total log probability: -4.8708307799
2018-07-11 13:15:41,345 (e2e_asr_attctc_th:2218) INFO: normalized log probability: -0.811805129983
2018-07-11 13:15:41,346 (asr_pytorch:468) INFO: groundtruth[1504-1_spk_1504_1_006528-006626]: 咋耗妍枱籌
2018-07-11 13:15:41,346 (asr_pytorch:469) INFO: prediction [1504-1_spk_1504_1_006528-006626]: 咁然如果<eos>
2018-07-11 13:15:41,360 (e2e_asr_attctc_th:2977) INFO: BLSTMP input lengths: [56]
2018-07-11 13:15:41,497 (e2e_asr_attctc_th:2067) INFO: input lengths: 14
2018-07-11 13:15:41,498 (e2e_asr_attctc_th:2091) INFO: max output length: 14
2018-07-11 13:15:41,498 (e2e_asr_attctc_th:2092) INFO: min output length: 0
2018-07-11 13:15:42,080 (e2e_asr_attctc_th:2199) INFO: end detected at 9
2018-07-11 13:15:42,080 (e2e_asr_attctc_th:2217) INFO: total log probability: -3.94607588649
2018-07-11 13:15:42,080 (e2e_asr_attctc_th:2218) INFO: normalized log probability: -0.986518971622
2018-07-11 13:15:42,081 (asr_pytorch:468) INFO: groundtruth[8_spk_8_032637-032695]: 哭必
2018-07-11 13:15:42,082 (asr_pytorch:469) INFO: prediction [8_spk_8_032637-032695]: 塞先<eos>
2018-07-11 13:15:42,096 (e2e_asr_attctc_th:2977) INFO: BLSTMP input lengths: [101]
2018-07-11 13:15:42,318 (e2e_asr_attctc_th:2067) INFO: input lengths: 26
2018-07-11 13:15:42,318 (e2e_asr_attctc_th:2091) INFO: max output length: 26
2018-07-11 13:15:42,318 (e2e_asr_attctc_th:2092) INFO: min output length: 0
2018-07-11 13:15:43,197 (e2e_asr_attctc_th:2199) INFO: end detected at 11
2018-07-11 13:15:43,197 (e2e_asr_attctc_th:2217) INFO: total log probability: -6.08961391449
2018-07-11 13:15:43,197 (e2e_asr_attctc_th:2218) INFO: normalized log probability: -1.2179227829
2018-07-11 13:15:43,198 (asr_pytorch:468) INFO: groundtruth[8_spk_8_032757-032860]: 朦俏邕倔朦吟
2018-07-11 13:15:43,198 (asr_pytorch:469) INFO: prediction [8_spk_8_032757-032860]: 或心識<eos>
2018-07-11 13:15:43,212 (e2e_asr_attctc_th:2977) INFO: BLSTMP input lengths: [74]
2018-07-11 13:15:43,368 (e2e_asr_attctc_th:2067) INFO: input lengths: 19
2018-07-11 13:15:43,369 (e2e_asr_attctc_th:2091) INFO: max output length: 19
2018-07-11 13:15:43,369 (e2e_asr_attctc_th:2092) INFO: min output length: 0
2018-07-11 13:15:43,958 (e2e_asr_attctc_th:2199) INFO: end detected at 9
2018-07-11 13:15:43,958 (e2e_asr_attctc_th:2217) INFO: total log probability: -2.02124980837
2018-07-11 13:15:43,958 (e2e_asr_attctc_th:2218) INFO: normalized log probability: -0.673749936124
2018-07-11 13:15:43,959 (asr_pytorch:468) INFO: groundtruth[1501-2_spk_1501_2_040028-040104]: 籌
2018-07-11 13:15:43,960 (asr_pytorch:469) INFO: prediction [1501-2_spk_1501_2_040028-040104]: 先<eos>
2018-07-11 13:15:43,973 (e2e_asr_attctc_th:2977) INFO: BLSTMP input lengths: [60]
2018-07-11 13:15:44,117 (e2e_asr_attctc_th:2067) INFO: input lengths: 15
2018-07-11 13:15:44,118 (e2e_asr_attctc_th:2091) INFO: max output length: 15
2018-07-11 13:15:44,118 (e2e_asr_attctc_th:2092) INFO: min output length: 0
2018-07-11 13:15:44,567 (e2e_asr_attctc_th:2199) INFO: end detected at 7
2018-07-11 13:15:44,567 (e2e_asr_attctc_th:2217) INFO: total log probability: -0.201665722299
2018-07-11 13:15:44,568 (e2e_asr_attctc_th:2218) INFO: normalized log probability: -0.0672219074331
2018-07-11 13:15:44,569 (asr_pytorch:468) INFO: groundtruth[1504-1_spk_1504_1_081332-081394]: 哭
2018-07-11 13:15:44,569 (asr_pytorch:469) INFO: prediction [1504-1_spk_1504_1_081332-081394]: 哦<eos>
2018-07-11 13:15:44,584 (e2e_asr_attctc_th:2977) INFO: BLSTMP input lengths: [202]
2018-07-11 13:15:45,025 (e2e_asr_attctc_th:2067) INFO: input lengths: 51
2018-07-11 13:15:45,025 (e2e_asr_attctc_th:2091) INFO: max output length: 51
2018-07-11 13:15:45,026 (e2e_asr_attctc_th:2092) INFO: min output length: 0
2018-07-11 13:15:46,724 (e2e_asr_attctc_th:2199) INFO: end detected at 15
2018-07-11 13:15:46,724 (e2e_asr_attctc_th:2217) INFO: total log probability: -2.15504469629
2018-07-11 13:15:46,725 (e2e_asr_attctc_th:2218) INFO: normalized log probability: -0.215504469629
2018-07-11 13:15:46,726 (asr_pytorch:468) INFO: groundtruth[1503-1_spk_1503_1_024178-024382]: 俏啯冏鍋囹烕戛且嗶
2018-07-11 13:15:46,726 (asr_pytorch:469) INFO: prediction [1503-1_spk_1503_1_024178-024382]: 係啦冇錯因為我細<eos>
2018-07-11 13:15:46,740 (e2e_asr_attctc_th:2977) INFO: BLSTMP input lengths: [152]
2018-07-11 13:15:47,041 (e2e_asr_attctc_th:2067) INFO: input lengths: 38
2018-07-11 13:15:47,041 (e2e_asr_attctc_th:2091) INFO: max output length: 38
2018-07-11 13:15:47,041 (e2e_asr_attctc_th:2092) INFO: min output length: 0
2018-07-11 13:15:48,902 (e2e_asr_attctc_th:2199) INFO: end detected at 18
2018-07-11 13:15:48,903 (e2e_asr_attctc_th:2217) INFO: total log probability: -1.17260814078
2018-07-11 13:15:48,903 (e2e_asr_attctc_th:2218) INFO: normalized log probability: -0.0902006262141
2018-07-11 13:15:48,904 (asr_pytorch:468) INFO: groundtruth[1502-2_spk_1502_2_051246-051400]: 冀寫戛鄔服妊唪間忐咋樺
2018-07-11 13:15:48,904 (asr_pytorch:469) INFO: prediction [1502-2_spk_1502_2_051246-051400]: 其實我都會好唔開心咁樣<eos>
2018-07-11 13:15:48,922 (e2e_asr_attctc_th:2977) INFO: BLSTMP input lengths: [662]
2018-07-11 13:15:50,234 (e2e_asr_attctc_th:2067) INFO: input lengths: 166
2018-07-11 13:15:50,235 (e2e_asr_attctc_th:2091) INFO: max output length: 166
2018-07-11 13:15:50,235 (e2e_asr_attctc_th:2092) INFO: min output length: 0
2018-07-11 13:15:58,428 (e2e_asr_attctc_th:2206) INFO: no hypothesis. Finish decoding.
2018-07-11 13:15:58,428 (e2e_asr_attctc_th:2217) INFO: total log probability: -39.3215333819
2018-07-11 13:15:58,428 (e2e_asr_attctc_th:2218) INFO: normalized log probability: -0.873811852932
2018-07-11 13:15:58,428 (asr_pytorch:468) INFO: groundtruth[1503-1_spk_1503_1_069992-070656]: 徘尖姚佬訢從呯肇旬呯佬葛刺閊希訢從嗄閊希旨閊叨旨差邕戡耐吃扔邕服朕三倔風祈噯旨屙幢
2018-07-11 13:15:58,429 (asr_pytorch:469) INFO: prediction [1503-1_spk_1503_1_069992-070656]: 你點解你哋幾分呢聽日呢個落到故事記得喺換書嘅門口極咗啲話俾由手變啦會有一個時先係嘅皮望<eos>
2018-07-11 13:15:58,437 (e2e_asr_attctc_th:2977) INFO: BLSTMP input lengths: [408]
2018-07-11 13:15:58,971 (e2e_asr_attctc_th:2067) INFO: input lengths: 102
2018-07-11 13:15:58,971 (e2e_asr_attctc_th:2091) INFO: max output length: 102
2018-07-11 13:15:58,971 (e2e_asr_attctc_th:2092) INFO: min output length: 0
2018-07-11 13:16:02,059 (e2e_asr_attctc_th:2199) INFO: end detected at 27
2018-07-11 13:16:02,060 (e2e_asr_attctc_th:2217) INFO: total log probability: -6.82963853423
2018-07-11 13:16:02,060 (e2e_asr_attctc_th:2218) INFO: normalized log probability: -0.296940805836
2018-07-11 13:16:02,061 (asr_pytorch:468) INFO: groundtruth[3_spk_3_029755-030164]: 咋戛員服朕畸亞皆蚧呈戡耐俏兵皆蚧下皆蚧嘍三倔
2018-07-11 13:16:02,061 (asr_pytorch:469) INFO: prediction [3_spk_3_029755-030164]: 咁我哋會有翻五百蚊媽或者係六百蚊七三蚊幾個<eos>
2018-07-11 13:16:02,069 (e2e_asr_attctc_th:2977) INFO: BLSTMP input lengths: [228]
2018-07-11 13:16:02,366 (e2e_asr_attctc_th:2067) INFO: input lengths: 57
2018-07-11 13:16:02,366 (e2e_asr_attctc_th:2091) INFO: max output length: 57
2018-07-11 13:16:02,367 (e2e_asr_attctc_th:2092) INFO: min output length: 0
2018-07-11 13:16:03,194 (e2e_asr_attctc_th:2206) INFO: no hypothesis. Finish decoding.
2018-07-11 13:16:03,195 (e2e_asr_attctc_th:2217) INFO: total log probability: -7.52232944174
2018-07-11 13:16:03,195 (e2e_asr_attctc_th:2218) INFO: normalized log probability: -0.752232944174
2018-07-11 13:16:03,195 (asr_pytorch:468) INFO: groundtruth[1501-1_spk_1501_1_008438-008668]: 咋尻扯陵埗VITE~啯
2018-07-11 13:16:03,195 (asr_pytorch:469) INFO: prediction [1501-1_spk_1501_1_008438-008668]: 咁就溝除埋魚B啦<eos>
2018-07-11 13:16:03,203 (e2e_asr_attctc_th:2977) INFO: BLSTMP input lengths: [193]
2018-07-11 13:16:03,497 (e2e_asr_attctc_th:2067) INFO: input lengths: 49
2018-07-11 13:16:03,498 (e2e_asr_attctc_th:2091) INFO: max output length: 49
2018-07-11 13:16:03,498 (e2e_asr_attctc_th:2092) INFO: min output length: 0
2018-07-11 13:16:05,050 (e2e_asr_attctc_th:2199) INFO: end detected at 18
2018-07-11 13:16:05,050 (e2e_asr_attctc_th:2217) INFO: total log probability: -2.04392104811
2018-07-11 13:16:05,050 (e2e_asr_attctc_th:2218) INFO: normalized log probability: -0.145994360579
2018-07-11 13:16:05,051 (asr_pytorch:468) INFO: groundtruth[1502-2_spk_1502_2_072388-072583]: 戡耐俏佬刺晏冗磊宣誅毯佰肇
2018-07-11 13:16:05,051 (asr_pytorch:469) INFO: prediction [1502-2_spk_1502_2_072388-072583]: 誒係你到時再確定話俾你聽<eos>
2018-07-11 13:16:05,059 (e2e_asr_attctc_th:2977) INFO: BLSTMP input lengths: [246]
2018-07-11 13:16:05,382 (e2e_asr_attctc_th:2067) INFO: input lengths: 62
2018-07-11 13:16:05,383 (e2e_asr_attctc_th:2091) INFO: max output length: 62
2018-07-11 13:16:05,383 (e2e_asr_attctc_th:2092) INFO: min output length: 0
2018-07-11 13:16:06,913 (e2e_asr_attctc_th:2206) INFO: no hypothesis. Finish decoding.
2018-07-11 13:16:06,914 (e2e_asr_attctc_th:2217) INFO: total log probability: -2.66804830928
2018-07-11 13:16:06,914 (e2e_asr_attctc_th:2218) INFO: normalized log probability: -0.16675301933
2018-07-11 13:16:06,914 (asr_pytorch:468) INFO: groundtruth[3_spk_3_037837-038085]: 咋住俏見由畸三倔咋費嘍SJJIV囖
2018-07-11 13:16:06,914 (asr_pytorch:469) INFO: prediction [3_spk_3_037837-038085]: 咁但係要仲翻一個咁快就我煩咯<eos>
2018-07-11 13:16:06,924 (e2e_asr_attctc_th:2977) INFO: BLSTMP input lengths: [516]
2018-07-11 13:16:07,623 (e2e_asr_attctc_th:2067) INFO: input lengths: 129
2018-07-11 13:16:07,623 (e2e_asr_attctc_th:2091) INFO: max output length: 129
2018-07-11 13:16:07,623 (e2e_asr_attctc_th:2092) INFO: min output length: 0
2018-07-11 13:16:12,552 (e2e_asr_attctc_th:2199) INFO: end detected at 38
2018-07-11 13:16:12,553 (e2e_asr_attctc_th:2217) INFO: total log probability: -17.253604915
2018-07-11 13:16:12,553 (e2e_asr_attctc_th:2218) INFO: normalized log probability: -0.522836512576
2018-07-11 13:16:12,553 (asr_pytorch:468) INFO: groundtruth[1504-1_spk_1504_1_008994-009512]: 姚俏佬幺晏咋佬召夢嗷2倔蚊磋懵誆鄔由釘妊夭喔姚俏朔鄔由間然院且綺
2018-07-11 13:16:12,554 (asr_pytorch:469) INFO: prediction [1504-1_spk_1504_1_008994-009512]: 即你平時咁你另外嗰兩個號碼應該都用量用好大喎即係都仲可能玩上網<eos>
2018-07-11 13:16:12,561 (e2e_asr_attctc_th:2977) INFO: BLSTMP input lengths: [232]
2018-07-11 13:16:12,853 (e2e_asr_attctc_th:2067) INFO: input lengths: 58
2018-07-11 13:16:12,853 (e2e_asr_attctc_th:2091) INFO: max output length: 58
2018-07-11 13:16:12,853 (e2e_asr_attctc_th:2092) INFO: min output length: 0
2018-07-11 13:16:14,587 (e2e_asr_attctc_th:2199) INFO: end detected at 21
2018-07-11 13:16:14,587 (e2e_asr_attctc_th:2217) INFO: total log probability: -4.51437887177
2018-07-11 13:16:14,587 (e2e_asr_attctc_th:2218) INFO: normalized log probability: -0.282148679486
2018-07-11 13:16:14,588 (asr_pytorch:468) INFO: groundtruth[1505-1_spk_1505_1_076742-076976]: 姚俏妍枱佬誅歧幅妍枱佬眯俏俏
2018-07-11 13:16:14,588 (asr_pytorch:469) INFO: prediction [1505-1_spk_1505_1_076742-076976]: 雖然如果你話正常如果你真係佢<eos>
2018-07-11 13:16:14,596 (e2e_asr_attctc_th:2977) INFO: BLSTMP input lengths: [224]
2018-07-11 13:16:14,886 (e2e_asr_attctc_th:2067) INFO: input lengths: 56
2018-07-11 13:16:14,886 (e2e_asr_attctc_th:2091) INFO: max output length: 56
2018-07-11 13:16:14,886 (e2e_asr_attctc_th:2092) INFO: min output length: 0
2018-07-11 13:16:16,762 (e2e_asr_attctc_th:2199) INFO: end detected at 22
2018-07-11 13:16:16,762 (e2e_asr_attctc_th:2217) INFO: total log probability: -14.3219060209
2018-07-11 13:16:16,762 (e2e_asr_attctc_th:2218) INFO: normalized log probability: -0.895119126304
2018-07-11 13:16:16,763 (asr_pytorch:468) INFO: groundtruth[3_spk_3_057135-057361]: 咋哲倔凊靦未少戛嚦謬俏世遵由嘍
2018-07-11 13:16:16,763 (asr_pytorch:469) INFO: prediction [3_spk_3_057135-057361]: 呢個冷正期即係我哋講人不飛用<eos>
2018-07-11 13:16:16,771 (e2e_asr_attctc_th:2977) INFO: BLSTMP input lengths: [150]
2018-07-11 13:16:16,964 (e2e_asr_attctc_th:2067) INFO: input lengths: 38
2018-07-11 13:16:16,964 (e2e_asr_attctc_th:2091) INFO: max output length: 38
2018-07-11 13:16:16,964 (e2e_asr_attctc_th:2092) INFO: min output length: 0
2018-07-11 13:16:17,769 (e2e_asr_attctc_th:2206) INFO: no hypothesis. Finish decoding.
2018-07-11 13:16:17,770 (e2e_asr_attctc_th:2217) INFO: total log probability: -7.42487648269
2018-07-11 13:16:17,770 (e2e_asr_attctc_th:2218) INFO: normalized log probability: -0.674988771154
2018-07-11 13:16:17,770 (asr_pytorch:468) INFO: groundtruth[1502-1_spk_1502_1_002434-002586]: 哭耗<unk>飬飾呈SO呈
2018-07-11 13:16:17,770 (asr_pytorch:469) INFO: prediction [1502-1_spk_1502_1_002434-002586]: 話有一食飯啊屋企啊<eos>
2018-07-11 13:16:17,778 (e2e_asr_attctc_th:2977) INFO: BLSTMP input lengths: [198]
2018-07-11 13:16:18,033 (e2e_asr_attctc_th:2067) INFO: input lengths: 50
2018-07-11 13:16:18,034 (e2e_asr_attctc_th:2091) INFO: max output length: 50
2018-07-11 13:16:18,034 (e2e_asr_attctc_th:2092) INFO: min output length: 0
2018-07-11 13:16:19,884 (e2e_asr_attctc_th:2199) INFO: end detected at 22
2018-07-11 13:16:19,884 (e2e_asr_attctc_th:2217) INFO: total log probability: -15.9151880741
2018-07-11 13:16:19,884 (e2e_asr_attctc_th:2218) INFO: normalized log probability: -0.994699254632
2018-07-11 13:16:19,885 (asr_pytorch:468) INFO: groundtruth[12_spk_12_035997-036197]: 尻倍考40蚧巴B咋樺樺
2018-07-11 13:16:19,885 (asr_pytorch:469) INFO: prediction [12_spk_12_035997-036197]: 我就話俾翻啊咁樣有餐廳咁樣嘅<eos>
2018-07-11 13:16:19,895 (e2e_asr_attctc_th:2977) INFO: BLSTMP input lengths: [836]
2018-07-11 13:16:20,939 (e2e_asr_attctc_th:2067) INFO: input lengths: 209
2018-07-11 13:16:20,939 (e2e_asr_attctc_th:2091) INFO: max output length: 209
2018-07-11 13:16:20,939 (e2e_asr_attctc_th:2092) INFO: min output length: 0
2018-07-11 13:16:32,776 (e2e_asr_attctc_th:2206) INFO: no hypothesis. Finish decoding.
2018-07-11 13:16:32,776 (e2e_asr_attctc_th:2217) INFO: total log probability: -35.4793997705
2018-07-11 13:16:32,777 (e2e_asr_attctc_th:2218) INFO: normalized log probability: -0.739154161885
2018-07-11 13:16:32,777 (asr_pytorch:468) INFO: groundtruth[1504-1_spk_1504_1_039748-040586]: 住俏耗<unk>毯刺尖姚佬呯倔蚊磋旨誅戛侶邕司件幹佬町諛尻毛倔朔幺60蚧三倔朔尻424蚧化埗18蚧街敏賀
2018-07-11 13:16:32,777 (asr_pytorch:469) INFO: prediction [1504-1_spk_1504_1_039748-040586]: 但係而傢你嗰小想你個號碼嘅話我依邊可以幫你身整就會佢平六三蚊個月就四百二十四蚊翻埋實得翻定係<eos>
2018-07-11 13:16:32,791 (e2e_asr_attctc_th:2977) INFO: BLSTMP input lengths: [370]
2018-07-11 13:16:33,407 (e2e_asr_attctc_th:2067) INFO: input lengths: 93
2018-07-11 13:16:33,408 (e2e_asr_attctc_th:2091) INFO: max output length: 93
2018-07-11 13:16:33,408 (e2e_asr_attctc_th:2092) INFO: min output length: 0
2018-07-11 13:16:38,025 (e2e_asr_attctc_th:2199) INFO: end detected at 26
2018-07-11 13:16:38,025 (e2e_asr_attctc_th:2217) INFO: total log probability: -17.0497817118
2018-07-11 13:16:38,025 (e2e_asr_attctc_th:2218) INFO: normalized log probability: -0.897356932199
2018-07-11 13:16:38,027 (asr_pytorch:468) INFO: groundtruth[1505-2_spk_1505_2_023580-023952]: 戛誅佰址咋遢冀寫戛宥<unk>由緘GWP
2018-07-11 13:16:38,028 (asr_pytorch:469) INFO: prediction [1505-2_spk_1505_2_023580-023952]: 我話佢哋仲信其實我而傢點樣先係之後<eos>
2018-07-11 13:16:38,043 (e2e_asr_attctc_th:2977) INFO: BLSTMP input lengths: [450]
2018-07-11 13:16:39,000 (e2e_asr_attctc_th:2067) INFO: input lengths: 113
2018-07-11 13:16:39,000 (e2e_asr_attctc_th:2091) INFO: max output length: 113
2018-07-11 13:16:39,000 (e2e_asr_attctc_th:2092) INFO: min output length: 0
2018-07-11 13:16:44,209 (e2e_asr_attctc_th:2199) INFO: end detected at 26
2018-07-11 13:16:44,210 (e2e_asr_attctc_th:2217) INFO: total log probability: -12.6470655105
2018-07-11 13:16:44,210 (e2e_asr_attctc_th:2218) INFO: normalized log probability: -0.574866614114
2018-07-11 13:16:44,211 (asr_pytorch:468) INFO: groundtruth[12_spk_12_023080-023532]: 住俏戛宥<unk>囹烕戛宥<unk>朕啼由通喋
2018-07-11 13:16:44,212 (asr_pytorch:469) INFO: prediction [12_spk_12_023080-023532]: 但係我而傢因為因為我而傢誒養又已經用圖啦<eos>
2018-07-11 13:16:44,224 (e2e_asr_attctc_th:2977) INFO: BLSTMP input lengths: [69]
2018-07-11 13:16:44,380 (e2e_asr_attctc_th:2067) INFO: input lengths: 18
2018-07-11 13:16:44,381 (e2e_asr_attctc_th:2091) INFO: max output length: 18
2018-07-11 13:16:44,381 (e2e_asr_attctc_th:2092) INFO: min output length: 0
2018-07-11 13:16:45,010 (e2e_asr_attctc_th:2199) INFO: end detected at 10
2018-07-11 13:16:45,011 (e2e_asr_attctc_th:2217) INFO: total log probability: -2.24604842812
2018-07-11 13:16:45,011 (e2e_asr_attctc_th:2218) INFO: normalized log probability: -0.449209685624
2018-07-11 13:16:45,012 (asr_pytorch:468) INFO: groundtruth[1504-2_spk_1504_2_074643-074714]: 俏囖
2018-07-11 13:16:45,012 (asr_pytorch:469) INFO: prediction [1504-2_spk_1504_2_074643-074714]: 啊係啊<eos>
2018-07-11 13:16:45,019 (e2e_asr_attctc_th:2977) INFO: BLSTMP input lengths: [62]
2018-07-11 13:16:45,123 (e2e_asr_attctc_th:2067) INFO: input lengths: 16
2018-07-11 13:16:45,123 (e2e_asr_attctc_th:2091) INFO: max output length: 16
2018-07-11 13:16:45,123 (e2e_asr_attctc_th:2092) INFO: min output length: 0
2018-07-11 13:16:45,724 (e2e_asr_attctc_th:2199) INFO: end detected at 10
2018-07-11 13:16:45,724 (e2e_asr_attctc_th:2217) INFO: total log probability: -3.23457086831
2018-07-11 13:16:45,724 (e2e_asr_attctc_th:2218) INFO: normalized log probability: -0.646914173663
2018-07-11 13:16:45,725 (asr_pytorch:468) INFO: groundtruth[1503-2_spk_1503_2_089436-089500]: 嗶嗶
2018-07-11 13:16:45,725 (asr_pytorch:469) INFO: prediction [1503-2_spk_1503_2_089436-089500]: 嗯都係<eos>
2018-07-11 13:16:45,733 (e2e_asr_attctc_th:2977) INFO: BLSTMP input lengths: [210]
2018-07-11 13:16:46,040 (e2e_asr_attctc_th:2067) INFO: input lengths: 53
2018-07-11 13:16:46,040 (e2e_asr_attctc_th:2091) INFO: max output length: 53
2018-07-11 13:16:46,040 (e2e_asr_attctc_th:2092) INFO: min output length: 0
2018-07-11 13:16:46,998 (e2e_asr_attctc_th:2206) INFO: no hypothesis. Finish decoding.
2018-07-11 13:16:46,998 (e2e_asr_attctc_th:2217) INFO: total log probability: -7.07073846832
2018-07-11 13:16:46,998 (e2e_asr_attctc_th:2218) INFO: normalized log probability: -0.707073846832
2018-07-11 13:16:46,999 (asr_pytorch:468) INFO: groundtruth[1504-2_spk_1504_2_011608-011820]: 黴矮鄔唪天由爛咩
2018-07-11 13:16:46,999 (asr_pytorch:469) INFO: prediction [1504-2_spk_1504_2_011608-011820]: 唔知都唔有約打咗<eos>
2018-07-11 13:16:47,008 (e2e_asr_attctc_th:2977) INFO: BLSTMP input lengths: [438]
2018-07-11 13:16:47,583 (e2e_asr_attctc_th:2067) INFO: input lengths: 110
2018-07-11 13:16:47,583 (e2e_asr_attctc_th:2091) INFO: max output length: 110
2018-07-11 13:16:47,583 (e2e_asr_attctc_th:2092) INFO: min output length: 0
2018-07-11 13:16:51,853 (e2e_asr_attctc_th:2199) INFO: end detected at 32
2018-07-11 13:16:51,853 (e2e_asr_attctc_th:2217) INFO: total log probability: -23.609896481
2018-07-11 13:16:51,853 (e2e_asr_attctc_th:2218) INFO: normalized log probability: -0.874440610409
2018-07-11 13:16:51,854 (asr_pytorch:468) INFO: groundtruth[1504-1_spk_1504_1_000271-000711]: 俏佬妊呯刺斌磋速聶絨柎側緘啼扔換霆誅旨且<unk>儼想
2018-07-11 13:16:51,854 (asr_pytorch:469) INFO: prediction [1504-1_spk_1504_1_000271-000711]: 哈你係好呢度數碼通聯歐一啊係撞啲手提電話你上茶一話<eos>
2018-07-11 13:16:51,862 (e2e_asr_attctc_th:2977) INFO: BLSTMP input lengths: [18]
2018-07-11 13:16:51,908 (e2e_asr_attctc_th:2067) INFO: input lengths: 5
2018-07-11 13:16:51,908 (e2e_asr_attctc_th:2091) INFO: max output length: 5
2018-07-11 13:16:51,908 (e2e_asr_attctc_th:2092) INFO: min output length: 0
2018-07-11 13:16:52,115 (e2e_asr_attctc_th:2180) INFO: adding <eos> in the last postion in the loop
2018-07-11 13:16:52,115 (e2e_asr_attctc_th:2206) INFO: no hypothesis. Finish decoding.
2018-07-11 13:16:52,115 (e2e_asr_attctc_th:2217) INFO: total log probability: -0.0153261986561
2018-07-11 13:16:52,116 (e2e_asr_attctc_th:2218) INFO: normalized log probability: -0.00510873288537
2018-07-11 13:16:52,116 (asr_pytorch:468) INFO: groundtruth[1502-2_spk_1502_2_087255-087275]: 嗶
2018-07-11 13:16:52,116 (asr_pytorch:469) INFO: prediction [1502-2_spk_1502_2_087255-087275]: 嗯<eos>
2018-07-11 13:16:52,125 (e2e_asr_attctc_th:2977) INFO: BLSTMP input lengths: [278]
2018-07-11 13:16:52,517 (e2e_asr_attctc_th:2067) INFO: input lengths: 70
2018-07-11 13:16:52,517 (e2e_asr_attctc_th:2091) INFO: max output length: 70
2018-07-11 13:16:52,518 (e2e_asr_attctc_th:2092) INFO: min output length: 0
2018-07-11 13:16:54,844 (e2e_asr_attctc_th:2199) INFO: end detected at 22
2018-07-11 13:16:54,844 (e2e_asr_attctc_th:2217) INFO: total log probability: -15.4864452491
2018-07-11 13:16:54,844 (e2e_asr_attctc_th:2218) INFO: normalized log probability: -0.910967367592
2018-07-11 13:16:54,845 (asr_pytorch:468) INFO: groundtruth[3_spk_3_034290-034570]: 卉亙蚊卉亙蚊嗶
2018-07-11 13:16:54,845 (asr_pytorch:469) INFO: prediction [3_spk_3_034290-034570]: 十係要後跟著你呢個係等十四號咁<eos>
2018-07-11 13:16:54,854 (e2e_asr_attctc_th:2977) INFO: BLSTMP input lengths: [31]
2018-07-11 13:16:54,908 (e2e_asr_attctc_th:2067) INFO: input lengths: 8
2018-07-11 13:16:54,908 (e2e_asr_attctc_th:2091) INFO: max output length: 8
2018-07-11 13:16:54,908 (e2e_asr_attctc_th:2092) INFO: min output length: 0
2018-07-11 13:16:55,232 (e2e_asr_attctc_th:2180) INFO: adding <eos> in the last postion in the loop
2018-07-11 13:16:55,232 (e2e_asr_attctc_th:2206) INFO: no hypothesis. Finish decoding.
2018-07-11 13:16:55,233 (e2e_asr_attctc_th:2217) INFO: total log probability: -3.51189779863
2018-07-11 13:16:55,233 (e2e_asr_attctc_th:2218) INFO: normalized log probability: -0.877974449657
2018-07-11 13:16:55,233 (asr_pytorch:468) INFO: groundtruth[9_spk_9_063211-063244]: 俏
2018-07-11 13:16:55,233 (asr_pytorch:469) INFO: prediction [9_spk_9_063211-063244]: 同埋<eos>
2018-07-11 13:16:55,242 (e2e_asr_attctc_th:2977) INFO: BLSTMP input lengths: [465]
2018-07-11 13:16:55,878 (e2e_asr_attctc_th:2067) INFO: input lengths: 117
2018-07-11 13:16:55,879 (e2e_asr_attctc_th:2091) INFO: max output length: 117
2018-07-11 13:16:55,879 (e2e_asr_attctc_th:2092) INFO: min output length: 0
2018-07-11 13:16:59,105 (e2e_asr_attctc_th:2206) INFO: no hypothesis. Finish decoding.
2018-07-11 13:16:59,105 (e2e_asr_attctc_th:2217) INFO: total log probability: -16.2986336225
2018-07-11 13:16:59,105 (e2e_asr_attctc_th:2218) INFO: normalized log probability: -0.651945344899
2018-07-11 13:16:59,106 (asr_pytorch:468) INFO: groundtruth[4_spk_4_054837-055304]: 俏咋跨何反八刺叄啯佰服朕倔可竣卿啦勞嘍挪鎊啯
2018-07-11 13:16:59,106 (asr_pytorch:469) INFO: prediction [4_spk_4_054837-055304]: 係咁咁著又入到去啦佢會有個錶立即係體動嘅按件啦<eos>
2018-07-11 13:16:59,114 (e2e_asr_attctc_th:2977) INFO: BLSTMP input lengths: [167]
2018-07-11 13:16:59,332 (e2e_asr_attctc_th:2067) INFO: input lengths: 42
2018-07-11 13:16:59,332 (e2e_asr_attctc_th:2091) INFO: max output length: 42
2018-07-11 13:16:59,332 (e2e_asr_attctc_th:2092) INFO: min output length: 0
2018-07-11 13:17:00,421 (e2e_asr_attctc_th:2199) INFO: end detected at 15
2018-07-11 13:17:00,421 (e2e_asr_attctc_th:2217) INFO: total log probability: -4.12267023884
2018-07-11 13:17:00,422 (e2e_asr_attctc_th:2218) INFO: normalized log probability: -0.412267023884
2018-07-11 13:17:00,423 (asr_pytorch:468) INFO: groundtruth[3_spk_3_048000-048169]: 俏啯咋冀寫戛由釘
2018-07-11 13:17:00,423 (asr_pytorch:469) INFO: prediction [3_spk_3_048000-048169]: 係啊咁其實我咁樣<eos>
2018-07-11 13:17:00,430 (e2e_asr_attctc_th:2977) INFO: BLSTMP input lengths: [90]
2018-07-11 13:17:00,557 (e2e_asr_attctc_th:2067) INFO: input lengths: 23
2018-07-11 13:17:00,558 (e2e_asr_attctc_th:2091) INFO: max output length: 23
2018-07-11 13:17:00,558 (e2e_asr_attctc_th:2092) INFO: min output length: 0
2018-07-11 13:17:00,892 (e2e_asr_attctc_th:2206) INFO: no hypothesis. Finish decoding.
2018-07-11 13:17:00,893 (e2e_asr_attctc_th:2217) INFO: total log probability: -3.50768906251
2018-07-11 13:17:00,893 (e2e_asr_attctc_th:2218) INFO: normalized log probability: -0.584614843751
2018-07-11 13:17:00,893 (asr_pytorch:468) INFO: groundtruth[1505-2_spk_1505_2_068666-068758]: 住服唪服慪啖
2018-07-11 13:17:00,893 (asr_pytorch:469) INFO: prediction [1505-2_spk_1505_2_068666-068758]: 大姑買咯<eos>
2018-07-11 13:17:00,902 (e2e_asr_attctc_th:2977) INFO: BLSTMP input lengths: [500]
2018-07-11 13:17:01,543 (e2e_asr_attctc_th:2067) INFO: input lengths: 125
2018-07-11 13:17:01,543 (e2e_asr_attctc_th:2091) INFO: max output length: 125
2018-07-11 13:17:01,543 (e2e_asr_attctc_th:2092) INFO: min output length: 0
2018-07-11 13:17:03,841 (e2e_asr_attctc_th:2206) INFO: no hypothesis. Finish decoding.
2018-07-11 13:17:03,841 (e2e_asr_attctc_th:2217) INFO: total log probability: -7.72429156769
2018-07-11 13:17:03,841 (e2e_asr_attctc_th:2218) INFO: normalized log probability: -0.406541661457
2018-07-11 13:17:03,842 (asr_pytorch:468) INFO: groundtruth[1504-2_spk_1504_2_040388-040890]: 軒咋佬呯倔姚俏俏啯戛戛乒剛朕諦道旨
2018-07-11 13:17:03,842 (asr_pytorch:469) INFO: prediction [1504-2_spk_1504_2_040388-040890]: 哦咁你呢個即係係嘞我我知見有諗過嘅<eos>
2018-07-11 13:17:03,849 (e2e_asr_attctc_th:2977) INFO: BLSTMP input lengths: [61]
2018-07-11 13:17:03,935 (e2e_asr_attctc_th:2067) INFO: input lengths: 16
2018-07-11 13:17:03,936 (e2e_asr_attctc_th:2091) INFO: max output length: 16
2018-07-11 13:17:03,936 (e2e_asr_attctc_th:2092) INFO: min output length: 0
2018-07-11 13:17:04,263 (e2e_asr_attctc_th:2199) INFO: end detected at 7
2018-07-11 13:17:04,263 (e2e_asr_attctc_th:2217) INFO: total log probability: -0.101104501635
2018-07-11 13:17:04,263 (e2e_asr_attctc_th:2218) INFO: normalized log probability: -0.0337015005449
2018-07-11 13:17:04,264 (asr_pytorch:468) INFO: groundtruth[1503-2_spk_1503_2_006018-006081]: 嗶
2018-07-11 13:17:04,264 (asr_pytorch:469) INFO: prediction [1503-2_spk_1503_2_006018-006081]: 嗯<eos>
2018-07-11 13:17:04,271 (e2e_asr_attctc_th:2977) INFO: BLSTMP input lengths: [34]
2018-07-11 13:17:04,324 (e2e_asr_attctc_th:2067) INFO: input lengths: 9
2018-07-11 13:17:04,325 (e2e_asr_attctc_th:2091) INFO: max output length: 9
2018-07-11 13:17:04,325 (e2e_asr_attctc_th:2092) INFO: min output length: 0
2018-07-11 13:17:04,618 (e2e_asr_attctc_th:2199) INFO: end detected at 7
2018-07-11 13:17:04,618 (e2e_asr_attctc_th:2217) INFO: total log probability: -0.00949113722891
2018-07-11 13:17:04,618 (e2e_asr_attctc_th:2218) INFO: normalized log probability: -0.00316371240964
2018-07-11 13:17:04,619 (asr_pytorch:468) INFO: groundtruth[1505-1_spk_1505_1_078282-078318]: 俏
2018-07-11 13:17:04,619 (asr_pytorch:469) INFO: prediction [1505-1_spk_1505_1_078282-078318]: 係<eos>
2018-07-11 13:17:04,627 (e2e_asr_attctc_th:2977) INFO: BLSTMP input lengths: [160]
2018-07-11 13:17:04,846 (e2e_asr_attctc_th:2067) INFO: input lengths: 40
2018-07-11 13:17:04,847 (e2e_asr_attctc_th:2091) INFO: max output length: 40
2018-07-11 13:17:04,847 (e2e_asr_attctc_th:2092) INFO: min output length: 0
2018-07-11 13:17:05,730 (e2e_asr_attctc_th:2199) INFO: end detected at 12
2018-07-11 13:17:05,730 (e2e_asr_attctc_th:2217) INFO: total log probability: -7.11217318662
2018-07-11 13:17:05,730 (e2e_asr_attctc_th:2218) INFO: normalized log probability: -0.889021648327
2018-07-11 13:17:05,731 (asr_pytorch:468) INFO: groundtruth[8_spk_8_036035-036197]: 必禮必禮倔必呈
2018-07-11 13:17:05,731 (asr_pytorch:469) INFO: prediction [8_spk_8_036035-036197]: 不服實覺得啊<eos>
2018-07-11 13:17:05,745 (e2e_asr_attctc_th:2977) INFO: BLSTMP input lengths: [153]
2018-07-11 13:17:05,956 (e2e_asr_attctc_th:2067) INFO: input lengths: 39
2018-07-11 13:17:05,956 (e2e_asr_attctc_th:2091) INFO: max output length: 39
2018-07-11 13:17:05,956 (e2e_asr_attctc_th:2092) INFO: min output length: 0
2018-07-11 13:17:06,987 (e2e_asr_attctc_th:2199) INFO: end detected at 14
2018-07-11 13:17:06,988 (e2e_asr_attctc_th:2217) INFO: total log probability: -10.1174942255
2018-07-11 13:17:06,988 (e2e_asr_attctc_th:2218) INFO: normalized log probability: -1.12416602506
2018-07-11 13:17:06,988 (asr_pytorch:468) INFO: groundtruth[3_spk_3_034215-034370]: 囤朔卉亙蚊
2018-07-11 13:17:06,989 (asr_pytorch:469) INFO: prediction [3_spk_3_034215-034370]: 星要十二十六號<eos>
2018-07-11 13:17:06,996 (e2e_asr_attctc_th:2977) INFO: BLSTMP input lengths: [58]
2018-07-11 13:17:07,080 (e2e_asr_attctc_th:2067) INFO: input lengths: 15
2018-07-11 13:17:07,080 (e2e_asr_attctc_th:2091) INFO: max output length: 15
2018-07-11 13:17:07,080 (e2e_asr_attctc_th:2092) INFO: min output length: 0
2018-07-11 13:17:07,613 (e2e_asr_attctc_th:2199) INFO: end detected at 10
2018-07-11 13:17:07,613 (e2e_asr_attctc_th:2217) INFO: total log probability: -6.25982898846
2018-07-11 13:17:07,613 (e2e_asr_attctc_th:2218) INFO: normalized log probability: -1.04330483141
2018-07-11 13:17:07,614 (asr_pytorch:468) INFO: groundtruth[4_spk_4_010066-010126]: 966
2018-07-11 13:17:07,614 (asr_pytorch:469) INFO: prediction [4_spk_4_010066-010126]: 啊我六六<eos>
2018-07-11 13:17:07,621 (e2e_asr_attctc_th:2977) INFO: BLSTMP input lengths: [68]
2018-07-11 13:17:07,715 (e2e_asr_attctc_th:2067) INFO: input lengths: 17
2018-07-11 13:17:07,715 (e2e_asr_attctc_th:2091) INFO: max output length: 17
2018-07-11 13:17:07,715 (e2e_asr_attctc_th:2092) INFO: min output length: 0
2018-07-11 13:17:08,460 (e2e_asr_attctc_th:2199) INFO: end detected at 13
2018-07-11 13:17:08,461 (e2e_asr_attctc_th:2217) INFO: total log probability: -8.20028040931
2018-07-11 13:17:08,461 (e2e_asr_attctc_th:2218) INFO: normalized log probability: -1.1714686299
2018-07-11 13:17:08,461 (asr_pytorch:468) INFO: groundtruth[1505-2_spk_1505_2_045380-045450]: B
2018-07-11 13:17:08,461 (asr_pytorch:469) INFO: prediction [1505-2_spk_1505_2_045380-045450]: 嗯等陣嚟咯<eos>
2018-07-11 13:17:08,469 (e2e_asr_attctc_th:2977) INFO: BLSTMP input lengths: [105]
2018-07-11 13:17:08,609 (e2e_asr_attctc_th:2067) INFO: input lengths: 27
2018-07-11 13:17:08,610 (e2e_asr_attctc_th:2091) INFO: max output length: 27
2018-07-11 13:17:08,610 (e2e_asr_attctc_th:2092) INFO: min output length: 0
2018-07-11 13:17:09,180 (e2e_asr_attctc_th:2206) INFO: no hypothesis. Finish decoding.
2018-07-11 13:17:09,180 (e2e_asr_attctc_th:2217) INFO: total log probability: -6.09936953522
2018-07-11 13:17:09,180 (e2e_asr_attctc_th:2218) INFO: normalized log probability: -0.762421191903
2018-07-11 13:17:09,180 (asr_pytorch:468) INFO: groundtruth[1505-2_spk_1505_2_087576-087683]: 朋尤卒倔朔啯
2018-07-11 13:17:09,180 (asr_pytorch:469) INFO: prediction [1505-2_spk_1505_2_087576-087683]: 對小嗰個月啦<eos>
2018-07-11 13:17:09,190 (e2e_asr_attctc_th:2977) INFO: BLSTMP input lengths: [718]
2018-07-11 13:17:10,102 (e2e_asr_attctc_th:2067) INFO: input lengths: 180
2018-07-11 13:17:10,103 (e2e_asr_attctc_th:2091) INFO: max output length: 180
2018-07-11 13:17:10,103 (e2e_asr_attctc_th:2092) INFO: min output length: 0
2018-07-11 13:17:15,398 (e2e_asr_attctc_th:2206) INFO: no hypothesis. Finish decoding.
2018-07-11 13:17:15,398 (e2e_asr_attctc_th:2217) INFO: total log probability: -30.3758488586
2018-07-11 13:17:15,398 (e2e_asr_attctc_th:2218) INFO: normalized log probability: -0.920480268443
2018-07-11 13:17:15,399 (asr_pytorch:468) INFO: groundtruth[1503-2_spk_1503_2_064379-065100]: 哭姚俏唪俏男戛轟<unk>姚俏疊戛6朔2蚊宙紋咋戛尻嗄佬呯刺6朔2蚊間姓咋樺
2018-07-11 13:17:15,399 (asr_pytorch:469) INFO: prediction [1503-2_spk_1503_2_064379-065100]: 啊即係唔係有我轉颱即係個六月二號園量咁我又係呢度錄完樓下次咁樣<eos>
2018-07-11 13:17:15,407 (e2e_asr_attctc_th:2977) INFO: BLSTMP input lengths: [411]
2018-07-11 13:17:15,985 (e2e_asr_attctc_th:2067) INFO: input lengths: 103
2018-07-11 13:17:15,986 (e2e_asr_attctc_th:2091) INFO: max output length: 103
2018-07-11 13:17:15,986 (e2e_asr_attctc_th:2092) INFO: min output length: 0
2018-07-11 13:17:20,190 (e2e_asr_attctc_th:2199) INFO: end detected at 32
2018-07-11 13:17:20,190 (e2e_asr_attctc_th:2217) INFO: total log probability: -20.6543684099
2018-07-11 13:17:20,190 (e2e_asr_attctc_th:2218) INFO: normalized log probability: -0.794398784996
2018-07-11 13:17:20,191 (asr_pytorch:468) INFO: groundtruth[4_spk_4_002862-003275]: 誅誅誅摁刺戛倔付倔IQEMP誅冗扚畸嚦嘍可戛
2018-07-11 13:17:20,191 (asr_pytorch:469) INFO: prediction [4_spk_4_002862-003275]: 話啦話要搵到我底佢GMAIL又話再去打翻嚟嘅話我<eos>
2018-07-11 13:17:20,199 (e2e_asr_attctc_th:2977) INFO: BLSTMP input lengths: [142]
2018-07-11 13:17:20,388 (e2e_asr_attctc_th:2067) INFO: input lengths: 36
2018-07-11 13:17:20,389 (e2e_asr_attctc_th:2091) INFO: max output length: 36
2018-07-11 13:17:20,389 (e2e_asr_attctc_th:2092) INFO: min output length: 0
2018-07-11 13:17:21,606 (e2e_asr_attctc_th:2199) INFO: end detected at 18
2018-07-11 13:17:21,606 (e2e_asr_attctc_th:2217) INFO: total log probability: -8.05277646706
2018-07-11 13:17:21,607 (e2e_asr_attctc_th:2218) INFO: normalized log probability: -0.732070587914
2018-07-11 13:17:21,607 (asr_pytorch:468) INFO: groundtruth[12_spk_12_048008-048152]: 卿俏嗷倔ETT嗷刺
2018-07-11 13:17:21,607 (asr_pytorch:469) INFO: prediction [12_spk_12_048008-048152]: 即係嗰個APP兩下<eos>
2018-07-11 13:17:21,615 (e2e_asr_attctc_th:2977) INFO: BLSTMP input lengths: [85]
2018-07-11 13:17:21,733 (e2e_asr_attctc_th:2067) INFO: input lengths: 22
2018-07-11 13:17:21,733 (e2e_asr_attctc_th:2091) INFO: max output length: 22
2018-07-11 13:17:21,733 (e2e_asr_attctc_th:2092) INFO: min output length: 0
2018-07-11 13:17:22,496 (e2e_asr_attctc_th:2199) INFO: end detected at 13
2018-07-11 13:17:22,496 (e2e_asr_attctc_th:2217) INFO: total log probability: -8.7840590477
2018-07-11 13:17:22,496 (e2e_asr_attctc_th:2218) INFO: normalized log probability: -1.25486557824
2018-07-11 13:17:22,497 (asr_pytorch:468) INFO: groundtruth[3_spk_3_053954-054041]: 吔埗啷啷兒
2018-07-11 13:17:22,497 (asr_pytorch:469) INFO: prediction [3_spk_3_053954-054041]: <SPK/>大傢人咩<eos>
2018-07-11 13:17:22,505 (e2e_asr_attctc_th:2977) INFO: BLSTMP input lengths: [178]
2018-07-11 13:17:22,731 (e2e_asr_attctc_th:2067) INFO: input lengths: 45
2018-07-11 13:17:22,732 (e2e_asr_attctc_th:2091) INFO: max output length: 45
2018-07-11 13:17:22,732 (e2e_asr_attctc_th:2092) INFO: min output length: 0
2018-07-11 13:17:23,732 (e2e_asr_attctc_th:2199) INFO: end detected at 14
2018-07-11 13:17:23,732 (e2e_asr_attctc_th:2217) INFO: total log probability: -0.320172194391
2018-07-11 13:17:23,732 (e2e_asr_attctc_th:2218) INFO: normalized log probability: -0.0355746882657
2018-07-11 13:17:23,733 (asr_pytorch:468) INFO: groundtruth[3_spk_3_035970-036150]: 佬覢刺冀仞兲各
2018-07-11 13:17:23,733 (asr_pytorch:469) INFO: prediction [3_spk_3_035970-036150]: 你見到其他公司<eos>
2018-07-11 13:17:23,741 (e2e_asr_attctc_th:2977) INFO: BLSTMP input lengths: [75]
2018-07-11 13:17:23,843 (e2e_asr_attctc_th:2067) INFO: input lengths: 19
2018-07-11 13:17:23,843 (e2e_asr_attctc_th:2091) INFO: max output length: 19
2018-07-11 13:17:23,843 (e2e_asr_attctc_th:2092) INFO: min output length: 0
2018-07-11 13:17:24,397 (e2e_asr_attctc_th:2199) INFO: end detected at 10
2018-07-11 13:17:24,398 (e2e_asr_attctc_th:2217) INFO: total log probability: -2.70466201939
2018-07-11 13:17:24,398 (e2e_asr_attctc_th:2218) INFO: normalized log probability: -0.450777003231
2018-07-11 13:17:24,398 (asr_pytorch:468) INFO: groundtruth[1501-1_spk_1501_1_015780-015857]: 嗷卉共蚧
2018-07-11 13:17:24,398 (asr_pytorch:469) INFO: prediction [1501-1_spk_1501_1_015780-015857]: 嗰陣啊蚊<eos>
2018-07-11 13:17:24,407 (e2e_asr_attctc_th:2977) INFO: BLSTMP input lengths: [308]
2018-07-11 13:17:24,796 (e2e_asr_attctc_th:2067) INFO: input lengths: 77
2018-07-11 13:17:24,797 (e2e_asr_attctc_th:2091) INFO: max output length: 77
2018-07-11 13:17:24,797 (e2e_asr_attctc_th:2092) INFO: min output length: 0
2018-07-11 13:17:27,318 (e2e_asr_attctc_th:2199) INFO: end detected at 27
2018-07-11 13:17:27,318 (e2e_asr_attctc_th:2217) INFO: total log probability: -15.3982349122
2018-07-11 13:17:27,318 (e2e_asr_attctc_th:2218) INFO: normalized log probability: -0.810433416431
2018-07-11 13:17:27,319 (asr_pytorch:468) INFO: groundtruth[1504-1_spk_1504_1_047712-048022]: 逸_MJM倔_MJMGEPPMRK啯姚俏妍枱佬嗄兲各
2018-07-11 13:17:27,319 (asr_pytorch:469) INFO: prediction [1504-1_spk_1504_1_047712-048022]: 連拉翻好乖快過嚟啦即係如果你係公司<eos>
2018-07-11 13:17:27,327 (e2e_asr_attctc_th:2977) INFO: BLSTMP input lengths: [151]
2018-07-11 13:17:27,539 (e2e_asr_attctc_th:2067) INFO: input lengths: 38
2018-07-11 13:17:27,539 (e2e_asr_attctc_th:2091) INFO: max output length: 38
2018-07-11 13:17:27,539 (e2e_asr_attctc_th:2092) INFO: min output length: 0
2018-07-11 13:17:28,828 (e2e_asr_attctc_th:2199) INFO: end detected at 14
2018-07-11 13:17:28,829 (e2e_asr_attctc_th:2217) INFO: total log probability: -0.324383715051
2018-07-11 13:17:28,829 (e2e_asr_attctc_th:2218) INFO: normalized log probability: -0.0324383715051
2018-07-11 13:17:28,830 (asr_pytorch:468) INFO: groundtruth[1502-2_spk_1502_2_010904-011057]: 乒剛戛鄔朕宭扁啯
2018-07-11 13:17:28,831 (asr_pytorch:469) INFO: prediction [1502-2_spk_1502_2_010904-011057]: 之前我都有客戶啦<eos>
2018-07-11 13:17:28,844 (e2e_asr_attctc_th:2977) INFO: BLSTMP input lengths: [25]
2018-07-11 13:17:28,913 (e2e_asr_attctc_th:2067) INFO: input lengths: 7
2018-07-11 13:17:28,913 (e2e_asr_attctc_th:2091) INFO: max output length: 7
2018-07-11 13:17:28,913 (e2e_asr_attctc_th:2092) INFO: min output length: 0
2018-07-11 13:17:29,251 (e2e_asr_attctc_th:2180) INFO: adding <eos> in the last postion in the loop
2018-07-11 13:17:29,252 (e2e_asr_attctc_th:2206) INFO: no hypothesis. Finish decoding.
2018-07-11 13:17:29,252 (e2e_asr_attctc_th:2217) INFO: total log probability: -0.0753151830286
2018-07-11 13:17:29,252 (e2e_asr_attctc_th:2218) INFO: normalized log probability: -0.0251050610095
2018-07-11 13:17:29,253 (asr_pytorch:468) INFO: groundtruth[1502-1_spk_1502_1_026962-026989]: 嗶
2018-07-11 13:17:29,254 (asr_pytorch:469) INFO: prediction [1502-1_spk_1502_1_026962-026989]: 嗯<eos>
2018-07-11 13:17:29,271 (e2e_asr_attctc_th:2977) INFO: BLSTMP input lengths: [182]
2018-07-11 13:17:29,678 (e2e_asr_attctc_th:2067) INFO: input lengths: 46
2018-07-11 13:17:29,678 (e2e_asr_attctc_th:2091) INFO: max output length: 46
2018-07-11 13:17:29,678 (e2e_asr_attctc_th:2092) INFO: min output length: 0
2018-07-11 13:17:30,831 (e2e_asr_attctc_th:2206) INFO: no hypothesis. Finish decoding.
2018-07-11 13:17:30,831 (e2e_asr_attctc_th:2217) INFO: total log probability: -4.14754081378
2018-07-11 13:17:30,832 (e2e_asr_attctc_th:2218) INFO: normalized log probability: -0.414754081378
2018-07-11 13:17:30,832 (asr_pytorch:468) INFO: groundtruth[1501-1_spk_1501_1_065478-065662]: 戛盾掩幹佬QEVO佔
2018-07-11 13:17:30,833 (asr_pytorch:469) INFO: prediction [1501-1_spk_1501_1_065478-065662]: 直接幫你啦真係誒<eos>
2018-07-11 13:17:30,846 (e2e_asr_attctc_th:2977) INFO: BLSTMP input lengths: [27]
2018-07-11 13:17:30,914 (e2e_asr_attctc_th:2067) INFO: input lengths: 7
2018-07-11 13:17:30,914 (e2e_asr_attctc_th:2091) INFO: max output length: 7
2018-07-11 13:17:30,914 (e2e_asr_attctc_th:2092) INFO: min output length: 0
2018-07-11 13:17:31,297 (e2e_asr_attctc_th:2180) INFO: adding <eos> in the last postion in the loop
2018-07-11 13:17:31,298 (e2e_asr_attctc_th:2206) INFO: no hypothesis. Finish decoding.
2018-07-11 13:17:31,298 (e2e_asr_attctc_th:2217) INFO: total log probability: -0.0331899579614
2018-07-11 13:17:31,298 (e2e_asr_attctc_th:2218) INFO: normalized log probability: -0.0110633193205
2018-07-11 13:17:31,299 (asr_pytorch:468) INFO: groundtruth[1502-2_spk_1502_2_022123-022152]: 俏
2018-07-11 13:17:31,300 (asr_pytorch:469) INFO: prediction [1502-2_spk_1502_2_022123-022152]: 係<eos>
2018-07-11 13:17:31,316 (e2e_asr_attctc_th:2977) INFO: BLSTMP input lengths: [70]
2018-07-11 13:17:31,489 (e2e_asr_attctc_th:2067) INFO: input lengths: 18
2018-07-11 13:17:31,489 (e2e_asr_attctc_th:2091) INFO: max output length: 18
2018-07-11 13:17:31,490 (e2e_asr_attctc_th:2092) INFO: min output length: 0
2018-07-11 13:17:32,274 (e2e_asr_attctc_th:2199) INFO: end detected at 11
2018-07-11 13:17:32,274 (e2e_asr_attctc_th:2217) INFO: total log probability: -5.39549873769
2018-07-11 13:17:32,274 (e2e_asr_attctc_th:2218) INFO: normalized log probability: -0.899249789615
2018-07-11 13:17:32,276 (asr_pytorch:468) INFO: groundtruth[1505-2_spk_1505_2_036810-036882]: 俏咱桂擢
2018-07-11 13:17:32,276 (asr_pytorch:469) INFO: prediction [1505-2_spk_1505_2_036810-036882]: 咁你跟得<eos>
# Accounting: time=260 threads=1
# Ended (code 0) at Wed Jul 11 13:17:32 HKT 2018, elapsed time 260 seconds
# Accounting: time=561 threads=1
# Ended (code 0) at Wed Jul 11 13:21:10 HKT 2018, elapsed time 561 seconds
