# asr_recog.py --ngpu 0 --backend pytorch --recog-json smartone_data/smartone_kaldi/split32utt/data.22.json --result-label smartone_data/baseline/decode/data.22.json --model smartone_data/baseline/model.acc.best --model-conf smartone_data/baseline/model.conf --beam-size 20 --penalty 0.0 --maxlenratio 0.0 --minlenratio 0.0 --ctc-weight 0.3 
# Started at Wed Jul 11 13:13:12 HKT 2018
#
2018-07-11 13:13:13,051 (asr_recog:110) INFO: python path = /home/lahiru/Devinstalls/espnet_new/espnet/egs/domain_adaptation_cantonese/asr5/../../../src/lm/:/home/lahiru/Devinstalls/espnet_new/espnet/egs/domain_adaptation_cantonese/asr5/../../../src/asr/:/home/lahiru/Devinstalls/espnet_new/espnet/egs/domain_adaptation_cantonese/asr5/../../../src/nets/:/home/lahiru/Devinstalls/espnet_new/espnet/egs/domain_adaptation_cantonese/asr5/../../../src/utils/:/home/lahiru/Devinstalls/espnet_new/espnet/egs/domain_adaptation_cantonese/asr5/../../../src/bin/:/home/lahiru/Devinstalls/espnet_new/espnet/egs/domain_adaptation_cantonese/asr5/../../../src/lm/:/home/lahiru/Devinstalls/espnet_new/espnet/egs/domain_adaptation_cantonese/asr5/../../../src/asr/:/home/lahiru/Devinstalls/espnet_new/espnet/egs/domain_adaptation_cantonese/asr5/../../../src/nets/:/home/lahiru/Devinstalls/espnet_new/espnet/egs/domain_adaptation_cantonese/asr5/../../../src/utils/:/home/lahiru/Devinstalls/espnet_new/espnet/egs/domain_adaptation_cantonese/asr5/../../../src/bin/:
2018-07-11 13:13:13,051 (asr_recog:115) INFO: set random seed = 1
2018-07-11 13:13:13,051 (asr_recog:118) INFO: backend = pytorch
2018-07-11 13:13:13,727 (asr_pytorch:393) INFO: reading a model config file fromsmartone_data/baseline/model.conf
2018-07-11 13:13:13,755 (asr_pytorch:397) INFO: ARGS: backend: pytorch
2018-07-11 13:13:13,756 (asr_pytorch:397) INFO: ARGS: beam_size: 20
2018-07-11 13:13:13,756 (asr_pytorch:397) INFO: ARGS: ctc_weight: 0.3
2018-07-11 13:13:13,756 (asr_pytorch:397) INFO: ARGS: da: 0
2018-07-11 13:13:13,756 (asr_pytorch:397) INFO: ARGS: daconfig: 3
2018-07-11 13:13:13,756 (asr_pytorch:397) INFO: ARGS: datype: bias
2018-07-11 13:13:13,756 (asr_pytorch:397) INFO: ARGS: debugmode: 1
2018-07-11 13:13:13,756 (asr_pytorch:397) INFO: ARGS: gpu: None
2018-07-11 13:13:13,756 (asr_pytorch:397) INFO: ARGS: lm_weight: 0.1
2018-07-11 13:13:13,756 (asr_pytorch:397) INFO: ARGS: maxlenratio: 0.0
2018-07-11 13:13:13,756 (asr_pytorch:397) INFO: ARGS: minlenratio: 0.0
2018-07-11 13:13:13,756 (asr_pytorch:397) INFO: ARGS: model: smartone_data/baseline/model.acc.best
2018-07-11 13:13:13,756 (asr_pytorch:397) INFO: ARGS: model_conf: smartone_data/baseline/model.conf
2018-07-11 13:13:13,756 (asr_pytorch:397) INFO: ARGS: nbest: 1
2018-07-11 13:13:13,756 (asr_pytorch:397) INFO: ARGS: ngpu: 0
2018-07-11 13:13:13,757 (asr_pytorch:397) INFO: ARGS: penalty: 0.0
2018-07-11 13:13:13,757 (asr_pytorch:397) INFO: ARGS: recog_feat: None
2018-07-11 13:13:13,757 (asr_pytorch:397) INFO: ARGS: recog_json: smartone_data/smartone_kaldi/split32utt/data.22.json
2018-07-11 13:13:13,757 (asr_pytorch:397) INFO: ARGS: recog_label: None
2018-07-11 13:13:13,757 (asr_pytorch:397) INFO: ARGS: result_label: smartone_data/baseline/decode/data.22.json
2018-07-11 13:13:13,757 (asr_pytorch:397) INFO: ARGS: rnnlm: None
2018-07-11 13:13:13,757 (asr_pytorch:397) INFO: ARGS: seed: 1
2018-07-11 13:13:13,757 (asr_pytorch:397) INFO: ARGS: verbose: 1
2018-07-11 13:13:13,757 (asr_pytorch:397) INFO: ARGS: word_dict: None
2018-07-11 13:13:13,757 (asr_pytorch:397) INFO: ARGS: word_rnnlm: None
2018-07-11 13:13:13,757 (asr_pytorch:400) INFO: reading model parameters fromsmartone_data/baseline/model.acc.best
2018-07-11 13:13:13,758 (e2e_asr_attctc_th:184) INFO: subsample: 1 2 2 1 1
2018-07-11 13:13:13,845 (e2e_asr_attctc_th:2317) INFO: BLSTM with every-layer projection for encoder
2018-07-11 13:13:15,435 (e2e_asr_attctc_th:2977) INFO: BLSTMP input lengths: [306]
2018-07-11 13:13:15,831 (e2e_asr_attctc_th:2067) INFO: input lengths: 77
2018-07-11 13:13:15,831 (e2e_asr_attctc_th:2091) INFO: max output length: 77
2018-07-11 13:13:15,831 (e2e_asr_attctc_th:2092) INFO: min output length: 0
2018-07-11 13:13:17,224 (e2e_asr_attctc_th:2199) INFO: end detected at 17
2018-07-11 13:13:17,224 (e2e_asr_attctc_th:2217) INFO: total log probability: -10.6726846248
2018-07-11 13:13:17,225 (e2e_asr_attctc_th:2218) INFO: normalized log probability: -1.1858538472
2018-07-11 13:13:17,225 (asr_pytorch:468) INFO: groundtruth[4_spk_4_026855-027163]: 然WIRH呈戛HS_RPSEH咩WQEVXSRI倔ETTW咒
2018-07-11 13:13:17,226 (asr_pytorch:469) INFO: prediction [4_spk_4_026855-027163]: 冇咩啊啱啱落樓<eos>
2018-07-11 13:13:17,233 (e2e_asr_attctc_th:2977) INFO: BLSTMP input lengths: [121]
2018-07-11 13:13:17,404 (e2e_asr_attctc_th:2067) INFO: input lengths: 31
2018-07-11 13:13:17,405 (e2e_asr_attctc_th:2091) INFO: max output length: 31
2018-07-11 13:13:17,405 (e2e_asr_attctc_th:2092) INFO: min output length: 0
2018-07-11 13:13:18,307 (e2e_asr_attctc_th:2199) INFO: end detected at 14
2018-07-11 13:13:18,308 (e2e_asr_attctc_th:2217) INFO: total log probability: -6.69802510738
2018-07-11 13:13:18,308 (e2e_asr_attctc_th:2218) INFO: normalized log probability: -0.744225011932
2018-07-11 13:13:18,308 (asr_pytorch:468) INFO: groundtruth[1505-2_spk_1505_2_046262-046385]: 咋佬址俏咱街街QF吟
2018-07-11 13:13:18,308 (asr_pytorch:469) INFO: prediction [1505-2_spk_1505_2_046262-046385]: 咁你人係啊一啲<eos>
2018-07-11 13:13:18,316 (e2e_asr_attctc_th:2977) INFO: BLSTMP input lengths: [198]
2018-07-11 13:13:18,573 (e2e_asr_attctc_th:2067) INFO: input lengths: 50
2018-07-11 13:13:18,573 (e2e_asr_attctc_th:2091) INFO: max output length: 50
2018-07-11 13:13:18,573 (e2e_asr_attctc_th:2092) INFO: min output length: 0
2018-07-11 13:13:19,239 (e2e_asr_attctc_th:2199) INFO: end detected at 11
2018-07-11 13:13:19,239 (e2e_asr_attctc_th:2217) INFO: total log probability: -2.45629611611
2018-07-11 13:13:19,239 (e2e_asr_attctc_th:2218) INFO: normalized log probability: -0.491259223223
2018-07-11 13:13:19,240 (asr_pytorch:468) INFO: groundtruth[1505-2_spk_1505_2_043700-043900]: RYQFIV叄
2018-07-11 13:13:19,240 (asr_pytorch:469) INFO: prediction [1505-2_spk_1505_2_043700-043900]: 乜咪去<eos>
2018-07-11 13:13:19,248 (e2e_asr_attctc_th:2977) INFO: BLSTMP input lengths: [472]
2018-07-11 13:13:19,864 (e2e_asr_attctc_th:2067) INFO: input lengths: 118
2018-07-11 13:13:19,865 (e2e_asr_attctc_th:2091) INFO: max output length: 118
2018-07-11 13:13:19,865 (e2e_asr_attctc_th:2092) INFO: min output length: 0
2018-07-11 13:13:23,640 (e2e_asr_attctc_th:2199) INFO: end detected at 31
2018-07-11 13:13:23,640 (e2e_asr_attctc_th:2217) INFO: total log probability: -9.4052337883
2018-07-11 13:13:23,640 (e2e_asr_attctc_th:2218) INFO: normalized log probability: -0.361739761089
2018-07-11 13:13:23,641 (asr_pytorch:468) INFO: groundtruth[1504-1_spk_1504_1_024231-024705]: 咋側扔換霆誅冀寫夭<unk>啷啷間頻由鄔朵矮遛佰由從黴樺樺
2018-07-11 13:13:23,641 (asr_pytorch:469) INFO: prediction [1504-1_spk_1504_1_024231-024705]: 咁做心係電話其實大傢啱開頭用都未知道佢用得點樣樣<eos>
2018-07-11 13:13:23,650 (e2e_asr_attctc_th:2977) INFO: BLSTMP input lengths: [513]
2018-07-11 13:13:24,327 (e2e_asr_attctc_th:2067) INFO: input lengths: 129
2018-07-11 13:13:24,328 (e2e_asr_attctc_th:2091) INFO: max output length: 129
2018-07-11 13:13:24,328 (e2e_asr_attctc_th:2092) INFO: min output length: 0
2018-07-11 13:13:28,375 (e2e_asr_attctc_th:2199) INFO: end detected at 24
2018-07-11 13:13:28,375 (e2e_asr_attctc_th:2217) INFO: total log probability: -11.1436270233
2018-07-11 13:13:28,375 (e2e_asr_attctc_th:2218) INFO: normalized log probability: -0.619090390185
2018-07-11 13:13:28,376 (asr_pytorch:468) INFO: groundtruth[1505-2_spk_1505_2_041842-042357]: 咋咱咱何兒B佬三踎鄔唪筩唪筩筩桑旨
2018-07-11 13:13:28,376 (asr_pytorch:469) INFO: prediction [1505-2_spk_1505_2_041842-042357]: 我諗我知冇誒誒你喺度都唔得我八案<eos>
2018-07-11 13:13:28,383 (e2e_asr_attctc_th:2977) INFO: BLSTMP input lengths: [51]
2018-07-11 13:13:28,467 (e2e_asr_attctc_th:2067) INFO: input lengths: 13
2018-07-11 13:13:28,467 (e2e_asr_attctc_th:2091) INFO: max output length: 13
2018-07-11 13:13:28,467 (e2e_asr_attctc_th:2092) INFO: min output length: 0
2018-07-11 13:13:28,774 (e2e_asr_attctc_th:2199) INFO: end detected at 7
2018-07-11 13:13:28,774 (e2e_asr_attctc_th:2217) INFO: total log probability: -0.0294567411765
2018-07-11 13:13:28,774 (e2e_asr_attctc_th:2218) INFO: normalized log probability: -0.00981891372552
2018-07-11 13:13:28,775 (asr_pytorch:468) INFO: groundtruth[1503-2_spk_1503_2_047724-047777]: 嗶
2018-07-11 13:13:28,775 (asr_pytorch:469) INFO: prediction [1503-2_spk_1503_2_047724-047777]: 嗯<eos>
2018-07-11 13:13:28,784 (e2e_asr_attctc_th:2977) INFO: BLSTMP input lengths: [841]
2018-07-11 13:13:29,853 (e2e_asr_attctc_th:2067) INFO: input lengths: 211
2018-07-11 13:13:29,853 (e2e_asr_attctc_th:2091) INFO: max output length: 211
2018-07-11 13:13:29,853 (e2e_asr_attctc_th:2092) INFO: min output length: 0
2018-07-11 13:13:40,938 (e2e_asr_attctc_th:2199) INFO: end detected at 65
2018-07-11 13:13:40,938 (e2e_asr_attctc_th:2217) INFO: total log probability: -35.7440734841
2018-07-11 13:13:40,938 (e2e_asr_attctc_th:2218) INFO: normalized log probability: -0.616277129036
2018-07-11 13:13:40,939 (asr_pytorch:468) INFO: groundtruth[1504-1_spk_1504_1_021422-022265]: 咋冀寫倘世妍揉而寫謬吟丹稍勞嗷啼B妍枱佬誅由啼幺鄔俏從100蚧差吃啯冀寫閙閙兲各鄔巴唪夥柎啯嗷啼院逮啼然院且綺
2018-07-11 13:13:40,939 (asr_pytorch:469) INFO: prediction [1504-1_spk_1504_1_021422-022265]: 咁其實到不如而傢好似係講啊中移動嗰啲誒如果你話要咩TAN都係一百蚊所有啦其實緊人公司佢差唔多過啦嗰啲限齣去玩上網<eos>
2018-07-11 13:13:40,946 (e2e_asr_attctc_th:2977) INFO: BLSTMP input lengths: [28]
2018-07-11 13:13:40,994 (e2e_asr_attctc_th:2067) INFO: input lengths: 7
2018-07-11 13:13:40,994 (e2e_asr_attctc_th:2091) INFO: max output length: 7
2018-07-11 13:13:40,994 (e2e_asr_attctc_th:2092) INFO: min output length: 0
2018-07-11 13:13:41,278 (e2e_asr_attctc_th:2180) INFO: adding <eos> in the last postion in the loop
2018-07-11 13:13:41,279 (e2e_asr_attctc_th:2206) INFO: no hypothesis. Finish decoding.
2018-07-11 13:13:41,279 (e2e_asr_attctc_th:2217) INFO: total log probability: -1.31923136115
2018-07-11 13:13:41,279 (e2e_asr_attctc_th:2218) INFO: normalized log probability: -0.26384627223
2018-07-11 13:13:41,279 (asr_pytorch:468) INFO: groundtruth[1505-2_spk_1505_2_080674-080704]: 卿俏
2018-07-11 13:13:41,280 (asr_pytorch:469) INFO: prediction [1505-2_spk_1505_2_080674-080704]: 即係你<eos>
2018-07-11 13:13:41,289 (e2e_asr_attctc_th:2977) INFO: BLSTMP input lengths: [824]
2018-07-11 13:13:42,419 (e2e_asr_attctc_th:2067) INFO: input lengths: 206
2018-07-11 13:13:42,420 (e2e_asr_attctc_th:2091) INFO: max output length: 206
2018-07-11 13:13:42,420 (e2e_asr_attctc_th:2092) INFO: min output length: 0
2018-07-11 13:13:55,337 (e2e_asr_attctc_th:2199) INFO: end detected at 60
2018-07-11 13:13:55,337 (e2e_asr_attctc_th:2217) INFO: total log probability: -56.9623337812
2018-07-11 13:13:55,337 (e2e_asr_attctc_th:2218) INFO: normalized log probability: -1.05485803298
2018-07-11 13:13:55,338 (asr_pytorch:468) INFO: groundtruth[1503-1_spk_1503_1_060596-061422]: 司脇誅佬由戛址望募轟道黒旨晏倣B由嗷序旬俏服挪毯供放賀旨戛址呯倔俏服逆B毯趺姚俏毯趺6KF旨HEXE佬服叄由旨
2018-07-11 13:13:55,338 (asr_pytorch:469) INFO: prediction [1503-1_spk_1503_1_060596-061422]: 可能話你就話你服務唔知怪嘅時候誒用我比較係我哋唔俾你收費又俾你講係會熟你俾咗喎即係比咗六嘅雞茶你要去遊一<eos>
2018-07-11 13:13:55,345 (e2e_asr_attctc_th:2977) INFO: BLSTMP input lengths: [58]
2018-07-11 13:13:55,436 (e2e_asr_attctc_th:2067) INFO: input lengths: 15
2018-07-11 13:13:55,436 (e2e_asr_attctc_th:2091) INFO: max output length: 15
2018-07-11 13:13:55,436 (e2e_asr_attctc_th:2092) INFO: min output length: 0
2018-07-11 13:13:55,835 (e2e_asr_attctc_th:2199) INFO: end detected at 8
2018-07-11 13:13:55,835 (e2e_asr_attctc_th:2217) INFO: total log probability: -0.067067226395
2018-07-11 13:13:55,835 (e2e_asr_attctc_th:2218) INFO: normalized log probability: -0.0167668065988
2018-07-11 13:13:55,836 (asr_pytorch:468) INFO: groundtruth[1504-1_spk_1504_1_008765-008825]: 俏啖
2018-07-11 13:13:55,836 (asr_pytorch:469) INFO: prediction [1504-1_spk_1504_1_008765-008825]: 係啊<eos>
2018-07-11 13:13:55,843 (e2e_asr_attctc_th:2977) INFO: BLSTMP input lengths: [66]
2018-07-11 13:13:55,940 (e2e_asr_attctc_th:2067) INFO: input lengths: 17
2018-07-11 13:13:55,940 (e2e_asr_attctc_th:2091) INFO: max output length: 17
2018-07-11 13:13:55,940 (e2e_asr_attctc_th:2092) INFO: min output length: 0
2018-07-11 13:13:56,444 (e2e_asr_attctc_th:2199) INFO: end detected at 10
2018-07-11 13:13:56,444 (e2e_asr_attctc_th:2217) INFO: total log probability: -3.01903766394
2018-07-11 13:13:56,444 (e2e_asr_attctc_th:2218) INFO: normalized log probability: -0.754759415984
2018-07-11 13:13:56,445 (asr_pytorch:468) INFO: groundtruth[1504-2_spk_1504_2_004736-004804]: 朋幺
2018-07-11 13:13:56,445 (asr_pytorch:469) INFO: prediction [1504-2_spk_1504_2_004736-004804]: 再聽<eos>
2018-07-11 13:13:56,453 (e2e_asr_attctc_th:2977) INFO: BLSTMP input lengths: [246]
2018-07-11 13:13:56,814 (e2e_asr_attctc_th:2067) INFO: input lengths: 62
2018-07-11 13:13:56,815 (e2e_asr_attctc_th:2091) INFO: max output length: 62
2018-07-11 13:13:56,815 (e2e_asr_attctc_th:2092) INFO: min output length: 0
2018-07-11 13:13:58,793 (e2e_asr_attctc_th:2206) INFO: no hypothesis. Finish decoding.
2018-07-11 13:13:58,793 (e2e_asr_attctc_th:2217) INFO: total log probability: -21.653036057
2018-07-11 13:13:58,793 (e2e_asr_attctc_th:2218) INFO: normalized log probability: -1.08265180285
2018-07-11 13:13:58,794 (asr_pytorch:468) INFO: groundtruth[9_spk_9_005727-005975]: 挑綵用敖狒慘丶然偵武且綺戡耐扚<unk>嘍
2018-07-11 13:13:58,794 (asr_pytorch:469) INFO: prediction [9_spk_9_005727-005975]: 如果翻學生打比唔好成之上萬落一打齣一<eos>
2018-07-11 13:13:58,803 (e2e_asr_attctc_th:2977) INFO: BLSTMP input lengths: [364]
2018-07-11 13:13:59,278 (e2e_asr_attctc_th:2067) INFO: input lengths: 91
2018-07-11 13:13:59,278 (e2e_asr_attctc_th:2091) INFO: max output length: 91
2018-07-11 13:13:59,278 (e2e_asr_attctc_th:2092) INFO: min output length: 0
2018-07-11 13:14:02,553 (e2e_asr_attctc_th:2199) INFO: end detected at 30
2018-07-11 13:14:02,553 (e2e_asr_attctc_th:2217) INFO: total log probability: -15.925085844
2018-07-11 13:14:02,553 (e2e_asr_attctc_th:2218) INFO: normalized log probability: -0.63700343376
2018-07-11 13:14:02,555 (asr_pytorch:468) INFO: groundtruth[1503-1_spk_1503_1_023154-023520]: 戛址址鑊童裴邕倔服玓兒街緘45K旨彋勺綺絨
2018-07-11 13:14:02,555 (asr_pytorch:469) INFO: prediction [1503-1_spk_1503_1_023154-023520]: 我哋地鐵係咪邊個會齣先行人四點唔知嘅佢係細個咯<eos>
2018-07-11 13:14:02,568 (e2e_asr_attctc_th:2977) INFO: BLSTMP input lengths: [135]
2018-07-11 13:14:02,745 (e2e_asr_attctc_th:2067) INFO: input lengths: 34
2018-07-11 13:14:02,746 (e2e_asr_attctc_th:2091) INFO: max output length: 34
2018-07-11 13:14:02,746 (e2e_asr_attctc_th:2092) INFO: min output length: 0
2018-07-11 13:14:03,931 (e2e_asr_attctc_th:2199) INFO: end detected at 17
2018-07-11 13:14:03,931 (e2e_asr_attctc_th:2217) INFO: total log probability: -4.49396914616
2018-07-11 13:14:03,931 (e2e_asr_attctc_th:2218) INFO: normalized log probability: -0.374497428847
2018-07-11 13:14:03,932 (asr_pytorch:468) INFO: groundtruth[4_spk_4_012838-012975]: 佬見扚畸戛員式囤尖晏
2018-07-11 13:14:03,932 (asr_pytorch:469) INFO: prediction [4_spk_4_012838-012975]: 你要打翻我哋廿四小字<eos>
2018-07-11 13:14:03,940 (e2e_asr_attctc_th:2977) INFO: BLSTMP input lengths: [250]
2018-07-11 13:14:04,253 (e2e_asr_attctc_th:2067) INFO: input lengths: 63
2018-07-11 13:14:04,253 (e2e_asr_attctc_th:2091) INFO: max output length: 63
2018-07-11 13:14:04,253 (e2e_asr_attctc_th:2092) INFO: min output length: 0
2018-07-11 13:14:05,743 (e2e_asr_attctc_th:2199) INFO: end detected at 18
2018-07-11 13:14:05,743 (e2e_asr_attctc_th:2217) INFO: total log probability: -17.1228209734
2018-07-11 13:14:05,744 (e2e_asr_attctc_th:2218) INFO: normalized log probability: -1.55662008849
2018-07-11 13:14:05,745 (asr_pytorch:468) INFO: groundtruth[3_spk_3_064185-064437]: 妊唪緘見F~IF~I
2018-07-11 13:14:05,745 (asr_pytorch:469) INFO: prediction [3_spk_3_064185-064437]: 鏡牛肉校訓覺我覺得<eos>
2018-07-11 13:14:05,758 (e2e_asr_attctc_th:2977) INFO: BLSTMP input lengths: [199]
2018-07-11 13:14:06,154 (e2e_asr_attctc_th:2067) INFO: input lengths: 50
2018-07-11 13:14:06,155 (e2e_asr_attctc_th:2091) INFO: max output length: 50
2018-07-11 13:14:06,155 (e2e_asr_attctc_th:2092) INFO: min output length: 0
2018-07-11 13:14:08,437 (e2e_asr_attctc_th:2199) INFO: end detected at 19
2018-07-11 13:14:08,437 (e2e_asr_attctc_th:2217) INFO: total log probability: -7.81787047721
2018-07-11 13:14:08,438 (e2e_asr_attctc_th:2218) INFO: normalized log probability: -0.521191365148
2018-07-11 13:14:08,439 (asr_pytorch:468) INFO: groundtruth[1501-1_spk_1501_1_084977-085178]: 咋戛員吔井盾掩逆道叄嗷晏呯
2018-07-11 13:14:08,439 (asr_pytorch:469) INFO: prediction [1501-1_spk_1501_1_084977-085178]: 係可能你同時直接送個嗰時呢<eos>
2018-07-11 13:14:08,454 (e2e_asr_attctc_th:2977) INFO: BLSTMP input lengths: [177]
2018-07-11 13:14:08,863 (e2e_asr_attctc_th:2067) INFO: input lengths: 45
2018-07-11 13:14:08,864 (e2e_asr_attctc_th:2091) INFO: max output length: 45
2018-07-11 13:14:08,864 (e2e_asr_attctc_th:2092) INFO: min output length: 0
2018-07-11 13:14:10,950 (e2e_asr_attctc_th:2199) INFO: end detected at 18
2018-07-11 13:14:10,951 (e2e_asr_attctc_th:2217) INFO: total log probability: -4.80469237268
2018-07-11 13:14:10,951 (e2e_asr_attctc_th:2218) INFO: normalized log probability: -0.369591720975
2018-07-11 13:14:10,952 (asr_pytorch:468) INFO: groundtruth[1501-1_spk_1501_1_006019-006198]: 宣俏誅三幻尻啷啷妊咋呯
2018-07-11 13:14:10,952 (asr_pytorch:469) INFO: prediction [1501-1_spk_1501_1_006019-006198]: 定係話一年就啱啱好咁樣<eos>
2018-07-11 13:14:10,967 (e2e_asr_attctc_th:2977) INFO: BLSTMP input lengths: [238]
2018-07-11 13:14:11,508 (e2e_asr_attctc_th:2067) INFO: input lengths: 60
2018-07-11 13:14:11,508 (e2e_asr_attctc_th:2091) INFO: max output length: 60
2018-07-11 13:14:11,508 (e2e_asr_attctc_th:2092) INFO: min output length: 0
2018-07-11 13:14:13,475 (e2e_asr_attctc_th:2199) INFO: end detected at 16
2018-07-11 13:14:13,475 (e2e_asr_attctc_th:2217) INFO: total log probability: -9.51827143133
2018-07-11 13:14:13,476 (e2e_asr_attctc_th:2218) INFO: normalized log probability: -0.865297402848
2018-07-11 13:14:13,477 (asr_pytorch:468) INFO: groundtruth[1505-2_spk_1505_2_068348-068588]: 唪服誅討柎啯俏咱丕
2018-07-11 13:14:13,477 (asr_pytorch:469) INFO: prediction [1505-2_spk_1505_2_068348-068588]: 唔會啦係啊啦你係啊<eos>
2018-07-11 13:14:13,494 (e2e_asr_attctc_th:2977) INFO: BLSTMP input lengths: [251]
2018-07-11 13:14:14,117 (e2e_asr_attctc_th:2067) INFO: input lengths: 63
2018-07-11 13:14:14,118 (e2e_asr_attctc_th:2091) INFO: max output length: 63
2018-07-11 13:14:14,118 (e2e_asr_attctc_th:2092) INFO: min output length: 0
2018-07-11 13:14:16,878 (e2e_asr_attctc_th:2199) INFO: end detected at 21
2018-07-11 13:14:16,879 (e2e_asr_attctc_th:2217) INFO: total log probability: -3.92956087552
2018-07-11 13:14:16,879 (e2e_asr_attctc_th:2218) INFO: normalized log probability: -0.24559755472
2018-07-11 13:14:16,880 (asr_pytorch:468) INFO: groundtruth[1502-2_spk_1502_2_083037-083290]: 戡耐啯冀寫潤用妍枱刺晏佬眯俏
2018-07-11 13:14:16,880 (asr_pytorch:469) INFO: prediction [1502-2_spk_1502_2_083037-083290]: 或者啦其實搬山如果到時你真係<eos>
2018-07-11 13:14:16,887 (e2e_asr_attctc_th:2977) INFO: BLSTMP input lengths: [58]
2018-07-11 13:14:16,985 (e2e_asr_attctc_th:2067) INFO: input lengths: 15
2018-07-11 13:14:16,986 (e2e_asr_attctc_th:2091) INFO: max output length: 15
2018-07-11 13:14:16,986 (e2e_asr_attctc_th:2092) INFO: min output length: 0
2018-07-11 13:14:17,459 (e2e_asr_attctc_th:2199) INFO: end detected at 8
2018-07-11 13:14:17,459 (e2e_asr_attctc_th:2217) INFO: total log probability: -0.942724706605
2018-07-11 13:14:17,459 (e2e_asr_attctc_th:2218) INFO: normalized log probability: -0.235681176651
2018-07-11 13:14:17,460 (asr_pytorch:468) INFO: groundtruth[1501-1_spk_1501_1_005313-005373]: 俏啯
2018-07-11 13:14:17,460 (asr_pytorch:469) INFO: prediction [1501-1_spk_1501_1_005313-005373]: 係嘞<eos>
2018-07-11 13:14:17,467 (e2e_asr_attctc_th:2977) INFO: BLSTMP input lengths: [31]
2018-07-11 13:14:17,521 (e2e_asr_attctc_th:2067) INFO: input lengths: 8
2018-07-11 13:14:17,522 (e2e_asr_attctc_th:2091) INFO: max output length: 8
2018-07-11 13:14:17,522 (e2e_asr_attctc_th:2092) INFO: min output length: 0
2018-07-11 13:14:17,835 (e2e_asr_attctc_th:2180) INFO: adding <eos> in the last postion in the loop
2018-07-11 13:14:17,836 (e2e_asr_attctc_th:2206) INFO: no hypothesis. Finish decoding.
2018-07-11 13:14:17,836 (e2e_asr_attctc_th:2217) INFO: total log probability: -1.04986949265
2018-07-11 13:14:17,836 (e2e_asr_attctc_th:2218) INFO: normalized log probability: -0.34995649755
2018-07-11 13:14:17,837 (asr_pytorch:468) INFO: groundtruth[1501-2_spk_1501_2_001339-001372]: B
2018-07-11 13:14:17,837 (asr_pytorch:469) INFO: prediction [1501-2_spk_1501_2_001339-001372]: 唉<eos>
2018-07-11 13:14:17,845 (e2e_asr_attctc_th:2977) INFO: BLSTMP input lengths: [138]
2018-07-11 13:14:18,024 (e2e_asr_attctc_th:2067) INFO: input lengths: 35
2018-07-11 13:14:18,024 (e2e_asr_attctc_th:2091) INFO: max output length: 35
2018-07-11 13:14:18,024 (e2e_asr_attctc_th:2092) INFO: min output length: 0
2018-07-11 13:14:19,085 (e2e_asr_attctc_th:2199) INFO: end detected at 13
2018-07-11 13:14:19,086 (e2e_asr_attctc_th:2217) INFO: total log probability: -6.06906488538
2018-07-11 13:14:19,086 (e2e_asr_attctc_th:2218) INFO: normalized log probability: -0.86700926934
2018-07-11 13:14:19,086 (asr_pytorch:468) INFO: groundtruth[1501-2_spk_1501_2_090926-091066]: 哭妊呈唪誆佬
2018-07-11 13:14:19,087 (asr_pytorch:469) INFO: prediction [1501-2_spk_1501_2_090926-091066]: 哦我唔好靚<eos>
2018-07-11 13:14:19,096 (e2e_asr_attctc_th:2977) INFO: BLSTMP input lengths: [566]
2018-07-11 13:14:19,876 (e2e_asr_attctc_th:2067) INFO: input lengths: 142
2018-07-11 13:14:19,876 (e2e_asr_attctc_th:2091) INFO: max output length: 142
2018-07-11 13:14:19,876 (e2e_asr_attctc_th:2092) INFO: min output length: 0
2018-07-11 13:14:23,423 (e2e_asr_attctc_th:2206) INFO: no hypothesis. Finish decoding.
2018-07-11 13:14:23,423 (e2e_asr_attctc_th:2217) INFO: total log probability: -17.003009107
2018-07-11 13:14:23,423 (e2e_asr_attctc_th:2218) INFO: normalized log probability: -0.680120364279
2018-07-11 13:14:23,424 (asr_pytorch:468) INFO: groundtruth[1503-1_spk_1503_1_026420-026988]: 咋毛倔朔佬頻三幻旨晏倣呯佬8KF旨HEXE巴唪夥由割
2018-07-11 13:14:23,424 (asr_pytorch:469) INFO: prediction [1503-1_spk_1503_1_026420-026988]: 會開始誒後一年嘅時候嘞你拍啲嘅比較差唔多又唔肥<eos>
2018-07-11 13:14:23,431 (e2e_asr_attctc_th:2977) INFO: BLSTMP input lengths: [124]
2018-07-11 13:14:23,606 (e2e_asr_attctc_th:2067) INFO: input lengths: 31
2018-07-11 13:14:23,606 (e2e_asr_attctc_th:2091) INFO: max output length: 31
2018-07-11 13:14:23,606 (e2e_asr_attctc_th:2092) INFO: min output length: 0
2018-07-11 13:14:24,639 (e2e_asr_attctc_th:2199) INFO: end detected at 15
2018-07-11 13:14:24,639 (e2e_asr_attctc_th:2217) INFO: total log probability: -6.73757297406
2018-07-11 13:14:24,639 (e2e_asr_attctc_th:2218) INFO: normalized log probability: -0.673757297406
2018-07-11 13:14:24,640 (asr_pytorch:468) INFO: groundtruth[4_spk_4_017318-017444]: 桂擢畸佰換祈啯
2018-07-11 13:14:24,640 (asr_pytorch:469) INFO: prediction [4_spk_4_017318-017444]: 跟著翻過第二次啦<eos>
2018-07-11 13:14:24,647 (e2e_asr_attctc_th:2977) INFO: BLSTMP input lengths: [130]
2018-07-11 13:14:24,817 (e2e_asr_attctc_th:2067) INFO: input lengths: 33
2018-07-11 13:14:24,817 (e2e_asr_attctc_th:2091) INFO: max output length: 33
2018-07-11 13:14:24,817 (e2e_asr_attctc_th:2092) INFO: min output length: 0
2018-07-11 13:14:25,991 (e2e_asr_attctc_th:2199) INFO: end detected at 15
2018-07-11 13:14:25,992 (e2e_asr_attctc_th:2217) INFO: total log probability: -10.5402726978
2018-07-11 13:14:25,992 (e2e_asr_attctc_th:2218) INFO: normalized log probability: -1.17114141087
2018-07-11 13:14:25,993 (asr_pytorch:468) INFO: groundtruth[8_spk_8_086095-086227]: 唪緘見F~IF~IF~IF~I
2018-07-11 13:14:25,993 (asr_pytorch:469) INFO: prediction [8_spk_8_086095-086227]: 唔係咪傻仔發擺<eos>
2018-07-11 13:14:26,005 (e2e_asr_attctc_th:2977) INFO: BLSTMP input lengths: [188]
2018-07-11 13:14:26,267 (e2e_asr_attctc_th:2067) INFO: input lengths: 47
2018-07-11 13:14:26,267 (e2e_asr_attctc_th:2091) INFO: max output length: 47
2018-07-11 13:14:26,267 (e2e_asr_attctc_th:2092) INFO: min output length: 0
2018-07-11 13:14:27,850 (e2e_asr_attctc_th:2199) INFO: end detected at 18
2018-07-11 13:14:27,850 (e2e_asr_attctc_th:2217) INFO: total log probability: -11.9689331092
2018-07-11 13:14:27,850 (e2e_asr_attctc_th:2218) INFO: normalized log probability: -0.997411092433
2018-07-11 13:14:27,851 (asr_pytorch:468) INFO: groundtruth[9_spk_9_009382-009572]: 吔埗金診綺絨診宣嘍俏咱
2018-07-11 13:14:27,851 (asr_pytorch:469) INFO: prediction [9_spk_9_009382-009572]: 係賣床先唔可能接力啫<eos>
2018-07-11 13:14:27,859 (e2e_asr_attctc_th:2977) INFO: BLSTMP input lengths: [198]
2018-07-11 13:14:28,214 (e2e_asr_attctc_th:2067) INFO: input lengths: 50
2018-07-11 13:14:28,215 (e2e_asr_attctc_th:2091) INFO: max output length: 50
2018-07-11 13:14:28,215 (e2e_asr_attctc_th:2092) INFO: min output length: 0
2018-07-11 13:14:29,841 (e2e_asr_attctc_th:2199) INFO: end detected at 12
2018-07-11 13:14:29,841 (e2e_asr_attctc_th:2217) INFO: total log probability: -3.69389779493
2018-07-11 13:14:29,841 (e2e_asr_attctc_th:2218) INFO: normalized log probability: -0.461737224367
2018-07-11 13:14:29,843 (asr_pytorch:468) INFO: groundtruth[4_spk_4_060902-061102]: 序黴臼序黴㨃
2018-07-11 13:14:29,843 (asr_pytorch:469) INFO: prediction [4_spk_4_060902-061102]: 幾點自己點噶<eos>
2018-07-11 13:14:29,859 (e2e_asr_attctc_th:2977) INFO: BLSTMP input lengths: [198]
2018-07-11 13:14:30,402 (e2e_asr_attctc_th:2067) INFO: input lengths: 50
2018-07-11 13:14:30,403 (e2e_asr_attctc_th:2091) INFO: max output length: 50
2018-07-11 13:14:30,403 (e2e_asr_attctc_th:2092) INFO: min output length: 0
2018-07-11 13:14:32,008 (e2e_asr_attctc_th:2199) INFO: end detected at 13
2018-07-11 13:14:32,008 (e2e_asr_attctc_th:2217) INFO: total log probability: -6.31458085775
2018-07-11 13:14:32,009 (e2e_asr_attctc_th:2218) INFO: normalized log probability: -0.902082979679
2018-07-11 13:14:32,011 (asr_pytorch:468) INFO: groundtruth[1504-2_spk_1504_2_042480-042680]: 戛邕天扚啖
2018-07-11 13:14:32,011 (asr_pytorch:469) INFO: prediction [1504-2_spk_1504_2_042480-042680]: 我邊度搞啊<eos>
2018-07-11 13:14:32,027 (e2e_asr_attctc_th:2977) INFO: BLSTMP input lengths: [161]
2018-07-11 13:14:32,379 (e2e_asr_attctc_th:2067) INFO: input lengths: 41
2018-07-11 13:14:32,379 (e2e_asr_attctc_th:2091) INFO: max output length: 41
2018-07-11 13:14:32,380 (e2e_asr_attctc_th:2092) INFO: min output length: 0
2018-07-11 13:14:34,444 (e2e_asr_attctc_th:2199) INFO: end detected at 17
2018-07-11 13:14:34,444 (e2e_asr_attctc_th:2217) INFO: total log probability: -10.8975876123
2018-07-11 13:14:34,445 (e2e_asr_attctc_th:2218) INFO: normalized log probability: -1.08975876123
2018-07-11 13:14:34,446 (asr_pytorch:468) INFO: groundtruth[8_spk_8_005237-005400]: 司唪司件轟駕倍戛呈
2018-07-11 13:14:34,446 (asr_pytorch:469) INFO: prediction [8_spk_8_005237-005400]: 我心事轉個餅白啊<eos>
2018-07-11 13:14:34,460 (e2e_asr_attctc_th:2977) INFO: BLSTMP input lengths: [160]
2018-07-11 13:14:34,806 (e2e_asr_attctc_th:2067) INFO: input lengths: 40
2018-07-11 13:14:34,807 (e2e_asr_attctc_th:2091) INFO: max output length: 40
2018-07-11 13:14:34,807 (e2e_asr_attctc_th:2092) INFO: min output length: 0
2018-07-11 13:14:36,391 (e2e_asr_attctc_th:2199) INFO: end detected at 15
2018-07-11 13:14:36,392 (e2e_asr_attctc_th:2217) INFO: total log probability: -15.0137805045
2018-07-11 13:14:36,392 (e2e_asr_attctc_th:2218) INFO: normalized log probability: -1.36488913677
2018-07-11 13:14:36,393 (asr_pytorch:468) INFO: groundtruth[8_spk_8_004050-004212]: 啖倍倍倔RYQFIV戛吟然倍RYQFIV
2018-07-11 13:14:36,393 (asr_pytorch:469) INFO: prediction [8_spk_8_004050-004212]: 阿經周六十冇幾日買<eos>
2018-07-11 13:14:36,401 (e2e_asr_attctc_th:2977) INFO: BLSTMP input lengths: [271]
2018-07-11 13:14:36,757 (e2e_asr_attctc_th:2067) INFO: input lengths: 68
2018-07-11 13:14:36,757 (e2e_asr_attctc_th:2091) INFO: max output length: 68
2018-07-11 13:14:36,757 (e2e_asr_attctc_th:2092) INFO: min output length: 0
2018-07-11 13:14:39,508 (e2e_asr_attctc_th:2199) INFO: end detected at 25
2018-07-11 13:14:39,508 (e2e_asr_attctc_th:2217) INFO: total log probability: -14.0719086919
2018-07-11 13:14:39,508 (e2e_asr_attctc_th:2218) INFO: normalized log probability: -0.67009089009
2018-07-11 13:14:39,509 (asr_pytorch:468) INFO: groundtruth[3_spk_3_048812-049085]: 囹烕戛覢戛臺巷朕陳晏侸鄔見倍亞卉蚧貽
2018-07-11 13:14:39,509 (asr_pytorch:469) INFO: prediction [3_spk_3_048812-049085]: 因為我好見我自己有陣時候都要俾你媽媽買<eos>
2018-07-11 13:14:39,516 (e2e_asr_attctc_th:2977) INFO: BLSTMP input lengths: [113]
2018-07-11 13:14:39,674 (e2e_asr_attctc_th:2067) INFO: input lengths: 29
2018-07-11 13:14:39,674 (e2e_asr_attctc_th:2091) INFO: max output length: 29
2018-07-11 13:14:39,674 (e2e_asr_attctc_th:2092) INFO: min output length: 0
2018-07-11 13:14:40,301 (e2e_asr_attctc_th:2206) INFO: no hypothesis. Finish decoding.
2018-07-11 13:14:40,302 (e2e_asr_attctc_th:2217) INFO: total log probability: -5.54525769874
2018-07-11 13:14:40,302 (e2e_asr_attctc_th:2218) INFO: normalized log probability: -0.693157212343
2018-07-11 13:14:40,302 (asr_pytorch:468) INFO: groundtruth[1502-2_spk_1502_2_004236-004351]: 化埗隴遛賀嘍
2018-07-11 13:14:40,302 (asr_pytorch:469) INFO: prediction [1502-2_spk_1502_2_004236-004351]: 巴埋水路費嘅<eos>
2018-07-11 13:14:40,311 (e2e_asr_attctc_th:2977) INFO: BLSTMP input lengths: [328]
2018-07-11 13:14:40,755 (e2e_asr_attctc_th:2067) INFO: input lengths: 82
2018-07-11 13:14:40,755 (e2e_asr_attctc_th:2091) INFO: max output length: 82
2018-07-11 13:14:40,755 (e2e_asr_attctc_th:2092) INFO: min output length: 0
2018-07-11 13:14:44,357 (e2e_asr_attctc_th:2199) INFO: end detected at 24
2018-07-11 13:14:44,357 (e2e_asr_attctc_th:2217) INFO: total log probability: -8.1516432371
2018-07-11 13:14:44,357 (e2e_asr_attctc_th:2218) INFO: normalized log probability: -0.479508425712
2018-07-11 13:14:44,359 (asr_pytorch:468) INFO: groundtruth[1505-1_spk_1505_1_094064-094394]: 俏啯冏鍋尻服俏啯俏啯冏鍋冏鍋
2018-07-11 13:14:44,359 (asr_pytorch:469) INFO: prediction [1505-1_spk_1505_1_094064-094394]: 啊而傢好想就咁係啦係啦冇錯冇錯<eos>
2018-07-11 13:14:44,373 (e2e_asr_attctc_th:2977) INFO: BLSTMP input lengths: [94]
2018-07-11 13:14:44,615 (e2e_asr_attctc_th:2067) INFO: input lengths: 24
2018-07-11 13:14:44,615 (e2e_asr_attctc_th:2091) INFO: max output length: 24
2018-07-11 13:14:44,615 (e2e_asr_attctc_th:2092) INFO: min output length: 0
2018-07-11 13:14:46,545 (e2e_asr_attctc_th:2199) INFO: end detected at 17
2018-07-11 13:14:46,546 (e2e_asr_attctc_th:2217) INFO: total log probability: -4.19676359952
2018-07-11 13:14:46,546 (e2e_asr_attctc_th:2218) INFO: normalized log probability: -0.34973029996
2018-07-11 13:14:46,548 (asr_pytorch:468) INFO: groundtruth[1502-2_spk_1502_2_084725-084821]: 啵妍枱刺晏戛員呯邕
2018-07-11 13:14:46,549 (asr_pytorch:469) INFO: prediction [1502-2_spk_1502_2_084725-084821]: 即係如果到時我哋呢邊<eos>
2018-07-11 13:14:46,564 (e2e_asr_attctc_th:2977) INFO: BLSTMP input lengths: [340]
2018-07-11 13:14:47,288 (e2e_asr_attctc_th:2067) INFO: input lengths: 85
2018-07-11 13:14:47,289 (e2e_asr_attctc_th:2091) INFO: max output length: 85
2018-07-11 13:14:47,289 (e2e_asr_attctc_th:2092) INFO: min output length: 0
2018-07-11 13:14:49,407 (e2e_asr_attctc_th:2199) INFO: end detected at 14
2018-07-11 13:14:49,408 (e2e_asr_attctc_th:2217) INFO: total log probability: -5.95938718319
2018-07-11 13:14:49,408 (e2e_asr_attctc_th:2218) INFO: normalized log probability: -0.744923397899
2018-07-11 13:14:49,410 (asr_pytorch:468) INFO: groundtruth[1501-2_spk_1501_2_060960-061302]: 哭妊咋戛愈揉
2018-07-11 13:14:49,410 (asr_pytorch:469) INFO: prediction [1501-2_spk_1501_2_060960-061302]: 哦哦咁我想間<eos>
2018-07-11 13:14:49,423 (e2e_asr_attctc_th:2977) INFO: BLSTMP input lengths: [116]
2018-07-11 13:14:49,725 (e2e_asr_attctc_th:2067) INFO: input lengths: 29
2018-07-11 13:14:49,726 (e2e_asr_attctc_th:2091) INFO: max output length: 29
2018-07-11 13:14:49,726 (e2e_asr_attctc_th:2092) INFO: min output length: 0
2018-07-11 13:14:50,823 (e2e_asr_attctc_th:2206) INFO: no hypothesis. Finish decoding.
2018-07-11 13:14:50,823 (e2e_asr_attctc_th:2217) INFO: total log probability: -2.65143283177
2018-07-11 13:14:50,823 (e2e_asr_attctc_th:2218) INFO: normalized log probability: -0.294603647975
2018-07-11 13:14:50,824 (asr_pytorch:468) INFO: groundtruth[1501-1_spk_1501_1_042587-042705]: 刺晏佬司件啞迫
2018-07-11 13:14:50,824 (asr_pytorch:469) INFO: prediction [1501-1_spk_1501_1_042587-042705]: 到時你可以問身<eos>
2018-07-11 13:14:50,837 (e2e_asr_attctc_th:2977) INFO: BLSTMP input lengths: [37]
2018-07-11 13:14:50,944 (e2e_asr_attctc_th:2067) INFO: input lengths: 10
2018-07-11 13:14:50,945 (e2e_asr_attctc_th:2091) INFO: max output length: 10
2018-07-11 13:14:50,945 (e2e_asr_attctc_th:2092) INFO: min output length: 0
2018-07-11 13:14:51,465 (e2e_asr_attctc_th:2199) INFO: end detected at 7
2018-07-11 13:14:51,466 (e2e_asr_attctc_th:2217) INFO: total log probability: -0.0119921787409
2018-07-11 13:14:51,466 (e2e_asr_attctc_th:2218) INFO: normalized log probability: -0.00399739291364
2018-07-11 13:14:51,468 (asr_pytorch:468) INFO: groundtruth[1502-2_spk_1502_2_017967-018006]: 嗶
2018-07-11 13:14:51,468 (asr_pytorch:469) INFO: prediction [1502-2_spk_1502_2_017967-018006]: 嗯<eos>
2018-07-11 13:14:51,485 (e2e_asr_attctc_th:2977) INFO: BLSTMP input lengths: [189]
2018-07-11 13:14:51,933 (e2e_asr_attctc_th:2067) INFO: input lengths: 48
2018-07-11 13:14:51,933 (e2e_asr_attctc_th:2091) INFO: max output length: 48
2018-07-11 13:14:51,934 (e2e_asr_attctc_th:2092) INFO: min output length: 0
2018-07-11 13:14:54,016 (e2e_asr_attctc_th:2199) INFO: end detected at 15
2018-07-11 13:14:54,017 (e2e_asr_attctc_th:2217) INFO: total log probability: -9.47819141485
2018-07-11 13:14:54,017 (e2e_asr_attctc_th:2218) INFO: normalized log probability: -0.861653764986
2018-07-11 13:14:54,018 (asr_pytorch:468) INFO: groundtruth[1505-2_spk_1505_2_036482-036673]: 俏咱睛考OFTW嗷倔RYQFIV呯
2018-07-11 13:14:54,019 (asr_pytorch:469) INFO: prediction [1505-2_spk_1505_2_036482-036673]: 你就TPS嗰啲咩啦<eos>
2018-07-11 13:14:54,032 (e2e_asr_attctc_th:2977) INFO: BLSTMP input lengths: [172]
2018-07-11 13:14:54,455 (e2e_asr_attctc_th:2067) INFO: input lengths: 43
2018-07-11 13:14:54,455 (e2e_asr_attctc_th:2091) INFO: max output length: 43
2018-07-11 13:14:54,455 (e2e_asr_attctc_th:2092) INFO: min output length: 0
2018-07-11 13:14:55,494 (e2e_asr_attctc_th:2206) INFO: no hypothesis. Finish decoding.
2018-07-11 13:14:55,494 (e2e_asr_attctc_th:2217) INFO: total log probability: -3.16783700604
2018-07-11 13:14:55,494 (e2e_asr_attctc_th:2218) INFO: normalized log probability: -0.395979625755
2018-07-11 13:14:55,495 (asr_pytorch:468) INFO: groundtruth[1501-1_spk_1501_1_019621-019795]: 咋億錯旅<unk>
2018-07-11 13:14:55,495 (asr_pytorch:469) INFO: prediction [1501-1_spk_1501_1_019621-019795]: 咁教下前方麵<eos>
2018-07-11 13:14:55,511 (e2e_asr_attctc_th:2977) INFO: BLSTMP input lengths: [363]
2018-07-11 13:14:56,441 (e2e_asr_attctc_th:2067) INFO: input lengths: 91
2018-07-11 13:14:56,442 (e2e_asr_attctc_th:2091) INFO: max output length: 91
2018-07-11 13:14:56,442 (e2e_asr_attctc_th:2092) INFO: min output length: 0
2018-07-11 13:15:01,966 (e2e_asr_attctc_th:2199) INFO: end detected at 31
2018-07-11 13:15:01,967 (e2e_asr_attctc_th:2217) INFO: total log probability: -15.0227621704
2018-07-11 13:15:01,967 (e2e_asr_attctc_th:2218) INFO: normalized log probability: -0.600910486816
2018-07-11 13:15:01,968 (asr_pytorch:468) INFO: groundtruth[9_spk_9_040895-041260]: 稜筐三筐呈囹烕呯佰朕司脇見佬八畸三倔由扁吖嘍咋樺嘍誅
2018-07-11 13:15:01,968 (asr_pytorch:469) INFO: prediction [9_spk_9_040895-041260]: 可能呢佢有可能要你入班一個樣會命咁樣嘅話得要一<eos>
2018-07-11 13:15:01,976 (e2e_asr_attctc_th:2977) INFO: BLSTMP input lengths: [396]
2018-07-11 13:15:02,791 (e2e_asr_attctc_th:2067) INFO: input lengths: 99
2018-07-11 13:15:02,791 (e2e_asr_attctc_th:2091) INFO: max output length: 99
2018-07-11 13:15:02,791 (e2e_asr_attctc_th:2092) INFO: min output length: 0
2018-07-11 13:15:07,246 (e2e_asr_attctc_th:2206) INFO: no hypothesis. Finish decoding.
2018-07-11 13:15:07,247 (e2e_asr_attctc_th:2217) INFO: total log probability: -16.9720565164
2018-07-11 13:15:07,247 (e2e_asr_attctc_th:2218) INFO: normalized log probability: -0.737915500715
2018-07-11 13:15:07,248 (asr_pytorch:468) INFO: groundtruth[1503-1_spk_1503_1_051822-052220]: 嗺佬摁啖俏啯冏鍋囹烕戛唪矮佰肇旬迫巫宣敍偎
2018-07-11 13:15:07,248 (asr_pytorch:469) INFO: prediction [1503-1_spk_1503_1_051822-052220]: 你諗下係男冇錯因為我唔知佢傾人三嘅翻高平方<eos>
2018-07-11 13:15:07,262 (e2e_asr_attctc_th:2977) INFO: BLSTMP input lengths: [351]
2018-07-11 13:15:08,058 (e2e_asr_attctc_th:2067) INFO: input lengths: 88
2018-07-11 13:15:08,058 (e2e_asr_attctc_th:2091) INFO: max output length: 88
2018-07-11 13:15:08,058 (e2e_asr_attctc_th:2092) INFO: min output length: 0
2018-07-11 13:15:12,439 (e2e_asr_attctc_th:2199) INFO: end detected at 27
2018-07-11 13:15:12,439 (e2e_asr_attctc_th:2217) INFO: total log probability: -15.7718172879
2018-07-11 13:15:12,439 (e2e_asr_attctc_th:2218) INFO: normalized log probability: -0.716900785813
2018-07-11 13:15:12,440 (asr_pytorch:468) INFO: groundtruth[3_spk_3_000767-001120]: B戛伍紋俏咱尻嚦刺未呈戛朵幹佰GLIGO呈
2018-07-11 13:15:12,441 (asr_pytorch:469) INFO: prediction [3_spk_3_000767-001120]: 誒我翻嘅係咪真係高奇啊我未幫我CHECK<eos>
2018-07-11 13:15:12,455 (e2e_asr_attctc_th:2977) INFO: BLSTMP input lengths: [234]
2018-07-11 13:15:13,002 (e2e_asr_attctc_th:2067) INFO: input lengths: 59
2018-07-11 13:15:13,003 (e2e_asr_attctc_th:2091) INFO: max output length: 59
2018-07-11 13:15:13,003 (e2e_asr_attctc_th:2092) INFO: min output length: 0
2018-07-11 13:15:15,090 (e2e_asr_attctc_th:2199) INFO: end detected at 17
2018-07-11 13:15:15,090 (e2e_asr_attctc_th:2217) INFO: total log probability: -4.94421814382
2018-07-11 13:15:15,090 (e2e_asr_attctc_th:2218) INFO: normalized log probability: -0.412018178652
2018-07-11 13:15:15,092 (asr_pytorch:468) INFO: groundtruth[1504-1_spk_1504_1_043784-044020]: 4戛討道啯4000列鐲啯
2018-07-11 13:15:15,092 (asr_pytorch:469) INFO: prediction [1504-1_spk_1504_1_043784-044020]: 食我計過啦四韆分鐘啦<eos>
2018-07-11 13:15:15,105 (e2e_asr_attctc_th:2977) INFO: BLSTMP input lengths: [162]
2018-07-11 13:15:15,424 (e2e_asr_attctc_th:2067) INFO: input lengths: 41
2018-07-11 13:15:15,425 (e2e_asr_attctc_th:2091) INFO: max output length: 41
2018-07-11 13:15:15,425 (e2e_asr_attctc_th:2092) INFO: min output length: 0
2018-07-11 13:15:16,498 (e2e_asr_attctc_th:2206) INFO: no hypothesis. Finish decoding.
2018-07-11 13:15:16,499 (e2e_asr_attctc_th:2217) INFO: total log probability: -5.95304751955
2018-07-11 13:15:16,499 (e2e_asr_attctc_th:2218) INFO: normalized log probability: -0.595304751955
2018-07-11 13:15:16,500 (asr_pytorch:468) INFO: groundtruth[1504-1_spk_1504_1_072366-072530]: B呯倔W8旨誅
2018-07-11 13:15:16,500 (asr_pytorch:469) INFO: prediction [1504-1_spk_1504_1_072366-072530]: 誒以為嘅時發噶話<eos>
2018-07-11 13:15:16,513 (e2e_asr_attctc_th:2977) INFO: BLSTMP input lengths: [198]
2018-07-11 13:15:16,953 (e2e_asr_attctc_th:2067) INFO: input lengths: 50
2018-07-11 13:15:16,953 (e2e_asr_attctc_th:2091) INFO: max output length: 50
2018-07-11 13:15:16,953 (e2e_asr_attctc_th:2092) INFO: min output length: 0
2018-07-11 13:15:18,249 (e2e_asr_attctc_th:2199) INFO: end detected at 13
2018-07-11 13:15:18,249 (e2e_asr_attctc_th:2217) INFO: total log probability: -7.94897637703
2018-07-11 13:15:18,250 (e2e_asr_attctc_th:2218) INFO: normalized log probability: -0.993622047128
2018-07-11 13:15:18,251 (asr_pytorch:468) INFO: groundtruth[8_spk_8_035237-035437]: 俏呈唪俏匡呈必呈
2018-07-11 13:15:18,251 (asr_pytorch:469) INFO: prediction [8_spk_8_035237-035437]: 即信實習集實<eos>
2018-07-11 13:15:18,268 (e2e_asr_attctc_th:2977) INFO: BLSTMP input lengths: [756]
2018-07-11 13:15:19,715 (e2e_asr_attctc_th:2067) INFO: input lengths: 189
2018-07-11 13:15:19,716 (e2e_asr_attctc_th:2091) INFO: max output length: 189
2018-07-11 13:15:19,716 (e2e_asr_attctc_th:2092) INFO: min output length: 0
2018-07-11 13:15:28,215 (e2e_asr_attctc_th:2206) INFO: no hypothesis. Finish decoding.
2018-07-11 13:15:28,216 (e2e_asr_attctc_th:2217) INFO: total log probability: -32.3119991869
2018-07-11 13:15:28,216 (e2e_asr_attctc_th:2218) INFO: normalized log probability: -1.00974997459
2018-07-11 13:15:28,217 (asr_pytorch:468) INFO: groundtruth[1503-2_spk_1503_2_047777-048535]: 哭俏啯B唪俏哭咋姚俏戛妊愈繆乒戛6嗷倔未宙差兒間姓WQEVXSRI囖
2018-07-11 13:15:28,217 (asr_pytorch:469) INFO: prediction [1503-2_spk_1503_2_047777-048535]: 嗯係啊誒誒我咁即係我冇收咗之後我龍嗰個肥園裝件方氣慢頭我唔啱<eos>
2018-07-11 13:15:28,230 (e2e_asr_attctc_th:2977) INFO: BLSTMP input lengths: [133]
2018-07-11 13:15:28,487 (e2e_asr_attctc_th:2067) INFO: input lengths: 34
2018-07-11 13:15:28,487 (e2e_asr_attctc_th:2091) INFO: max output length: 34
2018-07-11 13:15:28,487 (e2e_asr_attctc_th:2092) INFO: min output length: 0
2018-07-11 13:15:29,597 (e2e_asr_attctc_th:2199) INFO: end detected at 12
2018-07-11 13:15:29,597 (e2e_asr_attctc_th:2217) INFO: total log probability: -3.88673540205
2018-07-11 13:15:29,597 (e2e_asr_attctc_th:2218) INFO: normalized log probability: -0.485841925256
2018-07-11 13:15:29,598 (asr_pytorch:468) INFO: groundtruth[1501-2_spk_1501_2_066336-066471]: 哭妊呈妊呈
2018-07-11 13:15:29,598 (asr_pytorch:469) INFO: prediction [1501-2_spk_1501_2_066336-066471]: 哦好啦好多嘅<eos>
2018-07-11 13:15:29,611 (e2e_asr_attctc_th:2977) INFO: BLSTMP input lengths: [15]
2018-07-11 13:15:29,661 (e2e_asr_attctc_th:2067) INFO: input lengths: 4
2018-07-11 13:15:29,662 (e2e_asr_attctc_th:2091) INFO: max output length: 4
2018-07-11 13:15:29,662 (e2e_asr_attctc_th:2092) INFO: min output length: 0
2018-07-11 13:15:29,849 (e2e_asr_attctc_th:2180) INFO: adding <eos> in the last postion in the loop
2018-07-11 13:15:29,849 (e2e_asr_attctc_th:2206) INFO: no hypothesis. Finish decoding.
2018-07-11 13:15:29,849 (e2e_asr_attctc_th:2217) INFO: total log probability: -0.0182620091364
2018-07-11 13:15:29,849 (e2e_asr_attctc_th:2218) INFO: normalized log probability: -0.00608733637879
2018-07-11 13:15:29,850 (asr_pytorch:468) INFO: groundtruth[1504-1_spk_1504_1_023422-023439]: 嗶
2018-07-11 13:15:29,850 (asr_pytorch:469) INFO: prediction [1504-1_spk_1504_1_023422-023439]: 嗯<eos>
2018-07-11 13:15:29,864 (e2e_asr_attctc_th:2977) INFO: BLSTMP input lengths: [184]
2018-07-11 13:15:30,208 (e2e_asr_attctc_th:2067) INFO: input lengths: 46
2018-07-11 13:15:30,208 (e2e_asr_attctc_th:2091) INFO: max output length: 46
2018-07-11 13:15:30,209 (e2e_asr_attctc_th:2092) INFO: min output length: 0
2018-07-11 13:15:31,930 (e2e_asr_attctc_th:2199) INFO: end detected at 16
2018-07-11 13:15:31,930 (e2e_asr_attctc_th:2217) INFO: total log probability: -14.9459191561
2018-07-11 13:15:31,930 (e2e_asr_attctc_th:2218) INFO: normalized log probability: -1.49459191561
2018-07-11 13:15:31,932 (asr_pytorch:468) INFO: groundtruth[1503-1_spk_1503_1_024426-024612]: 嗶俏徘尖姚諛謬諛謬
2018-07-11 13:15:31,932 (asr_pytorch:469) INFO: prediction [1503-1_spk_1503_1_024426-024612]: <SPK/>成件室緊搞清啊<eos>
2018-07-11 13:15:31,944 (e2e_asr_attctc_th:2977) INFO: BLSTMP input lengths: [25]
2018-07-11 13:15:32,012 (e2e_asr_attctc_th:2067) INFO: input lengths: 7
2018-07-11 13:15:32,013 (e2e_asr_attctc_th:2091) INFO: max output length: 7
2018-07-11 13:15:32,013 (e2e_asr_attctc_th:2092) INFO: min output length: 0
2018-07-11 13:15:32,354 (e2e_asr_attctc_th:2180) INFO: adding <eos> in the last postion in the loop
2018-07-11 13:15:32,355 (e2e_asr_attctc_th:2206) INFO: no hypothesis. Finish decoding.
2018-07-11 13:15:32,355 (e2e_asr_attctc_th:2217) INFO: total log probability: -0.0802916884422
2018-07-11 13:15:32,355 (e2e_asr_attctc_th:2218) INFO: normalized log probability: -0.0267638961474
2018-07-11 13:15:32,356 (asr_pytorch:468) INFO: groundtruth[1502-2_spk_1502_2_087018-087045]: 俏
2018-07-11 13:15:32,356 (asr_pytorch:469) INFO: prediction [1502-2_spk_1502_2_087018-087045]: 係<eos>
2018-07-11 13:15:32,371 (e2e_asr_attctc_th:2977) INFO: BLSTMP input lengths: [263]
2018-07-11 13:15:32,993 (e2e_asr_attctc_th:2067) INFO: input lengths: 66
2018-07-11 13:15:32,994 (e2e_asr_attctc_th:2091) INFO: max output length: 66
2018-07-11 13:15:32,994 (e2e_asr_attctc_th:2092) INFO: min output length: 0
2018-07-11 13:15:34,605 (e2e_asr_attctc_th:2199) INFO: end detected at 13
2018-07-11 13:15:34,605 (e2e_asr_attctc_th:2217) INFO: total log probability: -6.56607226934
2018-07-11 13:15:34,605 (e2e_asr_attctc_th:2218) INFO: normalized log probability: -0.729563585483
2018-07-11 13:15:34,607 (asr_pytorch:468) INFO: groundtruth[1501-2_spk_1501_2_050321-050586]: B佬筐戛三兒呈
2018-07-11 13:15:34,607 (asr_pytorch:469) INFO: prediction [1501-2_spk_1501_2_050321-050586]: 誒其他一陣先啦<eos>
2018-07-11 13:15:34,623 (e2e_asr_attctc_th:2977) INFO: BLSTMP input lengths: [550]
2018-07-11 13:15:35,845 (e2e_asr_attctc_th:2067) INFO: input lengths: 138
2018-07-11 13:15:35,845 (e2e_asr_attctc_th:2091) INFO: max output length: 138
2018-07-11 13:15:35,845 (e2e_asr_attctc_th:2092) INFO: min output length: 0
2018-07-11 13:15:39,860 (e2e_asr_attctc_th:2206) INFO: no hypothesis. Finish decoding.
2018-07-11 13:15:39,860 (e2e_asr_attctc_th:2217) INFO: total log probability: -4.61801873986
2018-07-11 13:15:39,860 (e2e_asr_attctc_th:2218) INFO: normalized log probability: -0.230900936993
2018-07-11 13:15:39,861 (asr_pytorch:468) INFO: groundtruth[1504-2_spk_1504_2_010122-010674]: 咋跨何呯尻叄刺扚刺叄4欸4B400序蚧
2018-07-11 13:15:39,862 (asr_pytorch:469) INFO: prediction [1504-2_spk_1504_2_010122-010674]: 咁跟著呢就去到打到去四次誒肥四百幾蚊<eos>
2018-07-11 13:15:39,878 (e2e_asr_attctc_th:2977) INFO: BLSTMP input lengths: [96]
2018-07-11 13:15:40,102 (e2e_asr_attctc_th:2067) INFO: input lengths: 24
2018-07-11 13:15:40,102 (e2e_asr_attctc_th:2091) INFO: max output length: 24
2018-07-11 13:15:40,102 (e2e_asr_attctc_th:2092) INFO: min output length: 0
2018-07-11 13:15:41,105 (e2e_asr_attctc_th:2199) INFO: end detected at 12
2018-07-11 13:15:41,105 (e2e_asr_attctc_th:2217) INFO: total log probability: -1.26613043039
2018-07-11 13:15:41,105 (e2e_asr_attctc_th:2218) INFO: normalized log probability: -0.18087577577
2018-07-11 13:15:41,107 (asr_pytorch:468) INFO: groundtruth[1502-2_spk_1502_2_057154-057252]: 咋喵住俏啯
2018-07-11 13:15:41,107 (asr_pytorch:469) INFO: prediction [1502-2_spk_1502_2_057154-057252]: 咁但但係啊<eos>
2018-07-11 13:15:41,122 (e2e_asr_attctc_th:2977) INFO: BLSTMP input lengths: [432]
2018-07-11 13:15:42,046 (e2e_asr_attctc_th:2067) INFO: input lengths: 108
2018-07-11 13:15:42,047 (e2e_asr_attctc_th:2091) INFO: max output length: 108
2018-07-11 13:15:42,047 (e2e_asr_attctc_th:2092) INFO: min output length: 0
2018-07-11 13:15:48,264 (e2e_asr_attctc_th:2199) INFO: end detected at 34
2018-07-11 13:15:48,264 (e2e_asr_attctc_th:2217) INFO: total log probability: -25.7187781632
2018-07-11 13:15:48,264 (e2e_asr_attctc_th:2218) INFO: normalized log probability: -0.886854419421
2018-07-11 13:15:48,265 (asr_pytorch:468) INFO: groundtruth[1503-1_spk_1503_1_021208-021642]: YTKVEHI迫且叄尻從柎啯囹烕耗丙呯黴言戛址啼宭服轟迫戛址兲各啼TPER
2018-07-11 13:15:48,265 (asr_pytorch:469) INFO: prediction [1503-1_spk_1503_1_021208-021642]: 七會翻爽你覺得因為唔使得唔得我哋之後會煮飯哈你嗰時都睇<eos>
2018-07-11 13:15:48,273 (e2e_asr_attctc_th:2977) INFO: BLSTMP input lengths: [68]
2018-07-11 13:15:48,387 (e2e_asr_attctc_th:2067) INFO: input lengths: 17
2018-07-11 13:15:48,387 (e2e_asr_attctc_th:2091) INFO: max output length: 17
2018-07-11 13:15:48,388 (e2e_asr_attctc_th:2092) INFO: min output length: 0
2018-07-11 13:15:48,975 (e2e_asr_attctc_th:2199) INFO: end detected at 9
2018-07-11 13:15:48,975 (e2e_asr_attctc_th:2217) INFO: total log probability: -0.543293208349
2018-07-11 13:15:48,975 (e2e_asr_attctc_th:2218) INFO: normalized log probability: -0.10865864167
2018-07-11 13:15:48,976 (asr_pytorch:468) INFO: groundtruth[1502-2_spk_1502_2_064316-064386]: 俏跨何
2018-07-11 13:15:48,976 (asr_pytorch:469) INFO: prediction [1502-2_spk_1502_2_064316-064386]: 誒跟著<eos>
2018-07-11 13:15:48,984 (e2e_asr_attctc_th:2977) INFO: BLSTMP input lengths: [323]
2018-07-11 13:15:49,408 (e2e_asr_attctc_th:2067) INFO: input lengths: 81
2018-07-11 13:15:49,408 (e2e_asr_attctc_th:2091) INFO: max output length: 81
2018-07-11 13:15:49,408 (e2e_asr_attctc_th:2092) INFO: min output length: 0
2018-07-11 13:15:52,533 (e2e_asr_attctc_th:2199) INFO: end detected at 28
2018-07-11 13:15:52,533 (e2e_asr_attctc_th:2217) INFO: total log probability: -22.3159985188
2018-07-11 13:15:52,533 (e2e_asr_attctc_th:2218) INFO: normalized log probability: -1.01436356904
2018-07-11 13:15:52,534 (asr_pytorch:468) INFO: groundtruth[9_spk_9_014515-014840]: 佰唪服風祈4K戡耐3K咋樺嘍三倔訒蚊
2018-07-11 13:15:52,535 (asr_pytorch:469) INFO: prediction [9_spk_9_014515-014840]: 佢唔會<SPK/>過我之前或者三G咁樣第一個順便會<eos>
2018-07-11 13:15:52,542 (e2e_asr_attctc_th:2977) INFO: BLSTMP input lengths: [41]
2018-07-11 13:15:52,612 (e2e_asr_attctc_th:2067) INFO: input lengths: 11
2018-07-11 13:15:52,612 (e2e_asr_attctc_th:2091) INFO: max output length: 11
2018-07-11 13:15:52,612 (e2e_asr_attctc_th:2092) INFO: min output length: 0
2018-07-11 13:15:52,986 (e2e_asr_attctc_th:2199) INFO: end detected at 7
2018-07-11 13:15:52,987 (e2e_asr_attctc_th:2217) INFO: total log probability: -0.0522299669683
2018-07-11 13:15:52,987 (e2e_asr_attctc_th:2218) INFO: normalized log probability: -0.0174099889894
2018-07-11 13:15:52,988 (asr_pytorch:468) INFO: groundtruth[1503-2_spk_1503_2_007048-007092]: 嗶
2018-07-11 13:15:52,988 (asr_pytorch:469) INFO: prediction [1503-2_spk_1503_2_007048-007092]: 嗯<eos>
2018-07-11 13:15:52,995 (e2e_asr_attctc_th:2977) INFO: BLSTMP input lengths: [219]
2018-07-11 13:15:53,300 (e2e_asr_attctc_th:2067) INFO: input lengths: 55
2018-07-11 13:15:53,300 (e2e_asr_attctc_th:2091) INFO: max output length: 55
2018-07-11 13:15:53,300 (e2e_asr_attctc_th:2092) INFO: min output length: 0
2018-07-11 13:15:54,627 (e2e_asr_attctc_th:2199) INFO: end detected at 14
2018-07-11 13:15:54,627 (e2e_asr_attctc_th:2217) INFO: total log probability: -1.30749904364
2018-07-11 13:15:54,627 (e2e_asr_attctc_th:2218) INFO: normalized log probability: -0.130749904364
2018-07-11 13:15:54,628 (asr_pytorch:468) INFO: groundtruth[12_spk_12_031349-031570]: 咋B彿頃朕序夭呯
2018-07-11 13:15:54,628 (asr_pytorch:469) INFO: prediction [12_spk_12_031349-031570]: 咁咪影響又幾大呢<eos>
2018-07-11 13:15:54,636 (e2e_asr_attctc_th:2977) INFO: BLSTMP input lengths: [320]
2018-07-11 13:15:55,076 (e2e_asr_attctc_th:2067) INFO: input lengths: 80
2018-07-11 13:15:55,076 (e2e_asr_attctc_th:2091) INFO: max output length: 80
2018-07-11 13:15:55,076 (e2e_asr_attctc_th:2092) INFO: min output length: 0
2018-07-11 13:15:57,589 (e2e_asr_attctc_th:2199) INFO: end detected at 22
2018-07-11 13:15:57,589 (e2e_asr_attctc_th:2217) INFO: total log probability: -5.57412275625
2018-07-11 13:15:57,589 (e2e_asr_attctc_th:2218) INFO: normalized log probability: -0.309673486459
2018-07-11 13:15:57,590 (asr_pytorch:468) INFO: groundtruth[1504-1_spk_1504_1_078548-078870]: 姚俏妍枱佬誅B朕冀仞蚊磋鄔愈NSMR啼
2018-07-11 13:15:57,590 (asr_pytorch:469) INFO: prediction [1504-1_spk_1504_1_078548-078870]: 即係如果你話誒有其他同埋都上載啲<eos>
2018-07-11 13:15:57,598 (e2e_asr_attctc_th:2977) INFO: BLSTMP input lengths: [366]
2018-07-11 13:15:58,104 (e2e_asr_attctc_th:2067) INFO: input lengths: 92
2018-07-11 13:15:58,105 (e2e_asr_attctc_th:2091) INFO: max output length: 92
2018-07-11 13:15:58,105 (e2e_asr_attctc_th:2092) INFO: min output length: 0
2018-07-11 13:16:02,118 (e2e_asr_attctc_th:2199) INFO: end detected at 32
2018-07-11 13:16:02,118 (e2e_asr_attctc_th:2217) INFO: total log probability: -25.7307909876
2018-07-11 13:16:02,118 (e2e_asr_attctc_th:2218) INFO: normalized log probability: -0.9529922588
2018-07-11 13:16:02,119 (asr_pytorch:468) INFO: groundtruth[1503-1_spk_1503_1_039430-039798]: 服敍偎佬肇旬服唪服綪道閊希吟戛幹佬速矮閊希旨吔井吟
2018-07-11 13:16:02,119 (asr_pytorch:469) INFO: prediction [1503-1_spk_1503_1_039430-039798]: 會放假呢啲係我嗰邊百迴事啊我幫你傢好似好似係舊時間<eos>
2018-07-11 13:16:02,126 (e2e_asr_attctc_th:2977) INFO: BLSTMP input lengths: [97]
2018-07-11 13:16:02,265 (e2e_asr_attctc_th:2067) INFO: input lengths: 25
2018-07-11 13:16:02,266 (e2e_asr_attctc_th:2091) INFO: max output length: 25
2018-07-11 13:16:02,266 (e2e_asr_attctc_th:2092) INFO: min output length: 0
2018-07-11 13:16:03,264 (e2e_asr_attctc_th:2199) INFO: end detected at 13
2018-07-11 13:16:03,264 (e2e_asr_attctc_th:2217) INFO: total log probability: -3.92830184055
2018-07-11 13:16:03,264 (e2e_asr_attctc_th:2218) INFO: normalized log probability: -0.436477982284
2018-07-11 13:16:03,265 (asr_pytorch:468) INFO: groundtruth[1502-2_spk_1502_2_038217-038316]: 眯俏朋抽囹烕
2018-07-11 13:16:03,265 (asr_pytorch:469) INFO: prediction [1502-2_spk_1502_2_038217-038316]: 真係正仔啊因為<eos>
2018-07-11 13:16:03,272 (e2e_asr_attctc_th:2977) INFO: BLSTMP input lengths: [141]
2018-07-11 13:16:03,473 (e2e_asr_attctc_th:2067) INFO: input lengths: 36
2018-07-11 13:16:03,474 (e2e_asr_attctc_th:2091) INFO: max output length: 36
2018-07-11 13:16:03,474 (e2e_asr_attctc_th:2092) INFO: min output length: 0
2018-07-11 13:16:04,487 (e2e_asr_attctc_th:2199) INFO: end detected at 13
2018-07-11 13:16:04,487 (e2e_asr_attctc_th:2217) INFO: total log probability: -3.6340206936
2018-07-11 13:16:04,487 (e2e_asr_attctc_th:2218) INFO: normalized log probability: -0.4542525867
2018-07-11 13:16:04,488 (asr_pytorch:468) INFO: groundtruth[3_spk_3_006107-006250]: 亙皆亞卉兵蚧
2018-07-11 13:16:04,489 (asr_pytorch:469) INFO: prediction [3_spk_3_006107-006250]: 自八五十六蚊<eos>
2018-07-11 13:16:04,496 (e2e_asr_attctc_th:2977) INFO: BLSTMP input lengths: [235]
2018-07-11 13:16:04,823 (e2e_asr_attctc_th:2067) INFO: input lengths: 59
2018-07-11 13:16:04,824 (e2e_asr_attctc_th:2091) INFO: max output length: 59
2018-07-11 13:16:04,824 (e2e_asr_attctc_th:2092) INFO: min output length: 0
2018-07-11 13:16:06,750 (e2e_asr_attctc_th:2199) INFO: end detected at 19
2018-07-11 13:16:06,750 (e2e_asr_attctc_th:2217) INFO: total log probability: -8.35213853419
2018-07-11 13:16:06,750 (e2e_asr_attctc_th:2218) INFO: normalized log probability: -0.596581323871
2018-07-11 13:16:06,751 (asr_pytorch:468) INFO: groundtruth[3_spk_3_064000-064237]: 嗶妊呈妊呈唪緘見唪緘見
2018-07-11 13:16:06,752 (asr_pytorch:469) INFO: prediction [3_spk_3_064000-064237]: 嗯好啊好啊唔緊要唔緊高咯<eos>
2018-07-11 13:16:06,759 (e2e_asr_attctc_th:2977) INFO: BLSTMP input lengths: [50]
2018-07-11 13:16:06,843 (e2e_asr_attctc_th:2067) INFO: input lengths: 13
2018-07-11 13:16:06,843 (e2e_asr_attctc_th:2091) INFO: max output length: 13
2018-07-11 13:16:06,843 (e2e_asr_attctc_th:2092) INFO: min output length: 0
2018-07-11 13:16:07,350 (e2e_asr_attctc_th:2199) INFO: end detected at 9
2018-07-11 13:16:07,350 (e2e_asr_attctc_th:2217) INFO: total log probability: -3.46205899119
2018-07-11 13:16:07,350 (e2e_asr_attctc_th:2218) INFO: normalized log probability: -0.865514747798
2018-07-11 13:16:07,351 (asr_pytorch:468) INFO: groundtruth[1505-1_spk_1505_1_002888-002940]: B
2018-07-11 13:16:07,351 (asr_pytorch:469) INFO: prediction [1505-1_spk_1505_1_002888-002940]: 即手<eos>
2018-07-11 13:16:07,359 (e2e_asr_attctc_th:2977) INFO: BLSTMP input lengths: [128]
2018-07-11 13:16:07,532 (e2e_asr_attctc_th:2067) INFO: input lengths: 32
2018-07-11 13:16:07,533 (e2e_asr_attctc_th:2091) INFO: max output length: 32
2018-07-11 13:16:07,533 (e2e_asr_attctc_th:2092) INFO: min output length: 0
2018-07-11 13:16:08,530 (e2e_asr_attctc_th:2199) INFO: end detected at 13
2018-07-11 13:16:08,530 (e2e_asr_attctc_th:2217) INFO: total log probability: -5.61919328943
2018-07-11 13:16:08,530 (e2e_asr_attctc_th:2218) INFO: normalized log probability: -0.936532214905
2018-07-11 13:16:08,531 (asr_pytorch:468) INFO: groundtruth[9_spk_9_012057-012187]: 詭道序欸
2018-07-11 13:16:08,531 (asr_pytorch:469) INFO: prediction [9_spk_9_012057-012187]: 嗰個幾次<eos>
2018-07-11 13:16:08,539 (e2e_asr_attctc_th:2977) INFO: BLSTMP input lengths: [225]
2018-07-11 13:16:08,842 (e2e_asr_attctc_th:2067) INFO: input lengths: 57
2018-07-11 13:16:08,842 (e2e_asr_attctc_th:2091) INFO: max output length: 57
2018-07-11 13:16:08,842 (e2e_asr_attctc_th:2092) INFO: min output length: 0
2018-07-11 13:16:10,974 (e2e_asr_attctc_th:2199) INFO: end detected at 21
2018-07-11 13:16:10,975 (e2e_asr_attctc_th:2217) INFO: total log probability: -11.0715465685
2018-07-11 13:16:10,975 (e2e_asr_attctc_th:2218) INFO: normalized log probability: -0.691971660533
2018-07-11 13:16:10,976 (asr_pytorch:468) INFO: groundtruth[1501-2_spk_1501_2_071969-072196]: 俏囖俏囖囹烕戛嚦緘鄔服雯間馭渺
2018-07-11 13:16:10,976 (asr_pytorch:469) INFO: prediction [1501-2_spk_1501_2_071969-072196]: 係咯佢因為我哋有更新嚟開香港<eos>
2018-07-11 13:16:10,984 (e2e_asr_attctc_th:2977) INFO: BLSTMP input lengths: [268]
2018-07-11 13:16:11,327 (e2e_asr_attctc_th:2067) INFO: input lengths: 67
2018-07-11 13:16:11,328 (e2e_asr_attctc_th:2091) INFO: max output length: 67
2018-07-11 13:16:11,328 (e2e_asr_attctc_th:2092) INFO: min output length: 0
2018-07-11 13:16:13,844 (e2e_asr_attctc_th:2199) INFO: end detected at 20
2018-07-11 13:16:13,844 (e2e_asr_attctc_th:2217) INFO: total log probability: -17.3885905668
2018-07-11 13:16:13,845 (e2e_asr_attctc_th:2218) INFO: normalized log probability: -1.24204218334
2018-07-11 13:16:13,846 (asr_pytorch:468) INFO: groundtruth[1505-2_spk_1505_2_070464-070734]: 45嗷倔卿俏45嗷倔
2018-07-11 13:16:13,847 (asr_pytorch:469) INFO: prediction [1505-2_spk_1505_2_070464-070734]: 即係應該嗰個嗰陣時點啊嘛<eos>
2018-07-11 13:16:13,859 (e2e_asr_attctc_th:2977) INFO: BLSTMP input lengths: [43]
2018-07-11 13:16:14,001 (e2e_asr_attctc_th:2067) INFO: input lengths: 11
2018-07-11 13:16:14,002 (e2e_asr_attctc_th:2091) INFO: max output length: 11
2018-07-11 13:16:14,002 (e2e_asr_attctc_th:2092) INFO: min output length: 0
2018-07-11 13:16:14,829 (e2e_asr_attctc_th:2180) INFO: adding <eos> in the last postion in the loop
2018-07-11 13:16:14,830 (e2e_asr_attctc_th:2199) INFO: end detected at 10
2018-07-11 13:16:14,830 (e2e_asr_attctc_th:2217) INFO: total log probability: -3.59433925152
2018-07-11 13:16:14,830 (e2e_asr_attctc_th:2218) INFO: normalized log probability: -0.89858481288
2018-07-11 13:16:14,831 (asr_pytorch:468) INFO: groundtruth[9_spk_9_020832-020877]: 佬啷啷
2018-07-11 13:16:14,832 (asr_pytorch:469) INFO: prediction [9_spk_9_020832-020877]: 啱啱<eos>
2018-07-11 13:16:14,847 (e2e_asr_attctc_th:2977) INFO: BLSTMP input lengths: [438]
2018-07-11 13:16:15,826 (e2e_asr_attctc_th:2067) INFO: input lengths: 110
2018-07-11 13:16:15,827 (e2e_asr_attctc_th:2091) INFO: max output length: 110
2018-07-11 13:16:15,827 (e2e_asr_attctc_th:2092) INFO: min output length: 0
2018-07-11 13:16:21,389 (e2e_asr_attctc_th:2199) INFO: end detected at 27
2018-07-11 13:16:21,390 (e2e_asr_attctc_th:2217) INFO: total log probability: -22.8862713277
2018-07-11 13:16:21,390 (e2e_asr_attctc_th:2218) INFO: normalized log probability: -1.08982244418
2018-07-11 13:16:21,392 (asr_pytorch:468) INFO: groundtruth[12_spk_12_003450-003890]: B佬哦巫佬宥<unk>GLIGO唪GLIGO刺戛VIGSVH柎
2018-07-11 13:16:21,392 (asr_pytorch:469) INFO: prediction [12_spk_12_003450-003890]: 誒換年完工一你而傢中意齣去到我冇咩講入<eos>
2018-07-11 13:16:21,407 (e2e_asr_attctc_th:2977) INFO: BLSTMP input lengths: [198]
2018-07-11 13:16:21,895 (e2e_asr_attctc_th:2067) INFO: input lengths: 50
2018-07-11 13:16:21,896 (e2e_asr_attctc_th:2091) INFO: max output length: 50
2018-07-11 13:16:21,896 (e2e_asr_attctc_th:2092) INFO: min output length: 0
2018-07-11 13:16:22,951 (e2e_asr_attctc_th:2199) INFO: end detected at 10
2018-07-11 13:16:22,951 (e2e_asr_attctc_th:2217) INFO: total log probability: -1.03233884275
2018-07-11 13:16:22,951 (e2e_asr_attctc_th:2218) INFO: normalized log probability: -0.344112947583
2018-07-11 13:16:22,953 (asr_pytorch:468) INFO: groundtruth[1503-2_spk_1503_2_001969-002169]: 嗶
2018-07-11 13:16:22,953 (asr_pytorch:469) INFO: prediction [1503-2_spk_1503_2_001969-002169]: 嗯<eos>
2018-07-11 13:16:22,967 (e2e_asr_attctc_th:2977) INFO: BLSTMP input lengths: [95]
2018-07-11 13:16:23,103 (e2e_asr_attctc_th:2067) INFO: input lengths: 24
2018-07-11 13:16:23,103 (e2e_asr_attctc_th:2091) INFO: max output length: 24
2018-07-11 13:16:23,103 (e2e_asr_attctc_th:2092) INFO: min output length: 0
2018-07-11 13:16:23,657 (e2e_asr_attctc_th:2206) INFO: no hypothesis. Finish decoding.
2018-07-11 13:16:23,657 (e2e_asr_attctc_th:2217) INFO: total log probability: -5.00216815248
2018-07-11 13:16:23,657 (e2e_asr_attctc_th:2218) INFO: normalized log probability: -0.714595450354
2018-07-11 13:16:23,657 (asr_pytorch:468) INFO: groundtruth[1503-2_spk_1503_2_076697-076794]: 鄔俏摁啖FIR旨
2018-07-11 13:16:23,657 (asr_pytorch:469) INFO: prediction [1503-2_spk_1503_2_076697-076794]: 都係啦慘病<eos>
2018-07-11 13:16:23,665 (e2e_asr_attctc_th:2977) INFO: BLSTMP input lengths: [145]
2018-07-11 13:16:23,866 (e2e_asr_attctc_th:2067) INFO: input lengths: 37
2018-07-11 13:16:23,867 (e2e_asr_attctc_th:2091) INFO: max output length: 37
2018-07-11 13:16:23,867 (e2e_asr_attctc_th:2092) INFO: min output length: 0
2018-07-11 13:16:24,590 (e2e_asr_attctc_th:2199) INFO: end detected at 10
2018-07-11 13:16:24,590 (e2e_asr_attctc_th:2217) INFO: total log probability: -3.39449337125
2018-07-11 13:16:24,590 (e2e_asr_attctc_th:2218) INFO: normalized log probability: -0.848623342812
2018-07-11 13:16:24,591 (asr_pytorch:468) INFO: groundtruth[1502-1_spk_1502_1_094935-095082]: B嗶F~IF~I
2018-07-11 13:16:24,591 (asr_pytorch:469) INFO: prediction [1502-1_spk_1502_1_094935-095082]: 誒還<eos>
2018-07-11 13:16:24,599 (e2e_asr_attctc_th:2977) INFO: BLSTMP input lengths: [176]
2018-07-11 13:16:24,889 (e2e_asr_attctc_th:2067) INFO: input lengths: 44
2018-07-11 13:16:24,889 (e2e_asr_attctc_th:2091) INFO: max output length: 44
2018-07-11 13:16:24,889 (e2e_asr_attctc_th:2092) INFO: min output length: 0
2018-07-11 13:16:26,313 (e2e_asr_attctc_th:2206) INFO: no hypothesis. Finish decoding.
2018-07-11 13:16:26,313 (e2e_asr_attctc_th:2217) INFO: total log probability: -8.7676011622
2018-07-11 13:16:26,313 (e2e_asr_attctc_th:2218) INFO: normalized log probability: -0.584506744146
2018-07-11 13:16:26,314 (asr_pytorch:468) INFO: groundtruth[4_spk_4_010944-011122]: 吔樺倔霆誅黴言佬間唪刺呈
2018-07-11 13:16:26,314 (asr_pytorch:469) INFO: prediction [4_spk_4_010944-011122]: 唔係一個電話應該你開唔到噶<eos>
2018-07-11 13:16:26,322 (e2e_asr_attctc_th:2977) INFO: BLSTMP input lengths: [197]
2018-07-11 13:16:26,591 (e2e_asr_attctc_th:2067) INFO: input lengths: 50
2018-07-11 13:16:26,591 (e2e_asr_attctc_th:2091) INFO: max output length: 50
2018-07-11 13:16:26,591 (e2e_asr_attctc_th:2092) INFO: min output length: 0
2018-07-11 13:16:28,370 (e2e_asr_attctc_th:2199) INFO: end detected at 21
2018-07-11 13:16:28,370 (e2e_asr_attctc_th:2217) INFO: total log probability: -7.42405347619
2018-07-11 13:16:28,370 (e2e_asr_attctc_th:2218) INFO: normalized log probability: -0.436709028011
2018-07-11 13:16:28,371 (asr_pytorch:468) INFO: groundtruth[1502-2_spk_1502_2_092599-092798]: 囹烕速幅嚦謬佬扚LSXPMRI妊雲扚㨃啯
2018-07-11 13:16:28,371 (asr_pytorch:469) INFO: prediction [1502-2_spk_1502_2_092599-092798]: 因為通常你講嚟打開啦好難單噶啦<eos>
2018-07-11 13:16:28,379 (e2e_asr_attctc_th:2977) INFO: BLSTMP input lengths: [198]
2018-07-11 13:16:28,633 (e2e_asr_attctc_th:2067) INFO: input lengths: 50
2018-07-11 13:16:28,634 (e2e_asr_attctc_th:2091) INFO: max output length: 50
2018-07-11 13:16:28,634 (e2e_asr_attctc_th:2092) INFO: min output length: 0
2018-07-11 13:16:29,775 (e2e_asr_attctc_th:2206) INFO: no hypothesis. Finish decoding.
2018-07-11 13:16:29,775 (e2e_asr_attctc_th:2217) INFO: total log probability: -4.31022753002
2018-07-11 13:16:29,775 (e2e_asr_attctc_th:2218) INFO: normalized log probability: -0.331555963848
2018-07-11 13:16:29,776 (asr_pytorch:468) INFO: groundtruth[1505-1_spk_1505_1_054576-054776]: 咋倔HEXE旅<unk>叄刺序夥啯
2018-07-11 13:16:29,776 (asr_pytorch:469) INFO: prediction [1505-1_spk_1505_1_054576-054776]: 咁個機下方麵去到幾多啦<eos>
2018-07-11 13:16:29,784 (e2e_asr_attctc_th:2977) INFO: BLSTMP input lengths: [482]
2018-07-11 13:16:30,398 (e2e_asr_attctc_th:2067) INFO: input lengths: 121
2018-07-11 13:16:30,398 (e2e_asr_attctc_th:2091) INFO: max output length: 121
2018-07-11 13:16:30,398 (e2e_asr_attctc_th:2092) INFO: min output length: 0
2018-07-11 13:16:34,027 (e2e_asr_attctc_th:2206) INFO: no hypothesis. Finish decoding.
2018-07-11 13:16:34,027 (e2e_asr_attctc_th:2217) INFO: total log probability: -12.7561858194
2018-07-11 13:16:34,027 (e2e_asr_attctc_th:2218) INFO: normalized log probability: -0.439868476531
2018-07-11 13:16:34,027 (asr_pytorch:468) INFO: groundtruth[1504-1_spk_1504_1_096666-097150]: 戛址侶啼俏冏伊作賒斥柎戛址鄔俏隸檀斌孝黒柎咒侶啼
2018-07-11 13:16:34,028 (asr_pytorch:469) INFO: prediction [1504-1_spk_1504_1_096666-097150]: 我哋呢啲人係冇人喎之前咁樣我哋都係隨機數字嚟嘅就係呢啲<eos>
2018-07-11 13:16:34,035 (e2e_asr_attctc_th:2977) INFO: BLSTMP input lengths: [292]
2018-07-11 13:16:34,423 (e2e_asr_attctc_th:2067) INFO: input lengths: 73
2018-07-11 13:16:34,423 (e2e_asr_attctc_th:2091) INFO: max output length: 73
2018-07-11 13:16:34,423 (e2e_asr_attctc_th:2092) INFO: min output length: 0
2018-07-11 13:16:36,069 (e2e_asr_attctc_th:2199) INFO: end detected at 19
2018-07-11 13:16:36,070 (e2e_asr_attctc_th:2217) INFO: total log probability: -9.35350884125
2018-07-11 13:16:36,070 (e2e_asr_attctc_th:2218) INFO: normalized log probability: -0.668107774375
2018-07-11 13:16:36,070 (asr_pytorch:468) INFO: groundtruth[1504-2_spk_1504_2_031495-031789]: 呯倔可側唑呈呯倔可咯
2018-07-11 13:16:36,070 (asr_pytorch:469) INFO: prediction [1504-2_spk_1504_2_031495-031789]: 呢個叫就話嗯嗯呢度叫咩啊<eos>
2018-07-11 13:16:36,078 (e2e_asr_attctc_th:2977) INFO: BLSTMP input lengths: [160]
2018-07-11 13:16:36,279 (e2e_asr_attctc_th:2067) INFO: input lengths: 40
2018-07-11 13:16:36,280 (e2e_asr_attctc_th:2091) INFO: max output length: 40
2018-07-11 13:16:36,280 (e2e_asr_attctc_th:2092) INFO: min output length: 0
2018-07-11 13:16:37,027 (e2e_asr_attctc_th:2206) INFO: no hypothesis. Finish decoding.
2018-07-11 13:16:37,028 (e2e_asr_attctc_th:2217) INFO: total log probability: -2.0614871569
2018-07-11 13:16:37,028 (e2e_asr_attctc_th:2218) INFO: normalized log probability: -0.20614871569
2018-07-11 13:16:37,028 (asr_pytorch:468) INFO: groundtruth[1502-2_spk_1502_2_029774-029936]: 三欸道拋咩<unk>序倔
2018-07-11 13:16:37,028 (asr_pytorch:469) INFO: prediction [1502-2_spk_1502_2_029774-029936]: 一次我刷咗韆幾個<eos>
2018-07-11 13:16:37,036 (e2e_asr_attctc_th:2977) INFO: BLSTMP input lengths: [464]
2018-07-11 13:16:37,614 (e2e_asr_attctc_th:2067) INFO: input lengths: 116
2018-07-11 13:16:37,614 (e2e_asr_attctc_th:2091) INFO: max output length: 116
2018-07-11 13:16:37,614 (e2e_asr_attctc_th:2092) INFO: min output length: 0
2018-07-11 13:16:41,881 (e2e_asr_attctc_th:2199) INFO: end detected at 32
2018-07-11 13:16:41,881 (e2e_asr_attctc_th:2217) INFO: total log probability: -30.3764358298
2018-07-11 13:16:41,881 (e2e_asr_attctc_th:2218) INFO: normalized log probability: -1.12505317888
2018-07-11 13:16:41,882 (asr_pytorch:468) INFO: groundtruth[1503-1_spk_1503_1_008826-009292]: 囹烕逸曳倔街敏賀鄔化曳柎啯6KF嗷倔TPER斌2幻卒GSRXVEGX叄由
2018-07-11 13:16:41,882 (asr_pytorch:469) INFO: prediction [1503-1_spk_1503_1_008826-009292]: 因為連費國人你計得包快噶啦我哋講誒嗰兩邊個開始喺入<eos>
2018-07-11 13:16:41,900 (e2e_asr_attctc_th:2977) INFO: BLSTMP input lengths: [780]
2018-07-11 13:16:43,464 (e2e_asr_attctc_th:2067) INFO: input lengths: 195
2018-07-11 13:16:43,464 (e2e_asr_attctc_th:2091) INFO: max output length: 195
2018-07-11 13:16:43,464 (e2e_asr_attctc_th:2092) INFO: min output length: 0
2018-07-11 13:16:54,258 (e2e_asr_attctc_th:2206) INFO: no hypothesis. Finish decoding.
2018-07-11 13:16:54,258 (e2e_asr_attctc_th:2217) INFO: total log probability: -63.0615739403
2018-07-11 13:16:54,258 (e2e_asr_attctc_th:2218) INFO: normalized log probability: -1.12609953465
2018-07-11 13:16:54,259 (asr_pytorch:468) INFO: groundtruth[1503-1_spk_1503_1_046852-047634]: 咋戛尻見啞吔井睛丕佰仕旬啼UYSXE由曳朵朵旨誅呯戛址啞佰<unk>UYSXE兒司件毯刺戛臺巷啼宭呯叄旅亳古刺呯倔公郷儼想囖
2018-07-11 13:16:54,259 (asr_pytorch:469) INFO: prediction [1503-1_spk_1503_1_046852-047634]: 咁我發現個人好似時翻去咁樣啲KON牌仲翻嚟你嘅話留如果佢藉咗高大之外你講我哋俾啲下咧所以喺度堂呢個內部優惠啦<eos>
2018-07-11 13:16:54,266 (e2e_asr_attctc_th:2977) INFO: BLSTMP input lengths: [64]
2018-07-11 13:16:54,359 (e2e_asr_attctc_th:2067) INFO: input lengths: 16
2018-07-11 13:16:54,359 (e2e_asr_attctc_th:2091) INFO: max output length: 16
2018-07-11 13:16:54,359 (e2e_asr_attctc_th:2092) INFO: min output length: 0
2018-07-11 13:16:54,824 (e2e_asr_attctc_th:2199) INFO: end detected at 10
2018-07-11 13:16:54,824 (e2e_asr_attctc_th:2217) INFO: total log probability: -0.919793739915
2018-07-11 13:16:54,824 (e2e_asr_attctc_th:2218) INFO: normalized log probability: -0.229948434979
2018-07-11 13:16:54,825 (asr_pytorch:468) INFO: groundtruth[1501-1_spk_1501_1_075350-075416]: SO
2018-07-11 13:16:54,825 (asr_pytorch:469) INFO: prediction [1501-1_spk_1501_1_075350-075416]: OK<eos>
2018-07-11 13:16:54,833 (e2e_asr_attctc_th:2977) INFO: BLSTMP input lengths: [241]
2018-07-11 13:16:55,147 (e2e_asr_attctc_th:2067) INFO: input lengths: 61
2018-07-11 13:16:55,147 (e2e_asr_attctc_th:2091) INFO: max output length: 61
2018-07-11 13:16:55,147 (e2e_asr_attctc_th:2092) INFO: min output length: 0
2018-07-11 13:16:56,803 (e2e_asr_attctc_th:2199) INFO: end detected at 20
2018-07-11 13:16:56,804 (e2e_asr_attctc_th:2217) INFO: total log probability: -5.97840164928
2018-07-11 13:16:56,804 (e2e_asr_attctc_th:2218) INFO: normalized log probability: -0.398560109952
2018-07-11 13:16:56,805 (asr_pytorch:468) INFO: groundtruth[1502-2_spk_1502_2_013783-014026]: 咋B戛員呯尻服朕迫倔檀<unk>呯尻
2018-07-11 13:16:56,805 (asr_pytorch:469) INFO: prediction [1502-2_spk_1502_2_013783-014026]: 咁誒我哋呢就會有花機細啦就<eos>
2018-07-11 13:16:56,813 (e2e_asr_attctc_th:2977) INFO: BLSTMP input lengths: [278]
2018-07-11 13:16:57,172 (e2e_asr_attctc_th:2067) INFO: input lengths: 70
2018-07-11 13:16:57,173 (e2e_asr_attctc_th:2091) INFO: max output length: 70
2018-07-11 13:16:57,173 (e2e_asr_attctc_th:2092) INFO: min output length: 0
2018-07-11 13:16:58,591 (e2e_asr_attctc_th:2206) INFO: no hypothesis. Finish decoding.
2018-07-11 13:16:58,591 (e2e_asr_attctc_th:2217) INFO: total log probability: -10.4733398631
2018-07-11 13:16:58,592 (e2e_asr_attctc_th:2218) INFO: normalized log probability: -0.698222657541
2018-07-11 13:16:58,593 (asr_pytorch:468) INFO: groundtruth[1505-1_spk_1505_1_008448-008728]: 弊譽考冀寫裳考啼4K柎囖俏
2018-07-11 13:16:58,593 (asr_pytorch:469) INFO: prediction [1505-1_spk_1505_1_008448-008728]: 建議翻其實再翻啲科豬噶咯係<eos>
2018-07-11 13:16:58,608 (e2e_asr_attctc_th:2977) INFO: BLSTMP input lengths: [36]
2018-07-11 13:16:58,707 (e2e_asr_attctc_th:2067) INFO: input lengths: 9
2018-07-11 13:16:58,708 (e2e_asr_attctc_th:2091) INFO: max output length: 9
2018-07-11 13:16:58,708 (e2e_asr_attctc_th:2092) INFO: min output length: 0
2018-07-11 13:16:59,147 (e2e_asr_attctc_th:2199) INFO: end detected at 7
2018-07-11 13:16:59,148 (e2e_asr_attctc_th:2217) INFO: total log probability: -0.607721108943
2018-07-11 13:16:59,148 (e2e_asr_attctc_th:2218) INFO: normalized log probability: -0.202573702981
2018-07-11 13:16:59,150 (asr_pytorch:468) INFO: groundtruth[1502-2_spk_1502_2_020392-020430]: 哭
2018-07-11 13:16:59,151 (asr_pytorch:469) INFO: prediction [1502-2_spk_1502_2_020392-020430]: 哦<eos>
2018-07-11 13:16:59,165 (e2e_asr_attctc_th:2977) INFO: BLSTMP input lengths: [79]
2018-07-11 13:16:59,338 (e2e_asr_attctc_th:2067) INFO: input lengths: 20
2018-07-11 13:16:59,338 (e2e_asr_attctc_th:2091) INFO: max output length: 20
2018-07-11 13:16:59,338 (e2e_asr_attctc_th:2092) INFO: min output length: 0
2018-07-11 13:17:00,057 (e2e_asr_attctc_th:2199) INFO: end detected at 9
2018-07-11 13:17:00,057 (e2e_asr_attctc_th:2217) INFO: total log probability: -0.0388356591575
2018-07-11 13:17:00,057 (e2e_asr_attctc_th:2218) INFO: normalized log probability: -0.0077671318315
2018-07-11 13:17:00,059 (asr_pytorch:468) INFO: groundtruth[1502-1_spk_1502_1_022561-022642]: 咋住俏
2018-07-11 13:17:00,059 (asr_pytorch:469) INFO: prediction [1502-1_spk_1502_1_022561-022642]: 咁但係<eos>
2018-07-11 13:17:00,074 (e2e_asr_attctc_th:2977) INFO: BLSTMP input lengths: [28]
2018-07-11 13:17:00,163 (e2e_asr_attctc_th:2067) INFO: input lengths: 7
2018-07-11 13:17:00,163 (e2e_asr_attctc_th:2091) INFO: max output length: 7
2018-07-11 13:17:00,164 (e2e_asr_attctc_th:2092) INFO: min output length: 0
2018-07-11 13:17:00,524 (e2e_asr_attctc_th:2180) INFO: adding <eos> in the last postion in the loop
2018-07-11 13:17:00,525 (e2e_asr_attctc_th:2206) INFO: no hypothesis. Finish decoding.
2018-07-11 13:17:00,525 (e2e_asr_attctc_th:2217) INFO: total log probability: -0.488805949688
2018-07-11 13:17:00,526 (e2e_asr_attctc_th:2218) INFO: normalized log probability: -0.162935316563
2018-07-11 13:17:00,527 (asr_pytorch:468) INFO: groundtruth[1504-2_spk_1504_2_098704-098734]: 哭
2018-07-11 13:17:00,527 (asr_pytorch:469) INFO: prediction [1504-2_spk_1504_2_098704-098734]: 哦<eos>
2018-07-11 13:17:00,540 (e2e_asr_attctc_th:2977) INFO: BLSTMP input lengths: [171]
2018-07-11 13:17:00,948 (e2e_asr_attctc_th:2067) INFO: input lengths: 43
2018-07-11 13:17:00,948 (e2e_asr_attctc_th:2091) INFO: max output length: 43
2018-07-11 13:17:00,949 (e2e_asr_attctc_th:2092) INFO: min output length: 0
2018-07-11 13:17:02,917 (e2e_asr_attctc_th:2199) INFO: end detected at 18
2018-07-11 13:17:02,918 (e2e_asr_attctc_th:2217) INFO: total log probability: -3.92591577303
2018-07-11 13:17:02,918 (e2e_asr_attctc_th:2218) INFO: normalized log probability: -0.301993521002
2018-07-11 13:17:02,919 (asr_pytorch:468) INFO: groundtruth[1502-2_spk_1502_2_071182-071355]: 佰卉亙黴眯俏從嘍誅呯
2018-07-11 13:17:02,920 (asr_pytorch:469) INFO: prediction [1502-2_spk_1502_2_071182-071355]: 呢個十二點真係得嘅話<SPK/><eos>
2018-07-11 13:17:02,933 (e2e_asr_attctc_th:2977) INFO: BLSTMP input lengths: [205]
2018-07-11 13:17:03,371 (e2e_asr_attctc_th:2067) INFO: input lengths: 52
2018-07-11 13:17:03,372 (e2e_asr_attctc_th:2091) INFO: max output length: 52
2018-07-11 13:17:03,372 (e2e_asr_attctc_th:2092) INFO: min output length: 0
2018-07-11 13:17:05,898 (e2e_asr_attctc_th:2199) INFO: end detected at 21
2018-07-11 13:17:05,898 (e2e_asr_attctc_th:2217) INFO: total log probability: -6.64661798999
2018-07-11 13:17:05,898 (e2e_asr_attctc_th:2218) INFO: normalized log probability: -0.415413624374
2018-07-11 13:17:05,900 (asr_pytorch:468) INFO: groundtruth[1502-2_spk_1502_2_015106-015313]: 咋尻妊夥宭扁尻服妊朕彗恃咋呈
2018-07-11 13:17:05,900 (asr_pytorch:469) INFO: prediction [1502-2_spk_1502_2_015106-015313]: 咁就好多客戶就會好嘅飯性咁咪<eos>
2018-07-11 13:17:05,912 (e2e_asr_attctc_th:2977) INFO: BLSTMP input lengths: [33]
2018-07-11 13:17:06,000 (e2e_asr_attctc_th:2067) INFO: input lengths: 9
2018-07-11 13:17:06,001 (e2e_asr_attctc_th:2091) INFO: max output length: 9
2018-07-11 13:17:06,001 (e2e_asr_attctc_th:2092) INFO: min output length: 0
2018-07-11 13:17:06,427 (e2e_asr_attctc_th:2199) INFO: end detected at 7
2018-07-11 13:17:06,428 (e2e_asr_attctc_th:2217) INFO: total log probability: -0.0186839987291
2018-07-11 13:17:06,428 (e2e_asr_attctc_th:2218) INFO: normalized log probability: -0.00622799957637
2018-07-11 13:17:06,429 (asr_pytorch:468) INFO: groundtruth[1502-1_spk_1502_1_003597-003632]: 嗶
2018-07-11 13:17:06,429 (asr_pytorch:469) INFO: prediction [1502-1_spk_1502_1_003597-003632]: 嗯<eos>
2018-07-11 13:17:06,442 (e2e_asr_attctc_th:2977) INFO: BLSTMP input lengths: [137]
2018-07-11 13:17:06,728 (e2e_asr_attctc_th:2067) INFO: input lengths: 35
2018-07-11 13:17:06,728 (e2e_asr_attctc_th:2091) INFO: max output length: 35
2018-07-11 13:17:06,728 (e2e_asr_attctc_th:2092) INFO: min output length: 0
2018-07-11 13:17:07,638 (e2e_asr_attctc_th:2199) INFO: end detected at 10
2018-07-11 13:17:07,638 (e2e_asr_attctc_th:2217) INFO: total log probability: -1.31860606931
2018-07-11 13:17:07,638 (e2e_asr_attctc_th:2218) INFO: normalized log probability: -0.219767678219
2018-07-11 13:17:07,640 (asr_pytorch:468) INFO: groundtruth[1501-1_spk_1501_1_072489-072628]: 妍枱佬誅
2018-07-11 13:17:07,640 (asr_pytorch:469) INFO: prediction [1501-1_spk_1501_1_072489-072628]: 如果係喎<eos>
2018-07-11 13:17:07,653 (e2e_asr_attctc_th:2977) INFO: BLSTMP input lengths: [123]
2018-07-11 13:17:07,910 (e2e_asr_attctc_th:2067) INFO: input lengths: 31
2018-07-11 13:17:07,910 (e2e_asr_attctc_th:2091) INFO: max output length: 31
2018-07-11 13:17:07,910 (e2e_asr_attctc_th:2092) INFO: min output length: 0
2018-07-11 13:17:08,699 (e2e_asr_attctc_th:2199) INFO: end detected at 10
2018-07-11 13:17:08,699 (e2e_asr_attctc_th:2217) INFO: total log probability: -1.3693408519
2018-07-11 13:17:08,700 (e2e_asr_attctc_th:2218) INFO: normalized log probability: -0.273868170381
2018-07-11 13:17:08,701 (asr_pytorch:468) INFO: groundtruth[1501-1_spk_1501_1_074931-075056]: B俏咱
2018-07-11 13:17:08,701 (asr_pytorch:469) INFO: prediction [1501-1_spk_1501_1_074931-075056]: 係係咪<eos>
2018-07-11 13:17:08,714 (e2e_asr_attctc_th:2977) INFO: BLSTMP input lengths: [243]
2018-07-11 13:17:09,199 (e2e_asr_attctc_th:2067) INFO: input lengths: 61
2018-07-11 13:17:09,199 (e2e_asr_attctc_th:2091) INFO: max output length: 61
2018-07-11 13:17:09,199 (e2e_asr_attctc_th:2092) INFO: min output length: 0
2018-07-11 13:17:10,982 (e2e_asr_attctc_th:2199) INFO: end detected at 16
2018-07-11 13:17:10,983 (e2e_asr_attctc_th:2217) INFO: total log probability: -9.02587604523
2018-07-11 13:17:10,983 (e2e_asr_attctc_th:2218) INFO: normalized log probability: -1.12823450565
2018-07-11 13:17:10,984 (asr_pytorch:468) INFO: groundtruth[8_spk_8_061825-062070]: 卿俏倍BB倍戛詭由
2018-07-11 13:17:10,985 (asr_pytorch:469) INFO: prediction [8_spk_8_061825-062070]: 色石SBUS<eos>
2018-07-11 13:17:10,997 (e2e_asr_attctc_th:2977) INFO: BLSTMP input lengths: [93]
2018-07-11 13:17:11,186 (e2e_asr_attctc_th:2067) INFO: input lengths: 24
2018-07-11 13:17:11,186 (e2e_asr_attctc_th:2091) INFO: max output length: 24
2018-07-11 13:17:11,187 (e2e_asr_attctc_th:2092) INFO: min output length: 0
2018-07-11 13:17:12,017 (e2e_asr_attctc_th:2206) INFO: no hypothesis. Finish decoding.
2018-07-11 13:17:12,018 (e2e_asr_attctc_th:2217) INFO: total log probability: -6.52171707526
2018-07-11 13:17:12,018 (e2e_asr_attctc_th:2218) INFO: normalized log probability: -0.724635230584
2018-07-11 13:17:12,018 (asr_pytorch:468) INFO: groundtruth[1501-1_spk_1501_1_048641-048736]: 囹烕佬葛閊希呯
2018-07-11 13:17:12,019 (asr_pytorch:469) INFO: prediction [1501-1_spk_1501_1_048641-048736]: 都係你落門子嘞<eos>
2018-07-11 13:17:12,031 (e2e_asr_attctc_th:2977) INFO: BLSTMP input lengths: [198]
2018-07-11 13:17:12,426 (e2e_asr_attctc_th:2067) INFO: input lengths: 50
2018-07-11 13:17:12,426 (e2e_asr_attctc_th:2091) INFO: max output length: 50
2018-07-11 13:17:12,427 (e2e_asr_attctc_th:2092) INFO: min output length: 0
2018-07-11 13:17:13,154 (e2e_asr_attctc_th:2206) INFO: no hypothesis. Finish decoding.
2018-07-11 13:17:13,155 (e2e_asr_attctc_th:2217) INFO: total log probability: -3.06495411275
2018-07-11 13:17:13,155 (e2e_asr_attctc_th:2218) INFO: normalized log probability: -0.437850587536
2018-07-11 13:17:13,156 (asr_pytorch:468) INFO: groundtruth[1505-1_spk_1505_1_003060-003260]: 睛尖石牙鄔
2018-07-11 13:17:13,156 (asr_pytorch:469) INFO: prediction [1505-1_spk_1505_1_003060-003260]: 睇小轉片都<eos>
2018-07-11 13:17:13,171 (e2e_asr_attctc_th:2977) INFO: BLSTMP input lengths: [629]
2018-07-11 13:17:14,112 (e2e_asr_attctc_th:2067) INFO: input lengths: 158
2018-07-11 13:17:14,113 (e2e_asr_attctc_th:2091) INFO: max output length: 158
2018-07-11 13:17:14,113 (e2e_asr_attctc_th:2092) INFO: min output length: 0
2018-07-11 13:17:20,151 (e2e_asr_attctc_th:2206) INFO: no hypothesis. Finish decoding.
2018-07-11 13:17:20,151 (e2e_asr_attctc_th:2217) INFO: total log probability: -13.9402212838
2018-07-11 13:17:20,151 (e2e_asr_attctc_th:2218) INFO: normalized log probability: -0.449684557543
2018-07-11 13:17:20,152 (asr_pytorch:468) INFO: groundtruth[4_spk_4_058853-059484]: B佰嗷倔呯佬俏杉渺由杉址HEXE俏唪服討賀㨃佰俏鈀少畸斌擢漳遏
2018-07-11 13:17:20,152 (asr_pytorch:469) INFO: prediction [4_spk_4_058853-059484]: 誒佢嗰個呢你係本港用本地機頭係唔會計廢噶佢係針對翻數據晚又<eos>
2018-07-11 13:17:20,161 (e2e_asr_attctc_th:2977) INFO: BLSTMP input lengths: [694]
2018-07-11 13:17:21,085 (e2e_asr_attctc_th:2067) INFO: input lengths: 174
2018-07-11 13:17:21,085 (e2e_asr_attctc_th:2091) INFO: max output length: 174
2018-07-11 13:17:21,085 (e2e_asr_attctc_th:2092) INFO: min output length: 0
2018-07-11 13:17:26,437 (e2e_asr_attctc_th:2199) INFO: end detected at 36
2018-07-11 13:17:26,438 (e2e_asr_attctc_th:2217) INFO: total log probability: -21.8358377935
2018-07-11 13:17:26,438 (e2e_asr_attctc_th:2218) INFO: normalized log probability: -0.704381864308
2018-07-11 13:17:26,439 (asr_pytorch:468) INFO: groundtruth[1505-2_spk_1505_2_034254-034950]: IVIV旨ORS_PIHKI言釐丕戛宥<unk>嗷倔嗷倔GWP旨誅倍佬肇
2018-07-11 13:17:26,439 (asr_pytorch:469) INFO: prediction [1505-2_spk_1505_2_034254-034950]: 誒誒NONLING就解釋下我而傢嗰個嗰個即係之後原來佢哋聽<eos>
2018-07-11 13:17:26,453 (e2e_asr_attctc_th:2977) INFO: BLSTMP input lengths: [184]
2018-07-11 13:17:26,839 (e2e_asr_attctc_th:2067) INFO: input lengths: 46
2018-07-11 13:17:26,839 (e2e_asr_attctc_th:2091) INFO: max output length: 46
2018-07-11 13:17:26,839 (e2e_asr_attctc_th:2092) INFO: min output length: 0
2018-07-11 13:17:29,048 (e2e_asr_attctc_th:2199) INFO: end detected at 19
2018-07-11 13:17:29,049 (e2e_asr_attctc_th:2217) INFO: total log probability: -6.53690356505
2018-07-11 13:17:29,049 (e2e_asr_attctc_th:2218) INFO: normalized log probability: -0.466921683218
2018-07-11 13:17:29,050 (asr_pytorch:468) INFO: groundtruth[1502-2_spk_1502_2_076688-076874]: 刺晏佬司件略感迫嗷彈喵嘍
2018-07-11 13:17:29,050 (asr_pytorch:469) INFO: prediction [1502-2_spk_1502_2_076688-076874]: 到時你可以留意翻個腸山嘅<eos>
2018-07-11 13:17:29,067 (e2e_asr_attctc_th:2977) INFO: BLSTMP input lengths: [200]
2018-07-11 13:17:29,489 (e2e_asr_attctc_th:2067) INFO: input lengths: 50
2018-07-11 13:17:29,489 (e2e_asr_attctc_th:2091) INFO: max output length: 50
2018-07-11 13:17:29,489 (e2e_asr_attctc_th:2092) INFO: min output length: 0
2018-07-11 13:17:31,176 (e2e_asr_attctc_th:2206) INFO: no hypothesis. Finish decoding.
2018-07-11 13:17:31,176 (e2e_asr_attctc_th:2217) INFO: total log probability: -6.06297060382
2018-07-11 13:17:31,177 (e2e_asr_attctc_th:2218) INFO: normalized log probability: -0.433069328844
2018-07-11 13:17:31,177 (asr_pytorch:468) INFO: groundtruth[1502-2_spk_1502_2_006260-006462]: 咋召夢冗換迫呈潤用佬三樺釗
2018-07-11 13:17:31,178 (asr_pytorch:469) INFO: prediction [1502-2_spk_1502_2_006260-006462]: 咁另外再提翻下搬生呢樣嘢<eos>
2018-07-11 13:17:31,191 (e2e_asr_attctc_th:2977) INFO: BLSTMP input lengths: [258]
2018-07-11 13:17:31,706 (e2e_asr_attctc_th:2067) INFO: input lengths: 65
2018-07-11 13:17:31,706 (e2e_asr_attctc_th:2091) INFO: max output length: 65
2018-07-11 13:17:31,706 (e2e_asr_attctc_th:2092) INFO: min output length: 0
2018-07-11 13:17:33,445 (e2e_asr_attctc_th:2206) INFO: no hypothesis. Finish decoding.
2018-07-11 13:17:33,446 (e2e_asr_attctc_th:2217) INFO: total log probability: -9.6156470608
2018-07-11 13:17:33,446 (e2e_asr_attctc_th:2218) INFO: normalized log probability: -0.534202614489
2018-07-11 13:17:33,446 (asr_pytorch:468) INFO: groundtruth[9_spk_9_003972-004232]: 咋樺妍枱佬誅司脇佬侈由唪刺綺絨嘍誅
2018-07-11 13:17:33,447 (asr_pytorch:469) INFO: prediction [9_spk_9_003972-004232]: 誒咩如果你話可能你都唔得網絡噶話<eos>
2018-07-11 13:17:33,456 (e2e_asr_attctc_th:2977) INFO: BLSTMP input lengths: [546]
2018-07-11 13:17:34,163 (e2e_asr_attctc_th:2067) INFO: input lengths: 137
2018-07-11 13:17:34,164 (e2e_asr_attctc_th:2091) INFO: max output length: 137
2018-07-11 13:17:34,164 (e2e_asr_attctc_th:2092) INFO: min output length: 0
2018-07-11 13:17:37,322 (e2e_asr_attctc_th:2199) INFO: end detected at 27
2018-07-11 13:17:37,323 (e2e_asr_attctc_th:2217) INFO: total log probability: -26.0272773877
2018-07-11 13:17:37,323 (e2e_asr_attctc_th:2218) INFO: normalized log probability: -1.18305806308
2018-07-11 13:17:37,323 (asr_pytorch:468) INFO: groundtruth[8_spk_8_021887-022435]: 住囹烕耗<unk>佬吔井瑀旬黴言BWIPP戛誅B卌紡側4K
2018-07-11 13:17:37,324 (asr_pytorch:469) INFO: prediction [8_spk_8_021887-022435]: 小情西理同嘅男日俾IASO曬即係實度地機<eos>
2018-07-11 13:17:37,332 (e2e_asr_attctc_th:2977) INFO: BLSTMP input lengths: [586]
2018-07-11 13:17:38,054 (e2e_asr_attctc_th:2067) INFO: input lengths: 147
2018-07-11 13:17:38,055 (e2e_asr_attctc_th:2091) INFO: max output length: 147
2018-07-11 13:17:38,055 (e2e_asr_attctc_th:2092) INFO: min output length: 0
2018-07-11 13:17:43,630 (e2e_asr_attctc_th:2199) INFO: end detected at 44
2018-07-11 13:17:43,630 (e2e_asr_attctc_th:2217) INFO: total log probability: -40.7337702028
2018-07-11 13:17:43,630 (e2e_asr_attctc_th:2218) INFO: normalized log probability: -1.04445564623
2018-07-11 13:17:43,631 (asr_pytorch:468) INFO: groundtruth[1503-1_spk_1503_1_008238-008826]: 朋久見旨誅呯戛址256蚧倔朔賀啯尻唪震見朕B夢旨伊作限劫賀冗見劫葛叄旨
2018-07-11 13:17:43,631 (asr_pytorch:469) INFO: prediction [1503-1_spk_1503_1_008238-008826]: 最主要嘅話咧我哋五百五十六蚊啊同時睇啦就唔知要入口嘅人我爸加細個要加落嚟噶<eos>
2018-07-11 13:17:43,638 (e2e_asr_attctc_th:2977) INFO: BLSTMP input lengths: [54]
2018-07-11 13:17:43,718 (e2e_asr_attctc_th:2067) INFO: input lengths: 14
2018-07-11 13:17:43,718 (e2e_asr_attctc_th:2091) INFO: max output length: 14
2018-07-11 13:17:43,718 (e2e_asr_attctc_th:2092) INFO: min output length: 0
2018-07-11 13:17:44,049 (e2e_asr_attctc_th:2199) INFO: end detected at 8
2018-07-11 13:17:44,049 (e2e_asr_attctc_th:2217) INFO: total log probability: -0.761908777058
2018-07-11 13:17:44,049 (e2e_asr_attctc_th:2218) INFO: normalized log probability: -0.253969592353
2018-07-11 13:17:44,050 (asr_pytorch:468) INFO: groundtruth[9_spk_9_061666-061722]: 嗶嗶
2018-07-11 13:17:44,050 (asr_pytorch:469) INFO: prediction [9_spk_9_061666-061722]: 嗯<eos>
2018-07-11 13:17:44,057 (e2e_asr_attctc_th:2977) INFO: BLSTMP input lengths: [126]
2018-07-11 13:17:44,232 (e2e_asr_attctc_th:2067) INFO: input lengths: 32
2018-07-11 13:17:44,232 (e2e_asr_attctc_th:2091) INFO: max output length: 32
2018-07-11 13:17:44,232 (e2e_asr_attctc_th:2092) INFO: min output length: 0
2018-07-11 13:17:44,688 (e2e_asr_attctc_th:2199) INFO: end detected at 9
2018-07-11 13:17:44,689 (e2e_asr_attctc_th:2217) INFO: total log probability: -1.52958721668
2018-07-11 13:17:44,689 (e2e_asr_attctc_th:2218) INFO: normalized log probability: -0.382396804169
2018-07-11 13:17:44,689 (asr_pytorch:468) INFO: groundtruth[1502-1_spk_1502_1_019389-019517]: 佰反
2018-07-11 13:17:44,689 (asr_pytorch:469) INFO: prediction [1502-1_spk_1502_1_019389-019517]: 佢又<eos>
2018-07-11 13:17:44,697 (e2e_asr_attctc_th:2977) INFO: BLSTMP input lengths: [198]
2018-07-11 13:17:44,940 (e2e_asr_attctc_th:2067) INFO: input lengths: 50
2018-07-11 13:17:44,940 (e2e_asr_attctc_th:2091) INFO: max output length: 50
2018-07-11 13:17:44,940 (e2e_asr_attctc_th:2092) INFO: min output length: 0
2018-07-11 13:17:46,301 (e2e_asr_attctc_th:2199) INFO: end detected at 19
2018-07-11 13:17:46,301 (e2e_asr_attctc_th:2217) INFO: total log probability: -9.72446798161
2018-07-11 13:17:46,301 (e2e_asr_attctc_th:2218) INFO: normalized log probability: -0.810372331801
2018-07-11 13:17:46,302 (asr_pytorch:468) INFO: groundtruth[12_spk_12_014572-014772]: 10濛咋樺咵住佰呯倔院唪院
2018-07-11 13:17:46,302 (asr_pytorch:469) INFO: prediction [12_spk_12_014572-014772]: 十極咁樣咯喺佢呢個行<eos>
2018-07-11 13:17:46,309 (e2e_asr_attctc_th:2977) INFO: BLSTMP input lengths: [118]
2018-07-11 13:17:46,457 (e2e_asr_attctc_th:2067) INFO: input lengths: 30
2018-07-11 13:17:46,457 (e2e_asr_attctc_th:2091) INFO: max output length: 30
2018-07-11 13:17:46,457 (e2e_asr_attctc_th:2092) INFO: min output length: 0
2018-07-11 13:17:47,166 (e2e_asr_attctc_th:2199) INFO: end detected at 13
2018-07-11 13:17:47,166 (e2e_asr_attctc_th:2217) INFO: total log probability: -6.66552173346
2018-07-11 13:17:47,166 (e2e_asr_attctc_th:2218) INFO: normalized log probability: -0.952217390495
2018-07-11 13:17:47,167 (asr_pytorch:468) INFO: groundtruth[9_spk_9_031464-031585]: 咋樺嘍誅呯
2018-07-11 13:17:47,167 (asr_pytorch:469) INFO: prediction [9_spk_9_031464-031585]: 咁我就話啦<eos>
2018-07-11 13:17:47,174 (e2e_asr_attctc_th:2977) INFO: BLSTMP input lengths: [114]
2018-07-11 13:17:47,316 (e2e_asr_attctc_th:2067) INFO: input lengths: 29
2018-07-11 13:17:47,317 (e2e_asr_attctc_th:2091) INFO: max output length: 29
2018-07-11 13:17:47,317 (e2e_asr_attctc_th:2092) INFO: min output length: 0
2018-07-11 13:17:48,070 (e2e_asr_attctc_th:2199) INFO: end detected at 14
2018-07-11 13:17:48,070 (e2e_asr_attctc_th:2217) INFO: total log probability: -1.78088580957
2018-07-11 13:17:48,070 (e2e_asr_attctc_th:2218) INFO: normalized log probability: -0.197876201063
2018-07-11 13:17:48,071 (asr_pytorch:468) INFO: groundtruth[1502-2_spk_1502_2_032172-032288]: 哺怡佬司脇刺晏
2018-07-11 13:17:48,071 (asr_pytorch:469) INFO: prediction [1502-2_spk_1502_2_032172-032288]: 那下你可能到時<eos>
2018-07-11 13:17:48,078 (e2e_asr_attctc_th:2977) INFO: BLSTMP input lengths: [134]
2018-07-11 13:17:48,250 (e2e_asr_attctc_th:2067) INFO: input lengths: 34
2018-07-11 13:17:48,251 (e2e_asr_attctc_th:2091) INFO: max output length: 34
2018-07-11 13:17:48,251 (e2e_asr_attctc_th:2092) INFO: min output length: 0
2018-07-11 13:17:49,086 (e2e_asr_attctc_th:2199) INFO: end detected at 15
2018-07-11 13:17:49,086 (e2e_asr_attctc_th:2217) INFO: total log probability: -6.98114993423
2018-07-11 13:17:49,086 (e2e_asr_attctc_th:2218) INFO: normalized log probability: -0.775683326026
2018-07-11 13:17:49,086 (asr_pytorch:468) INFO: groundtruth[1502-1_spk_1502_1_010271-010407]: 咋住戛反驥唪天由
2018-07-11 13:17:49,087 (asr_pytorch:469) INFO: prediction [1502-1_spk_1502_1_010271-010407]: 咁但係又驚夠用<eos>
2018-07-11 13:17:49,093 (e2e_asr_attctc_th:2977) INFO: BLSTMP input lengths: [20]
2018-07-11 13:17:49,125 (e2e_asr_attctc_th:2067) INFO: input lengths: 5
2018-07-11 13:17:49,125 (e2e_asr_attctc_th:2091) INFO: max output length: 5
2018-07-11 13:17:49,125 (e2e_asr_attctc_th:2092) INFO: min output length: 0
2018-07-11 13:17:49,267 (e2e_asr_attctc_th:2180) INFO: adding <eos> in the last postion in the loop
2018-07-11 13:17:49,267 (e2e_asr_attctc_th:2206) INFO: no hypothesis. Finish decoding.
2018-07-11 13:17:49,267 (e2e_asr_attctc_th:2217) INFO: total log probability: -0.664301857352
2018-07-11 13:17:49,267 (e2e_asr_attctc_th:2218) INFO: normalized log probability: -0.221433952451
2018-07-11 13:17:49,268 (asr_pytorch:468) INFO: groundtruth[1502-2_spk_1502_2_037064-037086]: 俏
2018-07-11 13:17:49,268 (asr_pytorch:469) INFO: prediction [1502-2_spk_1502_2_037064-037086]: 係<eos>
2018-07-11 13:17:49,276 (e2e_asr_attctc_th:2977) INFO: BLSTMP input lengths: [292]
2018-07-11 13:17:49,634 (e2e_asr_attctc_th:2067) INFO: input lengths: 73
2018-07-11 13:17:49,634 (e2e_asr_attctc_th:2091) INFO: max output length: 73
2018-07-11 13:17:49,634 (e2e_asr_attctc_th:2092) INFO: min output length: 0
2018-07-11 13:17:50,591 (e2e_asr_attctc_th:2199) INFO: end detected at 14
2018-07-11 13:17:50,592 (e2e_asr_attctc_th:2217) INFO: total log probability: -6.68118295074
2018-07-11 13:17:50,592 (e2e_asr_attctc_th:2218) INFO: normalized log probability: -0.835147868842
2018-07-11 13:17:50,592 (asr_pytorch:468) INFO: groundtruth[1504-1_spk_1504_1_100684-100978]: 嗶SO妊SO
2018-07-11 13:17:50,593 (asr_pytorch:469) INFO: prediction [1504-1_spk_1504_1_100684-100978]: 嗯我幾好OK<eos>
2018-07-11 13:17:50,600 (e2e_asr_attctc_th:2977) INFO: BLSTMP input lengths: [198]
2018-07-11 13:17:50,855 (e2e_asr_attctc_th:2067) INFO: input lengths: 50
2018-07-11 13:17:50,856 (e2e_asr_attctc_th:2091) INFO: max output length: 50
2018-07-11 13:17:50,856 (e2e_asr_attctc_th:2092) INFO: min output length: 0
2018-07-11 13:17:51,963 (e2e_asr_attctc_th:2199) INFO: end detected at 17
2018-07-11 13:17:51,964 (e2e_asr_attctc_th:2217) INFO: total log probability: -11.5917813219
2018-07-11 13:17:51,964 (e2e_asr_attctc_th:2218) INFO: normalized log probability: -1.05379830199
2018-07-11 13:17:51,965 (asr_pytorch:468) INFO: groundtruth[1503-1_spk_1503_1_054828-055028]: 筋三樺呯尻訢從見幀迫
2018-07-11 13:17:51,965 (asr_pytorch:469) INFO: prediction [1503-1_spk_1503_1_054828-055028]: 大傢都同其他要帶翻<eos>
2018-07-11 13:17:51,972 (e2e_asr_attctc_th:2977) INFO: BLSTMP input lengths: [103]
2018-07-11 13:17:52,102 (e2e_asr_attctc_th:2067) INFO: input lengths: 26
2018-07-11 13:17:52,102 (e2e_asr_attctc_th:2091) INFO: max output length: 26
2018-07-11 13:17:52,102 (e2e_asr_attctc_th:2092) INFO: min output length: 0
2018-07-11 13:17:52,613 (e2e_asr_attctc_th:2206) INFO: no hypothesis. Finish decoding.
2018-07-11 13:17:52,613 (e2e_asr_attctc_th:2217) INFO: total log probability: -3.64399831928
2018-07-11 13:17:52,613 (e2e_asr_attctc_th:2218) INFO: normalized log probability: -0.404888702143
2018-07-11 13:17:52,614 (asr_pytorch:468) INFO: groundtruth[1502-2_spk_1502_2_039918-040023]: 俏呯樺釗俏眯㨃
2018-07-11 13:17:52,614 (asr_pytorch:469) INFO: prediction [1502-2_spk_1502_2_039918-040023]: 係呢度又係真嘅<eos>
2018-07-11 13:17:52,621 (e2e_asr_attctc_th:2977) INFO: BLSTMP input lengths: [38]
2018-07-11 13:17:52,674 (e2e_asr_attctc_th:2067) INFO: input lengths: 10
2018-07-11 13:17:52,674 (e2e_asr_attctc_th:2091) INFO: max output length: 10
2018-07-11 13:17:52,675 (e2e_asr_attctc_th:2092) INFO: min output length: 0
2018-07-11 13:17:52,958 (e2e_asr_attctc_th:2199) INFO: end detected at 8
2018-07-11 13:17:52,958 (e2e_asr_attctc_th:2217) INFO: total log probability: -0.352474346757
2018-07-11 13:17:52,958 (e2e_asr_attctc_th:2218) INFO: normalized log probability: -0.117491448919
2018-07-11 13:17:52,959 (asr_pytorch:468) INFO: groundtruth[1501-2_spk_1501_2_053898-053938]: 俏
2018-07-11 13:17:52,959 (asr_pytorch:469) INFO: prediction [1501-2_spk_1501_2_053898-053938]: 係<eos>
2018-07-11 13:17:52,967 (e2e_asr_attctc_th:2977) INFO: BLSTMP input lengths: [275]
2018-07-11 13:17:53,332 (e2e_asr_attctc_th:2067) INFO: input lengths: 69
2018-07-11 13:17:53,332 (e2e_asr_attctc_th:2091) INFO: max output length: 69
2018-07-11 13:17:53,332 (e2e_asr_attctc_th:2092) INFO: min output length: 0
2018-07-11 13:17:55,454 (e2e_asr_attctc_th:2199) INFO: end detected at 27
2018-07-11 13:17:55,454 (e2e_asr_attctc_th:2217) INFO: total log probability: -13.9384059645
2018-07-11 13:17:55,454 (e2e_asr_attctc_th:2218) INFO: normalized log probability: -0.633563907478
2018-07-11 13:17:55,455 (asr_pytorch:468) INFO: groundtruth[1502-2_spk_1502_2_078427-078704]: B輿八迫倔EGGSYRX啯睛迫佬耗<unk>GWP嗷倔
2018-07-11 13:17:55,455 (asr_pytorch:469) INFO: prediction [1502-2_spk_1502_2_078427-078704]: 誒SHERE翻過去餐得睇翻你而傢寫成嗰個<eos>
2018-07-11 13:17:55,463 (e2e_asr_attctc_th:2977) INFO: BLSTMP input lengths: [224]
2018-07-11 13:17:55,767 (e2e_asr_attctc_th:2067) INFO: input lengths: 56
2018-07-11 13:17:55,767 (e2e_asr_attctc_th:2091) INFO: max output length: 56
2018-07-11 13:17:55,767 (e2e_asr_attctc_th:2092) INFO: min output length: 0
2018-07-11 13:17:57,217 (e2e_asr_attctc_th:2199) INFO: end detected at 21
2018-07-11 13:17:57,218 (e2e_asr_attctc_th:2217) INFO: total log probability: -8.20948862284
2018-07-11 13:17:57,218 (e2e_asr_attctc_th:2218) INFO: normalized log probability: -0.513093038928
2018-07-11 13:17:57,218 (asr_pytorch:468) INFO: groundtruth[12_spk_12_053626-053852]: B咋佬仕旬服唪服宗掙刺呯
2018-07-11 13:17:57,218 (asr_pytorch:469) INFO: prediction [12_spk_12_053626-053852]: 係啊咁你個時候會唔會安排咗呢<eos>
# Accounting: time=285 threads=1
# Ended (code 0) at Wed Jul 11 13:17:57 HKT 2018, elapsed time 285 seconds
