# asr_recog.py --ngpu 0 --backend pytorch --recog-json smartone_data/smartone_kaldi/split32utt/data.24.json --result-label smartone_data/baseline/decode/data.24.json --model smartone_data/baseline/model.acc.best --model-conf smartone_data/baseline/model.conf --beam-size 20 --penalty 0.0 --maxlenratio 0.0 --minlenratio 0.0 --ctc-weight 0.3 
# Started at Wed Jul 11 13:13:12 HKT 2018
#
2018-07-11 13:13:13,050 (asr_recog:110) INFO: python path = /home/lahiru/Devinstalls/espnet_new/espnet/egs/domain_adaptation_cantonese/asr5/../../../src/lm/:/home/lahiru/Devinstalls/espnet_new/espnet/egs/domain_adaptation_cantonese/asr5/../../../src/asr/:/home/lahiru/Devinstalls/espnet_new/espnet/egs/domain_adaptation_cantonese/asr5/../../../src/nets/:/home/lahiru/Devinstalls/espnet_new/espnet/egs/domain_adaptation_cantonese/asr5/../../../src/utils/:/home/lahiru/Devinstalls/espnet_new/espnet/egs/domain_adaptation_cantonese/asr5/../../../src/bin/:/home/lahiru/Devinstalls/espnet_new/espnet/egs/domain_adaptation_cantonese/asr5/../../../src/lm/:/home/lahiru/Devinstalls/espnet_new/espnet/egs/domain_adaptation_cantonese/asr5/../../../src/asr/:/home/lahiru/Devinstalls/espnet_new/espnet/egs/domain_adaptation_cantonese/asr5/../../../src/nets/:/home/lahiru/Devinstalls/espnet_new/espnet/egs/domain_adaptation_cantonese/asr5/../../../src/utils/:/home/lahiru/Devinstalls/espnet_new/espnet/egs/domain_adaptation_cantonese/asr5/../../../src/bin/:
2018-07-11 13:13:13,050 (asr_recog:115) INFO: set random seed = 1
2018-07-11 13:13:13,050 (asr_recog:118) INFO: backend = pytorch
2018-07-11 13:13:13,850 (asr_pytorch:393) INFO: reading a model config file fromsmartone_data/baseline/model.conf
2018-07-11 13:13:13,880 (asr_pytorch:397) INFO: ARGS: backend: pytorch
2018-07-11 13:13:13,880 (asr_pytorch:397) INFO: ARGS: beam_size: 20
2018-07-11 13:13:13,880 (asr_pytorch:397) INFO: ARGS: ctc_weight: 0.3
2018-07-11 13:13:13,880 (asr_pytorch:397) INFO: ARGS: da: 0
2018-07-11 13:13:13,881 (asr_pytorch:397) INFO: ARGS: daconfig: 3
2018-07-11 13:13:13,881 (asr_pytorch:397) INFO: ARGS: datype: bias
2018-07-11 13:13:13,881 (asr_pytorch:397) INFO: ARGS: debugmode: 1
2018-07-11 13:13:13,881 (asr_pytorch:397) INFO: ARGS: gpu: None
2018-07-11 13:13:13,881 (asr_pytorch:397) INFO: ARGS: lm_weight: 0.1
2018-07-11 13:13:13,881 (asr_pytorch:397) INFO: ARGS: maxlenratio: 0.0
2018-07-11 13:13:13,881 (asr_pytorch:397) INFO: ARGS: minlenratio: 0.0
2018-07-11 13:13:13,881 (asr_pytorch:397) INFO: ARGS: model: smartone_data/baseline/model.acc.best
2018-07-11 13:13:13,881 (asr_pytorch:397) INFO: ARGS: model_conf: smartone_data/baseline/model.conf
2018-07-11 13:13:13,881 (asr_pytorch:397) INFO: ARGS: nbest: 1
2018-07-11 13:13:13,881 (asr_pytorch:397) INFO: ARGS: ngpu: 0
2018-07-11 13:13:13,881 (asr_pytorch:397) INFO: ARGS: penalty: 0.0
2018-07-11 13:13:13,881 (asr_pytorch:397) INFO: ARGS: recog_feat: None
2018-07-11 13:13:13,881 (asr_pytorch:397) INFO: ARGS: recog_json: smartone_data/smartone_kaldi/split32utt/data.24.json
2018-07-11 13:13:13,881 (asr_pytorch:397) INFO: ARGS: recog_label: None
2018-07-11 13:13:13,881 (asr_pytorch:397) INFO: ARGS: result_label: smartone_data/baseline/decode/data.24.json
2018-07-11 13:13:13,881 (asr_pytorch:397) INFO: ARGS: rnnlm: None
2018-07-11 13:13:13,881 (asr_pytorch:397) INFO: ARGS: seed: 1
2018-07-11 13:13:13,881 (asr_pytorch:397) INFO: ARGS: verbose: 1
2018-07-11 13:13:13,881 (asr_pytorch:397) INFO: ARGS: word_dict: None
2018-07-11 13:13:13,882 (asr_pytorch:397) INFO: ARGS: word_rnnlm: None
2018-07-11 13:13:13,882 (asr_pytorch:400) INFO: reading model parameters fromsmartone_data/baseline/model.acc.best
2018-07-11 13:13:13,882 (e2e_asr_attctc_th:184) INFO: subsample: 1 2 2 1 1
2018-07-11 13:13:14,002 (e2e_asr_attctc_th:2317) INFO: BLSTM with every-layer projection for encoder
2018-07-11 13:13:16,361 (e2e_asr_attctc_th:2977) INFO: BLSTMP input lengths: [366]
2018-07-11 13:13:17,364 (e2e_asr_attctc_th:2067) INFO: input lengths: 92
2018-07-11 13:13:17,365 (e2e_asr_attctc_th:2091) INFO: max output length: 92
2018-07-11 13:13:17,365 (e2e_asr_attctc_th:2092) INFO: min output length: 0
2018-07-11 13:13:22,770 (e2e_asr_attctc_th:2206) INFO: no hypothesis. Finish decoding.
2018-07-11 13:13:22,771 (e2e_asr_attctc_th:2217) INFO: total log probability: -11.3492134809
2018-07-11 13:13:22,772 (e2e_asr_attctc_th:2218) INFO: normalized log probability: -0.493444064389
2018-07-11 13:13:22,773 (asr_pytorch:468) INFO: groundtruth[1503-1_spk_1503_1_085153-085521]: 俏啯咋趕磋戛矮遛戛卿晏見幹佬吔吔井叄言沂迫
2018-07-11 13:13:22,773 (asr_pytorch:469) INFO: prediction [1503-1_spk_1503_1_085153-085521]: 係啦咁你啊我先講我一定要幫你同同時去解決翻<eos>
2018-07-11 13:13:22,791 (e2e_asr_attctc_th:2977) INFO: BLSTMP input lengths: [103]
2018-07-11 13:13:23,133 (e2e_asr_attctc_th:2067) INFO: input lengths: 26
2018-07-11 13:13:23,134 (e2e_asr_attctc_th:2091) INFO: max output length: 26
2018-07-11 13:13:23,134 (e2e_asr_attctc_th:2092) INFO: min output length: 0
2018-07-11 13:13:24,965 (e2e_asr_attctc_th:2199) INFO: end detected at 12
2018-07-11 13:13:24,966 (e2e_asr_attctc_th:2217) INFO: total log probability: -9.18498989381
2018-07-11 13:13:24,966 (e2e_asr_attctc_th:2218) INFO: normalized log probability: -1.14812373673
2018-07-11 13:13:24,970 (asr_pytorch:468) INFO: groundtruth[9_spk_9_067777-067882]: F~IF~I
2018-07-11 13:13:24,971 (asr_pytorch:469) INFO: prediction [9_spk_9_067777-067882]: 有咩佢有係咪<eos>
2018-07-11 13:13:24,990 (e2e_asr_attctc_th:2977) INFO: BLSTMP input lengths: [154]
2018-07-11 13:13:25,491 (e2e_asr_attctc_th:2067) INFO: input lengths: 39
2018-07-11 13:13:25,493 (e2e_asr_attctc_th:2091) INFO: max output length: 39
2018-07-11 13:13:25,494 (e2e_asr_attctc_th:2092) INFO: min output length: 0
2018-07-11 13:13:26,602 (e2e_asr_attctc_th:2199) INFO: end detected at 12
2018-07-11 13:13:26,602 (e2e_asr_attctc_th:2217) INFO: total log probability: -8.41319967061
2018-07-11 13:13:26,602 (e2e_asr_attctc_th:2218) INFO: normalized log probability: -1.20188566723
2018-07-11 13:13:26,603 (asr_pytorch:468) INFO: groundtruth[12_spk_12_012037-012193]: B筐三筐啖
2018-07-11 13:13:26,604 (asr_pytorch:469) INFO: prediction [12_spk_12_012037-012193]: 唉即係等下<eos>
2018-07-11 13:13:26,614 (e2e_asr_attctc_th:2977) INFO: BLSTMP input lengths: [607]
2018-07-11 13:13:27,374 (e2e_asr_attctc_th:2067) INFO: input lengths: 152
2018-07-11 13:13:27,374 (e2e_asr_attctc_th:2091) INFO: max output length: 152
2018-07-11 13:13:27,374 (e2e_asr_attctc_th:2092) INFO: min output length: 0
2018-07-11 13:13:31,874 (e2e_asr_attctc_th:2206) INFO: no hypothesis. Finish decoding.
2018-07-11 13:13:31,875 (e2e_asr_attctc_th:2217) INFO: total log probability: -25.4908146979
2018-07-11 13:13:31,875 (e2e_asr_attctc_th:2218) INFO: normalized log probability: -0.849693823264
2018-07-11 13:13:31,875 (asr_pytorch:468) INFO: groundtruth[1505-1_spk_1505_1_019069-019678]: 咋呯戛址WQEVXSRI琉晏俏4梯額譯俏街緘呯4K吔埗45K嘍
2018-07-11 13:13:31,875 (asr_pytorch:469) INFO: prediction [1505-1_spk_1505_1_019069-019678]: 有咩我哋記得當然是係四條朋友係行一隻誒科子同埋四點唔知啊<eos>
2018-07-11 13:13:31,884 (e2e_asr_attctc_th:2977) INFO: BLSTMP input lengths: [198]
2018-07-11 13:13:32,208 (e2e_asr_attctc_th:2067) INFO: input lengths: 50
2018-07-11 13:13:32,209 (e2e_asr_attctc_th:2091) INFO: max output length: 50
2018-07-11 13:13:32,209 (e2e_asr_attctc_th:2092) INFO: min output length: 0
2018-07-11 13:13:33,530 (e2e_asr_attctc_th:2199) INFO: end detected at 17
2018-07-11 13:13:33,531 (e2e_asr_attctc_th:2217) INFO: total log probability: -11.0417184336
2018-07-11 13:13:33,531 (e2e_asr_attctc_th:2218) INFO: normalized log probability: -0.849362956432
2018-07-11 13:13:33,531 (asr_pytorch:468) INFO: groundtruth[4_spk_4_008640-008840]: WIRH畸嗷倔B石訒倍佬吟
2018-07-11 13:13:33,532 (asr_pytorch:469) INFO: prediction [4_spk_4_008640-008840]: 翻翻嗰個啊主要俾俾你啊<eos>
2018-07-11 13:13:33,540 (e2e_asr_attctc_th:2977) INFO: BLSTMP input lengths: [213]
2018-07-11 13:13:33,816 (e2e_asr_attctc_th:2067) INFO: input lengths: 54
2018-07-11 13:13:33,817 (e2e_asr_attctc_th:2091) INFO: max output length: 54
2018-07-11 13:13:33,817 (e2e_asr_attctc_th:2092) INFO: min output length: 0
2018-07-11 13:13:35,004 (e2e_asr_attctc_th:2199) INFO: end detected at 16
2018-07-11 13:13:35,004 (e2e_asr_attctc_th:2217) INFO: total log probability: -9.07984028757
2018-07-11 13:13:35,004 (e2e_asr_attctc_th:2218) INFO: normalized log probability: -0.825440026142
2018-07-11 13:13:35,005 (asr_pytorch:468) INFO: groundtruth[9_spk_9_039782-039997]: 跨何八刺叄然伊作嘮
2018-07-11 13:13:35,005 (asr_pytorch:469) INFO: prediction [9_spk_9_039782-039997]: 跟著入到去冇任何嘢<eos>
2018-07-11 13:13:35,013 (e2e_asr_attctc_th:2977) INFO: BLSTMP input lengths: [129]
2018-07-11 13:13:35,191 (e2e_asr_attctc_th:2067) INFO: input lengths: 33
2018-07-11 13:13:35,191 (e2e_asr_attctc_th:2091) INFO: max output length: 33
2018-07-11 13:13:35,191 (e2e_asr_attctc_th:2092) INFO: min output length: 0
2018-07-11 13:13:35,628 (e2e_asr_attctc_th:2199) INFO: end detected at 8
2018-07-11 13:13:35,628 (e2e_asr_attctc_th:2217) INFO: total log probability: -0.164589998312
2018-07-11 13:13:35,628 (e2e_asr_attctc_th:2218) INFO: normalized log probability: -0.0411474995781
2018-07-11 13:13:35,629 (asr_pytorch:468) INFO: groundtruth[4_spk_4_050133-050264]: 俏呈
2018-07-11 13:13:35,629 (asr_pytorch:469) INFO: prediction [4_spk_4_050133-050264]: 係啊<eos>
2018-07-11 13:13:35,637 (e2e_asr_attctc_th:2977) INFO: BLSTMP input lengths: [198]
2018-07-11 13:13:35,897 (e2e_asr_attctc_th:2067) INFO: input lengths: 50
2018-07-11 13:13:35,897 (e2e_asr_attctc_th:2091) INFO: max output length: 50
2018-07-11 13:13:35,897 (e2e_asr_attctc_th:2092) INFO: min output length: 0
2018-07-11 13:13:36,924 (e2e_asr_attctc_th:2199) INFO: end detected at 14
2018-07-11 13:13:36,924 (e2e_asr_attctc_th:2217) INFO: total log probability: -6.38360741735
2018-07-11 13:13:36,924 (e2e_asr_attctc_th:2218) INFO: normalized log probability: -0.709289713038
2018-07-11 13:13:36,925 (asr_pytorch:468) INFO: groundtruth[8_spk_8_038030-038230]: 丐宰SO佬筐筐戛睛丕
2018-07-11 13:13:36,925 (asr_pytorch:469) INFO: prediction [8_spk_8_038030-038230]: 咁十好佢心濕十<eos>
2018-07-11 13:13:36,932 (e2e_asr_attctc_th:2977) INFO: BLSTMP input lengths: [27]
2018-07-11 13:13:36,982 (e2e_asr_attctc_th:2067) INFO: input lengths: 7
2018-07-11 13:13:36,983 (e2e_asr_attctc_th:2091) INFO: max output length: 7
2018-07-11 13:13:36,983 (e2e_asr_attctc_th:2092) INFO: min output length: 0
2018-07-11 13:13:37,258 (e2e_asr_attctc_th:2180) INFO: adding <eos> in the last postion in the loop
2018-07-11 13:13:37,258 (e2e_asr_attctc_th:2206) INFO: no hypothesis. Finish decoding.
2018-07-11 13:13:37,258 (e2e_asr_attctc_th:2217) INFO: total log probability: -0.426262645051
2018-07-11 13:13:37,258 (e2e_asr_attctc_th:2218) INFO: normalized log probability: -0.14208754835
2018-07-11 13:13:37,259 (asr_pytorch:468) INFO: groundtruth[1502-2_spk_1502_2_023476-023505]: 俏
2018-07-11 13:13:37,259 (asr_pytorch:469) INFO: prediction [1502-2_spk_1502_2_023476-023505]: 係<eos>
2018-07-11 13:13:37,267 (e2e_asr_attctc_th:2977) INFO: BLSTMP input lengths: [69]
2018-07-11 13:13:37,363 (e2e_asr_attctc_th:2067) INFO: input lengths: 18
2018-07-11 13:13:37,364 (e2e_asr_attctc_th:2091) INFO: max output length: 18
2018-07-11 13:13:37,364 (e2e_asr_attctc_th:2092) INFO: min output length: 0
2018-07-11 13:13:38,091 (e2e_asr_attctc_th:2199) INFO: end detected at 13
2018-07-11 13:13:38,092 (e2e_asr_attctc_th:2217) INFO: total log probability: -3.82036448456
2018-07-11 13:13:38,092 (e2e_asr_attctc_th:2218) INFO: normalized log probability: -0.47754556057
2018-07-11 13:13:38,093 (asr_pytorch:468) INFO: groundtruth[1502-2_spk_1502_2_061597-061667]: 囹烕佬鄔矮遛
2018-07-11 13:13:38,093 (asr_pytorch:469) INFO: prediction [1502-2_spk_1502_2_061597-061667]: 一起都中意去<eos>
2018-07-11 13:13:38,101 (e2e_asr_attctc_th:2977) INFO: BLSTMP input lengths: [382]
2018-07-11 13:13:38,609 (e2e_asr_attctc_th:2067) INFO: input lengths: 96
2018-07-11 13:13:38,610 (e2e_asr_attctc_th:2091) INFO: max output length: 96
2018-07-11 13:13:38,610 (e2e_asr_attctc_th:2092) INFO: min output length: 0
2018-07-11 13:13:41,410 (e2e_asr_attctc_th:2206) INFO: no hypothesis. Finish decoding.
2018-07-11 13:13:41,411 (e2e_asr_attctc_th:2217) INFO: total log probability: -23.9132687822
2018-07-11 13:13:41,411 (e2e_asr_attctc_th:2218) INFO: normalized log probability: -0.956530751288
2018-07-11 13:13:41,411 (asr_pytorch:468) INFO: groundtruth[1504-1_spk_1504_1_084364-084748]: <unk>見佬籌差紋90旬公用敖鄔SO旨JSV迫旨誅尻
2018-07-11 13:13:41,411 (asr_pytorch:469) INFO: prediction [1504-1_spk_1504_1_084364-084748]: 朝要你知唔知有一有細個內心下都OK嘅課翻個一集<eos>
2018-07-11 13:13:41,419 (e2e_asr_attctc_th:2977) INFO: BLSTMP input lengths: [268]
2018-07-11 13:13:41,781 (e2e_asr_attctc_th:2067) INFO: input lengths: 67
2018-07-11 13:13:41,781 (e2e_asr_attctc_th:2091) INFO: max output length: 67
2018-07-11 13:13:41,781 (e2e_asr_attctc_th:2092) INFO: min output length: 0
2018-07-11 13:13:43,605 (e2e_asr_attctc_th:2199) INFO: end detected at 21
2018-07-11 13:13:43,606 (e2e_asr_attctc_th:2217) INFO: total log probability: -2.80357154342
2018-07-11 13:13:43,606 (e2e_asr_attctc_th:2218) INFO: normalized log probability: -0.186904769562
2018-07-11 13:13:43,607 (asr_pytorch:468) INFO: groundtruth[3_spk_3_060504-060775]: 兮倔朔公妍枱佬然倍霆誅戛嘍
2018-07-11 13:13:43,607 (asr_pytorch:469) INFO: prediction [3_spk_3_060504-060775]: 兩個月來如果你冇俾電話我嘅<eos>
2018-07-11 13:13:43,615 (e2e_asr_attctc_th:2977) INFO: BLSTMP input lengths: [193]
2018-07-11 13:13:43,887 (e2e_asr_attctc_th:2067) INFO: input lengths: 49
2018-07-11 13:13:43,887 (e2e_asr_attctc_th:2091) INFO: max output length: 49
2018-07-11 13:13:43,888 (e2e_asr_attctc_th:2092) INFO: min output length: 0
2018-07-11 13:13:45,437 (e2e_asr_attctc_th:2206) INFO: no hypothesis. Finish decoding.
2018-07-11 13:13:45,437 (e2e_asr_attctc_th:2217) INFO: total log probability: -11.3505716976
2018-07-11 13:13:45,437 (e2e_asr_attctc_th:2218) INFO: normalized log probability: -0.756704779839
2018-07-11 13:13:45,438 (asr_pytorch:468) INFO: groundtruth[1501-1_spk_1501_1_048441-048636]: 住嗺杖尖姚戛吔佬言釐迫
2018-07-11 13:13:45,438 (asr_pytorch:469) INFO: prediction [1501-1_spk_1501_1_048441-048636]: 但係留你識得我同你揀食嗰啲<eos>
2018-07-11 13:13:45,452 (e2e_asr_attctc_th:2977) INFO: BLSTMP input lengths: [158]
2018-07-11 13:13:45,783 (e2e_asr_attctc_th:2067) INFO: input lengths: 40
2018-07-11 13:13:45,783 (e2e_asr_attctc_th:2091) INFO: max output length: 40
2018-07-11 13:13:45,783 (e2e_asr_attctc_th:2092) INFO: min output length: 0
2018-07-11 13:13:46,594 (e2e_asr_attctc_th:2199) INFO: end detected at 10
2018-07-11 13:13:46,594 (e2e_asr_attctc_th:2217) INFO: total log probability: -0.552596539259
2018-07-11 13:13:46,594 (e2e_asr_attctc_th:2218) INFO: normalized log probability: -0.110519307852
2018-07-11 13:13:46,596 (asr_pytorch:468) INFO: groundtruth[1501-2_spk_1501_2_092188-092348]: 俏哭妊
2018-07-11 13:13:46,596 (asr_pytorch:469) INFO: prediction [1501-2_spk_1501_2_092188-092348]: 係啊好<eos>
2018-07-11 13:13:46,609 (e2e_asr_attctc_th:2977) INFO: BLSTMP input lengths: [110]
2018-07-11 13:13:46,856 (e2e_asr_attctc_th:2067) INFO: input lengths: 28
2018-07-11 13:13:46,856 (e2e_asr_attctc_th:2091) INFO: max output length: 28
2018-07-11 13:13:46,857 (e2e_asr_attctc_th:2092) INFO: min output length: 0
2018-07-11 13:13:47,687 (e2e_asr_attctc_th:2199) INFO: end detected at 10
2018-07-11 13:13:47,688 (e2e_asr_attctc_th:2217) INFO: total log probability: -1.58855413785
2018-07-11 13:13:47,688 (e2e_asr_attctc_th:2218) INFO: normalized log probability: -0.264759022975
2018-07-11 13:13:47,689 (asr_pytorch:468) INFO: groundtruth[1501-1_spk_1501_1_061067-061179]: 俏啯俏啯
2018-07-11 13:13:47,690 (asr_pytorch:469) INFO: prediction [1501-1_spk_1501_1_061067-061179]: 係啦係咯<eos>
2018-07-11 13:13:47,705 (e2e_asr_attctc_th:2977) INFO: BLSTMP input lengths: [432]
2018-07-11 13:13:48,630 (e2e_asr_attctc_th:2067) INFO: input lengths: 108
2018-07-11 13:13:48,630 (e2e_asr_attctc_th:2091) INFO: max output length: 108
2018-07-11 13:13:48,630 (e2e_asr_attctc_th:2092) INFO: min output length: 0
2018-07-11 13:13:53,535 (e2e_asr_attctc_th:2199) INFO: end detected at 36
2018-07-11 13:13:53,536 (e2e_asr_attctc_th:2217) INFO: total log probability: -23.0925564477
2018-07-11 13:13:53,536 (e2e_asr_attctc_th:2218) INFO: normalized log probability: -0.796295049921
2018-07-11 13:13:53,537 (asr_pytorch:468) INFO: groundtruth[9_spk_9_061188-061622]: 逾街畸WIXXMRK嘍誅服妊囹烕妍枱戛員哲邕幹佬GLIGO哲倔巫稚郷
2018-07-11 13:13:53,538 (asr_pytorch:469) INFO: prediction [9_spk_9_061188-061622]: 上翻即係平嘅話你會好啲一係咁我哋都勁關係聽日翻呢個工本<eos>
2018-07-11 13:13:53,551 (e2e_asr_attctc_th:2977) INFO: BLSTMP input lengths: [133]
2018-07-11 13:13:53,848 (e2e_asr_attctc_th:2067) INFO: input lengths: 34
2018-07-11 13:13:53,849 (e2e_asr_attctc_th:2091) INFO: max output length: 34
2018-07-11 13:13:53,850 (e2e_asr_attctc_th:2092) INFO: min output length: 0
2018-07-11 13:13:54,952 (e2e_asr_attctc_th:2206) INFO: no hypothesis. Finish decoding.
2018-07-11 13:13:54,952 (e2e_asr_attctc_th:2217) INFO: total log probability: -3.12324923091
2018-07-11 13:13:54,952 (e2e_asr_attctc_th:2218) INFO: normalized log probability: -0.312324923091
2018-07-11 13:13:54,953 (asr_pytorch:468) INFO: groundtruth[1501-1_spk_1501_1_075538-075673]: 佬俏由緘邕倔<unk>嘍
2018-07-11 13:13:54,953 (asr_pytorch:469) INFO: prediction [1501-1_spk_1501_1_075538-075673]: 你係用得邊個颱嘅<eos>
2018-07-11 13:13:54,966 (e2e_asr_attctc_th:2977) INFO: BLSTMP input lengths: [43]
2018-07-11 13:13:55,073 (e2e_asr_attctc_th:2067) INFO: input lengths: 11
2018-07-11 13:13:55,074 (e2e_asr_attctc_th:2091) INFO: max output length: 11
2018-07-11 13:13:55,074 (e2e_asr_attctc_th:2092) INFO: min output length: 0
2018-07-11 13:13:55,508 (e2e_asr_attctc_th:2199) INFO: end detected at 7
2018-07-11 13:13:55,508 (e2e_asr_attctc_th:2217) INFO: total log probability: -0.0402608001605
2018-07-11 13:13:55,508 (e2e_asr_attctc_th:2218) INFO: normalized log probability: -0.0134202667202
2018-07-11 13:13:55,510 (asr_pytorch:468) INFO: groundtruth[1502-1_spk_1502_1_005757-005802]: 嗶
2018-07-11 13:13:55,510 (asr_pytorch:469) INFO: prediction [1502-1_spk_1502_1_005757-005802]: 嗯<eos>
2018-07-11 13:13:55,524 (e2e_asr_attctc_th:2977) INFO: BLSTMP input lengths: [16]
2018-07-11 13:13:55,572 (e2e_asr_attctc_th:2067) INFO: input lengths: 4
2018-07-11 13:13:55,573 (e2e_asr_attctc_th:2091) INFO: max output length: 4
2018-07-11 13:13:55,573 (e2e_asr_attctc_th:2092) INFO: min output length: 0
2018-07-11 13:13:55,777 (e2e_asr_attctc_th:2180) INFO: adding <eos> in the last postion in the loop
2018-07-11 13:13:55,777 (e2e_asr_attctc_th:2206) INFO: no hypothesis. Finish decoding.
2018-07-11 13:13:55,777 (e2e_asr_attctc_th:2217) INFO: total log probability: -0.0218458259478
2018-07-11 13:13:55,777 (e2e_asr_attctc_th:2218) INFO: normalized log probability: -0.00728194198261
2018-07-11 13:13:55,778 (asr_pytorch:468) INFO: groundtruth[1502-2_spk_1502_2_020739-020757]: 俏
2018-07-11 13:13:55,778 (asr_pytorch:469) INFO: prediction [1502-2_spk_1502_2_020739-020757]: 係<eos>
2018-07-11 13:13:55,793 (e2e_asr_attctc_th:2977) INFO: BLSTMP input lengths: [198]
2018-07-11 13:13:56,197 (e2e_asr_attctc_th:2067) INFO: input lengths: 50
2018-07-11 13:13:56,198 (e2e_asr_attctc_th:2091) INFO: max output length: 50
2018-07-11 13:13:56,198 (e2e_asr_attctc_th:2092) INFO: min output length: 0
2018-07-11 13:13:58,009 (e2e_asr_attctc_th:2199) INFO: end detected at 16
2018-07-11 13:13:58,009 (e2e_asr_attctc_th:2217) INFO: total log probability: -11.2618668079
2018-07-11 13:13:58,009 (e2e_asr_attctc_th:2218) INFO: normalized log probability: -1.12618668079
2018-07-11 13:13:58,010 (asr_pytorch:468) INFO: groundtruth[12_spk_12_066534-066734]: B服倍曳佬由嘍
2018-07-11 13:13:58,010 (asr_pytorch:469) INFO: prediction [12_spk_12_066534-066734]: 我小仔要理人噶我<eos>
2018-07-11 13:13:58,018 (e2e_asr_attctc_th:2977) INFO: BLSTMP input lengths: [199]
2018-07-11 13:13:58,284 (e2e_asr_attctc_th:2067) INFO: input lengths: 50
2018-07-11 13:13:58,284 (e2e_asr_attctc_th:2091) INFO: max output length: 50
2018-07-11 13:13:58,284 (e2e_asr_attctc_th:2092) INFO: min output length: 0
2018-07-11 13:13:59,963 (e2e_asr_attctc_th:2199) INFO: end detected at 20
2018-07-11 13:13:59,963 (e2e_asr_attctc_th:2217) INFO: total log probability: -10.6390774809
2018-07-11 13:13:59,963 (e2e_asr_attctc_th:2218) INFO: normalized log probability: -0.709271832059
2018-07-11 13:13:59,964 (asr_pytorch:468) INFO: groundtruth[1502-2_spk_1502_2_007859-008059]: 尻纍纔由迫倔幺朔賀鄔SO囖
2018-07-11 13:13:59,964 (asr_pytorch:469) INFO: prediction [1502-2_spk_1502_2_007859-008059]: 誒其實仲翻嘅便月細都OK咯<eos>
2018-07-11 13:13:59,972 (e2e_asr_attctc_th:2977) INFO: BLSTMP input lengths: [328]
2018-07-11 13:14:00,405 (e2e_asr_attctc_th:2067) INFO: input lengths: 82
2018-07-11 13:14:00,406 (e2e_asr_attctc_th:2091) INFO: max output length: 82
2018-07-11 13:14:00,406 (e2e_asr_attctc_th:2092) INFO: min output length: 0
2018-07-11 13:14:03,294 (e2e_asr_attctc_th:2199) INFO: end detected at 21
2018-07-11 13:14:03,297 (e2e_asr_attctc_th:2217) INFO: total log probability: -12.3631730839
2018-07-11 13:14:03,297 (e2e_asr_attctc_th:2218) INFO: normalized log probability: -0.772698317742
2018-07-11 13:14:03,299 (asr_pytorch:468) INFO: groundtruth[12_spk_12_055803-056133]: 囹烕啖QSRI~呯俏跨考戛呯道
2018-07-11 13:14:03,299 (asr_pytorch:469) INFO: prediction [12_spk_12_055803-056133]: 因為啊FONLY呢因翻我呢個<eos>
2018-07-11 13:14:03,314 (e2e_asr_attctc_th:2977) INFO: BLSTMP input lengths: [296]
2018-07-11 13:14:03,922 (e2e_asr_attctc_th:2067) INFO: input lengths: 74
2018-07-11 13:14:03,922 (e2e_asr_attctc_th:2091) INFO: max output length: 74
2018-07-11 13:14:03,922 (e2e_asr_attctc_th:2092) INFO: min output length: 0
2018-07-11 13:14:06,945 (e2e_asr_attctc_th:2206) INFO: no hypothesis. Finish decoding.
2018-07-11 13:14:06,945 (e2e_asr_attctc_th:2217) INFO: total log probability: -6.95728510199
2018-07-11 13:14:06,945 (e2e_asr_attctc_th:2218) INFO: normalized log probability: -0.366172900105
2018-07-11 13:14:06,946 (asr_pytorch:468) INFO: groundtruth[3_spk_3_047562-047860]: 毯佬279冀寫鄔謬緘幺咩囤卉序蚧㨃
2018-07-11 13:14:06,946 (asr_pytorch:469) INFO: prediction [3_spk_3_047562-047860]: 比你二七九其實都講緊便到四十幾蚊噶<eos>
2018-07-11 13:14:06,959 (e2e_asr_attctc_th:2977) INFO: BLSTMP input lengths: [18]
2018-07-11 13:14:07,014 (e2e_asr_attctc_th:2067) INFO: input lengths: 5
2018-07-11 13:14:07,014 (e2e_asr_attctc_th:2091) INFO: max output length: 5
2018-07-11 13:14:07,015 (e2e_asr_attctc_th:2092) INFO: min output length: 0
2018-07-11 13:14:07,246 (e2e_asr_attctc_th:2180) INFO: adding <eos> in the last postion in the loop
2018-07-11 13:14:07,247 (e2e_asr_attctc_th:2206) INFO: no hypothesis. Finish decoding.
2018-07-11 13:14:07,247 (e2e_asr_attctc_th:2217) INFO: total log probability: -0.01700692554
2018-07-11 13:14:07,247 (e2e_asr_attctc_th:2218) INFO: normalized log probability: -0.00566897518001
2018-07-11 13:14:07,248 (asr_pytorch:468) INFO: groundtruth[1502-2_spk_1502_2_037326-037346]: 嗶
2018-07-11 13:14:07,248 (asr_pytorch:469) INFO: prediction [1502-2_spk_1502_2_037326-037346]: 嗯<eos>
2018-07-11 13:14:07,262 (e2e_asr_attctc_th:2977) INFO: BLSTMP input lengths: [134]
2018-07-11 13:14:07,532 (e2e_asr_attctc_th:2067) INFO: input lengths: 34
2018-07-11 13:14:07,532 (e2e_asr_attctc_th:2091) INFO: max output length: 34
2018-07-11 13:14:07,532 (e2e_asr_attctc_th:2092) INFO: min output length: 0
2018-07-11 13:14:08,734 (e2e_asr_attctc_th:2199) INFO: end detected at 13
2018-07-11 13:14:08,734 (e2e_asr_attctc_th:2217) INFO: total log probability: -1.41317105107
2018-07-11 13:14:08,734 (e2e_asr_attctc_th:2218) INFO: normalized log probability: -0.176646381384
2018-07-11 13:14:08,735 (asr_pytorch:468) INFO: groundtruth[1502-2_spk_1502_2_071355-071491]: 咋尻鄔司件啯
2018-07-11 13:14:08,735 (asr_pytorch:469) INFO: prediction [1502-2_spk_1502_2_071355-071491]: 咁就都可以啦<eos>
2018-07-11 13:14:08,751 (e2e_asr_attctc_th:2977) INFO: BLSTMP input lengths: [398]
2018-07-11 13:14:09,558 (e2e_asr_attctc_th:2067) INFO: input lengths: 100
2018-07-11 13:14:09,559 (e2e_asr_attctc_th:2091) INFO: max output length: 100
2018-07-11 13:14:09,559 (e2e_asr_attctc_th:2092) INFO: min output length: 0
2018-07-11 13:14:13,723 (e2e_asr_attctc_th:2199) INFO: end detected at 24
2018-07-11 13:14:13,723 (e2e_asr_attctc_th:2217) INFO: total log probability: -20.140375413
2018-07-11 13:14:13,723 (e2e_asr_attctc_th:2218) INFO: normalized log probability: -1.11890974517
2018-07-11 13:14:13,724 (asr_pytorch:468) INFO: groundtruth[9_spk_9_030395-030795]: 戛朕三倔俏佰寳何IREFPIPXI
2018-07-11 13:14:13,724 (asr_pytorch:469) INFO: prediction [9_spk_9_030395-030795]: 我原運內運係佢俾住NABLLTE<eos>
2018-07-11 13:14:13,738 (e2e_asr_attctc_th:2977) INFO: BLSTMP input lengths: [198]
2018-07-11 13:14:14,188 (e2e_asr_attctc_th:2067) INFO: input lengths: 50
2018-07-11 13:14:14,188 (e2e_asr_attctc_th:2091) INFO: max output length: 50
2018-07-11 13:14:14,189 (e2e_asr_attctc_th:2092) INFO: min output length: 0
2018-07-11 13:14:15,107 (e2e_asr_attctc_th:2206) INFO: no hypothesis. Finish decoding.
2018-07-11 13:14:15,108 (e2e_asr_attctc_th:2217) INFO: total log probability: -2.40372822643
2018-07-11 13:14:15,108 (e2e_asr_attctc_th:2218) INFO: normalized log probability: -0.300466028304
2018-07-11 13:14:15,109 (asr_pytorch:468) INFO: groundtruth[1504-2_spk_1504_2_063534-063734]: 煉乒得尻且<unk>
2018-07-11 13:14:15,109 (asr_pytorch:469) INFO: prediction [1504-2_spk_1504_2_063534-063734]: 然之後就上海<eos>
2018-07-11 13:14:15,123 (e2e_asr_attctc_th:2977) INFO: BLSTMP input lengths: [120]
2018-07-11 13:14:15,385 (e2e_asr_attctc_th:2067) INFO: input lengths: 30
2018-07-11 13:14:15,386 (e2e_asr_attctc_th:2091) INFO: max output length: 30
2018-07-11 13:14:15,386 (e2e_asr_attctc_th:2092) INFO: min output length: 0
2018-07-11 13:14:16,792 (e2e_asr_attctc_th:2199) INFO: end detected at 14
2018-07-11 13:14:16,792 (e2e_asr_attctc_th:2217) INFO: total log probability: -4.89386711782
2018-07-11 13:14:16,792 (e2e_asr_attctc_th:2218) INFO: normalized log probability: -0.543763013091
2018-07-11 13:14:16,794 (asr_pytorch:468) INFO: groundtruth[1501-2_spk_1501_2_035433-035555]: 俏呈住戛毛倔朔
2018-07-11 13:14:16,794 (asr_pytorch:469) INFO: prediction [1501-2_spk_1501_2_035433-035555]: 係啊但我每個月<eos>
2018-07-11 13:14:16,810 (e2e_asr_attctc_th:2977) INFO: BLSTMP input lengths: [426]
2018-07-11 13:14:17,772 (e2e_asr_attctc_th:2067) INFO: input lengths: 107
2018-07-11 13:14:17,773 (e2e_asr_attctc_th:2091) INFO: max output length: 107
2018-07-11 13:14:17,773 (e2e_asr_attctc_th:2092) INFO: min output length: 0
2018-07-11 13:14:22,979 (e2e_asr_attctc_th:2199) INFO: end detected at 29
2018-07-11 13:14:22,979 (e2e_asr_attctc_th:2217) INFO: total log probability: -17.1490883995
2018-07-11 13:14:22,980 (e2e_asr_attctc_th:2218) INFO: normalized log probability: -0.745612539108
2018-07-11 13:14:22,981 (asr_pytorch:468) INFO: groundtruth[1505-2_spk_1505_2_020286-020714]: B佬謬咋夥呯啼對朕佬謬咋夥呯啼對概吖詣戛唪昕佬謬乳
2018-07-11 13:14:22,982 (asr_pytorch:469) INFO: prediction [1505-2_spk_1505_2_020286-020714]: 誒你講我隻知唔知你講得呢啲專業嚟我唔會講翻<eos>
2018-07-11 13:14:22,995 (e2e_asr_attctc_th:2977) INFO: BLSTMP input lengths: [141]
2018-07-11 13:14:23,308 (e2e_asr_attctc_th:2067) INFO: input lengths: 36
2018-07-11 13:14:23,308 (e2e_asr_attctc_th:2091) INFO: max output length: 36
2018-07-11 13:14:23,308 (e2e_asr_attctc_th:2092) INFO: min output length: 0
2018-07-11 13:14:25,108 (e2e_asr_attctc_th:2199) INFO: end detected at 17
2018-07-11 13:14:25,108 (e2e_asr_attctc_th:2217) INFO: total log probability: -4.17846913263
2018-07-11 13:14:25,108 (e2e_asr_attctc_th:2218) INFO: normalized log probability: -0.379860830239
2018-07-11 13:14:25,109 (asr_pytorch:468) INFO: groundtruth[1502-2_spk_1502_2_018521-018664]: 哭亙皆下哭戛矮戛矮
2018-07-11 13:14:25,109 (asr_pytorch:469) INFO: prediction [1502-2_spk_1502_2_018521-018664]: 就而傢齣我我知我知<eos>
2018-07-11 13:14:25,118 (e2e_asr_attctc_th:2977) INFO: BLSTMP input lengths: [456]
2018-07-11 13:14:25,723 (e2e_asr_attctc_th:2067) INFO: input lengths: 114
2018-07-11 13:14:25,724 (e2e_asr_attctc_th:2091) INFO: max output length: 114
2018-07-11 13:14:25,724 (e2e_asr_attctc_th:2092) INFO: min output length: 0
2018-07-11 13:14:31,192 (e2e_asr_attctc_th:2199) INFO: end detected at 33
2018-07-11 13:14:31,192 (e2e_asr_attctc_th:2217) INFO: total log probability: -23.4300165027
2018-07-11 13:14:31,193 (e2e_asr_attctc_th:2218) INFO: normalized log probability: -0.807931603543
2018-07-11 13:14:31,194 (asr_pytorch:468) INFO: groundtruth[1503-1_spk_1503_1_023520-023978]: 手件嗄址鑊童服仲刺佬倔綺絨啯服曼劫頑暮曼劫冗空宣啼旨
2018-07-11 13:14:31,194 (asr_pytorch:469) INFO: prediction [1503-1_spk_1503_1_023520-023978]: 所以係嘅時候好令講你講馬落啦會陣間順上就而傢再搵明啲啊<eos>
2018-07-11 13:14:31,209 (e2e_asr_attctc_th:2977) INFO: BLSTMP input lengths: [199]
2018-07-11 13:14:31,629 (e2e_asr_attctc_th:2067) INFO: input lengths: 50
2018-07-11 13:14:31,629 (e2e_asr_attctc_th:2091) INFO: max output length: 50
2018-07-11 13:14:31,629 (e2e_asr_attctc_th:2092) INFO: min output length: 0
2018-07-11 13:14:33,011 (e2e_asr_attctc_th:2199) INFO: end detected at 12
2018-07-11 13:14:33,012 (e2e_asr_attctc_th:2217) INFO: total log probability: -2.80664942041
2018-07-11 13:14:33,012 (e2e_asr_attctc_th:2218) INFO: normalized log probability: -0.350831177551
2018-07-11 13:14:33,013 (asr_pytorch:468) INFO: groundtruth[1502-2_spk_1502_2_010569-010770]: 哭妍枱唪天由
2018-07-11 13:14:33,013 (asr_pytorch:469) INFO: prediction [1502-2_spk_1502_2_010569-010770]: 哦如果唔交咗<eos>
2018-07-11 13:14:33,028 (e2e_asr_attctc_th:2977) INFO: BLSTMP input lengths: [324]
2018-07-11 13:14:33,902 (e2e_asr_attctc_th:2067) INFO: input lengths: 81
2018-07-11 13:14:33,903 (e2e_asr_attctc_th:2091) INFO: max output length: 81
2018-07-11 13:14:33,903 (e2e_asr_attctc_th:2092) INFO: min output length: 0
2018-07-11 13:14:37,507 (e2e_asr_attctc_th:2199) INFO: end detected at 24
2018-07-11 13:14:37,507 (e2e_asr_attctc_th:2217) INFO: total log probability: -10.2283738181
2018-07-11 13:14:37,508 (e2e_asr_attctc_th:2218) INFO: normalized log probability: -0.568242989894
2018-07-11 13:14:37,509 (asr_pytorch:468) INFO: groundtruth[1501-1_spk_1501_1_042749-043075]: B逆WMQ嗷邕吔井睛迫佰員嗷邕朕冏囖
2018-07-11 13:14:37,509 (asr_pytorch:469) INFO: prediction [1501-1_spk_1501_1_042749-043075]: 誒送先方麵同事睇翻佢哋嗰邊有冇咯<eos>
2018-07-11 13:14:37,523 (e2e_asr_attctc_th:2977) INFO: BLSTMP input lengths: [190]
2018-07-11 13:14:37,971 (e2e_asr_attctc_th:2067) INFO: input lengths: 48
2018-07-11 13:14:37,971 (e2e_asr_attctc_th:2091) INFO: max output length: 48
2018-07-11 13:14:37,972 (e2e_asr_attctc_th:2092) INFO: min output length: 0
2018-07-11 13:14:39,614 (e2e_asr_attctc_th:2199) INFO: end detected at 15
2018-07-11 13:14:39,614 (e2e_asr_attctc_th:2217) INFO: total log probability: -6.82957079681
2018-07-11 13:14:39,615 (e2e_asr_attctc_th:2218) INFO: normalized log probability: -0.682957079681
2018-07-11 13:14:39,616 (asr_pytorch:468) INFO: groundtruth[12_spk_12_042032-042224]: 巴唪夥巴唪夥
2018-07-11 13:14:39,616 (asr_pytorch:469) INFO: prediction [12_spk_12_042032-042224]: 我差唔多真咯五月<eos>
2018-07-11 13:14:39,631 (e2e_asr_attctc_th:2977) INFO: BLSTMP input lengths: [262]
2018-07-11 13:14:40,169 (e2e_asr_attctc_th:2067) INFO: input lengths: 66
2018-07-11 13:14:40,169 (e2e_asr_attctc_th:2091) INFO: max output length: 66
2018-07-11 13:14:40,169 (e2e_asr_attctc_th:2092) INFO: min output length: 0
2018-07-11 13:14:43,623 (e2e_asr_attctc_th:2199) INFO: end detected at 24
2018-07-11 13:14:43,623 (e2e_asr_attctc_th:2217) INFO: total log probability: -16.7038511601
2018-07-11 13:14:43,623 (e2e_asr_attctc_th:2218) INFO: normalized log probability: -0.879150061059
2018-07-11 13:14:43,625 (asr_pytorch:468) INFO: groundtruth[9_spk_9_063553-063816]: 乸灼哲倔呯俏必禮延塌三未倔邕
2018-07-11 13:14:43,625 (asr_pytorch:469) INFO: prediction [9_spk_9_063553-063816]: 啊我同呢個仔就係得不過廣場一直一邊<eos>
2018-07-11 13:14:43,642 (e2e_asr_attctc_th:2977) INFO: BLSTMP input lengths: [502]
2018-07-11 13:14:44,743 (e2e_asr_attctc_th:2067) INFO: input lengths: 126
2018-07-11 13:14:44,744 (e2e_asr_attctc_th:2091) INFO: max output length: 126
2018-07-11 13:14:44,744 (e2e_asr_attctc_th:2092) INFO: min output length: 0
2018-07-11 13:14:51,233 (e2e_asr_attctc_th:2199) INFO: end detected at 34
2018-07-11 13:14:51,233 (e2e_asr_attctc_th:2217) INFO: total log probability: -20.1623018552
2018-07-11 13:14:51,233 (e2e_asr_attctc_th:2218) INFO: normalized log probability: -0.720082209113
2018-07-11 13:14:51,234 (asr_pytorch:468) INFO: groundtruth[1505-1_spk_1505_1_085526-086030]: 倍考三伍JSVQ可QRTJSVQ姚俏攣蚊磋轟<unk>速矮替倍考佬舔<unk>嗷邕
2018-07-11 13:14:51,234 (asr_pytorch:469) INFO: prediction [1505-1_spk_1505_1_085526-086030]: 死關神方叫MMBF真係貴號碼轉颱通知書俾翻你夠颱嗰邊<eos>
2018-07-11 13:14:51,242 (e2e_asr_attctc_th:2977) INFO: BLSTMP input lengths: [175]
2018-07-11 13:14:51,499 (e2e_asr_attctc_th:2067) INFO: input lengths: 44
2018-07-11 13:14:51,500 (e2e_asr_attctc_th:2091) INFO: max output length: 44
2018-07-11 13:14:51,500 (e2e_asr_attctc_th:2092) INFO: min output length: 0
2018-07-11 13:14:52,682 (e2e_asr_attctc_th:2199) INFO: end detected at 15
2018-07-11 13:14:52,682 (e2e_asr_attctc_th:2217) INFO: total log probability: -3.19236701052
2018-07-11 13:14:52,682 (e2e_asr_attctc_th:2218) INFO: normalized log probability: -0.319236701052
2018-07-11 13:14:52,683 (asr_pytorch:468) INFO: groundtruth[1502-2_spk_1502_2_062228-062404]: 咋倔址黴啯吔埗倔
2018-07-11 13:14:52,683 (asr_pytorch:469) INFO: prediction [1502-2_spk_1502_2_062228-062404]: 咁個地點啊同埋個<eos>
2018-07-11 13:14:52,692 (e2e_asr_attctc_th:2977) INFO: BLSTMP input lengths: [438]
2018-07-11 13:14:53,305 (e2e_asr_attctc_th:2067) INFO: input lengths: 110
2018-07-11 13:14:53,305 (e2e_asr_attctc_th:2091) INFO: max output length: 110
2018-07-11 13:14:53,305 (e2e_asr_attctc_th:2092) INFO: min output length: 0
2018-07-11 13:14:58,062 (e2e_asr_attctc_th:2199) INFO: end detected at 39
2018-07-11 13:14:58,062 (e2e_asr_attctc_th:2217) INFO: total log probability: -60.6118405657
2018-07-11 13:14:58,062 (e2e_asr_attctc_th:2218) INFO: normalized log probability: -1.89412001768
2018-07-11 13:14:58,063 (asr_pytorch:468) INFO: groundtruth[8_spk_8_080507-080947]: 俏呈俏呈手件嘍誅呯戛員<unk>脇尻誅嗺尋佬倔BGEWI呯戛訢畸佔兒
2018-07-11 13:14:58,064 (asr_pytorch:469) INFO: prediction [8_spk_8_080507-080947]: 其實我十次食就十二成日十八歲SURESE食PICS都幾分之前<eos>
2018-07-11 13:14:58,071 (e2e_asr_attctc_th:2977) INFO: BLSTMP input lengths: [161]
2018-07-11 13:14:58,288 (e2e_asr_attctc_th:2067) INFO: input lengths: 41
2018-07-11 13:14:58,289 (e2e_asr_attctc_th:2091) INFO: max output length: 41
2018-07-11 13:14:58,289 (e2e_asr_attctc_th:2092) INFO: min output length: 0
2018-07-11 13:14:59,269 (e2e_asr_attctc_th:2199) INFO: end detected at 14
2018-07-11 13:14:59,269 (e2e_asr_attctc_th:2217) INFO: total log probability: -8.80700508459
2018-07-11 13:14:59,269 (e2e_asr_attctc_th:2218) INFO: normalized log probability: -0.978556120509
2018-07-11 13:14:59,270 (asr_pytorch:468) INFO: groundtruth[12_spk_12_055160-055323]: 俏刺5朔伍嘍
2018-07-11 13:14:59,270 (asr_pytorch:469) INFO: prediction [12_spk_12_055160-055323]: 係係得呢隻子嘅<eos>
2018-07-11 13:14:59,277 (e2e_asr_attctc_th:2977) INFO: BLSTMP input lengths: [62]
2018-07-11 13:14:59,371 (e2e_asr_attctc_th:2067) INFO: input lengths: 16
2018-07-11 13:14:59,372 (e2e_asr_attctc_th:2091) INFO: max output length: 16
2018-07-11 13:14:59,372 (e2e_asr_attctc_th:2092) INFO: min output length: 0
2018-07-11 13:14:59,792 (e2e_asr_attctc_th:2199) INFO: end detected at 8
2018-07-11 13:14:59,792 (e2e_asr_attctc_th:2217) INFO: total log probability: -1.44268574938
2018-07-11 13:14:59,792 (e2e_asr_attctc_th:2218) INFO: normalized log probability: -0.360671437345
2018-07-11 13:14:59,794 (asr_pytorch:468) INFO: groundtruth[1503-2_spk_1503_2_068868-068932]: 哭哭昕
2018-07-11 13:14:59,794 (asr_pytorch:469) INFO: prediction [1503-2_spk_1503_2_068868-068932]: 啊明<eos>
2018-07-11 13:14:59,807 (e2e_asr_attctc_th:2977) INFO: BLSTMP input lengths: [251]
2018-07-11 13:15:00,179 (e2e_asr_attctc_th:2067) INFO: input lengths: 63
2018-07-11 13:15:00,180 (e2e_asr_attctc_th:2091) INFO: max output length: 63
2018-07-11 13:15:00,180 (e2e_asr_attctc_th:2092) INFO: min output length: 0
2018-07-11 13:15:01,861 (e2e_asr_attctc_th:2199) INFO: end detected at 19
2018-07-11 13:15:01,861 (e2e_asr_attctc_th:2217) INFO: total log probability: -8.68627397064
2018-07-11 13:15:01,861 (e2e_asr_attctc_th:2218) INFO: normalized log probability: -0.62044814076
2018-07-11 13:15:01,862 (asr_pytorch:468) INFO: groundtruth[3_spk_3_035717-035970]: 偎診俏望募用敖得兮倔朔公
2018-07-11 13:15:01,863 (asr_pytorch:469) INFO: prediction [3_spk_3_035717-035970]: 假先喺服務身校後兩個月內<eos>
2018-07-11 13:15:01,871 (e2e_asr_attctc_th:2977) INFO: BLSTMP input lengths: [254]
2018-07-11 13:15:02,196 (e2e_asr_attctc_th:2067) INFO: input lengths: 64
2018-07-11 13:15:02,196 (e2e_asr_attctc_th:2091) INFO: max output length: 64
2018-07-11 13:15:02,196 (e2e_asr_attctc_th:2092) INFO: min output length: 0
2018-07-11 13:15:03,602 (e2e_asr_attctc_th:2206) INFO: no hypothesis. Finish decoding.
2018-07-11 13:15:03,602 (e2e_asr_attctc_th:2217) INFO: total log probability: -6.0386961028
2018-07-11 13:15:03,602 (e2e_asr_attctc_th:2218) INFO: normalized log probability: -0.402579740187
2018-07-11 13:15:03,603 (asr_pytorch:468) INFO: groundtruth[1501-1_spk_1501_1_033874-034130]: 佬53992032呯倔蚊磋啯
2018-07-11 13:15:03,603 (asr_pytorch:469) INFO: prediction [1501-1_spk_1501_1_033874-034130]: 你五三九九二零三已個號碼咯<eos>
2018-07-11 13:15:03,618 (e2e_asr_attctc_th:2977) INFO: BLSTMP input lengths: [710]
2018-07-11 13:15:04,521 (e2e_asr_attctc_th:2067) INFO: input lengths: 178
2018-07-11 13:15:04,521 (e2e_asr_attctc_th:2091) INFO: max output length: 178
2018-07-11 13:15:04,521 (e2e_asr_attctc_th:2092) INFO: min output length: 0
2018-07-11 13:15:12,690 (e2e_asr_attctc_th:2199) INFO: end detected at 50
2018-07-11 13:15:12,691 (e2e_asr_attctc_th:2217) INFO: total log probability: -25.2652211104
2018-07-11 13:15:12,691 (e2e_asr_attctc_th:2218) INFO: normalized log probability: -0.549243937183
2018-07-11 13:15:12,692 (asr_pytorch:468) INFO: groundtruth[1505-1_spk_1505_1_102993-103705]: 佬尻誅佬放咩倔霆誅佬B刺晏吔佰謬考倔TPER旨億錯旅<unk>咋閊希吔井尻服幹卿削幹佬側柎啯
2018-07-11 13:15:12,692 (asr_pytorch:469) INFO: prediction [1505-1_spk_1505_1_102993-103705]: 你就話你收到嗰個電話你誒到時同佢講翻個PLAN嘅教下著方麵特紅字同事就會乾識搞嗰個做噶啦<eos>
2018-07-11 13:15:12,701 (e2e_asr_attctc_th:2977) INFO: BLSTMP input lengths: [230]
2018-07-11 13:15:13,000 (e2e_asr_attctc_th:2067) INFO: input lengths: 58
2018-07-11 13:15:13,000 (e2e_asr_attctc_th:2091) INFO: max output length: 58
2018-07-11 13:15:13,000 (e2e_asr_attctc_th:2092) INFO: min output length: 0
2018-07-11 13:15:14,689 (e2e_asr_attctc_th:2206) INFO: no hypothesis. Finish decoding.
2018-07-11 13:15:14,689 (e2e_asr_attctc_th:2217) INFO: total log probability: -7.7451158585
2018-07-11 13:15:14,689 (e2e_asr_attctc_th:2218) INFO: normalized log probability: -0.430284214361
2018-07-11 13:15:14,690 (asr_pytorch:468) INFO: groundtruth[3_spk_3_018560-018792]: 咋冀寫戛弊譽畸啯佬司件扚戛盾緣㨃
2018-07-11 13:15:14,690 (asr_pytorch:469) INFO: prediction [3_spk_3_018560-018792]: 咁其實我見已翻翻你可以打我食線噶<eos>
2018-07-11 13:15:14,697 (e2e_asr_attctc_th:2977) INFO: BLSTMP input lengths: [43]
2018-07-11 13:15:14,766 (e2e_asr_attctc_th:2067) INFO: input lengths: 11
2018-07-11 13:15:14,767 (e2e_asr_attctc_th:2091) INFO: max output length: 11
2018-07-11 13:15:14,767 (e2e_asr_attctc_th:2092) INFO: min output length: 0
2018-07-11 13:15:15,065 (e2e_asr_attctc_th:2199) INFO: end detected at 7
2018-07-11 13:15:15,066 (e2e_asr_attctc_th:2217) INFO: total log probability: -0.031037918292
2018-07-11 13:15:15,066 (e2e_asr_attctc_th:2218) INFO: normalized log probability: -0.010345972764
2018-07-11 13:15:15,067 (asr_pytorch:468) INFO: groundtruth[1502-2_spk_1502_2_026127-026172]: 俏
2018-07-11 13:15:15,067 (asr_pytorch:469) INFO: prediction [1502-2_spk_1502_2_026127-026172]: 係<eos>
2018-07-11 13:15:15,074 (e2e_asr_attctc_th:2977) INFO: BLSTMP input lengths: [54]
2018-07-11 13:15:15,155 (e2e_asr_attctc_th:2067) INFO: input lengths: 14
2018-07-11 13:15:15,155 (e2e_asr_attctc_th:2091) INFO: max output length: 14
2018-07-11 13:15:15,155 (e2e_asr_attctc_th:2092) INFO: min output length: 0
2018-07-11 13:15:15,545 (e2e_asr_attctc_th:2199) INFO: end detected at 8
2018-07-11 13:15:15,546 (e2e_asr_attctc_th:2217) INFO: total log probability: -0.316273202188
2018-07-11 13:15:15,546 (e2e_asr_attctc_th:2218) INFO: normalized log probability: -0.0790683005471
2018-07-11 13:15:15,546 (asr_pytorch:468) INFO: groundtruth[1501-1_spk_1501_1_023033-023089]: 冀寫
2018-07-11 13:15:15,547 (asr_pytorch:469) INFO: prediction [1501-1_spk_1501_1_023033-023089]: 其實<eos>
2018-07-11 13:15:15,554 (e2e_asr_attctc_th:2977) INFO: BLSTMP input lengths: [65]
2018-07-11 13:15:15,645 (e2e_asr_attctc_th:2067) INFO: input lengths: 17
2018-07-11 13:15:15,645 (e2e_asr_attctc_th:2091) INFO: max output length: 17
2018-07-11 13:15:15,645 (e2e_asr_attctc_th:2092) INFO: min output length: 0
2018-07-11 13:15:16,210 (e2e_asr_attctc_th:2199) INFO: end detected at 11
2018-07-11 13:15:16,211 (e2e_asr_attctc_th:2217) INFO: total log probability: -2.14879215136
2018-07-11 13:15:16,211 (e2e_asr_attctc_th:2218) INFO: normalized log probability: -0.429758430272
2018-07-11 13:15:16,211 (asr_pytorch:468) INFO: groundtruth[3_spk_3_003640-003707]: 俏啯咋呈
2018-07-11 13:15:16,212 (asr_pytorch:469) INFO: prediction [3_spk_3_003640-003707]: 係啦咁<eos>
2018-07-11 13:15:16,219 (e2e_asr_attctc_th:2977) INFO: BLSTMP input lengths: [105]
2018-07-11 13:15:16,361 (e2e_asr_attctc_th:2067) INFO: input lengths: 27
2018-07-11 13:15:16,361 (e2e_asr_attctc_th:2091) INFO: max output length: 27
2018-07-11 13:15:16,361 (e2e_asr_attctc_th:2092) INFO: min output length: 0
2018-07-11 13:15:17,104 (e2e_asr_attctc_th:2199) INFO: end detected at 12
2018-07-11 13:15:17,104 (e2e_asr_attctc_th:2217) INFO: total log probability: -4.15137310326
2018-07-11 13:15:17,104 (e2e_asr_attctc_th:2218) INFO: normalized log probability: -0.518921637908
2018-07-11 13:15:17,105 (asr_pytorch:468) INFO: groundtruth[1501-1_spk_1501_1_053066-053174]: 俏冏啞顔嘍
2018-07-11 13:15:17,105 (asr_pytorch:469) INFO: prediction [1501-1_spk_1501_1_053066-053174]: 係唔好問題噶<eos>
2018-07-11 13:15:17,113 (e2e_asr_attctc_th:2977) INFO: BLSTMP input lengths: [166]
2018-07-11 13:15:17,332 (e2e_asr_attctc_th:2067) INFO: input lengths: 42
2018-07-11 13:15:17,332 (e2e_asr_attctc_th:2091) INFO: max output length: 42
2018-07-11 13:15:17,332 (e2e_asr_attctc_th:2092) INFO: min output length: 0
2018-07-11 13:15:18,099 (e2e_asr_attctc_th:2199) INFO: end detected at 11
2018-07-11 13:15:18,099 (e2e_asr_attctc_th:2217) INFO: total log probability: -3.76124338433
2018-07-11 13:15:18,099 (e2e_asr_attctc_th:2218) INFO: normalized log probability: -0.537320483476
2018-07-11 13:15:18,100 (asr_pytorch:468) INFO: groundtruth[1501-2_spk_1501_2_035215-035383]: 戛覢佰住俏
2018-07-11 13:15:18,100 (asr_pytorch:469) INFO: prediction [1501-2_spk_1501_2_035215-035383]: 那先佢但係<eos>
2018-07-11 13:15:18,108 (e2e_asr_attctc_th:2977) INFO: BLSTMP input lengths: [262]
2018-07-11 13:15:18,465 (e2e_asr_attctc_th:2067) INFO: input lengths: 66
2018-07-11 13:15:18,465 (e2e_asr_attctc_th:2091) INFO: max output length: 66
2018-07-11 13:15:18,465 (e2e_asr_attctc_th:2092) INFO: min output length: 0
2018-07-11 13:15:19,875 (e2e_asr_attctc_th:2206) INFO: no hypothesis. Finish decoding.
2018-07-11 13:15:19,876 (e2e_asr_attctc_th:2217) INFO: total log probability: -4.83652928006
2018-07-11 13:15:19,876 (e2e_asr_attctc_th:2218) INFO: normalized log probability: -0.322435285337
2018-07-11 13:15:19,876 (asr_pytorch:468) INFO: groundtruth[1502-2_spk_1502_2_081484-081748]: 尻B佰列鐲斌旅<unk>尻囤<unk>列鐲
2018-07-11 13:15:19,876 (asr_pytorch:469) INFO: prediction [1502-2_spk_1502_2_081484-081748]: 就誒去分鐘數翻麵就四韆分鐘<eos>
2018-07-11 13:15:19,884 (e2e_asr_attctc_th:2977) INFO: BLSTMP input lengths: [47]
2018-07-11 13:15:19,967 (e2e_asr_attctc_th:2067) INFO: input lengths: 12
2018-07-11 13:15:19,967 (e2e_asr_attctc_th:2091) INFO: max output length: 12
2018-07-11 13:15:19,967 (e2e_asr_attctc_th:2092) INFO: min output length: 0
2018-07-11 13:15:20,328 (e2e_asr_attctc_th:2199) INFO: end detected at 8
2018-07-11 13:15:20,328 (e2e_asr_attctc_th:2217) INFO: total log probability: -2.53394925594
2018-07-11 13:15:20,328 (e2e_asr_attctc_th:2218) INFO: normalized log probability: -0.844649751981
2018-07-11 13:15:20,329 (asr_pytorch:468) INFO: groundtruth[12_spk_12_052508-052557]: 咋
2018-07-11 13:15:20,329 (asr_pytorch:469) INFO: prediction [12_spk_12_052508-052557]: 啊<eos>
2018-07-11 13:15:20,337 (e2e_asr_attctc_th:2977) INFO: BLSTMP input lengths: [93]
2018-07-11 13:15:20,463 (e2e_asr_attctc_th:2067) INFO: input lengths: 24
2018-07-11 13:15:20,464 (e2e_asr_attctc_th:2091) INFO: max output length: 24
2018-07-11 13:15:20,464 (e2e_asr_attctc_th:2092) INFO: min output length: 0
2018-07-11 13:15:21,142 (e2e_asr_attctc_th:2199) INFO: end detected at 12
2018-07-11 13:15:21,142 (e2e_asr_attctc_th:2217) INFO: total log probability: -5.45351275802
2018-07-11 13:15:21,142 (e2e_asr_attctc_th:2218) INFO: normalized log probability: -0.779073251145
2018-07-11 13:15:21,143 (asr_pytorch:468) INFO: groundtruth[9_spk_9_024107-024202]: SO
2018-07-11 13:15:21,143 (asr_pytorch:469) INFO: prediction [9_spk_9_024107-024202]: 一張齣事啊<eos>
2018-07-11 13:15:21,152 (e2e_asr_attctc_th:2977) INFO: BLSTMP input lengths: [411]
2018-07-11 13:15:21,945 (e2e_asr_attctc_th:2067) INFO: input lengths: 103
2018-07-11 13:15:21,946 (e2e_asr_attctc_th:2091) INFO: max output length: 103
2018-07-11 13:15:21,946 (e2e_asr_attctc_th:2092) INFO: min output length: 0
2018-07-11 13:15:26,280 (e2e_asr_attctc_th:2199) INFO: end detected at 26
2018-07-11 13:15:26,280 (e2e_asr_attctc_th:2217) INFO: total log probability: -20.2505532838
2018-07-11 13:15:26,280 (e2e_asr_attctc_th:2218) INFO: normalized log probability: -1.06581859389
2018-07-11 13:15:26,281 (asr_pytorch:468) INFO: groundtruth[8_spk_8_010007-010420]: 戛<unk>俏倔霆誅<unk>司件俏倔窪邕扚霆誅然啞顔
2018-07-11 13:15:26,282 (asr_pytorch:469) INFO: prediction [8_spk_8_010007-010420]: SAMSED五點使新邊十年十冇問題<eos>
2018-07-11 13:15:26,297 (e2e_asr_attctc_th:2977) INFO: BLSTMP input lengths: [457]
2018-07-11 13:15:27,184 (e2e_asr_attctc_th:2067) INFO: input lengths: 115
2018-07-11 13:15:27,184 (e2e_asr_attctc_th:2091) INFO: max output length: 115
2018-07-11 13:15:27,184 (e2e_asr_attctc_th:2092) INFO: min output length: 0
2018-07-11 13:15:32,512 (e2e_asr_attctc_th:2199) INFO: end detected at 33
2018-07-11 13:15:32,512 (e2e_asr_attctc_th:2217) INFO: total log probability: -23.8211837662
2018-07-11 13:15:32,512 (e2e_asr_attctc_th:2218) INFO: normalized log probability: -0.882266065416
2018-07-11 13:15:32,513 (asr_pytorch:468) INFO: groundtruth[1504-1_spk_1504_1_024705-025164]: 劫且佰鄔俏丹移<unk>丹稍勞額譯咒嘢移<unk>冀仞兲各額譯咒嘢
2018-07-11 13:15:32,513 (asr_pytorch:469) INFO: prediction [1504-1_spk_1504_1_024705-025164]: 加上佢都係中租者中意咁幸保啫嘛中著成日公司堂行啫嘛<eos>
2018-07-11 13:15:32,521 (e2e_asr_attctc_th:2977) INFO: BLSTMP input lengths: [191]
2018-07-11 13:15:32,787 (e2e_asr_attctc_th:2067) INFO: input lengths: 48
2018-07-11 13:15:32,788 (e2e_asr_attctc_th:2091) INFO: max output length: 48
2018-07-11 13:15:32,788 (e2e_asr_attctc_th:2092) INFO: min output length: 0
2018-07-11 13:15:34,099 (e2e_asr_attctc_th:2206) INFO: no hypothesis. Finish decoding.
2018-07-11 13:15:34,100 (e2e_asr_attctc_th:2217) INFO: total log probability: -13.4202331575
2018-07-11 13:15:34,100 (e2e_asr_attctc_th:2218) INFO: normalized log probability: -0.894682210498
2018-07-11 13:15:34,100 (asr_pytorch:468) INFO: groundtruth[1502-2_spk_1502_2_085799-085992]: 尻晝尤尤朕倔吔井GSRXEGX迫潤用
2018-07-11 13:15:34,100 (asr_pytorch:469) INFO: prediction [1502-2_spk_1502_2_085799-085992]: 就啱小小有個同事方程翻分生<eos>
2018-07-11 13:15:34,109 (e2e_asr_attctc_th:2977) INFO: BLSTMP input lengths: [302]
2018-07-11 13:15:34,534 (e2e_asr_attctc_th:2067) INFO: input lengths: 76
2018-07-11 13:15:34,534 (e2e_asr_attctc_th:2091) INFO: max output length: 76
2018-07-11 13:15:34,534 (e2e_asr_attctc_th:2092) INFO: min output length: 0
2018-07-11 13:15:38,246 (e2e_asr_attctc_th:2199) INFO: end detected at 27
2018-07-11 13:15:38,246 (e2e_asr_attctc_th:2217) INFO: total log probability: -16.9901100658
2018-07-11 13:15:38,247 (e2e_asr_attctc_th:2218) INFO: normalized log probability: -0.809052860276
2018-07-11 13:15:38,248 (asr_pytorch:468) INFO: groundtruth[1504-1_spk_1504_1_099086-099390]: 囹烕晴速宭仇葛閊希NSMR呯尻俏NSMR刺106柎姚
2018-07-11 13:15:38,249 (asr_pytorch:469) INFO: prediction [1504-1_spk_1504_1_099086-099390]: 因為普通係人每次再呢就係做咗一零落佢啫<eos>
2018-07-11 13:15:38,267 (e2e_asr_attctc_th:2977) INFO: BLSTMP input lengths: [380]
2018-07-11 13:15:39,100 (e2e_asr_attctc_th:2067) INFO: input lengths: 95
2018-07-11 13:15:39,101 (e2e_asr_attctc_th:2091) INFO: max output length: 95
2018-07-11 13:15:39,101 (e2e_asr_attctc_th:2092) INFO: min output length: 0
2018-07-11 13:15:41,267 (e2e_asr_attctc_th:2206) INFO: no hypothesis. Finish decoding.
2018-07-11 13:15:41,267 (e2e_asr_attctc_th:2217) INFO: total log probability: -20.2612838909
2018-07-11 13:15:41,267 (e2e_asr_attctc_th:2218) INFO: normalized log probability: -1.19184022888
2018-07-11 13:15:41,268 (asr_pytorch:468) INFO: groundtruth[8_spk_8_020160-020542]: B戛戛世孋由緘佬員倔TPER俏3K㨃嘢
2018-07-11 13:15:41,268 (asr_pytorch:469) INFO: prediction [8_spk_8_020160-020542]: 哦心心仲搵你樣品發聲係失衣噶嘛<eos>
2018-07-11 13:15:41,277 (e2e_asr_attctc_th:2977) INFO: BLSTMP input lengths: [664]
2018-07-11 13:15:42,232 (e2e_asr_attctc_th:2067) INFO: input lengths: 166
2018-07-11 13:15:42,233 (e2e_asr_attctc_th:2091) INFO: max output length: 166
2018-07-11 13:15:42,233 (e2e_asr_attctc_th:2092) INFO: min output length: 0
2018-07-11 13:15:49,016 (e2e_asr_attctc_th:2206) INFO: no hypothesis. Finish decoding.
2018-07-11 13:15:49,017 (e2e_asr_attctc_th:2217) INFO: total log probability: -32.3966254524
2018-07-11 13:15:49,017 (e2e_asr_attctc_th:2218) INFO: normalized log probability: -0.809915636311
2018-07-11 13:15:49,017 (asr_pytorch:468) INFO: groundtruth[1504-1_spk_1504_1_066068-066734]: 而寫謬冀寫姚俏妍枱佬誅軀邕朕朗受愈NSMR旨誅吔佰奈迫冀寫仿抽丕從65<unk>嗷郷檀旨誅
2018-07-11 13:15:49,017 (asr_pytorch:469) INFO: prediction [1504-1_spk_1504_1_066068-066734]: 老細講其實雖然果你話身邊有朋友上JOIN嗰個同佢隔生係仲係打得龍去嗰部機噶話<eos>
2018-07-11 13:15:49,025 (e2e_asr_attctc_th:2977) INFO: BLSTMP input lengths: [210]
2018-07-11 13:15:49,295 (e2e_asr_attctc_th:2067) INFO: input lengths: 53
2018-07-11 13:15:49,296 (e2e_asr_attctc_th:2091) INFO: max output length: 53
2018-07-11 13:15:49,296 (e2e_asr_attctc_th:2092) INFO: min output length: 0
2018-07-11 13:15:50,874 (e2e_asr_attctc_th:2199) INFO: end detected at 20
2018-07-11 13:15:50,874 (e2e_asr_attctc_th:2217) INFO: total log probability: -7.03144945949
2018-07-11 13:15:50,874 (e2e_asr_attctc_th:2218) INFO: normalized log probability: -0.4687632973
2018-07-11 13:15:50,875 (asr_pytorch:468) INFO: groundtruth[1501-2_spk_1501_2_002660-002872]: 哭SO啯SO啯耗<unk>戛<unk>迫叄
2018-07-11 13:15:50,875 (asr_pytorch:469) INFO: prediction [1501-2_spk_1501_2_002660-002872]: 我屋企係屋企係而傢我超翻去<eos>
2018-07-11 13:15:50,883 (e2e_asr_attctc_th:2977) INFO: BLSTMP input lengths: [104]
2018-07-11 13:15:51,024 (e2e_asr_attctc_th:2067) INFO: input lengths: 26
2018-07-11 13:15:51,024 (e2e_asr_attctc_th:2091) INFO: max output length: 26
2018-07-11 13:15:51,024 (e2e_asr_attctc_th:2092) INFO: min output length: 0
2018-07-11 13:15:51,748 (e2e_asr_attctc_th:2199) INFO: end detected at 12
2018-07-11 13:15:51,748 (e2e_asr_attctc_th:2217) INFO: total log probability: -4.87234154716
2018-07-11 13:15:51,748 (e2e_asr_attctc_th:2218) INFO: normalized log probability: -0.812056924527
2018-07-11 13:15:51,749 (asr_pytorch:468) INFO: groundtruth[1504-2_spk_1504_2_076953-077059]: 黴言嘯啖
2018-07-11 13:15:51,749 (asr_pytorch:469) INFO: prediction [1504-2_spk_1504_2_076953-077059]: <SPK/>點解啊<eos>
2018-07-11 13:15:51,757 (e2e_asr_attctc_th:2977) INFO: BLSTMP input lengths: [96]
2018-07-11 13:15:51,882 (e2e_asr_attctc_th:2067) INFO: input lengths: 24
2018-07-11 13:15:51,883 (e2e_asr_attctc_th:2091) INFO: max output length: 24
2018-07-11 13:15:51,883 (e2e_asr_attctc_th:2092) INFO: min output length: 0
2018-07-11 13:15:52,586 (e2e_asr_attctc_th:2199) INFO: end detected at 12
2018-07-11 13:15:52,586 (e2e_asr_attctc_th:2217) INFO: total log probability: -4.95868805796
2018-07-11 13:15:52,587 (e2e_asr_attctc_th:2218) INFO: normalized log probability: -0.70838400828
2018-07-11 13:15:52,587 (asr_pytorch:468) INFO: groundtruth[1502-2_spk_1502_2_039684-039782]: 丐皆三卉兵蚧
2018-07-11 13:15:52,587 (asr_pytorch:469) INFO: prediction [1502-2_spk_1502_2_039684-039782]: 翻版十六蚊<eos>
2018-07-11 13:15:52,595 (e2e_asr_attctc_th:2977) INFO: BLSTMP input lengths: [99]
2018-07-11 13:15:52,744 (e2e_asr_attctc_th:2067) INFO: input lengths: 25
2018-07-11 13:15:52,744 (e2e_asr_attctc_th:2091) INFO: max output length: 25
2018-07-11 13:15:52,744 (e2e_asr_attctc_th:2092) INFO: min output length: 0
2018-07-11 13:15:53,479 (e2e_asr_attctc_th:2199) INFO: end detected at 12
2018-07-11 13:15:53,479 (e2e_asr_attctc_th:2217) INFO: total log probability: -3.27565428149
2018-07-11 13:15:53,479 (e2e_asr_attctc_th:2218) INFO: normalized log probability: -0.409456785186
2018-07-11 13:15:53,480 (asr_pytorch:468) INFO: groundtruth[4_spk_4_021650-021751]: 皂訢畸從唪從
2018-07-11 13:15:53,480 (asr_pytorch:469) INFO: prediction [4_spk_4_021650-021751]: 登記班得唔得<eos>
2018-07-11 13:15:53,489 (e2e_asr_attctc_th:2977) INFO: BLSTMP input lengths: [281]
2018-07-11 13:15:53,852 (e2e_asr_attctc_th:2067) INFO: input lengths: 71
2018-07-11 13:15:53,852 (e2e_asr_attctc_th:2091) INFO: max output length: 71
2018-07-11 13:15:53,852 (e2e_asr_attctc_th:2092) INFO: min output length: 0
2018-07-11 13:15:55,671 (e2e_asr_attctc_th:2206) INFO: no hypothesis. Finish decoding.
2018-07-11 13:15:55,671 (e2e_asr_attctc_th:2217) INFO: total log probability: -8.32935151737
2018-07-11 13:15:55,671 (e2e_asr_attctc_th:2218) INFO: normalized log probability: -0.462741750965
2018-07-11 13:15:55,671 (asr_pytorch:468) INFO: groundtruth[1501-1_spk_1501_1_026874-027157]: 咋亭鄔旅俊迫杖尖姚尻唪津葛迫閊希
2018-07-11 13:15:55,672 (asr_pytorch:469) INFO: prediction [1501-1_spk_1501_1_026874-027157]: 咁你都方便翻你小姐就唔使落翻唔知<eos>
2018-07-11 13:15:55,679 (e2e_asr_attctc_th:2977) INFO: BLSTMP input lengths: [198]
2018-07-11 13:15:55,940 (e2e_asr_attctc_th:2067) INFO: input lengths: 50
2018-07-11 13:15:55,940 (e2e_asr_attctc_th:2091) INFO: max output length: 50
2018-07-11 13:15:55,941 (e2e_asr_attctc_th:2092) INFO: min output length: 0
2018-07-11 13:15:57,385 (e2e_asr_attctc_th:2199) INFO: end detected at 18
2018-07-11 13:15:57,385 (e2e_asr_attctc_th:2217) INFO: total log probability: -17.8660648465
2018-07-11 13:15:57,385 (e2e_asr_attctc_th:2218) INFO: normalized log probability: -1.48883873721
2018-07-11 13:15:57,386 (asr_pytorch:468) INFO: groundtruth[12_spk_12_047687-047887]: 挖祈且嗷倔~5WSRI屈
2018-07-11 13:15:57,386 (asr_pytorch:469) INFO: prediction [12_spk_12_047687-047887]: 錶示上屋過好UP五通<eos>
2018-07-11 13:15:57,394 (e2e_asr_attctc_th:2977) INFO: BLSTMP input lengths: [316]
2018-07-11 13:15:57,861 (e2e_asr_attctc_th:2067) INFO: input lengths: 79
2018-07-11 13:15:57,862 (e2e_asr_attctc_th:2091) INFO: max output length: 79
2018-07-11 13:15:57,862 (e2e_asr_attctc_th:2092) INFO: min output length: 0
2018-07-11 13:15:59,618 (e2e_asr_attctc_th:2199) INFO: end detected at 18
2018-07-11 13:15:59,618 (e2e_asr_attctc_th:2217) INFO: total log probability: -6.43654434476
2018-07-11 13:15:59,618 (e2e_asr_attctc_th:2218) INFO: normalized log probability: -0.459753167483
2018-07-11 13:15:59,619 (asr_pytorch:468) INFO: groundtruth[1502-2_spk_1502_2_070280-070598]: 咋戛尻晝尤尤戛可吔井尻
2018-07-11 13:15:59,619 (asr_pytorch:469) INFO: prediction [1502-2_spk_1502_2_070280-070598]: 咁我就硬選小我叫從事就<SPK/><eos>
2018-07-11 13:15:59,627 (e2e_asr_attctc_th:2977) INFO: BLSTMP input lengths: [93]
2018-07-11 13:15:59,767 (e2e_asr_attctc_th:2067) INFO: input lengths: 24
2018-07-11 13:15:59,767 (e2e_asr_attctc_th:2091) INFO: max output length: 24
2018-07-11 13:15:59,767 (e2e_asr_attctc_th:2092) INFO: min output length: 0
2018-07-11 13:16:00,648 (e2e_asr_attctc_th:2199) INFO: end detected at 12
2018-07-11 13:16:00,648 (e2e_asr_attctc_th:2217) INFO: total log probability: -2.30906353891
2018-07-11 13:16:00,648 (e2e_asr_attctc_th:2218) INFO: normalized log probability: -0.329866219844
2018-07-11 13:16:00,649 (asr_pytorch:468) INFO: groundtruth[1502-2_spk_1502_2_084208-084303]: 盾掩GEPP迫戛
2018-07-11 13:16:00,650 (asr_pytorch:469) INFO: prediction [1502-2_spk_1502_2_084208-084303]: 直接拖翻咯<eos>
2018-07-11 13:16:00,664 (e2e_asr_attctc_th:2977) INFO: BLSTMP input lengths: [86]
2018-07-11 13:16:00,913 (e2e_asr_attctc_th:2067) INFO: input lengths: 22
2018-07-11 13:16:00,913 (e2e_asr_attctc_th:2091) INFO: max output length: 22
2018-07-11 13:16:00,913 (e2e_asr_attctc_th:2092) INFO: min output length: 0
2018-07-11 13:16:02,386 (e2e_asr_attctc_th:2199) INFO: end detected at 15
2018-07-11 13:16:02,386 (e2e_asr_attctc_th:2217) INFO: total log probability: -4.76708558761
2018-07-11 13:16:02,386 (e2e_asr_attctc_th:2218) INFO: normalized log probability: -0.529676176401
2018-07-11 13:16:02,388 (asr_pytorch:468) INFO: groundtruth[4_spk_4_020700-020788]: 哭俏呈耗<unk>佬咱
2018-07-11 13:16:02,388 (asr_pytorch:469) INFO: prediction [4_spk_4_020700-020788]: 哦係啊而傢你唔<eos>
2018-07-11 13:16:02,405 (e2e_asr_attctc_th:2977) INFO: BLSTMP input lengths: [147]
2018-07-11 13:16:02,767 (e2e_asr_attctc_th:2067) INFO: input lengths: 37
2018-07-11 13:16:02,768 (e2e_asr_attctc_th:2091) INFO: max output length: 37
2018-07-11 13:16:02,768 (e2e_asr_attctc_th:2092) INFO: min output length: 0
2018-07-11 13:16:04,680 (e2e_asr_attctc_th:2199) INFO: end detected at 18
2018-07-11 13:16:04,681 (e2e_asr_attctc_th:2217) INFO: total log probability: -6.21251112607
2018-07-11 13:16:04,681 (e2e_asr_attctc_th:2218) INFO: normalized log probability: -0.477885471236
2018-07-11 13:16:04,683 (asr_pytorch:468) INFO: groundtruth[1502-2_spk_1502_2_070017-070166]: SO嘍冏啞顔嘍呯倔鐲斌
2018-07-11 13:16:04,683 (asr_pytorch:469) INFO: prediction [1502-2_spk_1502_2_070017-070166]: OK嘅冇問題嘅呢種鐘數<eos>
2018-07-11 13:16:04,697 (e2e_asr_attctc_th:2977) INFO: BLSTMP input lengths: [236]
2018-07-11 13:16:05,225 (e2e_asr_attctc_th:2067) INFO: input lengths: 59
2018-07-11 13:16:05,225 (e2e_asr_attctc_th:2091) INFO: max output length: 59
2018-07-11 13:16:05,225 (e2e_asr_attctc_th:2092) INFO: min output length: 0
2018-07-11 13:16:08,047 (e2e_asr_attctc_th:2199) INFO: end detected at 23
2018-07-11 13:16:08,048 (e2e_asr_attctc_th:2217) INFO: total log probability: -11.6921066889
2018-07-11 13:16:08,048 (e2e_asr_attctc_th:2218) INFO: normalized log probability: -0.730756668054
2018-07-11 13:16:08,050 (asr_pytorch:468) INFO: groundtruth[3_spk_3_056032-056270]: 卿俏妍枱戛侶<unk>朵吔佬籌紋嘢咋
2018-07-11 13:16:08,050 (asr_pytorch:469) INFO: prediction [3_spk_3_056032-056270]: 即係如果我依傢記住嘅簽名啊嘛<eos>
2018-07-11 13:16:08,063 (e2e_asr_attctc_th:2977) INFO: BLSTMP input lengths: [57]
2018-07-11 13:16:08,211 (e2e_asr_attctc_th:2067) INFO: input lengths: 15
2018-07-11 13:16:08,211 (e2e_asr_attctc_th:2091) INFO: max output length: 15
2018-07-11 13:16:08,211 (e2e_asr_attctc_th:2092) INFO: min output length: 0
2018-07-11 13:16:08,664 (e2e_asr_attctc_th:2199) INFO: end detected at 7
2018-07-11 13:16:08,664 (e2e_asr_attctc_th:2217) INFO: total log probability: -0.213584978133
2018-07-11 13:16:08,664 (e2e_asr_attctc_th:2218) INFO: normalized log probability: -0.0711949927111
2018-07-11 13:16:08,665 (asr_pytorch:468) INFO: groundtruth[1502-2_spk_1502_2_019933-019992]: 哭
2018-07-11 13:16:08,665 (asr_pytorch:469) INFO: prediction [1502-2_spk_1502_2_019933-019992]: 哦<eos>
2018-07-11 13:16:08,678 (e2e_asr_attctc_th:2977) INFO: BLSTMP input lengths: [96]
2018-07-11 13:16:08,877 (e2e_asr_attctc_th:2067) INFO: input lengths: 24
2018-07-11 13:16:08,878 (e2e_asr_attctc_th:2091) INFO: max output length: 24
2018-07-11 13:16:08,878 (e2e_asr_attctc_th:2092) INFO: min output length: 0
2018-07-11 13:16:10,093 (e2e_asr_attctc_th:2199) INFO: end detected at 12
2018-07-11 13:16:10,094 (e2e_asr_attctc_th:2217) INFO: total log probability: -0.229878677987
2018-07-11 13:16:10,094 (e2e_asr_attctc_th:2218) INFO: normalized log probability: -0.0287348347483
2018-07-11 13:16:10,095 (asr_pytorch:468) INFO: groundtruth[1502-1_spk_1502_1_025660-025758]: 咋住俏妍枱佬
2018-07-11 13:16:10,095 (asr_pytorch:469) INFO: prediction [1502-1_spk_1502_1_025660-025758]: 咁但係如果你<eos>
2018-07-11 13:16:10,111 (e2e_asr_attctc_th:2977) INFO: BLSTMP input lengths: [195]
2018-07-11 13:16:10,618 (e2e_asr_attctc_th:2067) INFO: input lengths: 49
2018-07-11 13:16:10,619 (e2e_asr_attctc_th:2091) INFO: max output length: 49
2018-07-11 13:16:10,620 (e2e_asr_attctc_th:2092) INFO: min output length: 0
2018-07-11 13:16:13,110 (e2e_asr_attctc_th:2199) INFO: end detected at 20
2018-07-11 13:16:13,110 (e2e_asr_attctc_th:2217) INFO: total log probability: -4.67117105238
2018-07-11 13:16:13,111 (e2e_asr_attctc_th:2218) INFO: normalized log probability: -0.311411403492
2018-07-11 13:16:13,112 (asr_pytorch:468) INFO: groundtruth[3_spk_3_062250-062447]: 哲倔俏倍畸倔俯忐佬卿俏筐佬朕
2018-07-11 13:16:13,112 (asr_pytorch:469) INFO: prediction [3_spk_3_062250-062447]: 呢個係比多信心你即係等你有<eos>
2018-07-11 13:16:13,127 (e2e_asr_attctc_th:2977) INFO: BLSTMP input lengths: [300]
2018-07-11 13:16:13,787 (e2e_asr_attctc_th:2067) INFO: input lengths: 75
2018-07-11 13:16:13,788 (e2e_asr_attctc_th:2091) INFO: max output length: 75
2018-07-11 13:16:13,788 (e2e_asr_attctc_th:2092) INFO: min output length: 0
2018-07-11 13:16:18,617 (e2e_asr_attctc_th:2199) INFO: end detected at 31
2018-07-11 13:16:18,618 (e2e_asr_attctc_th:2217) INFO: total log probability: -17.9661532957
2018-07-11 13:16:18,618 (e2e_asr_attctc_th:2218) INFO: normalized log probability: -0.718646131828
2018-07-11 13:16:18,619 (asr_pytorch:468) INFO: groundtruth[9_spk_9_065813-066115]: 咋嘍誅呯咋磊寫戛鄔昕皅司脇且唪刺綺服毯輓唪旅俊嘍
2018-07-11 13:16:18,620 (asr_pytorch:469) INFO: prediction [9_spk_9_065813-066115]: 唔係話嘞咁誇實我都文白可能就咁諗我比較唔方便噶<eos>
2018-07-11 13:16:18,635 (e2e_asr_attctc_th:2977) INFO: BLSTMP input lengths: [158]
2018-07-11 13:16:18,996 (e2e_asr_attctc_th:2067) INFO: input lengths: 40
2018-07-11 13:16:18,997 (e2e_asr_attctc_th:2091) INFO: max output length: 40
2018-07-11 13:16:18,997 (e2e_asr_attctc_th:2092) INFO: min output length: 0
2018-07-11 13:16:20,437 (e2e_asr_attctc_th:2199) INFO: end detected at 17
2018-07-11 13:16:20,437 (e2e_asr_attctc_th:2217) INFO: total log probability: -8.56827633828
2018-07-11 13:16:20,438 (e2e_asr_attctc_th:2218) INFO: normalized log probability: -0.778934212571
2018-07-11 13:16:20,438 (asr_pytorch:468) INFO: groundtruth[1502-1_spk_1502_1_035248-035408]: B唪俏啵而而寫謬
2018-07-11 13:16:20,439 (asr_pytorch:469) INFO: prediction [1502-1_spk_1502_1_035248-035408]: 唔係即係冇得老豆講<eos>
2018-07-11 13:16:20,447 (e2e_asr_attctc_th:2977) INFO: BLSTMP input lengths: [210]
2018-07-11 13:16:20,737 (e2e_asr_attctc_th:2067) INFO: input lengths: 53
2018-07-11 13:16:20,738 (e2e_asr_attctc_th:2091) INFO: max output length: 53
2018-07-11 13:16:20,738 (e2e_asr_attctc_th:2092) INFO: min output length: 0
2018-07-11 13:16:22,619 (e2e_asr_attctc_th:2199) INFO: end detected at 18
2018-07-11 13:16:22,619 (e2e_asr_attctc_th:2217) INFO: total log probability: -16.1394246889
2018-07-11 13:16:22,619 (e2e_asr_attctc_th:2218) INFO: normalized log probability: -1.24149420684
2018-07-11 13:16:22,621 (asr_pytorch:468) INFO: groundtruth[12_spk_12_034654-034866]: 囹烕10濛嗷倔TPER嘍誅呯
2018-07-11 13:16:22,621 (asr_pytorch:469) INFO: prediction [12_spk_12_034654-034866]: 黑十點十六PAM又話呢<eos>
2018-07-11 13:16:22,637 (e2e_asr_attctc_th:2977) INFO: BLSTMP input lengths: [428]
2018-07-11 13:16:23,571 (e2e_asr_attctc_th:2067) INFO: input lengths: 107
2018-07-11 13:16:23,572 (e2e_asr_attctc_th:2091) INFO: max output length: 107
2018-07-11 13:16:23,572 (e2e_asr_attctc_th:2092) INFO: min output length: 0
2018-07-11 13:16:30,483 (e2e_asr_attctc_th:2199) INFO: end detected at 37
2018-07-11 13:16:30,483 (e2e_asr_attctc_th:2217) INFO: total log probability: -39.7624156228
2018-07-11 13:16:30,483 (e2e_asr_attctc_th:2218) INFO: normalized log probability: -1.28265856848
2018-07-11 13:16:30,484 (asr_pytorch:468) INFO: groundtruth[8_spk_8_082452-082882]: 卿俏司脇服觀軀且三且假尖姚佬手謬嘍喵佑啯叄吔佬側三齡側倔檳渵
2018-07-11 13:16:30,485 (asr_pytorch:469) INFO: prediction [8_spk_8_082452-082882]: 再受唔會真心想上上小嘅時候我係咪生米啦我同你做一齊做我見餐<eos>
2018-07-11 13:16:30,499 (e2e_asr_attctc_th:2977) INFO: BLSTMP input lengths: [133]
2018-07-11 13:16:30,720 (e2e_asr_attctc_th:2067) INFO: input lengths: 34
2018-07-11 13:16:30,720 (e2e_asr_attctc_th:2091) INFO: max output length: 34
2018-07-11 13:16:30,720 (e2e_asr_attctc_th:2092) INFO: min output length: 0
2018-07-11 13:16:31,720 (e2e_asr_attctc_th:2199) INFO: end detected at 11
2018-07-11 13:16:31,721 (e2e_asr_attctc_th:2217) INFO: total log probability: -4.82021969184
2018-07-11 13:16:31,721 (e2e_asr_attctc_th:2218) INFO: normalized log probability: -0.80336994864
2018-07-11 13:16:31,722 (asr_pytorch:468) INFO: groundtruth[3_spk_3_010387-010522]: 俏啯256
2018-07-11 13:16:31,723 (asr_pytorch:469) INFO: prediction [3_spk_3_010387-010522]: 係啦五樂<eos>
2018-07-11 13:16:31,739 (e2e_asr_attctc_th:2977) INFO: BLSTMP input lengths: [382]
2018-07-11 13:16:32,455 (e2e_asr_attctc_th:2067) INFO: input lengths: 96
2018-07-11 13:16:32,456 (e2e_asr_attctc_th:2091) INFO: max output length: 96
2018-07-11 13:16:32,456 (e2e_asr_attctc_th:2092) INFO: min output length: 0
2018-07-11 13:16:35,389 (e2e_asr_attctc_th:2206) INFO: no hypothesis. Finish decoding.
2018-07-11 13:16:35,390 (e2e_asr_attctc_th:2217) INFO: total log probability: -19.6673716418
2018-07-11 13:16:35,390 (e2e_asr_attctc_th:2218) INFO: normalized log probability: -1.09263175788
2018-07-11 13:16:35,391 (asr_pytorch:468) INFO: groundtruth[9_spk_9_057651-058035]: 朋B戡耐乸灼戡耐淹汀埢岍序黴鐲㨃
2018-07-11 13:16:35,391 (asr_pytorch:469) INFO: prediction [9_spk_9_057651-058035]: 最啊暈者狗翻我係瞓水補翻嘅點鐘噶<eos>
2018-07-11 13:16:35,405 (e2e_asr_attctc_th:2977) INFO: BLSTMP input lengths: [198]
2018-07-11 13:16:35,822 (e2e_asr_attctc_th:2067) INFO: input lengths: 50
2018-07-11 13:16:35,823 (e2e_asr_attctc_th:2091) INFO: max output length: 50
2018-07-11 13:16:35,823 (e2e_asr_attctc_th:2092) INFO: min output length: 0
2018-07-11 13:16:37,629 (e2e_asr_attctc_th:2199) INFO: end detected at 15
2018-07-11 13:16:37,629 (e2e_asr_attctc_th:2217) INFO: total log probability: -3.75828945776
2018-07-11 13:16:37,629 (e2e_asr_attctc_th:2218) INFO: normalized log probability: -0.341662677979
2018-07-11 13:16:37,631 (asr_pytorch:468) INFO: groundtruth[1505-1_spk_1505_1_012915-013115]: 俏司件叄刺45K
2018-07-11 13:16:37,631 (asr_pytorch:469) INFO: prediction [1505-1_spk_1505_1_012915-013115]: 係可以去讀四點唔知<eos>
2018-07-11 13:16:37,645 (e2e_asr_attctc_th:2977) INFO: BLSTMP input lengths: [270]
2018-07-11 13:16:38,185 (e2e_asr_attctc_th:2067) INFO: input lengths: 68
2018-07-11 13:16:38,185 (e2e_asr_attctc_th:2091) INFO: max output length: 68
2018-07-11 13:16:38,185 (e2e_asr_attctc_th:2092) INFO: min output length: 0
2018-07-11 13:16:40,156 (e2e_asr_attctc_th:2206) INFO: no hypothesis. Finish decoding.
2018-07-11 13:16:40,156 (e2e_asr_attctc_th:2217) INFO: total log probability: -7.5903448048
2018-07-11 13:16:40,156 (e2e_asr_attctc_th:2218) INFO: normalized log probability: -0.506022986987
2018-07-11 13:16:40,157 (asr_pytorch:468) INFO: groundtruth[1501-1_spk_1501_1_019795-020067]: 妍枱拎匆幺坑尻鄔俏乸式序蚧囖
2018-07-11 13:16:40,157 (asr_pytorch:469) INFO: prediction [1501-1_spk_1501_1_019795-020067]: 我拉雲平均酒都係走啊幾蚊咯<eos>
2018-07-11 13:16:40,165 (e2e_asr_attctc_th:2977) INFO: BLSTMP input lengths: [319]
2018-07-11 13:16:40,800 (e2e_asr_attctc_th:2067) INFO: input lengths: 80
2018-07-11 13:16:40,800 (e2e_asr_attctc_th:2091) INFO: max output length: 80
2018-07-11 13:16:40,800 (e2e_asr_attctc_th:2092) INFO: min output length: 0
2018-07-11 13:16:44,208 (e2e_asr_attctc_th:2199) INFO: end detected at 27
2018-07-11 13:16:44,208 (e2e_asr_attctc_th:2217) INFO: total log probability: -18.7377574444
2018-07-11 13:16:44,209 (e2e_asr_attctc_th:2218) INFO: normalized log probability: -0.986197760231
2018-07-11 13:16:44,210 (asr_pytorch:468) INFO: groundtruth[1503-1_spk_1503_1_092860-093181]: 俏啯106蚧六化尻三幻GSRXVEGX柎姚
2018-07-11 13:16:44,211 (asr_pytorch:469) INFO: prediction [1503-1_spk_1503_1_092860-093181]: 係啦一百嚟六蚊全包就一年COL其實<eos>
2018-07-11 13:16:44,222 (e2e_asr_attctc_th:2977) INFO: BLSTMP input lengths: [198]
2018-07-11 13:16:44,519 (e2e_asr_attctc_th:2067) INFO: input lengths: 50
2018-07-11 13:16:44,520 (e2e_asr_attctc_th:2091) INFO: max output length: 50
2018-07-11 13:16:44,520 (e2e_asr_attctc_th:2092) INFO: min output length: 0
2018-07-11 13:16:45,598 (e2e_asr_attctc_th:2199) INFO: end detected at 14
2018-07-11 13:16:45,598 (e2e_asr_attctc_th:2217) INFO: total log probability: -8.40669628233
2018-07-11 13:16:45,598 (e2e_asr_attctc_th:2218) INFO: normalized log probability: -0.934077364703
2018-07-11 13:16:45,599 (asr_pytorch:468) INFO: groundtruth[12_spk_12_053426-053626]: 佬肇旬見由俏咱
2018-07-11 13:16:45,599 (asr_pytorch:469) INFO: prediction [12_spk_12_053426-053626]: 誒佢仲有用啊買<eos>
2018-07-11 13:16:45,613 (e2e_asr_attctc_th:2977) INFO: BLSTMP input lengths: [189]
2018-07-11 13:16:45,999 (e2e_asr_attctc_th:2067) INFO: input lengths: 48
2018-07-11 13:16:45,999 (e2e_asr_attctc_th:2091) INFO: max output length: 48
2018-07-11 13:16:45,999 (e2e_asr_attctc_th:2092) INFO: min output length: 0
2018-07-11 13:16:47,736 (e2e_asr_attctc_th:2199) INFO: end detected at 17
2018-07-11 13:16:47,736 (e2e_asr_attctc_th:2217) INFO: total log probability: -6.45467778668
2018-07-11 13:16:47,736 (e2e_asr_attctc_th:2218) INFO: normalized log probability: -0.645467778668
2018-07-11 13:16:47,738 (asr_pytorch:468) INFO: groundtruth[12_spk_12_073156-073347]: 見黴樺桀少嗷啼唪侈喋俏嘢
2018-07-11 13:16:47,738 (asr_pytorch:469) INFO: prediction [12_spk_12_073156-073347]: 要咩啊佢嗰啲唔俾<eos>
2018-07-11 13:16:47,753 (e2e_asr_attctc_th:2977) INFO: BLSTMP input lengths: [246]
2018-07-11 13:16:48,274 (e2e_asr_attctc_th:2067) INFO: input lengths: 62
2018-07-11 13:16:48,274 (e2e_asr_attctc_th:2091) INFO: max output length: 62
2018-07-11 13:16:48,275 (e2e_asr_attctc_th:2092) INFO: min output length: 0
2018-07-11 13:16:50,387 (e2e_asr_attctc_th:2199) INFO: end detected at 17
2018-07-11 13:16:50,387 (e2e_asr_attctc_th:2217) INFO: total log probability: -5.92373107374
2018-07-11 13:16:50,388 (e2e_asr_attctc_th:2218) INFO: normalized log probability: -0.493644256145
2018-07-11 13:16:50,388 (asr_pytorch:468) INFO: groundtruth[1502-1_spk_1502_1_022683-022931]: 住俏佬佬耗<unk>俏頻三幻兒逆
2018-07-11 13:16:50,388 (asr_pytorch:469) INFO: prediction [1502-1_spk_1502_1_022683-022931]: 誒你而傢係跑一年先講<eos>
2018-07-11 13:16:50,396 (e2e_asr_attctc_th:2977) INFO: BLSTMP input lengths: [110]
2018-07-11 13:16:50,575 (e2e_asr_attctc_th:2067) INFO: input lengths: 28
2018-07-11 13:16:50,576 (e2e_asr_attctc_th:2091) INFO: max output length: 28
2018-07-11 13:16:50,576 (e2e_asr_attctc_th:2092) INFO: min output length: 0
2018-07-11 13:16:51,798 (e2e_asr_attctc_th:2199) INFO: end detected at 14
2018-07-11 13:16:51,798 (e2e_asr_attctc_th:2217) INFO: total log probability: -7.3711706847
2018-07-11 13:16:51,798 (e2e_asr_attctc_th:2218) INFO: normalized log probability: -0.921396335587
2018-07-11 13:16:51,800 (asr_pytorch:468) INFO: groundtruth[4_spk_4_023119-023231]: EGGSYRX卿俏咯嚦㨃
2018-07-11 13:16:51,800 (asr_pytorch:469) INFO: prediction [4_spk_4_023119-023231]: 阿派啲咩嚟啊<eos>
2018-07-11 13:16:51,814 (e2e_asr_attctc_th:2977) INFO: BLSTMP input lengths: [208]
2018-07-11 13:16:52,240 (e2e_asr_attctc_th:2067) INFO: input lengths: 52
2018-07-11 13:16:52,240 (e2e_asr_attctc_th:2091) INFO: max output length: 52
2018-07-11 13:16:52,240 (e2e_asr_attctc_th:2092) INFO: min output length: 0
2018-07-11 13:16:54,093 (e2e_asr_attctc_th:2199) INFO: end detected at 16
2018-07-11 13:16:54,093 (e2e_asr_attctc_th:2217) INFO: total log probability: -4.67100445926
2018-07-11 13:16:54,093 (e2e_asr_attctc_th:2218) INFO: normalized log probability: -0.424636769024
2018-07-11 13:16:54,094 (asr_pytorch:468) INFO: groundtruth[1504-2_spk_1504_2_086748-086958]: 眯俏呯啼釗唪妊搭啯
2018-07-11 13:16:54,094 (asr_pytorch:469) INFO: prediction [1504-2_spk_1504_2_086748-086958]: 即係呢啲嘢唔好搞啊<eos>
2018-07-11 13:16:54,102 (e2e_asr_attctc_th:2977) INFO: BLSTMP input lengths: [198]
2018-07-11 13:16:54,372 (e2e_asr_attctc_th:2067) INFO: input lengths: 50
2018-07-11 13:16:54,373 (e2e_asr_attctc_th:2091) INFO: max output length: 50
2018-07-11 13:16:54,373 (e2e_asr_attctc_th:2092) INFO: min output length: 0
2018-07-11 13:16:55,722 (e2e_asr_attctc_th:2199) INFO: end detected at 18
2018-07-11 13:16:55,722 (e2e_asr_attctc_th:2217) INFO: total log probability: -12.8925129771
2018-07-11 13:16:55,722 (e2e_asr_attctc_th:2218) INFO: normalized log probability: -1.28925129771
2018-07-11 13:16:55,723 (asr_pytorch:468) INFO: groundtruth[12_spk_12_000517-000717]: QSRI~嘍姥味
2018-07-11 13:16:55,723 (asr_pytorch:469) INFO: prediction [12_spk_12_000517-000717]: 媽咪嘢你DEL會<eos>
2018-07-11 13:16:55,731 (e2e_asr_attctc_th:2977) INFO: BLSTMP input lengths: [183]
2018-07-11 13:16:55,974 (e2e_asr_attctc_th:2067) INFO: input lengths: 46
2018-07-11 13:16:55,975 (e2e_asr_attctc_th:2091) INFO: max output length: 46
2018-07-11 13:16:55,975 (e2e_asr_attctc_th:2092) INFO: min output length: 0
2018-07-11 13:16:57,183 (e2e_asr_attctc_th:2199) INFO: end detected at 15
2018-07-11 13:16:57,183 (e2e_asr_attctc_th:2217) INFO: total log probability: -14.495229464
2018-07-11 13:16:57,183 (e2e_asr_attctc_th:2218) INFO: normalized log probability: -1.4495229464
2018-07-11 13:16:57,184 (asr_pytorch:468) INFO: groundtruth[8_spk_8_037602-037787]: 丐呈丐樟丐呈丐樟
2018-07-11 13:16:57,184 (asr_pytorch:469) INFO: prediction [8_spk_8_037602-037787]: <SPK/>上網啊細嗰陣咪<eos>
2018-07-11 13:16:57,192 (e2e_asr_attctc_th:2977) INFO: BLSTMP input lengths: [245]
2018-07-11 13:16:57,593 (e2e_asr_attctc_th:2067) INFO: input lengths: 62
2018-07-11 13:16:57,593 (e2e_asr_attctc_th:2091) INFO: max output length: 62
2018-07-11 13:16:57,593 (e2e_asr_attctc_th:2092) INFO: min output length: 0
2018-07-11 13:16:58,944 (e2e_asr_attctc_th:2206) INFO: no hypothesis. Finish decoding.
2018-07-11 13:16:58,945 (e2e_asr_attctc_th:2217) INFO: total log probability: -9.22123857588
2018-07-11 13:16:58,945 (e2e_asr_attctc_th:2218) INFO: normalized log probability: -0.658659898277
2018-07-11 13:16:58,945 (asr_pytorch:468) INFO: groundtruth[1502-2_spk_1502_2_090087-090334]: 俏唪服朕甩用倔離<unk>放賀嘍
2018-07-11 13:16:58,945 (asr_pytorch:469) INFO: prediction [1502-2_spk_1502_2_090087-090334]: 係唔會有產生個商場收費嘅<eos>
2018-07-11 13:16:58,954 (e2e_asr_attctc_th:2977) INFO: BLSTMP input lengths: [380]
2018-07-11 13:16:59,440 (e2e_asr_attctc_th:2067) INFO: input lengths: 95
2018-07-11 13:16:59,440 (e2e_asr_attctc_th:2091) INFO: max output length: 95
2018-07-11 13:16:59,440 (e2e_asr_attctc_th:2092) INFO: min output length: 0
2018-07-11 13:17:02,551 (e2e_asr_attctc_th:2199) INFO: end detected at 29
2018-07-11 13:17:02,551 (e2e_asr_attctc_th:2217) INFO: total log probability: -17.2353202682
2018-07-11 13:17:02,551 (e2e_asr_attctc_th:2218) INFO: normalized log probability: -0.718138344508
2018-07-11 13:17:02,552 (asr_pytorch:468) INFO: groundtruth[1503-1_spk_1503_1_034912-035294]: 冏鍋戛址服臺勞幹佬偵差倔且綺望募俏服由唪刺
2018-07-11 13:17:02,552 (asr_pytorch:469) INFO: prediction [1503-1_spk_1503_1_034912-035294]: 就好彩我哋會自覺當你停咗個上個服學係會有唔到<eos>
2018-07-11 13:17:02,559 (e2e_asr_attctc_th:2977) INFO: BLSTMP input lengths: [85]
2018-07-11 13:17:02,679 (e2e_asr_attctc_th:2067) INFO: input lengths: 22
2018-07-11 13:17:02,679 (e2e_asr_attctc_th:2091) INFO: max output length: 22
2018-07-11 13:17:02,680 (e2e_asr_attctc_th:2092) INFO: min output length: 0
2018-07-11 13:17:03,146 (e2e_asr_attctc_th:2199) INFO: end detected at 9
2018-07-11 13:17:03,146 (e2e_asr_attctc_th:2217) INFO: total log probability: -2.27407316118
2018-07-11 13:17:03,146 (e2e_asr_attctc_th:2218) INFO: normalized log probability: -0.454814632237
2018-07-11 13:17:03,147 (asr_pytorch:468) INFO: groundtruth[1501-1_spk_1501_1_039778-039865]: 夭域
2018-07-11 13:17:03,147 (asr_pytorch:469) INFO: prediction [1501-1_spk_1501_1_039778-039865]: 但係高<eos>
2018-07-11 13:17:03,157 (e2e_asr_attctc_th:2977) INFO: BLSTMP input lengths: [608]
2018-07-11 13:17:03,952 (e2e_asr_attctc_th:2067) INFO: input lengths: 152
2018-07-11 13:17:03,953 (e2e_asr_attctc_th:2091) INFO: max output length: 152
2018-07-11 13:17:03,953 (e2e_asr_attctc_th:2092) INFO: min output length: 0
2018-07-11 13:17:08,665 (e2e_asr_attctc_th:2206) INFO: no hypothesis. Finish decoding.
2018-07-11 13:17:08,665 (e2e_asr_attctc_th:2217) INFO: total log probability: -19.1600489612
2018-07-11 13:17:08,665 (e2e_asr_attctc_th:2218) INFO: normalized log probability: -0.618066095522
2018-07-11 13:17:08,666 (asr_pytorch:468) INFO: groundtruth[1505-1_spk_1505_1_019682-020292]: 咋佰倔三倔B窒逗恃啯産臼乖誅綺絨旨三啼掩放旅<unk>尻服忽妊夥
2018-07-11 13:17:08,666 (asr_pytorch:469) INFO: prediction [1505-1_spk_1505_1_019682-020292]: 咁佢個一個誒穿頭性啦尋至同埋網絡記一支住翻方麵呢就好快好多<eos>
2018-07-11 13:17:08,674 (e2e_asr_attctc_th:2977) INFO: BLSTMP input lengths: [274]
2018-07-11 13:17:09,028 (e2e_asr_attctc_th:2067) INFO: input lengths: 69
2018-07-11 13:17:09,028 (e2e_asr_attctc_th:2091) INFO: max output length: 69
2018-07-11 13:17:09,028 (e2e_asr_attctc_th:2092) INFO: min output length: 0
2018-07-11 13:17:10,514 (e2e_asr_attctc_th:2206) INFO: no hypothesis. Finish decoding.
2018-07-11 13:17:10,514 (e2e_asr_attctc_th:2217) INFO: total log probability: -15.2074299818
2018-07-11 13:17:10,514 (e2e_asr_attctc_th:2218) INFO: normalized log probability: -1.01382866545
2018-07-11 13:17:10,515 (asr_pytorch:468) INFO: groundtruth[1502-1_spk_1502_1_034825-035101]: B兵KF嘍TPER冀寫戛尻冏乳舐趷㨃啯
2018-07-11 13:17:10,515 (asr_pytorch:469) INFO: prediction [1502-1_spk_1502_1_034825-035101]: 誒六亦係咩你就覺得怪吹噶啦<eos>
2018-07-11 13:17:10,523 (e2e_asr_attctc_th:2977) INFO: BLSTMP input lengths: [376]
2018-07-11 13:17:11,054 (e2e_asr_attctc_th:2067) INFO: input lengths: 94
2018-07-11 13:17:11,055 (e2e_asr_attctc_th:2091) INFO: max output length: 94
2018-07-11 13:17:11,055 (e2e_asr_attctc_th:2092) INFO: min output length: 0
2018-07-11 13:17:13,717 (e2e_asr_attctc_th:2199) INFO: end detected at 24
2018-07-11 13:17:13,717 (e2e_asr_attctc_th:2217) INFO: total log probability: -12.2887903629
2018-07-11 13:17:13,717 (e2e_asr_attctc_th:2218) INFO: normalized log probability: -0.614439518144
2018-07-11 13:17:13,718 (asr_pytorch:468) INFO: groundtruth[1504-1_spk_1504_1_056108-056486]: 咱尻俏B然院且綺囖朕2000列鐲速誅晏閙
2018-07-11 13:17:13,718 (asr_pytorch:469) INFO: prediction [1504-1_spk_1504_1_056108-056486]: 咪就係誒上網上網咯有兩韆分鐘通話時間<eos>
2018-07-11 13:17:13,727 (e2e_asr_attctc_th:2977) INFO: BLSTMP input lengths: [287]
2018-07-11 13:17:14,104 (e2e_asr_attctc_th:2067) INFO: input lengths: 72
2018-07-11 13:17:14,104 (e2e_asr_attctc_th:2091) INFO: max output length: 72
2018-07-11 13:17:14,104 (e2e_asr_attctc_th:2092) INFO: min output length: 0
2018-07-11 13:17:16,618 (e2e_asr_attctc_th:2199) INFO: end detected at 26
2018-07-11 13:17:16,619 (e2e_asr_attctc_th:2217) INFO: total log probability: -13.9831279777
2018-07-11 13:17:16,619 (e2e_asr_attctc_th:2218) INFO: normalized log probability: -0.635596726259
2018-07-11 13:17:16,620 (asr_pytorch:468) INFO: groundtruth[4_spk_4_068546-068835]: 咋戛戛黴矮耗<unk>臺巷朕然間勞斌擢漳遏呯
2018-07-11 13:17:16,620 (asr_pytorch:469) INFO: prediction [4_spk_4_068546-068835]: 咁講啦我知唔知而傢自己有冇開動到佢問題嘞<eos>
2018-07-11 13:17:16,628 (e2e_asr_attctc_th:2977) INFO: BLSTMP input lengths: [306]
2018-07-11 13:17:17,053 (e2e_asr_attctc_th:2067) INFO: input lengths: 77
2018-07-11 13:17:17,053 (e2e_asr_attctc_th:2091) INFO: max output length: 77
2018-07-11 13:17:17,054 (e2e_asr_attctc_th:2092) INFO: min output length: 0
2018-07-11 13:17:18,281 (e2e_asr_attctc_th:2199) INFO: end detected at 13
2018-07-11 13:17:18,281 (e2e_asr_attctc_th:2217) INFO: total log probability: -2.62526430748
2018-07-11 13:17:18,281 (e2e_asr_attctc_th:2218) INFO: normalized log probability: -0.328158038436
2018-07-11 13:17:18,282 (asr_pytorch:468) INFO: groundtruth[1502-1_spk_1502_1_086672-086980]: B戛嗷倔EGGSYRX呯
2018-07-11 13:17:18,282 (asr_pytorch:469) INFO: prediction [1502-1_spk_1502_1_086672-086980]: 誒我嗰個係啊<eos>
2018-07-11 13:17:18,290 (e2e_asr_attctc_th:2977) INFO: BLSTMP input lengths: [217]
2018-07-11 13:17:18,573 (e2e_asr_attctc_th:2067) INFO: input lengths: 55
2018-07-11 13:17:18,574 (e2e_asr_attctc_th:2091) INFO: max output length: 55
2018-07-11 13:17:18,574 (e2e_asr_attctc_th:2092) INFO: min output length: 0
2018-07-11 13:17:19,359 (e2e_asr_attctc_th:2199) INFO: end detected at 11
2018-07-11 13:17:19,359 (e2e_asr_attctc_th:2217) INFO: total log probability: -0.85770369391
2018-07-11 13:17:19,359 (e2e_asr_attctc_th:2218) INFO: normalized log probability: -0.142950615652
2018-07-11 13:17:19,360 (asr_pytorch:468) INFO: groundtruth[1501-1_spk_1501_1_005798-006017]: 戡耐俏B
2018-07-11 13:17:19,360 (asr_pytorch:469) INFO: prediction [1501-1_spk_1501_1_005798-006017]: 或者係誒<eos>
2018-07-11 13:17:19,369 (e2e_asr_attctc_th:2977) INFO: BLSTMP input lengths: [282]
2018-07-11 13:17:19,728 (e2e_asr_attctc_th:2067) INFO: input lengths: 71
2018-07-11 13:17:19,728 (e2e_asr_attctc_th:2091) INFO: max output length: 71
2018-07-11 13:17:19,728 (e2e_asr_attctc_th:2092) INFO: min output length: 0
2018-07-11 13:17:21,712 (e2e_asr_attctc_th:2206) INFO: no hypothesis. Finish decoding.
2018-07-11 13:17:21,712 (e2e_asr_attctc_th:2217) INFO: total log probability: -14.4072266687
2018-07-11 13:17:21,712 (e2e_asr_attctc_th:2218) INFO: normalized log probability: -0.720361333434
2018-07-11 13:17:21,713 (asr_pytorch:468) INFO: groundtruth[1504-1_spk_1504_1_086026-086310]: 佬誅6朔用敖戡耐78用敖鄔SO司件柎
2018-07-11 13:17:21,713 (asr_pytorch:469) INFO: prediction [1504-1_spk_1504_1_086026-086310]: 佢話六月生下我食大二生啊都好奇可以噶<eos>
2018-07-11 13:17:21,721 (e2e_asr_attctc_th:2977) INFO: BLSTMP input lengths: [288]
2018-07-11 13:17:22,095 (e2e_asr_attctc_th:2067) INFO: input lengths: 72
2018-07-11 13:17:22,095 (e2e_asr_attctc_th:2091) INFO: max output length: 72
2018-07-11 13:17:22,096 (e2e_asr_attctc_th:2092) INFO: min output length: 0
2018-07-11 13:17:24,269 (e2e_asr_attctc_th:2199) INFO: end detected at 24
2018-07-11 13:17:24,269 (e2e_asr_attctc_th:2217) INFO: total log probability: -9.46614855528
2018-07-11 13:17:24,269 (e2e_asr_attctc_th:2218) INFO: normalized log probability: -0.498218345015
2018-07-11 13:17:24,270 (asr_pytorch:468) INFO: groundtruth[3_spk_3_015132-015422]: 朕伊作震見啯司件隸晏扚畸盾緣摁畸戛嘍
2018-07-11 13:17:24,270 (asr_pytorch:469) INFO: prediction [3_spk_3_015132-015422]: 有任何需要啦去隨時打翻直先搵翻我嘅<eos>
2018-07-11 13:17:24,278 (e2e_asr_attctc_th:2977) INFO: BLSTMP input lengths: [233]
2018-07-11 13:17:24,576 (e2e_asr_attctc_th:2067) INFO: input lengths: 59
2018-07-11 13:17:24,576 (e2e_asr_attctc_th:2091) INFO: max output length: 59
2018-07-11 13:17:24,576 (e2e_asr_attctc_th:2092) INFO: min output length: 0
2018-07-11 13:17:26,277 (e2e_asr_attctc_th:2199) INFO: end detected at 20
2018-07-11 13:17:26,277 (e2e_asr_attctc_th:2217) INFO: total log probability: -15.2098406032
2018-07-11 13:17:26,277 (e2e_asr_attctc_th:2218) INFO: normalized log probability: -1.08641718594
2018-07-11 13:17:26,278 (asr_pytorch:468) INFO: groundtruth[12_spk_12_066736-066971]: 服倍曳戛由咋佬俏
2018-07-11 13:17:26,278 (asr_pytorch:469) INFO: prediction [12_spk_12_066736-066971]: 會俾人好有好啊咁你咁實啫<eos>
2018-07-11 13:17:26,286 (e2e_asr_attctc_th:2977) INFO: BLSTMP input lengths: [281]
2018-07-11 13:17:26,659 (e2e_asr_attctc_th:2067) INFO: input lengths: 71
2018-07-11 13:17:26,660 (e2e_asr_attctc_th:2091) INFO: max output length: 71
2018-07-11 13:17:26,660 (e2e_asr_attctc_th:2092) INFO: min output length: 0
2018-07-11 13:17:29,061 (e2e_asr_attctc_th:2199) INFO: end detected at 25
2018-07-11 13:17:29,061 (e2e_asr_attctc_th:2217) INFO: total log probability: -8.79673085769
2018-07-11 13:17:29,061 (e2e_asr_attctc_th:2218) INFO: normalized log probability: -0.418891945604
2018-07-11 13:17:29,062 (asr_pytorch:468) INFO: groundtruth[3_spk_3_052377-052660]: 咋住俏冀寫姓絕佰侶<unk>呯尻節佬叄畸閊希
2018-07-11 13:17:29,062 (asr_pytorch:469) INFO: prediction [3_spk_3_052377-052660]: 咁但係其實始終佢依傢呢就算你又去山門先<eos>
2018-07-11 13:17:29,069 (e2e_asr_attctc_th:2977) INFO: BLSTMP input lengths: [40]
2018-07-11 13:17:29,130 (e2e_asr_attctc_th:2067) INFO: input lengths: 10
2018-07-11 13:17:29,130 (e2e_asr_attctc_th:2091) INFO: max output length: 10
2018-07-11 13:17:29,130 (e2e_asr_attctc_th:2092) INFO: min output length: 0
2018-07-11 13:17:29,454 (e2e_asr_attctc_th:2199) INFO: end detected at 8
2018-07-11 13:17:29,454 (e2e_asr_attctc_th:2217) INFO: total log probability: -0.575976230204
2018-07-11 13:17:29,454 (e2e_asr_attctc_th:2218) INFO: normalized log probability: -0.191992076735
2018-07-11 13:17:29,455 (asr_pytorch:468) INFO: groundtruth[1502-1_spk_1502_1_002188-002230]: 妊
2018-07-11 13:17:29,455 (asr_pytorch:469) INFO: prediction [1502-1_spk_1502_1_002188-002230]: 哦<eos>
2018-07-11 13:17:29,463 (e2e_asr_attctc_th:2977) INFO: BLSTMP input lengths: [86]
2018-07-11 13:17:29,581 (e2e_asr_attctc_th:2067) INFO: input lengths: 22
2018-07-11 13:17:29,581 (e2e_asr_attctc_th:2091) INFO: max output length: 22
2018-07-11 13:17:29,581 (e2e_asr_attctc_th:2092) INFO: min output length: 0
2018-07-11 13:17:29,930 (e2e_asr_attctc_th:2199) INFO: end detected at 8
2018-07-11 13:17:29,930 (e2e_asr_attctc_th:2217) INFO: total log probability: -0.937968164682
2018-07-11 13:17:29,930 (e2e_asr_attctc_th:2218) INFO: normalized log probability: -0.312656054894
2018-07-11 13:17:29,931 (asr_pytorch:468) INFO: groundtruth[1503-2_spk_1503_2_036002-036090]: 哭
2018-07-11 13:17:29,931 (asr_pytorch:469) INFO: prediction [1503-2_spk_1503_2_036002-036090]: 啊<eos>
2018-07-11 13:17:29,940 (e2e_asr_attctc_th:2977) INFO: BLSTMP input lengths: [496]
2018-07-11 13:17:30,596 (e2e_asr_attctc_th:2067) INFO: input lengths: 124
2018-07-11 13:17:30,596 (e2e_asr_attctc_th:2091) INFO: max output length: 124
2018-07-11 13:17:30,596 (e2e_asr_attctc_th:2092) INFO: min output length: 0
2018-07-11 13:17:34,859 (e2e_asr_attctc_th:2199) INFO: end detected at 34
2018-07-11 13:17:34,860 (e2e_asr_attctc_th:2217) INFO: total log probability: -19.7712472184
2018-07-11 13:17:34,860 (e2e_asr_attctc_th:2218) INFO: normalized log probability: -0.681767145461
2018-07-11 13:17:34,860 (asr_pytorch:468) INFO: groundtruth[1504-1_spk_1504_1_074878-075376]: 住俏妍枱俏齣檀旨億錯尻眯俏朵<unk>戛址侶邕旨誅尻鄔朵<unk>旨JSV迫
2018-07-11 13:17:34,860 (asr_pytorch:469) INFO: prediction [1504-1_spk_1504_1_074878-075376]: 誒如果係齋機嘅係成日真係未齣我哋呢邊個話就都唔齣日好翻<eos>
2018-07-11 13:17:34,868 (e2e_asr_attctc_th:2977) INFO: BLSTMP input lengths: [100]
2018-07-11 13:17:35,020 (e2e_asr_attctc_th:2067) INFO: input lengths: 25
2018-07-11 13:17:35,020 (e2e_asr_attctc_th:2091) INFO: max output length: 25
2018-07-11 13:17:35,020 (e2e_asr_attctc_th:2092) INFO: min output length: 0
2018-07-11 13:17:35,474 (e2e_asr_attctc_th:2199) INFO: end detected at 9
2018-07-11 13:17:35,475 (e2e_asr_attctc_th:2217) INFO: total log probability: -2.62042224407
2018-07-11 13:17:35,475 (e2e_asr_attctc_th:2218) INFO: normalized log probability: -0.655105561018
2018-07-11 13:17:35,476 (asr_pytorch:468) INFO: groundtruth[9_spk_9_058464-058566]: 俏SO
2018-07-11 13:17:35,476 (asr_pytorch:469) INFO: prediction [9_spk_9_058464-058566]: <SPK/>佢<eos>
2018-07-11 13:17:35,484 (e2e_asr_attctc_th:2977) INFO: BLSTMP input lengths: [198]
2018-07-11 13:17:35,750 (e2e_asr_attctc_th:2067) INFO: input lengths: 50
2018-07-11 13:17:35,751 (e2e_asr_attctc_th:2091) INFO: max output length: 50
2018-07-11 13:17:35,751 (e2e_asr_attctc_th:2092) INFO: min output length: 0
2018-07-11 13:17:37,173 (e2e_asr_attctc_th:2199) INFO: end detected at 19
2018-07-11 13:17:37,173 (e2e_asr_attctc_th:2217) INFO: total log probability: -3.0272364869
2018-07-11 13:17:37,173 (e2e_asr_attctc_th:2218) INFO: normalized log probability: -0.216231177636
2018-07-11 13:17:37,174 (asr_pytorch:468) INFO: groundtruth[1502-2_spk_1502_2_056650-056850]: 俏六郷司件毯佬側列亳嘍
2018-07-11 13:17:37,174 (asr_pytorch:469) INFO: prediction [1502-2_spk_1502_2_056650-056850]: 係全部可以俾你做分享咁嘅<eos>
2018-07-11 13:17:37,181 (e2e_asr_attctc_th:2977) INFO: BLSTMP input lengths: [116]
2018-07-11 13:17:37,341 (e2e_asr_attctc_th:2067) INFO: input lengths: 29
2018-07-11 13:17:37,342 (e2e_asr_attctc_th:2091) INFO: max output length: 29
2018-07-11 13:17:37,342 (e2e_asr_attctc_th:2092) INFO: min output length: 0
2018-07-11 13:17:38,022 (e2e_asr_attctc_th:2199) INFO: end detected at 12
2018-07-11 13:17:38,023 (e2e_asr_attctc_th:2217) INFO: total log probability: -8.1085800007
2018-07-11 13:17:38,023 (e2e_asr_attctc_th:2218) INFO: normalized log probability: -1.15836857153
2018-07-11 13:17:38,023 (asr_pytorch:468) INFO: groundtruth[8_spk_8_019802-019920]: SO昕皅假尖姚
2018-07-11 13:17:38,024 (asr_pytorch:469) INFO: prediction [8_spk_8_019802-019920]: 執先上啲啫<eos>
2018-07-11 13:17:38,031 (e2e_asr_attctc_th:2977) INFO: BLSTMP input lengths: [198]
2018-07-11 13:17:38,282 (e2e_asr_attctc_th:2067) INFO: input lengths: 50
2018-07-11 13:17:38,283 (e2e_asr_attctc_th:2091) INFO: max output length: 50
2018-07-11 13:17:38,283 (e2e_asr_attctc_th:2092) INFO: min output length: 0
2018-07-11 13:17:39,165 (e2e_asr_attctc_th:2199) INFO: end detected at 14
2018-07-11 13:17:39,165 (e2e_asr_attctc_th:2217) INFO: total log probability: -8.70386171341
2018-07-11 13:17:39,165 (e2e_asr_attctc_th:2218) INFO: normalized log probability: -1.2434088162
2018-07-11 13:17:39,166 (asr_pytorch:468) INFO: groundtruth[1505-2_spk_1505_2_003378-003578]: 睛牙睛牙
2018-07-11 13:17:39,166 (asr_pytorch:469) INFO: prediction [1505-2_spk_1505_2_003378-003578]: 我哋誒小姐<eos>
2018-07-11 13:17:39,173 (e2e_asr_attctc_th:2977) INFO: BLSTMP input lengths: [17]
2018-07-11 13:17:39,205 (e2e_asr_attctc_th:2067) INFO: input lengths: 5
2018-07-11 13:17:39,205 (e2e_asr_attctc_th:2091) INFO: max output length: 5
2018-07-11 13:17:39,205 (e2e_asr_attctc_th:2092) INFO: min output length: 0
2018-07-11 13:17:39,367 (e2e_asr_attctc_th:2180) INFO: adding <eos> in the last postion in the loop
2018-07-11 13:17:39,368 (e2e_asr_attctc_th:2206) INFO: no hypothesis. Finish decoding.
2018-07-11 13:17:39,368 (e2e_asr_attctc_th:2217) INFO: total log probability: -0.959332309663
2018-07-11 13:17:39,368 (e2e_asr_attctc_th:2218) INFO: normalized log probability: -0.319777436554
2018-07-11 13:17:39,368 (asr_pytorch:468) INFO: groundtruth[1501-2_spk_1501_2_036992-037011]: 俏
2018-07-11 13:17:39,369 (asr_pytorch:469) INFO: prediction [1501-2_spk_1501_2_036992-037011]: 係<eos>
2018-07-11 13:17:39,377 (e2e_asr_attctc_th:2977) INFO: BLSTMP input lengths: [261]
2018-07-11 13:17:39,751 (e2e_asr_attctc_th:2067) INFO: input lengths: 66
2018-07-11 13:17:39,752 (e2e_asr_attctc_th:2091) INFO: max output length: 66
2018-07-11 13:17:39,752 (e2e_asr_attctc_th:2092) INFO: min output length: 0
2018-07-11 13:17:41,449 (e2e_asr_attctc_th:2199) INFO: end detected at 20
2018-07-11 13:17:41,449 (e2e_asr_attctc_th:2217) INFO: total log probability: -6.55374290794
2018-07-11 13:17:41,449 (e2e_asr_attctc_th:2218) INFO: normalized log probability: -0.468124493424
2018-07-11 13:17:41,450 (asr_pytorch:468) INFO: groundtruth[3_spk_3_058797-059060]: 咋佬趕磋司件亙皆下卉乸蚧
2018-07-11 13:17:41,450 (asr_pytorch:469) INFO: prediction [3_spk_3_058797-059060]: 咁係起碼可以二百七十九蚊<eos>
2018-07-11 13:17:41,457 (e2e_asr_attctc_th:2977) INFO: BLSTMP input lengths: [58]
2018-07-11 13:17:41,538 (e2e_asr_attctc_th:2067) INFO: input lengths: 15
2018-07-11 13:17:41,538 (e2e_asr_attctc_th:2091) INFO: max output length: 15
2018-07-11 13:17:41,538 (e2e_asr_attctc_th:2092) INFO: min output length: 0
2018-07-11 13:17:41,881 (e2e_asr_attctc_th:2199) INFO: end detected at 8
2018-07-11 13:17:41,881 (e2e_asr_attctc_th:2217) INFO: total log probability: -0.978921881877
2018-07-11 13:17:41,881 (e2e_asr_attctc_th:2218) INFO: normalized log probability: -0.244730470469
2018-07-11 13:17:41,882 (asr_pytorch:468) INFO: groundtruth[1504-2_spk_1504_2_035236-035296]: 俏咯
2018-07-11 13:17:41,882 (asr_pytorch:469) INFO: prediction [1504-2_spk_1504_2_035236-035296]: 係麼<eos>
2018-07-11 13:17:41,890 (e2e_asr_attctc_th:2977) INFO: BLSTMP input lengths: [403]
2018-07-11 13:17:42,395 (e2e_asr_attctc_th:2067) INFO: input lengths: 101
2018-07-11 13:17:42,395 (e2e_asr_attctc_th:2091) INFO: max output length: 101
2018-07-11 13:17:42,395 (e2e_asr_attctc_th:2092) INFO: min output length: 0
2018-07-11 13:17:45,323 (e2e_asr_attctc_th:2199) INFO: end detected at 29
2018-07-11 13:17:45,323 (e2e_asr_attctc_th:2217) INFO: total log probability: -14.9288023063
2018-07-11 13:17:45,323 (e2e_asr_attctc_th:2218) INFO: normalized log probability: -0.622033429429
2018-07-11 13:17:45,324 (asr_pytorch:468) INFO: groundtruth[1505-1_spk_1505_1_061850-062254]: 姚俏佬尻節由10KF20KF妊啯佰鄔俏街緘384OFTW呯倔逮庵倍考尖姚亳由考旨
2018-07-11 13:17:45,324 (asr_pytorch:469) INFO: prediction [1505-1_spk_1505_1_061850-062254]: 即你就算用十一二十幾好啦佢多人行街三百十十四<eos>
2018-07-11 13:17:45,332 (e2e_asr_attctc_th:2977) INFO: BLSTMP input lengths: [198]
2018-07-11 13:17:45,577 (e2e_asr_attctc_th:2067) INFO: input lengths: 50
2018-07-11 13:17:45,577 (e2e_asr_attctc_th:2091) INFO: max output length: 50
2018-07-11 13:17:45,577 (e2e_asr_attctc_th:2092) INFO: min output length: 0
2018-07-11 13:17:46,492 (e2e_asr_attctc_th:2206) INFO: no hypothesis. Finish decoding.
2018-07-11 13:17:46,492 (e2e_asr_attctc_th:2217) INFO: total log probability: -5.62244727917
2018-07-11 13:17:46,492 (e2e_asr_attctc_th:2218) INFO: normalized log probability: -0.468537273264
2018-07-11 13:17:46,493 (asr_pytorch:468) INFO: groundtruth[9_spk_9_004577-004777]: 扚霆誅扚刺扚刺倍佬呯
2018-07-11 13:17:46,493 (asr_pytorch:469) INFO: prediction [9_spk_9_004577-004777]: 打電話搭度打到俾你你<eos>
2018-07-11 13:17:46,501 (e2e_asr_attctc_th:2977) INFO: BLSTMP input lengths: [284]
2018-07-11 13:17:46,857 (e2e_asr_attctc_th:2067) INFO: input lengths: 71
2018-07-11 13:17:46,858 (e2e_asr_attctc_th:2091) INFO: max output length: 71
2018-07-11 13:17:46,858 (e2e_asr_attctc_th:2092) INFO: min output length: 0
2018-07-11 13:17:47,569 (e2e_asr_attctc_th:2199) INFO: end detected at 11
2018-07-11 13:17:47,569 (e2e_asr_attctc_th:2217) INFO: total log probability: -3.65164427832
2018-07-11 13:17:47,569 (e2e_asr_attctc_th:2218) INFO: normalized log probability: -0.60860737972
2018-07-11 13:17:47,570 (asr_pytorch:468) INFO: groundtruth[1504-2_spk_1504_2_104367-104653]: 妊嗶SO
2018-07-11 13:17:47,570 (asr_pytorch:469) INFO: prediction [1504-2_spk_1504_2_104367-104653]: 哦唔OK<eos>
# Accounting: time=275 threads=1
# Ended (code 0) at Wed Jul 11 13:17:47 HKT 2018, elapsed time 275 seconds
