# asr_recog.py --ngpu 0 --backend pytorch --recog-json smartone_data/smartone_kaldi/split32utt/data.7.json --result-label smartone_data/baseline/decode/data.7.json --model smartone_data/baseline/model.acc.best --model-conf smartone_data/baseline/model.conf --beam-size 20 --penalty 0.0 --maxlenratio 0.0 --minlenratio 0.0 --ctc-weight 0.3 
# Started at Wed Jul 11 13:13:12 HKT 2018
#
2018-07-11 13:13:12,973 (asr_recog:110) INFO: python path = /home/lahiru/Devinstalls/espnet_new/espnet/egs/domain_adaptation_cantonese/asr5/../../../src/lm/:/home/lahiru/Devinstalls/espnet_new/espnet/egs/domain_adaptation_cantonese/asr5/../../../src/asr/:/home/lahiru/Devinstalls/espnet_new/espnet/egs/domain_adaptation_cantonese/asr5/../../../src/nets/:/home/lahiru/Devinstalls/espnet_new/espnet/egs/domain_adaptation_cantonese/asr5/../../../src/utils/:/home/lahiru/Devinstalls/espnet_new/espnet/egs/domain_adaptation_cantonese/asr5/../../../src/bin/:/home/lahiru/Devinstalls/espnet_new/espnet/egs/domain_adaptation_cantonese/asr5/../../../src/lm/:/home/lahiru/Devinstalls/espnet_new/espnet/egs/domain_adaptation_cantonese/asr5/../../../src/asr/:/home/lahiru/Devinstalls/espnet_new/espnet/egs/domain_adaptation_cantonese/asr5/../../../src/nets/:/home/lahiru/Devinstalls/espnet_new/espnet/egs/domain_adaptation_cantonese/asr5/../../../src/utils/:/home/lahiru/Devinstalls/espnet_new/espnet/egs/domain_adaptation_cantonese/asr5/../../../src/bin/:
2018-07-11 13:13:12,973 (asr_recog:115) INFO: set random seed = 1
2018-07-11 13:13:12,973 (asr_recog:118) INFO: backend = pytorch
2018-07-11 13:13:13,553 (asr_pytorch:393) INFO: reading a model config file fromsmartone_data/baseline/model.conf
2018-07-11 13:13:13,573 (asr_pytorch:397) INFO: ARGS: backend: pytorch
2018-07-11 13:13:13,573 (asr_pytorch:397) INFO: ARGS: beam_size: 20
2018-07-11 13:13:13,573 (asr_pytorch:397) INFO: ARGS: ctc_weight: 0.3
2018-07-11 13:13:13,573 (asr_pytorch:397) INFO: ARGS: da: 0
2018-07-11 13:13:13,573 (asr_pytorch:397) INFO: ARGS: daconfig: 3
2018-07-11 13:13:13,573 (asr_pytorch:397) INFO: ARGS: datype: bias
2018-07-11 13:13:13,573 (asr_pytorch:397) INFO: ARGS: debugmode: 1
2018-07-11 13:13:13,573 (asr_pytorch:397) INFO: ARGS: gpu: None
2018-07-11 13:13:13,573 (asr_pytorch:397) INFO: ARGS: lm_weight: 0.1
2018-07-11 13:13:13,573 (asr_pytorch:397) INFO: ARGS: maxlenratio: 0.0
2018-07-11 13:13:13,573 (asr_pytorch:397) INFO: ARGS: minlenratio: 0.0
2018-07-11 13:13:13,573 (asr_pytorch:397) INFO: ARGS: model: smartone_data/baseline/model.acc.best
2018-07-11 13:13:13,573 (asr_pytorch:397) INFO: ARGS: model_conf: smartone_data/baseline/model.conf
2018-07-11 13:13:13,573 (asr_pytorch:397) INFO: ARGS: nbest: 1
2018-07-11 13:13:13,573 (asr_pytorch:397) INFO: ARGS: ngpu: 0
2018-07-11 13:13:13,573 (asr_pytorch:397) INFO: ARGS: penalty: 0.0
2018-07-11 13:13:13,574 (asr_pytorch:397) INFO: ARGS: recog_feat: None
2018-07-11 13:13:13,574 (asr_pytorch:397) INFO: ARGS: recog_json: smartone_data/smartone_kaldi/split32utt/data.7.json
2018-07-11 13:13:13,574 (asr_pytorch:397) INFO: ARGS: recog_label: None
2018-07-11 13:13:13,574 (asr_pytorch:397) INFO: ARGS: result_label: smartone_data/baseline/decode/data.7.json
2018-07-11 13:13:13,574 (asr_pytorch:397) INFO: ARGS: rnnlm: None
2018-07-11 13:13:13,574 (asr_pytorch:397) INFO: ARGS: seed: 1
2018-07-11 13:13:13,574 (asr_pytorch:397) INFO: ARGS: verbose: 1
2018-07-11 13:13:13,574 (asr_pytorch:397) INFO: ARGS: word_dict: None
2018-07-11 13:13:13,574 (asr_pytorch:397) INFO: ARGS: word_rnnlm: None
2018-07-11 13:13:13,574 (asr_pytorch:400) INFO: reading model parameters fromsmartone_data/baseline/model.acc.best
2018-07-11 13:13:13,574 (e2e_asr_attctc_th:184) INFO: subsample: 1 2 2 1 1
2018-07-11 13:13:13,702 (e2e_asr_attctc_th:2317) INFO: BLSTM with every-layer projection for encoder
2018-07-11 13:13:15,513 (e2e_asr_attctc_th:2977) INFO: BLSTMP input lengths: [9]
2018-07-11 13:13:15,542 (e2e_asr_attctc_th:2067) INFO: input lengths: 3
2018-07-11 13:13:15,542 (e2e_asr_attctc_th:2091) INFO: max output length: 3
2018-07-11 13:13:15,543 (e2e_asr_attctc_th:2092) INFO: min output length: 0
2018-07-11 13:13:15,643 (e2e_asr_attctc_th:2180) INFO: adding <eos> in the last postion in the loop
2018-07-11 13:13:15,643 (e2e_asr_attctc_th:2206) INFO: no hypothesis. Finish decoding.
2018-07-11 13:13:15,643 (e2e_asr_attctc_th:2217) INFO: total log probability: -0.0718006659299
2018-07-11 13:13:15,643 (e2e_asr_attctc_th:2218) INFO: normalized log probability: -0.02393355531
2018-07-11 13:13:15,644 (asr_pytorch:468) INFO: groundtruth[1501-1_spk_1501_1_041464-041475]: 俏
2018-07-11 13:13:15,644 (asr_pytorch:469) INFO: prediction [1501-1_spk_1501_1_041464-041475]: 係<eos>
2018-07-11 13:13:15,652 (e2e_asr_attctc_th:2977) INFO: BLSTMP input lengths: [306]
2018-07-11 13:13:16,068 (e2e_asr_attctc_th:2067) INFO: input lengths: 77
2018-07-11 13:13:16,069 (e2e_asr_attctc_th:2091) INFO: max output length: 77
2018-07-11 13:13:16,069 (e2e_asr_attctc_th:2092) INFO: min output length: 0
2018-07-11 13:13:19,674 (e2e_asr_attctc_th:2199) INFO: end detected at 25
2018-07-11 13:13:19,675 (e2e_asr_attctc_th:2217) INFO: total log probability: -23.8421959821
2018-07-11 13:13:19,675 (e2e_asr_attctc_th:2218) INFO: normalized log probability: -1.13534266581
2018-07-11 13:13:19,677 (asr_pytorch:468) INFO: groundtruth[12_spk_12_068973-069281]: 葦誅宥<unk>服幹佬宗掙考咋尻服跨考4朔
2018-07-11 13:13:19,677 (asr_pytorch:469) INFO: prediction [12_spk_12_068973-069281]: 就仔樣我TREAPS真嘅咁會再翻一起越<eos>
2018-07-11 13:13:19,691 (e2e_asr_attctc_th:2977) INFO: BLSTMP input lengths: [198]
2018-07-11 13:13:20,273 (e2e_asr_attctc_th:2067) INFO: input lengths: 50
2018-07-11 13:13:20,274 (e2e_asr_attctc_th:2091) INFO: max output length: 50
2018-07-11 13:13:20,274 (e2e_asr_attctc_th:2092) INFO: min output length: 0
2018-07-11 13:13:22,176 (e2e_asr_attctc_th:2199) INFO: end detected at 13
2018-07-11 13:13:22,177 (e2e_asr_attctc_th:2217) INFO: total log probability: -3.91963790357
2018-07-11 13:13:22,177 (e2e_asr_attctc_th:2218) INFO: normalized log probability: -0.489954737946
2018-07-11 13:13:22,180 (asr_pytorch:468) INFO: groundtruth[1505-1_spk_1505_1_009748-009948]: 45K俏咋
2018-07-11 13:13:22,180 (asr_pytorch:469) INFO: prediction [1505-1_spk_1505_1_009748-009948]: 四點唔知係咁<eos>
2018-07-11 13:13:22,195 (e2e_asr_attctc_th:2977) INFO: BLSTMP input lengths: [245]
2018-07-11 13:13:22,784 (e2e_asr_attctc_th:2067) INFO: input lengths: 62
2018-07-11 13:13:22,785 (e2e_asr_attctc_th:2091) INFO: max output length: 62
2018-07-11 13:13:22,785 (e2e_asr_attctc_th:2092) INFO: min output length: 0
2018-07-11 13:13:25,963 (e2e_asr_attctc_th:2199) INFO: end detected at 19
2018-07-11 13:13:25,964 (e2e_asr_attctc_th:2217) INFO: total log probability: -4.45731311943
2018-07-11 13:13:25,964 (e2e_asr_attctc_th:2218) INFO: normalized log probability: -0.318379508531
2018-07-11 13:13:25,965 (asr_pytorch:468) INFO: groundtruth[1501-1_spk_1501_1_027157-027404]: 尻JSV迫戛員盾掩宗掙迫吔井
2018-07-11 13:13:25,965 (asr_pytorch:469) INFO: prediction [1501-1_spk_1501_1_027157-027404]: 就放翻我哋直接安排翻度知<eos>
2018-07-11 13:13:25,975 (e2e_asr_attctc_th:2977) INFO: BLSTMP input lengths: [652]
2018-07-11 13:13:27,310 (e2e_asr_attctc_th:2067) INFO: input lengths: 163
2018-07-11 13:13:27,311 (e2e_asr_attctc_th:2091) INFO: max output length: 163
2018-07-11 13:13:27,311 (e2e_asr_attctc_th:2092) INFO: min output length: 0
2018-07-11 13:13:35,297 (e2e_asr_attctc_th:2199) INFO: end detected at 40
2018-07-11 13:13:35,297 (e2e_asr_attctc_th:2217) INFO: total log probability: -39.036406314
2018-07-11 13:13:35,297 (e2e_asr_attctc_th:2218) INFO: normalized log probability: -1.14812959747
2018-07-11 13:13:35,298 (asr_pytorch:468) INFO: groundtruth[1503-1_spk_1503_1_054174-054828]: SO刺晏呯肇旬徘尖姚佬葛閊希旨晏倣訢從見幀迫三啼賒斥道叄戛換三換醞佬兒
2018-07-11 13:13:35,298 (asr_pytorch:469) INFO: prediction [1503-1_spk_1503_1_054174-054828]: 我近到時間然後成日翻去下晝落部時間比較要帶翻入邊知叫過去買牌睇嘅<eos>
2018-07-11 13:13:35,311 (e2e_asr_attctc_th:2977) INFO: BLSTMP input lengths: [54]
2018-07-11 13:13:35,447 (e2e_asr_attctc_th:2067) INFO: input lengths: 14
2018-07-11 13:13:35,448 (e2e_asr_attctc_th:2091) INFO: max output length: 14
2018-07-11 13:13:35,448 (e2e_asr_attctc_th:2092) INFO: min output length: 0
2018-07-11 13:13:36,006 (e2e_asr_attctc_th:2199) INFO: end detected at 8
2018-07-11 13:13:36,006 (e2e_asr_attctc_th:2217) INFO: total log probability: -0.984201937914
2018-07-11 13:13:36,006 (e2e_asr_attctc_th:2218) INFO: normalized log probability: -0.328067312638
2018-07-11 13:13:36,007 (asr_pytorch:468) INFO: groundtruth[1504-2_spk_1504_2_092930-092986]: 丕
2018-07-11 13:13:36,007 (asr_pytorch:469) INFO: prediction [1504-2_spk_1504_2_092930-092986]: 唉<eos>
2018-07-11 13:13:36,015 (e2e_asr_attctc_th:2977) INFO: BLSTMP input lengths: [28]
2018-07-11 13:13:36,081 (e2e_asr_attctc_th:2067) INFO: input lengths: 7
2018-07-11 13:13:36,082 (e2e_asr_attctc_th:2091) INFO: max output length: 7
2018-07-11 13:13:36,082 (e2e_asr_attctc_th:2092) INFO: min output length: 0
2018-07-11 13:13:36,608 (e2e_asr_attctc_th:2180) INFO: adding <eos> in the last postion in the loop
2018-07-11 13:13:36,609 (e2e_asr_attctc_th:2206) INFO: no hypothesis. Finish decoding.
2018-07-11 13:13:36,609 (e2e_asr_attctc_th:2217) INFO: total log probability: -0.022401694674
2018-07-11 13:13:36,609 (e2e_asr_attctc_th:2218) INFO: normalized log probability: -0.00560042366851
2018-07-11 13:13:36,610 (asr_pytorch:468) INFO: groundtruth[1502-2_spk_1502_2_085155-085185]: 俏呈
2018-07-11 13:13:36,611 (asr_pytorch:469) INFO: prediction [1502-2_spk_1502_2_085155-085185]: 係啊<eos>
2018-07-11 13:13:36,627 (e2e_asr_attctc_th:2977) INFO: BLSTMP input lengths: [170]
2018-07-11 13:13:36,966 (e2e_asr_attctc_th:2067) INFO: input lengths: 43
2018-07-11 13:13:36,966 (e2e_asr_attctc_th:2091) INFO: max output length: 43
2018-07-11 13:13:36,967 (e2e_asr_attctc_th:2092) INFO: min output length: 0
2018-07-11 13:13:39,060 (e2e_asr_attctc_th:2199) INFO: end detected at 18
2018-07-11 13:13:39,060 (e2e_asr_attctc_th:2217) INFO: total log probability: -5.67090560729
2018-07-11 13:13:39,060 (e2e_asr_attctc_th:2218) INFO: normalized log probability: -0.405064686235
2018-07-11 13:13:39,062 (asr_pytorch:468) INFO: groundtruth[1502-2_spk_1502_2_045178-045350]: 住耗<unk>戛員俏亙皆亞卉兵
2018-07-11 13:13:39,062 (asr_pytorch:469) INFO: prediction [1502-2_spk_1502_2_045178-045350]: 但係因為我哋係依傢五十咯<eos>
2018-07-11 13:13:39,077 (e2e_asr_attctc_th:2977) INFO: BLSTMP input lengths: [44]
2018-07-11 13:13:39,195 (e2e_asr_attctc_th:2067) INFO: input lengths: 11
2018-07-11 13:13:39,196 (e2e_asr_attctc_th:2091) INFO: max output length: 11
2018-07-11 13:13:39,196 (e2e_asr_attctc_th:2092) INFO: min output length: 0
2018-07-11 13:13:39,792 (e2e_asr_attctc_th:2199) INFO: end detected at 9
2018-07-11 13:13:39,792 (e2e_asr_attctc_th:2217) INFO: total log probability: -4.0581048727
2018-07-11 13:13:39,792 (e2e_asr_attctc_th:2218) INFO: normalized log probability: -1.01452621818
2018-07-11 13:13:39,794 (asr_pytorch:468) INFO: groundtruth[1501-1_spk_1501_1_073410-073456]: B
2018-07-11 13:13:39,794 (asr_pytorch:469) INFO: prediction [1501-1_spk_1501_1_073410-073456]: 鬧數<eos>
2018-07-11 13:13:39,808 (e2e_asr_attctc_th:2977) INFO: BLSTMP input lengths: [370]
2018-07-11 13:13:40,465 (e2e_asr_attctc_th:2067) INFO: input lengths: 93
2018-07-11 13:13:40,465 (e2e_asr_attctc_th:2091) INFO: max output length: 93
2018-07-11 13:13:40,466 (e2e_asr_attctc_th:2092) INFO: min output length: 0
2018-07-11 13:13:45,049 (e2e_asr_attctc_th:2206) INFO: no hypothesis. Finish decoding.
2018-07-11 13:13:45,051 (e2e_asr_attctc_th:2217) INFO: total log probability: -6.39195135608
2018-07-11 13:13:45,051 (e2e_asr_attctc_th:2218) INFO: normalized log probability: -0.304378636004
2018-07-11 13:13:45,052 (asr_pytorch:468) INFO: groundtruth[1504-1_spk_1504_1_047310-047682]: 囹烕妍枱咋旨誅呯戛址侶邕鄔朕啼俏JSV迫尻
2018-07-11 13:13:45,052 (asr_pytorch:469) INFO: prediction [1504-1_spk_1504_1_047310-047682]: 因為如果咁嘅話嘞我哋呢邊都有啲係課翻就<eos>
2018-07-11 13:13:45,068 (e2e_asr_attctc_th:2977) INFO: BLSTMP input lengths: [86]
2018-07-11 13:13:45,314 (e2e_asr_attctc_th:2067) INFO: input lengths: 22
2018-07-11 13:13:45,314 (e2e_asr_attctc_th:2091) INFO: max output length: 22
2018-07-11 13:13:45,315 (e2e_asr_attctc_th:2092) INFO: min output length: 0
2018-07-11 13:13:45,891 (e2e_asr_attctc_th:2199) INFO: end detected at 8
2018-07-11 13:13:45,891 (e2e_asr_attctc_th:2217) INFO: total log probability: -1.74679157883
2018-07-11 13:13:45,892 (e2e_asr_attctc_th:2218) INFO: normalized log probability: -0.58226385961
2018-07-11 13:13:45,892 (asr_pytorch:468) INFO: groundtruth[1503-2_spk_1503_2_059524-059612]: 妊
2018-07-11 13:13:45,892 (asr_pytorch:469) INFO: prediction [1503-2_spk_1503_2_059524-059612]: 咁<eos>
2018-07-11 13:13:45,900 (e2e_asr_attctc_th:2977) INFO: BLSTMP input lengths: [46]
2018-07-11 13:13:45,988 (e2e_asr_attctc_th:2067) INFO: input lengths: 12
2018-07-11 13:13:45,989 (e2e_asr_attctc_th:2091) INFO: max output length: 12
2018-07-11 13:13:45,989 (e2e_asr_attctc_th:2092) INFO: min output length: 0
2018-07-11 13:13:46,422 (e2e_asr_attctc_th:2199) INFO: end detected at 7
2018-07-11 13:13:46,422 (e2e_asr_attctc_th:2217) INFO: total log probability: -0.0188591440674
2018-07-11 13:13:46,422 (e2e_asr_attctc_th:2218) INFO: normalized log probability: -0.0062863813558
2018-07-11 13:13:46,423 (asr_pytorch:468) INFO: groundtruth[1504-1_spk_1504_1_090748-090796]: 嗶
2018-07-11 13:13:46,424 (asr_pytorch:469) INFO: prediction [1504-1_spk_1504_1_090748-090796]: 嗯<eos>
2018-07-11 13:13:46,431 (e2e_asr_attctc_th:2977) INFO: BLSTMP input lengths: [198]
2018-07-11 13:13:46,722 (e2e_asr_attctc_th:2067) INFO: input lengths: 50
2018-07-11 13:13:46,723 (e2e_asr_attctc_th:2091) INFO: max output length: 50
2018-07-11 13:13:46,723 (e2e_asr_attctc_th:2092) INFO: min output length: 0
2018-07-11 13:13:48,369 (e2e_asr_attctc_th:2199) INFO: end detected at 16
2018-07-11 13:13:48,369 (e2e_asr_attctc_th:2217) INFO: total log probability: -5.48873461364
2018-07-11 13:13:48,369 (e2e_asr_attctc_th:2218) INFO: normalized log probability: -0.498975873967
2018-07-11 13:13:48,370 (asr_pytorch:468) INFO: groundtruth[1501-1_spk_1501_1_004883-005083]: 街敏稘巾綪化埗㨃啯
2018-07-11 13:13:48,370 (asr_pytorch:469) INFO: prediction [1501-1_spk_1501_1_004883-005083]: 行政水已經包埋噶啦<eos>
2018-07-11 13:13:48,378 (e2e_asr_attctc_th:2977) INFO: BLSTMP input lengths: [228]
2018-07-11 13:13:48,723 (e2e_asr_attctc_th:2067) INFO: input lengths: 57
2018-07-11 13:13:48,724 (e2e_asr_attctc_th:2091) INFO: max output length: 57
2018-07-11 13:13:48,724 (e2e_asr_attctc_th:2092) INFO: min output length: 0
2018-07-11 13:13:50,694 (e2e_asr_attctc_th:2206) INFO: no hypothesis. Finish decoding.
2018-07-11 13:13:50,694 (e2e_asr_attctc_th:2217) INFO: total log probability: -10.8187856935
2018-07-11 13:13:50,694 (e2e_asr_attctc_th:2218) INFO: normalized log probability: -0.676174105844
2018-07-11 13:13:50,695 (asr_pytorch:468) INFO: groundtruth[1504-1_spk_1504_1_019896-020126]: 嗶丹稍勞鄔司件轟<unk>柎冀寫丹稍勞
2018-07-11 13:13:50,695 (asr_pytorch:469) INFO: prediction [1504-1_spk_1504_1_019896-020126]: 嗯中醫生都係算來噶其實中意凍<eos>
2018-07-11 13:13:50,704 (e2e_asr_attctc_th:2977) INFO: BLSTMP input lengths: [256]
2018-07-11 13:13:51,063 (e2e_asr_attctc_th:2067) INFO: input lengths: 64
2018-07-11 13:13:51,063 (e2e_asr_attctc_th:2091) INFO: max output length: 64
2018-07-11 13:13:51,063 (e2e_asr_attctc_th:2092) INFO: min output length: 0
2018-07-11 13:13:54,087 (e2e_asr_attctc_th:2199) INFO: end detected at 21
2018-07-11 13:13:54,087 (e2e_asr_attctc_th:2217) INFO: total log probability: -14.9626843706
2018-07-11 13:13:54,087 (e2e_asr_attctc_th:2218) INFO: normalized log probability: -0.935167773161
2018-07-11 13:13:54,089 (asr_pytorch:468) INFO: groundtruth[12_spk_12_071566-071824]: 嗶咋疊煉喋譴妍叄刺佬<unk>紋宙
2018-07-11 13:13:54,089 (asr_pytorch:469) INFO: prediction [12_spk_12_071566-071824]: 嗯咁即然識誒即譬如喺個立一年<eos>
2018-07-11 13:13:54,097 (e2e_asr_attctc_th:2977) INFO: BLSTMP input lengths: [285]
2018-07-11 13:13:54,638 (e2e_asr_attctc_th:2067) INFO: input lengths: 72
2018-07-11 13:13:54,639 (e2e_asr_attctc_th:2091) INFO: max output length: 72
2018-07-11 13:13:54,639 (e2e_asr_attctc_th:2092) INFO: min output length: 0
2018-07-11 13:13:58,022 (e2e_asr_attctc_th:2199) INFO: end detected at 23
2018-07-11 13:13:58,023 (e2e_asr_attctc_th:2217) INFO: total log probability: -21.6157694031
2018-07-11 13:13:58,023 (e2e_asr_attctc_th:2218) INFO: normalized log probability: -1.13767207385
2018-07-11 13:13:58,026 (asr_pytorch:468) INFO: groundtruth[12_spk_12_018019-018306]: 哭妊嘍咋幹佬轟駕誥響<unk>絹黍煲佬輿八考
2018-07-11 13:13:58,026 (asr_pytorch:469) INFO: prediction [12_spk_12_018019-018306]: 走嘅總關你仲發個人係佢問題係雪入班<eos>
2018-07-11 13:13:58,041 (e2e_asr_attctc_th:2977) INFO: BLSTMP input lengths: [244]
2018-07-11 13:13:58,583 (e2e_asr_attctc_th:2067) INFO: input lengths: 61
2018-07-11 13:13:58,583 (e2e_asr_attctc_th:2091) INFO: max output length: 61
2018-07-11 13:13:58,583 (e2e_asr_attctc_th:2092) INFO: min output length: 0
2018-07-11 13:14:02,291 (e2e_asr_attctc_th:2199) INFO: end detected at 22
2018-07-11 13:14:02,291 (e2e_asr_attctc_th:2217) INFO: total log probability: -15.6017008852
2018-07-11 13:14:02,291 (e2e_asr_attctc_th:2218) INFO: normalized log probability: -0.975106305326
2018-07-11 13:14:02,293 (asr_pytorch:468) INFO: groundtruth[1505-2_spk_1505_2_029574-029820]: 蘸枱勞裴<unk>嗷啼服GYX丕GYX丕
2018-07-11 13:14:02,293 (asr_pytorch:469) INFO: prediction [1505-2_spk_1505_2_029574-029820]: 連講動人哋你嘅會都會聽下通下<eos>
2018-07-11 13:14:02,302 (e2e_asr_attctc_th:2977) INFO: BLSTMP input lengths: [642]
2018-07-11 13:14:03,311 (e2e_asr_attctc_th:2067) INFO: input lengths: 161
2018-07-11 13:14:03,312 (e2e_asr_attctc_th:2091) INFO: max output length: 161
2018-07-11 13:14:03,312 (e2e_asr_attctc_th:2092) INFO: min output length: 0
2018-07-11 13:14:11,984 (e2e_asr_attctc_th:2199) INFO: end detected at 44
2018-07-11 13:14:11,984 (e2e_asr_attctc_th:2217) INFO: total log probability: -22.2401347248
2018-07-11 13:14:11,984 (e2e_asr_attctc_th:2218) INFO: normalized log probability: -0.570259864738
2018-07-11 13:14:11,985 (asr_pytorch:468) INFO: groundtruth[1505-1_spk_1505_1_037468-038112]: 姚俏戛址倔TPER旅<unk>冀寫B戛址琉晏側緘呯倔呯尻街緘倔逮庵尻384旨俏
2018-07-11 13:14:11,985 (asr_pytorch:469) INFO: prediction [1505-1_spk_1505_1_037468-038112]: 即係我哋嗰個PEND方麵其實誒我哋現時做緊呢個嘞就行緊著速度著三百八十歲嘅<eos>
2018-07-11 13:14:11,995 (e2e_asr_attctc_th:2977) INFO: BLSTMP input lengths: [53]
2018-07-11 13:14:12,091 (e2e_asr_attctc_th:2067) INFO: input lengths: 14
2018-07-11 13:14:12,091 (e2e_asr_attctc_th:2091) INFO: max output length: 14
2018-07-11 13:14:12,091 (e2e_asr_attctc_th:2092) INFO: min output length: 0
2018-07-11 13:14:12,907 (e2e_asr_attctc_th:2199) INFO: end detected at 10
2018-07-11 13:14:12,907 (e2e_asr_attctc_th:2217) INFO: total log probability: -2.96743852179
2018-07-11 13:14:12,907 (e2e_asr_attctc_th:2218) INFO: normalized log probability: -0.494573086966
2018-07-11 13:14:12,909 (asr_pytorch:468) INFO: groundtruth[4_spk_4_007505-007559]: 邕倔ETTW
2018-07-11 13:14:12,909 (asr_pytorch:469) INFO: prediction [4_spk_4_007505-007559]: 邊個有時<eos>
2018-07-11 13:14:12,917 (e2e_asr_attctc_th:2977) INFO: BLSTMP input lengths: [326]
2018-07-11 13:14:13,579 (e2e_asr_attctc_th:2067) INFO: input lengths: 82
2018-07-11 13:14:13,579 (e2e_asr_attctc_th:2091) INFO: max output length: 82
2018-07-11 13:14:13,580 (e2e_asr_attctc_th:2092) INFO: min output length: 0
2018-07-11 13:14:15,372 (e2e_asr_attctc_th:2206) INFO: no hypothesis. Finish decoding.
2018-07-11 13:14:15,372 (e2e_asr_attctc_th:2217) INFO: total log probability: -5.02406151593
2018-07-11 13:14:15,372 (e2e_asr_attctc_th:2218) INFO: normalized log probability: -0.502406151593
2018-07-11 13:14:15,373 (asr_pytorch:468) INFO: groundtruth[12_spk_12_027505-027833]: 嗶咋樺嘍誅嗺囹烕
2018-07-11 13:14:15,373 (asr_pytorch:469) INFO: prediction [12_spk_12_027505-027833]: 嗯咁樣嘅玩啊因為<eos>
2018-07-11 13:14:15,387 (e2e_asr_attctc_th:2977) INFO: BLSTMP input lengths: [102]
2018-07-11 13:14:15,652 (e2e_asr_attctc_th:2067) INFO: input lengths: 26
2018-07-11 13:14:15,653 (e2e_asr_attctc_th:2091) INFO: max output length: 26
2018-07-11 13:14:15,653 (e2e_asr_attctc_th:2092) INFO: min output length: 0
2018-07-11 13:14:17,597 (e2e_asr_attctc_th:2199) INFO: end detected at 16
2018-07-11 13:14:17,597 (e2e_asr_attctc_th:2217) INFO: total log probability: -6.31539214309
2018-07-11 13:14:17,598 (e2e_asr_attctc_th:2218) INFO: normalized log probability: -0.789424017887
2018-07-11 13:14:17,600 (asr_pytorch:468) INFO: groundtruth[1502-2_spk_1502_2_011531-011635]: 朋迪戛員WQEVXSRI
2018-07-11 13:14:17,600 (asr_pytorch:469) INFO: prediction [1502-2_spk_1502_2_011531-011635]: 最近我去麥中<eos>
2018-07-11 13:14:17,617 (e2e_asr_attctc_th:2977) INFO: BLSTMP input lengths: [108]
2018-07-11 13:14:18,015 (e2e_asr_attctc_th:2067) INFO: input lengths: 27
2018-07-11 13:14:18,015 (e2e_asr_attctc_th:2091) INFO: max output length: 27
2018-07-11 13:14:18,015 (e2e_asr_attctc_th:2092) INFO: min output length: 0
2018-07-11 13:14:19,002 (e2e_asr_attctc_th:2206) INFO: no hypothesis. Finish decoding.
2018-07-11 13:14:19,003 (e2e_asr_attctc_th:2217) INFO: total log probability: -0.832880440168
2018-07-11 13:14:19,003 (e2e_asr_attctc_th:2218) INFO: normalized log probability: -0.104110055021
2018-07-11 13:14:19,004 (asr_pytorch:468) INFO: groundtruth[1502-2_spk_1502_2_067958-068068]: 吔井嗷邕司脇
2018-07-11 13:14:19,004 (asr_pytorch:469) INFO: prediction [1502-2_spk_1502_2_067958-068068]: 同事嗰邊可能<eos>
2018-07-11 13:14:19,018 (e2e_asr_attctc_th:2977) INFO: BLSTMP input lengths: [52]
2018-07-11 13:14:19,200 (e2e_asr_attctc_th:2067) INFO: input lengths: 13
2018-07-11 13:14:19,200 (e2e_asr_attctc_th:2091) INFO: max output length: 13
2018-07-11 13:14:19,200 (e2e_asr_attctc_th:2092) INFO: min output length: 0
2018-07-11 13:14:19,919 (e2e_asr_attctc_th:2199) INFO: end detected at 8
2018-07-11 13:14:19,920 (e2e_asr_attctc_th:2217) INFO: total log probability: -1.11046946049
2018-07-11 13:14:19,920 (e2e_asr_attctc_th:2218) INFO: normalized log probability: -0.370156486829
2018-07-11 13:14:19,921 (asr_pytorch:468) INFO: groundtruth[1502-1_spk_1502_1_049937-049991]: 昕皅
2018-07-11 13:14:19,922 (asr_pytorch:469) INFO: prediction [1502-1_spk_1502_1_049937-049991]: 嗯<eos>
2018-07-11 13:14:19,936 (e2e_asr_attctc_th:2977) INFO: BLSTMP input lengths: [121]
2018-07-11 13:14:20,264 (e2e_asr_attctc_th:2067) INFO: input lengths: 31
2018-07-11 13:14:20,265 (e2e_asr_attctc_th:2091) INFO: max output length: 31
2018-07-11 13:14:20,265 (e2e_asr_attctc_th:2092) INFO: min output length: 0
/home/lahiru/Devinstalls/espnet_new/espnet/src/nets/ctc_prefix_score.py:62: RuntimeWarning: invalid value encountered in logaddexp
  r_sum = self.xp.logaddexp(r_prev[:, 0], r_prev[:, 1])  # log(r_t^n(g) + r_t^b(g))
2018-07-11 13:14:21,354 (e2e_asr_attctc_th:2206) INFO: no hypothesis. Finish decoding.
2018-07-11 13:14:21,354 (e2e_asr_attctc_th:2217) INFO: total log probability: -5.47915789089
2018-07-11 13:14:21,354 (e2e_asr_attctc_th:2218) INFO: normalized log probability: -0.684894736361
2018-07-11 13:14:21,356 (asr_pytorch:468) INFO: groundtruth[1501-1_spk_1501_1_035424-035547]: 戳斌旬旅<unk>呯
2018-07-11 13:14:21,356 (asr_pytorch:469) INFO: prediction [1501-1_spk_1501_1_035424-035547]: 隻蘇入方麵呢<eos>
2018-07-11 13:14:21,373 (e2e_asr_attctc_th:2977) INFO: BLSTMP input lengths: [173]
2018-07-11 13:14:21,844 (e2e_asr_attctc_th:2067) INFO: input lengths: 44
2018-07-11 13:14:21,845 (e2e_asr_attctc_th:2091) INFO: max output length: 44
2018-07-11 13:14:21,846 (e2e_asr_attctc_th:2092) INFO: min output length: 0
2018-07-11 13:14:24,222 (e2e_asr_attctc_th:2199) INFO: end detected at 17
2018-07-11 13:14:24,223 (e2e_asr_attctc_th:2217) INFO: total log probability: -10.9033558778
2018-07-11 13:14:24,223 (e2e_asr_attctc_th:2218) INFO: normalized log probability: -0.908612989821
2018-07-11 13:14:24,225 (asr_pytorch:468) INFO: groundtruth[3_spk_3_047187-047362]: 尻XSXEP囤KF㨃毛倔朔
2018-07-11 13:14:24,226 (asr_pytorch:469) INFO: prediction [3_spk_3_047187-047362]: 大鋪頭死嘅但唔會講完<eos>
2018-07-11 13:14:24,240 (e2e_asr_attctc_th:2977) INFO: BLSTMP input lengths: [198]
2018-07-11 13:14:24,708 (e2e_asr_attctc_th:2067) INFO: input lengths: 50
2018-07-11 13:14:24,708 (e2e_asr_attctc_th:2091) INFO: max output length: 50
2018-07-11 13:14:24,708 (e2e_asr_attctc_th:2092) INFO: min output length: 0
2018-07-11 13:14:27,148 (e2e_asr_attctc_th:2199) INFO: end detected at 17
2018-07-11 13:14:27,148 (e2e_asr_attctc_th:2217) INFO: total log probability: -4.33258687332
2018-07-11 13:14:27,148 (e2e_asr_attctc_th:2218) INFO: normalized log probability: -0.36104890611
2018-07-11 13:14:27,150 (asr_pytorch:468) INFO: groundtruth[1505-1_spk_1505_1_087310-087510]: 俏啯俏啯冏鍋冏鍋咋
2018-07-11 13:14:27,150 (asr_pytorch:469) INFO: prediction [1505-1_spk_1505_1_087310-087510]: 啊而傢係啦冇錯冇錯得<eos>
2018-07-11 13:14:27,166 (e2e_asr_attctc_th:2977) INFO: BLSTMP input lengths: [473]
2018-07-11 13:14:27,946 (e2e_asr_attctc_th:2067) INFO: input lengths: 119
2018-07-11 13:14:27,946 (e2e_asr_attctc_th:2091) INFO: max output length: 119
2018-07-11 13:14:27,946 (e2e_asr_attctc_th:2092) INFO: min output length: 0
2018-07-11 13:14:32,744 (e2e_asr_attctc_th:2206) INFO: no hypothesis. Finish decoding.
2018-07-11 13:14:32,745 (e2e_asr_attctc_th:2217) INFO: total log probability: -19.8075887356
2018-07-11 13:14:32,745 (e2e_asr_attctc_th:2218) INFO: normalized log probability: -0.638954475342
2018-07-11 13:14:32,745 (asr_pytorch:468) INFO: groundtruth[1504-1_spk_1504_1_013050-013525]: 囹烕呯姚俏傾逮唪慪逮圎然院且綺耗<unk>尻毯輓尤旨兲各側刺柎啯耗<unk>
2018-07-11 13:14:32,745 (asr_pytorch:469) INFO: prediction [1504-1_spk_1504_1_013050-013525]: 咁埋呢即係全齣唔齣齣門網眼上網而傢就有時候公司做到噶啦而傢<eos>
2018-07-11 13:14:32,753 (e2e_asr_attctc_th:2977) INFO: BLSTMP input lengths: [20]
2018-07-11 13:14:32,795 (e2e_asr_attctc_th:2067) INFO: input lengths: 5
2018-07-11 13:14:32,796 (e2e_asr_attctc_th:2091) INFO: max output length: 5
2018-07-11 13:14:32,796 (e2e_asr_attctc_th:2092) INFO: min output length: 0
2018-07-11 13:14:32,980 (e2e_asr_attctc_th:2180) INFO: adding <eos> in the last postion in the loop
2018-07-11 13:14:32,980 (e2e_asr_attctc_th:2206) INFO: no hypothesis. Finish decoding.
2018-07-11 13:14:32,980 (e2e_asr_attctc_th:2217) INFO: total log probability: -0.154337302316
2018-07-11 13:14:32,980 (e2e_asr_attctc_th:2218) INFO: normalized log probability: -0.0514457674387
2018-07-11 13:14:32,981 (asr_pytorch:468) INFO: groundtruth[1505-2_spk_1505_2_058029-058052]: 丕
2018-07-11 13:14:32,981 (asr_pytorch:469) INFO: prediction [1505-2_spk_1505_2_058029-058052]: 啊<eos>
2018-07-11 13:14:32,989 (e2e_asr_attctc_th:2977) INFO: BLSTMP input lengths: [242]
2018-07-11 13:14:33,312 (e2e_asr_attctc_th:2067) INFO: input lengths: 61
2018-07-11 13:14:33,312 (e2e_asr_attctc_th:2091) INFO: max output length: 61
2018-07-11 13:14:33,312 (e2e_asr_attctc_th:2092) INFO: min output length: 0
2018-07-11 13:14:35,161 (e2e_asr_attctc_th:2199) INFO: end detected at 17
2018-07-11 13:14:35,161 (e2e_asr_attctc_th:2217) INFO: total log probability: -6.41459239926
2018-07-11 13:14:35,161 (e2e_asr_attctc_th:2218) INFO: normalized log probability: -0.493430184559
2018-07-11 13:14:35,162 (asr_pytorch:468) INFO: groundtruth[12_spk_12_056548-056791]: 咋B乒得囹烕佰見戛唪俏
2018-07-11 13:14:35,162 (asr_pytorch:469) INFO: prediction [12_spk_12_056548-056791]: 嗯誒誒邊就因為佢我唔係<eos>
2018-07-11 13:14:35,170 (e2e_asr_attctc_th:2977) INFO: BLSTMP input lengths: [201]
2018-07-11 13:14:35,442 (e2e_asr_attctc_th:2067) INFO: input lengths: 51
2018-07-11 13:14:35,442 (e2e_asr_attctc_th:2091) INFO: max output length: 51
2018-07-11 13:14:35,442 (e2e_asr_attctc_th:2092) INFO: min output length: 0
2018-07-11 13:14:37,063 (e2e_asr_attctc_th:2199) INFO: end detected at 17
2018-07-11 13:14:37,063 (e2e_asr_attctc_th:2217) INFO: total log probability: -11.868180871
2018-07-11 13:14:37,063 (e2e_asr_attctc_th:2218) INFO: normalized log probability: -1.07892553373
2018-07-11 13:14:37,065 (asr_pytorch:468) INFO: groundtruth[1503-1_spk_1503_1_095622-095825]: 戛冗幹佬町諛埗倔RYQFIV
2018-07-11 13:14:37,065 (asr_pytorch:469) INFO: prediction [1503-1_spk_1503_1_095622-095825]: 我打翻嚟發成咪講啦<eos>
2018-07-11 13:14:37,072 (e2e_asr_attctc_th:2977) INFO: BLSTMP input lengths: [198]
2018-07-11 13:14:37,341 (e2e_asr_attctc_th:2067) INFO: input lengths: 50
2018-07-11 13:14:37,342 (e2e_asr_attctc_th:2091) INFO: max output length: 50
2018-07-11 13:14:37,342 (e2e_asr_attctc_th:2092) INFO: min output length: 0
2018-07-11 13:14:38,630 (e2e_asr_attctc_th:2206) INFO: no hypothesis. Finish decoding.
2018-07-11 13:14:38,630 (e2e_asr_attctc_th:2217) INFO: total log probability: -7.23539113253
2018-07-11 13:14:38,630 (e2e_asr_attctc_th:2218) INFO: normalized log probability: -0.602949261044
2018-07-11 13:14:38,631 (asr_pytorch:468) INFO: groundtruth[1502-2_spk_1502_2_045350-045550]: 頻嗷幻鄔逆埗兮KF毯佬囖
2018-07-11 13:14:38,631 (asr_pytorch:469) INFO: prediction [1502-2_spk_1502_2_045350-045550]: 坐年都信啊兩件俾你咯<eos>
2018-07-11 13:14:38,640 (e2e_asr_attctc_th:2977) INFO: BLSTMP input lengths: [414]
2018-07-11 13:14:39,236 (e2e_asr_attctc_th:2067) INFO: input lengths: 104
2018-07-11 13:14:39,236 (e2e_asr_attctc_th:2091) INFO: max output length: 104
2018-07-11 13:14:39,237 (e2e_asr_attctc_th:2092) INFO: min output length: 0
2018-07-11 13:14:42,209 (e2e_asr_attctc_th:2199) INFO: end detected at 23
2018-07-11 13:14:42,209 (e2e_asr_attctc_th:2217) INFO: total log probability: -8.66269965097
2018-07-11 13:14:42,209 (e2e_asr_attctc_th:2218) INFO: normalized log probability: -0.541418728186
2018-07-11 13:14:42,212 (asr_pytorch:468) INFO: groundtruth[1504-1_spk_1504_1_046054-046470]: 哭哭咋樺樺囹烕咋旨囹烕戛址WQEVXSRIIV
2018-07-11 13:14:42,212 (asr_pytorch:469) INFO: prediction [1504-1_spk_1504_1_046054-046470]: 哈咁樣因為咁嘅因為我哋媽通誒<eos>
2018-07-11 13:14:42,225 (e2e_asr_attctc_th:2977) INFO: BLSTMP input lengths: [163]
2018-07-11 13:14:42,495 (e2e_asr_attctc_th:2067) INFO: input lengths: 41
2018-07-11 13:14:42,496 (e2e_asr_attctc_th:2091) INFO: max output length: 41
2018-07-11 13:14:42,496 (e2e_asr_attctc_th:2092) INFO: min output length: 0
2018-07-11 13:14:44,090 (e2e_asr_attctc_th:2199) INFO: end detected at 16
2018-07-11 13:14:44,090 (e2e_asr_attctc_th:2217) INFO: total log probability: -7.3328977935
2018-07-11 13:14:44,090 (e2e_asr_attctc_th:2218) INFO: normalized log probability: -0.73328977935
2018-07-11 13:14:44,092 (asr_pytorch:468) INFO: groundtruth[3_spk_3_048370-048535]: 鄔俏兵KF差吃㨃啯
2018-07-11 13:14:44,093 (asr_pytorch:469) INFO: prediction [3_spk_3_048370-048535]: 都會係六激嗰有啊<eos>
2018-07-11 13:14:44,102 (e2e_asr_attctc_th:2977) INFO: BLSTMP input lengths: [100]
2018-07-11 13:14:44,255 (e2e_asr_attctc_th:2067) INFO: input lengths: 25
2018-07-11 13:14:44,256 (e2e_asr_attctc_th:2091) INFO: max output length: 25
2018-07-11 13:14:44,256 (e2e_asr_attctc_th:2092) INFO: min output length: 0
2018-07-11 13:14:45,559 (e2e_asr_attctc_th:2199) INFO: end detected at 15
2018-07-11 13:14:45,559 (e2e_asr_attctc_th:2217) INFO: total log probability: -8.35996507108
2018-07-11 13:14:45,559 (e2e_asr_attctc_th:2218) INFO: normalized log probability: -0.835996507108
2018-07-11 13:14:45,560 (asr_pytorch:468) INFO: groundtruth[3_spk_3_044630-044732]: 扚檀尻然乳嘍
2018-07-11 13:14:45,560 (asr_pytorch:469) INFO: prediction [3_spk_3_044630-044732]: 但係啊幾有用乜嘅<eos>
2018-07-11 13:14:45,568 (e2e_asr_attctc_th:2977) INFO: BLSTMP input lengths: [111]
2018-07-11 13:14:45,779 (e2e_asr_attctc_th:2067) INFO: input lengths: 28
2018-07-11 13:14:45,780 (e2e_asr_attctc_th:2091) INFO: max output length: 28
2018-07-11 13:14:45,780 (e2e_asr_attctc_th:2092) INFO: min output length: 0
2018-07-11 13:14:46,625 (e2e_asr_attctc_th:2199) INFO: end detected at 10
2018-07-11 13:14:46,625 (e2e_asr_attctc_th:2217) INFO: total log probability: -4.84941086918
2018-07-11 13:14:46,625 (e2e_asr_attctc_th:2218) INFO: normalized log probability: -0.808235144864
2018-07-11 13:14:46,626 (asr_pytorch:468) INFO: groundtruth[1502-1_spk_1502_1_063835-063948]: 粘粘巉粘巉
2018-07-11 13:14:46,627 (asr_pytorch:469) INFO: prediction [1502-1_spk_1502_1_063835-063948]: 搵日真係<eos>
2018-07-11 13:14:46,634 (e2e_asr_attctc_th:2977) INFO: BLSTMP input lengths: [165]
2018-07-11 13:14:46,870 (e2e_asr_attctc_th:2067) INFO: input lengths: 42
2018-07-11 13:14:46,870 (e2e_asr_attctc_th:2091) INFO: max output length: 42
2018-07-11 13:14:46,870 (e2e_asr_attctc_th:2092) INFO: min output length: 0
2018-07-11 13:14:48,120 (e2e_asr_attctc_th:2199) INFO: end detected at 14
2018-07-11 13:14:48,121 (e2e_asr_attctc_th:2217) INFO: total log probability: -5.15601679683
2018-07-11 13:14:48,121 (e2e_asr_attctc_th:2218) INFO: normalized log probability: -0.572890755203
2018-07-11 13:14:48,122 (asr_pytorch:468) INFO: groundtruth[1502-1_spk_1502_1_062870-063037]: 妊呈逆道嚦毯戛呈
2018-07-11 13:14:48,123 (asr_pytorch:469) INFO: prediction [1502-1_spk_1502_1_062870-063037]: 我啊仲話俾我啊<eos>
2018-07-11 13:14:48,130 (e2e_asr_attctc_th:2977) INFO: BLSTMP input lengths: [304]
2018-07-11 13:14:48,560 (e2e_asr_attctc_th:2067) INFO: input lengths: 76
2018-07-11 13:14:48,560 (e2e_asr_attctc_th:2091) INFO: max output length: 76
2018-07-11 13:14:48,560 (e2e_asr_attctc_th:2092) INFO: min output length: 0
2018-07-11 13:14:50,442 (e2e_asr_attctc_th:2199) INFO: end detected at 17
2018-07-11 13:14:50,442 (e2e_asr_attctc_th:2217) INFO: total log probability: -12.1928593963
2018-07-11 13:14:50,442 (e2e_asr_attctc_th:2218) INFO: normalized log probability: -1.01607161636
2018-07-11 13:14:50,443 (asr_pytorch:468) INFO: groundtruth[1501-2_spk_1501_2_076212-076518]: 哭佰戳斌旬未俏卉乸蚊囖
2018-07-11 13:14:50,444 (asr_pytorch:469) INFO: prediction [1501-2_spk_1501_2_076212-076518]: <SPK/>佢亦就係期係特九個<eos>
2018-07-11 13:14:50,452 (e2e_asr_attctc_th:2977) INFO: BLSTMP input lengths: [173]
2018-07-11 13:14:50,693 (e2e_asr_attctc_th:2067) INFO: input lengths: 44
2018-07-11 13:14:50,694 (e2e_asr_attctc_th:2091) INFO: max output length: 44
2018-07-11 13:14:50,694 (e2e_asr_attctc_th:2092) INFO: min output length: 0
2018-07-11 13:14:52,433 (e2e_asr_attctc_th:2206) INFO: no hypothesis. Finish decoding.
2018-07-11 13:14:52,433 (e2e_asr_attctc_th:2217) INFO: total log probability: -9.94728638977
2018-07-11 13:14:52,433 (e2e_asr_attctc_th:2218) INFO: normalized log probability: -0.621705399361
2018-07-11 13:14:52,434 (asr_pytorch:468) INFO: groundtruth[1502-2_spk_1502_2_056979-057154]: 妍枱SZIV咩肺宣鄔召討錯啯
2018-07-11 13:14:52,434 (asr_pytorch:469) INFO: prediction [1502-2_spk_1502_2_056979-057154]: 如果OVER咗喺邊個零提前啦<eos>
2018-07-11 13:14:52,442 (e2e_asr_attctc_th:2977) INFO: BLSTMP input lengths: [196]
2018-07-11 13:14:52,709 (e2e_asr_attctc_th:2067) INFO: input lengths: 49
2018-07-11 13:14:52,709 (e2e_asr_attctc_th:2091) INFO: max output length: 49
2018-07-11 13:14:52,709 (e2e_asr_attctc_th:2092) INFO: min output length: 0
2018-07-11 13:14:53,998 (e2e_asr_attctc_th:2206) INFO: no hypothesis. Finish decoding.
2018-07-11 13:14:53,998 (e2e_asr_attctc_th:2217) INFO: total log probability: -1.57112900075
2018-07-11 13:14:53,998 (e2e_asr_attctc_th:2218) INFO: normalized log probability: -0.142829909159
2018-07-11 13:14:53,999 (asr_pytorch:468) INFO: groundtruth[1505-1_spk_1505_1_070730-070928]: 妍枱45旨誅戛址
2018-07-11 13:14:53,999 (asr_pytorch:469) INFO: prediction [1505-1_spk_1505_1_070730-070928]: 如果四點五隻話我哋<eos>
2018-07-11 13:14:54,006 (e2e_asr_attctc_th:2977) INFO: BLSTMP input lengths: [81]
2018-07-11 13:14:54,155 (e2e_asr_attctc_th:2067) INFO: input lengths: 21
2018-07-11 13:14:54,156 (e2e_asr_attctc_th:2091) INFO: max output length: 21
2018-07-11 13:14:54,156 (e2e_asr_attctc_th:2092) INFO: min output length: 0
2018-07-11 13:14:54,374 (e2e_asr_attctc_th:2206) INFO: no hypothesis. Finish decoding.
2018-07-11 13:14:54,374 (e2e_asr_attctc_th:2217) INFO: total log probability: -1.53780448029
2018-07-11 13:14:54,374 (e2e_asr_attctc_th:2218) INFO: normalized log probability: -0.384451120073
2018-07-11 13:14:54,375 (asr_pytorch:468) INFO: groundtruth[1504-1_spk_1504_1_000000-000083]: 喇佬妊
2018-07-11 13:14:54,375 (asr_pytorch:469) INFO: prediction [1504-1_spk_1504_1_000000-000083]: 快有<eos>
2018-07-11 13:14:54,382 (e2e_asr_attctc_th:2977) INFO: BLSTMP input lengths: [50]
2018-07-11 13:14:54,468 (e2e_asr_attctc_th:2067) INFO: input lengths: 13
2018-07-11 13:14:54,469 (e2e_asr_attctc_th:2091) INFO: max output length: 13
2018-07-11 13:14:54,469 (e2e_asr_attctc_th:2092) INFO: min output length: 0
2018-07-11 13:14:54,913 (e2e_asr_attctc_th:2199) INFO: end detected at 7
2018-07-11 13:14:54,914 (e2e_asr_attctc_th:2217) INFO: total log probability: -0.0873933644034
2018-07-11 13:14:54,914 (e2e_asr_attctc_th:2218) INFO: normalized log probability: -0.0291311214678
2018-07-11 13:14:54,915 (asr_pytorch:468) INFO: groundtruth[1501-1_spk_1501_1_029669-029720]: 俏
2018-07-11 13:14:54,915 (asr_pytorch:469) INFO: prediction [1501-1_spk_1501_1_029669-029720]: 係<eos>
2018-07-11 13:14:54,923 (e2e_asr_attctc_th:2977) INFO: BLSTMP input lengths: [182]
2018-07-11 13:14:55,180 (e2e_asr_attctc_th:2067) INFO: input lengths: 46
2018-07-11 13:14:55,181 (e2e_asr_attctc_th:2091) INFO: max output length: 46
2018-07-11 13:14:55,181 (e2e_asr_attctc_th:2092) INFO: min output length: 0
2018-07-11 13:14:56,582 (e2e_asr_attctc_th:2199) INFO: end detected at 14
2018-07-11 13:14:56,583 (e2e_asr_attctc_th:2217) INFO: total log probability: -5.18724791659
2018-07-11 13:14:56,583 (e2e_asr_attctc_th:2218) INFO: normalized log probability: -0.518724791659
2018-07-11 13:14:56,585 (asr_pytorch:468) INFO: groundtruth[1501-1_spk_1501_1_022849-023033]: 倔<unk>賀省巴唪夭囖
2018-07-11 13:14:56,585 (asr_pytorch:469) INFO: prediction [1501-1_spk_1501_1_022849-023033]: 個颱曬相差唔大咯<eos>
2018-07-11 13:14:56,595 (e2e_asr_attctc_th:2977) INFO: BLSTMP input lengths: [393]
2018-07-11 13:14:57,244 (e2e_asr_attctc_th:2067) INFO: input lengths: 99
2018-07-11 13:14:57,245 (e2e_asr_attctc_th:2091) INFO: max output length: 99
2018-07-11 13:14:57,245 (e2e_asr_attctc_th:2092) INFO: min output length: 0
2018-07-11 13:15:00,503 (e2e_asr_attctc_th:2206) INFO: no hypothesis. Finish decoding.
2018-07-11 13:15:00,503 (e2e_asr_attctc_th:2217) INFO: total log probability: -12.4102628608
2018-07-11 13:15:00,503 (e2e_asr_attctc_th:2218) INFO: normalized log probability: -0.590964898134
2018-07-11 13:15:00,504 (asr_pytorch:468) INFO: groundtruth[1503-2_spk_1503_2_092456-092851]: 哭姚俏化曳手朕釗尻106B106蚧
2018-07-11 13:15:00,504 (asr_pytorch:469) INFO: prediction [1503-2_spk_1503_2_092456-092851]: 啊即係包曬所有嘢就一個零到第一百零六蚊<eos>
2018-07-11 13:15:00,512 (e2e_asr_attctc_th:2977) INFO: BLSTMP input lengths: [290]
2018-07-11 13:15:00,946 (e2e_asr_attctc_th:2067) INFO: input lengths: 73
2018-07-11 13:15:00,946 (e2e_asr_attctc_th:2091) INFO: max output length: 73
2018-07-11 13:15:00,946 (e2e_asr_attctc_th:2092) INFO: min output length: 0
2018-07-11 13:15:03,094 (e2e_asr_attctc_th:2199) INFO: end detected at 17
2018-07-11 13:15:03,094 (e2e_asr_attctc_th:2217) INFO: total log probability: -6.87495405972
2018-07-11 13:15:03,094 (e2e_asr_attctc_th:2218) INFO: normalized log probability: -0.687495405972
2018-07-11 13:15:03,097 (asr_pytorch:468) INFO: groundtruth[1505-1_spk_1505_1_045564-045856]: 俏啯俏啯囹烕QF傾
2018-07-11 13:15:03,097 (asr_pytorch:469) INFO: prediction [1505-1_spk_1505_1_045564-045856]: 係啊係啊所有NB<eos>
2018-07-11 13:15:03,110 (e2e_asr_attctc_th:2977) INFO: BLSTMP input lengths: [147]
2018-07-11 13:15:03,449 (e2e_asr_attctc_th:2067) INFO: input lengths: 37
2018-07-11 13:15:03,449 (e2e_asr_attctc_th:2091) INFO: max output length: 37
2018-07-11 13:15:03,449 (e2e_asr_attctc_th:2092) INFO: min output length: 0
2018-07-11 13:15:05,591 (e2e_asr_attctc_th:2199) INFO: end detected at 16
2018-07-11 13:15:05,592 (e2e_asr_attctc_th:2217) INFO: total log probability: -7.12224288099
2018-07-11 13:15:05,592 (e2e_asr_attctc_th:2218) INFO: normalized log probability: -0.647476625544
2018-07-11 13:15:05,593 (asr_pytorch:468) INFO: groundtruth[1502-2_spk_1502_2_087693-087842]: B序朔伍刺未呈佬朕冏
2018-07-11 13:15:05,594 (asr_pytorch:469) INFO: prediction [1502-2_spk_1502_2_087693-087842]: 誒幾月份到其啊你冇<eos>
2018-07-11 13:15:05,608 (e2e_asr_attctc_th:2977) INFO: BLSTMP input lengths: [142]
2018-07-11 13:15:05,959 (e2e_asr_attctc_th:2067) INFO: input lengths: 36
2018-07-11 13:15:05,960 (e2e_asr_attctc_th:2091) INFO: max output length: 36
2018-07-11 13:15:05,960 (e2e_asr_attctc_th:2092) INFO: min output length: 0
2018-07-11 13:15:07,258 (e2e_asr_attctc_th:2206) INFO: no hypothesis. Finish decoding.
2018-07-11 13:15:07,259 (e2e_asr_attctc_th:2217) INFO: total log probability: -2.51799373038
2018-07-11 13:15:07,259 (e2e_asr_attctc_th:2218) INFO: normalized log probability: -0.279777081153
2018-07-11 13:15:07,260 (asr_pytorch:468) INFO: groundtruth[1502-1_spk_1502_1_022392-022536]: 煉得丐皆蚧公囖
2018-07-11 13:15:07,260 (asr_pytorch:469) INFO: prediction [1502-1_spk_1502_1_022392-022536]: 以後單八分耐咯<eos>
2018-07-11 13:15:07,276 (e2e_asr_attctc_th:2977) INFO: BLSTMP input lengths: [258]
2018-07-11 13:15:07,998 (e2e_asr_attctc_th:2067) INFO: input lengths: 65
2018-07-11 13:15:07,999 (e2e_asr_attctc_th:2091) INFO: max output length: 65
2018-07-11 13:15:07,999 (e2e_asr_attctc_th:2092) INFO: min output length: 0
2018-07-11 13:15:10,906 (e2e_asr_attctc_th:2199) INFO: end detected at 18
2018-07-11 13:15:10,907 (e2e_asr_attctc_th:2217) INFO: total log probability: -17.0952180028
2018-07-11 13:15:10,907 (e2e_asr_attctc_th:2218) INFO: normalized log probability: -1.42460150023
2018-07-11 13:15:10,908 (asr_pytorch:468) INFO: groundtruth[8_spk_8_059890-060150]: 咋頻倔兮幻呯眯俏放從妊巴
2018-07-11 13:15:10,908 (asr_pytorch:469) INFO: prediction [8_spk_8_059890-060150]: 你整直小真時覺就冇得<eos>
2018-07-11 13:15:10,922 (e2e_asr_attctc_th:2977) INFO: BLSTMP input lengths: [63]
2018-07-11 13:15:11,104 (e2e_asr_attctc_th:2067) INFO: input lengths: 16
2018-07-11 13:15:11,105 (e2e_asr_attctc_th:2091) INFO: max output length: 16
2018-07-11 13:15:11,105 (e2e_asr_attctc_th:2092) INFO: min output length: 0
2018-07-11 13:15:11,569 (e2e_asr_attctc_th:2206) INFO: no hypothesis. Finish decoding.
2018-07-11 13:15:11,570 (e2e_asr_attctc_th:2217) INFO: total log probability: -2.85863029025
2018-07-11 13:15:11,570 (e2e_asr_attctc_th:2218) INFO: normalized log probability: -0.571726058051
2018-07-11 13:15:11,571 (asr_pytorch:468) INFO: groundtruth[1502-2_spk_1502_2_074021-074086]: 愈啞迫
2018-07-11 13:15:11,571 (asr_pytorch:469) INFO: prediction [1502-2_spk_1502_2_074021-074086]: 想問翻<eos>
2018-07-11 13:15:11,585 (e2e_asr_attctc_th:2977) INFO: BLSTMP input lengths: [245]
2018-07-11 13:15:12,210 (e2e_asr_attctc_th:2067) INFO: input lengths: 62
2018-07-11 13:15:12,211 (e2e_asr_attctc_th:2091) INFO: max output length: 62
2018-07-11 13:15:12,211 (e2e_asr_attctc_th:2092) INFO: min output length: 0
2018-07-11 13:15:15,363 (e2e_asr_attctc_th:2199) INFO: end detected at 24
2018-07-11 13:15:15,364 (e2e_asr_attctc_th:2217) INFO: total log probability: -25.3381997645
2018-07-11 13:15:15,364 (e2e_asr_attctc_th:2218) INFO: normalized log probability: -1.40767776469
2018-07-11 13:15:15,366 (asr_pytorch:468) INFO: groundtruth[8_spk_8_011045-011292]: 宙六扚唪刺霆誅三扚霆誅尻旁緣
2018-07-11 13:15:15,366 (asr_pytorch:469) INFO: prediction [8_spk_8_011045-011292]: 然後成唔係好似冇食一齊買一舊期嘅<eos>
2018-07-11 13:15:15,380 (e2e_asr_attctc_th:2977) INFO: BLSTMP input lengths: [328]
2018-07-11 13:15:15,914 (e2e_asr_attctc_th:2067) INFO: input lengths: 82
2018-07-11 13:15:15,916 (e2e_asr_attctc_th:2091) INFO: max output length: 82
2018-07-11 13:15:15,916 (e2e_asr_attctc_th:2092) INFO: min output length: 0
2018-07-11 13:15:19,316 (e2e_asr_attctc_th:2206) INFO: no hypothesis. Finish decoding.
2018-07-11 13:15:19,316 (e2e_asr_attctc_th:2217) INFO: total log probability: -6.36391622038
2018-07-11 13:15:19,316 (e2e_asr_attctc_th:2218) INFO: normalized log probability: -0.276692009582
2018-07-11 13:15:19,317 (asr_pytorch:468) INFO: groundtruth[3_spk_3_035175-035505]: 咋戛司件倍畸兮倔朔嘍三倔凊靦未倍畸酋用佬嘍
2018-07-11 13:15:19,317 (asr_pytorch:469) INFO: prediction [3_spk_3_035175-035505]: 咁我可以俾翻兩個月嘅一個冷性期俾翻辦山嚟嘅<eos>
2018-07-11 13:15:19,325 (e2e_asr_attctc_th:2977) INFO: BLSTMP input lengths: [198]
2018-07-11 13:15:19,595 (e2e_asr_attctc_th:2067) INFO: input lengths: 50
2018-07-11 13:15:19,596 (e2e_asr_attctc_th:2091) INFO: max output length: 50
2018-07-11 13:15:19,596 (e2e_asr_attctc_th:2092) INFO: min output length: 0
2018-07-11 13:15:21,353 (e2e_asr_attctc_th:2206) INFO: no hypothesis. Finish decoding.
2018-07-11 13:15:21,353 (e2e_asr_attctc_th:2217) INFO: total log probability: -5.0337517946
2018-07-11 13:15:21,353 (e2e_asr_attctc_th:2218) INFO: normalized log probability: -0.335583452974
2018-07-11 13:15:21,354 (asr_pytorch:468) INFO: groundtruth[3_spk_3_038260-038460]: 279哲倔億錯呯俏眯俏佔嘍
2018-07-11 13:15:21,354 (asr_pytorch:469) INFO: prediction [3_spk_3_038260-038460]: 以七九呢個價錢呢係真係低嘅<eos>
2018-07-11 13:15:21,367 (e2e_asr_attctc_th:2977) INFO: BLSTMP input lengths: [74]
2018-07-11 13:15:21,526 (e2e_asr_attctc_th:2067) INFO: input lengths: 19
2018-07-11 13:15:21,526 (e2e_asr_attctc_th:2091) INFO: max output length: 19
2018-07-11 13:15:21,526 (e2e_asr_attctc_th:2092) INFO: min output length: 0
2018-07-11 13:15:22,303 (e2e_asr_attctc_th:2199) INFO: end detected at 10
2018-07-11 13:15:22,304 (e2e_asr_attctc_th:2217) INFO: total log probability: -1.63501686603
2018-07-11 13:15:22,304 (e2e_asr_attctc_th:2218) INFO: normalized log probability: -0.408754216507
2018-07-11 13:15:22,305 (asr_pytorch:468) INFO: groundtruth[1504-2_spk_1504_2_105552-105628]: SO
2018-07-11 13:15:22,306 (asr_pytorch:469) INFO: prediction [1504-2_spk_1504_2_105552-105628]: OK<eos>
2018-07-11 13:15:22,320 (e2e_asr_attctc_th:2977) INFO: BLSTMP input lengths: [323]
2018-07-11 13:15:23,070 (e2e_asr_attctc_th:2067) INFO: input lengths: 81
2018-07-11 13:15:23,071 (e2e_asr_attctc_th:2091) INFO: max output length: 81
2018-07-11 13:15:23,071 (e2e_asr_attctc_th:2092) INFO: min output length: 0
2018-07-11 13:15:25,687 (e2e_asr_attctc_th:2206) INFO: no hypothesis. Finish decoding.
2018-07-11 13:15:25,687 (e2e_asr_attctc_th:2217) INFO: total log probability: -7.89732401678
2018-07-11 13:15:25,687 (e2e_asr_attctc_th:2218) INFO: normalized log probability: -0.438740223155
2018-07-11 13:15:25,688 (asr_pytorch:468) INFO: groundtruth[1505-1_spk_1505_1_001297-001622]: 俏妍枱俏蘸枱嗷啼尻司脇服朕尤尤窟旨
2018-07-11 13:15:25,688 (asr_pytorch:469) INFO: prediction [1505-1_spk_1505_1_001297-001622]: 係如果係蘋果嗰啲就可能會有小質嘅<eos>
2018-07-11 13:15:25,696 (e2e_asr_attctc_th:2977) INFO: BLSTMP input lengths: [242]
2018-07-11 13:15:26,061 (e2e_asr_attctc_th:2067) INFO: input lengths: 61
2018-07-11 13:15:26,062 (e2e_asr_attctc_th:2091) INFO: max output length: 61
2018-07-11 13:15:26,062 (e2e_asr_attctc_th:2092) INFO: min output length: 0
2018-07-11 13:15:28,952 (e2e_asr_attctc_th:2199) INFO: end detected at 20
2018-07-11 13:15:28,952 (e2e_asr_attctc_th:2217) INFO: total log probability: -5.83972188318
2018-07-11 13:15:28,952 (e2e_asr_attctc_th:2218) INFO: normalized log probability: -0.364982617699
2018-07-11 13:15:28,955 (asr_pytorch:468) INFO: groundtruth[1501-1_spk_1501_1_082884-083128]: 咋佬尻迫妍枱佬吔皂訢仇兮倔仇
2018-07-11 13:15:28,955 (asr_pytorch:469) INFO: prediction [1501-1_spk_1501_1_082884-083128]: 咁你走翻如果你同跟著人兩個人<eos>
2018-07-11 13:15:28,972 (e2e_asr_attctc_th:2977) INFO: BLSTMP input lengths: [236]
2018-07-11 13:15:29,547 (e2e_asr_attctc_th:2067) INFO: input lengths: 59
2018-07-11 13:15:29,548 (e2e_asr_attctc_th:2091) INFO: max output length: 59
2018-07-11 13:15:29,549 (e2e_asr_attctc_th:2092) INFO: min output length: 0
2018-07-11 13:15:33,044 (e2e_asr_attctc_th:2199) INFO: end detected at 20
2018-07-11 13:15:33,045 (e2e_asr_attctc_th:2217) INFO: total log probability: -6.49795419583
2018-07-11 13:15:33,045 (e2e_asr_attctc_th:2218) INFO: normalized log probability: -0.433196946389
2018-07-11 13:15:33,049 (asr_pytorch:468) INFO: groundtruth[1501-2_spk_1501_2_081813-082051]: 肇旬冗扚霆誅毯佬S唪SO呈
2018-07-11 13:15:33,049 (asr_pytorch:469) INFO: prediction [1501-2_spk_1501_2_081813-082051]: 聽日就去打電話俾你又冇K啊<eos>
2018-07-11 13:15:33,063 (e2e_asr_attctc_th:2977) INFO: BLSTMP input lengths: [70]
2018-07-11 13:15:33,203 (e2e_asr_attctc_th:2067) INFO: input lengths: 18
2018-07-11 13:15:33,203 (e2e_asr_attctc_th:2091) INFO: max output length: 18
2018-07-11 13:15:33,203 (e2e_asr_attctc_th:2092) INFO: min output length: 0
2018-07-11 13:15:33,975 (e2e_asr_attctc_th:2199) INFO: end detected at 11
2018-07-11 13:15:33,975 (e2e_asr_attctc_th:2217) INFO: total log probability: -2.09906416759
2018-07-11 13:15:33,975 (e2e_asr_attctc_th:2218) INFO: normalized log probability: -0.349844027931
2018-07-11 13:15:33,976 (asr_pytorch:468) INFO: groundtruth[1505-2_spk_1505_2_097688-097760]: 戛宥<unk>啞佬
2018-07-11 13:15:33,976 (asr_pytorch:469) INFO: prediction [1505-2_spk_1505_2_097688-097760]: 我都問你<eos>
2018-07-11 13:15:33,984 (e2e_asr_attctc_th:2977) INFO: BLSTMP input lengths: [318]
2018-07-11 13:15:34,451 (e2e_asr_attctc_th:2067) INFO: input lengths: 80
2018-07-11 13:15:34,452 (e2e_asr_attctc_th:2091) INFO: max output length: 80
2018-07-11 13:15:34,452 (e2e_asr_attctc_th:2092) INFO: min output length: 0
2018-07-11 13:15:37,196 (e2e_asr_attctc_th:2206) INFO: no hypothesis. Finish decoding.
2018-07-11 13:15:37,196 (e2e_asr_attctc_th:2217) INFO: total log probability: -9.22833189368
2018-07-11 13:15:37,197 (e2e_asr_attctc_th:2218) INFO: normalized log probability: -0.461416594684
2018-07-11 13:15:37,198 (asr_pytorch:468) INFO: groundtruth[3_spk_3_025442-025762]: 咋倔望募公密三樺鄔俏世谘嘍尻兮幻<unk>紋
2018-07-11 13:15:37,198 (asr_pytorch:469) INFO: prediction [3_spk_3_025442-025762]: 咁我服務內容一樣都係北變嘅就兩年閤約<eos>
2018-07-11 13:15:37,210 (e2e_asr_attctc_th:2977) INFO: BLSTMP input lengths: [198]
2018-07-11 13:15:37,552 (e2e_asr_attctc_th:2067) INFO: input lengths: 50
2018-07-11 13:15:37,552 (e2e_asr_attctc_th:2091) INFO: max output length: 50
2018-07-11 13:15:37,552 (e2e_asr_attctc_th:2092) INFO: min output length: 0
2018-07-11 13:15:39,243 (e2e_asr_attctc_th:2199) INFO: end detected at 17
2018-07-11 13:15:39,243 (e2e_asr_attctc_th:2217) INFO: total log probability: -9.94357624743
2018-07-11 13:15:39,243 (e2e_asr_attctc_th:2218) INFO: normalized log probability: -0.903961477039
2018-07-11 13:15:39,244 (asr_pytorch:468) INFO: groundtruth[12_spk_12_061926-062126]: 哭召討柎呯序旬
2018-07-11 13:15:39,244 (asr_pytorch:469) INFO: prediction [12_spk_12_061926-062126]: 我哋你成次啊呢幾日<eos>
2018-07-11 13:15:39,251 (e2e_asr_attctc_th:2977) INFO: BLSTMP input lengths: [60]
2018-07-11 13:15:39,385 (e2e_asr_attctc_th:2067) INFO: input lengths: 15
2018-07-11 13:15:39,385 (e2e_asr_attctc_th:2091) INFO: max output length: 15
2018-07-11 13:15:39,385 (e2e_asr_attctc_th:2092) INFO: min output length: 0
2018-07-11 13:15:40,013 (e2e_asr_attctc_th:2199) INFO: end detected at 10
2018-07-11 13:15:40,014 (e2e_asr_attctc_th:2217) INFO: total log probability: -4.20441585779
2018-07-11 13:15:40,014 (e2e_asr_attctc_th:2218) INFO: normalized log probability: -1.05110396445
2018-07-11 13:15:40,015 (asr_pytorch:468) INFO: groundtruth[1501-1_spk_1501_1_001655-001717]: B
2018-07-11 13:15:40,016 (asr_pytorch:469) INFO: prediction [1501-1_spk_1501_1_001655-001717]: **<eos>
2018-07-11 13:15:40,024 (e2e_asr_attctc_th:2977) INFO: BLSTMP input lengths: [218]
2018-07-11 13:15:40,476 (e2e_asr_attctc_th:2067) INFO: input lengths: 55
2018-07-11 13:15:40,476 (e2e_asr_attctc_th:2091) INFO: max output length: 55
2018-07-11 13:15:40,477 (e2e_asr_attctc_th:2092) INFO: min output length: 0
2018-07-11 13:15:42,612 (e2e_asr_attctc_th:2206) INFO: no hypothesis. Finish decoding.
2018-07-11 13:15:42,612 (e2e_asr_attctc_th:2217) INFO: total log probability: -10.7237075393
2018-07-11 13:15:42,612 (e2e_asr_attctc_th:2218) INFO: normalized log probability: -0.630806325839
2018-07-11 13:15:42,612 (asr_pytorch:468) INFO: groundtruth[1502-2_spk_1502_2_081769-081989]: 堅杉且鄔懵誆天由㨃啯潤用<unk>嘢
2018-07-11 13:15:42,613 (asr_pytorch:469) INFO: prediction [1502-2_spk_1502_2_081769-081989]: 基本上應該都夠用佢嚟啦本身啊嘛<eos>
2018-07-11 13:15:42,623 (e2e_asr_attctc_th:2977) INFO: BLSTMP input lengths: [728]
2018-07-11 13:15:43,644 (e2e_asr_attctc_th:2067) INFO: input lengths: 182
2018-07-11 13:15:43,644 (e2e_asr_attctc_th:2091) INFO: max output length: 182
2018-07-11 13:15:43,644 (e2e_asr_attctc_th:2092) INFO: min output length: 0
2018-07-11 13:15:52,408 (e2e_asr_attctc_th:2199) INFO: end detected at 46
2018-07-11 13:15:52,409 (e2e_asr_attctc_th:2217) INFO: total log probability: -37.4417804088
2018-07-11 13:15:52,409 (e2e_asr_attctc_th:2218) INFO: normalized log probability: -0.913214156313
2018-07-11 13:15:52,410 (asr_pytorch:468) INFO: groundtruth[1503-1_spk_1503_1_079350-080080]: 哭唪津唪津唪津佬刺B刺晏旨誅呯佬司件可戛址吔井幹佬TVMRX迫佬少<unk>旨霆字帽喵<unk>黒
2018-07-11 13:15:52,411 (asr_pytorch:469) INFO: prediction [1503-1_spk_1503_1_079350-080080]: 人但係唔使擺一個誒到時嘅話呢你哋可以叫我哋隨時方嚟先翻嚟就要颱嘅電子上係翻齣嚟<eos>
2018-07-11 13:15:52,418 (e2e_asr_attctc_th:2977) INFO: BLSTMP input lengths: [82]
2018-07-11 13:15:52,550 (e2e_asr_attctc_th:2067) INFO: input lengths: 21
2018-07-11 13:15:52,550 (e2e_asr_attctc_th:2091) INFO: max output length: 21
2018-07-11 13:15:52,550 (e2e_asr_attctc_th:2092) INFO: min output length: 0
2018-07-11 13:15:53,482 (e2e_asr_attctc_th:2199) INFO: end detected at 11
2018-07-11 13:15:53,482 (e2e_asr_attctc_th:2217) INFO: total log probability: -1.58767243847
2018-07-11 13:15:53,482 (e2e_asr_attctc_th:2218) INFO: normalized log probability: -0.226810348353
2018-07-11 13:15:53,484 (asr_pytorch:468) INFO: groundtruth[1502-2_spk_1502_2_092162-092246]: 啵疊煉啯
2018-07-11 13:15:53,485 (asr_pytorch:469) INFO: prediction [1502-2_spk_1502_2_092162-092246]: 即係當然啦<eos>
2018-07-11 13:15:53,498 (e2e_asr_attctc_th:2977) INFO: BLSTMP input lengths: [23]
2018-07-11 13:15:53,605 (e2e_asr_attctc_th:2067) INFO: input lengths: 6
2018-07-11 13:15:53,606 (e2e_asr_attctc_th:2091) INFO: max output length: 6
2018-07-11 13:15:53,606 (e2e_asr_attctc_th:2092) INFO: min output length: 0
2018-07-11 13:15:54,060 (e2e_asr_attctc_th:2180) INFO: adding <eos> in the last postion in the loop
2018-07-11 13:15:54,061 (e2e_asr_attctc_th:2206) INFO: no hypothesis. Finish decoding.
2018-07-11 13:15:54,061 (e2e_asr_attctc_th:2217) INFO: total log probability: -0.383806872298
2018-07-11 13:15:54,061 (e2e_asr_attctc_th:2218) INFO: normalized log probability: -0.0959517180745
2018-07-11 13:15:54,062 (asr_pytorch:468) INFO: groundtruth[1501-2_spk_1501_2_004883-004908]: 啵
2018-07-11 13:15:54,062 (asr_pytorch:469) INFO: prediction [1501-2_spk_1501_2_004883-004908]: 即係<eos>
2018-07-11 13:15:54,073 (e2e_asr_attctc_th:2977) INFO: BLSTMP input lengths: [309]
2018-07-11 13:15:54,551 (e2e_asr_attctc_th:2067) INFO: input lengths: 78
2018-07-11 13:15:54,551 (e2e_asr_attctc_th:2091) INFO: max output length: 78
2018-07-11 13:15:54,551 (e2e_asr_attctc_th:2092) INFO: min output length: 0
2018-07-11 13:15:56,952 (e2e_asr_attctc_th:2199) INFO: end detected at 21
2018-07-11 13:15:56,952 (e2e_asr_attctc_th:2217) INFO: total log probability: -9.0902780015
2018-07-11 13:15:56,952 (e2e_asr_attctc_th:2218) INFO: normalized log probability: -0.649305571536
2018-07-11 13:15:56,953 (asr_pytorch:468) INFO: groundtruth[1502-2_spk_1502_2_011057-011368]: 冀寫頻B剛嗷掙啯鄔朕宭扁尻
2018-07-11 13:15:56,953 (asr_pytorch:469) INFO: prediction [1502-2_spk_1502_2_011057-011368]: 即頭誒全嗰排啦都有客戶就<eos>
2018-07-11 13:15:56,960 (e2e_asr_attctc_th:2977) INFO: BLSTMP input lengths: [34]
2018-07-11 13:15:57,028 (e2e_asr_attctc_th:2067) INFO: input lengths: 9
2018-07-11 13:15:57,028 (e2e_asr_attctc_th:2091) INFO: max output length: 9
2018-07-11 13:15:57,028 (e2e_asr_attctc_th:2092) INFO: min output length: 0
2018-07-11 13:15:57,610 (e2e_asr_attctc_th:2180) INFO: adding <eos> in the last postion in the loop
2018-07-11 13:15:57,611 (e2e_asr_attctc_th:2199) INFO: end detected at 8
2018-07-11 13:15:57,611 (e2e_asr_attctc_th:2217) INFO: total log probability: -0.0606646984816
2018-07-11 13:15:57,611 (e2e_asr_attctc_th:2218) INFO: normalized log probability: -0.0202215661605
2018-07-11 13:15:57,612 (asr_pytorch:468) INFO: groundtruth[1502-1_spk_1502_1_080654-080690]: 嗶
2018-07-11 13:15:57,613 (asr_pytorch:469) INFO: prediction [1502-1_spk_1502_1_080654-080690]: 嗯<eos>
2018-07-11 13:15:57,626 (e2e_asr_attctc_th:2977) INFO: BLSTMP input lengths: [251]
2018-07-11 13:15:58,051 (e2e_asr_attctc_th:2067) INFO: input lengths: 63
2018-07-11 13:15:58,052 (e2e_asr_attctc_th:2091) INFO: max output length: 63
2018-07-11 13:15:58,052 (e2e_asr_attctc_th:2092) INFO: min output length: 0
2018-07-11 13:15:59,818 (e2e_asr_attctc_th:2199) INFO: end detected at 17
2018-07-11 13:15:59,818 (e2e_asr_attctc_th:2217) INFO: total log probability: -6.39959416538
2018-07-11 13:15:59,818 (e2e_asr_attctc_th:2218) INFO: normalized log probability: -0.581781287762
2018-07-11 13:15:59,820 (asr_pytorch:468) INFO: groundtruth[1505-1_spk_1505_1_083386-083639]: B轟旨誅尻夭榕懵
2018-07-11 13:15:59,820 (asr_pytorch:469) INFO: prediction [1505-1_spk_1505_1_083386-083639]: 誒專啲我覺得就大概<eos>
2018-07-11 13:15:59,828 (e2e_asr_attctc_th:2977) INFO: BLSTMP input lengths: [308]
2018-07-11 13:16:00,288 (e2e_asr_attctc_th:2067) INFO: input lengths: 77
2018-07-11 13:16:00,289 (e2e_asr_attctc_th:2091) INFO: max output length: 77
2018-07-11 13:16:00,289 (e2e_asr_attctc_th:2092) INFO: min output length: 0
2018-07-11 13:16:02,944 (e2e_asr_attctc_th:2199) INFO: end detected at 21
2018-07-11 13:16:02,944 (e2e_asr_attctc_th:2217) INFO: total log probability: -21.263828963
2018-07-11 13:16:02,944 (e2e_asr_attctc_th:2218) INFO: normalized log probability: -1.32898931019
2018-07-11 13:16:02,946 (asr_pytorch:468) INFO: groundtruth[12_spk_12_034866-035176]: 俏司件吔歪且綺些揣嘍劑尖姚
2018-07-11 13:16:02,946 (asr_pytorch:469) INFO: prediction [12_spk_12_034866-035176]: 係可以幸冇食餐網喺護換一啲水<eos>
2018-07-11 13:16:02,954 (e2e_asr_attctc_th:2977) INFO: BLSTMP input lengths: [180]
2018-07-11 13:16:03,245 (e2e_asr_attctc_th:2067) INFO: input lengths: 45
2018-07-11 13:16:03,246 (e2e_asr_attctc_th:2091) INFO: max output length: 45
2018-07-11 13:16:03,246 (e2e_asr_attctc_th:2092) INFO: min output length: 0
2018-07-11 13:16:04,295 (e2e_asr_attctc_th:2199) INFO: end detected at 11
2018-07-11 13:16:04,295 (e2e_asr_attctc_th:2217) INFO: total log probability: -4.09191976488
2018-07-11 13:16:04,295 (e2e_asr_attctc_th:2218) INFO: normalized log probability: -0.681986627479
2018-07-11 13:16:04,297 (asr_pytorch:468) INFO: groundtruth[1503-2_spk_1503_2_039252-039434]: 戛肇旬服
2018-07-11 13:16:04,298 (asr_pytorch:469) INFO: prediction [1503-2_spk_1503_2_039252-039434]: 哦親人會<eos>
2018-07-11 13:16:04,307 (e2e_asr_attctc_th:2977) INFO: BLSTMP input lengths: [333]
2018-07-11 13:16:04,779 (e2e_asr_attctc_th:2067) INFO: input lengths: 84
2018-07-11 13:16:04,779 (e2e_asr_attctc_th:2091) INFO: max output length: 84
2018-07-11 13:16:04,779 (e2e_asr_attctc_th:2092) INFO: min output length: 0
2018-07-11 13:16:07,346 (e2e_asr_attctc_th:2199) INFO: end detected at 19
2018-07-11 13:16:07,346 (e2e_asr_attctc_th:2217) INFO: total log probability: -19.4909503062
2018-07-11 13:16:07,346 (e2e_asr_attctc_th:2218) INFO: normalized log probability: -1.39221073616
2018-07-11 13:16:07,347 (asr_pytorch:468) INFO: groundtruth[8_spk_8_062595-062929]: 戛倔戛繆乒俏窪邕啯戛尻放刺4K
2018-07-11 13:16:07,348 (asr_pytorch:469) INFO: prediction [8_spk_8_062595-062929]: 我實習想識識咩啊真係病嘅<eos>
2018-07-11 13:16:07,356 (e2e_asr_attctc_th:2977) INFO: BLSTMP input lengths: [361]
2018-07-11 13:16:07,843 (e2e_asr_attctc_th:2067) INFO: input lengths: 91
2018-07-11 13:16:07,844 (e2e_asr_attctc_th:2091) INFO: max output length: 91
2018-07-11 13:16:07,844 (e2e_asr_attctc_th:2092) INFO: min output length: 0
2018-07-11 13:16:10,996 (e2e_asr_attctc_th:2206) INFO: no hypothesis. Finish decoding.
2018-07-11 13:16:10,996 (e2e_asr_attctc_th:2217) INFO: total log probability: -9.17071550956
2018-07-11 13:16:10,996 (e2e_asr_attctc_th:2218) INFO: normalized log probability: -0.398726761285
2018-07-11 13:16:10,996 (asr_pytorch:468) INFO: groundtruth[1502-2_spk_1502_2_003121-003484]: 尻B冀寫謬迫佬68550869呯倔蚊磋轟道嚦啯
2018-07-11 13:16:10,997 (asr_pytorch:469) INFO: prediction [1502-2_spk_1502_2_003121-003484]: 就誒其講翻你落班嗯零蛋到有呢個號碼轉過嚟啦<eos>
2018-07-11 13:16:11,004 (e2e_asr_attctc_th:2977) INFO: BLSTMP input lengths: [226]
2018-07-11 13:16:11,314 (e2e_asr_attctc_th:2067) INFO: input lengths: 57
2018-07-11 13:16:11,315 (e2e_asr_attctc_th:2091) INFO: max output length: 57
2018-07-11 13:16:11,315 (e2e_asr_attctc_th:2092) INFO: min output length: 0
2018-07-11 13:16:13,643 (e2e_asr_attctc_th:2199) INFO: end detected at 22
2018-07-11 13:16:13,643 (e2e_asr_attctc_th:2217) INFO: total log probability: -8.62784507056
2018-07-11 13:16:13,643 (e2e_asr_attctc_th:2218) INFO: normalized log probability: -0.507520298268
2018-07-11 13:16:13,644 (asr_pytorch:468) INFO: groundtruth[1502-2_spk_1502_2_005780-006008]: HEXE旅<unk>尻司件頖迫鬢尤尤咋樺囖
2018-07-11 13:16:13,644 (asr_pytorch:469) INFO: prediction [1502-2_spk_1502_2_005780-006008]: 比下方麵就可以預翻鬆少少咁樣咯<eos>
2018-07-11 13:16:13,650 (e2e_asr_attctc_th:2977) INFO: BLSTMP input lengths: [13]
2018-07-11 13:16:13,684 (e2e_asr_attctc_th:2067) INFO: input lengths: 4
2018-07-11 13:16:13,684 (e2e_asr_attctc_th:2091) INFO: max output length: 4
2018-07-11 13:16:13,684 (e2e_asr_attctc_th:2092) INFO: min output length: 0
2018-07-11 13:16:13,894 (e2e_asr_attctc_th:2180) INFO: adding <eos> in the last postion in the loop
2018-07-11 13:16:13,894 (e2e_asr_attctc_th:2206) INFO: no hypothesis. Finish decoding.
2018-07-11 13:16:13,895 (e2e_asr_attctc_th:2217) INFO: total log probability: -0.689329060959
2018-07-11 13:16:13,895 (e2e_asr_attctc_th:2218) INFO: normalized log probability: -0.229776353653
2018-07-11 13:16:13,896 (asr_pytorch:468) INFO: groundtruth[1502-2_spk_1502_2_024901-024916]: 哭
2018-07-11 13:16:13,896 (asr_pytorch:469) INFO: prediction [1502-2_spk_1502_2_024901-024916]: 哦<eos>
2018-07-11 13:16:13,909 (e2e_asr_attctc_th:2977) INFO: BLSTMP input lengths: [55]
2018-07-11 13:16:14,089 (e2e_asr_attctc_th:2067) INFO: input lengths: 14
2018-07-11 13:16:14,090 (e2e_asr_attctc_th:2091) INFO: max output length: 14
2018-07-11 13:16:14,090 (e2e_asr_attctc_th:2092) INFO: min output length: 0
2018-07-11 13:16:14,772 (e2e_asr_attctc_th:2199) INFO: end detected at 8
2018-07-11 13:16:14,772 (e2e_asr_attctc_th:2217) INFO: total log probability: -0.37786060106
2018-07-11 13:16:14,772 (e2e_asr_attctc_th:2218) INFO: normalized log probability: -0.094465150265
2018-07-11 13:16:14,774 (asr_pytorch:468) INFO: groundtruth[1503-2_spk_1503_2_083858-083915]: 俏啯
2018-07-11 13:16:14,774 (asr_pytorch:469) INFO: prediction [1503-2_spk_1503_2_083858-083915]: 係啦<eos>
2018-07-11 13:16:14,786 (e2e_asr_attctc_th:2977) INFO: BLSTMP input lengths: [198]
2018-07-11 13:16:15,071 (e2e_asr_attctc_th:2067) INFO: input lengths: 50
2018-07-11 13:16:15,071 (e2e_asr_attctc_th:2091) INFO: max output length: 50
2018-07-11 13:16:15,071 (e2e_asr_attctc_th:2092) INFO: min output length: 0
2018-07-11 13:16:16,545 (e2e_asr_attctc_th:2199) INFO: end detected at 14
2018-07-11 13:16:16,545 (e2e_asr_attctc_th:2217) INFO: total log probability: -2.37174427137
2018-07-11 13:16:16,545 (e2e_asr_attctc_th:2218) INFO: normalized log probability: -0.237174427137
2018-07-11 13:16:16,546 (asr_pytorch:468) INFO: groundtruth[4_spk_4_066120-066320]: 唪俏呈佰昕唪昕呈佬哭
2018-07-11 13:16:16,546 (asr_pytorch:469) INFO: prediction [4_spk_4_066120-066320]: 唔係啊佢明明啊你<eos>
2018-07-11 13:16:16,554 (e2e_asr_attctc_th:2977) INFO: BLSTMP input lengths: [230]
2018-07-11 13:16:16,896 (e2e_asr_attctc_th:2067) INFO: input lengths: 58
2018-07-11 13:16:16,896 (e2e_asr_attctc_th:2091) INFO: max output length: 58
2018-07-11 13:16:16,896 (e2e_asr_attctc_th:2092) INFO: min output length: 0
2018-07-11 13:16:19,240 (e2e_asr_attctc_th:2199) INFO: end detected at 22
2018-07-11 13:16:19,240 (e2e_asr_attctc_th:2217) INFO: total log probability: -13.0449521081
2018-07-11 13:16:19,241 (e2e_asr_attctc_th:2218) INFO: normalized log probability: -0.767350124003
2018-07-11 13:16:19,242 (asr_pytorch:468) INFO: groundtruth[9_spk_9_033000-033232]: 佰俏倔戚倔<unk>尻炆咩佬然從揉嘍
2018-07-11 13:16:19,243 (asr_pytorch:469) INFO: prediction [9_spk_9_033000-033232]: 啊你如果成嗰等等杯咗你冇得揀嘅<eos>
2018-07-11 13:16:19,255 (e2e_asr_attctc_th:2977) INFO: BLSTMP input lengths: [423]
2018-07-11 13:16:20,124 (e2e_asr_attctc_th:2067) INFO: input lengths: 106
2018-07-11 13:16:20,125 (e2e_asr_attctc_th:2091) INFO: max output length: 106
2018-07-11 13:16:20,125 (e2e_asr_attctc_th:2092) INFO: min output length: 0
2018-07-11 13:16:25,182 (e2e_asr_attctc_th:2199) INFO: end detected at 36
2018-07-11 13:16:25,182 (e2e_asr_attctc_th:2217) INFO: total log probability: -11.9787296276
2018-07-11 13:16:25,182 (e2e_asr_attctc_th:2218) INFO: normalized log probability: -0.374335300861
2018-07-11 13:16:25,183 (asr_pytorch:468) INFO: groundtruth[3_spk_3_025017-025442]: 冀仞宭扁眯俏見316㨃啯戛員幹佬宗掙畸啯尻亙皆下卉乸蚧嘍姚
2018-07-11 13:16:25,183 (asr_pytorch:469) INFO: prediction [3_spk_3_025017-025442]: 其他黑會真係要三一六噶啦我哋幫你安排翻貓十二百七十九蚊嘅即係<eos>
2018-07-11 13:16:25,192 (e2e_asr_attctc_th:2977) INFO: BLSTMP input lengths: [476]
2018-07-11 13:16:26,018 (e2e_asr_attctc_th:2067) INFO: input lengths: 119
2018-07-11 13:16:26,018 (e2e_asr_attctc_th:2091) INFO: max output length: 119
2018-07-11 13:16:26,019 (e2e_asr_attctc_th:2092) INFO: min output length: 0
2018-07-11 13:16:29,998 (e2e_asr_attctc_th:2199) INFO: end detected at 29
2018-07-11 13:16:29,998 (e2e_asr_attctc_th:2217) INFO: total log probability: -26.8894207701
2018-07-11 13:16:29,998 (e2e_asr_attctc_th:2218) INFO: normalized log probability: -1.22224639864
2018-07-11 13:16:29,999 (asr_pytorch:468) INFO: groundtruth[8_spk_8_025162-025639]: 俏呈陋假尖姚咋哲庵B戛簽喵吔佬金覓畸啯咋尻久見尻誅呯
2018-07-11 13:16:30,000 (asr_pytorch:469) INFO: prediction [8_spk_8_025162-025639]: 白曬手機有咁多十三星同你仲屋先實感就主Z<eos>
2018-07-11 13:16:30,009 (e2e_asr_attctc_th:2977) INFO: BLSTMP input lengths: [606]
2018-07-11 13:16:30,943 (e2e_asr_attctc_th:2067) INFO: input lengths: 152
2018-07-11 13:16:30,944 (e2e_asr_attctc_th:2091) INFO: max output length: 152
2018-07-11 13:16:30,944 (e2e_asr_attctc_th:2092) INFO: min output length: 0
2018-07-11 13:16:37,953 (e2e_asr_attctc_th:2199) INFO: end detected at 39
2018-07-11 13:16:37,953 (e2e_asr_attctc_th:2217) INFO: total log probability: -32.6195892878
2018-07-11 13:16:37,954 (e2e_asr_attctc_th:2218) INFO: normalized log probability: -0.959399684935
2018-07-11 13:16:37,954 (asr_pytorch:468) INFO: groundtruth[1505-2_spk_1505_2_037915-038523]: 唪俏戛宥<unk>淮俏誅倍佬址肇戛叄睛戛卿俏JSVI`EQTPI反俏謬考蘸枱勞裴<unk>睛
2018-07-11 13:16:37,955 (asr_pytorch:469) INFO: prediction [1505-2_spk_1505_2_037915-038523]: 唔係我而且定係唔係俾你誒我哋睇我即係嗰陣時間又係講反而嗰度你哋喺<eos>
2018-07-11 13:16:37,962 (e2e_asr_attctc_th:2977) INFO: BLSTMP input lengths: [198]
2018-07-11 13:16:38,218 (e2e_asr_attctc_th:2067) INFO: input lengths: 50
2018-07-11 13:16:38,218 (e2e_asr_attctc_th:2091) INFO: max output length: 50
2018-07-11 13:16:38,218 (e2e_asr_attctc_th:2092) INFO: min output length: 0
2018-07-11 13:16:39,136 (e2e_asr_attctc_th:2199) INFO: end detected at 12
2018-07-11 13:16:39,136 (e2e_asr_attctc_th:2217) INFO: total log probability: -5.22194203734
2018-07-11 13:16:39,136 (e2e_asr_attctc_th:2218) INFO: normalized log probability: -0.870323672891
2018-07-11 13:16:39,138 (asr_pytorch:468) INFO: groundtruth[12_spk_12_046529-046729]: IV_MJM
2018-07-11 13:16:39,138 (asr_pytorch:469) INFO: prediction [12_spk_12_046529-046729]: 哦但係都<eos>
2018-07-11 13:16:39,146 (e2e_asr_attctc_th:2977) INFO: BLSTMP input lengths: [59]
2018-07-11 13:16:39,245 (e2e_asr_attctc_th:2067) INFO: input lengths: 15
2018-07-11 13:16:39,245 (e2e_asr_attctc_th:2091) INFO: max output length: 15
2018-07-11 13:16:39,245 (e2e_asr_attctc_th:2092) INFO: min output length: 0
2018-07-11 13:16:39,835 (e2e_asr_attctc_th:2199) INFO: end detected at 10
2018-07-11 13:16:39,835 (e2e_asr_attctc_th:2217) INFO: total log probability: -4.81632592902
2018-07-11 13:16:39,836 (e2e_asr_attctc_th:2218) INFO: normalized log probability: -0.963265185803
2018-07-11 13:16:39,837 (asr_pytorch:468) INFO: groundtruth[1502-1_spk_1502_1_000582-000643]: 喇佬妊
2018-07-11 13:16:39,837 (asr_pytorch:469) INFO: prediction [1502-1_spk_1502_1_000582-000643]: 位定好<eos>
2018-07-11 13:16:39,844 (e2e_asr_attctc_th:2977) INFO: BLSTMP input lengths: [120]
2018-07-11 13:16:40,030 (e2e_asr_attctc_th:2067) INFO: input lengths: 30
2018-07-11 13:16:40,031 (e2e_asr_attctc_th:2091) INFO: max output length: 30
2018-07-11 13:16:40,031 (e2e_asr_attctc_th:2092) INFO: min output length: 0
2018-07-11 13:16:41,042 (e2e_asr_attctc_th:2206) INFO: no hypothesis. Finish decoding.
2018-07-11 13:16:41,042 (e2e_asr_attctc_th:2217) INFO: total log probability: -7.13571024314
2018-07-11 13:16:41,042 (e2e_asr_attctc_th:2218) INFO: normalized log probability: -0.713571024314
2018-07-11 13:16:41,042 (asr_pytorch:468) INFO: groundtruth[1501-1_spk_1501_1_075416-075538]: B杖尖姚唪緘見嘍
2018-07-11 13:16:41,043 (asr_pytorch:469) INFO: prediction [1501-1_spk_1501_1_075416-075538]: 誒你師姐唔緊要嘅<eos>
2018-07-11 13:16:41,050 (e2e_asr_attctc_th:2977) INFO: BLSTMP input lengths: [215]
2018-07-11 13:16:41,360 (e2e_asr_attctc_th:2067) INFO: input lengths: 54
2018-07-11 13:16:41,360 (e2e_asr_attctc_th:2091) INFO: max output length: 54
2018-07-11 13:16:41,360 (e2e_asr_attctc_th:2092) INFO: min output length: 0
2018-07-11 13:16:42,996 (e2e_asr_attctc_th:2206) INFO: no hypothesis. Finish decoding.
2018-07-11 13:16:42,996 (e2e_asr_attctc_th:2217) INFO: total log probability: -12.8159498489
2018-07-11 13:16:42,996 (e2e_asr_attctc_th:2218) INFO: normalized log probability: -0.915424989204
2018-07-11 13:16:42,996 (asr_pytorch:468) INFO: groundtruth[1501-1_spk_1501_1_021946-022163]: 冗拎匆幺坑尻乸式下蚧夥啼
2018-07-11 13:16:42,996 (asr_pytorch:469) INFO: prediction [1501-1_spk_1501_1_021946-022163]: 再拉國平均就搞啊七蚊多啲<eos>
2018-07-11 13:16:43,004 (e2e_asr_attctc_th:2977) INFO: BLSTMP input lengths: [103]
2018-07-11 13:16:43,186 (e2e_asr_attctc_th:2067) INFO: input lengths: 26
2018-07-11 13:16:43,187 (e2e_asr_attctc_th:2091) INFO: max output length: 26
2018-07-11 13:16:43,187 (e2e_asr_attctc_th:2092) INFO: min output length: 0
2018-07-11 13:16:44,285 (e2e_asr_attctc_th:2199) INFO: end detected at 13
2018-07-11 13:16:44,285 (e2e_asr_attctc_th:2217) INFO: total log probability: -3.86472907849
2018-07-11 13:16:44,285 (e2e_asr_attctc_th:2218) INFO: normalized log probability: -0.429414342054
2018-07-11 13:16:44,286 (asr_pytorch:468) INFO: groundtruth[1502-2_spk_1502_2_059059-059164]: B溢催刺未㨃啯嘢
2018-07-11 13:16:44,286 (asr_pytorch:469) INFO: prediction [1502-2_spk_1502_2_059059-059164]: 誒準備到期啦嘛<eos>
2018-07-11 13:16:44,293 (e2e_asr_attctc_th:2977) INFO: BLSTMP input lengths: [109]
2018-07-11 13:16:44,449 (e2e_asr_attctc_th:2067) INFO: input lengths: 28
2018-07-11 13:16:44,450 (e2e_asr_attctc_th:2091) INFO: max output length: 28
2018-07-11 13:16:44,450 (e2e_asr_attctc_th:2092) INFO: min output length: 0
2018-07-11 13:16:45,034 (e2e_asr_attctc_th:2199) INFO: end detected at 9
2018-07-11 13:16:45,035 (e2e_asr_attctc_th:2217) INFO: total log probability: -0.609132423997
2018-07-11 13:16:45,035 (e2e_asr_attctc_th:2218) INFO: normalized log probability: -0.203044141332
2018-07-11 13:16:45,036 (asr_pytorch:468) INFO: groundtruth[4_spk_4_029893-030004]: WIRH咩啯
2018-07-11 13:16:45,036 (asr_pytorch:469) INFO: prediction [4_spk_4_029893-030004]: 嗯<eos>
2018-07-11 13:16:45,044 (e2e_asr_attctc_th:2977) INFO: BLSTMP input lengths: [392]
2018-07-11 13:16:45,585 (e2e_asr_attctc_th:2067) INFO: input lengths: 98
2018-07-11 13:16:45,585 (e2e_asr_attctc_th:2091) INFO: max output length: 98
2018-07-11 13:16:45,585 (e2e_asr_attctc_th:2092) INFO: min output length: 0
2018-07-11 13:16:48,258 (e2e_asr_attctc_th:2199) INFO: end detected at 22
2018-07-11 13:16:48,259 (e2e_asr_attctc_th:2217) INFO: total log probability: -9.27844034135
2018-07-11 13:16:48,259 (e2e_asr_attctc_th:2218) INFO: normalized log probability: -0.579902521335
2018-07-11 13:16:48,260 (asr_pytorch:468) INFO: groundtruth[12_spk_12_058636-059029]: 咋戛咋佬幹戛劫咩呯倔128兒
2018-07-11 13:16:48,261 (asr_pytorch:469) INFO: prediction [12_spk_12_058636-059029]: 咁我諗你幫我加咗呢個一二百先<eos>
2018-07-11 13:16:48,268 (e2e_asr_attctc_th:2977) INFO: BLSTMP input lengths: [12]
2018-07-11 13:16:48,301 (e2e_asr_attctc_th:2067) INFO: input lengths: 3
2018-07-11 13:16:48,301 (e2e_asr_attctc_th:2091) INFO: max output length: 3
2018-07-11 13:16:48,301 (e2e_asr_attctc_th:2092) INFO: min output length: 0
2018-07-11 13:16:48,404 (e2e_asr_attctc_th:2180) INFO: adding <eos> in the last postion in the loop
2018-07-11 13:16:48,404 (e2e_asr_attctc_th:2206) INFO: no hypothesis. Finish decoding.
2018-07-11 13:16:48,404 (e2e_asr_attctc_th:2217) INFO: total log probability: -0.0364243537188
2018-07-11 13:16:48,404 (e2e_asr_attctc_th:2218) INFO: normalized log probability: -0.0121414512396
2018-07-11 13:16:48,404 (asr_pytorch:468) INFO: groundtruth[1502-1_spk_1502_1_070368-070382]: 嗶
2018-07-11 13:16:48,404 (asr_pytorch:469) INFO: prediction [1502-1_spk_1502_1_070368-070382]: 嗯<eos>
2018-07-11 13:16:48,412 (e2e_asr_attctc_th:2977) INFO: BLSTMP input lengths: [205]
2018-07-11 13:16:48,689 (e2e_asr_attctc_th:2067) INFO: input lengths: 52
2018-07-11 13:16:48,689 (e2e_asr_attctc_th:2091) INFO: max output length: 52
2018-07-11 13:16:48,689 (e2e_asr_attctc_th:2092) INFO: min output length: 0
2018-07-11 13:16:49,797 (e2e_asr_attctc_th:2199) INFO: end detected at 12
2018-07-11 13:16:49,797 (e2e_asr_attctc_th:2217) INFO: total log probability: -2.98376458045
2018-07-11 13:16:49,797 (e2e_asr_attctc_th:2218) INFO: normalized log probability: -0.426252082922
2018-07-11 13:16:49,798 (asr_pytorch:468) INFO: groundtruth[1501-2_spk_1501_2_029261-029468]: 嗷倔TPER鄔巾綪
2018-07-11 13:16:49,798 (asr_pytorch:469) INFO: prediction [1501-2_spk_1501_2_029261-029468]: 哦係都已經<eos>
2018-07-11 13:16:49,806 (e2e_asr_attctc_th:2977) INFO: BLSTMP input lengths: [112]
2018-07-11 13:16:49,993 (e2e_asr_attctc_th:2067) INFO: input lengths: 28
2018-07-11 13:16:49,993 (e2e_asr_attctc_th:2091) INFO: max output length: 28
2018-07-11 13:16:49,993 (e2e_asr_attctc_th:2092) INFO: min output length: 0
2018-07-11 13:16:51,056 (e2e_asr_attctc_th:2199) INFO: end detected at 14
2018-07-11 13:16:51,056 (e2e_asr_attctc_th:2217) INFO: total log probability: -4.056746535
2018-07-11 13:16:51,056 (e2e_asr_attctc_th:2218) INFO: normalized log probability: -0.450749615
2018-07-11 13:16:51,058 (asr_pytorch:468) INFO: groundtruth[1504-1_spk_1504_1_049194-049308]: 姚俏裳唪刺_MJM旨
2018-07-11 13:16:51,058 (asr_pytorch:469) INFO: prediction [1504-1_spk_1504_1_049194-049308]: 即係裝唔到壞曬<eos>
2018-07-11 13:16:51,066 (e2e_asr_attctc_th:2977) INFO: BLSTMP input lengths: [385]
2018-07-11 13:16:51,692 (e2e_asr_attctc_th:2067) INFO: input lengths: 97
2018-07-11 13:16:51,692 (e2e_asr_attctc_th:2091) INFO: max output length: 97
2018-07-11 13:16:51,693 (e2e_asr_attctc_th:2092) INFO: min output length: 0
2018-07-11 13:16:53,214 (e2e_asr_attctc_th:2206) INFO: no hypothesis. Finish decoding.
2018-07-11 13:16:53,215 (e2e_asr_attctc_th:2217) INFO: total log probability: -6.97532280162
2018-07-11 13:16:53,215 (e2e_asr_attctc_th:2218) INFO: normalized log probability: -0.634120254693
2018-07-11 13:16:53,216 (asr_pytorch:468) INFO: groundtruth[1502-1_spk_1502_1_017842-018229]: 亙皆亙皆下卉序啯
2018-07-11 13:16:53,216 (asr_pytorch:469) INFO: prediction [1502-1_spk_1502_1_017842-018229]: 而傢下依傢不特嘢啦<eos>
2018-07-11 13:16:53,224 (e2e_asr_attctc_th:2977) INFO: BLSTMP input lengths: [533]
2018-07-11 13:16:54,065 (e2e_asr_attctc_th:2067) INFO: input lengths: 134
2018-07-11 13:16:54,066 (e2e_asr_attctc_th:2091) INFO: max output length: 134
2018-07-11 13:16:54,066 (e2e_asr_attctc_th:2092) INFO: min output length: 0
2018-07-11 13:16:57,440 (e2e_asr_attctc_th:2199) INFO: end detected at 23
2018-07-11 13:16:57,441 (e2e_asr_attctc_th:2217) INFO: total log probability: -26.8928355575
2018-07-11 13:16:57,441 (e2e_asr_attctc_th:2218) INFO: normalized log probability: -1.68080222234
2018-07-11 13:16:57,442 (asr_pytorch:468) INFO: groundtruth[8_spk_8_060150-060685]: 咋手件戛鄔懾疫俏咱戛倔霆誅巴手件三街刺叄嗷倔佑尻臺勞放緣㨃啯
2018-07-11 13:16:57,442 (asr_pytorch:469) INFO: prediction [8_spk_8_060150-060685]: 即係十四十點十四七星期六完有<eos>
2018-07-11 13:16:57,450 (e2e_asr_attctc_th:2977) INFO: BLSTMP input lengths: [206]
2018-07-11 13:16:57,782 (e2e_asr_attctc_th:2067) INFO: input lengths: 52
2018-07-11 13:16:57,783 (e2e_asr_attctc_th:2091) INFO: max output length: 52
2018-07-11 13:16:57,783 (e2e_asr_attctc_th:2092) INFO: min output length: 0
2018-07-11 13:16:59,478 (e2e_asr_attctc_th:2199) INFO: end detected at 18
2018-07-11 13:16:59,479 (e2e_asr_attctc_th:2217) INFO: total log probability: -6.38678715751
2018-07-11 13:16:59,479 (e2e_asr_attctc_th:2218) INFO: normalized log probability: -0.491291319808
2018-07-11 13:16:59,480 (asr_pytorch:468) INFO: groundtruth[1501-1_spk_1501_1_065096-065304]: 戡耐咋呈俏杖尖姚囹烕
2018-07-11 13:16:59,480 (asr_pytorch:469) INFO: prediction [1501-1_spk_1501_1_065096-065304]: 好似咁樣係你你想識一個<eos>
2018-07-11 13:16:59,488 (e2e_asr_attctc_th:2977) INFO: BLSTMP input lengths: [298]
2018-07-11 13:17:00,415 (e2e_asr_attctc_th:2067) INFO: input lengths: 75
2018-07-11 13:17:00,416 (e2e_asr_attctc_th:2091) INFO: max output length: 75
2018-07-11 13:17:00,416 (e2e_asr_attctc_th:2092) INFO: min output length: 0
2018-07-11 13:17:05,947 (e2e_asr_attctc_th:2199) INFO: end detected at 29
2018-07-11 13:17:05,947 (e2e_asr_attctc_th:2217) INFO: total log probability: -11.3994323211
2018-07-11 13:17:05,947 (e2e_asr_attctc_th:2218) INFO: normalized log probability: -0.474976346712
2018-07-11 13:17:05,949 (asr_pytorch:468) INFO: groundtruth[1504-1_spk_1504_1_098554-098854]: 姚俏睛丕朕冏檀服啯姚俏妍枱眯俏朕檀服戡耐3朔公刺未
2018-07-11 13:17:05,949 (asr_pytorch:469) INFO: prediction [1504-1_spk_1504_1_098554-098854]: 即係睇下冇機會嘞即係如果真係有嘅位三月內到傾<eos>
2018-07-11 13:17:05,962 (e2e_asr_attctc_th:2977) INFO: BLSTMP input lengths: [198]
2018-07-11 13:17:06,437 (e2e_asr_attctc_th:2067) INFO: input lengths: 50
2018-07-11 13:17:06,437 (e2e_asr_attctc_th:2091) INFO: max output length: 50
2018-07-11 13:17:06,437 (e2e_asr_attctc_th:2092) INFO: min output length: 0
2018-07-11 13:17:07,695 (e2e_asr_attctc_th:2206) INFO: no hypothesis. Finish decoding.
2018-07-11 13:17:07,695 (e2e_asr_attctc_th:2217) INFO: total log probability: -1.71433795383
2018-07-11 13:17:07,695 (e2e_asr_attctc_th:2218) INFO: normalized log probability: -0.19048199487
2018-07-11 13:17:07,696 (asr_pytorch:468) INFO: groundtruth[1501-1_spk_1501_1_049617-049817]: 尻肺宣JSV迫戛員
2018-07-11 13:17:07,696 (asr_pytorch:469) INFO: prediction [1501-1_spk_1501_1_049617-049817]: 就肯定火翻我哋<eos>
2018-07-11 13:17:07,709 (e2e_asr_attctc_th:2977) INFO: BLSTMP input lengths: [34]
2018-07-11 13:17:07,845 (e2e_asr_attctc_th:2067) INFO: input lengths: 9
2018-07-11 13:17:07,845 (e2e_asr_attctc_th:2091) INFO: max output length: 9
2018-07-11 13:17:07,845 (e2e_asr_attctc_th:2092) INFO: min output length: 0
2018-07-11 13:17:08,411 (e2e_asr_attctc_th:2199) INFO: end detected at 7
2018-07-11 13:17:08,411 (e2e_asr_attctc_th:2217) INFO: total log probability: -0.0227080453187
2018-07-11 13:17:08,411 (e2e_asr_attctc_th:2218) INFO: normalized log probability: -0.00756934843957
2018-07-11 13:17:08,413 (asr_pytorch:468) INFO: groundtruth[1502-2_spk_1502_2_009479-009515]: 俏
2018-07-11 13:17:08,413 (asr_pytorch:469) INFO: prediction [1502-2_spk_1502_2_009479-009515]: 係<eos>
2018-07-11 13:17:08,427 (e2e_asr_attctc_th:2977) INFO: BLSTMP input lengths: [371]
2018-07-11 13:17:09,382 (e2e_asr_attctc_th:2067) INFO: input lengths: 93
2018-07-11 13:17:09,383 (e2e_asr_attctc_th:2091) INFO: max output length: 93
2018-07-11 13:17:09,383 (e2e_asr_attctc_th:2092) INFO: min output length: 0
2018-07-11 13:17:14,139 (e2e_asr_attctc_th:2199) INFO: end detected at 30
2018-07-11 13:17:14,139 (e2e_asr_attctc_th:2217) INFO: total log probability: -19.2895442918
2018-07-11 13:17:14,139 (e2e_asr_attctc_th:2218) INFO: normalized log probability: -0.803731012158
2018-07-11 13:17:14,140 (asr_pytorch:468) INFO: groundtruth[12_spk_12_041659-042032]: 俏佬去杉29序堅杉且冗劫夥300蚧喔
2018-07-11 13:17:14,140 (asr_pytorch:469) INFO: prediction [12_spk_12_041659-042032]: 哦唔知然之後你係要幾幾嘅跟著坐上傢多三百蚊落<eos>
2018-07-11 13:17:14,149 (e2e_asr_attctc_th:2977) INFO: BLSTMP input lengths: [498]
2018-07-11 13:17:14,824 (e2e_asr_attctc_th:2067) INFO: input lengths: 125
2018-07-11 13:17:14,825 (e2e_asr_attctc_th:2091) INFO: max output length: 125
2018-07-11 13:17:14,825 (e2e_asr_attctc_th:2092) INFO: min output length: 0
2018-07-11 13:17:17,795 (e2e_asr_attctc_th:2199) INFO: end detected at 20
2018-07-11 13:17:17,795 (e2e_asr_attctc_th:2217) INFO: total log probability: -13.231388927
2018-07-11 13:17:17,795 (e2e_asr_attctc_th:2218) INFO: normalized log probability: -0.882092595131
2018-07-11 13:17:17,796 (asr_pytorch:468) INFO: groundtruth[1505-1_spk_1505_1_000000-000500]: 俏佬妊俏俏琉晏SO啯
2018-07-11 13:17:17,796 (asr_pytorch:469) INFO: prediction [1505-1_spk_1505_1_000000-000500]: 係好好啊係係邊時係啊OK啊<eos>
2018-07-11 13:17:17,804 (e2e_asr_attctc_th:2977) INFO: BLSTMP input lengths: [67]
2018-07-11 13:17:17,909 (e2e_asr_attctc_th:2067) INFO: input lengths: 17
2018-07-11 13:17:17,909 (e2e_asr_attctc_th:2091) INFO: max output length: 17
2018-07-11 13:17:17,909 (e2e_asr_attctc_th:2092) INFO: min output length: 0
2018-07-11 13:17:18,361 (e2e_asr_attctc_th:2199) INFO: end detected at 7
2018-07-11 13:17:18,361 (e2e_asr_attctc_th:2217) INFO: total log probability: -0.050867240876
2018-07-11 13:17:18,361 (e2e_asr_attctc_th:2218) INFO: normalized log probability: -0.0169557469587
2018-07-11 13:17:18,363 (asr_pytorch:468) INFO: groundtruth[1501-1_spk_1501_1_004701-004770]: 俏
2018-07-11 13:17:18,363 (asr_pytorch:469) INFO: prediction [1501-1_spk_1501_1_004701-004770]: 係<eos>
2018-07-11 13:17:18,370 (e2e_asr_attctc_th:2977) INFO: BLSTMP input lengths: [209]
2018-07-11 13:17:18,648 (e2e_asr_attctc_th:2067) INFO: input lengths: 53
2018-07-11 13:17:18,648 (e2e_asr_attctc_th:2091) INFO: max output length: 53
2018-07-11 13:17:18,648 (e2e_asr_attctc_th:2092) INFO: min output length: 0
2018-07-11 13:17:20,740 (e2e_asr_attctc_th:2199) INFO: end detected at 21
2018-07-11 13:17:20,740 (e2e_asr_attctc_th:2217) INFO: total log probability: -6.44921233878
2018-07-11 13:17:20,740 (e2e_asr_attctc_th:2218) INFO: normalized log probability: -0.429947489252
2018-07-11 13:17:20,741 (asr_pytorch:468) INFO: groundtruth[1501-1_spk_1501_1_048736-048947]: 淮俏側刺三皆需兵蚧嗷倔TPER㨃
2018-07-11 13:17:20,741 (asr_pytorch:469) INFO: prediction [1501-1_spk_1501_1_048736-048947]: 淨係做到一百零六蚊咗我聽噶<eos>
2018-07-11 13:17:20,748 (e2e_asr_attctc_th:2977) INFO: BLSTMP input lengths: [54]
2018-07-11 13:17:20,837 (e2e_asr_attctc_th:2067) INFO: input lengths: 14
2018-07-11 13:17:20,838 (e2e_asr_attctc_th:2091) INFO: max output length: 14
2018-07-11 13:17:20,838 (e2e_asr_attctc_th:2092) INFO: min output length: 0
2018-07-11 13:17:21,318 (e2e_asr_attctc_th:2199) INFO: end detected at 9
2018-07-11 13:17:21,319 (e2e_asr_attctc_th:2217) INFO: total log probability: -2.6424639672
2018-07-11 13:17:21,319 (e2e_asr_attctc_th:2218) INFO: normalized log probability: -0.660615991801
2018-07-11 13:17:21,320 (asr_pytorch:468) INFO: groundtruth[1505-2_spk_1505_2_063779-063836]: B
2018-07-11 13:17:21,320 (asr_pytorch:469) INFO: prediction [1505-2_spk_1505_2_063779-063836]: 哦有<eos>
2018-07-11 13:17:21,328 (e2e_asr_attctc_th:2977) INFO: BLSTMP input lengths: [188]
2018-07-11 13:17:21,601 (e2e_asr_attctc_th:2067) INFO: input lengths: 47
2018-07-11 13:17:21,601 (e2e_asr_attctc_th:2091) INFO: max output length: 47
2018-07-11 13:17:21,601 (e2e_asr_attctc_th:2092) INFO: min output length: 0
2018-07-11 13:17:22,937 (e2e_asr_attctc_th:2199) INFO: end detected at 15
2018-07-11 13:17:22,937 (e2e_asr_attctc_th:2217) INFO: total log probability: -4.20660287701
2018-07-11 13:17:22,937 (e2e_asr_attctc_th:2218) INFO: normalized log probability: -0.420660287701
2018-07-11 13:17:22,938 (asr_pytorch:468) INFO: groundtruth[1502-2_spk_1502_2_040484-040674]: JSV迫戛員呯邕俏B
2018-07-11 13:17:22,938 (asr_pytorch:469) INFO: prediction [1502-2_spk_1502_2_040484-040674]: 火翻我哋呢邊係誒<eos>
2018-07-11 13:17:22,945 (e2e_asr_attctc_th:2977) INFO: BLSTMP input lengths: [42]
2018-07-11 13:17:23,019 (e2e_asr_attctc_th:2067) INFO: input lengths: 11
2018-07-11 13:17:23,020 (e2e_asr_attctc_th:2091) INFO: max output length: 11
2018-07-11 13:17:23,020 (e2e_asr_attctc_th:2092) INFO: min output length: 0
2018-07-11 13:17:23,686 (e2e_asr_attctc_th:2180) INFO: adding <eos> in the last postion in the loop
2018-07-11 13:17:23,687 (e2e_asr_attctc_th:2199) INFO: end detected at 10
2018-07-11 13:17:23,687 (e2e_asr_attctc_th:2217) INFO: total log probability: -1.22394965589
2018-07-11 13:17:23,687 (e2e_asr_attctc_th:2218) INFO: normalized log probability: -0.244789931178
2018-07-11 13:17:23,688 (asr_pytorch:468) INFO: groundtruth[1505-2_spk_1505_2_092269-092313]: 俏佬謬吟
2018-07-11 13:17:23,688 (asr_pytorch:469) INFO: prediction [1505-2_spk_1505_2_092269-092313]: 下你講<eos>
2018-07-11 13:17:23,697 (e2e_asr_attctc_th:2977) INFO: BLSTMP input lengths: [492]
2018-07-11 13:17:24,351 (e2e_asr_attctc_th:2067) INFO: input lengths: 123
2018-07-11 13:17:24,352 (e2e_asr_attctc_th:2091) INFO: max output length: 123
2018-07-11 13:17:24,352 (e2e_asr_attctc_th:2092) INFO: min output length: 0
2018-07-11 13:17:28,596 (e2e_asr_attctc_th:2199) INFO: end detected at 31
2018-07-11 13:17:28,597 (e2e_asr_attctc_th:2217) INFO: total log probability: -16.9361747792
2018-07-11 13:17:28,597 (e2e_asr_attctc_th:2218) INFO: normalized log probability: -0.769826126327
2018-07-11 13:17:28,598 (asr_pytorch:468) INFO: groundtruth[1504-2_spk_1504_2_086958-087452]: 朕三倔反呍魅戛且叄嗷刺嗓戛籌籌咯且綺屏伏
2018-07-11 13:17:28,599 (asr_pytorch:469) INFO: prediction [1504-2_spk_1504_2_086958-087452]: 有一個人呃鬼我想嗰度有我天天會長攞我屋企<eos>
2018-07-11 13:17:28,606 (e2e_asr_attctc_th:2977) INFO: BLSTMP input lengths: [179]
2018-07-11 13:17:28,858 (e2e_asr_attctc_th:2067) INFO: input lengths: 45
2018-07-11 13:17:28,858 (e2e_asr_attctc_th:2091) INFO: max output length: 45
2018-07-11 13:17:28,858 (e2e_asr_attctc_th:2092) INFO: min output length: 0
2018-07-11 13:17:30,728 (e2e_asr_attctc_th:2199) INFO: end detected at 19
2018-07-11 13:17:30,728 (e2e_asr_attctc_th:2217) INFO: total log probability: -15.908355128
2018-07-11 13:17:30,728 (e2e_asr_attctc_th:2218) INFO: normalized log probability: -1.06055700853
2018-07-11 13:17:30,729 (asr_pytorch:468) INFO: groundtruth[1503-1_spk_1503_1_097950-098131]: 妊啖佬啞差乒得佬扚戛盾緣吟
2018-07-11 13:17:30,730 (asr_pytorch:469) INFO: prediction [1503-1_spk_1503_1_097950-098131]: 好啊點講咗之後你咬下直事啦<eos>
2018-07-11 13:17:30,737 (e2e_asr_attctc_th:2977) INFO: BLSTMP input lengths: [81]
2018-07-11 13:17:30,858 (e2e_asr_attctc_th:2067) INFO: input lengths: 21
2018-07-11 13:17:30,858 (e2e_asr_attctc_th:2091) INFO: max output length: 21
2018-07-11 13:17:30,858 (e2e_asr_attctc_th:2092) INFO: min output length: 0
2018-07-11 13:17:31,559 (e2e_asr_attctc_th:2199) INFO: end detected at 10
2018-07-11 13:17:31,559 (e2e_asr_attctc_th:2217) INFO: total log probability: -1.11895108223
2018-07-11 13:17:31,559 (e2e_asr_attctc_th:2218) INFO: normalized log probability: -0.223790216446
2018-07-11 13:17:31,560 (asr_pytorch:468) INFO: groundtruth[4_spk_4_008917-009000]: 啖妊吟妊吟
2018-07-11 13:17:31,560 (asr_pytorch:469) INFO: prediction [4_spk_4_008917-009000]: 啊好啊<eos>
2018-07-11 13:17:31,569 (e2e_asr_attctc_th:2977) INFO: BLSTMP input lengths: [441]
2018-07-11 13:17:32,146 (e2e_asr_attctc_th:2067) INFO: input lengths: 111
2018-07-11 13:17:32,147 (e2e_asr_attctc_th:2091) INFO: max output length: 111
2018-07-11 13:17:32,147 (e2e_asr_attctc_th:2092) INFO: min output length: 0
2018-07-11 13:17:36,596 (e2e_asr_attctc_th:2206) INFO: no hypothesis. Finish decoding.
2018-07-11 13:17:36,596 (e2e_asr_attctc_th:2217) INFO: total log probability: -28.6115177283
2018-07-11 13:17:36,596 (e2e_asr_attctc_th:2218) INFO: normalized log probability: -0.95371725761
2018-07-11 13:17:36,596 (asr_pytorch:468) INFO: groundtruth[9_spk_9_024207-024650]: 咋妍枱俏咋樺嘍三倔惕泌冀寫GSRJMVQ刺佬嘍EGGSYRX然啞顔嘍剛顔丕嘍誅呯
2018-07-11 13:17:36,597 (asr_pytorch:469) INFO: prediction [9_spk_9_024207-024650]: 咁一個今晚識到情況佢就係咁分咗你嘅卡冇問題啦件近下晝話嘞<eos>
2018-07-11 13:17:36,604 (e2e_asr_attctc_th:2977) INFO: BLSTMP input lengths: [144]
2018-07-11 13:17:36,824 (e2e_asr_attctc_th:2067) INFO: input lengths: 36
2018-07-11 13:17:36,824 (e2e_asr_attctc_th:2091) INFO: max output length: 36
2018-07-11 13:17:36,824 (e2e_asr_attctc_th:2092) INFO: min output length: 0
2018-07-11 13:17:38,257 (e2e_asr_attctc_th:2199) INFO: end detected at 16
2018-07-11 13:17:38,258 (e2e_asr_attctc_th:2217) INFO: total log probability: -7.85031739622
2018-07-11 13:17:38,258 (e2e_asr_attctc_th:2218) INFO: normalized log probability: -0.872257488469
2018-07-11 13:17:38,259 (asr_pytorch:468) INFO: groundtruth[1505-2_spk_1505_2_087430-087576]: B
2018-07-11 13:17:38,259 (asr_pytorch:469) INFO: prediction [1505-2_spk_1505_2_087430-087576]: 誒嗰個因為因為<eos>
2018-07-11 13:17:38,268 (e2e_asr_attctc_th:2977) INFO: BLSTMP input lengths: [316]
2018-07-11 13:17:38,724 (e2e_asr_attctc_th:2067) INFO: input lengths: 79
2018-07-11 13:17:38,724 (e2e_asr_attctc_th:2091) INFO: max output length: 79
2018-07-11 13:17:38,725 (e2e_asr_attctc_th:2092) INFO: min output length: 0
2018-07-11 13:17:42,641 (e2e_asr_attctc_th:2199) INFO: end detected at 29
2018-07-11 13:17:42,641 (e2e_asr_attctc_th:2217) INFO: total log probability: -22.504726449
2018-07-11 13:17:42,641 (e2e_asr_attctc_th:2218) INFO: normalized log probability: -0.900189057961
2018-07-11 13:17:42,642 (asr_pytorch:468) INFO: groundtruth[9_spk_9_014197-014515]: 囹烕呯妍枱佬郷扔檀HIXIGX唪刺WMQGEVH嘍誅呯
2018-07-11 13:17:42,642 (asr_pytorch:469) INFO: prediction [9_spk_9_014197-014515]: 我都唔係呢如果先係部手機嗰啲人聽唔到先卡噶話呢<eos>
2018-07-11 13:17:42,649 (e2e_asr_attctc_th:2977) INFO: BLSTMP input lengths: [136]
2018-07-11 13:17:42,841 (e2e_asr_attctc_th:2067) INFO: input lengths: 34
2018-07-11 13:17:42,841 (e2e_asr_attctc_th:2091) INFO: max output length: 34
2018-07-11 13:17:42,841 (e2e_asr_attctc_th:2092) INFO: min output length: 0
2018-07-11 13:17:43,905 (e2e_asr_attctc_th:2199) INFO: end detected at 13
2018-07-11 13:17:43,906 (e2e_asr_attctc_th:2217) INFO: total log probability: -9.02318702918
2018-07-11 13:17:43,906 (e2e_asr_attctc_th:2218) INFO: normalized log probability: -1.00257633658
2018-07-11 13:17:43,906 (asr_pytorch:468) INFO: groundtruth[9_spk_9_009627-009765]: 昕皅嘍哲旅<unk>冀寫
2018-07-11 13:17:43,906 (asr_pytorch:469) INFO: prediction [9_spk_9_009627-009765]: 未包呢翻明天日<eos>
2018-07-11 13:17:43,914 (e2e_asr_attctc_th:2977) INFO: BLSTMP input lengths: [231]
2018-07-11 13:17:44,238 (e2e_asr_attctc_th:2067) INFO: input lengths: 58
2018-07-11 13:17:44,238 (e2e_asr_attctc_th:2091) INFO: max output length: 58
2018-07-11 13:17:44,238 (e2e_asr_attctc_th:2092) INFO: min output length: 0
2018-07-11 13:17:46,325 (e2e_asr_attctc_th:2199) INFO: end detected at 20
2018-07-11 13:17:46,325 (e2e_asr_attctc_th:2217) INFO: total log probability: -5.26948438026
2018-07-11 13:17:46,325 (e2e_asr_attctc_th:2218) INFO: normalized log probability: -0.329342773766
2018-07-11 13:17:46,327 (asr_pytorch:468) INFO: groundtruth[1505-1_spk_1505_1_098413-098646]: 2000列鐲妍枱佬誅見劫列鐲斌啖
2018-07-11 13:17:46,327 (asr_pytorch:469) INFO: prediction [1505-1_spk_1505_1_098413-098646]: 二韆分鐘如果你話要加分鐘數噶<eos>
2018-07-11 13:17:46,334 (e2e_asr_attctc_th:2977) INFO: BLSTMP input lengths: [224]
2018-07-11 13:17:46,640 (e2e_asr_attctc_th:2067) INFO: input lengths: 56
2018-07-11 13:17:46,640 (e2e_asr_attctc_th:2091) INFO: max output length: 56
2018-07-11 13:17:46,640 (e2e_asr_attctc_th:2092) INFO: min output length: 0
2018-07-11 13:17:48,162 (e2e_asr_attctc_th:2206) INFO: no hypothesis. Finish decoding.
2018-07-11 13:17:48,163 (e2e_asr_attctc_th:2217) INFO: total log probability: -7.44211331627
2018-07-11 13:17:48,163 (e2e_asr_attctc_th:2218) INFO: normalized log probability: -0.531579522591
2018-07-11 13:17:48,163 (asr_pytorch:468) INFO: groundtruth[1504-1_spk_1504_1_021196-021422]: 蘸枱旬塊鄔塊尓道啯俏囖俏囖
2018-07-11 13:17:48,163 (asr_pytorch:469) INFO: prediction [1504-1_spk_1504_1_021196-021422]: 成傢我都兜度過啦係咯係咯<eos>
2018-07-11 13:17:48,173 (e2e_asr_attctc_th:2977) INFO: BLSTMP input lengths: [314]
2018-07-11 13:17:48,600 (e2e_asr_attctc_th:2067) INFO: input lengths: 79
2018-07-11 13:17:48,601 (e2e_asr_attctc_th:2091) INFO: max output length: 79
2018-07-11 13:17:48,601 (e2e_asr_attctc_th:2092) INFO: min output length: 0
2018-07-11 13:17:50,973 (e2e_asr_attctc_th:2199) INFO: end detected at 21
2018-07-11 13:17:50,973 (e2e_asr_attctc_th:2217) INFO: total log probability: -12.233965843
2018-07-11 13:17:50,973 (e2e_asr_attctc_th:2218) INFO: normalized log probability: -0.764622865187
2018-07-11 13:17:50,974 (asr_pytorch:468) INFO: groundtruth[1504-1_spk_1504_1_064886-065202]: 尻B貽W8司件扚65<unk>旨
2018-07-11 13:17:50,974 (asr_pytorch:469) INFO: prediction [1504-1_spk_1504_1_064886-065202]: 就誒買ASY法可以打六五次嘅<eos>
2018-07-11 13:17:50,981 (e2e_asr_attctc_th:2977) INFO: BLSTMP input lengths: [115]
2018-07-11 13:17:51,154 (e2e_asr_attctc_th:2067) INFO: input lengths: 29
2018-07-11 13:17:51,154 (e2e_asr_attctc_th:2091) INFO: max output length: 29
2018-07-11 13:17:51,155 (e2e_asr_attctc_th:2092) INFO: min output length: 0
2018-07-11 13:17:51,792 (e2e_asr_attctc_th:2199) INFO: end detected at 9
2018-07-11 13:17:51,792 (e2e_asr_attctc_th:2217) INFO: total log probability: -3.564036984
2018-07-11 13:17:51,792 (e2e_asr_attctc_th:2218) INFO: normalized log probability: -0.712807396799
2018-07-11 13:17:51,793 (asr_pytorch:468) INFO: groundtruth[8_spk_8_024445-024562]: B
2018-07-11 13:17:51,793 (asr_pytorch:469) INFO: prediction [8_spk_8_024445-024562]: 咁食啦<eos>
2018-07-11 13:17:51,800 (e2e_asr_attctc_th:2977) INFO: BLSTMP input lengths: [154]
2018-07-11 13:17:52,018 (e2e_asr_attctc_th:2067) INFO: input lengths: 39
2018-07-11 13:17:52,018 (e2e_asr_attctc_th:2091) INFO: max output length: 39
2018-07-11 13:17:52,018 (e2e_asr_attctc_th:2092) INFO: min output length: 0
2018-07-11 13:17:53,482 (e2e_asr_attctc_th:2199) INFO: end detected at 16
2018-07-11 13:17:53,482 (e2e_asr_attctc_th:2217) INFO: total log probability: -8.98670447059
2018-07-11 13:17:53,482 (e2e_asr_attctc_th:2218) INFO: normalized log probability: -0.81697313369
2018-07-11 13:17:53,483 (asr_pytorch:468) INFO: groundtruth[4_spk_4_034311-034467]: 唪俏呈戛畸夭隊由呈嘢
2018-07-11 13:17:53,483 (asr_pytorch:469) INFO: prediction [4_spk_4_034311-034467]: 唔係我班辦度用啊嘛<eos>
2018-07-11 13:17:53,490 (e2e_asr_attctc_th:2977) INFO: BLSTMP input lengths: [53]
2018-07-11 13:17:53,582 (e2e_asr_attctc_th:2067) INFO: input lengths: 14
2018-07-11 13:17:53,582 (e2e_asr_attctc_th:2091) INFO: max output length: 14
2018-07-11 13:17:53,583 (e2e_asr_attctc_th:2092) INFO: min output length: 0
2018-07-11 13:17:54,159 (e2e_asr_attctc_th:2199) INFO: end detected at 10
2018-07-11 13:17:54,159 (e2e_asr_attctc_th:2217) INFO: total log probability: -4.20541597903
2018-07-11 13:17:54,159 (e2e_asr_attctc_th:2218) INFO: normalized log probability: -0.841083195806
2018-07-11 13:17:54,160 (asr_pytorch:468) INFO: groundtruth[8_spk_8_027139-027195]: 丕
2018-07-11 13:17:54,160 (asr_pytorch:469) INFO: prediction [8_spk_8_027139-027195]: 費噶啫<eos>
# Accounting: time=282 threads=1
# Ended (code 0) at Wed Jul 11 13:17:54 HKT 2018, elapsed time 282 seconds
# Accounting: time=479 threads=1
# Ended (code 0) at Wed Jul 11 13:19:48 HKT 2018, elapsed time 479 seconds
