# asr_recog.py --ngpu 0 --backend pytorch --recog-json smartone_data/smartone_kaldi/split32utt/data.28.json --result-label smartone_data/baseline/decode/data.28.json --model smartone_data/baseline/model.acc.best --model-conf smartone_data/baseline/model.conf --beam-size 20 --penalty 0.0 --maxlenratio 0.0 --minlenratio 0.0 --ctc-weight 0.3 
# Started at Wed Jul 11 13:13:12 HKT 2018
#
2018-07-11 13:13:13,058 (asr_recog:110) INFO: python path = /home/lahiru/Devinstalls/espnet_new/espnet/egs/domain_adaptation_cantonese/asr5/../../../src/lm/:/home/lahiru/Devinstalls/espnet_new/espnet/egs/domain_adaptation_cantonese/asr5/../../../src/asr/:/home/lahiru/Devinstalls/espnet_new/espnet/egs/domain_adaptation_cantonese/asr5/../../../src/nets/:/home/lahiru/Devinstalls/espnet_new/espnet/egs/domain_adaptation_cantonese/asr5/../../../src/utils/:/home/lahiru/Devinstalls/espnet_new/espnet/egs/domain_adaptation_cantonese/asr5/../../../src/bin/:/home/lahiru/Devinstalls/espnet_new/espnet/egs/domain_adaptation_cantonese/asr5/../../../src/lm/:/home/lahiru/Devinstalls/espnet_new/espnet/egs/domain_adaptation_cantonese/asr5/../../../src/asr/:/home/lahiru/Devinstalls/espnet_new/espnet/egs/domain_adaptation_cantonese/asr5/../../../src/nets/:/home/lahiru/Devinstalls/espnet_new/espnet/egs/domain_adaptation_cantonese/asr5/../../../src/utils/:/home/lahiru/Devinstalls/espnet_new/espnet/egs/domain_adaptation_cantonese/asr5/../../../src/bin/:
2018-07-11 13:13:13,058 (asr_recog:115) INFO: set random seed = 1
2018-07-11 13:13:13,059 (asr_recog:118) INFO: backend = pytorch
2018-07-11 13:13:13,825 (asr_pytorch:393) INFO: reading a model config file fromsmartone_data/baseline/model.conf
2018-07-11 13:13:13,844 (asr_pytorch:397) INFO: ARGS: backend: pytorch
2018-07-11 13:13:13,844 (asr_pytorch:397) INFO: ARGS: beam_size: 20
2018-07-11 13:13:13,844 (asr_pytorch:397) INFO: ARGS: ctc_weight: 0.3
2018-07-11 13:13:13,844 (asr_pytorch:397) INFO: ARGS: da: 0
2018-07-11 13:13:13,844 (asr_pytorch:397) INFO: ARGS: daconfig: 3
2018-07-11 13:13:13,844 (asr_pytorch:397) INFO: ARGS: datype: bias
2018-07-11 13:13:13,844 (asr_pytorch:397) INFO: ARGS: debugmode: 1
2018-07-11 13:13:13,844 (asr_pytorch:397) INFO: ARGS: gpu: None
2018-07-11 13:13:13,844 (asr_pytorch:397) INFO: ARGS: lm_weight: 0.1
2018-07-11 13:13:13,844 (asr_pytorch:397) INFO: ARGS: maxlenratio: 0.0
2018-07-11 13:13:13,844 (asr_pytorch:397) INFO: ARGS: minlenratio: 0.0
2018-07-11 13:13:13,844 (asr_pytorch:397) INFO: ARGS: model: smartone_data/baseline/model.acc.best
2018-07-11 13:13:13,844 (asr_pytorch:397) INFO: ARGS: model_conf: smartone_data/baseline/model.conf
2018-07-11 13:13:13,845 (asr_pytorch:397) INFO: ARGS: nbest: 1
2018-07-11 13:13:13,845 (asr_pytorch:397) INFO: ARGS: ngpu: 0
2018-07-11 13:13:13,845 (asr_pytorch:397) INFO: ARGS: penalty: 0.0
2018-07-11 13:13:13,845 (asr_pytorch:397) INFO: ARGS: recog_feat: None
2018-07-11 13:13:13,845 (asr_pytorch:397) INFO: ARGS: recog_json: smartone_data/smartone_kaldi/split32utt/data.28.json
2018-07-11 13:13:13,845 (asr_pytorch:397) INFO: ARGS: recog_label: None
2018-07-11 13:13:13,845 (asr_pytorch:397) INFO: ARGS: result_label: smartone_data/baseline/decode/data.28.json
2018-07-11 13:13:13,845 (asr_pytorch:397) INFO: ARGS: rnnlm: None
2018-07-11 13:13:13,845 (asr_pytorch:397) INFO: ARGS: seed: 1
2018-07-11 13:13:13,845 (asr_pytorch:397) INFO: ARGS: verbose: 1
2018-07-11 13:13:13,845 (asr_pytorch:397) INFO: ARGS: word_dict: None
2018-07-11 13:13:13,845 (asr_pytorch:397) INFO: ARGS: word_rnnlm: None
2018-07-11 13:13:13,845 (asr_pytorch:400) INFO: reading model parameters fromsmartone_data/baseline/model.acc.best
2018-07-11 13:13:13,845 (e2e_asr_attctc_th:184) INFO: subsample: 1 2 2 1 1
2018-07-11 13:13:13,922 (e2e_asr_attctc_th:2317) INFO: BLSTM with every-layer projection for encoder
2018-07-11 13:13:15,470 (e2e_asr_attctc_th:2977) INFO: BLSTMP input lengths: [518]
2018-07-11 13:13:16,273 (e2e_asr_attctc_th:2067) INFO: input lengths: 130
2018-07-11 13:13:16,273 (e2e_asr_attctc_th:2091) INFO: max output length: 130
2018-07-11 13:13:16,273 (e2e_asr_attctc_th:2092) INFO: min output length: 0
2018-07-11 13:13:22,959 (e2e_asr_attctc_th:2199) INFO: end detected at 34
2018-07-11 13:13:22,959 (e2e_asr_attctc_th:2217) INFO: total log probability: -14.8838926998
2018-07-11 13:13:22,959 (e2e_asr_attctc_th:2218) INFO: normalized log probability: -0.513237679305
2018-07-11 13:13:22,961 (asr_pytorch:468) INFO: groundtruth[9_spk_9_052579-053100]: 哭妍枱哲三旅<unk>嘍誅呯司脇鄔唪岀族畸戛員哲三庵嘍哲倔望募
2018-07-11 13:13:22,961 (asr_pytorch:469) INFO: prediction [9_spk_9_052579-053100]: 哦如果呢一方麵嘅話呢可能夠五十啲翻我哋呢一度嘅呢個朋友<eos>
2018-07-11 13:13:22,969 (e2e_asr_attctc_th:2977) INFO: BLSTMP input lengths: [301]
2018-07-11 13:13:23,404 (e2e_asr_attctc_th:2067) INFO: input lengths: 76
2018-07-11 13:13:23,405 (e2e_asr_attctc_th:2091) INFO: max output length: 76
2018-07-11 13:13:23,405 (e2e_asr_attctc_th:2092) INFO: min output length: 0
2018-07-11 13:13:26,629 (e2e_asr_attctc_th:2199) INFO: end detected at 25
2018-07-11 13:13:26,629 (e2e_asr_attctc_th:2217) INFO: total log probability: -14.3783784136
2018-07-11 13:13:26,629 (e2e_asr_attctc_th:2218) INFO: normalized log probability: -0.756756758611
2018-07-11 13:13:26,630 (asr_pytorch:468) INFO: groundtruth[1503-2_spk_1503_2_083434-083737]: 哭咋戛肇旬毯佰從唪從俏囖SO戛昕柎啯嗶
2018-07-11 13:13:26,630 (asr_pytorch:469) INFO: prediction [1503-2_spk_1503_2_083434-083737]: 哦咁我聽日俾你齣麵人喺屋企我唔明嘅<eos>
2018-07-11 13:13:26,638 (e2e_asr_attctc_th:2977) INFO: BLSTMP input lengths: [213]
2018-07-11 13:13:26,957 (e2e_asr_attctc_th:2067) INFO: input lengths: 54
2018-07-11 13:13:26,958 (e2e_asr_attctc_th:2091) INFO: max output length: 54
2018-07-11 13:13:26,958 (e2e_asr_attctc_th:2092) INFO: min output length: 0
2018-07-11 13:13:29,151 (e2e_asr_attctc_th:2199) INFO: end detected at 15
2018-07-11 13:13:29,152 (e2e_asr_attctc_th:2217) INFO: total log probability: -14.0236218395
2018-07-11 13:13:29,152 (e2e_asr_attctc_th:2218) INFO: normalized log probability: -1.40236218395
2018-07-11 13:13:29,153 (asr_pytorch:468) INFO: groundtruth[8_spk_8_084870-085085]: 然呈戛尻從哲倔扔換㨃咒
2018-07-11 13:13:29,154 (asr_pytorch:469) INFO: prediction [8_spk_8_084870-085085]: 室識先食十仔嘅咋<eos>
2018-07-11 13:13:29,171 (e2e_asr_attctc_th:2977) INFO: BLSTMP input lengths: [278]
2018-07-11 13:13:29,972 (e2e_asr_attctc_th:2067) INFO: input lengths: 70
2018-07-11 13:13:29,973 (e2e_asr_attctc_th:2091) INFO: max output length: 70
2018-07-11 13:13:29,973 (e2e_asr_attctc_th:2092) INFO: min output length: 0
2018-07-11 13:13:31,961 (e2e_asr_attctc_th:2199) INFO: end detected at 17
2018-07-11 13:13:31,962 (e2e_asr_attctc_th:2217) INFO: total log probability: -5.40772111528
2018-07-11 13:13:31,962 (e2e_asr_attctc_th:2218) INFO: normalized log probability: -0.540772111528
2018-07-11 13:13:31,963 (asr_pytorch:468) INFO: groundtruth[9_spk_9_021340-021620]: 哭戛乒剛乸卉共蚧
2018-07-11 13:13:31,963 (asr_pytorch:469) INFO: prediction [9_spk_9_021340-021620]: 哦我之前搞得啊<SPK/><eos>
2018-07-11 13:13:31,971 (e2e_asr_attctc_th:2977) INFO: BLSTMP input lengths: [198]
2018-07-11 13:13:32,270 (e2e_asr_attctc_th:2067) INFO: input lengths: 50
2018-07-11 13:13:32,270 (e2e_asr_attctc_th:2091) INFO: max output length: 50
2018-07-11 13:13:32,270 (e2e_asr_attctc_th:2092) INFO: min output length: 0
2018-07-11 13:13:33,270 (e2e_asr_attctc_th:2199) INFO: end detected at 12
2018-07-11 13:13:33,270 (e2e_asr_attctc_th:2217) INFO: total log probability: -4.67445313931
2018-07-11 13:13:33,270 (e2e_asr_attctc_th:2218) INFO: normalized log probability: -0.779075523218
2018-07-11 13:13:33,272 (asr_pytorch:468) INFO: groundtruth[1503-1_spk_1503_1_090107-090307]: 俏啯冏鍋嗶
2018-07-11 13:13:33,272 (asr_pytorch:469) INFO: prediction [1503-1_spk_1503_1_090107-090307]: 係啦冇啊<eos>
2018-07-11 13:13:33,279 (e2e_asr_attctc_th:2977) INFO: BLSTMP input lengths: [145]
2018-07-11 13:13:33,506 (e2e_asr_attctc_th:2067) INFO: input lengths: 37
2018-07-11 13:13:33,507 (e2e_asr_attctc_th:2091) INFO: max output length: 37
2018-07-11 13:13:33,507 (e2e_asr_attctc_th:2092) INFO: min output length: 0
2018-07-11 13:13:34,784 (e2e_asr_attctc_th:2199) INFO: end detected at 14
2018-07-11 13:13:34,784 (e2e_asr_attctc_th:2217) INFO: total log probability: -9.31592440605
2018-07-11 13:13:34,784 (e2e_asr_attctc_th:2218) INFO: normalized log probability: -1.03510271178
2018-07-11 13:13:34,786 (asr_pytorch:468) INFO: groundtruth[8_spk_8_036935-037082]: 必園嗷倔鄔俏必
2018-07-11 13:13:34,787 (asr_pytorch:469) INFO: prediction [8_spk_8_036935-037082]: 一個直上多仔不<eos>
2018-07-11 13:13:34,794 (e2e_asr_attctc_th:2977) INFO: BLSTMP input lengths: [58]
2018-07-11 13:13:34,912 (e2e_asr_attctc_th:2067) INFO: input lengths: 15
2018-07-11 13:13:34,913 (e2e_asr_attctc_th:2091) INFO: max output length: 15
2018-07-11 13:13:34,913 (e2e_asr_attctc_th:2092) INFO: min output length: 0
2018-07-11 13:13:35,724 (e2e_asr_attctc_th:2199) INFO: end detected at 10
2018-07-11 13:13:35,725 (e2e_asr_attctc_th:2217) INFO: total log probability: -4.18180539086
2018-07-11 13:13:35,725 (e2e_asr_attctc_th:2218) INFO: normalized log probability: -0.696967565144
2018-07-11 13:13:35,727 (asr_pytorch:468) INFO: groundtruth[1505-1_spk_1505_1_047176-047236]: 唪俏囹烕尖
2018-07-11 13:13:35,727 (asr_pytorch:469) INFO: prediction [1505-1_spk_1505_1_047176-047236]: 你啊我食<eos>
2018-07-11 13:13:35,741 (e2e_asr_attctc_th:2977) INFO: BLSTMP input lengths: [208]
2018-07-11 13:13:36,207 (e2e_asr_attctc_th:2067) INFO: input lengths: 52
2018-07-11 13:13:36,208 (e2e_asr_attctc_th:2091) INFO: max output length: 52
2018-07-11 13:13:36,208 (e2e_asr_attctc_th:2092) INFO: min output length: 0
2018-07-11 13:13:38,606 (e2e_asr_attctc_th:2206) INFO: no hypothesis. Finish decoding.
2018-07-11 13:13:38,606 (e2e_asr_attctc_th:2217) INFO: total log probability: -11.8286807621
2018-07-11 13:13:38,606 (e2e_asr_attctc_th:2218) INFO: normalized log probability: -0.788578717473
2018-07-11 13:13:38,607 (asr_pytorch:468) INFO: groundtruth[3_spk_3_027657-027867]: 卿俏唪震見甩用伊作TPERRSX~㨃
2018-07-11 13:13:38,607 (asr_pytorch:469) INFO: prediction [3_spk_3_027657-027867]: 即係唔需要反分任何牌內資格<eos>
2018-07-11 13:13:38,623 (e2e_asr_attctc_th:2977) INFO: BLSTMP input lengths: [696]
2018-07-11 13:13:39,753 (e2e_asr_attctc_th:2067) INFO: input lengths: 174
2018-07-11 13:13:39,753 (e2e_asr_attctc_th:2091) INFO: max output length: 174
2018-07-11 13:13:39,753 (e2e_asr_attctc_th:2092) INFO: min output length: 0
2018-07-11 13:13:48,893 (e2e_asr_attctc_th:2199) INFO: end detected at 40
2018-07-11 13:13:48,894 (e2e_asr_attctc_th:2217) INFO: total log probability: -26.8953202474
2018-07-11 13:13:48,894 (e2e_asr_attctc_th:2218) INFO: normalized log probability: -0.768437721354
2018-07-11 13:13:48,896 (asr_pytorch:468) INFO: groundtruth[1503-1_spk_1503_1_055476-056174]: 咋筋亙樺訢從見幀迫朋迪丐倔朔公冀丹三彈朕敖旨址坐譚昕道叄戛址閊希
2018-07-11 13:13:48,897 (asr_pytorch:469) INFO: prediction [1503-1_spk_1503_1_055476-056174]: 飲第二日記得要帶翻最近三個月來其實中咩張有效嘅利子係咪過去我哋門事<eos>
2018-07-11 13:13:48,913 (e2e_asr_attctc_th:2977) INFO: BLSTMP input lengths: [426]
2018-07-11 13:13:49,672 (e2e_asr_attctc_th:2067) INFO: input lengths: 107
2018-07-11 13:13:49,672 (e2e_asr_attctc_th:2091) INFO: max output length: 107
2018-07-11 13:13:49,672 (e2e_asr_attctc_th:2092) INFO: min output length: 0
2018-07-11 13:13:54,289 (e2e_asr_attctc_th:2199) INFO: end detected at 24
2018-07-11 13:13:54,289 (e2e_asr_attctc_th:2217) INFO: total log probability: -7.18139045732
2018-07-11 13:13:54,289 (e2e_asr_attctc_th:2218) INFO: normalized log probability: -0.377967918806
2018-07-11 13:13:54,291 (asr_pytorch:468) INFO: groundtruth[1504-2_spk_1504_2_051066-051494]: 俏俏啖手件戛宥<unk>谘咩兮倔然院且綺啖
2018-07-11 13:13:54,291 (asr_pytorch:469) INFO: prediction [1504-2_spk_1504_2_051066-051494]: 係係啊所以我而傢見咗兩個冇硬上網啊<eos>
2018-07-11 13:13:54,307 (e2e_asr_attctc_th:2977) INFO: BLSTMP input lengths: [91]
2018-07-11 13:13:54,583 (e2e_asr_attctc_th:2067) INFO: input lengths: 23
2018-07-11 13:13:54,584 (e2e_asr_attctc_th:2091) INFO: max output length: 23
2018-07-11 13:13:54,584 (e2e_asr_attctc_th:2092) INFO: min output length: 0
2018-07-11 13:13:55,757 (e2e_asr_attctc_th:2199) INFO: end detected at 11
2018-07-11 13:13:55,758 (e2e_asr_attctc_th:2217) INFO: total log probability: -2.93001449108
2018-07-11 13:13:55,758 (e2e_asr_attctc_th:2218) INFO: normalized log probability: -0.488335748514
2018-07-11 13:13:55,762 (asr_pytorch:468) INFO: groundtruth[1503-2_spk_1503_2_036966-037059]: 俏啯SO
2018-07-11 13:13:55,763 (asr_pytorch:469) INFO: prediction [1503-2_spk_1503_2_036966-037059]: 係我屋企<eos>
2018-07-11 13:13:55,780 (e2e_asr_attctc_th:2977) INFO: BLSTMP input lengths: [316]
2018-07-11 13:13:56,527 (e2e_asr_attctc_th:2067) INFO: input lengths: 79
2018-07-11 13:13:56,527 (e2e_asr_attctc_th:2091) INFO: max output length: 79
2018-07-11 13:13:56,527 (e2e_asr_attctc_th:2092) INFO: min output length: 0
2018-07-11 13:14:00,784 (e2e_asr_attctc_th:2199) INFO: end detected at 26
2018-07-11 13:14:00,784 (e2e_asr_attctc_th:2217) INFO: total log probability: -22.2350434856
2018-07-11 13:14:00,784 (e2e_asr_attctc_th:2218) INFO: normalized log probability: -1.05881159455
2018-07-11 13:14:00,785 (asr_pytorch:468) INFO: groundtruth[8_spk_8_083447-083765]: 黴樺叄B換卌畸倔綺絨賺紫呈掩放倔賺紫囖
2018-07-11 13:14:00,786 (asr_pytorch:469) INFO: prediction [8_spk_8_083447-083765]: 點解可以誒提升車個網絡就數發激夠得數啦<eos>
2018-07-11 13:14:00,794 (e2e_asr_attctc_th:2977) INFO: BLSTMP input lengths: [167]
2018-07-11 13:14:01,034 (e2e_asr_attctc_th:2067) INFO: input lengths: 42
2018-07-11 13:14:01,034 (e2e_asr_attctc_th:2091) INFO: max output length: 42
2018-07-11 13:14:01,035 (e2e_asr_attctc_th:2092) INFO: min output length: 0
2018-07-11 13:14:03,327 (e2e_asr_attctc_th:2199) INFO: end detected at 16
2018-07-11 13:14:03,328 (e2e_asr_attctc_th:2217) INFO: total log probability: -5.72562964261
2018-07-11 13:14:03,328 (e2e_asr_attctc_th:2218) INFO: normalized log probability: -0.520511785691
2018-07-11 13:14:03,329 (asr_pytorch:468) INFO: groundtruth[1501-1_spk_1501_1_076617-076786]: 卉乸蚊SO冏啞顔嘍
2018-07-11 13:14:03,330 (asr_pytorch:469) INFO: prediction [1501-1_spk_1501_1_076617-076786]: 就狗好OK冇問題噶<eos>
2018-07-11 13:14:03,349 (e2e_asr_attctc_th:2977) INFO: BLSTMP input lengths: [548]
2018-07-11 13:14:04,593 (e2e_asr_attctc_th:2067) INFO: input lengths: 137
2018-07-11 13:14:04,594 (e2e_asr_attctc_th:2091) INFO: max output length: 137
2018-07-11 13:14:04,594 (e2e_asr_attctc_th:2092) INFO: min output length: 0
2018-07-11 13:14:10,441 (e2e_asr_attctc_th:2199) INFO: end detected at 25
2018-07-11 13:14:10,442 (e2e_asr_attctc_th:2217) INFO: total log probability: -29.9541353285
2018-07-11 13:14:10,442 (e2e_asr_attctc_th:2218) INFO: normalized log probability: -1.66411862936
2018-07-11 13:14:10,442 (asr_pytorch:468) INFO: groundtruth[8_spk_8_028907-029457]: SO咋哲庵嘍誅呯見司脇見吔佬少三少倔址坐囹烕戛員呯見尋佬哲倔惕泌呯訢錕畸佔
2018-07-11 13:14:10,443 (asr_pytorch:469) INFO: prediction [8_spk_8_028907-029457]: 之前咁食實係同食自己一齊先要齣聲<eos>
2018-07-11 13:14:10,450 (e2e_asr_attctc_th:2977) INFO: BLSTMP input lengths: [112]
2018-07-11 13:14:10,620 (e2e_asr_attctc_th:2067) INFO: input lengths: 28
2018-07-11 13:14:10,621 (e2e_asr_attctc_th:2091) INFO: max output length: 28
2018-07-11 13:14:10,621 (e2e_asr_attctc_th:2092) INFO: min output length: 0
2018-07-11 13:14:11,395 (e2e_asr_attctc_th:2199) INFO: end detected at 11
2018-07-11 13:14:11,395 (e2e_asr_attctc_th:2217) INFO: total log probability: -1.66356656142
2018-07-11 13:14:11,395 (e2e_asr_attctc_th:2218) INFO: normalized log probability: -0.332713312283
2018-07-11 13:14:11,396 (asr_pytorch:468) INFO: groundtruth[1504-1_spk_1504_1_031986-032100]: 哭昕皅
2018-07-11 13:14:11,396 (asr_pytorch:469) INFO: prediction [1504-1_spk_1504_1_031986-032100]: 我明白<eos>
2018-07-11 13:14:11,407 (e2e_asr_attctc_th:2977) INFO: BLSTMP input lengths: [824]
2018-07-11 13:14:12,527 (e2e_asr_attctc_th:2067) INFO: input lengths: 206
2018-07-11 13:14:12,527 (e2e_asr_attctc_th:2091) INFO: max output length: 206
2018-07-11 13:14:12,527 (e2e_asr_attctc_th:2092) INFO: min output length: 0
2018-07-11 13:14:22,976 (e2e_asr_attctc_th:2199) INFO: end detected at 40
2018-07-11 13:14:22,978 (e2e_asr_attctc_th:2217) INFO: total log probability: -22.0795909762
2018-07-11 13:14:22,978 (e2e_asr_attctc_th:2218) INFO: normalized log probability: -0.649399734595
2018-07-11 13:14:22,979 (asr_pytorch:468) INFO: groundtruth[1504-2_spk_1504_2_028802-029627]: 乳釗冏咩呯啼幺嗷啼TPER戛哎夭佴戛戛飬何3倔見見400序蚧戛咱妊夭鍚
2018-07-11 13:14:22,980 (asr_pytorch:469) INFO: prediction [1504-2_spk_1504_2_028802-029627]: 咩嘢冇得呢啲便嗰啲聽我話打我我哋食完翻個要要第八幾蚊我唔係好大話<eos>
2018-07-11 13:14:22,989 (e2e_asr_attctc_th:2977) INFO: BLSTMP input lengths: [240]
2018-07-11 13:14:23,362 (e2e_asr_attctc_th:2067) INFO: input lengths: 60
2018-07-11 13:14:23,363 (e2e_asr_attctc_th:2091) INFO: max output length: 60
2018-07-11 13:14:23,363 (e2e_asr_attctc_th:2092) INFO: min output length: 0
2018-07-11 13:14:26,020 (e2e_asr_attctc_th:2199) INFO: end detected at 21
2018-07-11 13:14:26,021 (e2e_asr_attctc_th:2217) INFO: total log probability: -14.0006395616
2018-07-11 13:14:26,021 (e2e_asr_attctc_th:2218) INFO: normalized log probability: -1.00004568297
2018-07-11 13:14:26,022 (asr_pytorch:468) INFO: groundtruth[9_spk_9_037405-037647]: 懵誆MTLSRI嘍誅服顰祈可ZTR
2018-07-11 13:14:26,023 (asr_pytorch:469) INFO: prediction [9_spk_9_037405-037647]: 應該嗌咁我攞會先至叫EP<eos>
2018-07-11 13:14:26,037 (e2e_asr_attctc_th:2977) INFO: BLSTMP input lengths: [198]
2018-07-11 13:14:26,506 (e2e_asr_attctc_th:2067) INFO: input lengths: 50
2018-07-11 13:14:26,507 (e2e_asr_attctc_th:2091) INFO: max output length: 50
2018-07-11 13:14:26,507 (e2e_asr_attctc_th:2092) INFO: min output length: 0
2018-07-11 13:14:28,307 (e2e_asr_attctc_th:2206) INFO: no hypothesis. Finish decoding.
2018-07-11 13:14:28,307 (e2e_asr_attctc_th:2217) INFO: total log probability: -11.5245820526
2018-07-11 13:14:28,307 (e2e_asr_attctc_th:2218) INFO: normalized log probability: -0.720286378288
2018-07-11 13:14:28,307 (asr_pytorch:468) INFO: groundtruth[1502-2_spk_1502_2_092389-092589]: 佰服吔佬HSYFPIGSRJMVQ迫倔<unk>紋㨃啯
2018-07-11 13:14:28,307 (asr_pytorch:469) INFO: prediction [1502-2_spk_1502_2_092389-092589]: 佢會同你得好講真三個閤養噶啦<eos>
2018-07-11 13:14:28,315 (e2e_asr_attctc_th:2977) INFO: BLSTMP input lengths: [247]
2018-07-11 13:14:28,626 (e2e_asr_attctc_th:2067) INFO: input lengths: 62
2018-07-11 13:14:28,627 (e2e_asr_attctc_th:2091) INFO: max output length: 62
2018-07-11 13:14:28,627 (e2e_asr_attctc_th:2092) INFO: min output length: 0
2018-07-11 13:14:30,373 (e2e_asr_attctc_th:2199) INFO: end detected at 21
2018-07-11 13:14:30,374 (e2e_asr_attctc_th:2217) INFO: total log probability: -7.53364318144
2018-07-11 13:14:30,374 (e2e_asr_attctc_th:2218) INFO: normalized log probability: -0.47085269884
2018-07-11 13:14:30,374 (asr_pytorch:468) INFO: groundtruth[1502-2_spk_1502_2_042296-042545]: 佰尻耗<unk>暸晏嚦謬倔SJJIV尻俏
2018-07-11 13:14:30,375 (asr_pytorch:469) INFO: prediction [1502-2_spk_1502_2_042296-042545]: 佢就而傢暫時講過OVER真係<eos>
2018-07-11 13:14:30,382 (e2e_asr_attctc_th:2977) INFO: BLSTMP input lengths: [53]
2018-07-11 13:14:30,470 (e2e_asr_attctc_th:2067) INFO: input lengths: 14
2018-07-11 13:14:30,470 (e2e_asr_attctc_th:2091) INFO: max output length: 14
2018-07-11 13:14:30,470 (e2e_asr_attctc_th:2092) INFO: min output length: 0
2018-07-11 13:14:30,819 (e2e_asr_attctc_th:2199) INFO: end detected at 8
2018-07-11 13:14:30,819 (e2e_asr_attctc_th:2217) INFO: total log probability: -0.0813246667385
2018-07-11 13:14:30,819 (e2e_asr_attctc_th:2218) INFO: normalized log probability: -0.0271082222462
2018-07-11 13:14:30,820 (asr_pytorch:468) INFO: groundtruth[1502-1_spk_1502_1_082080-082135]: 嗶
2018-07-11 13:14:30,820 (asr_pytorch:469) INFO: prediction [1502-1_spk_1502_1_082080-082135]: 嗯<eos>
2018-07-11 13:14:30,828 (e2e_asr_attctc_th:2977) INFO: BLSTMP input lengths: [46]
2018-07-11 13:14:30,911 (e2e_asr_attctc_th:2067) INFO: input lengths: 12
2018-07-11 13:14:30,911 (e2e_asr_attctc_th:2091) INFO: max output length: 12
2018-07-11 13:14:30,911 (e2e_asr_attctc_th:2092) INFO: min output length: 0
2018-07-11 13:14:31,216 (e2e_asr_attctc_th:2199) INFO: end detected at 7
2018-07-11 13:14:31,217 (e2e_asr_attctc_th:2217) INFO: total log probability: -0.919568343088
2018-07-11 13:14:31,217 (e2e_asr_attctc_th:2218) INFO: normalized log probability: -0.306522781029
2018-07-11 13:14:31,217 (asr_pytorch:468) INFO: groundtruth[1504-1_spk_1504_1_102176-102224]: 哭
2018-07-11 13:14:31,218 (asr_pytorch:469) INFO: prediction [1504-1_spk_1504_1_102176-102224]: 啊<eos>
2018-07-11 13:14:31,225 (e2e_asr_attctc_th:2977) INFO: BLSTMP input lengths: [61]
2018-07-11 13:14:31,314 (e2e_asr_attctc_th:2067) INFO: input lengths: 16
2018-07-11 13:14:31,314 (e2e_asr_attctc_th:2091) INFO: max output length: 16
2018-07-11 13:14:31,314 (e2e_asr_attctc_th:2092) INFO: min output length: 0
2018-07-11 13:14:31,858 (e2e_asr_attctc_th:2199) INFO: end detected at 10
2018-07-11 13:14:31,858 (e2e_asr_attctc_th:2217) INFO: total log probability: -3.68773229513
2018-07-11 13:14:31,858 (e2e_asr_attctc_th:2218) INFO: normalized log probability: -0.614622049189
2018-07-11 13:14:31,859 (asr_pytorch:468) INFO: groundtruth[9_spk_9_050552-050615]: 俏
2018-07-11 13:14:31,859 (asr_pytorch:469) INFO: prediction [9_spk_9_050552-050615]: 佢就係壞<eos>
2018-07-11 13:14:31,867 (e2e_asr_attctc_th:2977) INFO: BLSTMP input lengths: [340]
2018-07-11 13:14:32,316 (e2e_asr_attctc_th:2067) INFO: input lengths: 85
2018-07-11 13:14:32,316 (e2e_asr_attctc_th:2091) INFO: max output length: 85
2018-07-11 13:14:32,317 (e2e_asr_attctc_th:2092) INFO: min output length: 0
2018-07-11 13:14:34,141 (e2e_asr_attctc_th:2199) INFO: end detected at 20
2018-07-11 13:14:34,141 (e2e_asr_attctc_th:2217) INFO: total log probability: -14.6773498058
2018-07-11 13:14:34,141 (e2e_asr_attctc_th:2218) INFO: normalized log probability: -1.22311248382
2018-07-11 13:14:34,142 (asr_pytorch:468) INFO: groundtruth[12_spk_12_054310-054652]: 劫冗B夢I`XVE服劫
2018-07-11 13:14:34,142 (asr_pytorch:469) INFO: prediction [12_spk_12_054310-054652]: 啊在啊ONGURA啊<eos>
2018-07-11 13:14:34,151 (e2e_asr_attctc_th:2977) INFO: BLSTMP input lengths: [453]
2018-07-11 13:14:34,729 (e2e_asr_attctc_th:2067) INFO: input lengths: 114
2018-07-11 13:14:34,729 (e2e_asr_attctc_th:2091) INFO: max output length: 114
2018-07-11 13:14:34,730 (e2e_asr_attctc_th:2092) INFO: min output length: 0
2018-07-11 13:14:39,575 (e2e_asr_attctc_th:2199) INFO: end detected at 36
2018-07-11 13:14:39,575 (e2e_asr_attctc_th:2217) INFO: total log probability: -21.3222320098
2018-07-11 13:14:39,575 (e2e_asr_attctc_th:2218) INFO: normalized log probability: -0.687813935801
2018-07-11 13:14:39,577 (asr_pytorch:468) INFO: groundtruth[9_spk_9_041525-041980]: 冀寫歧幅嚦謬嘍誅呯佰服臺勞幹佬揉嘍冀寫耗<unk>司脇俏佬倔扔檀WIXXMRK
2018-07-11 13:14:39,577 (asr_pytorch:469) INFO: prediction [9_spk_9_041525-041980]: 嗰啲想唔係講佢話嘞佢會自動幫你揀噶佢就有一係你嗰隻有機齣頂<eos>
2018-07-11 13:14:39,590 (e2e_asr_attctc_th:2977) INFO: BLSTMP input lengths: [98]
2018-07-11 13:14:39,817 (e2e_asr_attctc_th:2067) INFO: input lengths: 25
2018-07-11 13:14:39,818 (e2e_asr_attctc_th:2091) INFO: max output length: 25
2018-07-11 13:14:39,818 (e2e_asr_attctc_th:2092) INFO: min output length: 0
2018-07-11 13:14:40,668 (e2e_asr_attctc_th:2199) INFO: end detected at 11
2018-07-11 13:14:40,668 (e2e_asr_attctc_th:2217) INFO: total log probability: -4.64592531323
2018-07-11 13:14:40,668 (e2e_asr_attctc_th:2218) INFO: normalized log probability: -0.774320885539
2018-07-11 13:14:40,669 (asr_pytorch:468) INFO: groundtruth[8_spk_8_013225-013325]: SO
2018-07-11 13:14:40,669 (asr_pytorch:469) INFO: prediction [8_spk_8_013225-013325]: 我心佢先<eos>
2018-07-11 13:14:40,683 (e2e_asr_attctc_th:2977) INFO: BLSTMP input lengths: [74]
2018-07-11 13:14:40,860 (e2e_asr_attctc_th:2067) INFO: input lengths: 19
2018-07-11 13:14:40,861 (e2e_asr_attctc_th:2091) INFO: max output length: 19
2018-07-11 13:14:40,861 (e2e_asr_attctc_th:2092) INFO: min output length: 0
2018-07-11 13:14:41,590 (e2e_asr_attctc_th:2199) INFO: end detected at 10
2018-07-11 13:14:41,591 (e2e_asr_attctc_th:2217) INFO: total log probability: -4.12747914717
2018-07-11 13:14:41,591 (e2e_asr_attctc_th:2218) INFO: normalized log probability: -0.825495829433
2018-07-11 13:14:41,592 (asr_pytorch:468) INFO: groundtruth[1501-2_spk_1501_2_075402-075478]: 謬兒
2018-07-11 13:14:41,592 (asr_pytorch:469) INFO: prediction [1501-2_spk_1501_2_075402-075478]: 唔緊咩<eos>
2018-07-11 13:14:41,606 (e2e_asr_attctc_th:2977) INFO: BLSTMP input lengths: [28]
2018-07-11 13:14:41,685 (e2e_asr_attctc_th:2067) INFO: input lengths: 7
2018-07-11 13:14:41,686 (e2e_asr_attctc_th:2091) INFO: max output length: 7
2018-07-11 13:14:41,686 (e2e_asr_attctc_th:2092) INFO: min output length: 0
2018-07-11 13:14:42,100 (e2e_asr_attctc_th:2180) INFO: adding <eos> in the last postion in the loop
2018-07-11 13:14:42,100 (e2e_asr_attctc_th:2206) INFO: no hypothesis. Finish decoding.
2018-07-11 13:14:42,100 (e2e_asr_attctc_th:2217) INFO: total log probability: -0.0224163034
2018-07-11 13:14:42,100 (e2e_asr_attctc_th:2218) INFO: normalized log probability: -0.00560407584999
2018-07-11 13:14:42,101 (asr_pytorch:468) INFO: groundtruth[1502-2_spk_1502_2_055526-055555]: 俏呈
2018-07-11 13:14:42,102 (asr_pytorch:469) INFO: prediction [1502-2_spk_1502_2_055526-055555]: 係啊<eos>
2018-07-11 13:14:42,117 (e2e_asr_attctc_th:2977) INFO: BLSTMP input lengths: [360]
2018-07-11 13:14:42,876 (e2e_asr_attctc_th:2067) INFO: input lengths: 90
2018-07-11 13:14:42,877 (e2e_asr_attctc_th:2091) INFO: max output length: 90
2018-07-11 13:14:42,877 (e2e_asr_attctc_th:2092) INFO: min output length: 0
2018-07-11 13:14:46,021 (e2e_asr_attctc_th:2199) INFO: end detected at 28
2018-07-11 13:14:46,021 (e2e_asr_attctc_th:2217) INFO: total log probability: -11.327702895
2018-07-11 13:14:46,021 (e2e_asr_attctc_th:2218) INFO: normalized log probability: -0.492508821523
2018-07-11 13:14:46,022 (asr_pytorch:468) INFO: groundtruth[1505-1_spk_1505_1_074490-074852]: 俏啯冀寫尻妍枱堅杉啼尻呯倔服毯輓妊囖囹烕
2018-07-11 13:14:46,022 (asr_pytorch:469) INFO: prediction [1505-1_spk_1505_1_074490-074852]: 啊而傢其實就如果基本之就呢個你會比較好因為<eos>
2018-07-11 13:14:46,031 (e2e_asr_attctc_th:2977) INFO: BLSTMP input lengths: [471]
2018-07-11 13:14:46,627 (e2e_asr_attctc_th:2067) INFO: input lengths: 118
2018-07-11 13:14:46,628 (e2e_asr_attctc_th:2091) INFO: max output length: 118
2018-07-11 13:14:46,628 (e2e_asr_attctc_th:2092) INFO: min output length: 0
2018-07-11 13:14:49,771 (e2e_asr_attctc_th:2206) INFO: no hypothesis. Finish decoding.
2018-07-11 13:14:49,771 (e2e_asr_attctc_th:2217) INFO: total log probability: -8.35260836873
2018-07-11 13:14:49,771 (e2e_asr_attctc_th:2218) INFO: normalized log probability: -0.334104334749
2018-07-11 13:14:49,771 (asr_pytorch:468) INFO: groundtruth[1505-1_spk_1505_1_014716-015190]: <unk>世道綺絨逮庵件取嗷倔空宣恃旅<unk>呯尻服換髲考囖
2018-07-11 13:14:49,772 (asr_pytorch:469) INFO: prediction [1505-1_spk_1505_1_014716-015190]: 隻不過網絡速度以及嗰個搵定性方麵呢就會提高翻咯<eos>
2018-07-11 13:14:49,779 (e2e_asr_attctc_th:2977) INFO: BLSTMP input lengths: [170]
2018-07-11 13:14:50,014 (e2e_asr_attctc_th:2067) INFO: input lengths: 43
2018-07-11 13:14:50,014 (e2e_asr_attctc_th:2091) INFO: max output length: 43
2018-07-11 13:14:50,014 (e2e_asr_attctc_th:2092) INFO: min output length: 0
2018-07-11 13:14:50,741 (e2e_asr_attctc_th:2206) INFO: no hypothesis. Finish decoding.
2018-07-11 13:14:50,741 (e2e_asr_attctc_th:2217) INFO: total log probability: -4.42013146915
2018-07-11 13:14:50,741 (e2e_asr_attctc_th:2218) INFO: normalized log probability: -0.491125718794
2018-07-11 13:14:50,742 (asr_pytorch:468) INFO: groundtruth[1504-2_spk_1504_2_043546-043718]: 戛2000鄔唪天扚
2018-07-11 13:14:50,742 (asr_pytorch:469) INFO: prediction [1504-2_spk_1504_2_043546-043718]: 我要邊都唔搞打<eos>
2018-07-11 13:14:50,750 (e2e_asr_attctc_th:2977) INFO: BLSTMP input lengths: [131]
2018-07-11 13:14:50,949 (e2e_asr_attctc_th:2067) INFO: input lengths: 33
2018-07-11 13:14:50,949 (e2e_asr_attctc_th:2091) INFO: max output length: 33
2018-07-11 13:14:50,949 (e2e_asr_attctc_th:2092) INFO: min output length: 0
2018-07-11 13:14:52,472 (e2e_asr_attctc_th:2199) INFO: end detected at 17
2018-07-11 13:14:52,472 (e2e_asr_attctc_th:2217) INFO: total log probability: -4.26295264583
2018-07-11 13:14:52,472 (e2e_asr_attctc_th:2218) INFO: normalized log probability: -0.355246053819
2018-07-11 13:14:52,473 (asr_pytorch:468) INFO: groundtruth[1502-2_spk_1502_2_012321-012454]: 咋朕啼宭扁尻服解從
2018-07-11 13:14:52,474 (asr_pytorch:469) INFO: prediction [1502-2_spk_1502_2_012321-012454]: 咁有之後活就會覺得齣<eos>
2018-07-11 13:14:52,487 (e2e_asr_attctc_th:2977) INFO: BLSTMP input lengths: [71]
2018-07-11 13:14:52,641 (e2e_asr_attctc_th:2067) INFO: input lengths: 18
2018-07-11 13:14:52,642 (e2e_asr_attctc_th:2091) INFO: max output length: 18
2018-07-11 13:14:52,642 (e2e_asr_attctc_th:2092) INFO: min output length: 0
2018-07-11 13:14:53,747 (e2e_asr_attctc_th:2199) INFO: end detected at 13
2018-07-11 13:14:53,747 (e2e_asr_attctc_th:2217) INFO: total log probability: -0.585197560955
2018-07-11 13:14:53,748 (e2e_asr_attctc_th:2218) INFO: normalized log probability: -0.0731496951194
2018-07-11 13:14:53,749 (asr_pytorch:468) INFO: groundtruth[1501-1_spk_1501_1_000181-000254]: 俏佬妊唪誆
2018-07-11 13:14:53,749 (asr_pytorch:469) INFO: prediction [1501-1_spk_1501_1_000181-000254]: 係啊我唔覺得<eos>
2018-07-11 13:14:53,764 (e2e_asr_attctc_th:2977) INFO: BLSTMP input lengths: [252]
2018-07-11 13:14:54,333 (e2e_asr_attctc_th:2067) INFO: input lengths: 63
2018-07-11 13:14:54,334 (e2e_asr_attctc_th:2091) INFO: max output length: 63
2018-07-11 13:14:54,334 (e2e_asr_attctc_th:2092) INFO: min output length: 0
2018-07-11 13:14:57,754 (e2e_asr_attctc_th:2199) INFO: end detected at 25
2018-07-11 13:14:57,755 (e2e_asr_attctc_th:2217) INFO: total log probability: -19.3415102735
2018-07-11 13:14:57,755 (e2e_asr_attctc_th:2218) INFO: normalized log probability: -1.01797422492
2018-07-11 13:14:57,756 (asr_pytorch:468) INFO: groundtruth[1502-2_spk_1502_2_011892-012146]: 倔逮庵忽咩佰鄔誅倔HEXE旅<unk>呯嚦緘
2018-07-11 13:14:57,756 (asr_pytorch:469) INFO: prediction [1502-2_spk_1502_2_011892-012146]: 個速度快去咗去咗話個飛A方麵呢嚟跟<eos>
2018-07-11 13:14:57,769 (e2e_asr_attctc_th:2977) INFO: BLSTMP input lengths: [21]
2018-07-11 13:14:57,834 (e2e_asr_attctc_th:2067) INFO: input lengths: 6
2018-07-11 13:14:57,834 (e2e_asr_attctc_th:2091) INFO: max output length: 6
2018-07-11 13:14:57,834 (e2e_asr_attctc_th:2092) INFO: min output length: 0
2018-07-11 13:14:58,142 (e2e_asr_attctc_th:2180) INFO: adding <eos> in the last postion in the loop
2018-07-11 13:14:58,142 (e2e_asr_attctc_th:2206) INFO: no hypothesis. Finish decoding.
2018-07-11 13:14:58,143 (e2e_asr_attctc_th:2217) INFO: total log probability: -0.107022149488
2018-07-11 13:14:58,143 (e2e_asr_attctc_th:2218) INFO: normalized log probability: -0.0356740498294
2018-07-11 13:14:58,144 (asr_pytorch:468) INFO: groundtruth[1501-1_spk_1501_1_000383-000405]: 俏
2018-07-11 13:14:58,144 (asr_pytorch:469) INFO: prediction [1501-1_spk_1501_1_000383-000405]: 係<eos>
2018-07-11 13:14:58,158 (e2e_asr_attctc_th:2977) INFO: BLSTMP input lengths: [198]
2018-07-11 13:14:58,582 (e2e_asr_attctc_th:2067) INFO: input lengths: 50
2018-07-11 13:14:58,582 (e2e_asr_attctc_th:2091) INFO: max output length: 50
2018-07-11 13:14:58,582 (e2e_asr_attctc_th:2092) INFO: min output length: 0
2018-07-11 13:14:59,895 (e2e_asr_attctc_th:2206) INFO: no hypothesis. Finish decoding.
2018-07-11 13:14:59,895 (e2e_asr_attctc_th:2217) INFO: total log probability: -2.88634467777
2018-07-11 13:14:59,895 (e2e_asr_attctc_th:2218) INFO: normalized log probability: -0.262394970706
2018-07-11 13:14:59,896 (asr_pytorch:468) INFO: groundtruth[3_spk_3_033440-033640]: B嗺冀寫咋謬啯戡耐
2018-07-11 13:14:59,896 (asr_pytorch:469) INFO: prediction [3_spk_3_033440-033640]: 誒辣其實咁講咯或者<eos>
2018-07-11 13:14:59,904 (e2e_asr_attctc_th:2977) INFO: BLSTMP input lengths: [378]
2018-07-11 13:15:00,515 (e2e_asr_attctc_th:2067) INFO: input lengths: 95
2018-07-11 13:15:00,515 (e2e_asr_attctc_th:2091) INFO: max output length: 95
2018-07-11 13:15:00,515 (e2e_asr_attctc_th:2092) INFO: min output length: 0
2018-07-11 13:15:03,528 (e2e_asr_attctc_th:2199) INFO: end detected at 22
2018-07-11 13:15:03,529 (e2e_asr_attctc_th:2217) INFO: total log probability: -5.08721471205
2018-07-11 13:15:03,529 (e2e_asr_attctc_th:2218) INFO: normalized log probability: -0.299247924238
2018-07-11 13:15:03,529 (asr_pytorch:468) INFO: groundtruth[1504-2_spk_1504_2_062934-063314]: 嗷倔嗷倔蚊磋戛見黒<unk>唪俏見黒<unk>檀
2018-07-11 13:15:03,530 (asr_pytorch:469) INFO: prediction [1504-2_spk_1504_2_062934-063314]: 哦嗰個號碼我要嚟齣唔係要嚟齣機<eos>
2018-07-11 13:15:03,538 (e2e_asr_attctc_th:2977) INFO: BLSTMP input lengths: [112]
2018-07-11 13:15:03,685 (e2e_asr_attctc_th:2067) INFO: input lengths: 28
2018-07-11 13:15:03,686 (e2e_asr_attctc_th:2091) INFO: max output length: 28
2018-07-11 13:15:03,686 (e2e_asr_attctc_th:2092) INFO: min output length: 0
2018-07-11 13:15:04,401 (e2e_asr_attctc_th:2199) INFO: end detected at 13
2018-07-11 13:15:04,401 (e2e_asr_attctc_th:2217) INFO: total log probability: -6.89193600416
2018-07-11 13:15:04,401 (e2e_asr_attctc_th:2218) INFO: normalized log probability: -1.14865600069
2018-07-11 13:15:04,402 (asr_pytorch:468) INFO: groundtruth[1505-2_spk_1505_2_061462-061576]: B
2018-07-11 13:15:04,402 (asr_pytorch:469) INFO: prediction [1505-2_spk_1505_2_061462-061576]: 誒啊我我<eos>
2018-07-11 13:15:04,412 (e2e_asr_attctc_th:2977) INFO: BLSTMP input lengths: [595]
2018-07-11 13:15:05,161 (e2e_asr_attctc_th:2067) INFO: input lengths: 149
2018-07-11 13:15:05,161 (e2e_asr_attctc_th:2091) INFO: max output length: 149
2018-07-11 13:15:05,161 (e2e_asr_attctc_th:2092) INFO: min output length: 0
2018-07-11 13:15:10,359 (e2e_asr_attctc_th:2206) INFO: no hypothesis. Finish decoding.
2018-07-11 13:15:10,359 (e2e_asr_attctc_th:2217) INFO: total log probability: -24.6011976209
2018-07-11 13:15:10,359 (e2e_asr_attctc_th:2218) INFO: normalized log probability: -0.647399937391
2018-07-11 13:15:10,360 (asr_pytorch:468) INFO: groundtruth[1503-1_spk_1503_1_084107-084704]: 丹通戛址吔井幹佬皂訢嗷倔扔纔旨晏倣妍枱朕啼棧扔旨啞顔呯佬訢從唪妊雯間閊希喔
2018-07-11 13:15:10,360 (asr_pytorch:469) INFO: prediction [1503-1_spk_1503_1_084107-084704]: 中頭我哋同事幫你間整嗰個手續嘅時候如果有啲劇手嘅問題呢你幾百本嚟開門子壞<eos>
2018-07-11 13:15:10,368 (e2e_asr_attctc_th:2977) INFO: BLSTMP input lengths: [198]
2018-07-11 13:15:10,627 (e2e_asr_attctc_th:2067) INFO: input lengths: 50
2018-07-11 13:15:10,628 (e2e_asr_attctc_th:2091) INFO: max output length: 50
2018-07-11 13:15:10,628 (e2e_asr_attctc_th:2092) INFO: min output length: 0
2018-07-11 13:15:11,568 (e2e_asr_attctc_th:2199) INFO: end detected at 13
2018-07-11 13:15:11,568 (e2e_asr_attctc_th:2217) INFO: total log probability: -2.72424859554
2018-07-11 13:15:11,568 (e2e_asr_attctc_th:2218) INFO: normalized log probability: -0.302694288393
2018-07-11 13:15:11,569 (asr_pytorch:468) INFO: groundtruth[1501-1_spk_1501_1_019303-019503]: 毯杖尖姚叄由迫
2018-07-11 13:15:11,569 (asr_pytorch:469) INFO: prediction [1501-1_spk_1501_1_019303-019503]: 俾你小想去用翻<eos>
2018-07-11 13:15:11,576 (e2e_asr_attctc_th:2977) INFO: BLSTMP input lengths: [98]
2018-07-11 13:15:11,709 (e2e_asr_attctc_th:2067) INFO: input lengths: 25
2018-07-11 13:15:11,709 (e2e_asr_attctc_th:2091) INFO: max output length: 25
2018-07-11 13:15:11,709 (e2e_asr_attctc_th:2092) INFO: min output length: 0
2018-07-11 13:15:12,208 (e2e_asr_attctc_th:2206) INFO: no hypothesis. Finish decoding.
2018-07-11 13:15:12,209 (e2e_asr_attctc_th:2217) INFO: total log probability: -1.54455588479
2018-07-11 13:15:12,209 (e2e_asr_attctc_th:2218) INFO: normalized log probability: -0.193069485598
2018-07-11 13:15:12,209 (asr_pytorch:468) INFO: groundtruth[1502-2_spk_1502_2_044148-044248]: 戛鄔愈呈冀寫
2018-07-11 13:15:12,209 (asr_pytorch:469) INFO: prediction [1502-2_spk_1502_2_044148-044248]: 我都想去其他<eos>
2018-07-11 13:15:12,221 (e2e_asr_attctc_th:2977) INFO: BLSTMP input lengths: [37]
2018-07-11 13:15:12,321 (e2e_asr_attctc_th:2067) INFO: input lengths: 10
2018-07-11 13:15:12,322 (e2e_asr_attctc_th:2091) INFO: max output length: 10
2018-07-11 13:15:12,322 (e2e_asr_attctc_th:2092) INFO: min output length: 0
2018-07-11 13:15:12,693 (e2e_asr_attctc_th:2199) INFO: end detected at 8
2018-07-11 13:15:12,693 (e2e_asr_attctc_th:2217) INFO: total log probability: -0.0240499274805
2018-07-11 13:15:12,693 (e2e_asr_attctc_th:2218) INFO: normalized log probability: -0.00601248187013
2018-07-11 13:15:12,694 (asr_pytorch:468) INFO: groundtruth[1502-2_spk_1502_2_032902-032941]: 俏呈
2018-07-11 13:15:12,694 (asr_pytorch:469) INFO: prediction [1502-2_spk_1502_2_032902-032941]: 係啊<eos>
2018-07-11 13:15:12,702 (e2e_asr_attctc_th:2977) INFO: BLSTMP input lengths: [230]
2018-07-11 13:15:13,001 (e2e_asr_attctc_th:2067) INFO: input lengths: 58
2018-07-11 13:15:13,001 (e2e_asr_attctc_th:2091) INFO: max output length: 58
2018-07-11 13:15:13,001 (e2e_asr_attctc_th:2092) INFO: min output length: 0
2018-07-11 13:15:14,234 (e2e_asr_attctc_th:2206) INFO: no hypothesis. Finish decoding.
2018-07-11 13:15:14,234 (e2e_asr_attctc_th:2217) INFO: total log probability: -11.9612226933
2018-07-11 13:15:14,234 (e2e_asr_attctc_th:2218) INFO: normalized log probability: -0.920094053333
2018-07-11 13:15:14,235 (asr_pytorch:468) INFO: groundtruth[8_spk_8_010420-010652]: 吔廢扉扚霆誅然啞顔
2018-07-11 13:15:14,235 (asr_pytorch:469) INFO: prediction [8_spk_8_010420-010652]: 星同住講翻七嘅玩冇問題<eos>
2018-07-11 13:15:14,242 (e2e_asr_attctc_th:2977) INFO: BLSTMP input lengths: [198]
2018-07-11 13:15:14,595 (e2e_asr_attctc_th:2067) INFO: input lengths: 50
2018-07-11 13:15:14,595 (e2e_asr_attctc_th:2091) INFO: max output length: 50
2018-07-11 13:15:14,595 (e2e_asr_attctc_th:2092) INFO: min output length: 0
2018-07-11 13:15:16,025 (e2e_asr_attctc_th:2199) INFO: end detected at 18
2018-07-11 13:15:16,025 (e2e_asr_attctc_th:2217) INFO: total log probability: -7.14172933623
2018-07-11 13:15:16,025 (e2e_asr_attctc_th:2218) INFO: normalized log probability: -0.714172933623
2018-07-11 13:15:16,026 (asr_pytorch:468) INFO: groundtruth[1501-2_spk_1501_2_081311-081511]: 三俏戛跨迫呯倔囖
2018-07-11 13:15:16,027 (asr_pytorch:469) INFO: prediction [1501-2_spk_1501_2_081311-081511]: 一係我誒NIEO<eos>
2018-07-11 13:15:16,035 (e2e_asr_attctc_th:2977) INFO: BLSTMP input lengths: [154]
2018-07-11 13:15:16,246 (e2e_asr_attctc_th:2067) INFO: input lengths: 39
2018-07-11 13:15:16,246 (e2e_asr_attctc_th:2091) INFO: max output length: 39
2018-07-11 13:15:16,247 (e2e_asr_attctc_th:2092) INFO: min output length: 0
2018-07-11 13:15:17,198 (e2e_asr_attctc_th:2199) INFO: end detected at 14
2018-07-11 13:15:17,198 (e2e_asr_attctc_th:2217) INFO: total log probability: -3.53467361629
2018-07-11 13:15:17,198 (e2e_asr_attctc_th:2218) INFO: normalized log probability: -0.441834202036
2018-07-11 13:15:17,201 (asr_pytorch:468) INFO: groundtruth[1503-2_spk_1503_2_094912-095068]: 戛見啞三啞俏
2018-07-11 13:15:17,201 (asr_pytorch:469) INFO: prediction [1503-2_spk_1503_2_094912-095068]: 啊仲有晚黑係<eos>
2018-07-11 13:15:17,218 (e2e_asr_attctc_th:2977) INFO: BLSTMP input lengths: [226]
2018-07-11 13:15:17,735 (e2e_asr_attctc_th:2067) INFO: input lengths: 57
2018-07-11 13:15:17,736 (e2e_asr_attctc_th:2091) INFO: max output length: 57
2018-07-11 13:15:17,736 (e2e_asr_attctc_th:2092) INFO: min output length: 0
2018-07-11 13:15:20,492 (e2e_asr_attctc_th:2199) INFO: end detected at 21
2018-07-11 13:15:20,492 (e2e_asr_attctc_th:2217) INFO: total log probability: -11.8452519737
2018-07-11 13:15:20,492 (e2e_asr_attctc_th:2218) INFO: normalized log probability: -0.740328248357
2018-07-11 13:15:20,494 (asr_pytorch:468) INFO: groundtruth[1501-1_spk_1501_1_046077-046305]: 咋亭鄔柳從刺嘍呯黴佬司件敍忐
2018-07-11 13:15:20,494 (asr_pytorch:469) INFO: prediction [1501-1_spk_1501_1_046077-046305]: 咁亦都查實到嘅呢邊都可以放心<eos>
2018-07-11 13:15:20,508 (e2e_asr_attctc_th:2977) INFO: BLSTMP input lengths: [278]
2018-07-11 13:15:21,061 (e2e_asr_attctc_th:2067) INFO: input lengths: 70
2018-07-11 13:15:21,061 (e2e_asr_attctc_th:2091) INFO: max output length: 70
2018-07-11 13:15:21,061 (e2e_asr_attctc_th:2092) INFO: min output length: 0
2018-07-11 13:15:24,689 (e2e_asr_attctc_th:2199) INFO: end detected at 27
2018-07-11 13:15:24,689 (e2e_asr_attctc_th:2217) INFO: total log probability: -28.6461470127
2018-07-11 13:15:24,690 (e2e_asr_attctc_th:2218) INFO: normalized log probability: -1.3641022387
2018-07-11 13:15:24,691 (asr_pytorch:468) INFO: groundtruth[8_spk_8_029457-029737]: 咋煉得啯戛員見享畸倍戛員把衚郷吔井啯
2018-07-11 13:15:24,691 (asr_pytorch:469) INFO: prediction [8_spk_8_029457-029737]: 咁ESSOURTU七心先使使接報同事啦<eos>
2018-07-11 13:15:24,706 (e2e_asr_attctc_th:2977) INFO: BLSTMP input lengths: [679]
2018-07-11 13:15:25,951 (e2e_asr_attctc_th:2067) INFO: input lengths: 170
2018-07-11 13:15:25,951 (e2e_asr_attctc_th:2091) INFO: max output length: 170
2018-07-11 13:15:25,951 (e2e_asr_attctc_th:2092) INFO: min output length: 0
2018-07-11 13:15:32,377 (e2e_asr_attctc_th:2199) INFO: end detected at 44
2018-07-11 13:15:32,377 (e2e_asr_attctc_th:2217) INFO: total log probability: -41.7039392162
2018-07-11 13:15:32,377 (e2e_asr_attctc_th:2218) INFO: normalized log probability: -1.09747208464
2018-07-11 13:15:32,378 (asr_pytorch:468) INFO: groundtruth[1503-1_spk_1503_1_067710-068391]: 俏啯陵迫間柎姚咋妍割佔迫司脇扯渢差司脇仿朕B夭榕B兮皆需蚧嗄倔EGGSYRX裴<unk>
2018-07-11 13:15:32,378 (asr_pytorch:469) INFO: prediction [1503-1_spk_1503_1_067710-068391]: 係啦除翻開隻即係咁如情低翻可能頭加咗可能仲有誒大概贏嚟發嚟蚊唔係話大傢啲<eos>
2018-07-11 13:15:32,386 (e2e_asr_attctc_th:2977) INFO: BLSTMP input lengths: [90]
2018-07-11 13:15:32,519 (e2e_asr_attctc_th:2067) INFO: input lengths: 23
2018-07-11 13:15:32,520 (e2e_asr_attctc_th:2091) INFO: max output length: 23
2018-07-11 13:15:32,520 (e2e_asr_attctc_th:2092) INFO: min output length: 0
2018-07-11 13:15:33,091 (e2e_asr_attctc_th:2199) INFO: end detected at 11
2018-07-11 13:15:33,091 (e2e_asr_attctc_th:2217) INFO: total log probability: -3.78710070252
2018-07-11 13:15:33,091 (e2e_asr_attctc_th:2218) INFO: normalized log probability: -0.631183450421
2018-07-11 13:15:33,092 (asr_pytorch:468) INFO: groundtruth[9_spk_9_001400-001492]: 哭SO俏
2018-07-11 13:15:33,092 (asr_pytorch:469) INFO: prediction [9_spk_9_001400-001492]: 哦我食翻<eos>
2018-07-11 13:15:33,099 (e2e_asr_attctc_th:2977) INFO: BLSTMP input lengths: [141]
2018-07-11 13:15:33,292 (e2e_asr_attctc_th:2067) INFO: input lengths: 36
2018-07-11 13:15:33,292 (e2e_asr_attctc_th:2091) INFO: max output length: 36
2018-07-11 13:15:33,292 (e2e_asr_attctc_th:2092) INFO: min output length: 0
2018-07-11 13:15:34,511 (e2e_asr_attctc_th:2199) INFO: end detected at 17
2018-07-11 13:15:34,511 (e2e_asr_attctc_th:2217) INFO: total log probability: -3.94543892425
2018-07-11 13:15:34,511 (e2e_asr_attctc_th:2218) INFO: normalized log probability: -0.303495301865
2018-07-11 13:15:34,512 (asr_pytorch:468) INFO: groundtruth[1502-2_spk_1502_2_092246-092389]: 戛員肇旬吔井且閊嘍晏倣
2018-07-11 13:15:34,512 (asr_pytorch:469) INFO: prediction [1502-2_spk_1502_2_092246-092389]: 我係聽日同事上本就時候<eos>
2018-07-11 13:15:34,521 (e2e_asr_attctc_th:2977) INFO: BLSTMP input lengths: [634]
2018-07-11 13:15:35,330 (e2e_asr_attctc_th:2067) INFO: input lengths: 159
2018-07-11 13:15:35,330 (e2e_asr_attctc_th:2091) INFO: max output length: 159
2018-07-11 13:15:35,330 (e2e_asr_attctc_th:2092) INFO: min output length: 0
2018-07-11 13:15:40,441 (e2e_asr_attctc_th:2206) INFO: no hypothesis. Finish decoding.
2018-07-11 13:15:40,441 (e2e_asr_attctc_th:2217) INFO: total log probability: -27.3722303659
2018-07-11 13:15:40,441 (e2e_asr_attctc_th:2218) INFO: normalized log probability: -0.782063724739
2018-07-11 13:15:40,442 (asr_pytorch:468) INFO: groundtruth[4_spk_4_060266-060902]: 俏呈佬雯咩墐乒得甩用咩漳遏斌擢佰兒服挪畸嗷倔然垣_MJM蛤嘍放賀放口畸嘍
2018-07-11 13:15:40,442 (asr_pytorch:469) INFO: prediction [4_spk_4_060266-060902]: 係啊你嚟咗景之後產山咗埋數據佢先會按翻嗰個門員威花打入收費收咗班噶<eos>
2018-07-11 13:15:40,451 (e2e_asr_attctc_th:2977) INFO: BLSTMP input lengths: [213]
2018-07-11 13:15:40,731 (e2e_asr_attctc_th:2067) INFO: input lengths: 54
2018-07-11 13:15:40,731 (e2e_asr_attctc_th:2091) INFO: max output length: 54
2018-07-11 13:15:40,731 (e2e_asr_attctc_th:2092) INFO: min output length: 0
2018-07-11 13:15:42,188 (e2e_asr_attctc_th:2199) INFO: end detected at 18
2018-07-11 13:15:42,188 (e2e_asr_attctc_th:2217) INFO: total log probability: -9.2693678299
2018-07-11 13:15:42,188 (e2e_asr_attctc_th:2218) INFO: normalized log probability: -0.662097702135
2018-07-11 13:15:42,189 (asr_pytorch:468) INFO: groundtruth[1501-1_spk_1501_1_083931-084146]: 尻唪津誅冀仞仇嗄刺啯
2018-07-11 13:15:42,189 (asr_pytorch:469) INFO: prediction [1501-1_spk_1501_1_083931-084146]: 就唔使話仲有一陣係喺動嘞<eos>
2018-07-11 13:15:42,199 (e2e_asr_attctc_th:2977) INFO: BLSTMP input lengths: [682]
2018-07-11 13:15:43,228 (e2e_asr_attctc_th:2067) INFO: input lengths: 171
2018-07-11 13:15:43,229 (e2e_asr_attctc_th:2091) INFO: max output length: 171
2018-07-11 13:15:43,229 (e2e_asr_attctc_th:2092) INFO: min output length: 0
2018-07-11 13:15:51,972 (e2e_asr_attctc_th:2206) INFO: no hypothesis. Finish decoding.
2018-07-11 13:15:51,973 (e2e_asr_attctc_th:2217) INFO: total log probability: -37.4689561613
2018-07-11 13:15:51,973 (e2e_asr_attctc_th:2218) INFO: normalized log probability: -0.734685414927
2018-07-11 13:15:51,973 (asr_pytorch:468) INFO: groundtruth[1503-1_spk_1503_1_089014-089698]: 囹烕戛址朕啼TPER呯眯俏吔閊希唪三樺囹烕戛見幹佬町諛差冀仞RYQFIV佬他絆道黒嗷啼呯戛尻司件幹佬側迫公郷朔賀
2018-07-11 13:15:51,973 (asr_pytorch:469) INFO: prediction [1503-1_spk_1503_1_089014-089698]: 因為話我哋有啲睇你翻下個半時一日因為我哋幫你申請咗我其他諗打嘅介紹過嚟嗰啲呢行翻去我哋做翻埋個BI<eos>
2018-07-11 13:15:51,981 (e2e_asr_attctc_th:2977) INFO: BLSTMP input lengths: [143]
2018-07-11 13:15:52,177 (e2e_asr_attctc_th:2067) INFO: input lengths: 36
2018-07-11 13:15:52,177 (e2e_asr_attctc_th:2091) INFO: max output length: 36
2018-07-11 13:15:52,177 (e2e_asr_attctc_th:2092) INFO: min output length: 0
2018-07-11 13:15:53,282 (e2e_asr_attctc_th:2199) INFO: end detected at 16
2018-07-11 13:15:53,282 (e2e_asr_attctc_th:2217) INFO: total log probability: -7.64703464275
2018-07-11 13:15:53,283 (e2e_asr_attctc_th:2218) INFO: normalized log probability: -0.695184967523
2018-07-11 13:15:53,284 (asr_pytorch:468) INFO: groundtruth[4_spk_4_005642-005787]: B戛員暸晏
2018-07-11 13:15:53,285 (asr_pytorch:469) INFO: prediction [4_spk_4_005642-005787]: 誒我哋我打得有噶喎<eos>
2018-07-11 13:15:53,300 (e2e_asr_attctc_th:2977) INFO: BLSTMP input lengths: [288]
2018-07-11 13:15:53,870 (e2e_asr_attctc_th:2067) INFO: input lengths: 72
2018-07-11 13:15:53,870 (e2e_asr_attctc_th:2091) INFO: max output length: 72
2018-07-11 13:15:53,871 (e2e_asr_attctc_th:2092) INFO: min output length: 0
2018-07-11 13:15:55,979 (e2e_asr_attctc_th:2206) INFO: no hypothesis. Finish decoding.
2018-07-11 13:15:55,980 (e2e_asr_attctc_th:2217) INFO: total log probability: -7.32419311372
2018-07-11 13:15:55,980 (e2e_asr_attctc_th:2218) INFO: normalized log probability: -0.52315665098
2018-07-11 13:15:55,981 (asr_pytorch:468) INFO: groundtruth[3_spk_3_006847-007137]: 丹通<unk>扔檀唪服古刺彿頃㨃
2018-07-11 13:15:55,982 (asr_pytorch:469) INFO: prediction [3_spk_3_006847-007137]: 將待將手機唔會受到影響噶<eos>
2018-07-11 13:15:55,997 (e2e_asr_attctc_th:2977) INFO: BLSTMP input lengths: [258]
2018-07-11 13:15:56,520 (e2e_asr_attctc_th:2067) INFO: input lengths: 65
2018-07-11 13:15:56,521 (e2e_asr_attctc_th:2091) INFO: max output length: 65
2018-07-11 13:15:56,521 (e2e_asr_attctc_th:2092) INFO: min output length: 0
2018-07-11 13:15:57,554 (e2e_asr_attctc_th:2206) INFO: no hypothesis. Finish decoding.
2018-07-11 13:15:57,554 (e2e_asr_attctc_th:2217) INFO: total log probability: -4.79976907559
2018-07-11 13:15:57,554 (e2e_asr_attctc_th:2218) INFO: normalized log probability: -0.599971134448
2018-07-11 13:15:57,555 (asr_pytorch:468) INFO: groundtruth[1504-1_spk_1504_1_050844-051104]: 然然院且綺哭
2018-07-11 13:15:57,555 (asr_pytorch:469) INFO: prediction [1504-1_spk_1504_1_050844-051104]: 冇冇眼上網哦<eos>
2018-07-11 13:15:57,569 (e2e_asr_attctc_th:2977) INFO: BLSTMP input lengths: [142]
2018-07-11 13:15:57,881 (e2e_asr_attctc_th:2067) INFO: input lengths: 36
2018-07-11 13:15:57,882 (e2e_asr_attctc_th:2091) INFO: max output length: 36
2018-07-11 13:15:57,882 (e2e_asr_attctc_th:2092) INFO: min output length: 0
2018-07-11 13:15:59,013 (e2e_asr_attctc_th:2199) INFO: end detected at 13
2018-07-11 13:15:59,014 (e2e_asr_attctc_th:2217) INFO: total log probability: -10.0175627545
2018-07-11 13:15:59,014 (e2e_asr_attctc_th:2218) INFO: normalized log probability: -1.25219534431
2018-07-11 13:15:59,017 (asr_pytorch:468) INFO: groundtruth[1503-2_spk_1503_2_099012-099156]: 妊SOSO嗶
2018-07-11 13:15:59,017 (asr_pytorch:469) INFO: prediction [1503-2_spk_1503_2_099012-099156]: 歐我睇屋企嗯<eos>
2018-07-11 13:15:59,025 (e2e_asr_attctc_th:2977) INFO: BLSTMP input lengths: [158]
2018-07-11 13:15:59,262 (e2e_asr_attctc_th:2067) INFO: input lengths: 40
2018-07-11 13:15:59,263 (e2e_asr_attctc_th:2091) INFO: max output length: 40
2018-07-11 13:15:59,263 (e2e_asr_attctc_th:2092) INFO: min output length: 0
2018-07-11 13:16:00,349 (e2e_asr_attctc_th:2199) INFO: end detected at 15
2018-07-11 13:16:00,350 (e2e_asr_attctc_th:2217) INFO: total log probability: -1.30626533995
2018-07-11 13:16:00,350 (e2e_asr_attctc_th:2218) INFO: normalized log probability: -0.130626533995
2018-07-11 13:16:00,351 (asr_pytorch:468) INFO: groundtruth[1505-1_spk_1505_1_061686-061846]: 俏啯俏啯冏鍋冏鍋
2018-07-11 13:16:00,351 (asr_pytorch:469) INFO: prediction [1505-1_spk_1505_1_061686-061846]: 係啦係啦冇錯冇錯<eos>
2018-07-11 13:16:00,358 (e2e_asr_attctc_th:2977) INFO: BLSTMP input lengths: [133]
2018-07-11 13:16:00,592 (e2e_asr_attctc_th:2067) INFO: input lengths: 34
2018-07-11 13:16:00,592 (e2e_asr_attctc_th:2091) INFO: max output length: 34
2018-07-11 13:16:00,592 (e2e_asr_attctc_th:2092) INFO: min output length: 0
2018-07-11 13:16:01,869 (e2e_asr_attctc_th:2199) INFO: end detected at 17
2018-07-11 13:16:01,869 (e2e_asr_attctc_th:2217) INFO: total log probability: -2.59764089016
2018-07-11 13:16:01,869 (e2e_asr_attctc_th:2218) INFO: normalized log probability: -0.236149171833
2018-07-11 13:16:01,870 (asr_pytorch:468) INFO: groundtruth[1502-2_spk_1502_2_078292-078427]: 咋刺晏佬司件嗄八邕
2018-07-11 13:16:01,870 (asr_pytorch:469) INFO: prediction [1502-2_spk_1502_2_078292-078427]: 咁到時你可以喺入邊<eos>
2018-07-11 13:16:01,878 (e2e_asr_attctc_th:2977) INFO: BLSTMP input lengths: [183]
2018-07-11 13:16:02,146 (e2e_asr_attctc_th:2067) INFO: input lengths: 46
2018-07-11 13:16:02,147 (e2e_asr_attctc_th:2091) INFO: max output length: 46
2018-07-11 13:16:02,147 (e2e_asr_attctc_th:2092) INFO: min output length: 0
2018-07-11 13:16:03,196 (e2e_asr_attctc_th:2199) INFO: end detected at 14
2018-07-11 13:16:03,197 (e2e_asr_attctc_th:2217) INFO: total log probability: -5.13885554671
2018-07-11 13:16:03,197 (e2e_asr_attctc_th:2218) INFO: normalized log probability: -0.570983949635
2018-07-11 13:16:03,198 (asr_pytorch:468) INFO: groundtruth[4_spk_4_065935-066120]: 哭妊吟妊吟唪誆
2018-07-11 13:16:03,198 (asr_pytorch:469) INFO: prediction [4_spk_4_065935-066120]: 哦我玩好啊唔該<eos>
2018-07-11 13:16:03,207 (e2e_asr_attctc_th:2977) INFO: BLSTMP input lengths: [480]
2018-07-11 13:16:03,849 (e2e_asr_attctc_th:2067) INFO: input lengths: 120
2018-07-11 13:16:03,849 (e2e_asr_attctc_th:2091) INFO: max output length: 120
2018-07-11 13:16:03,849 (e2e_asr_attctc_th:2092) INFO: min output length: 0
2018-07-11 13:16:09,782 (e2e_asr_attctc_th:2199) INFO: end detected at 34
2018-07-11 13:16:09,782 (e2e_asr_attctc_th:2217) INFO: total log probability: -10.3028922761
2018-07-11 13:16:09,782 (e2e_asr_attctc_th:2218) INFO: normalized log probability: -0.355272147451
2018-07-11 13:16:09,783 (asr_pytorch:468) INFO: groundtruth[3_spk_3_043675-044157]: 幺晏啯佬由釘嘍誅啯冀寫服唪服誅攪嚦睛丕霆彿呈扚丕檀咋樺㨃
2018-07-11 13:16:09,783 (asr_pytorch:469) INFO: prediction [3_spk_3_043675-044157]: 平時啦你用量就話啦其實會唔會話攞嚟睇下電影啊打機咁樣噶<eos>
2018-07-11 13:16:09,791 (e2e_asr_attctc_th:2977) INFO: BLSTMP input lengths: [132]
2018-07-11 13:16:09,975 (e2e_asr_attctc_th:2067) INFO: input lengths: 33
2018-07-11 13:16:09,976 (e2e_asr_attctc_th:2091) INFO: max output length: 33
2018-07-11 13:16:09,976 (e2e_asr_attctc_th:2092) INFO: min output length: 0
2018-07-11 13:16:10,409 (e2e_asr_attctc_th:2199) INFO: end detected at 8
2018-07-11 13:16:10,409 (e2e_asr_attctc_th:2217) INFO: total log probability: -0.36277154251
2018-07-11 13:16:10,409 (e2e_asr_attctc_th:2218) INFO: normalized log probability: -0.0906928856275
2018-07-11 13:16:10,410 (asr_pytorch:468) INFO: groundtruth[1503-1_spk_1503_1_011038-011172]: 俏啯
2018-07-11 13:16:10,410 (asr_pytorch:469) INFO: prediction [1503-1_spk_1503_1_011038-011172]: 係啦<eos>
2018-07-11 13:16:10,418 (e2e_asr_attctc_th:2977) INFO: BLSTMP input lengths: [121]
2018-07-11 13:16:10,594 (e2e_asr_attctc_th:2067) INFO: input lengths: 31
2018-07-11 13:16:10,594 (e2e_asr_attctc_th:2091) INFO: max output length: 31
2018-07-11 13:16:10,594 (e2e_asr_attctc_th:2092) INFO: min output length: 0
2018-07-11 13:16:11,287 (e2e_asr_attctc_th:2206) INFO: no hypothesis. Finish decoding.
2018-07-11 13:16:11,288 (e2e_asr_attctc_th:2217) INFO: total log probability: -1.56179198856
2018-07-11 13:16:11,288 (e2e_asr_attctc_th:2218) INFO: normalized log probability: -0.195223998569
2018-07-11 13:16:11,289 (asr_pytorch:468) INFO: groundtruth[4_spk_4_022316-022439]: 跨何䦕畸倔0
2018-07-11 13:16:11,289 (asr_pytorch:469) INFO: prediction [4_spk_4_022316-022439]: 跟著咁翻個零<eos>
2018-07-11 13:16:11,303 (e2e_asr_attctc_th:2977) INFO: BLSTMP input lengths: [208]
2018-07-11 13:16:11,755 (e2e_asr_attctc_th:2067) INFO: input lengths: 52
2018-07-11 13:16:11,756 (e2e_asr_attctc_th:2091) INFO: max output length: 52
2018-07-11 13:16:11,756 (e2e_asr_attctc_th:2092) INFO: min output length: 0
2018-07-11 13:16:14,331 (e2e_asr_attctc_th:2199) INFO: end detected at 21
2018-07-11 13:16:14,331 (e2e_asr_attctc_th:2217) INFO: total log probability: -15.3834991185
2018-07-11 13:16:14,331 (e2e_asr_attctc_th:2218) INFO: normalized log probability: -0.961468694906
2018-07-11 13:16:14,333 (asr_pytorch:468) INFO: groundtruth[1505-2_spk_1505_2_033228-033438]: 嗺冀寫佬謬咩三咒RYQFIV<unk>黒呯
2018-07-11 13:16:14,333 (asr_pytorch:469) INFO: prediction [1505-2_spk_1505_2_033228-033438]: 那時就係你嗰啲一打呢樓下嚟咯<eos>
2018-07-11 13:16:14,347 (e2e_asr_attctc_th:2977) INFO: BLSTMP input lengths: [78]
2018-07-11 13:16:14,557 (e2e_asr_attctc_th:2067) INFO: input lengths: 20
2018-07-11 13:16:14,558 (e2e_asr_attctc_th:2091) INFO: max output length: 20
2018-07-11 13:16:14,558 (e2e_asr_attctc_th:2092) INFO: min output length: 0
2018-07-11 13:16:15,183 (e2e_asr_attctc_th:2199) INFO: end detected at 9
2018-07-11 13:16:15,184 (e2e_asr_attctc_th:2217) INFO: total log probability: -4.17432270944
2018-07-11 13:16:15,184 (e2e_asr_attctc_th:2218) INFO: normalized log probability: -1.04358067736
2018-07-11 13:16:15,185 (asr_pytorch:468) INFO: groundtruth[8_spk_8_036197-036277]: 俏呈
2018-07-11 13:16:15,185 (asr_pytorch:469) INFO: prediction [8_spk_8_036197-036277]: 啊濕<eos>
2018-07-11 13:16:15,200 (e2e_asr_attctc_th:2977) INFO: BLSTMP input lengths: [302]
2018-07-11 13:16:15,831 (e2e_asr_attctc_th:2067) INFO: input lengths: 76
2018-07-11 13:16:15,832 (e2e_asr_attctc_th:2091) INFO: max output length: 76
2018-07-11 13:16:15,832 (e2e_asr_attctc_th:2092) INFO: min output length: 0
2018-07-11 13:16:19,142 (e2e_asr_attctc_th:2206) INFO: no hypothesis. Finish decoding.
2018-07-11 13:16:19,142 (e2e_asr_attctc_th:2217) INFO: total log probability: -11.8164804929
2018-07-11 13:16:19,143 (e2e_asr_attctc_th:2218) INFO: normalized log probability: -0.562689547283
2018-07-11 13:16:19,143 (asr_pytorch:468) INFO: groundtruth[1504-1_spk_1504_1_032464-032768]: 咋冀寫佬咋劫嘢佬刺晏鄔司件轟迫兀偌危劫嘢
2018-07-11 13:16:19,143 (asr_pytorch:469) INFO: prediction [1504-1_spk_1504_1_032464-032768]: 先其實你咁啊嘛你到時多去轉山住嚟卡噶嘛<eos>
2018-07-11 13:16:19,157 (e2e_asr_attctc_th:2977) INFO: BLSTMP input lengths: [21]
2018-07-11 13:16:19,236 (e2e_asr_attctc_th:2067) INFO: input lengths: 6
2018-07-11 13:16:19,236 (e2e_asr_attctc_th:2091) INFO: max output length: 6
2018-07-11 13:16:19,236 (e2e_asr_attctc_th:2092) INFO: min output length: 0
2018-07-11 13:16:19,545 (e2e_asr_attctc_th:2180) INFO: adding <eos> in the last postion in the loop
2018-07-11 13:16:19,546 (e2e_asr_attctc_th:2206) INFO: no hypothesis. Finish decoding.
2018-07-11 13:16:19,546 (e2e_asr_attctc_th:2217) INFO: total log probability: -0.014620706439
2018-07-11 13:16:19,546 (e2e_asr_attctc_th:2218) INFO: normalized log probability: -0.00487356881301
2018-07-11 13:16:19,547 (asr_pytorch:468) INFO: groundtruth[1502-2_spk_1502_2_035798-035821]: 嗶
2018-07-11 13:16:19,547 (asr_pytorch:469) INFO: prediction [1502-2_spk_1502_2_035798-035821]: 嗯<eos>
2018-07-11 13:16:19,555 (e2e_asr_attctc_th:2977) INFO: BLSTMP input lengths: [218]
2018-07-11 13:16:19,877 (e2e_asr_attctc_th:2067) INFO: input lengths: 55
2018-07-11 13:16:19,877 (e2e_asr_attctc_th:2091) INFO: max output length: 55
2018-07-11 13:16:19,877 (e2e_asr_attctc_th:2092) INFO: min output length: 0
2018-07-11 13:16:21,067 (e2e_asr_attctc_th:2199) INFO: end detected at 14
2018-07-11 13:16:21,067 (e2e_asr_attctc_th:2217) INFO: total log probability: -8.13203851879
2018-07-11 13:16:21,068 (e2e_asr_attctc_th:2218) INFO: normalized log probability: -1.01650481485
2018-07-11 13:16:21,069 (asr_pytorch:468) INFO: groundtruth[1505-2_spk_1505_2_069720-069940]: B
2018-07-11 13:16:21,069 (asr_pytorch:469) INFO: prediction [1505-2_spk_1505_2_069720-069940]: 哇好似誒你啊<eos>
2018-07-11 13:16:21,077 (e2e_asr_attctc_th:2977) INFO: BLSTMP input lengths: [74]
2018-07-11 13:16:21,196 (e2e_asr_attctc_th:2067) INFO: input lengths: 19
2018-07-11 13:16:21,196 (e2e_asr_attctc_th:2091) INFO: max output length: 19
2018-07-11 13:16:21,196 (e2e_asr_attctc_th:2092) INFO: min output length: 0
2018-07-11 13:16:21,761 (e2e_asr_attctc_th:2206) INFO: no hypothesis. Finish decoding.
2018-07-11 13:16:21,761 (e2e_asr_attctc_th:2217) INFO: total log probability: -3.22152808681
2018-07-11 13:16:21,761 (e2e_asr_attctc_th:2218) INFO: normalized log probability: -0.460218298116
2018-07-11 13:16:21,762 (asr_pytorch:468) INFO: groundtruth[1501-1_spk_1501_1_073456-073532]: 逆迫毯佬囖
2018-07-11 13:16:21,762 (asr_pytorch:469) INFO: prediction [1501-1_spk_1501_1_073456-073532]: 我翻俾你噶<eos>
2018-07-11 13:16:21,775 (e2e_asr_attctc_th:2977) INFO: BLSTMP input lengths: [91]
2018-07-11 13:16:21,988 (e2e_asr_attctc_th:2067) INFO: input lengths: 23
2018-07-11 13:16:21,988 (e2e_asr_attctc_th:2091) INFO: max output length: 23
2018-07-11 13:16:21,988 (e2e_asr_attctc_th:2092) INFO: min output length: 0
2018-07-11 13:16:23,074 (e2e_asr_attctc_th:2199) INFO: end detected at 13
2018-07-11 13:16:23,074 (e2e_asr_attctc_th:2217) INFO: total log probability: -8.08977943659
2018-07-11 13:16:23,074 (e2e_asr_attctc_th:2218) INFO: normalized log probability: -1.15568277666
2018-07-11 13:16:23,075 (asr_pytorch:468) INFO: groundtruth[1502-1_spk_1502_1_068910-069003]: 三俏木旳從唪從呈
2018-07-11 13:16:23,076 (asr_pytorch:469) INFO: prediction [1502-1_spk_1502_1_068910-069003]: 即係邊度啊<eos>
2018-07-11 13:16:23,089 (e2e_asr_attctc_th:2977) INFO: BLSTMP input lengths: [98]
2018-07-11 13:16:23,326 (e2e_asr_attctc_th:2067) INFO: input lengths: 25
2018-07-11 13:16:23,327 (e2e_asr_attctc_th:2091) INFO: max output length: 25
2018-07-11 13:16:23,327 (e2e_asr_attctc_th:2092) INFO: min output length: 0
2018-07-11 13:16:24,059 (e2e_asr_attctc_th:2199) INFO: end detected at 10
2018-07-11 13:16:24,060 (e2e_asr_attctc_th:2217) INFO: total log probability: -1.22592175007
2018-07-11 13:16:24,060 (e2e_asr_attctc_th:2218) INFO: normalized log probability: -0.306480437517
2018-07-11 13:16:24,061 (asr_pytorch:468) INFO: groundtruth[1504-1_spk_1504_1_090972-091072]: 嗶昕
2018-07-11 13:16:24,062 (asr_pytorch:469) INFO: prediction [1504-1_spk_1504_1_090972-091072]: 嗯明<eos>
2018-07-11 13:16:24,074 (e2e_asr_attctc_th:2977) INFO: BLSTMP input lengths: [99]
2018-07-11 13:16:24,288 (e2e_asr_attctc_th:2067) INFO: input lengths: 25
2018-07-11 13:16:24,289 (e2e_asr_attctc_th:2091) INFO: max output length: 25
2018-07-11 13:16:24,289 (e2e_asr_attctc_th:2092) INFO: min output length: 0
2018-07-11 13:16:25,103 (e2e_asr_attctc_th:2199) INFO: end detected at 11
2018-07-11 13:16:25,103 (e2e_asr_attctc_th:2217) INFO: total log probability: -2.64235958457
2018-07-11 13:16:25,103 (e2e_asr_attctc_th:2218) INFO: normalized log probability: -0.88078652819
2018-07-11 13:16:25,105 (asr_pytorch:468) INFO: groundtruth[1503-2_spk_1503_2_076566-076667]: B
2018-07-11 13:16:25,106 (asr_pytorch:469) INFO: prediction [1503-2_spk_1503_2_076566-076667]: <SPK/><eos>
2018-07-11 13:16:25,122 (e2e_asr_attctc_th:2977) INFO: BLSTMP input lengths: [405]
2018-07-11 13:16:26,057 (e2e_asr_attctc_th:2067) INFO: input lengths: 102
2018-07-11 13:16:26,058 (e2e_asr_attctc_th:2091) INFO: max output length: 102
2018-07-11 13:16:26,058 (e2e_asr_attctc_th:2092) INFO: min output length: 0
2018-07-11 13:16:31,161 (e2e_asr_attctc_th:2199) INFO: end detected at 26
2018-07-11 13:16:31,161 (e2e_asr_attctc_th:2217) INFO: total log probability: -9.58049021568
2018-07-11 13:16:31,162 (e2e_asr_attctc_th:2218) INFO: normalized log probability: -0.435476827986
2018-07-11 13:16:31,163 (asr_pytorch:468) INFO: groundtruth[12_spk_12_024693-025100]: 夥啼囹烕戛宥<unk>叄刺妊位55濛序喋巾綪叄刺
2018-07-11 13:16:31,164 (asr_pytorch:469) INFO: prediction [12_spk_12_024693-025100]: 到啲啊嘛我而傢去咗好似唔唔記幾啦已經去過<eos>
2018-07-11 13:16:31,178 (e2e_asr_attctc_th:2977) INFO: BLSTMP input lengths: [198]
2018-07-11 13:16:31,648 (e2e_asr_attctc_th:2067) INFO: input lengths: 50
2018-07-11 13:16:31,648 (e2e_asr_attctc_th:2091) INFO: max output length: 50
2018-07-11 13:16:31,648 (e2e_asr_attctc_th:2092) INFO: min output length: 0
2018-07-11 13:16:32,887 (e2e_asr_attctc_th:2199) INFO: end detected at 11
2018-07-11 13:16:32,888 (e2e_asr_attctc_th:2217) INFO: total log probability: -1.98949332163
2018-07-11 13:16:32,888 (e2e_asr_attctc_th:2218) INFO: normalized log probability: -0.331582220271
2018-07-11 13:16:32,890 (asr_pytorch:468) INFO: groundtruth[1505-1_spk_1505_1_051616-051816]: 件QF囖
2018-07-11 13:16:32,890 (asr_pytorch:469) INFO: prediction [1505-1_spk_1505_1_051616-051816]: 已MB咯<eos>
2018-07-11 13:16:32,908 (e2e_asr_attctc_th:2977) INFO: BLSTMP input lengths: [398]
2018-07-11 13:16:33,838 (e2e_asr_attctc_th:2067) INFO: input lengths: 100
2018-07-11 13:16:33,839 (e2e_asr_attctc_th:2091) INFO: max output length: 100
2018-07-11 13:16:33,839 (e2e_asr_attctc_th:2092) INFO: min output length: 0
2018-07-11 13:16:37,122 (e2e_asr_attctc_th:2206) INFO: no hypothesis. Finish decoding.
2018-07-11 13:16:37,123 (e2e_asr_attctc_th:2217) INFO: total log probability: -9.78344946704
2018-07-11 13:16:37,123 (e2e_asr_attctc_th:2218) INFO: normalized log probability: -0.543524970391
2018-07-11 13:16:37,124 (asr_pytorch:468) INFO: groundtruth[1504-2_spk_1504_2_097707-098107]: 懵誆唪吟俏啖俏啖吟戛飪咩緣啖戛飪咩緣
2018-07-11 13:16:37,124 (asr_pytorch:469) INFO: prediction [1504-2_spk_1504_2_097707-098107]: 應該唔係啊啱我飛一件啊我飛意咗邊<eos>
2018-07-11 13:16:37,139 (e2e_asr_attctc_th:2977) INFO: BLSTMP input lengths: [93]
2018-07-11 13:16:37,373 (e2e_asr_attctc_th:2067) INFO: input lengths: 24
2018-07-11 13:16:37,374 (e2e_asr_attctc_th:2091) INFO: max output length: 24
2018-07-11 13:16:37,374 (e2e_asr_attctc_th:2092) INFO: min output length: 0
2018-07-11 13:16:38,033 (e2e_asr_attctc_th:2199) INFO: end detected at 9
2018-07-11 13:16:38,034 (e2e_asr_attctc_th:2217) INFO: total log probability: -1.78649190441
2018-07-11 13:16:38,034 (e2e_asr_attctc_th:2218) INFO: normalized log probability: -0.446622976102
2018-07-11 13:16:38,035 (asr_pytorch:468) INFO: groundtruth[12_spk_12_072626-072721]: 妊妊妊
2018-07-11 13:16:38,036 (asr_pytorch:469) INFO: prediction [12_spk_12_072626-072721]: 哦哦<eos>
2018-07-11 13:16:38,052 (e2e_asr_attctc_th:2977) INFO: BLSTMP input lengths: [492]
2018-07-11 13:16:39,075 (e2e_asr_attctc_th:2067) INFO: input lengths: 123
2018-07-11 13:16:39,075 (e2e_asr_attctc_th:2091) INFO: max output length: 123
2018-07-11 13:16:39,076 (e2e_asr_attctc_th:2092) INFO: min output length: 0
2018-07-11 13:16:44,171 (e2e_asr_attctc_th:2199) INFO: end detected at 28
2018-07-11 13:16:44,172 (e2e_asr_attctc_th:2217) INFO: total log probability: -17.3009039611
2018-07-11 13:16:44,172 (e2e_asr_attctc_th:2218) INFO: normalized log probability: -0.752213215698
2018-07-11 13:16:44,174 (asr_pytorch:468) INFO: groundtruth[1504-1_spk_1504_1_048578-049072]: 囹烕速幅嗄兲各鄔朕_MJM柎啯嘢耗<unk>JSV迫咋佬三幻三幻
2018-07-11 13:16:44,174 (asr_pytorch:469) INFO: prediction [1504-1_spk_1504_1_048578-049072]: 因為鼕曬公司就壞快就係問而傢翻咁你一年一就<eos>
2018-07-11 13:16:44,192 (e2e_asr_attctc_th:2977) INFO: BLSTMP input lengths: [296]
2018-07-11 13:16:44,840 (e2e_asr_attctc_th:2067) INFO: input lengths: 74
2018-07-11 13:16:44,841 (e2e_asr_attctc_th:2091) INFO: max output length: 74
2018-07-11 13:16:44,841 (e2e_asr_attctc_th:2092) INFO: min output length: 0
2018-07-11 13:16:47,661 (e2e_asr_attctc_th:2199) INFO: end detected at 20
2018-07-11 13:16:47,662 (e2e_asr_attctc_th:2217) INFO: total log probability: -17.4315913171
2018-07-11 13:16:47,662 (e2e_asr_attctc_th:2218) INFO: normalized log probability: -1.2451136655
2018-07-11 13:16:47,663 (asr_pytorch:468) INFO: groundtruth[12_spk_12_049706-050004]: 咋尻嗷倔尻倍毛倔朔圈宣60蚧咵
2018-07-11 13:16:47,664 (asr_pytorch:469) INFO: prediction [12_spk_12_049706-050004]: 咁就咁我就俾妹傾會頂諗下<eos>
2018-07-11 13:16:47,677 (e2e_asr_attctc_th:2977) INFO: BLSTMP input lengths: [198]
2018-07-11 13:16:48,072 (e2e_asr_attctc_th:2067) INFO: input lengths: 50
2018-07-11 13:16:48,073 (e2e_asr_attctc_th:2091) INFO: max output length: 50
2018-07-11 13:16:48,073 (e2e_asr_attctc_th:2092) INFO: min output length: 0
2018-07-11 13:16:50,412 (e2e_asr_attctc_th:2199) INFO: end detected at 19
2018-07-11 13:16:50,413 (e2e_asr_attctc_th:2217) INFO: total log probability: -4.84662658256
2018-07-11 13:16:50,413 (e2e_asr_attctc_th:2218) INFO: normalized log probability: -0.323108438837
2018-07-11 13:16:50,414 (asr_pytorch:468) INFO: groundtruth[1502-2_spk_1502_2_052194-052394]: 妍枱唪啷由眯俏唪妊勛彋呯樺
2018-07-11 13:16:50,415 (asr_pytorch:469) INFO: prediction [1502-2_spk_1502_2_052194-052394]: 如果唔啱用真係冇麵上呢樣茶<eos>
2018-07-11 13:16:50,430 (e2e_asr_attctc_th:2977) INFO: BLSTMP input lengths: [243]
2018-07-11 13:16:50,984 (e2e_asr_attctc_th:2067) INFO: input lengths: 61
2018-07-11 13:16:50,985 (e2e_asr_attctc_th:2091) INFO: max output length: 61
2018-07-11 13:16:50,985 (e2e_asr_attctc_th:2092) INFO: min output length: 0
2018-07-11 13:16:53,597 (e2e_asr_attctc_th:2199) INFO: end detected at 20
2018-07-11 13:16:53,597 (e2e_asr_attctc_th:2217) INFO: total log probability: -9.04823585972
2018-07-11 13:16:53,598 (e2e_asr_attctc_th:2218) INFO: normalized log probability: -0.603215723981
2018-07-11 13:16:53,600 (asr_pytorch:468) INFO: groundtruth[12_spk_12_040721-040966]: 毛倔朔嘍圈宣300蚧俏夥30
2018-07-11 13:16:53,600 (asr_pytorch:469) INFO: prediction [12_spk_12_040721-040966]: 每個月負責嘅三百蚊係歌三十<eos>
2018-07-11 13:16:53,614 (e2e_asr_attctc_th:2977) INFO: BLSTMP input lengths: [348]
2018-07-11 13:16:54,316 (e2e_asr_attctc_th:2067) INFO: input lengths: 87
2018-07-11 13:16:54,316 (e2e_asr_attctc_th:2091) INFO: max output length: 87
2018-07-11 13:16:54,317 (e2e_asr_attctc_th:2092) INFO: min output length: 0
2018-07-11 13:16:57,715 (e2e_asr_attctc_th:2199) INFO: end detected at 21
2018-07-11 13:16:57,715 (e2e_asr_attctc_th:2217) INFO: total log probability: -2.43714342592
2018-07-11 13:16:57,715 (e2e_asr_attctc_th:2218) INFO: normalized log probability: -0.143361377995
2018-07-11 13:16:57,716 (asr_pytorch:468) INFO: groundtruth[3_spk_3_018792-019142]: 囹烕三扚且嚦尻俏B戛肇霆誅㨃啯
2018-07-11 13:16:57,717 (asr_pytorch:469) INFO: prediction [3_spk_3_018792-019142]: 因為一打上嚟就係誒我聽電話噶嘛<eos>
2018-07-11 13:16:57,731 (e2e_asr_attctc_th:2977) INFO: BLSTMP input lengths: [132]
2018-07-11 13:16:58,019 (e2e_asr_attctc_th:2067) INFO: input lengths: 33
2018-07-11 13:16:58,020 (e2e_asr_attctc_th:2091) INFO: max output length: 33
2018-07-11 13:16:58,020 (e2e_asr_attctc_th:2092) INFO: min output length: 0
2018-07-11 13:16:59,466 (e2e_asr_attctc_th:2199) INFO: end detected at 16
2018-07-11 13:16:59,466 (e2e_asr_attctc_th:2217) INFO: total log probability: -6.28135391325
2018-07-11 13:16:59,467 (e2e_asr_attctc_th:2218) INFO: normalized log probability: -0.628135391325
2018-07-11 13:16:59,467 (asr_pytorch:468) INFO: groundtruth[4_spk_4_018354-018488]: 咋佰裴俊朕粥BB卿俏挪煮
2018-07-11 13:16:59,467 (asr_pytorch:469) INFO: prediction [4_spk_4_018354-018488]: 咁佢裡邊有啦即係<eos>
2018-07-11 13:16:59,474 (e2e_asr_attctc_th:2977) INFO: BLSTMP input lengths: [26]
2018-07-11 13:16:59,536 (e2e_asr_attctc_th:2067) INFO: input lengths: 7
2018-07-11 13:16:59,537 (e2e_asr_attctc_th:2091) INFO: max output length: 7
2018-07-11 13:16:59,537 (e2e_asr_attctc_th:2092) INFO: min output length: 0
2018-07-11 13:16:59,849 (e2e_asr_attctc_th:2180) INFO: adding <eos> in the last postion in the loop
2018-07-11 13:16:59,849 (e2e_asr_attctc_th:2206) INFO: no hypothesis. Finish decoding.
2018-07-11 13:16:59,849 (e2e_asr_attctc_th:2217) INFO: total log probability: -0.902883659699
2018-07-11 13:16:59,849 (e2e_asr_attctc_th:2218) INFO: normalized log probability: -0.225720914925
2018-07-11 13:16:59,850 (asr_pytorch:468) INFO: groundtruth[1502-2_spk_1502_2_062886-062914]: 俏啯
2018-07-11 13:16:59,850 (asr_pytorch:469) INFO: prediction [1502-2_spk_1502_2_062886-062914]: 係啊<eos>
2018-07-11 13:16:59,858 (e2e_asr_attctc_th:2977) INFO: BLSTMP input lengths: [245]
2018-07-11 13:17:00,194 (e2e_asr_attctc_th:2067) INFO: input lengths: 62
2018-07-11 13:17:00,194 (e2e_asr_attctc_th:2091) INFO: max output length: 62
2018-07-11 13:17:00,194 (e2e_asr_attctc_th:2092) INFO: min output length: 0
2018-07-11 13:17:01,698 (e2e_asr_attctc_th:2199) INFO: end detected at 18
2018-07-11 13:17:01,698 (e2e_asr_attctc_th:2217) INFO: total log probability: -10.0907330588
2018-07-11 13:17:01,698 (e2e_asr_attctc_th:2218) INFO: normalized log probability: -0.776210235289
2018-07-11 13:17:01,699 (asr_pytorch:468) INFO: groundtruth[3_spk_3_021745-021992]: 反279啯唪俏256啯
2018-07-11 13:17:01,699 (asr_pytorch:469) INFO: prediction [3_spk_3_021745-021992]: 有意質搞啦唔係語冇流啊<eos>
2018-07-11 13:17:01,707 (e2e_asr_attctc_th:2977) INFO: BLSTMP input lengths: [154]
2018-07-11 13:17:01,960 (e2e_asr_attctc_th:2067) INFO: input lengths: 39
2018-07-11 13:17:01,961 (e2e_asr_attctc_th:2091) INFO: max output length: 39
2018-07-11 13:17:01,961 (e2e_asr_attctc_th:2092) INFO: min output length: 0
2018-07-11 13:17:03,354 (e2e_asr_attctc_th:2206) INFO: no hypothesis. Finish decoding.
2018-07-11 13:17:03,354 (e2e_asr_attctc_th:2217) INFO: total log probability: -4.13951009
2018-07-11 13:17:03,354 (e2e_asr_attctc_th:2218) INFO: normalized log probability: -0.318423853077
2018-07-11 13:17:03,355 (asr_pytorch:468) INFO: groundtruth[1502-2_spk_1502_2_061258-061414]: 逆迫彈施嘍WMQ危道嚦毯佬
2018-07-11 13:17:03,355 (asr_pytorch:469) INFO: prediction [1502-2_spk_1502_2_061258-061414]: 上翻一新嘅先睇過嚟俾你<eos>
2018-07-11 13:17:03,370 (e2e_asr_attctc_th:2977) INFO: BLSTMP input lengths: [244]
2018-07-11 13:17:03,908 (e2e_asr_attctc_th:2067) INFO: input lengths: 61
2018-07-11 13:17:03,908 (e2e_asr_attctc_th:2091) INFO: max output length: 61
2018-07-11 13:17:03,909 (e2e_asr_attctc_th:2092) INFO: min output length: 0
2018-07-11 13:17:05,237 (e2e_asr_attctc_th:2199) INFO: end detected at 14
2018-07-11 13:17:05,237 (e2e_asr_attctc_th:2217) INFO: total log probability: -3.73674774915
2018-07-11 13:17:05,237 (e2e_asr_attctc_th:2218) INFO: normalized log probability: -0.41519419435
2018-07-11 13:17:05,238 (asr_pytorch:468) INFO: groundtruth[1504-2_spk_1504_2_033220-033466]: 嗶丕咋鄔司件柎咯
2018-07-11 13:17:05,238 (asr_pytorch:469) INFO: prediction [1504-2_spk_1504_2_033220-033466]: 哇咁都可以噶咩<eos>
2018-07-11 13:17:05,246 (e2e_asr_attctc_th:2977) INFO: BLSTMP input lengths: [106]
2018-07-11 13:17:05,449 (e2e_asr_attctc_th:2067) INFO: input lengths: 27
2018-07-11 13:17:05,450 (e2e_asr_attctc_th:2091) INFO: max output length: 27
2018-07-11 13:17:05,450 (e2e_asr_attctc_th:2092) INFO: min output length: 0
2018-07-11 13:17:06,322 (e2e_asr_attctc_th:2199) INFO: end detected at 10
2018-07-11 13:17:06,323 (e2e_asr_attctc_th:2217) INFO: total log probability: -3.65295340493
2018-07-11 13:17:06,323 (e2e_asr_attctc_th:2218) INFO: normalized log probability: -0.608825567489
2018-07-11 13:17:06,324 (asr_pytorch:468) INFO: groundtruth[8_spk_8_032442-032550]: 哭必呈嘢
2018-07-11 13:17:06,325 (asr_pytorch:469) INFO: prediction [8_spk_8_032442-032550]: 十十十十<eos>
2018-07-11 13:17:06,339 (e2e_asr_attctc_th:2977) INFO: BLSTMP input lengths: [198]
2018-07-11 13:17:06,759 (e2e_asr_attctc_th:2067) INFO: input lengths: 50
2018-07-11 13:17:06,760 (e2e_asr_attctc_th:2091) INFO: max output length: 50
2018-07-11 13:17:06,760 (e2e_asr_attctc_th:2092) INFO: min output length: 0
2018-07-11 13:17:08,863 (e2e_asr_attctc_th:2199) INFO: end detected at 17
2018-07-11 13:17:08,863 (e2e_asr_attctc_th:2217) INFO: total log probability: -2.55312852538
2018-07-11 13:17:08,864 (e2e_asr_attctc_th:2218) INFO: normalized log probability: -0.196394501952
2018-07-11 13:17:08,866 (asr_pytorch:468) INFO: groundtruth[1505-1_spk_1505_1_057262-057462]: SO冏啞顔旨冏啞顔旨
2018-07-11 13:17:08,867 (asr_pytorch:469) INFO: prediction [1505-1_spk_1505_1_057262-057462]: 我屋企冇問題就冇問題嘅<eos>
2018-07-11 13:17:08,883 (e2e_asr_attctc_th:2977) INFO: BLSTMP input lengths: [315]
2018-07-11 13:17:09,646 (e2e_asr_attctc_th:2067) INFO: input lengths: 79
2018-07-11 13:17:09,646 (e2e_asr_attctc_th:2091) INFO: max output length: 79
2018-07-11 13:17:09,646 (e2e_asr_attctc_th:2092) INFO: min output length: 0
2018-07-11 13:17:14,329 (e2e_asr_attctc_th:2199) INFO: end detected at 33
2018-07-11 13:17:14,329 (e2e_asr_attctc_th:2217) INFO: total log probability: -16.9339650255
2018-07-11 13:17:14,329 (e2e_asr_attctc_th:2218) INFO: normalized log probability: -0.736259348933
2018-07-11 13:17:14,330 (asr_pytorch:468) INFO: groundtruth[3_spk_3_040110-040427]: 哲倔TPER卿俏冀仞冀仞宭扁倔啼眯俏側唪刺
2018-07-11 13:17:14,331 (asr_pytorch:469) INFO: prediction [3_spk_3_040110-040427]: 呢個FEND唔真係其他其他行冇嗰啲真係做咩<eos>
2018-07-11 13:17:14,343 (e2e_asr_attctc_th:2977) INFO: BLSTMP input lengths: [238]
2018-07-11 13:17:14,688 (e2e_asr_attctc_th:2067) INFO: input lengths: 60
2018-07-11 13:17:14,688 (e2e_asr_attctc_th:2091) INFO: max output length: 60
2018-07-11 13:17:14,688 (e2e_asr_attctc_th:2092) INFO: min output length: 0
2018-07-11 13:17:17,116 (e2e_asr_attctc_th:2199) INFO: end detected at 19
2018-07-11 13:17:17,116 (e2e_asr_attctc_th:2217) INFO: total log probability: -9.92046738719
2018-07-11 13:17:17,116 (e2e_asr_attctc_th:2218) INFO: normalized log probability: -0.763112875937
2018-07-11 13:17:17,118 (asr_pytorch:468) INFO: groundtruth[4_spk_4_069255-069495]: 佬唪妊旁伺啯佬啞渠楥仇員啯
2018-07-11 13:17:17,118 (asr_pytorch:469) INFO: prediction [4_spk_4_069255-069495]: 你唔好亂估呢你問題咗話<eos>
2018-07-11 13:17:17,134 (e2e_asr_attctc_th:2977) INFO: BLSTMP input lengths: [123]
2018-07-11 13:17:17,430 (e2e_asr_attctc_th:2067) INFO: input lengths: 31
2018-07-11 13:17:17,431 (e2e_asr_attctc_th:2091) INFO: max output length: 31
2018-07-11 13:17:17,431 (e2e_asr_attctc_th:2092) INFO: min output length: 0
2018-07-11 13:17:18,571 (e2e_asr_attctc_th:2199) INFO: end detected at 12
2018-07-11 13:17:18,572 (e2e_asr_attctc_th:2217) INFO: total log probability: -0.42111166846
2018-07-11 13:17:18,572 (e2e_asr_attctc_th:2218) INFO: normalized log probability: -0.0526389585575
2018-07-11 13:17:18,574 (asr_pytorch:468) INFO: groundtruth[1502-2_spk_1502_2_089340-089465]: 咋戛員服嗄佬
2018-07-11 13:17:18,574 (asr_pytorch:469) INFO: prediction [1502-2_spk_1502_2_089340-089465]: 咁我哋會係你<eos>
2018-07-11 13:17:18,588 (e2e_asr_attctc_th:2977) INFO: BLSTMP input lengths: [300]
2018-07-11 13:17:19,206 (e2e_asr_attctc_th:2067) INFO: input lengths: 75
2018-07-11 13:17:19,207 (e2e_asr_attctc_th:2091) INFO: max output length: 75
2018-07-11 13:17:19,207 (e2e_asr_attctc_th:2092) INFO: min output length: 0
2018-07-11 13:17:21,847 (e2e_asr_attctc_th:2206) INFO: no hypothesis. Finish decoding.
2018-07-11 13:17:21,847 (e2e_asr_attctc_th:2217) INFO: total log probability: -6.02620318765
2018-07-11 13:17:21,847 (e2e_asr_attctc_th:2218) INFO: normalized log probability: -0.35448254045
2018-07-11 13:17:21,848 (asr_pytorch:468) INFO: groundtruth[4_spk_4_021348-021650]: 轟道叄戛員宭望燁緣倔邕摁仇幹佬
2018-07-11 13:17:21,848 (asr_pytorch:469) INFO: prediction [4_spk_4_021348-021650]: 轉過去我哋塞個二線嗰邊搵人幫你<eos>
2018-07-11 13:17:21,860 (e2e_asr_attctc_th:2977) INFO: BLSTMP input lengths: [313]
2018-07-11 13:17:22,352 (e2e_asr_attctc_th:2067) INFO: input lengths: 79
2018-07-11 13:17:22,353 (e2e_asr_attctc_th:2091) INFO: max output length: 79
2018-07-11 13:17:22,353 (e2e_asr_attctc_th:2092) INFO: min output length: 0
2018-07-11 13:17:23,789 (e2e_asr_attctc_th:2206) INFO: no hypothesis. Finish decoding.
2018-07-11 13:17:23,789 (e2e_asr_attctc_th:2217) INFO: total log probability: -10.078718517
2018-07-11 13:17:23,789 (e2e_asr_attctc_th:2218) INFO: normalized log probability: -0.671914567798
2018-07-11 13:17:23,790 (asr_pytorch:468) INFO: groundtruth[3_spk_3_023045-023360]: 刺晏呯逮庵忽咩綺絨空宣咩嘍
2018-07-11 13:17:23,790 (asr_pytorch:469) INFO: prediction [3_spk_3_023045-023360]: 到時啦速度快咗網民穩定咗嘅<eos>
2018-07-11 13:17:23,798 (e2e_asr_attctc_th:2977) INFO: BLSTMP input lengths: [393]
2018-07-11 13:17:24,285 (e2e_asr_attctc_th:2067) INFO: input lengths: 99
2018-07-11 13:17:24,285 (e2e_asr_attctc_th:2091) INFO: max output length: 99
2018-07-11 13:17:24,285 (e2e_asr_attctc_th:2092) INFO: min output length: 0
2018-07-11 13:17:28,144 (e2e_asr_attctc_th:2199) INFO: end detected at 37
2018-07-11 13:17:28,144 (e2e_asr_attctc_th:2217) INFO: total log probability: -26.9365438931
2018-07-11 13:17:28,144 (e2e_asr_attctc_th:2218) INFO: normalized log probability: -0.897884796436
2018-07-11 13:17:28,146 (asr_pytorch:468) INFO: groundtruth[9_spk_9_008095-008490]: 俏呈且綺佰盾惕誅WEJEVMGERRSXSTIRXLITEKI
2018-07-11 13:17:28,146 (asr_pytorch:469) INFO: prediction [9_spk_9_008095-008490]: 係喎上網嗰隻情話就BARDANNELOPERPHEAGE<eos>
2018-07-11 13:17:28,160 (e2e_asr_attctc_th:2977) INFO: BLSTMP input lengths: [334]
2018-07-11 13:17:28,597 (e2e_asr_attctc_th:2067) INFO: input lengths: 84
2018-07-11 13:17:28,597 (e2e_asr_attctc_th:2091) INFO: max output length: 84
2018-07-11 13:17:28,597 (e2e_asr_attctc_th:2092) INFO: min output length: 0
2018-07-11 13:17:31,379 (e2e_asr_attctc_th:2199) INFO: end detected at 29
2018-07-11 13:17:31,379 (e2e_asr_attctc_th:2217) INFO: total log probability: -14.1160022467
2018-07-11 13:17:31,379 (e2e_asr_attctc_th:2218) INFO: normalized log probability: -0.613739228119
2018-07-11 13:17:31,380 (asr_pytorch:468) INFO: groundtruth[1504-1_spk_1504_1_065502-065838]: 姚俏妍枱佬誅序倔蚊磋見NSMR<unk>庸TPER旨誅尻扚65<unk>旨
2018-07-11 13:17:31,380 (asr_pytorch:469) INFO: prediction [1504-1_spk_1504_1_065502-065838]: 即如果你話幾號碼月初傢庭聽佢話就打陸五次啫<eos>
2018-07-11 13:17:31,389 (e2e_asr_attctc_th:2977) INFO: BLSTMP input lengths: [479]
2018-07-11 13:17:32,040 (e2e_asr_attctc_th:2067) INFO: input lengths: 120
2018-07-11 13:17:32,040 (e2e_asr_attctc_th:2091) INFO: max output length: 120
2018-07-11 13:17:32,040 (e2e_asr_attctc_th:2092) INFO: min output length: 0
2018-07-11 13:17:36,138 (e2e_asr_attctc_th:2206) INFO: no hypothesis. Finish decoding.
2018-07-11 13:17:36,138 (e2e_asr_attctc_th:2217) INFO: total log probability: -24.26474817
2018-07-11 13:17:36,138 (e2e_asr_attctc_th:2218) INFO: normalized log probability: -0.758273380314
2018-07-11 13:17:36,138 (asr_pytorch:468) INFO: groundtruth[1505-1_spk_1505_1_013730-014211]: 産臼乖誅琉晏囹烕夭郷列旨檀垣冀寫鄔司件WYTTSVX刺45K旨綺絨柎
2018-07-11 13:17:36,139 (asr_pytorch:469) INFO: prediction [1505-1_spk_1505_1_013730-014211]: 甚至褲啊現時因為大部分嘅即然其實都可以實學咗四啲唔知嘅網絡噶<eos>
2018-07-11 13:17:36,146 (e2e_asr_attctc_th:2977) INFO: BLSTMP input lengths: [73]
2018-07-11 13:17:36,249 (e2e_asr_attctc_th:2067) INFO: input lengths: 19
2018-07-11 13:17:36,249 (e2e_asr_attctc_th:2091) INFO: max output length: 19
2018-07-11 13:17:36,249 (e2e_asr_attctc_th:2092) INFO: min output length: 0
2018-07-11 13:17:36,840 (e2e_asr_attctc_th:2199) INFO: end detected at 12
2018-07-11 13:17:36,840 (e2e_asr_attctc_th:2217) INFO: total log probability: -4.36622911692
2018-07-11 13:17:36,840 (e2e_asr_attctc_th:2218) INFO: normalized log probability: -0.727704852819
2018-07-11 13:17:36,841 (asr_pytorch:468) INFO: groundtruth[8_spk_8_003055-003130]: 俏喇佬妊
2018-07-11 13:17:36,841 (asr_pytorch:469) INFO: prediction [8_spk_8_003055-003130]: 係我啲心<eos>
2018-07-11 13:17:36,848 (e2e_asr_attctc_th:2977) INFO: BLSTMP input lengths: [195]
2018-07-11 13:17:37,171 (e2e_asr_attctc_th:2067) INFO: input lengths: 49
2018-07-11 13:17:37,172 (e2e_asr_attctc_th:2091) INFO: max output length: 49
2018-07-11 13:17:37,172 (e2e_asr_attctc_th:2092) INFO: min output length: 0
2018-07-11 13:17:37,982 (e2e_asr_attctc_th:2199) INFO: end detected at 12
2018-07-11 13:17:37,983 (e2e_asr_attctc_th:2217) INFO: total log probability: -5.90474811941
2018-07-11 13:17:37,983 (e2e_asr_attctc_th:2218) INFO: normalized log probability: -0.843535445631
2018-07-11 13:17:37,983 (asr_pytorch:468) INFO: groundtruth[1503-1_spk_1503_1_100146-100350]: 妊拯拯妊拯拯
2018-07-11 13:17:37,984 (asr_pytorch:469) INFO: prediction [1503-1_spk_1503_1_100146-100350]: 哦拜拜拜拜<eos>
2018-07-11 13:17:37,991 (e2e_asr_attctc_th:2977) INFO: BLSTMP input lengths: [266]
2018-07-11 13:17:38,401 (e2e_asr_attctc_th:2067) INFO: input lengths: 67
2018-07-11 13:17:38,402 (e2e_asr_attctc_th:2091) INFO: max output length: 67
2018-07-11 13:17:38,402 (e2e_asr_attctc_th:2092) INFO: min output length: 0
2018-07-11 13:17:40,162 (e2e_asr_attctc_th:2199) INFO: end detected at 21
2018-07-11 13:17:40,163 (e2e_asr_attctc_th:2217) INFO: total log probability: -12.8036791813
2018-07-11 13:17:40,163 (e2e_asr_attctc_th:2218) INFO: normalized log probability: -0.800229948829
2018-07-11 13:17:40,163 (asr_pytorch:468) INFO: groundtruth[9_spk_9_022807-023075]: 戛乸卉序蚧尻曼劫然減啯啯倔晏
2018-07-11 13:17:40,164 (asr_pytorch:469) INFO: prediction [9_spk_9_022807-023075]: 我九十幾蚊就更加某啲啦嗰陣時<eos>
2018-07-11 13:17:40,171 (e2e_asr_attctc_th:2977) INFO: BLSTMP input lengths: [203]
2018-07-11 13:17:40,449 (e2e_asr_attctc_th:2067) INFO: input lengths: 51
2018-07-11 13:17:40,450 (e2e_asr_attctc_th:2091) INFO: max output length: 51
2018-07-11 13:17:40,450 (e2e_asr_attctc_th:2092) INFO: min output length: 0
2018-07-11 13:17:41,838 (e2e_asr_attctc_th:2199) INFO: end detected at 18
2018-07-11 13:17:41,838 (e2e_asr_attctc_th:2217) INFO: total log probability: -7.97669038922
2018-07-11 13:17:41,838 (e2e_asr_attctc_th:2218) INFO: normalized log probability: -0.56976359923
2018-07-11 13:17:41,839 (asr_pytorch:468) INFO: groundtruth[1502-2_spk_1502_2_030918-031123]: 啵些省俏服毯輓緘寒啼嘍
2018-07-11 13:17:41,839 (asr_pytorch:469) INFO: prediction [1502-2_spk_1502_2_030918-031123]: 即係互相係會比較緊物啲嘢<eos>
2018-07-11 13:17:41,847 (e2e_asr_attctc_th:2977) INFO: BLSTMP input lengths: [397]
2018-07-11 13:17:42,353 (e2e_asr_attctc_th:2067) INFO: input lengths: 100
2018-07-11 13:17:42,354 (e2e_asr_attctc_th:2091) INFO: max output length: 100
2018-07-11 13:17:42,354 (e2e_asr_attctc_th:2092) INFO: min output length: 0
2018-07-11 13:17:44,252 (e2e_asr_attctc_th:2206) INFO: no hypothesis. Finish decoding.
2018-07-11 13:17:44,253 (e2e_asr_attctc_th:2217) INFO: total log probability: -9.17253661156
2018-07-11 13:17:44,253 (e2e_asr_attctc_th:2218) INFO: normalized log probability: -0.509585367309
2018-07-11 13:17:44,253 (asr_pytorch:468) INFO: groundtruth[1501-1_spk_1501_1_014913-015313]: BJVII¥I筋乸倔朔吔筋卉乸倔朔嘍<unk>賀嘍
2018-07-11 13:17:44,253 (asr_pytorch:469) INFO: prediction [1501-1_spk_1501_1_014913-015313]: 誒師弟狗個月同細十九個月嘅颱費嘅<eos>
2018-07-11 13:17:44,261 (e2e_asr_attctc_th:2977) INFO: BLSTMP input lengths: [236]
2018-07-11 13:17:44,556 (e2e_asr_attctc_th:2067) INFO: input lengths: 59
2018-07-11 13:17:44,557 (e2e_asr_attctc_th:2091) INFO: max output length: 59
2018-07-11 13:17:44,557 (e2e_asr_attctc_th:2092) INFO: min output length: 0
2018-07-11 13:17:46,462 (e2e_asr_attctc_th:2199) INFO: end detected at 21
2018-07-11 13:17:46,462 (e2e_asr_attctc_th:2217) INFO: total log probability: -5.20336481382
2018-07-11 13:17:46,462 (e2e_asr_attctc_th:2218) INFO: normalized log probability: -0.325210300864
2018-07-11 13:17:46,463 (asr_pytorch:468) INFO: groundtruth[1501-1_spk_1501_1_008670-008908]: 冀寫佬寫享鄔俏乸卉亞蚧三倔朔嘍
2018-07-11 13:17:46,463 (asr_pytorch:469) INFO: prediction [1501-1_spk_1501_1_008670-008908]: 其實你實覺都係九十五一個月嘅<eos>
2018-07-11 13:17:46,470 (e2e_asr_attctc_th:2977) INFO: BLSTMP input lengths: [118]
2018-07-11 13:17:46,637 (e2e_asr_attctc_th:2067) INFO: input lengths: 30
2018-07-11 13:17:46,638 (e2e_asr_attctc_th:2091) INFO: max output length: 30
2018-07-11 13:17:46,638 (e2e_asr_attctc_th:2092) INFO: min output length: 0
2018-07-11 13:17:47,105 (e2e_asr_attctc_th:2206) INFO: no hypothesis. Finish decoding.
2018-07-11 13:17:47,106 (e2e_asr_attctc_th:2217) INFO: total log probability: -9.53740352392
2018-07-11 13:17:47,106 (e2e_asr_attctc_th:2218) INFO: normalized log probability: -1.19217544049
2018-07-11 13:17:47,106 (asr_pytorch:468) INFO: groundtruth[3_spk_3_012742-012862]: 咋樺
2018-07-11 13:17:47,106 (asr_pytorch:469) INFO: prediction [3_spk_3_012742-012862]: 燒江上南九學<eos>
2018-07-11 13:17:47,113 (e2e_asr_attctc_th:2977) INFO: BLSTMP input lengths: [36]
2018-07-11 13:17:47,183 (e2e_asr_attctc_th:2067) INFO: input lengths: 9
2018-07-11 13:17:47,183 (e2e_asr_attctc_th:2091) INFO: max output length: 9
2018-07-11 13:17:47,183 (e2e_asr_attctc_th:2092) INFO: min output length: 0
2018-07-11 13:17:47,424 (e2e_asr_attctc_th:2199) INFO: end detected at 7
2018-07-11 13:17:47,424 (e2e_asr_attctc_th:2217) INFO: total log probability: -0.0927274681162
2018-07-11 13:17:47,424 (e2e_asr_attctc_th:2218) INFO: normalized log probability: -0.0309091560387
2018-07-11 13:17:47,425 (asr_pytorch:468) INFO: groundtruth[1502-1_spk_1502_1_043566-043604]: 嗶
2018-07-11 13:17:47,425 (asr_pytorch:469) INFO: prediction [1502-1_spk_1502_1_043566-043604]: 嗯<eos>
2018-07-11 13:17:47,433 (e2e_asr_attctc_th:2977) INFO: BLSTMP input lengths: [254]
2018-07-11 13:17:47,754 (e2e_asr_attctc_th:2067) INFO: input lengths: 64
2018-07-11 13:17:47,754 (e2e_asr_attctc_th:2091) INFO: max output length: 64
2018-07-11 13:17:47,754 (e2e_asr_attctc_th:2092) INFO: min output length: 0
2018-07-11 13:17:49,175 (e2e_asr_attctc_th:2199) INFO: end detected at 19
2018-07-11 13:17:49,175 (e2e_asr_attctc_th:2217) INFO: total log probability: -3.16085516941
2018-07-11 13:17:49,175 (e2e_asr_attctc_th:2218) INFO: normalized log probability: -0.225775369243
2018-07-11 13:17:49,176 (asr_pytorch:468) INFO: groundtruth[1501-1_spk_1501_1_009105-009361]: 咋公密鄔俏三樺嘍尻兮<unk>列鐲
2018-07-11 13:17:49,176 (asr_pytorch:469) INFO: prediction [1501-1_spk_1501_1_009105-009361]: 咁我用都係養嘅就兩韆分鐘<eos>
2018-07-11 13:17:49,183 (e2e_asr_attctc_th:2977) INFO: BLSTMP input lengths: [105]
2018-07-11 13:17:49,323 (e2e_asr_attctc_th:2067) INFO: input lengths: 27
2018-07-11 13:17:49,324 (e2e_asr_attctc_th:2091) INFO: max output length: 27
2018-07-11 13:17:49,324 (e2e_asr_attctc_th:2092) INFO: min output length: 0
2018-07-11 13:17:50,008 (e2e_asr_attctc_th:2199) INFO: end detected at 13
2018-07-11 13:17:50,008 (e2e_asr_attctc_th:2217) INFO: total log probability: -2.045890579
2018-07-11 13:17:50,008 (e2e_asr_attctc_th:2218) INFO: normalized log probability: -0.255736322375
2018-07-11 13:17:50,009 (asr_pytorch:468) INFO: groundtruth[1502-2_spk_1502_2_072131-072238]: 咋刺晏司脇佬
2018-07-11 13:17:50,009 (asr_pytorch:469) INFO: prediction [1502-2_spk_1502_2_072131-072238]: 咁就時可能你<eos>
2018-07-11 13:17:50,016 (e2e_asr_attctc_th:2977) INFO: BLSTMP input lengths: [288]
2018-07-11 13:17:50,388 (e2e_asr_attctc_th:2067) INFO: input lengths: 72
2018-07-11 13:17:50,389 (e2e_asr_attctc_th:2091) INFO: max output length: 72
2018-07-11 13:17:50,389 (e2e_asr_attctc_th:2092) INFO: min output length: 0
2018-07-11 13:17:52,193 (e2e_asr_attctc_th:2199) INFO: end detected at 22
2018-07-11 13:17:52,193 (e2e_asr_attctc_th:2217) INFO: total log probability: -13.3680920471
2018-07-11 13:17:52,193 (e2e_asr_attctc_th:2218) INFO: normalized log probability: -0.786358355709
2018-07-11 13:17:52,194 (asr_pytorch:468) INFO: groundtruth[1504-2_spk_1504_2_052194-052484]: 戛咱丐倔然院且綺咋手件戛宥<unk>呯戛
2018-07-11 13:17:52,194 (asr_pytorch:469) INFO: prediction [1504-2_spk_1504_2_052194-052484]: 唔係香港玩咋嘛我所以我而傢呢我<eos>
2018-07-11 13:17:52,202 (e2e_asr_attctc_th:2977) INFO: BLSTMP input lengths: [246]
2018-07-11 13:17:52,515 (e2e_asr_attctc_th:2067) INFO: input lengths: 62
2018-07-11 13:17:52,516 (e2e_asr_attctc_th:2091) INFO: max output length: 62
2018-07-11 13:17:52,516 (e2e_asr_attctc_th:2092) INFO: min output length: 0
2018-07-11 13:17:54,050 (e2e_asr_attctc_th:2199) INFO: end detected at 20
2018-07-11 13:17:54,050 (e2e_asr_attctc_th:2217) INFO: total log probability: -3.13636426837
2018-07-11 13:17:54,050 (e2e_asr_attctc_th:2218) INFO: normalized log probability: -0.196022766773
2018-07-11 13:17:54,051 (asr_pytorch:468) INFO: groundtruth[1504-1_spk_1504_1_060441-060690]: 咋佬誅而寫謬吟佬丹稍勞咋冀寫
2018-07-11 13:17:54,051 (asr_pytorch:469) INFO: prediction [1504-1_spk_1504_1_060441-060690]: 咁你話老細講啊你中意講咁其實<eos>
2018-07-11 13:17:54,058 (e2e_asr_attctc_th:2977) INFO: BLSTMP input lengths: [166]
2018-07-11 13:17:54,273 (e2e_asr_attctc_th:2067) INFO: input lengths: 42
2018-07-11 13:17:54,274 (e2e_asr_attctc_th:2091) INFO: max output length: 42
2018-07-11 13:17:54,274 (e2e_asr_attctc_th:2092) INFO: min output length: 0
2018-07-11 13:17:54,938 (e2e_asr_attctc_th:2199) INFO: end detected at 12
2018-07-11 13:17:54,938 (e2e_asr_attctc_th:2217) INFO: total log probability: -3.99008733826
2018-07-11 13:17:54,939 (e2e_asr_attctc_th:2218) INFO: normalized log probability: -0.570012476894
2018-07-11 13:17:54,939 (asr_pytorch:468) INFO: groundtruth[1504-1_spk_1504_1_011564-011732]: 哭咯<unk>咋柎
2018-07-11 13:17:54,940 (asr_pytorch:469) INFO: prediction [1504-1_spk_1504_1_011564-011732]: 哦咩颱咁噶<eos>
2018-07-11 13:17:54,947 (e2e_asr_attctc_th:2977) INFO: BLSTMP input lengths: [168]
2018-07-11 13:17:55,165 (e2e_asr_attctc_th:2067) INFO: input lengths: 42
2018-07-11 13:17:55,166 (e2e_asr_attctc_th:2091) INFO: max output length: 42
2018-07-11 13:17:55,166 (e2e_asr_attctc_th:2092) INFO: min output length: 0
2018-07-11 13:17:56,028 (e2e_asr_attctc_th:2199) INFO: end detected at 14
2018-07-11 13:17:56,029 (e2e_asr_attctc_th:2217) INFO: total log probability: -10.4432683866
2018-07-11 13:17:56,029 (e2e_asr_attctc_th:2218) INFO: normalized log probability: -1.04432683866
2018-07-11 13:17:56,029 (asr_pytorch:468) INFO: groundtruth[8_spk_8_061654-061825]: 咋耗<unk>故咩側4K
2018-07-11 13:17:56,029 (asr_pytorch:469) INFO: prediction [8_spk_8_061654-061825]: 咁實真係做嘅時啲<eos>
2018-07-11 13:17:56,037 (e2e_asr_attctc_th:2977) INFO: BLSTMP input lengths: [158]
2018-07-11 13:17:56,240 (e2e_asr_attctc_th:2067) INFO: input lengths: 40
2018-07-11 13:17:56,241 (e2e_asr_attctc_th:2091) INFO: max output length: 40
2018-07-11 13:17:56,241 (e2e_asr_attctc_th:2092) INFO: min output length: 0
2018-07-11 13:17:56,753 (e2e_asr_attctc_th:2199) INFO: end detected at 10
2018-07-11 13:17:56,753 (e2e_asr_attctc_th:2217) INFO: total log probability: -6.26679821312
2018-07-11 13:17:56,753 (e2e_asr_attctc_th:2218) INFO: normalized log probability: -1.25335964262
2018-07-11 13:17:56,754 (asr_pytorch:468) INFO: groundtruth[8_spk_8_023485-023645]: 住俏戛的解呯
2018-07-11 13:17:56,754 (asr_pytorch:469) INFO: prediction [8_spk_8_023485-023645]: 十七色<eos>
2018-07-11 13:17:56,761 (e2e_asr_attctc_th:2977) INFO: BLSTMP input lengths: [152]
2018-07-11 13:17:56,965 (e2e_asr_attctc_th:2067) INFO: input lengths: 38
2018-07-11 13:17:56,966 (e2e_asr_attctc_th:2091) INFO: max output length: 38
2018-07-11 13:17:56,966 (e2e_asr_attctc_th:2092) INFO: min output length: 0
2018-07-11 13:17:57,890 (e2e_asr_attctc_th:2199) INFO: end detected at 16
2018-07-11 13:17:57,890 (e2e_asr_attctc_th:2217) INFO: total log probability: -5.8952500429
2018-07-11 13:17:57,890 (e2e_asr_attctc_th:2218) INFO: normalized log probability: -0.535931822082
2018-07-11 13:17:57,891 (asr_pytorch:468) INFO: groundtruth[1501-1_spk_1501_1_033720-033874]: 尻吔迫佬舔<unk>嗷邕謬
2018-07-11 13:17:57,891 (asr_pytorch:469) INFO: prediction [1501-1_spk_1501_1_033720-033874]: 就同翻你舊坐嗰邊嗰<eos>
2018-07-11 13:17:57,899 (e2e_asr_attctc_th:2977) INFO: BLSTMP input lengths: [157]
2018-07-11 13:17:58,094 (e2e_asr_attctc_th:2067) INFO: input lengths: 40
2018-07-11 13:17:58,094 (e2e_asr_attctc_th:2091) INFO: max output length: 40
2018-07-11 13:17:58,094 (e2e_asr_attctc_th:2092) INFO: min output length: 0
2018-07-11 13:17:59,269 (e2e_asr_attctc_th:2199) INFO: end detected at 19
2018-07-11 13:17:59,269 (e2e_asr_attctc_th:2217) INFO: total log probability: -15.4257921204
2018-07-11 13:17:59,269 (e2e_asr_attctc_th:2218) INFO: normalized log probability: -1.10184229431
2018-07-11 13:17:59,270 (asr_pytorch:468) INFO: groundtruth[4_spk_4_016926-017085]: 唪俏呈嗷倔ETTW黴樺䦕呈煉得
2018-07-11 13:17:59,270 (asr_pytorch:469) INFO: prediction [4_spk_4_016926-017085]: 咪係一個APS點樣白藝噶<eos>
2018-07-11 13:17:59,277 (e2e_asr_attctc_th:2977) INFO: BLSTMP input lengths: [128]
2018-07-11 13:17:59,450 (e2e_asr_attctc_th:2067) INFO: input lengths: 32
2018-07-11 13:17:59,450 (e2e_asr_attctc_th:2091) INFO: max output length: 32
2018-07-11 13:17:59,450 (e2e_asr_attctc_th:2092) INFO: min output length: 0
2018-07-11 13:18:00,533 (e2e_asr_attctc_th:2199) INFO: end detected at 19
2018-07-11 13:18:00,533 (e2e_asr_attctc_th:2217) INFO: total log probability: -9.35612521041
2018-07-11 13:18:00,533 (e2e_asr_attctc_th:2218) INFO: normalized log probability: -0.668294657887
2018-07-11 13:18:00,534 (asr_pytorch:468) INFO: groundtruth[4_spk_4_012301-012431]: 佬俏咱唪俏扚哲倔霆誅諛啞
2018-07-11 13:18:00,534 (asr_pytorch:469) INFO: prediction [4_spk_4_012301-012431]: 你係咪唔係打俾個電話啫問<eos>
2018-07-11 13:18:00,541 (e2e_asr_attctc_th:2977) INFO: BLSTMP input lengths: [198]
2018-07-11 13:18:00,801 (e2e_asr_attctc_th:2067) INFO: input lengths: 50
2018-07-11 13:18:00,802 (e2e_asr_attctc_th:2091) INFO: max output length: 50
2018-07-11 13:18:00,802 (e2e_asr_attctc_th:2092) INFO: min output length: 0
2018-07-11 13:18:02,060 (e2e_asr_attctc_th:2199) INFO: end detected at 19
2018-07-11 13:18:02,060 (e2e_asr_attctc_th:2217) INFO: total log probability: -11.576759968
2018-07-11 13:18:02,060 (e2e_asr_attctc_th:2218) INFO: normalized log probability: -0.826911426282
2018-07-11 13:18:02,061 (asr_pytorch:468) INFO: groundtruth[1503-1_spk_1503_1_036844-037044]: 俏啯冏鍋服俢隨啼囖呯倔尻
2018-07-11 13:18:02,061 (asr_pytorch:469) INFO: prediction [1503-1_spk_1503_1_036844-037044]: 係啦我實活早上啲咯你覺得<eos>
# Accounting: time=290 threads=1
# Ended (code 0) at Wed Jul 11 13:18:02 HKT 2018, elapsed time 290 seconds
