# asr_recog.py --ngpu 0 --backend pytorch --recog-json smartone_data/smartone_kaldi/split32utt/data.13.json --result-label smartone_data/baseline/decode/data.13.json --model smartone_data/baseline/model.acc.best --model-conf smartone_data/baseline/model.conf --beam-size 20 --penalty 0.0 --maxlenratio 0.0 --minlenratio 0.0 --ctc-weight 0.3 
# Started at Wed Jul 11 13:13:12 HKT 2018
#
2018-07-11 13:13:12,986 (asr_recog:110) INFO: python path = /home/lahiru/Devinstalls/espnet_new/espnet/egs/domain_adaptation_cantonese/asr5/../../../src/lm/:/home/lahiru/Devinstalls/espnet_new/espnet/egs/domain_adaptation_cantonese/asr5/../../../src/asr/:/home/lahiru/Devinstalls/espnet_new/espnet/egs/domain_adaptation_cantonese/asr5/../../../src/nets/:/home/lahiru/Devinstalls/espnet_new/espnet/egs/domain_adaptation_cantonese/asr5/../../../src/utils/:/home/lahiru/Devinstalls/espnet_new/espnet/egs/domain_adaptation_cantonese/asr5/../../../src/bin/:/home/lahiru/Devinstalls/espnet_new/espnet/egs/domain_adaptation_cantonese/asr5/../../../src/lm/:/home/lahiru/Devinstalls/espnet_new/espnet/egs/domain_adaptation_cantonese/asr5/../../../src/asr/:/home/lahiru/Devinstalls/espnet_new/espnet/egs/domain_adaptation_cantonese/asr5/../../../src/nets/:/home/lahiru/Devinstalls/espnet_new/espnet/egs/domain_adaptation_cantonese/asr5/../../../src/utils/:/home/lahiru/Devinstalls/espnet_new/espnet/egs/domain_adaptation_cantonese/asr5/../../../src/bin/:
2018-07-11 13:13:12,986 (asr_recog:115) INFO: set random seed = 1
2018-07-11 13:13:12,986 (asr_recog:118) INFO: backend = pytorch
2018-07-11 13:13:13,693 (asr_pytorch:393) INFO: reading a model config file fromsmartone_data/baseline/model.conf
2018-07-11 13:13:13,723 (asr_pytorch:397) INFO: ARGS: backend: pytorch
2018-07-11 13:13:13,723 (asr_pytorch:397) INFO: ARGS: beam_size: 20
2018-07-11 13:13:13,723 (asr_pytorch:397) INFO: ARGS: ctc_weight: 0.3
2018-07-11 13:13:13,723 (asr_pytorch:397) INFO: ARGS: da: 0
2018-07-11 13:13:13,723 (asr_pytorch:397) INFO: ARGS: daconfig: 3
2018-07-11 13:13:13,723 (asr_pytorch:397) INFO: ARGS: datype: bias
2018-07-11 13:13:13,723 (asr_pytorch:397) INFO: ARGS: debugmode: 1
2018-07-11 13:13:13,723 (asr_pytorch:397) INFO: ARGS: gpu: None
2018-07-11 13:13:13,723 (asr_pytorch:397) INFO: ARGS: lm_weight: 0.1
2018-07-11 13:13:13,723 (asr_pytorch:397) INFO: ARGS: maxlenratio: 0.0
2018-07-11 13:13:13,723 (asr_pytorch:397) INFO: ARGS: minlenratio: 0.0
2018-07-11 13:13:13,723 (asr_pytorch:397) INFO: ARGS: model: smartone_data/baseline/model.acc.best
2018-07-11 13:13:13,723 (asr_pytorch:397) INFO: ARGS: model_conf: smartone_data/baseline/model.conf
2018-07-11 13:13:13,724 (asr_pytorch:397) INFO: ARGS: nbest: 1
2018-07-11 13:13:13,724 (asr_pytorch:397) INFO: ARGS: ngpu: 0
2018-07-11 13:13:13,724 (asr_pytorch:397) INFO: ARGS: penalty: 0.0
2018-07-11 13:13:13,724 (asr_pytorch:397) INFO: ARGS: recog_feat: None
2018-07-11 13:13:13,724 (asr_pytorch:397) INFO: ARGS: recog_json: smartone_data/smartone_kaldi/split32utt/data.13.json
2018-07-11 13:13:13,724 (asr_pytorch:397) INFO: ARGS: recog_label: None
2018-07-11 13:13:13,724 (asr_pytorch:397) INFO: ARGS: result_label: smartone_data/baseline/decode/data.13.json
2018-07-11 13:13:13,724 (asr_pytorch:397) INFO: ARGS: rnnlm: None
2018-07-11 13:13:13,724 (asr_pytorch:397) INFO: ARGS: seed: 1
2018-07-11 13:13:13,724 (asr_pytorch:397) INFO: ARGS: verbose: 1
2018-07-11 13:13:13,724 (asr_pytorch:397) INFO: ARGS: word_dict: None
2018-07-11 13:13:13,724 (asr_pytorch:397) INFO: ARGS: word_rnnlm: None
2018-07-11 13:13:13,724 (asr_pytorch:400) INFO: reading model parameters fromsmartone_data/baseline/model.acc.best
2018-07-11 13:13:13,725 (e2e_asr_attctc_th:184) INFO: subsample: 1 2 2 1 1
2018-07-11 13:13:13,814 (e2e_asr_attctc_th:2317) INFO: BLSTM with every-layer projection for encoder
2018-07-11 13:13:16,009 (e2e_asr_attctc_th:2977) INFO: BLSTMP input lengths: [202]
2018-07-11 13:13:16,404 (e2e_asr_attctc_th:2067) INFO: input lengths: 51
2018-07-11 13:13:16,405 (e2e_asr_attctc_th:2091) INFO: max output length: 51
2018-07-11 13:13:16,405 (e2e_asr_attctc_th:2092) INFO: min output length: 0
2018-07-11 13:13:17,472 (e2e_asr_attctc_th:2199) INFO: end detected at 10
2018-07-11 13:13:17,473 (e2e_asr_attctc_th:2217) INFO: total log probability: -3.94364488125
2018-07-11 13:13:17,473 (e2e_asr_attctc_th:2218) INFO: normalized log probability: -0.985911220312
2018-07-11 13:13:17,475 (asr_pytorch:468) INFO: groundtruth[1505-1_spk_1505_1_046754-046958]: 俏嗶唄
2018-07-11 13:13:17,475 (asr_pytorch:469) INFO: prediction [1505-1_spk_1505_1_046754-046958]: 係啊<eos>
2018-07-11 13:13:17,490 (e2e_asr_attctc_th:2977) INFO: BLSTMP input lengths: [202]
2018-07-11 13:13:18,025 (e2e_asr_attctc_th:2067) INFO: input lengths: 51
2018-07-11 13:13:18,025 (e2e_asr_attctc_th:2091) INFO: max output length: 51
2018-07-11 13:13:18,025 (e2e_asr_attctc_th:2092) INFO: min output length: 0
2018-07-11 13:13:20,194 (e2e_asr_attctc_th:2199) INFO: end detected at 15
2018-07-11 13:13:20,194 (e2e_asr_attctc_th:2217) INFO: total log probability: -12.0129851401
2018-07-11 13:13:20,195 (e2e_asr_attctc_th:2218) INFO: normalized log probability: -1.33477612668
2018-07-11 13:13:20,196 (asr_pytorch:468) INFO: groundtruth[12_spk_12_063279-063483]: 間姓嗷啼
2018-07-11 13:13:20,196 (asr_pytorch:469) INFO: prediction [12_spk_12_063279-063483]: 定牛街嗰啲有冇<eos>
2018-07-11 13:13:20,211 (e2e_asr_attctc_th:2977) INFO: BLSTMP input lengths: [198]
2018-07-11 13:13:20,799 (e2e_asr_attctc_th:2067) INFO: input lengths: 50
2018-07-11 13:13:20,800 (e2e_asr_attctc_th:2091) INFO: max output length: 50
2018-07-11 13:13:20,801 (e2e_asr_attctc_th:2092) INFO: min output length: 0
2018-07-11 13:13:22,279 (e2e_asr_attctc_th:2199) INFO: end detected at 13
2018-07-11 13:13:22,280 (e2e_asr_attctc_th:2217) INFO: total log probability: -5.75540314056
2018-07-11 13:13:22,280 (e2e_asr_attctc_th:2218) INFO: normalized log probability: -0.63948923784
2018-07-11 13:13:22,281 (asr_pytorch:468) INFO: groundtruth[12_spk_12_039064-039264]: 俏啖嗺囹烕戛址
2018-07-11 13:13:22,281 (asr_pytorch:469) INFO: prediction [12_spk_12_039064-039264]: 係啊正常咯想瞭<eos>
2018-07-11 13:13:22,289 (e2e_asr_attctc_th:2977) INFO: BLSTMP input lengths: [96]
2018-07-11 13:13:22,460 (e2e_asr_attctc_th:2067) INFO: input lengths: 24
2018-07-11 13:13:22,461 (e2e_asr_attctc_th:2091) INFO: max output length: 24
2018-07-11 13:13:22,461 (e2e_asr_attctc_th:2092) INFO: min output length: 0
2018-07-11 13:13:23,333 (e2e_asr_attctc_th:2199) INFO: end detected at 11
2018-07-11 13:13:23,333 (e2e_asr_attctc_th:2217) INFO: total log probability: -3.35317355022
2018-07-11 13:13:23,333 (e2e_asr_attctc_th:2218) INFO: normalized log probability: -0.55886225837
2018-07-11 13:13:23,335 (asr_pytorch:468) INFO: groundtruth[8_spk_8_026532-026630]: 咋住俏妍枱叄
2018-07-11 13:13:23,335 (asr_pytorch:469) INFO: prediction [8_spk_8_026532-026630]: 咁睇齣事<eos>
2018-07-11 13:13:23,343 (e2e_asr_attctc_th:2977) INFO: BLSTMP input lengths: [108]
2018-07-11 13:13:23,540 (e2e_asr_attctc_th:2067) INFO: input lengths: 27
2018-07-11 13:13:23,540 (e2e_asr_attctc_th:2091) INFO: max output length: 27
2018-07-11 13:13:23,540 (e2e_asr_attctc_th:2092) INFO: min output length: 0
2018-07-11 13:13:25,072 (e2e_asr_attctc_th:2199) INFO: end detected at 15
2018-07-11 13:13:25,072 (e2e_asr_attctc_th:2217) INFO: total log probability: -15.2776851654
2018-07-11 13:13:25,072 (e2e_asr_attctc_th:2218) INFO: normalized log probability: -1.69752057393
2018-07-11 13:13:25,073 (asr_pytorch:468) INFO: groundtruth[4_spk_4_020466-020576]: 戛耗<unk>巾綪WIRH咩
2018-07-11 13:13:25,073 (asr_pytorch:469) INFO: prediction [4_spk_4_020466-020576]: 佢以為唔係落去<eos>
2018-07-11 13:13:25,082 (e2e_asr_attctc_th:2977) INFO: BLSTMP input lengths: [309]
2018-07-11 13:13:25,590 (e2e_asr_attctc_th:2067) INFO: input lengths: 78
2018-07-11 13:13:25,590 (e2e_asr_attctc_th:2091) INFO: max output length: 78
2018-07-11 13:13:25,590 (e2e_asr_attctc_th:2092) INFO: min output length: 0
2018-07-11 13:13:29,287 (e2e_asr_attctc_th:2206) INFO: no hypothesis. Finish decoding.
2018-07-11 13:13:29,287 (e2e_asr_attctc_th:2217) INFO: total log probability: -12.0827265894
2018-07-11 13:13:29,288 (e2e_asr_attctc_th:2218) INFO: normalized log probability: -0.60413632947
2018-07-11 13:13:29,289 (asr_pytorch:468) INFO: groundtruth[4_spk_4_059484-059795]: 尻B卿俏戛員嘍漳遏斌擢兒服甩用賀由嘍
2018-07-11 13:13:29,289 (asr_pytorch:469) INFO: prediction [4_spk_4_059484-059795]: 到誒即係我哋嘅賣又數據將個散心貴用嘅<eos>
2018-07-11 13:13:29,309 (e2e_asr_attctc_th:2977) INFO: BLSTMP input lengths: [742]
2018-07-11 13:13:31,011 (e2e_asr_attctc_th:2067) INFO: input lengths: 186
2018-07-11 13:13:31,011 (e2e_asr_attctc_th:2091) INFO: max output length: 186
2018-07-11 13:13:31,012 (e2e_asr_attctc_th:2092) INFO: min output length: 0
2018-07-11 13:13:41,389 (e2e_asr_attctc_th:2206) INFO: no hypothesis. Finish decoding.
2018-07-11 13:13:41,389 (e2e_asr_attctc_th:2217) INFO: total log probability: -20.4808399917
2018-07-11 13:13:41,389 (e2e_asr_attctc_th:2218) INFO: normalized log probability: -0.487639047422
2018-07-11 13:13:41,390 (asr_pytorch:468) INFO: groundtruth[1505-1_spk_1505_1_075598-076342]: 咋妍枱佬誅眯俏見B由考三啼毯輓妊位乒剛嗷啼啯TSOIQSRKS嗷啼啯咋佬尻眯俏見NSMR考呯啼TPER
2018-07-11 13:13:41,390 (asr_pytorch:469) INFO: prediction [1505-1_spk_1505_1_075598-076342]: 等唔講你話真係要誒用翻一啲比較好似之前嗰啲啦屋企芒果護啲啦咁你就真係要再翻嚟其實<eos>
2018-07-11 13:13:41,398 (e2e_asr_attctc_th:2977) INFO: BLSTMP input lengths: [109]
2018-07-11 13:13:41,578 (e2e_asr_attctc_th:2067) INFO: input lengths: 28
2018-07-11 13:13:41,578 (e2e_asr_attctc_th:2091) INFO: max output length: 28
2018-07-11 13:13:41,578 (e2e_asr_attctc_th:2092) INFO: min output length: 0
2018-07-11 13:13:42,517 (e2e_asr_attctc_th:2199) INFO: end detected at 11
2018-07-11 13:13:42,517 (e2e_asr_attctc_th:2217) INFO: total log probability: -2.25756358355
2018-07-11 13:13:42,517 (e2e_asr_attctc_th:2218) INFO: normalized log probability: -0.322509083365
2018-07-11 13:13:42,518 (asr_pytorch:468) INFO: groundtruth[1502-1_spk_1502_1_020077-020188]: 淮俏肇佰謬
2018-07-11 13:13:42,518 (asr_pytorch:469) INFO: prediction [1502-1_spk_1502_1_020077-020188]: 定係聽佢講<eos>
2018-07-11 13:13:42,527 (e2e_asr_attctc_th:2977) INFO: BLSTMP input lengths: [278]
2018-07-11 13:13:42,923 (e2e_asr_attctc_th:2067) INFO: input lengths: 70
2018-07-11 13:13:42,923 (e2e_asr_attctc_th:2091) INFO: max output length: 70
2018-07-11 13:13:42,923 (e2e_asr_attctc_th:2092) INFO: min output length: 0
2018-07-11 13:13:45,797 (e2e_asr_attctc_th:2206) INFO: no hypothesis. Finish decoding.
2018-07-11 13:13:45,797 (e2e_asr_attctc_th:2217) INFO: total log probability: -10.2254081191
2018-07-11 13:13:45,797 (e2e_asr_attctc_th:2218) INFO: normalized log probability: -0.511270405957
2018-07-11 13:13:45,798 (asr_pytorch:468) INFO: groundtruth[1501-1_spk_1501_1_067172-067452]: 尋戛員吔井序晏服旅俊迫逆彈WMQ危毯佬
2018-07-11 13:13:45,799 (asr_pytorch:469) INFO: prediction [1501-1_spk_1501_1_067172-067452]: 即係我哋同事幾時會方便翻送咗先卡俾啫<eos>
2018-07-11 13:13:45,814 (e2e_asr_attctc_th:2977) INFO: BLSTMP input lengths: [143]
2018-07-11 13:13:46,294 (e2e_asr_attctc_th:2067) INFO: input lengths: 36
2018-07-11 13:13:46,295 (e2e_asr_attctc_th:2091) INFO: max output length: 36
2018-07-11 13:13:46,295 (e2e_asr_attctc_th:2092) INFO: min output length: 0
2018-07-11 13:13:48,437 (e2e_asr_attctc_th:2206) INFO: no hypothesis. Finish decoding.
2018-07-11 13:13:48,438 (e2e_asr_attctc_th:2217) INFO: total log probability: -8.75578192482
2018-07-11 13:13:48,438 (e2e_asr_attctc_th:2218) INFO: normalized log probability: -0.673521686524
2018-07-11 13:13:48,439 (asr_pytorch:468) INFO: groundtruth[4_spk_4_012693-012838]: B妍枱佬柳詫EGGSYRX嘍誅呯
2018-07-11 13:13:48,440 (asr_pytorch:469) INFO: prediction [4_spk_4_012693-012838]: 又如果你就相啊卡嘅話嘞<eos>
2018-07-11 13:13:48,457 (e2e_asr_attctc_th:2977) INFO: BLSTMP input lengths: [380]
2018-07-11 13:13:49,577 (e2e_asr_attctc_th:2067) INFO: input lengths: 95
2018-07-11 13:13:49,577 (e2e_asr_attctc_th:2091) INFO: max output length: 95
2018-07-11 13:13:49,578 (e2e_asr_attctc_th:2092) INFO: min output length: 0
2018-07-11 13:13:52,453 (e2e_asr_attctc_th:2199) INFO: end detected at 21
2018-07-11 13:13:52,453 (e2e_asr_attctc_th:2217) INFO: total log probability: -19.7338852864
2018-07-11 13:13:52,453 (e2e_asr_attctc_th:2218) INFO: normalized log probability: -1.16081678155
2018-07-11 13:13:52,454 (asr_pytorch:468) INFO: groundtruth[1504-1_spk_1504_1_020126-020508]: 嗶剛嗷掙咱塊素鄔皂曳啯蘸枱旬塊
2018-07-11 13:13:52,454 (asr_pytorch:469) INFO: prediction [1504-1_spk_1504_1_020126-020508]: 錢前嗰排咪要求主身曬啦成個有冇<eos>
2018-07-11 13:13:52,462 (e2e_asr_attctc_th:2977) INFO: BLSTMP input lengths: [103]
2018-07-11 13:13:52,673 (e2e_asr_attctc_th:2067) INFO: input lengths: 26
2018-07-11 13:13:52,673 (e2e_asr_attctc_th:2091) INFO: max output length: 26
2018-07-11 13:13:52,673 (e2e_asr_attctc_th:2092) INFO: min output length: 0
2018-07-11 13:13:53,274 (e2e_asr_attctc_th:2199) INFO: end detected at 9
2018-07-11 13:13:53,274 (e2e_asr_attctc_th:2217) INFO: total log probability: -0.760452210903
2018-07-11 13:13:53,275 (e2e_asr_attctc_th:2218) INFO: normalized log probability: -0.253484070301
2018-07-11 13:13:53,276 (asr_pytorch:468) INFO: groundtruth[1505-1_spk_1505_1_029867-029972]: 喵
2018-07-11 13:13:53,276 (asr_pytorch:469) INFO: prediction [1505-1_spk_1505_1_029867-029972]: 得<eos>
2018-07-11 13:13:53,285 (e2e_asr_attctc_th:2977) INFO: BLSTMP input lengths: [306]
2018-07-11 13:13:53,773 (e2e_asr_attctc_th:2067) INFO: input lengths: 77
2018-07-11 13:13:53,773 (e2e_asr_attctc_th:2091) INFO: max output length: 77
2018-07-11 13:13:53,773 (e2e_asr_attctc_th:2092) INFO: min output length: 0
2018-07-11 13:13:56,577 (e2e_asr_attctc_th:2199) INFO: end detected at 22
2018-07-11 13:13:56,577 (e2e_asr_attctc_th:2217) INFO: total log probability: -16.5746494308
2018-07-11 13:13:56,577 (e2e_asr_attctc_th:2218) INFO: normalized log probability: -0.974979378283
2018-07-11 13:13:56,579 (asr_pytorch:468) INFO: groundtruth[12_spk_12_054652-054960]: 服跨考佬宥<unk>嗷伍<unk>紋叄街嘍劑尖姚
2018-07-11 13:13:56,579 (asr_pytorch:469) INFO: prediction [12_spk_12_054652-054960]: 活真真你而傢三分閤去行街或者姐<eos>
2018-07-11 13:13:56,587 (e2e_asr_attctc_th:2977) INFO: BLSTMP input lengths: [198]
2018-07-11 13:13:56,909 (e2e_asr_attctc_th:2067) INFO: input lengths: 50
2018-07-11 13:13:56,910 (e2e_asr_attctc_th:2091) INFO: max output length: 50
2018-07-11 13:13:56,910 (e2e_asr_attctc_th:2092) INFO: min output length: 0
2018-07-11 13:13:58,843 (e2e_asr_attctc_th:2199) INFO: end detected at 18
2018-07-11 13:13:58,844 (e2e_asr_attctc_th:2217) INFO: total log probability: -6.31527701765
2018-07-11 13:13:58,844 (e2e_asr_attctc_th:2218) INFO: normalized log probability: -0.526273084804
2018-07-11 13:13:58,845 (asr_pytorch:468) INFO: groundtruth[1502-2_spk_1502_2_090974-091174]: 佰服吔佬號琛迫妊哈佰嘍
2018-07-11 13:13:58,845 (asr_pytorch:469) INFO: prediction [1502-2_spk_1502_2_090974-091174]: 佢會同你處理翻好曬佢<eos>
2018-07-11 13:13:58,853 (e2e_asr_attctc_th:2977) INFO: BLSTMP input lengths: [82]
2018-07-11 13:13:59,001 (e2e_asr_attctc_th:2067) INFO: input lengths: 21
2018-07-11 13:13:59,001 (e2e_asr_attctc_th:2091) INFO: max output length: 21
2018-07-11 13:13:59,001 (e2e_asr_attctc_th:2092) INFO: min output length: 0
2018-07-11 13:13:59,675 (e2e_asr_attctc_th:2199) INFO: end detected at 7
2018-07-11 13:13:59,675 (e2e_asr_attctc_th:2217) INFO: total log probability: -0.0920713339001
2018-07-11 13:13:59,675 (e2e_asr_attctc_th:2218) INFO: normalized log probability: -0.0306904446334
2018-07-11 13:13:59,677 (asr_pytorch:468) INFO: groundtruth[1504-2_spk_1504_2_069764-069848]: 啖
2018-07-11 13:13:59,678 (asr_pytorch:469) INFO: prediction [1504-2_spk_1504_2_069764-069848]: 啊<eos>
2018-07-11 13:13:59,695 (e2e_asr_attctc_th:2977) INFO: BLSTMP input lengths: [70]
2018-07-11 13:13:59,916 (e2e_asr_attctc_th:2067) INFO: input lengths: 18
2018-07-11 13:13:59,917 (e2e_asr_attctc_th:2091) INFO: max output length: 18
2018-07-11 13:13:59,917 (e2e_asr_attctc_th:2092) INFO: min output length: 0
2018-07-11 13:14:00,837 (e2e_asr_attctc_th:2199) INFO: end detected at 8
2018-07-11 13:14:00,838 (e2e_asr_attctc_th:2217) INFO: total log probability: -0.0134331712034
2018-07-11 13:14:00,838 (e2e_asr_attctc_th:2218) INFO: normalized log probability: -0.00335829280084
2018-07-11 13:14:00,841 (asr_pytorch:468) INFO: groundtruth[1504-1_spk_1504_1_058308-058379]: 俏囖
2018-07-11 13:14:00,842 (asr_pytorch:469) INFO: prediction [1504-1_spk_1504_1_058308-058379]: 係咯<eos>
2018-07-11 13:14:00,858 (e2e_asr_attctc_th:2977) INFO: BLSTMP input lengths: [484]
2018-07-11 13:14:02,284 (e2e_asr_attctc_th:2067) INFO: input lengths: 121
2018-07-11 13:14:02,285 (e2e_asr_attctc_th:2091) INFO: max output length: 121
2018-07-11 13:14:02,285 (e2e_asr_attctc_th:2092) INFO: min output length: 0
2018-07-11 13:14:06,948 (e2e_asr_attctc_th:2199) INFO: end detected at 27
2018-07-11 13:14:06,948 (e2e_asr_attctc_th:2217) INFO: total log probability: -21.0604025032
2018-07-11 13:14:06,948 (e2e_asr_attctc_th:2218) INFO: normalized log probability: -0.957291022874
2018-07-11 13:14:06,949 (asr_pytorch:468) INFO: groundtruth[1504-2_spk_1504_2_102372-102858]: 丕誅咋戛諦何<unk>郷W8舔嗷倔WEQWYRK唪見啯
2018-07-11 13:14:06,950 (asr_pytorch:469) INFO: prediction [1504-2_spk_1504_2_102372-102858]: 啊咁我諗著啫喎誒SA白白啦我想唔想唔要啦<eos>
2018-07-11 13:14:06,959 (e2e_asr_attctc_th:2977) INFO: BLSTMP input lengths: [420]
2018-07-11 13:14:07,603 (e2e_asr_attctc_th:2067) INFO: input lengths: 105
2018-07-11 13:14:07,604 (e2e_asr_attctc_th:2091) INFO: max output length: 105
2018-07-11 13:14:07,604 (e2e_asr_attctc_th:2092) INFO: min output length: 0
2018-07-11 13:14:13,725 (e2e_asr_attctc_th:2199) INFO: end detected at 34
2018-07-11 13:14:13,726 (e2e_asr_attctc_th:2217) INFO: total log probability: -11.670879567
2018-07-11 13:14:13,726 (e2e_asr_attctc_th:2218) INFO: normalized log probability: -0.432254798779
2018-07-11 13:14:13,728 (asr_pytorch:468) INFO: groundtruth[1504-1_spk_1504_1_104466-104888]: 妊戛扚迫侶倔寒霆誅朕冏啞顔吟扚迫佬96109082侶倔蚊磋
2018-07-11 13:14:13,729 (asr_pytorch:469) INFO: prediction [1504-1_spk_1504_1_104466-104888]: 我打翻呢個問電話冇問題啊打翻嚟九六一零酒零八二個嘛<eos>
2018-07-11 13:14:13,745 (e2e_asr_attctc_th:2977) INFO: BLSTMP input lengths: [298]
2018-07-11 13:14:14,441 (e2e_asr_attctc_th:2067) INFO: input lengths: 75
2018-07-11 13:14:14,441 (e2e_asr_attctc_th:2091) INFO: max output length: 75
2018-07-11 13:14:14,442 (e2e_asr_attctc_th:2092) INFO: min output length: 0
2018-07-11 13:14:18,344 (e2e_asr_attctc_th:2199) INFO: end detected at 22
2018-07-11 13:14:18,345 (e2e_asr_attctc_th:2217) INFO: total log probability: -19.5873022452
2018-07-11 13:14:18,345 (e2e_asr_attctc_th:2218) INFO: normalized log probability: -1.39909301751
2018-07-11 13:14:18,348 (asr_pytorch:468) INFO: groundtruth[3_spk_3_012325-012625]: B窈氯囤<unk>
2018-07-11 13:14:18,348 (asr_pytorch:469) INFO: prediction [3_spk_3_012325-012625]: 上埋單裝壽真係好似唔好似<eos>
2018-07-11 13:14:18,364 (e2e_asr_attctc_th:2977) INFO: BLSTMP input lengths: [198]
2018-07-11 13:14:18,934 (e2e_asr_attctc_th:2067) INFO: input lengths: 50
2018-07-11 13:14:18,935 (e2e_asr_attctc_th:2091) INFO: max output length: 50
2018-07-11 13:14:18,935 (e2e_asr_attctc_th:2092) INFO: min output length: 0
2018-07-11 13:14:21,804 (e2e_asr_attctc_th:2199) INFO: end detected at 19
2018-07-11 13:14:21,805 (e2e_asr_attctc_th:2217) INFO: total log probability: -16.2426574677
2018-07-11 13:14:21,805 (e2e_asr_attctc_th:2218) INFO: normalized log probability: -1.24943518982
2018-07-11 13:14:21,808 (asr_pytorch:468) INFO: groundtruth[1504-1_spk_1504_1_106304-106504]: 鄔俏毯閊希幺旨嗷邕旨誅尻
2018-07-11 13:14:21,808 (asr_pytorch:469) INFO: prediction [1504-1_spk_1504_1_106304-106504]: 大概門師便養嗰邊噶話就<eos>
2018-07-11 13:14:21,823 (e2e_asr_attctc_th:2977) INFO: BLSTMP input lengths: [198]
2018-07-11 13:14:22,284 (e2e_asr_attctc_th:2067) INFO: input lengths: 50
2018-07-11 13:14:22,284 (e2e_asr_attctc_th:2091) INFO: max output length: 50
2018-07-11 13:14:22,285 (e2e_asr_attctc_th:2092) INFO: min output length: 0
2018-07-11 13:14:25,607 (e2e_asr_attctc_th:2199) INFO: end detected at 22
2018-07-11 13:14:25,607 (e2e_asr_attctc_th:2217) INFO: total log probability: -7.72789004212
2018-07-11 13:14:25,607 (e2e_asr_attctc_th:2218) INFO: normalized log probability: -0.454581767184
2018-07-11 13:14:25,609 (asr_pytorch:468) INFO: groundtruth[1501-1_spk_1501_1_045326-045526]: 鄔俏戛員WQEXSRI杉郷哦巫嚦嘍
2018-07-11 13:14:25,609 (asr_pytorch:469) INFO: prediction [1501-1_spk_1501_1_045326-045526]: 都係我哋SMAT都本部如果係嘅<eos>
2018-07-11 13:14:25,618 (e2e_asr_attctc_th:2977) INFO: BLSTMP input lengths: [198]
2018-07-11 13:14:25,897 (e2e_asr_attctc_th:2067) INFO: input lengths: 50
2018-07-11 13:14:25,898 (e2e_asr_attctc_th:2091) INFO: max output length: 50
2018-07-11 13:14:25,898 (e2e_asr_attctc_th:2092) INFO: min output length: 0
2018-07-11 13:14:27,080 (e2e_asr_attctc_th:2199) INFO: end detected at 12
2018-07-11 13:14:27,081 (e2e_asr_attctc_th:2217) INFO: total log probability: -7.61437785625
2018-07-11 13:14:27,081 (e2e_asr_attctc_th:2218) INFO: normalized log probability: -1.26906297604
2018-07-11 13:14:27,083 (asr_pytorch:468) INFO: groundtruth[1501-1_spk_1501_1_047013-047213]: 夭域嗷邕
2018-07-11 13:14:27,083 (asr_pytorch:469) INFO: prediction [1501-1_spk_1501_1_047013-047213]: 大科O邊<eos>
2018-07-11 13:14:27,091 (e2e_asr_attctc_th:2977) INFO: BLSTMP input lengths: [91]
2018-07-11 13:14:27,279 (e2e_asr_attctc_th:2067) INFO: input lengths: 23
2018-07-11 13:14:27,279 (e2e_asr_attctc_th:2091) INFO: max output length: 23
2018-07-11 13:14:27,279 (e2e_asr_attctc_th:2092) INFO: min output length: 0
2018-07-11 13:14:28,302 (e2e_asr_attctc_th:2199) INFO: end detected at 11
2018-07-11 13:14:28,303 (e2e_asr_attctc_th:2217) INFO: total log probability: -6.06647922844
2018-07-11 13:14:28,303 (e2e_asr_attctc_th:2218) INFO: normalized log probability: -1.01107987141
2018-07-11 13:14:28,304 (asr_pytorch:468) INFO: groundtruth[9_spk_9_027632-027725]: SO
2018-07-11 13:14:28,305 (asr_pytorch:469) INFO: prediction [9_spk_9_027632-027725]: 跟著我聽<eos>
2018-07-11 13:14:28,319 (e2e_asr_attctc_th:2977) INFO: BLSTMP input lengths: [198]
2018-07-11 13:14:28,645 (e2e_asr_attctc_th:2067) INFO: input lengths: 50
2018-07-11 13:14:28,646 (e2e_asr_attctc_th:2091) INFO: max output length: 50
2018-07-11 13:14:28,646 (e2e_asr_attctc_th:2092) INFO: min output length: 0
2018-07-11 13:14:29,825 (e2e_asr_attctc_th:2206) INFO: no hypothesis. Finish decoding.
2018-07-11 13:14:29,826 (e2e_asr_attctc_th:2217) INFO: total log probability: -2.4151473213
2018-07-11 13:14:29,826 (e2e_asr_attctc_th:2218) INFO: normalized log probability: -0.201262276775
2018-07-11 13:14:29,826 (asr_pytorch:468) INFO: groundtruth[1502-2_spk_1502_2_044577-044777]: 佰耗<unk>側迫鄔見佬宣億
2018-07-11 13:14:29,826 (asr_pytorch:469) INFO: prediction [1502-2_spk_1502_2_044577-044777]: 我而傢早翻都要你定噶<eos>
2018-07-11 13:14:29,834 (e2e_asr_attctc_th:2977) INFO: BLSTMP input lengths: [193]
2018-07-11 13:14:30,114 (e2e_asr_attctc_th:2067) INFO: input lengths: 49
2018-07-11 13:14:30,114 (e2e_asr_attctc_th:2091) INFO: max output length: 49
2018-07-11 13:14:30,115 (e2e_asr_attctc_th:2092) INFO: min output length: 0
2018-07-11 13:14:31,827 (e2e_asr_attctc_th:2199) INFO: end detected at 18
2018-07-11 13:14:31,827 (e2e_asr_attctc_th:2217) INFO: total log probability: -4.85644158907
2018-07-11 13:14:31,827 (e2e_asr_attctc_th:2218) INFO: normalized log probability: -0.373572429929
2018-07-11 13:14:31,828 (asr_pytorch:468) INFO: groundtruth[1502-2_spk_1502_2_077325-077520]: 丐倔朔公嘍朕敖址坐譚昕
2018-07-11 13:14:31,828 (asr_pytorch:469) INFO: prediction [1502-2_spk_1502_2_077325-077520]: 三個月內嘅有效地之性未<eos>
2018-07-11 13:14:31,836 (e2e_asr_attctc_th:2977) INFO: BLSTMP input lengths: [40]
2018-07-11 13:14:31,907 (e2e_asr_attctc_th:2067) INFO: input lengths: 10
2018-07-11 13:14:31,908 (e2e_asr_attctc_th:2091) INFO: max output length: 10
2018-07-11 13:14:31,908 (e2e_asr_attctc_th:2092) INFO: min output length: 0
2018-07-11 13:14:32,330 (e2e_asr_attctc_th:2199) INFO: end detected at 7
2018-07-11 13:14:32,331 (e2e_asr_attctc_th:2217) INFO: total log probability: -0.0194297966082
2018-07-11 13:14:32,331 (e2e_asr_attctc_th:2218) INFO: normalized log probability: -0.00647659886939
2018-07-11 13:14:32,332 (asr_pytorch:468) INFO: groundtruth[1503-2_spk_1503_2_020710-020752]: 嗶
2018-07-11 13:14:32,332 (asr_pytorch:469) INFO: prediction [1503-2_spk_1503_2_020710-020752]: 嗯<eos>
2018-07-11 13:14:32,339 (e2e_asr_attctc_th:2977) INFO: BLSTMP input lengths: [39]
2018-07-11 13:14:32,409 (e2e_asr_attctc_th:2067) INFO: input lengths: 10
2018-07-11 13:14:32,409 (e2e_asr_attctc_th:2091) INFO: max output length: 10
2018-07-11 13:14:32,409 (e2e_asr_attctc_th:2092) INFO: min output length: 0
2018-07-11 13:14:32,777 (e2e_asr_attctc_th:2199) INFO: end detected at 7
2018-07-11 13:14:32,777 (e2e_asr_attctc_th:2217) INFO: total log probability: -0.0227013956755
2018-07-11 13:14:32,777 (e2e_asr_attctc_th:2218) INFO: normalized log probability: -0.00756713189185
2018-07-11 13:14:32,778 (asr_pytorch:468) INFO: groundtruth[1502-2_spk_1502_2_020299-020340]: 俏
2018-07-11 13:14:32,778 (asr_pytorch:469) INFO: prediction [1502-2_spk_1502_2_020299-020340]: 係<eos>
2018-07-11 13:14:32,786 (e2e_asr_attctc_th:2977) INFO: BLSTMP input lengths: [198]
2018-07-11 13:14:33,074 (e2e_asr_attctc_th:2067) INFO: input lengths: 50
2018-07-11 13:14:33,075 (e2e_asr_attctc_th:2091) INFO: max output length: 50
2018-07-11 13:14:33,075 (e2e_asr_attctc_th:2092) INFO: min output length: 0
2018-07-11 13:14:33,799 (e2e_asr_attctc_th:2199) INFO: end detected at 10
2018-07-11 13:14:33,800 (e2e_asr_attctc_th:2217) INFO: total log probability: -3.28037440777
2018-07-11 13:14:33,800 (e2e_asr_attctc_th:2218) INFO: normalized log probability: -1.09345813592
2018-07-11 13:14:33,801 (asr_pytorch:468) INFO: groundtruth[1501-2_spk_1501_2_029868-030068]: B
2018-07-11 13:14:33,801 (asr_pytorch:469) INFO: prediction [1501-2_spk_1501_2_029868-030068]: 鬧<eos>
2018-07-11 13:14:33,809 (e2e_asr_attctc_th:2977) INFO: BLSTMP input lengths: [74]
2018-07-11 13:14:33,918 (e2e_asr_attctc_th:2067) INFO: input lengths: 19
2018-07-11 13:14:33,919 (e2e_asr_attctc_th:2091) INFO: max output length: 19
2018-07-11 13:14:33,919 (e2e_asr_attctc_th:2092) INFO: min output length: 0
2018-07-11 13:14:34,637 (e2e_asr_attctc_th:2199) INFO: end detected at 11
2018-07-11 13:14:34,637 (e2e_asr_attctc_th:2217) INFO: total log probability: -4.69594801962
2018-07-11 13:14:34,637 (e2e_asr_attctc_th:2218) INFO: normalized log probability: -0.782658003271
2018-07-11 13:14:34,639 (asr_pytorch:468) INFO: groundtruth[1504-1_spk_1504_1_098114-098190]: 哭飪差緣
2018-07-11 13:14:34,639 (asr_pytorch:469) INFO: prediction [1504-1_spk_1504_1_098114-098190]: 哦飛下先<eos>
2018-07-11 13:14:34,647 (e2e_asr_attctc_th:2977) INFO: BLSTMP input lengths: [26]
2018-07-11 13:14:34,711 (e2e_asr_attctc_th:2067) INFO: input lengths: 7
2018-07-11 13:14:34,711 (e2e_asr_attctc_th:2091) INFO: max output length: 7
2018-07-11 13:14:34,711 (e2e_asr_attctc_th:2092) INFO: min output length: 0
2018-07-11 13:14:35,029 (e2e_asr_attctc_th:2180) INFO: adding <eos> in the last postion in the loop
2018-07-11 13:14:35,029 (e2e_asr_attctc_th:2206) INFO: no hypothesis. Finish decoding.
2018-07-11 13:14:35,030 (e2e_asr_attctc_th:2217) INFO: total log probability: -0.0458952107001
2018-07-11 13:14:35,030 (e2e_asr_attctc_th:2218) INFO: normalized log probability: -0.0152984035667
2018-07-11 13:14:35,031 (asr_pytorch:468) INFO: groundtruth[1501-1_spk_1501_1_071217-071245]: 俏
2018-07-11 13:14:35,031 (asr_pytorch:469) INFO: prediction [1501-1_spk_1501_1_071217-071245]: 係<eos>
2018-07-11 13:14:35,044 (e2e_asr_attctc_th:2977) INFO: BLSTMP input lengths: [134]
2018-07-11 13:14:35,292 (e2e_asr_attctc_th:2067) INFO: input lengths: 34
2018-07-11 13:14:35,292 (e2e_asr_attctc_th:2091) INFO: max output length: 34
2018-07-11 13:14:35,292 (e2e_asr_attctc_th:2092) INFO: min output length: 0
2018-07-11 13:14:36,421 (e2e_asr_attctc_th:2199) INFO: end detected at 13
2018-07-11 13:14:36,421 (e2e_asr_attctc_th:2217) INFO: total log probability: -3.24702190561
2018-07-11 13:14:36,421 (e2e_asr_attctc_th:2218) INFO: normalized log probability: -0.360780211735
2018-07-11 13:14:36,423 (asr_pytorch:468) INFO: groundtruth[12_spk_12_061161-061297]: 僑丕卿俏黴
2018-07-11 13:14:36,423 (asr_pytorch:469) INFO: prediction [12_spk_12_061161-061297]: 傾下一係點樣咯<eos>
2018-07-11 13:14:36,434 (e2e_asr_attctc_th:2977) INFO: BLSTMP input lengths: [183]
2018-07-11 13:14:36,845 (e2e_asr_attctc_th:2067) INFO: input lengths: 46
2018-07-11 13:14:36,845 (e2e_asr_attctc_th:2091) INFO: max output length: 46
2018-07-11 13:14:36,846 (e2e_asr_attctc_th:2092) INFO: min output length: 0
2018-07-11 13:14:37,886 (e2e_asr_attctc_th:2199) INFO: end detected at 11
2018-07-11 13:14:37,886 (e2e_asr_attctc_th:2217) INFO: total log probability: -0.386790219694
2018-07-11 13:14:37,886 (e2e_asr_attctc_th:2218) INFO: normalized log probability: -0.0552557456706
2018-07-11 13:14:37,887 (asr_pytorch:468) INFO: groundtruth[1501-1_spk_1501_1_077588-077773]: 俏尻司脇俏
2018-07-11 13:14:37,887 (asr_pytorch:469) INFO: prediction [1501-1_spk_1501_1_077588-077773]: 係就可能去<eos>
2018-07-11 13:14:37,896 (e2e_asr_attctc_th:2977) INFO: BLSTMP input lengths: [292]
2018-07-11 13:14:38,295 (e2e_asr_attctc_th:2067) INFO: input lengths: 73
2018-07-11 13:14:38,295 (e2e_asr_attctc_th:2091) INFO: max output length: 73
2018-07-11 13:14:38,295 (e2e_asr_attctc_th:2092) INFO: min output length: 0
2018-07-11 13:14:40,966 (e2e_asr_attctc_th:2199) INFO: end detected at 23
2018-07-11 13:14:40,967 (e2e_asr_attctc_th:2217) INFO: total log probability: -24.0087757036
2018-07-11 13:14:40,967 (e2e_asr_attctc_th:2218) INFO: normalized log probability: -1.33382087242
2018-07-11 13:14:40,968 (asr_pytorch:468) INFO: groundtruth[12_spk_12_051240-051534]: 唪服唪服囹烕佬呯嗷代賀啖嘢倍
2018-07-11 13:14:40,968 (asr_pytorch:469) INFO: prediction [12_spk_12_051240-051534]: 唔算會個應該會覺得你食飯快咁就俾<eos>
2018-07-11 13:14:40,976 (e2e_asr_attctc_th:2977) INFO: BLSTMP input lengths: [109]
2018-07-11 13:14:41,159 (e2e_asr_attctc_th:2067) INFO: input lengths: 28
2018-07-11 13:14:41,160 (e2e_asr_attctc_th:2091) INFO: max output length: 28
2018-07-11 13:14:41,160 (e2e_asr_attctc_th:2092) INFO: min output length: 0
2018-07-11 13:14:42,049 (e2e_asr_attctc_th:2199) INFO: end detected at 12
2018-07-11 13:14:42,049 (e2e_asr_attctc_th:2217) INFO: total log probability: -6.23370227218
2018-07-11 13:14:42,049 (e2e_asr_attctc_th:2218) INFO: normalized log probability: -1.0389503787
2018-07-11 13:14:42,050 (asr_pytorch:468) INFO: groundtruth[1501-2_spk_1501_2_030855-030966]: 手件戛愈矮遛
2018-07-11 13:14:42,051 (asr_pytorch:469) INFO: prediction [1501-2_spk_1501_2_030855-030966]: 俾我散燒<eos>
2018-07-11 13:14:42,059 (e2e_asr_attctc_th:2977) INFO: BLSTMP input lengths: [184]
2018-07-11 13:14:42,319 (e2e_asr_attctc_th:2067) INFO: input lengths: 46
2018-07-11 13:14:42,319 (e2e_asr_attctc_th:2091) INFO: max output length: 46
2018-07-11 13:14:42,319 (e2e_asr_attctc_th:2092) INFO: min output length: 0
2018-07-11 13:14:44,148 (e2e_asr_attctc_th:2199) INFO: end detected at 13
2018-07-11 13:14:44,148 (e2e_asr_attctc_th:2217) INFO: total log probability: -3.20461338945
2018-07-11 13:14:44,148 (e2e_asr_attctc_th:2218) INFO: normalized log probability: -0.356068154383
2018-07-11 13:14:44,149 (asr_pytorch:468) INFO: groundtruth[1503-2_spk_1503_2_067618-067804]: 哭姚俏陵迫間嗶
2018-07-11 13:14:44,150 (asr_pytorch:469) INFO: prediction [1503-2_spk_1503_2_067618-067804]: 哦真係請翻開嗯<eos>
2018-07-11 13:14:44,165 (e2e_asr_attctc_th:2977) INFO: BLSTMP input lengths: [156]
2018-07-11 13:14:44,583 (e2e_asr_attctc_th:2067) INFO: input lengths: 39
2018-07-11 13:14:44,584 (e2e_asr_attctc_th:2091) INFO: max output length: 39
2018-07-11 13:14:44,584 (e2e_asr_attctc_th:2092) INFO: min output length: 0
2018-07-11 13:14:45,418 (e2e_asr_attctc_th:2199) INFO: end detected at 8
2018-07-11 13:14:45,418 (e2e_asr_attctc_th:2217) INFO: total log probability: -0.243818186224
2018-07-11 13:14:45,419 (e2e_asr_attctc_th:2218) INFO: normalized log probability: -0.0812727287412
2018-07-11 13:14:45,421 (asr_pytorch:468) INFO: groundtruth[1503-2_spk_1503_2_000646-000803]: 嗶
2018-07-11 13:14:45,422 (asr_pytorch:469) INFO: prediction [1503-2_spk_1503_2_000646-000803]: 嗯<eos>
2018-07-11 13:14:45,438 (e2e_asr_attctc_th:2977) INFO: BLSTMP input lengths: [325]
2018-07-11 13:14:46,297 (e2e_asr_attctc_th:2067) INFO: input lengths: 82
2018-07-11 13:14:46,298 (e2e_asr_attctc_th:2091) INFO: max output length: 82
2018-07-11 13:14:46,299 (e2e_asr_attctc_th:2092) INFO: min output length: 0
2018-07-11 13:14:49,340 (e2e_asr_attctc_th:2199) INFO: end detected at 24
2018-07-11 13:14:49,340 (e2e_asr_attctc_th:2217) INFO: total log probability: -18.2125758165
2018-07-11 13:14:49,340 (e2e_asr_attctc_th:2218) INFO: normalized log probability: -0.958556621924
2018-07-11 13:14:49,342 (asr_pytorch:468) INFO: groundtruth[12_spk_12_006276-006603]: 然院且綺嘍誅朕柎尖姚咋冀寫
2018-07-11 13:14:49,342 (asr_pytorch:469) INFO: prediction [12_spk_12_006276-006603]: 冇人原來上網嘅話其實好噶小姐咁其實<eos>
2018-07-11 13:14:49,350 (e2e_asr_attctc_th:2977) INFO: BLSTMP input lengths: [308]
2018-07-11 13:14:49,780 (e2e_asr_attctc_th:2067) INFO: input lengths: 77
2018-07-11 13:14:49,780 (e2e_asr_attctc_th:2091) INFO: max output length: 77
2018-07-11 13:14:49,780 (e2e_asr_attctc_th:2092) INFO: min output length: 0
2018-07-11 13:14:53,269 (e2e_asr_attctc_th:2199) INFO: end detected at 23
2018-07-11 13:14:53,270 (e2e_asr_attctc_th:2217) INFO: total log probability: -11.2300256076
2018-07-11 13:14:53,270 (e2e_asr_attctc_th:2218) INFO: normalized log probability: -0.623890311535
2018-07-11 13:14:53,273 (asr_pytorch:468) INFO: groundtruth[1502-2_spk_1502_2_078758-079068]: B舔<unk>嗷倔帽喵倔址坐鄔SO冏啞顔嘍
2018-07-11 13:14:53,273 (asr_pytorch:469) INFO: prediction [1502-2_spk_1502_2_078758-079068]: 誒教受我想間個地址都OK冇問題嘅<eos>
2018-07-11 13:14:53,289 (e2e_asr_attctc_th:2977) INFO: BLSTMP input lengths: [48]
2018-07-11 13:14:53,452 (e2e_asr_attctc_th:2067) INFO: input lengths: 12
2018-07-11 13:14:53,453 (e2e_asr_attctc_th:2091) INFO: max output length: 12
2018-07-11 13:14:53,453 (e2e_asr_attctc_th:2092) INFO: min output length: 0
2018-07-11 13:14:54,344 (e2e_asr_attctc_th:2199) INFO: end detected at 10
2018-07-11 13:14:54,344 (e2e_asr_attctc_th:2217) INFO: total log probability: -4.17288328707
2018-07-11 13:14:54,344 (e2e_asr_attctc_th:2218) INFO: normalized log probability: -1.04322082177
2018-07-11 13:14:54,346 (asr_pytorch:468) INFO: groundtruth[1504-1_spk_1504_1_015066-015116]: 哭SO
2018-07-11 13:14:54,346 (asr_pytorch:469) INFO: prediction [1504-1_spk_1504_1_015066-015116]: 好食<eos>
2018-07-11 13:14:54,361 (e2e_asr_attctc_th:2977) INFO: BLSTMP input lengths: [141]
2018-07-11 13:14:54,764 (e2e_asr_attctc_th:2067) INFO: input lengths: 36
2018-07-11 13:14:54,765 (e2e_asr_attctc_th:2091) INFO: max output length: 36
2018-07-11 13:14:54,765 (e2e_asr_attctc_th:2092) INFO: min output length: 0
2018-07-11 13:14:55,497 (e2e_asr_attctc_th:2206) INFO: no hypothesis. Finish decoding.
2018-07-11 13:14:55,497 (e2e_asr_attctc_th:2217) INFO: total log probability: -6.51375749707
2018-07-11 13:14:55,497 (e2e_asr_attctc_th:2218) INFO: normalized log probability: -1.08562624951
2018-07-11 13:14:55,499 (asr_pytorch:468) INFO: groundtruth[8_spk_8_030602-030745]: B必朦邸
2018-07-11 13:14:55,499 (asr_pytorch:469) INFO: prediction [8_spk_8_030602-030745]: 誒翻到天<eos>
2018-07-11 13:14:55,515 (e2e_asr_attctc_th:2977) INFO: BLSTMP input lengths: [355]
2018-07-11 13:14:56,578 (e2e_asr_attctc_th:2067) INFO: input lengths: 89
2018-07-11 13:14:56,579 (e2e_asr_attctc_th:2091) INFO: max output length: 89
2018-07-11 13:14:56,579 (e2e_asr_attctc_th:2092) INFO: min output length: 0
2018-07-11 13:15:01,381 (e2e_asr_attctc_th:2199) INFO: end detected at 25
2018-07-11 13:15:01,381 (e2e_asr_attctc_th:2217) INFO: total log probability: -3.19573513558
2018-07-11 13:15:01,381 (e2e_asr_attctc_th:2218) INFO: normalized log probability: -0.152177863599
2018-07-11 13:15:01,383 (asr_pytorch:468) INFO: groundtruth[3_spk_3_031670-032027]: 咋尻唪震見誅丕丕鄔叄扚LSXPMRI燁緣咋黍煲囖
2018-07-11 13:15:01,384 (asr_pytorch:469) INFO: prediction [3_spk_3_031670-032027]: 咁就唔需要話下下都去打學啦而線咁麻煩咯<eos>
2018-07-11 13:15:01,395 (e2e_asr_attctc_th:2977) INFO: BLSTMP input lengths: [36]
2018-07-11 13:15:01,474 (e2e_asr_attctc_th:2067) INFO: input lengths: 9
2018-07-11 13:15:01,475 (e2e_asr_attctc_th:2091) INFO: max output length: 9
2018-07-11 13:15:01,475 (e2e_asr_attctc_th:2092) INFO: min output length: 0
2018-07-11 13:15:02,071 (e2e_asr_attctc_th:2180) INFO: adding <eos> in the last postion in the loop
2018-07-11 13:15:02,071 (e2e_asr_attctc_th:2206) INFO: no hypothesis. Finish decoding.
2018-07-11 13:15:02,071 (e2e_asr_attctc_th:2217) INFO: total log probability: -2.55212052166
2018-07-11 13:15:02,071 (e2e_asr_attctc_th:2218) INFO: normalized log probability: -0.850706840555
2018-07-11 13:15:02,073 (asr_pytorch:468) INFO: groundtruth[4_spk_4_014274-014312]: 誅
2018-07-11 13:15:02,074 (asr_pytorch:469) INFO: prediction [4_spk_4_014274-014312]: 哇<eos>
2018-07-11 13:15:02,089 (e2e_asr_attctc_th:2977) INFO: BLSTMP input lengths: [252]
2018-07-11 13:15:02,660 (e2e_asr_attctc_th:2067) INFO: input lengths: 63
2018-07-11 13:15:02,660 (e2e_asr_attctc_th:2091) INFO: max output length: 63
2018-07-11 13:15:02,661 (e2e_asr_attctc_th:2092) INFO: min output length: 0
2018-07-11 13:15:04,733 (e2e_asr_attctc_th:2199) INFO: end detected at 19
2018-07-11 13:15:04,734 (e2e_asr_attctc_th:2217) INFO: total log probability: -14.7070776378
2018-07-11 13:15:04,734 (e2e_asr_attctc_th:2218) INFO: normalized log probability: -1.05050554556
2018-07-11 13:15:04,735 (asr_pytorch:468) INFO: groundtruth[1501-1_spk_1501_1_089258-089512]: 吔迫皂訢仇嗷邕奈奈三奈囖
2018-07-11 13:15:04,735 (asr_pytorch:469) INFO: prediction [1501-1_spk_1501_1_089258-089512]: 同翻跟嘅人嗰邊夠就得大咯<eos>
2018-07-11 13:15:04,743 (e2e_asr_attctc_th:2977) INFO: BLSTMP input lengths: [308]
2018-07-11 13:15:05,186 (e2e_asr_attctc_th:2067) INFO: input lengths: 77
2018-07-11 13:15:05,187 (e2e_asr_attctc_th:2091) INFO: max output length: 77
2018-07-11 13:15:05,187 (e2e_asr_attctc_th:2092) INFO: min output length: 0
2018-07-11 13:15:08,806 (e2e_asr_attctc_th:2199) INFO: end detected at 29
2018-07-11 13:15:08,807 (e2e_asr_attctc_th:2217) INFO: total log probability: -20.3775139078
2018-07-11 13:15:08,807 (e2e_asr_attctc_th:2218) INFO: normalized log probability: -0.926250632175
2018-07-11 13:15:08,808 (asr_pytorch:468) INFO: groundtruth[9_spk_9_033335-033645]: 佰臺勞幹戛剩咩ZSMGIERHHEXE倔桃
2018-07-11 13:15:08,808 (asr_pytorch:469) INFO: prediction [9_spk_9_033335-033645]: 佢佢條可能幫我推做BONANDATA嗰個<eos>
2018-07-11 13:15:08,816 (e2e_asr_attctc_th:2977) INFO: BLSTMP input lengths: [368]
2018-07-11 13:15:09,332 (e2e_asr_attctc_th:2067) INFO: input lengths: 92
2018-07-11 13:15:09,333 (e2e_asr_attctc_th:2091) INFO: max output length: 92
2018-07-11 13:15:09,333 (e2e_asr_attctc_th:2092) INFO: min output length: 0
2018-07-11 13:15:11,873 (e2e_asr_attctc_th:2206) INFO: no hypothesis. Finish decoding.
2018-07-11 13:15:11,874 (e2e_asr_attctc_th:2217) INFO: total log probability: -6.98567076959
2018-07-11 13:15:11,874 (e2e_asr_attctc_th:2218) INFO: normalized log probability: -0.388092820533
2018-07-11 13:15:11,874 (asr_pytorch:468) INFO: groundtruth[1501-1_spk_1501_1_021307-021677]: 巴三蚧差吃囖囹烕B妍枱俏亙卉倔朔
2018-07-11 13:15:11,874 (asr_pytorch:469) INFO: prediction [1501-1_spk_1501_1_021307-021677]: 三一蚊左右噶因為誒如果係二十個月<eos>
2018-07-11 13:15:11,883 (e2e_asr_attctc_th:2977) INFO: BLSTMP input lengths: [198]
2018-07-11 13:15:12,160 (e2e_asr_attctc_th:2067) INFO: input lengths: 50
2018-07-11 13:15:12,160 (e2e_asr_attctc_th:2091) INFO: max output length: 50
2018-07-11 13:15:12,160 (e2e_asr_attctc_th:2092) INFO: min output length: 0
2018-07-11 13:15:13,700 (e2e_asr_attctc_th:2199) INFO: end detected at 14
2018-07-11 13:15:13,700 (e2e_asr_attctc_th:2217) INFO: total log probability: -3.31608476304
2018-07-11 13:15:13,700 (e2e_asr_attctc_th:2218) INFO: normalized log probability: -0.331608476304
2018-07-11 13:15:13,702 (asr_pytorch:468) INFO: groundtruth[1501-1_spk_1501_1_040684-040884]: 手件戛員吔側嘍俏
2018-07-11 13:15:13,702 (asr_pytorch:469) INFO: prediction [1501-1_spk_1501_1_040684-040884]: 因為我哋同度嘅係<eos>
2018-07-11 13:15:13,711 (e2e_asr_attctc_th:2977) INFO: BLSTMP input lengths: [352]
2018-07-11 13:15:14,193 (e2e_asr_attctc_th:2067) INFO: input lengths: 88
2018-07-11 13:15:14,193 (e2e_asr_attctc_th:2091) INFO: max output length: 88
2018-07-11 13:15:14,193 (e2e_asr_attctc_th:2092) INFO: min output length: 0
2018-07-11 13:15:17,338 (e2e_asr_attctc_th:2199) INFO: end detected at 24
2018-07-11 13:15:17,338 (e2e_asr_attctc_th:2217) INFO: total log probability: -15.8473144216
2018-07-11 13:15:17,339 (e2e_asr_attctc_th:2218) INFO: normalized log probability: -0.834069180082
2018-07-11 13:15:17,340 (asr_pytorch:468) INFO: groundtruth[12_spk_12_042455-042809]: 冏鍋手件冏弊譽嘍誅冀寫佬尻兒耍慶
2018-07-11 13:15:17,340 (asr_pytorch:469) INFO: prediction [12_spk_12_042455-042809]: 冇錯啊所以我呢個新同成你就先考慮話<eos>
2018-07-11 13:15:17,349 (e2e_asr_attctc_th:2977) INFO: BLSTMP input lengths: [243]
2018-07-11 13:15:17,800 (e2e_asr_attctc_th:2067) INFO: input lengths: 61
2018-07-11 13:15:17,801 (e2e_asr_attctc_th:2091) INFO: max output length: 61
2018-07-11 13:15:17,801 (e2e_asr_attctc_th:2092) INFO: min output length: 0
2018-07-11 13:15:20,057 (e2e_asr_attctc_th:2199) INFO: end detected at 17
2018-07-11 13:15:20,057 (e2e_asr_attctc_th:2217) INFO: total log probability: -9.72714198194
2018-07-11 13:15:20,058 (e2e_asr_attctc_th:2218) INFO: normalized log probability: -0.884285634722
2018-07-11 13:15:20,060 (asr_pytorch:468) INFO: groundtruth[12_spk_12_068014-068259]: 俏俏唪妊感怦佬纍纔
2018-07-11 13:15:20,060 (asr_pytorch:469) INFO: prediction [12_spk_12_068014-068259]: 但係唔會嘅嘢呢你嘅<eos>
2018-07-11 13:15:20,077 (e2e_asr_attctc_th:2977) INFO: BLSTMP input lengths: [724]
2018-07-11 13:15:21,731 (e2e_asr_attctc_th:2067) INFO: input lengths: 181
2018-07-11 13:15:21,732 (e2e_asr_attctc_th:2091) INFO: max output length: 181
2018-07-11 13:15:21,732 (e2e_asr_attctc_th:2092) INFO: min output length: 0
2018-07-11 13:15:29,108 (e2e_asr_attctc_th:2206) INFO: no hypothesis. Finish decoding.
2018-07-11 13:15:29,109 (e2e_asr_attctc_th:2217) INFO: total log probability: -25.1585276725
2018-07-11 13:15:29,109 (e2e_asr_attctc_th:2218) INFO: normalized log probability: -0.718815076358
2018-07-11 13:15:29,109 (asr_pytorch:468) INFO: groundtruth[1505-1_spk_1505_1_086026-086752]: 夭榕扔纔旅<unk>司脇佬誅換剛倔B卒倔朔差吃啯俏姚俏刺未剛卒倔朔咋啯
2018-07-11 13:15:29,110 (asr_pytorch:469) INFO: prediction [1505-1_spk_1505_1_086026-086752]: 大概手續方麵可能你幫我睇前哥誒咁我係左右啦係即係到期前嗰個月咁咯係<eos>
2018-07-11 13:15:29,118 (e2e_asr_attctc_th:2977) INFO: BLSTMP input lengths: [276]
2018-07-11 13:15:29,515 (e2e_asr_attctc_th:2067) INFO: input lengths: 69
2018-07-11 13:15:29,516 (e2e_asr_attctc_th:2091) INFO: max output length: 69
2018-07-11 13:15:29,516 (e2e_asr_attctc_th:2092) INFO: min output length: 0
2018-07-11 13:15:33,250 (e2e_asr_attctc_th:2199) INFO: end detected at 22
2018-07-11 13:15:33,251 (e2e_asr_attctc_th:2217) INFO: total log probability: -12.7548004538
2018-07-11 13:15:33,251 (e2e_asr_attctc_th:2218) INFO: normalized log probability: -0.91105717527
2018-07-11 13:15:33,252 (asr_pytorch:468) INFO: groundtruth[12_spk_12_013229-013507]: 由宙6濛乒得呯佰尻服陞佔戛嘍
2018-07-11 13:15:33,253 (asr_pytorch:469) INFO: prediction [12_spk_12_013229-013507]: 用完立一之後呢佢就會覺得<eos>
2018-07-11 13:15:33,261 (e2e_asr_attctc_th:2977) INFO: BLSTMP input lengths: [351]
2018-07-11 13:15:33,825 (e2e_asr_attctc_th:2067) INFO: input lengths: 88
2018-07-11 13:15:33,825 (e2e_asr_attctc_th:2091) INFO: max output length: 88
2018-07-11 13:15:33,825 (e2e_asr_attctc_th:2092) INFO: min output length: 0
2018-07-11 13:15:36,487 (e2e_asr_attctc_th:2206) INFO: no hypothesis. Finish decoding.
2018-07-11 13:15:36,488 (e2e_asr_attctc_th:2217) INFO: total log probability: -13.17912819
2018-07-11 13:15:36,488 (e2e_asr_attctc_th:2218) INFO: normalized log probability: -0.732173788335
2018-07-11 13:15:36,489 (asr_pytorch:468) INFO: groundtruth[12_spk_12_045845-046198]: 挖宣嘍啓塌啖戡耐啼WLSTTMRKQEPP啖嗷啼呯
2018-07-11 13:15:36,489 (asr_pytorch:469) INFO: prediction [12_spk_12_045845-046198]: 指定咗商場啊或者啲十蚊麼嗰嗰啲啦<eos>
2018-07-11 13:15:36,501 (e2e_asr_attctc_th:2977) INFO: BLSTMP input lengths: [57]
2018-07-11 13:15:36,600 (e2e_asr_attctc_th:2067) INFO: input lengths: 15
2018-07-11 13:15:36,600 (e2e_asr_attctc_th:2091) INFO: max output length: 15
2018-07-11 13:15:36,600 (e2e_asr_attctc_th:2092) INFO: min output length: 0
2018-07-11 13:15:37,174 (e2e_asr_attctc_th:2199) INFO: end detected at 8
2018-07-11 13:15:37,175 (e2e_asr_attctc_th:2217) INFO: total log probability: -0.825744956732
2018-07-11 13:15:37,175 (e2e_asr_attctc_th:2218) INFO: normalized log probability: -0.275248318911
2018-07-11 13:15:37,176 (asr_pytorch:468) INFO: groundtruth[1503-2_spk_1503_2_094307-094366]: 哭
2018-07-11 13:15:37,176 (asr_pytorch:469) INFO: prediction [1503-2_spk_1503_2_094307-094366]: 啊<eos>
2018-07-11 13:15:37,184 (e2e_asr_attctc_th:2977) INFO: BLSTMP input lengths: [198]
2018-07-11 13:15:37,485 (e2e_asr_attctc_th:2067) INFO: input lengths: 50
2018-07-11 13:15:37,485 (e2e_asr_attctc_th:2091) INFO: max output length: 50
2018-07-11 13:15:37,486 (e2e_asr_attctc_th:2092) INFO: min output length: 0
2018-07-11 13:15:39,036 (e2e_asr_attctc_th:2199) INFO: end detected at 15
2018-07-11 13:15:39,037 (e2e_asr_attctc_th:2217) INFO: total log probability: -6.47497606277
2018-07-11 13:15:39,037 (e2e_asr_attctc_th:2218) INFO: normalized log probability: -0.647497606277
2018-07-11 13:15:39,038 (asr_pytorch:468) INFO: groundtruth[1505-1_spk_1505_1_041722-041922]: 從佰六稚鄔街俏
2018-07-11 13:15:39,038 (asr_pytorch:469) INFO: prediction [1505-1_spk_1505_1_041722-041922]: 即係佢住你不過係<eos>
2018-07-11 13:15:39,046 (e2e_asr_attctc_th:2977) INFO: BLSTMP input lengths: [138]
2018-07-11 13:15:39,260 (e2e_asr_attctc_th:2067) INFO: input lengths: 35
2018-07-11 13:15:39,260 (e2e_asr_attctc_th:2091) INFO: max output length: 35
2018-07-11 13:15:39,260 (e2e_asr_attctc_th:2092) INFO: min output length: 0
2018-07-11 13:15:41,017 (e2e_asr_attctc_th:2199) INFO: end detected at 14
2018-07-11 13:15:41,018 (e2e_asr_attctc_th:2217) INFO: total log probability: -7.73042143881
2018-07-11 13:15:41,018 (e2e_asr_attctc_th:2218) INFO: normalized log probability: -0.858935715424
2018-07-11 13:15:41,020 (asr_pytorch:468) INFO: groundtruth[1502-2_spk_1502_2_001193-001333]: 噪潤用佬妊俏呈
2018-07-11 13:15:41,020 (asr_pytorch:469) INFO: prediction [1502-2_spk_1502_2_001193-001333]: 啊本上嚟咯係啊<eos>
2018-07-11 13:15:41,035 (e2e_asr_attctc_th:2977) INFO: BLSTMP input lengths: [189]
2018-07-11 13:15:41,533 (e2e_asr_attctc_th:2067) INFO: input lengths: 48
2018-07-11 13:15:41,534 (e2e_asr_attctc_th:2091) INFO: max output length: 48
2018-07-11 13:15:41,534 (e2e_asr_attctc_th:2092) INFO: min output length: 0
2018-07-11 13:15:43,827 (e2e_asr_attctc_th:2206) INFO: no hypothesis. Finish decoding.
2018-07-11 13:15:43,828 (e2e_asr_attctc_th:2217) INFO: total log probability: -5.2425936088
2018-07-11 13:15:43,828 (e2e_asr_attctc_th:2218) INFO: normalized log probability: -0.374470972057
2018-07-11 13:15:43,829 (asr_pytorch:468) INFO: groundtruth[1501-1_spk_1501_1_068749-068940]: 手件杖尖姚呯黴佬司件敍忐迫
2018-07-11 13:15:43,829 (asr_pytorch:469) INFO: prediction [1501-1_spk_1501_1_068749-068940]: 所以你小仔點算可以放心翻<eos>
2018-07-11 13:15:43,844 (e2e_asr_attctc_th:2977) INFO: BLSTMP input lengths: [218]
2018-07-11 13:15:44,335 (e2e_asr_attctc_th:2067) INFO: input lengths: 55
2018-07-11 13:15:44,336 (e2e_asr_attctc_th:2091) INFO: max output length: 55
2018-07-11 13:15:44,337 (e2e_asr_attctc_th:2092) INFO: min output length: 0
2018-07-11 13:15:47,295 (e2e_asr_attctc_th:2206) INFO: no hypothesis. Finish decoding.
2018-07-11 13:15:47,296 (e2e_asr_attctc_th:2217) INFO: total log probability: -13.0914477976
2018-07-11 13:15:47,297 (e2e_asr_attctc_th:2218) INFO: normalized log probability: -0.770085164565
2018-07-11 13:15:47,298 (asr_pytorch:468) INFO: groundtruth[1502-2_spk_1502_2_030455-030675]: 囹烕朕啼宭扁嗄堅樟八<unk>側呈佰鄔誅
2018-07-11 13:15:47,299 (asr_pytorch:469) INFO: prediction [1502-2_spk_1502_2_030455-030675]: 因為有啲後係基樓入邊做嘅佢都話<eos>
2018-07-11 13:15:47,312 (e2e_asr_attctc_th:2977) INFO: BLSTMP input lengths: [74]
2018-07-11 13:15:47,542 (e2e_asr_attctc_th:2067) INFO: input lengths: 19
2018-07-11 13:15:47,543 (e2e_asr_attctc_th:2091) INFO: max output length: 19
2018-07-11 13:15:47,543 (e2e_asr_attctc_th:2092) INFO: min output length: 0
2018-07-11 13:15:48,261 (e2e_asr_attctc_th:2206) INFO: no hypothesis. Finish decoding.
2018-07-11 13:15:48,262 (e2e_asr_attctc_th:2217) INFO: total log probability: -1.15498573543
2018-07-11 13:15:48,262 (e2e_asr_attctc_th:2218) INFO: normalized log probability: -0.192497622571
2018-07-11 13:15:48,263 (asr_pytorch:468) INFO: groundtruth[1501-1_spk_1501_1_020749-020825]: 俏啯俏啯
2018-07-11 13:15:48,263 (asr_pytorch:469) INFO: prediction [1501-1_spk_1501_1_020749-020825]: 係啊係嘞<eos>
2018-07-11 13:15:48,271 (e2e_asr_attctc_th:2977) INFO: BLSTMP input lengths: [238]
2018-07-11 13:15:48,633 (e2e_asr_attctc_th:2067) INFO: input lengths: 60
2018-07-11 13:15:48,633 (e2e_asr_attctc_th:2091) INFO: max output length: 60
2018-07-11 13:15:48,633 (e2e_asr_attctc_th:2092) INFO: min output length: 0
2018-07-11 13:15:50,804 (e2e_asr_attctc_th:2206) INFO: no hypothesis. Finish decoding.
2018-07-11 13:15:50,804 (e2e_asr_attctc_th:2217) INFO: total log probability: -5.20142921899
2018-07-11 13:15:50,804 (e2e_asr_attctc_th:2218) INFO: normalized log probability: -0.371530658499
2018-07-11 13:15:50,805 (asr_pytorch:468) INFO: groundtruth[3_spk_3_007327-007567]: 諛啞畸酋兒用佬小費六吖俏
2018-07-11 13:15:50,805 (asr_pytorch:469) INFO: prediction [3_spk_3_007327-007567]: 請問翻陣先生你專貴全名係<eos>
2018-07-11 13:15:50,813 (e2e_asr_attctc_th:2977) INFO: BLSTMP input lengths: [18]
2018-07-11 13:15:50,865 (e2e_asr_attctc_th:2067) INFO: input lengths: 5
2018-07-11 13:15:50,865 (e2e_asr_attctc_th:2091) INFO: max output length: 5
2018-07-11 13:15:50,865 (e2e_asr_attctc_th:2092) INFO: min output length: 0
2018-07-11 13:15:51,158 (e2e_asr_attctc_th:2180) INFO: adding <eos> in the last postion in the loop
2018-07-11 13:15:51,158 (e2e_asr_attctc_th:2206) INFO: no hypothesis. Finish decoding.
2018-07-11 13:15:51,158 (e2e_asr_attctc_th:2217) INFO: total log probability: -0.160335376859
2018-07-11 13:15:51,159 (e2e_asr_attctc_th:2218) INFO: normalized log probability: -0.0534451256196
2018-07-11 13:15:51,159 (asr_pytorch:468) INFO: groundtruth[1501-1_spk_1501_1_035588-035608]: B
2018-07-11 13:15:51,160 (asr_pytorch:469) INFO: prediction [1501-1_spk_1501_1_035588-035608]: 嗯<eos>
2018-07-11 13:15:51,169 (e2e_asr_attctc_th:2977) INFO: BLSTMP input lengths: [306]
2018-07-11 13:15:51,645 (e2e_asr_attctc_th:2067) INFO: input lengths: 77
2018-07-11 13:15:51,646 (e2e_asr_attctc_th:2091) INFO: max output length: 77
2018-07-11 13:15:51,646 (e2e_asr_attctc_th:2092) INFO: min output length: 0
2018-07-11 13:15:55,135 (e2e_asr_attctc_th:2199) INFO: end detected at 25
2018-07-11 13:15:55,135 (e2e_asr_attctc_th:2217) INFO: total log probability: -18.2273151446
2018-07-11 13:15:55,135 (e2e_asr_attctc_th:2218) INFO: normalized log probability: -0.911365757231
2018-07-11 13:15:55,136 (asr_pytorch:468) INFO: groundtruth[1503-1_spk_1503_1_080790-081098]: 佬朋妊呯佬換夥戛址吔井姚俏戛吔佬謬迫兒
2018-07-11 13:15:55,136 (asr_pytorch:469) INFO: prediction [1503-1_spk_1503_1_080790-081098]: 你細好呢你睇當我係頭先得我同你講翻去<eos>
2018-07-11 13:15:55,144 (e2e_asr_attctc_th:2977) INFO: BLSTMP input lengths: [125]
2018-07-11 13:15:55,346 (e2e_asr_attctc_th:2067) INFO: input lengths: 32
2018-07-11 13:15:55,346 (e2e_asr_attctc_th:2091) INFO: max output length: 32
2018-07-11 13:15:55,346 (e2e_asr_attctc_th:2092) INFO: min output length: 0
2018-07-11 13:15:56,546 (e2e_asr_attctc_th:2206) INFO: no hypothesis. Finish decoding.
2018-07-11 13:15:56,546 (e2e_asr_attctc_th:2217) INFO: total log probability: -13.1880835239
2018-07-11 13:15:56,547 (e2e_asr_attctc_th:2218) INFO: normalized log probability: -1.19891668399
2018-07-11 13:15:56,548 (asr_pytorch:468) INFO: groundtruth[1502-2_spk_1502_2_043288-043415]: 俏暸晏嚦謬WQEVXSRI呯邕
2018-07-11 13:15:56,548 (asr_pytorch:469) INFO: prediction [1502-2_spk_1502_2_043288-043415]: 大陣時間先啱同你嘅<eos>
2018-07-11 13:15:56,565 (e2e_asr_attctc_th:2977) INFO: BLSTMP input lengths: [540]
2018-07-11 13:15:57,665 (e2e_asr_attctc_th:2067) INFO: input lengths: 135
2018-07-11 13:15:57,666 (e2e_asr_attctc_th:2091) INFO: max output length: 135
2018-07-11 13:15:57,666 (e2e_asr_attctc_th:2092) INFO: min output length: 0
2018-07-11 13:16:06,467 (e2e_asr_attctc_th:2199) INFO: end detected at 40
2018-07-11 13:16:06,468 (e2e_asr_attctc_th:2217) INFO: total log probability: -36.1748978049
2018-07-11 13:16:06,468 (e2e_asr_attctc_th:2218) INFO: normalized log probability: -1.0639675825
2018-07-11 13:16:06,472 (asr_pytorch:468) INFO: groundtruth[1503-1_spk_1503_1_000744-001286]: 俏佬可戛仕晟8黴尻GEPP迫佬佬耗<unk>從唪從閘啖旅唪旅俊吔佬僑迫嗷倔轟<unk>
2018-07-11 13:16:06,472 (asr_pytorch:469) INFO: prediction [1503-1_spk_1503_1_000744-001286]: 係叫我得開發然之後嗰個翻嚟你而傢得唔得閒啦好不斷你飛機翻咗個時候<eos>
2018-07-11 13:16:06,485 (e2e_asr_attctc_th:2977) INFO: BLSTMP input lengths: [46]
2018-07-11 13:16:06,675 (e2e_asr_attctc_th:2067) INFO: input lengths: 12
2018-07-11 13:16:06,675 (e2e_asr_attctc_th:2091) INFO: max output length: 12
2018-07-11 13:16:06,675 (e2e_asr_attctc_th:2092) INFO: min output length: 0
2018-07-11 13:16:07,572 (e2e_asr_attctc_th:2199) INFO: end detected at 9
2018-07-11 13:16:07,574 (e2e_asr_attctc_th:2217) INFO: total log probability: -1.83881926537
2018-07-11 13:16:07,574 (e2e_asr_attctc_th:2218) INFO: normalized log probability: -0.612939755122
2018-07-11 13:16:07,581 (asr_pytorch:468) INFO: groundtruth[3_spk_3_015422-015469]: SO呈
2018-07-11 13:16:07,582 (asr_pytorch:469) INFO: prediction [3_spk_3_015422-015469]: 啊<eos>
2018-07-11 13:16:07,597 (e2e_asr_attctc_th:2977) INFO: BLSTMP input lengths: [146]
2018-07-11 13:16:08,000 (e2e_asr_attctc_th:2067) INFO: input lengths: 37
2018-07-11 13:16:08,000 (e2e_asr_attctc_th:2091) INFO: max output length: 37
2018-07-11 13:16:08,001 (e2e_asr_attctc_th:2092) INFO: min output length: 0
2018-07-11 13:16:10,791 (e2e_asr_attctc_th:2199) INFO: end detected at 20
2018-07-11 13:16:10,791 (e2e_asr_attctc_th:2217) INFO: total log probability: -13.6331812441
2018-07-11 13:16:10,791 (e2e_asr_attctc_th:2218) INFO: normalized log probability: -1.13609843701
2018-07-11 13:16:10,793 (asr_pytorch:468) INFO: groundtruth[4_spk_4_018561-018709]: 喇呈兒用佬佬WIPP
2018-07-11 13:16:10,793 (asr_pytorch:469) INFO: prediction [4_spk_4_018561-018709]: 如果係啊之前翻嚟你包<eos>
2018-07-11 13:16:10,802 (e2e_asr_attctc_th:2977) INFO: BLSTMP input lengths: [255]
2018-07-11 13:16:11,169 (e2e_asr_attctc_th:2067) INFO: input lengths: 64
2018-07-11 13:16:11,169 (e2e_asr_attctc_th:2091) INFO: max output length: 64
2018-07-11 13:16:11,170 (e2e_asr_attctc_th:2092) INFO: min output length: 0
2018-07-11 13:16:14,363 (e2e_asr_attctc_th:2206) INFO: no hypothesis. Finish decoding.
2018-07-11 13:16:14,364 (e2e_asr_attctc_th:2217) INFO: total log probability: -10.4907303541
2018-07-11 13:16:14,365 (e2e_asr_attctc_th:2218) INFO: normalized log probability: -0.582818353005
2018-07-11 13:16:14,367 (asr_pytorch:468) INFO: groundtruth[4_spk_4_083540-083797]: 唪妊宭氯嘍朕咯啞顔冗聶絨畸戛員吟妊然呈
2018-07-11 13:16:14,367 (asr_pytorch:469) INFO: prediction [4_spk_4_083540-083797]: 怪噶有乜問題再聯到翻我哋啊好唔係<eos>
2018-07-11 13:16:14,385 (e2e_asr_attctc_th:2977) INFO: BLSTMP input lengths: [521]
2018-07-11 13:16:15,892 (e2e_asr_attctc_th:2067) INFO: input lengths: 131
2018-07-11 13:16:15,892 (e2e_asr_attctc_th:2091) INFO: max output length: 131
2018-07-11 13:16:15,893 (e2e_asr_attctc_th:2092) INFO: min output length: 0
2018-07-11 13:16:18,581 (e2e_asr_attctc_th:2206) INFO: no hypothesis. Finish decoding.
2018-07-11 13:16:18,581 (e2e_asr_attctc_th:2217) INFO: total log probability: -10.2073191367
2018-07-11 13:16:18,582 (e2e_asr_attctc_th:2218) INFO: normalized log probability: -0.567073285373
2018-07-11 13:16:18,582 (asr_pytorch:468) INFO: groundtruth[12_spk_12_044166-044689]: 嗶馭渺呯邕嘍誅冀寫_MJM蛤尻冏顯
2018-07-11 13:16:18,582 (asr_pytorch:469) INFO: prediction [12_spk_12_044166-044689]: 嗯香總變嘅十其實室翻蛋嗰啲就冇類<eos>
2018-07-11 13:16:18,589 (e2e_asr_attctc_th:2977) INFO: BLSTMP input lengths: [19]
2018-07-11 13:16:18,635 (e2e_asr_attctc_th:2067) INFO: input lengths: 5
2018-07-11 13:16:18,635 (e2e_asr_attctc_th:2091) INFO: max output length: 5
2018-07-11 13:16:18,635 (e2e_asr_attctc_th:2092) INFO: min output length: 0
2018-07-11 13:16:18,920 (e2e_asr_attctc_th:2180) INFO: adding <eos> in the last postion in the loop
2018-07-11 13:16:18,920 (e2e_asr_attctc_th:2206) INFO: no hypothesis. Finish decoding.
2018-07-11 13:16:18,921 (e2e_asr_attctc_th:2217) INFO: total log probability: -0.0138658573851
2018-07-11 13:16:18,921 (e2e_asr_attctc_th:2218) INFO: normalized log probability: -0.0046219524617
2018-07-11 13:16:18,922 (asr_pytorch:468) INFO: groundtruth[1502-2_spk_1502_2_025006-025027]: 嗶
2018-07-11 13:16:18,923 (asr_pytorch:469) INFO: prediction [1502-2_spk_1502_2_025006-025027]: 嗯<eos>
2018-07-11 13:16:18,938 (e2e_asr_attctc_th:2977) INFO: BLSTMP input lengths: [298]
2018-07-11 13:16:19,886 (e2e_asr_attctc_th:2067) INFO: input lengths: 75
2018-07-11 13:16:19,887 (e2e_asr_attctc_th:2091) INFO: max output length: 75
2018-07-11 13:16:19,887 (e2e_asr_attctc_th:2092) INFO: min output length: 0
2018-07-11 13:16:21,608 (e2e_asr_attctc_th:2206) INFO: no hypothesis. Finish decoding.
2018-07-11 13:16:21,609 (e2e_asr_attctc_th:2217) INFO: total log probability: -3.6060932558
2018-07-11 13:16:21,609 (e2e_asr_attctc_th:2218) INFO: normalized log probability: -0.327826659618
2018-07-11 13:16:21,610 (asr_pytorch:468) INFO: groundtruth[4_spk_4_004832-005132]: 誅誅佰頻兒吔戛謬道
2018-07-11 13:16:21,610 (asr_pytorch:469) INFO: prediction [4_spk_4_004832-005132]: 話哇佢同邊同學講話<eos>
2018-07-11 13:16:21,627 (e2e_asr_attctc_th:2977) INFO: BLSTMP input lengths: [292]
2018-07-11 13:16:22,270 (e2e_asr_attctc_th:2067) INFO: input lengths: 73
2018-07-11 13:16:22,271 (e2e_asr_attctc_th:2091) INFO: max output length: 73
2018-07-11 13:16:22,271 (e2e_asr_attctc_th:2092) INFO: min output length: 0
2018-07-11 13:16:24,428 (e2e_asr_attctc_th:2199) INFO: end detected at 18
2018-07-11 13:16:24,428 (e2e_asr_attctc_th:2217) INFO: total log probability: -12.7618172318
2018-07-11 13:16:24,428 (e2e_asr_attctc_th:2218) INFO: normalized log probability: -0.981678248598
2018-07-11 13:16:24,429 (asr_pytorch:468) INFO: groundtruth[12_spk_12_011743-012037]: 咋樺嗷倔嘍誅尻俏諛謬
2018-07-11 13:16:24,429 (asr_pytorch:469) INFO: prediction [12_spk_12_011743-012037]: 咁樣至就實後係即刻聲先<eos>
2018-07-11 13:16:24,436 (e2e_asr_attctc_th:2977) INFO: BLSTMP input lengths: [33]
2018-07-11 13:16:24,494 (e2e_asr_attctc_th:2067) INFO: input lengths: 9
2018-07-11 13:16:24,494 (e2e_asr_attctc_th:2091) INFO: max output length: 9
2018-07-11 13:16:24,494 (e2e_asr_attctc_th:2092) INFO: min output length: 0
2018-07-11 13:16:24,833 (e2e_asr_attctc_th:2180) INFO: adding <eos> in the last postion in the loop
2018-07-11 13:16:24,833 (e2e_asr_attctc_th:2199) INFO: end detected at 8
2018-07-11 13:16:24,833 (e2e_asr_attctc_th:2217) INFO: total log probability: -0.244424171746
2018-07-11 13:16:24,833 (e2e_asr_attctc_th:2218) INFO: normalized log probability: -0.0814747239153
2018-07-11 13:16:24,834 (asr_pytorch:468) INFO: groundtruth[1501-2_spk_1501_2_000301-000336]: 俏
2018-07-11 13:16:24,834 (asr_pytorch:469) INFO: prediction [1501-2_spk_1501_2_000301-000336]: 係<eos>
2018-07-11 13:16:24,842 (e2e_asr_attctc_th:2977) INFO: BLSTMP input lengths: [198]
2018-07-11 13:16:25,129 (e2e_asr_attctc_th:2067) INFO: input lengths: 50
2018-07-11 13:16:25,130 (e2e_asr_attctc_th:2091) INFO: max output length: 50
2018-07-11 13:16:25,130 (e2e_asr_attctc_th:2092) INFO: min output length: 0
2018-07-11 13:16:26,535 (e2e_asr_attctc_th:2199) INFO: end detected at 17
2018-07-11 13:16:26,535 (e2e_asr_attctc_th:2217) INFO: total log probability: -12.948324969
2018-07-11 13:16:26,535 (e2e_asr_attctc_th:2218) INFO: normalized log probability: -1.07902708075
2018-07-11 13:16:26,536 (asr_pytorch:468) INFO: groundtruth[8_spk_8_024762-024962]: 宣俏戛郷檀咒嘍啞顔啯
2018-07-11 13:16:26,536 (asr_pytorch:469) INFO: prediction [8_spk_8_024762-024962]: 但係我保寶車嘅問題啦<eos>
2018-07-11 13:16:26,545 (e2e_asr_attctc_th:2977) INFO: BLSTMP input lengths: [262]
2018-07-11 13:16:26,926 (e2e_asr_attctc_th:2067) INFO: input lengths: 66
2018-07-11 13:16:26,927 (e2e_asr_attctc_th:2091) INFO: max output length: 66
2018-07-11 13:16:26,927 (e2e_asr_attctc_th:2092) INFO: min output length: 0
2018-07-11 13:16:28,681 (e2e_asr_attctc_th:2199) INFO: end detected at 19
2018-07-11 13:16:28,681 (e2e_asr_attctc_th:2217) INFO: total log probability: -7.86252951529
2018-07-11 13:16:28,681 (e2e_asr_attctc_th:2218) INFO: normalized log probability: -0.524168634353
2018-07-11 13:16:28,682 (asr_pytorch:468) INFO: groundtruth[1505-1_spk_1505_1_052558-052822]: 戡耐夭榕俏啼B咯TPER咋
2018-07-11 13:16:28,682 (asr_pytorch:469) INFO: prediction [1505-1_spk_1505_1_052558-052822]: 或者係大概係啲相人都係聽咁<eos>
2018-07-11 13:16:28,690 (e2e_asr_attctc_th:2977) INFO: BLSTMP input lengths: [121]
2018-07-11 13:16:28,855 (e2e_asr_attctc_th:2067) INFO: input lengths: 31
2018-07-11 13:16:28,855 (e2e_asr_attctc_th:2091) INFO: max output length: 31
2018-07-11 13:16:28,855 (e2e_asr_attctc_th:2092) INFO: min output length: 0
2018-07-11 13:16:29,317 (e2e_asr_attctc_th:2206) INFO: no hypothesis. Finish decoding.
2018-07-11 13:16:29,318 (e2e_asr_attctc_th:2217) INFO: total log probability: -2.20936126891
2018-07-11 13:16:29,318 (e2e_asr_attctc_th:2218) INFO: normalized log probability: -0.315623038415
2018-07-11 13:16:29,318 (asr_pytorch:468) INFO: groundtruth[4_spk_4_001217-001340]: 戛愈皂訢呈
2018-07-11 13:16:29,318 (asr_pytorch:469) INFO: prediction [4_spk_4_001217-001340]: 我想真嘅啊<eos>
2018-07-11 13:16:29,326 (e2e_asr_attctc_th:2977) INFO: BLSTMP input lengths: [198]
2018-07-11 13:16:29,621 (e2e_asr_attctc_th:2067) INFO: input lengths: 50
2018-07-11 13:16:29,621 (e2e_asr_attctc_th:2091) INFO: max output length: 50
2018-07-11 13:16:29,621 (e2e_asr_attctc_th:2092) INFO: min output length: 0
2018-07-11 13:16:31,120 (e2e_asr_attctc_th:2199) INFO: end detected at 18
2018-07-11 13:16:31,120 (e2e_asr_attctc_th:2217) INFO: total log probability: -9.03413592931
2018-07-11 13:16:31,120 (e2e_asr_attctc_th:2218) INFO: normalized log probability: -0.694933533024
2018-07-11 13:16:31,121 (asr_pytorch:468) INFO: groundtruth[12_spk_12_040521-040721]: 咋冀寫仿朕三倔俏劫夥
2018-07-11 13:16:31,121 (asr_pytorch:469) INFO: prediction [12_spk_12_040521-040721]: 咁同茶仲有一個係不失多<eos>
2018-07-11 13:16:31,129 (e2e_asr_attctc_th:2977) INFO: BLSTMP input lengths: [262]
2018-07-11 13:16:31,586 (e2e_asr_attctc_th:2067) INFO: input lengths: 66
2018-07-11 13:16:31,586 (e2e_asr_attctc_th:2091) INFO: max output length: 66
2018-07-11 13:16:31,586 (e2e_asr_attctc_th:2092) INFO: min output length: 0
2018-07-11 13:16:32,786 (e2e_asr_attctc_th:2199) INFO: end detected at 14
2018-07-11 13:16:32,786 (e2e_asr_attctc_th:2217) INFO: total log probability: -3.2384166345
2018-07-11 13:16:32,786 (e2e_asr_attctc_th:2218) INFO: normalized log probability: -0.32384166345
2018-07-11 13:16:32,787 (asr_pytorch:468) INFO: groundtruth[1501-1_spk_1501_1_074592-074856]: 尻道叄B幹佬柳迫
2018-07-11 13:16:32,787 (asr_pytorch:469) INFO: prediction [1501-1_spk_1501_1_074592-074856]: 就過去誒當你查翻<eos>
2018-07-11 13:16:32,795 (e2e_asr_attctc_th:2977) INFO: BLSTMP input lengths: [51]
2018-07-11 13:16:32,877 (e2e_asr_attctc_th:2067) INFO: input lengths: 13
2018-07-11 13:16:32,877 (e2e_asr_attctc_th:2091) INFO: max output length: 13
2018-07-11 13:16:32,877 (e2e_asr_attctc_th:2092) INFO: min output length: 0
2018-07-11 13:16:33,381 (e2e_asr_attctc_th:2199) INFO: end detected at 10
2018-07-11 13:16:33,382 (e2e_asr_attctc_th:2217) INFO: total log probability: -1.44340272248
2018-07-11 13:16:33,382 (e2e_asr_attctc_th:2218) INFO: normalized log probability: -0.288680544496
2018-07-11 13:16:33,383 (asr_pytorch:468) INFO: groundtruth[4_spk_4_071591-071644]: 跨何呯
2018-07-11 13:16:33,383 (asr_pytorch:469) INFO: prediction [4_spk_4_071591-071644]: 跟著呢<eos>
2018-07-11 13:16:33,390 (e2e_asr_attctc_th:2977) INFO: BLSTMP input lengths: [61]
2018-07-11 13:16:33,484 (e2e_asr_attctc_th:2067) INFO: input lengths: 16
2018-07-11 13:16:33,485 (e2e_asr_attctc_th:2091) INFO: max output length: 16
2018-07-11 13:16:33,485 (e2e_asr_attctc_th:2092) INFO: min output length: 0
2018-07-11 13:16:34,055 (e2e_asr_attctc_th:2199) INFO: end detected at 11
2018-07-11 13:16:34,055 (e2e_asr_attctc_th:2217) INFO: total log probability: -4.83576151729
2018-07-11 13:16:34,055 (e2e_asr_attctc_th:2218) INFO: normalized log probability: -0.967152303457
2018-07-11 13:16:34,056 (asr_pytorch:468) INFO: groundtruth[9_spk_9_031507-031570]: 哭
2018-07-11 13:16:34,056 (asr_pytorch:469) INFO: prediction [9_spk_9_031507-031570]: 響就話<eos>
2018-07-11 13:16:34,066 (e2e_asr_attctc_th:2977) INFO: BLSTMP input lengths: [396]
2018-07-11 13:16:34,594 (e2e_asr_attctc_th:2067) INFO: input lengths: 99
2018-07-11 13:16:34,595 (e2e_asr_attctc_th:2091) INFO: max output length: 99
2018-07-11 13:16:34,595 (e2e_asr_attctc_th:2092) INFO: min output length: 0
2018-07-11 13:16:36,730 (e2e_asr_attctc_th:2206) INFO: no hypothesis. Finish decoding.
2018-07-11 13:16:36,730 (e2e_asr_attctc_th:2217) INFO: total log probability: -17.4154261565
2018-07-11 13:16:36,730 (e2e_asr_attctc_th:2218) INFO: normalized log probability: -0.916601376657
2018-07-11 13:16:36,731 (asr_pytorch:468) INFO: groundtruth[1503-1_spk_1503_1_014652-015050]: 的解妍枱俏嗄8KF旨HEXE唪天由旨惕泌丕
2018-07-11 13:16:36,731 (asr_pytorch:469) INFO: prediction [1503-1_spk_1503_1_014652-015050]: 發覺如果係啊啲嘅雞噶唔夠用嘅情況下<eos>
2018-07-11 13:16:36,740 (e2e_asr_attctc_th:2977) INFO: BLSTMP input lengths: [322]
2018-07-11 13:16:37,169 (e2e_asr_attctc_th:2067) INFO: input lengths: 81
2018-07-11 13:16:37,169 (e2e_asr_attctc_th:2091) INFO: max output length: 81
2018-07-11 13:16:37,170 (e2e_asr_attctc_th:2092) INFO: min output length: 0
2018-07-11 13:16:38,567 (e2e_asr_attctc_th:2206) INFO: no hypothesis. Finish decoding.
2018-07-11 13:16:38,567 (e2e_asr_attctc_th:2217) INFO: total log probability: -9.73342376482
2018-07-11 13:16:38,567 (e2e_asr_attctc_th:2218) INFO: normalized log probability: -0.748724904986
2018-07-11 13:16:38,567 (asr_pytorch:468) INFO: groundtruth[1504-1_spk_1504_1_032139-032464]: 哭昕皅哭兀錯葛兀昕皅
2018-07-11 13:16:38,568 (asr_pytorch:469) INFO: prediction [1504-1_spk_1504_1_032139-032464]: 黑明白啊首先就算啦明白<eos>
2018-07-11 13:16:38,575 (e2e_asr_attctc_th:2977) INFO: BLSTMP input lengths: [73]
2018-07-11 13:16:38,685 (e2e_asr_attctc_th:2067) INFO: input lengths: 19
2018-07-11 13:16:38,685 (e2e_asr_attctc_th:2091) INFO: max output length: 19
2018-07-11 13:16:38,685 (e2e_asr_attctc_th:2092) INFO: min output length: 0
2018-07-11 13:16:39,296 (e2e_asr_attctc_th:2199) INFO: end detected at 11
2018-07-11 13:16:39,296 (e2e_asr_attctc_th:2217) INFO: total log probability: -2.95642262232
2018-07-11 13:16:39,296 (e2e_asr_attctc_th:2218) INFO: normalized log probability: -0.591284524463
2018-07-11 13:16:39,297 (asr_pytorch:468) INFO: groundtruth[9_spk_9_067211-067286]: 妊吟妊吟
2018-07-11 13:16:39,297 (asr_pytorch:469) INFO: prediction [9_spk_9_067211-067286]: 早好啊<eos>
2018-07-11 13:16:39,305 (e2e_asr_attctc_th:2977) INFO: BLSTMP input lengths: [166]
2018-07-11 13:16:39,526 (e2e_asr_attctc_th:2067) INFO: input lengths: 42
2018-07-11 13:16:39,527 (e2e_asr_attctc_th:2091) INFO: max output length: 42
2018-07-11 13:16:39,527 (e2e_asr_attctc_th:2092) INFO: min output length: 0
2018-07-11 13:16:40,347 (e2e_asr_attctc_th:2199) INFO: end detected at 12
2018-07-11 13:16:40,347 (e2e_asr_attctc_th:2217) INFO: total log probability: -4.29132105224
2018-07-11 13:16:40,348 (e2e_asr_attctc_th:2218) INFO: normalized log probability: -0.613045864605
2018-07-11 13:16:40,348 (asr_pytorch:468) INFO: groundtruth[1501-1_spk_1501_1_056210-056378]: 俏JSV迫戛員
2018-07-11 13:16:40,348 (asr_pytorch:469) INFO: prediction [1501-1_spk_1501_1_056210-056378]: 係覺得好正<eos>
2018-07-11 13:16:40,358 (e2e_asr_attctc_th:2977) INFO: BLSTMP input lengths: [249]
2018-07-11 13:16:40,693 (e2e_asr_attctc_th:2067) INFO: input lengths: 63
2018-07-11 13:16:40,693 (e2e_asr_attctc_th:2091) INFO: max output length: 63
2018-07-11 13:16:40,693 (e2e_asr_attctc_th:2092) INFO: min output length: 0
2018-07-11 13:16:42,202 (e2e_asr_attctc_th:2206) INFO: no hypothesis. Finish decoding.
2018-07-11 13:16:42,202 (e2e_asr_attctc_th:2217) INFO: total log probability: -13.6130203633
2018-07-11 13:16:42,202 (e2e_asr_attctc_th:2218) INFO: normalized log probability: -0.850813772704
2018-07-11 13:16:42,202 (asr_pytorch:468) INFO: groundtruth[1501-1_spk_1501_1_068448-068699]: 吔井道刺叄鄔服占勁迫佬GLIGO迫嘍
2018-07-11 13:16:42,202 (asr_pytorch:469) INFO: prediction [1501-1_spk_1501_1_068448-068699]: 好事嗰度開中會接咗翻去齣翻嘅<eos>
2018-07-11 13:16:42,210 (e2e_asr_attctc_th:2977) INFO: BLSTMP input lengths: [13]
2018-07-11 13:16:42,248 (e2e_asr_attctc_th:2067) INFO: input lengths: 4
2018-07-11 13:16:42,248 (e2e_asr_attctc_th:2091) INFO: max output length: 4
2018-07-11 13:16:42,248 (e2e_asr_attctc_th:2092) INFO: min output length: 0
2018-07-11 13:16:42,392 (e2e_asr_attctc_th:2180) INFO: adding <eos> in the last postion in the loop
2018-07-11 13:16:42,392 (e2e_asr_attctc_th:2206) INFO: no hypothesis. Finish decoding.
2018-07-11 13:16:42,392 (e2e_asr_attctc_th:2217) INFO: total log probability: -1.57718560845
2018-07-11 13:16:42,392 (e2e_asr_attctc_th:2218) INFO: normalized log probability: -0.525728536149
2018-07-11 13:16:42,393 (asr_pytorch:468) INFO: groundtruth[1501-1_spk_1501_1_023378-023393]: 俏
2018-07-11 13:16:42,393 (asr_pytorch:469) INFO: prediction [1501-1_spk_1501_1_023378-023393]: 係<eos>
2018-07-11 13:16:42,400 (e2e_asr_attctc_th:2977) INFO: BLSTMP input lengths: [40]
2018-07-11 13:16:42,464 (e2e_asr_attctc_th:2067) INFO: input lengths: 10
2018-07-11 13:16:42,464 (e2e_asr_attctc_th:2091) INFO: max output length: 10
2018-07-11 13:16:42,464 (e2e_asr_attctc_th:2092) INFO: min output length: 0
2018-07-11 13:16:42,849 (e2e_asr_attctc_th:2180) INFO: adding <eos> in the last postion in the loop
2018-07-11 13:16:42,849 (e2e_asr_attctc_th:2199) INFO: end detected at 9
2018-07-11 13:16:42,849 (e2e_asr_attctc_th:2217) INFO: total log probability: -1.57545214891
2018-07-11 13:16:42,849 (e2e_asr_attctc_th:2218) INFO: normalized log probability: -0.525150716305
2018-07-11 13:16:42,850 (asr_pytorch:468) INFO: groundtruth[1503-2_spk_1503_2_079398-079440]: 丕
2018-07-11 13:16:42,850 (asr_pytorch:469) INFO: prediction [1503-2_spk_1503_2_079398-079440]: 哈<eos>
2018-07-11 13:16:42,858 (e2e_asr_attctc_th:2977) INFO: BLSTMP input lengths: [167]
2018-07-11 13:16:43,082 (e2e_asr_attctc_th:2067) INFO: input lengths: 42
2018-07-11 13:16:43,083 (e2e_asr_attctc_th:2091) INFO: max output length: 42
2018-07-11 13:16:43,083 (e2e_asr_attctc_th:2092) INFO: min output length: 0
2018-07-11 13:16:43,543 (e2e_asr_attctc_th:2206) INFO: no hypothesis. Finish decoding.
2018-07-11 13:16:43,543 (e2e_asr_attctc_th:2217) INFO: total log probability: -2.89360211045
2018-07-11 13:16:43,544 (e2e_asr_attctc_th:2218) INFO: normalized log probability: -0.482267018408
2018-07-11 13:16:43,545 (asr_pytorch:468) INFO: groundtruth[12_spk_12_005021-005190]: 纔紋嗷啼嘍
2018-07-11 13:16:43,545 (asr_pytorch:469) INFO: prediction [12_spk_12_005021-005190]: 續約我啲<eos>
2018-07-11 13:16:43,558 (e2e_asr_attctc_th:2977) INFO: BLSTMP input lengths: [198]
2018-07-11 13:16:43,955 (e2e_asr_attctc_th:2067) INFO: input lengths: 50
2018-07-11 13:16:43,955 (e2e_asr_attctc_th:2091) INFO: max output length: 50
2018-07-11 13:16:43,956 (e2e_asr_attctc_th:2092) INFO: min output length: 0
2018-07-11 13:16:45,804 (e2e_asr_attctc_th:2199) INFO: end detected at 17
2018-07-11 13:16:45,804 (e2e_asr_attctc_th:2217) INFO: total log probability: -7.72177657112
2018-07-11 13:16:45,804 (e2e_asr_attctc_th:2218) INFO: normalized log probability: -0.643481380927
2018-07-11 13:16:45,805 (asr_pytorch:468) INFO: groundtruth[1505-1_spk_1505_1_030667-030867]: 嗶住俏冀寫尖姚戛啷啷
2018-07-11 13:16:45,805 (asr_pytorch:469) INFO: prediction [1505-1_spk_1505_1_030667-030867]: 嗯但係其實先識我覺得<eos>
2018-07-11 13:16:45,813 (e2e_asr_attctc_th:2977) INFO: BLSTMP input lengths: [121]
2018-07-11 13:16:45,980 (e2e_asr_attctc_th:2067) INFO: input lengths: 31
2018-07-11 13:16:45,981 (e2e_asr_attctc_th:2091) INFO: max output length: 31
2018-07-11 13:16:45,981 (e2e_asr_attctc_th:2092) INFO: min output length: 0
2018-07-11 13:16:47,010 (e2e_asr_attctc_th:2199) INFO: end detected at 15
2018-07-11 13:16:47,010 (e2e_asr_attctc_th:2217) INFO: total log probability: -8.55744331609
2018-07-11 13:16:47,010 (e2e_asr_attctc_th:2218) INFO: normalized log probability: -0.855744331609
2018-07-11 13:16:47,012 (asr_pytorch:468) INFO: groundtruth[1501-1_spk_1501_1_084146-084269]: 尻佬側尻SO㨃啯
2018-07-11 13:16:47,012 (asr_pytorch:469) INFO: prediction [1501-1_spk_1501_1_084146-084269]: 就理錯就OK噶啦<eos>
2018-07-11 13:16:47,026 (e2e_asr_attctc_th:2977) INFO: BLSTMP input lengths: [247]
2018-07-11 13:16:47,354 (e2e_asr_attctc_th:2067) INFO: input lengths: 62
2018-07-11 13:16:47,354 (e2e_asr_attctc_th:2091) INFO: max output length: 62
2018-07-11 13:16:47,354 (e2e_asr_attctc_th:2092) INFO: min output length: 0
2018-07-11 13:16:48,646 (e2e_asr_attctc_th:2206) INFO: no hypothesis. Finish decoding.
2018-07-11 13:16:48,646 (e2e_asr_attctc_th:2217) INFO: total log probability: -3.618784233
2018-07-11 13:16:48,646 (e2e_asr_attctc_th:2218) INFO: normalized log probability: -0.258484588071
2018-07-11 13:16:48,647 (asr_pytorch:468) INFO: groundtruth[1502-2_spk_1502_2_004351-004600]: 咋尻毛倔朔慺咩兵卉蚧嘍
2018-07-11 13:16:48,647 (asr_pytorch:469) INFO: prediction [1502-2_spk_1502_2_004351-004600]: 咁就每個月慳咗去六十蚊嘅<eos>
2018-07-11 13:16:48,655 (e2e_asr_attctc_th:2977) INFO: BLSTMP input lengths: [120]
2018-07-11 13:16:48,838 (e2e_asr_attctc_th:2067) INFO: input lengths: 30
2018-07-11 13:16:48,838 (e2e_asr_attctc_th:2091) INFO: max output length: 30
2018-07-11 13:16:48,838 (e2e_asr_attctc_th:2092) INFO: min output length: 0
2018-07-11 13:16:49,909 (e2e_asr_attctc_th:2199) INFO: end detected at 15
2018-07-11 13:16:49,910 (e2e_asr_attctc_th:2217) INFO: total log probability: -3.93076168187
2018-07-11 13:16:49,910 (e2e_asr_attctc_th:2218) INFO: normalized log probability: -0.393076168187
2018-07-11 13:16:49,911 (asr_pytorch:468) INFO: groundtruth[1502-2_spk_1502_2_059594-059716]: GWPSO冏啞顔
2018-07-11 13:16:49,911 (asr_pytorch:469) INFO: prediction [1502-2_spk_1502_2_059594-059716]: 其實我屋企冇問題<eos>
2018-07-11 13:16:49,918 (e2e_asr_attctc_th:2977) INFO: BLSTMP input lengths: [41]
2018-07-11 13:16:49,989 (e2e_asr_attctc_th:2067) INFO: input lengths: 11
2018-07-11 13:16:49,989 (e2e_asr_attctc_th:2091) INFO: max output length: 11
2018-07-11 13:16:49,989 (e2e_asr_attctc_th:2092) INFO: min output length: 0
2018-07-11 13:16:50,415 (e2e_asr_attctc_th:2199) INFO: end detected at 8
2018-07-11 13:16:50,416 (e2e_asr_attctc_th:2217) INFO: total log probability: -0.0929399160668
2018-07-11 13:16:50,416 (e2e_asr_attctc_th:2218) INFO: normalized log probability: -0.0232349790167
2018-07-11 13:16:50,417 (asr_pytorch:468) INFO: groundtruth[1502-2_spk_1502_2_043668-043711]: 俏呈
2018-07-11 13:16:50,417 (asr_pytorch:469) INFO: prediction [1502-2_spk_1502_2_043668-043711]: 係啊<eos>
2018-07-11 13:16:50,429 (e2e_asr_attctc_th:2977) INFO: BLSTMP input lengths: [68]
2018-07-11 13:16:50,527 (e2e_asr_attctc_th:2067) INFO: input lengths: 17
2018-07-11 13:16:50,528 (e2e_asr_attctc_th:2091) INFO: max output length: 17
2018-07-11 13:16:50,528 (e2e_asr_attctc_th:2092) INFO: min output length: 0
2018-07-11 13:16:50,918 (e2e_asr_attctc_th:2199) INFO: end detected at 8
2018-07-11 13:16:50,918 (e2e_asr_attctc_th:2217) INFO: total log probability: -0.661828681827
2018-07-11 13:16:50,918 (e2e_asr_attctc_th:2218) INFO: normalized log probability: -0.220609560609
2018-07-11 13:16:50,920 (asr_pytorch:468) INFO: groundtruth[4_spk_4_079270-079340]: 妊
2018-07-11 13:16:50,920 (asr_pytorch:469) INFO: prediction [4_spk_4_079270-079340]: 好<eos>
2018-07-11 13:16:50,928 (e2e_asr_attctc_th:2977) INFO: BLSTMP input lengths: [488]
2018-07-11 13:16:51,542 (e2e_asr_attctc_th:2067) INFO: input lengths: 122
2018-07-11 13:16:51,542 (e2e_asr_attctc_th:2091) INFO: max output length: 122
2018-07-11 13:16:51,542 (e2e_asr_attctc_th:2092) INFO: min output length: 0
2018-07-11 13:16:56,869 (e2e_asr_attctc_th:2199) INFO: end detected at 41
2018-07-11 13:16:56,869 (e2e_asr_attctc_th:2217) INFO: total log probability: -41.4099017205
2018-07-11 13:16:56,869 (e2e_asr_attctc_th:2218) INFO: normalized log probability: -1.15027504779
2018-07-11 13:16:56,870 (asr_pytorch:468) INFO: groundtruth[9_spk_9_029855-030345]: 俏啯然鍋QSFMPIHEXESTXMSR八俊朕倔可側啦由PXI戡耐啦由4K嘍間阪嘍
2018-07-11 13:16:56,870 (asr_pytorch:469) INFO: prediction [9_spk_9_029855-030345]: 係噶網上咁咩跟著頭啊我上邊個佢哋喺度啊我又知道或者體能科招就可以關嘅<eos>
2018-07-11 13:16:56,879 (e2e_asr_attctc_th:2977) INFO: BLSTMP input lengths: [464]
2018-07-11 13:16:57,477 (e2e_asr_attctc_th:2067) INFO: input lengths: 116
2018-07-11 13:16:57,478 (e2e_asr_attctc_th:2091) INFO: max output length: 116
2018-07-11 13:16:57,478 (e2e_asr_attctc_th:2092) INFO: min output length: 0
2018-07-11 13:17:01,002 (e2e_asr_attctc_th:2199) INFO: end detected at 30
2018-07-11 13:17:01,002 (e2e_asr_attctc_th:2217) INFO: total log probability: -24.9590443466
2018-07-11 13:17:01,002 (e2e_asr_attctc_th:2218) INFO: normalized log probability: -1.03996018111
2018-07-11 13:17:01,003 (asr_pytorch:468) INFO: groundtruth[1505-2_spk_1505_2_004692-005158]: 朕陳晏咱服撳嗷倔RI_W嗷啼誇絀<unk>黒旨佬矮唪矮戛謬緘邕啼啖
2018-07-11 13:17:01,003 (asr_pytorch:469) INFO: prediction [1505-2_spk_1505_2_004692-005158]: 你知唔知我嗰個呢度坐啲長踩齣嚟嘅你見著我邊個<eos>
2018-07-11 13:17:01,011 (e2e_asr_attctc_th:2977) INFO: BLSTMP input lengths: [105]
2018-07-11 13:17:01,156 (e2e_asr_attctc_th:2067) INFO: input lengths: 27
2018-07-11 13:17:01,156 (e2e_asr_attctc_th:2091) INFO: max output length: 27
2018-07-11 13:17:01,156 (e2e_asr_attctc_th:2092) INFO: min output length: 0
2018-07-11 13:17:01,752 (e2e_asr_attctc_th:2199) INFO: end detected at 11
2018-07-11 13:17:01,752 (e2e_asr_attctc_th:2217) INFO: total log probability: -4.33851182461
2018-07-11 13:17:01,753 (e2e_asr_attctc_th:2218) INFO: normalized log probability: -0.867702364922
2018-07-11 13:17:01,753 (asr_pytorch:468) INFO: groundtruth[1505-2_spk_1505_2_030777-030883]: B
2018-07-11 13:17:01,753 (asr_pytorch:469) INFO: prediction [1505-2_spk_1505_2_030777-030883]: 但係咁<eos>
2018-07-11 13:17:01,761 (e2e_asr_attctc_th:2977) INFO: BLSTMP input lengths: [198]
2018-07-11 13:17:02,037 (e2e_asr_attctc_th:2067) INFO: input lengths: 50
2018-07-11 13:17:02,037 (e2e_asr_attctc_th:2091) INFO: max output length: 50
2018-07-11 13:17:02,037 (e2e_asr_attctc_th:2092) INFO: min output length: 0
2018-07-11 13:17:03,491 (e2e_asr_attctc_th:2206) INFO: no hypothesis. Finish decoding.
2018-07-11 13:17:03,491 (e2e_asr_attctc_th:2217) INFO: total log probability: -11.9552151784
2018-07-11 13:17:03,491 (e2e_asr_attctc_th:2218) INFO: normalized log probability: -0.747200948652
2018-07-11 13:17:03,491 (asr_pytorch:468) INFO: groundtruth[1503-1_spk_1503_1_046652-046852]: 姚俏譴妍誅戛仕旬啼UYSXE由曳啯
2018-07-11 13:17:03,491 (asr_pytorch:469) INFO: prediction [1503-1_spk_1503_1_046652-046852]: 一定話可能我今日勁高太就會快<eos>
2018-07-11 13:17:03,500 (e2e_asr_attctc_th:2977) INFO: BLSTMP input lengths: [394]
2018-07-11 13:17:04,082 (e2e_asr_attctc_th:2067) INFO: input lengths: 99
2018-07-11 13:17:04,083 (e2e_asr_attctc_th:2091) INFO: max output length: 99
2018-07-11 13:17:04,083 (e2e_asr_attctc_th:2092) INFO: min output length: 0
2018-07-11 13:17:07,012 (e2e_asr_attctc_th:2199) INFO: end detected at 27
2018-07-11 13:17:07,012 (e2e_asr_attctc_th:2217) INFO: total log probability: -10.2974442989
2018-07-11 13:17:07,012 (e2e_asr_attctc_th:2218) INFO: normalized log probability: -0.468065649948
2018-07-11 13:17:07,013 (asr_pytorch:468) INFO: groundtruth[1504-1_spk_1504_1_012654-013050]: 朕妊夥兲各俏咋旨朕啼然院且綺呯俏院逮旨朕啼
2018-07-11 13:17:07,013 (asr_pytorch:469) INFO: prediction [1504-1_spk_1504_1_012654-013050]: 有好多公司係咁嘅有啲玩上網呢係限速嘅有啲<eos>
2018-07-11 13:17:07,021 (e2e_asr_attctc_th:2977) INFO: BLSTMP input lengths: [162]
2018-07-11 13:17:07,235 (e2e_asr_attctc_th:2067) INFO: input lengths: 41
2018-07-11 13:17:07,235 (e2e_asr_attctc_th:2091) INFO: max output length: 41
2018-07-11 13:17:07,235 (e2e_asr_attctc_th:2092) INFO: min output length: 0
2018-07-11 13:17:08,009 (e2e_asr_attctc_th:2206) INFO: no hypothesis. Finish decoding.
2018-07-11 13:17:08,009 (e2e_asr_attctc_th:2217) INFO: total log probability: -2.61811554804
2018-07-11 13:17:08,009 (e2e_asr_attctc_th:2218) INFO: normalized log probability: -0.261811554804
2018-07-11 13:17:08,010 (asr_pytorch:468) INFO: groundtruth[1501-1_spk_1501_1_056509-056673]: 俏啯尻JSV迫<unk>叨囖
2018-07-11 13:17:08,010 (asr_pytorch:469) INFO: prediction [1501-1_spk_1501_1_056509-056673]: 係咯就放翻齣口咯<eos>
2018-07-11 13:17:08,023 (e2e_asr_attctc_th:2977) INFO: BLSTMP input lengths: [211]
2018-07-11 13:17:08,340 (e2e_asr_attctc_th:2067) INFO: input lengths: 53
2018-07-11 13:17:08,341 (e2e_asr_attctc_th:2091) INFO: max output length: 53
2018-07-11 13:17:08,341 (e2e_asr_attctc_th:2092) INFO: min output length: 0
2018-07-11 13:17:08,938 (e2e_asr_attctc_th:2199) INFO: end detected at 10
2018-07-11 13:17:08,939 (e2e_asr_attctc_th:2217) INFO: total log probability: -0.540359211154
2018-07-11 13:17:08,939 (e2e_asr_attctc_th:2218) INFO: normalized log probability: -0.108071842231
2018-07-11 13:17:08,939 (asr_pytorch:468) INFO: groundtruth[1504-2_spk_1504_2_078160-078373]: 嗶嗶嗶
2018-07-11 13:17:08,940 (asr_pytorch:469) INFO: prediction [1504-2_spk_1504_2_078160-078373]: 嗯嗯嗯<eos>
2018-07-11 13:17:08,949 (e2e_asr_attctc_th:2977) INFO: BLSTMP input lengths: [376]
2018-07-11 13:17:09,440 (e2e_asr_attctc_th:2067) INFO: input lengths: 94
2018-07-11 13:17:09,440 (e2e_asr_attctc_th:2091) INFO: max output length: 94
2018-07-11 13:17:09,440 (e2e_asr_attctc_th:2092) INFO: min output length: 0
2018-07-11 13:17:13,372 (e2e_asr_attctc_th:2199) INFO: end detected at 34
2018-07-11 13:17:13,373 (e2e_asr_attctc_th:2217) INFO: total log probability: -12.4951619183
2018-07-11 13:17:13,373 (e2e_asr_attctc_th:2218) INFO: normalized log probability: -0.446255782798
2018-07-11 13:17:13,374 (asr_pytorch:468) INFO: groundtruth[1502-2_spk_1502_2_015346-015724]: 冗刺晏眯俏唪天由嘍晏倣尻服YTKVEHI迫且叄卉兵KF由迫囖
2018-07-11 13:17:13,374 (asr_pytorch:469) INFO: prediction [1502-2_spk_1502_2_015346-015724]: 再到時真係唔夠用嘅時候就話ORED翻上去十粒一樣翻咯<eos>
2018-07-11 13:17:13,381 (e2e_asr_attctc_th:2977) INFO: BLSTMP input lengths: [94]
2018-07-11 13:17:13,528 (e2e_asr_attctc_th:2067) INFO: input lengths: 24
2018-07-11 13:17:13,529 (e2e_asr_attctc_th:2091) INFO: max output length: 24
2018-07-11 13:17:13,529 (e2e_asr_attctc_th:2092) INFO: min output length: 0
2018-07-11 13:17:14,638 (e2e_asr_attctc_th:2199) INFO: end detected at 16
2018-07-11 13:17:14,639 (e2e_asr_attctc_th:2217) INFO: total log probability: -7.32111720741
2018-07-11 13:17:14,639 (e2e_asr_attctc_th:2218) INFO: normalized log probability: -0.81345746749
2018-07-11 13:17:14,640 (asr_pytorch:468) INFO: groundtruth[1501-2_spk_1501_2_042045-042141]: LEEKIRHE¥嗷啼
2018-07-11 13:17:14,640 (asr_pytorch:469) INFO: prediction [1501-2_spk_1501_2_042045-042141]: ALENT嗰啲<eos>
2018-07-11 13:17:14,652 (e2e_asr_attctc_th:2977) INFO: BLSTMP input lengths: [392]
2018-07-11 13:17:15,229 (e2e_asr_attctc_th:2067) INFO: input lengths: 98
2018-07-11 13:17:15,229 (e2e_asr_attctc_th:2091) INFO: max output length: 98
2018-07-11 13:17:15,229 (e2e_asr_attctc_th:2092) INFO: min output length: 0
2018-07-11 13:17:21,134 (e2e_asr_attctc_th:2199) INFO: end detected at 37
2018-07-11 13:17:21,134 (e2e_asr_attctc_th:2217) INFO: total log probability: -18.8378133912
2018-07-11 13:17:21,134 (e2e_asr_attctc_th:2218) INFO: normalized log probability: -0.588681668476
2018-07-11 13:17:21,136 (asr_pytorch:468) INFO: groundtruth[1505-1_spk_1505_1_066840-067234]: 妍枱佬誅眯俏姚俏妊而寫謬SRPMRIKEQI嗷啼呯尻司脇眯俏服窟柎
2018-07-11 13:17:21,136 (asr_pytorch:469) INFO: prediction [1505-1_spk_1505_1_066840-067234]: 如果你話真係真係好好細講我啱啱GAME嗰啲啦仲可能真係好質噶<eos>
2018-07-11 13:17:21,149 (e2e_asr_attctc_th:2977) INFO: BLSTMP input lengths: [55]
2018-07-11 13:17:21,272 (e2e_asr_attctc_th:2067) INFO: input lengths: 14
2018-07-11 13:17:21,273 (e2e_asr_attctc_th:2091) INFO: max output length: 14
2018-07-11 13:17:21,273 (e2e_asr_attctc_th:2092) INFO: min output length: 0
2018-07-11 13:17:22,000 (e2e_asr_attctc_th:2199) INFO: end detected at 10
2018-07-11 13:17:22,000 (e2e_asr_attctc_th:2217) INFO: total log probability: -3.68324534595
2018-07-11 13:17:22,000 (e2e_asr_attctc_th:2218) INFO: normalized log probability: -0.73664906919
2018-07-11 13:17:22,002 (asr_pytorch:468) INFO: groundtruth[8_spk_8_004610-004667]: 筐筐呈
2018-07-11 13:17:22,002 (asr_pytorch:469) INFO: prediction [8_spk_8_004610-004667]: 玩但係<eos>
2018-07-11 13:17:22,014 (e2e_asr_attctc_th:2977) INFO: BLSTMP input lengths: [94]
2018-07-11 13:17:22,251 (e2e_asr_attctc_th:2067) INFO: input lengths: 24
2018-07-11 13:17:22,251 (e2e_asr_attctc_th:2091) INFO: max output length: 24
2018-07-11 13:17:22,251 (e2e_asr_attctc_th:2092) INFO: min output length: 0
2018-07-11 13:17:23,335 (e2e_asr_attctc_th:2199) INFO: end detected at 13
2018-07-11 13:17:23,335 (e2e_asr_attctc_th:2217) INFO: total log probability: -1.89891366102
2018-07-11 13:17:23,335 (e2e_asr_attctc_th:2218) INFO: normalized log probability: -0.237364207627
2018-07-11 13:17:23,336 (asr_pytorch:468) INFO: groundtruth[1502-2_spk_1502_2_040674-040770]: 囹烕郷閊啯
2018-07-11 13:17:23,337 (asr_pytorch:469) INFO: prediction [1502-2_spk_1502_2_040674-040770]: 因為部門啊我<eos>
2018-07-11 13:17:23,350 (e2e_asr_attctc_th:2977) INFO: BLSTMP input lengths: [26]
2018-07-11 13:17:23,418 (e2e_asr_attctc_th:2067) INFO: input lengths: 7
2018-07-11 13:17:23,419 (e2e_asr_attctc_th:2091) INFO: max output length: 7
2018-07-11 13:17:23,419 (e2e_asr_attctc_th:2092) INFO: min output length: 0
2018-07-11 13:17:23,762 (e2e_asr_attctc_th:2180) INFO: adding <eos> in the last postion in the loop
2018-07-11 13:17:23,763 (e2e_asr_attctc_th:2206) INFO: no hypothesis. Finish decoding.
2018-07-11 13:17:23,763 (e2e_asr_attctc_th:2217) INFO: total log probability: -0.00918917427771
2018-07-11 13:17:23,763 (e2e_asr_attctc_th:2218) INFO: normalized log probability: -0.00306305809257
2018-07-11 13:17:23,764 (asr_pytorch:468) INFO: groundtruth[1502-2_spk_1502_2_065200-065228]: 俏
2018-07-11 13:17:23,764 (asr_pytorch:469) INFO: prediction [1502-2_spk_1502_2_065200-065228]: 係<eos>
2018-07-11 13:17:23,778 (e2e_asr_attctc_th:2977) INFO: BLSTMP input lengths: [63]
2018-07-11 13:17:23,916 (e2e_asr_attctc_th:2067) INFO: input lengths: 16
2018-07-11 13:17:23,916 (e2e_asr_attctc_th:2091) INFO: max output length: 16
2018-07-11 13:17:23,916 (e2e_asr_attctc_th:2092) INFO: min output length: 0
2018-07-11 13:17:24,586 (e2e_asr_attctc_th:2199) INFO: end detected at 10
2018-07-11 13:17:24,587 (e2e_asr_attctc_th:2217) INFO: total log probability: -2.60294194147
2018-07-11 13:17:24,587 (e2e_asr_attctc_th:2218) INFO: normalized log probability: -0.650735485367
2018-07-11 13:17:24,588 (asr_pytorch:468) INFO: groundtruth[1503-2_spk_1503_2_100191-100256]: 拯拯
2018-07-11 13:17:24,588 (asr_pytorch:469) INFO: prediction [1503-2_spk_1503_2_100191-100256]: 大大<eos>
2018-07-11 13:17:24,601 (e2e_asr_attctc_th:2977) INFO: BLSTMP input lengths: [28]
2018-07-11 13:17:24,684 (e2e_asr_attctc_th:2067) INFO: input lengths: 7
2018-07-11 13:17:24,685 (e2e_asr_attctc_th:2091) INFO: max output length: 7
2018-07-11 13:17:24,685 (e2e_asr_attctc_th:2092) INFO: min output length: 0
2018-07-11 13:17:25,025 (e2e_asr_attctc_th:2180) INFO: adding <eos> in the last postion in the loop
2018-07-11 13:17:25,026 (e2e_asr_attctc_th:2206) INFO: no hypothesis. Finish decoding.
2018-07-11 13:17:25,026 (e2e_asr_attctc_th:2217) INFO: total log probability: -0.0200665229931
2018-07-11 13:17:25,026 (e2e_asr_attctc_th:2218) INFO: normalized log probability: -0.00668884099772
2018-07-11 13:17:25,027 (asr_pytorch:468) INFO: groundtruth[1501-1_spk_1501_1_039946-039976]: 俏
2018-07-11 13:17:25,027 (asr_pytorch:469) INFO: prediction [1501-1_spk_1501_1_039946-039976]: 係<eos>
2018-07-11 13:17:25,042 (e2e_asr_attctc_th:2977) INFO: BLSTMP input lengths: [222]
2018-07-11 13:17:25,484 (e2e_asr_attctc_th:2067) INFO: input lengths: 56
2018-07-11 13:17:25,484 (e2e_asr_attctc_th:2091) INFO: max output length: 56
2018-07-11 13:17:25,485 (e2e_asr_attctc_th:2092) INFO: min output length: 0
2018-07-11 13:17:26,586 (e2e_asr_attctc_th:2206) INFO: no hypothesis. Finish decoding.
2018-07-11 13:17:26,587 (e2e_asr_attctc_th:2217) INFO: total log probability: -3.32268598117
2018-07-11 13:17:26,587 (e2e_asr_attctc_th:2218) INFO: normalized log probability: -0.332268598117
2018-07-11 13:17:26,587 (asr_pytorch:468) INFO: groundtruth[1502-2_spk_1502_2_054973-055197]: B佰呯倔尻唪從嘍
2018-07-11 13:17:26,587 (asr_pytorch:469) INFO: prediction [1502-2_spk_1502_2_054973-055197]: 誒許依個就唔得嘅<eos>
2018-07-11 13:17:26,595 (e2e_asr_attctc_th:2977) INFO: BLSTMP input lengths: [82]
2018-07-11 13:17:26,708 (e2e_asr_attctc_th:2067) INFO: input lengths: 21
2018-07-11 13:17:26,709 (e2e_asr_attctc_th:2091) INFO: max output length: 21
2018-07-11 13:17:26,709 (e2e_asr_attctc_th:2092) INFO: min output length: 0
2018-07-11 13:17:27,560 (e2e_asr_attctc_th:2199) INFO: end detected at 14
2018-07-11 13:17:27,560 (e2e_asr_attctc_th:2217) INFO: total log probability: -6.84976781998
2018-07-11 13:17:27,560 (e2e_asr_attctc_th:2218) INFO: normalized log probability: -0.684976781998
2018-07-11 13:17:27,561 (asr_pytorch:468) INFO: groundtruth[1502-2_spk_1502_2_051691-051776]: 潤用妍枱俏解從
2018-07-11 13:17:27,561 (asr_pytorch:469) INFO: prediction [1502-2_spk_1502_2_051691-051776]: 佢真係而傢人覺得<eos>
2018-07-11 13:17:27,569 (e2e_asr_attctc_th:2977) INFO: BLSTMP input lengths: [306]
2018-07-11 13:17:27,955 (e2e_asr_attctc_th:2067) INFO: input lengths: 77
2018-07-11 13:17:27,956 (e2e_asr_attctc_th:2091) INFO: max output length: 77
2018-07-11 13:17:27,956 (e2e_asr_attctc_th:2092) INFO: min output length: 0
2018-07-11 13:17:29,974 (e2e_asr_attctc_th:2199) INFO: end detected at 22
2018-07-11 13:17:29,975 (e2e_asr_attctc_th:2217) INFO: total log probability: -15.0948233306
2018-07-11 13:17:29,975 (e2e_asr_attctc_th:2218) INFO: normalized log probability: -0.887930784155
2018-07-11 13:17:29,976 (asr_pytorch:468) INFO: groundtruth[1504-2_spk_1504_2_070576-070884]: 姚俏姓絕鄔俏羣氈<unk>圳羣軀且劫嘢
2018-07-11 13:17:29,976 (asr_pytorch:469) INFO: prediction [1504-2_spk_1504_2_070576-070884]: 一點都因為係人冇齣嚟又通常啫嘛<eos>
2018-07-11 13:17:29,983 (e2e_asr_attctc_th:2977) INFO: BLSTMP input lengths: [98]
2018-07-11 13:17:30,123 (e2e_asr_attctc_th:2067) INFO: input lengths: 25
2018-07-11 13:17:30,124 (e2e_asr_attctc_th:2091) INFO: max output length: 25
2018-07-11 13:17:30,124 (e2e_asr_attctc_th:2092) INFO: min output length: 0
2018-07-11 13:17:30,788 (e2e_asr_attctc_th:2199) INFO: end detected at 12
2018-07-11 13:17:30,789 (e2e_asr_attctc_th:2217) INFO: total log probability: -3.12456050515
2018-07-11 13:17:30,789 (e2e_asr_attctc_th:2218) INFO: normalized log probability: -0.520760084192
2018-07-11 13:17:30,790 (asr_pytorch:468) INFO: groundtruth[3_spk_3_041730-041830]: 俏諛謬
2018-07-11 13:17:30,790 (asr_pytorch:469) INFO: prediction [3_spk_3_041730-041830]: 唔係請假<eos>
2018-07-11 13:17:30,798 (e2e_asr_attctc_th:2977) INFO: BLSTMP input lengths: [396]
2018-07-11 13:17:31,322 (e2e_asr_attctc_th:2067) INFO: input lengths: 99
2018-07-11 13:17:31,322 (e2e_asr_attctc_th:2091) INFO: max output length: 99
2018-07-11 13:17:31,322 (e2e_asr_attctc_th:2092) INFO: min output length: 0
2018-07-11 13:17:33,725 (e2e_asr_attctc_th:2199) INFO: end detected at 23
2018-07-11 13:17:33,725 (e2e_asr_attctc_th:2217) INFO: total log probability: -8.27824972291
2018-07-11 13:17:33,725 (e2e_asr_attctc_th:2218) INFO: normalized log probability: -0.459902762384
2018-07-11 13:17:33,726 (asr_pytorch:468) INFO: groundtruth[1505-1_spk_1505_1_063494-063891]: 俏啯咋囹烕佰倔綺絨逮庵旅<unk>俏朕手
2018-07-11 13:17:33,726 (asr_pytorch:469) INFO: prediction [1505-1_spk_1505_1_063494-063891]: 係啦咁因為佢個網絡速度方麵係有想<eos>
2018-07-11 13:17:33,734 (e2e_asr_attctc_th:2977) INFO: BLSTMP input lengths: [294]
2018-07-11 13:17:34,122 (e2e_asr_attctc_th:2067) INFO: input lengths: 74
2018-07-11 13:17:34,122 (e2e_asr_attctc_th:2091) INFO: max output length: 74
2018-07-11 13:17:34,122 (e2e_asr_attctc_th:2092) INFO: min output length: 0
2018-07-11 13:17:35,727 (e2e_asr_attctc_th:2206) INFO: no hypothesis. Finish decoding.
2018-07-11 13:17:35,727 (e2e_asr_attctc_th:2217) INFO: total log probability: -8.66183779761
2018-07-11 13:17:35,727 (e2e_asr_attctc_th:2218) INFO: normalized log probability: -0.509519870448
2018-07-11 13:17:35,728 (asr_pytorch:468) INFO: groundtruth[12_spk_12_005430-005726]: 泌俏呯囹烕戛嗷浦斌擢巾綪
2018-07-11 13:17:35,728 (asr_pytorch:469) INFO: prediction [12_spk_12_005430-005726]: 講係呢因為我個樓你係做過呢已經<eos>
2018-07-11 13:17:35,735 (e2e_asr_attctc_th:2977) INFO: BLSTMP input lengths: [78]
2018-07-11 13:17:35,840 (e2e_asr_attctc_th:2067) INFO: input lengths: 20
2018-07-11 13:17:35,841 (e2e_asr_attctc_th:2091) INFO: max output length: 20
2018-07-11 13:17:35,841 (e2e_asr_attctc_th:2092) INFO: min output length: 0
2018-07-11 13:17:36,446 (e2e_asr_attctc_th:2199) INFO: end detected at 12
2018-07-11 13:17:36,446 (e2e_asr_attctc_th:2217) INFO: total log probability: -0.328923909925
2018-07-11 13:17:36,446 (e2e_asr_attctc_th:2218) INFO: normalized log probability: -0.0469891299893
2018-07-11 13:17:36,447 (asr_pytorch:468) INFO: groundtruth[1502-2_spk_1502_2_093579-093659]: 刺晏俏吔佬
2018-07-11 13:17:36,447 (asr_pytorch:469) INFO: prediction [1502-2_spk_1502_2_093579-093659]: 到時係同你<eos>
2018-07-11 13:17:36,454 (e2e_asr_attctc_th:2977) INFO: BLSTMP input lengths: [30]
2018-07-11 13:17:36,503 (e2e_asr_attctc_th:2067) INFO: input lengths: 8
2018-07-11 13:17:36,503 (e2e_asr_attctc_th:2091) INFO: max output length: 8
2018-07-11 13:17:36,503 (e2e_asr_attctc_th:2092) INFO: min output length: 0
2018-07-11 13:17:36,773 (e2e_asr_attctc_th:2180) INFO: adding <eos> in the last postion in the loop
2018-07-11 13:17:36,773 (e2e_asr_attctc_th:2206) INFO: no hypothesis. Finish decoding.
2018-07-11 13:17:36,773 (e2e_asr_attctc_th:2217) INFO: total log probability: -0.246879444923
2018-07-11 13:17:36,773 (e2e_asr_attctc_th:2218) INFO: normalized log probability: -0.0617198612308
2018-07-11 13:17:36,774 (asr_pytorch:468) INFO: groundtruth[1502-2_spk_1502_2_009014-009046]: 俏啯
2018-07-11 13:17:36,774 (asr_pytorch:469) INFO: prediction [1502-2_spk_1502_2_009014-009046]: 係啦<eos>
# Accounting: time=264 threads=1
# Ended (code 0) at Wed Jul 11 13:17:36 HKT 2018, elapsed time 264 seconds
# Accounting: time=526 threads=1
# Ended (code 0) at Wed Jul 11 13:20:35 HKT 2018, elapsed time 526 seconds
