# asr_recog.py --ngpu 0 --backend pytorch --recog-json smartone_data/smartone_kaldi/split32utt/data.27.json --result-label smartone_data/baseline/decode/data.27.json --model smartone_data/baseline/model.acc.best --model-conf smartone_data/baseline/model.conf --beam-size 20 --penalty 0.0 --maxlenratio 0.0 --minlenratio 0.0 --ctc-weight 0.3 
# Started at Wed Jul 11 13:13:12 HKT 2018
#
2018-07-11 13:13:13,022 (asr_recog:110) INFO: python path = /home/lahiru/Devinstalls/espnet_new/espnet/egs/domain_adaptation_cantonese/asr5/../../../src/lm/:/home/lahiru/Devinstalls/espnet_new/espnet/egs/domain_adaptation_cantonese/asr5/../../../src/asr/:/home/lahiru/Devinstalls/espnet_new/espnet/egs/domain_adaptation_cantonese/asr5/../../../src/nets/:/home/lahiru/Devinstalls/espnet_new/espnet/egs/domain_adaptation_cantonese/asr5/../../../src/utils/:/home/lahiru/Devinstalls/espnet_new/espnet/egs/domain_adaptation_cantonese/asr5/../../../src/bin/:/home/lahiru/Devinstalls/espnet_new/espnet/egs/domain_adaptation_cantonese/asr5/../../../src/lm/:/home/lahiru/Devinstalls/espnet_new/espnet/egs/domain_adaptation_cantonese/asr5/../../../src/asr/:/home/lahiru/Devinstalls/espnet_new/espnet/egs/domain_adaptation_cantonese/asr5/../../../src/nets/:/home/lahiru/Devinstalls/espnet_new/espnet/egs/domain_adaptation_cantonese/asr5/../../../src/utils/:/home/lahiru/Devinstalls/espnet_new/espnet/egs/domain_adaptation_cantonese/asr5/../../../src/bin/:
2018-07-11 13:13:13,023 (asr_recog:115) INFO: set random seed = 1
2018-07-11 13:13:13,023 (asr_recog:118) INFO: backend = pytorch
2018-07-11 13:13:13,741 (asr_pytorch:393) INFO: reading a model config file fromsmartone_data/baseline/model.conf
2018-07-11 13:13:13,767 (asr_pytorch:397) INFO: ARGS: backend: pytorch
2018-07-11 13:13:13,767 (asr_pytorch:397) INFO: ARGS: beam_size: 20
2018-07-11 13:13:13,768 (asr_pytorch:397) INFO: ARGS: ctc_weight: 0.3
2018-07-11 13:13:13,768 (asr_pytorch:397) INFO: ARGS: da: 0
2018-07-11 13:13:13,768 (asr_pytorch:397) INFO: ARGS: daconfig: 3
2018-07-11 13:13:13,768 (asr_pytorch:397) INFO: ARGS: datype: bias
2018-07-11 13:13:13,768 (asr_pytorch:397) INFO: ARGS: debugmode: 1
2018-07-11 13:13:13,768 (asr_pytorch:397) INFO: ARGS: gpu: None
2018-07-11 13:13:13,768 (asr_pytorch:397) INFO: ARGS: lm_weight: 0.1
2018-07-11 13:13:13,768 (asr_pytorch:397) INFO: ARGS: maxlenratio: 0.0
2018-07-11 13:13:13,768 (asr_pytorch:397) INFO: ARGS: minlenratio: 0.0
2018-07-11 13:13:13,768 (asr_pytorch:397) INFO: ARGS: model: smartone_data/baseline/model.acc.best
2018-07-11 13:13:13,768 (asr_pytorch:397) INFO: ARGS: model_conf: smartone_data/baseline/model.conf
2018-07-11 13:13:13,768 (asr_pytorch:397) INFO: ARGS: nbest: 1
2018-07-11 13:13:13,768 (asr_pytorch:397) INFO: ARGS: ngpu: 0
2018-07-11 13:13:13,768 (asr_pytorch:397) INFO: ARGS: penalty: 0.0
2018-07-11 13:13:13,768 (asr_pytorch:397) INFO: ARGS: recog_feat: None
2018-07-11 13:13:13,768 (asr_pytorch:397) INFO: ARGS: recog_json: smartone_data/smartone_kaldi/split32utt/data.27.json
2018-07-11 13:13:13,768 (asr_pytorch:397) INFO: ARGS: recog_label: None
2018-07-11 13:13:13,768 (asr_pytorch:397) INFO: ARGS: result_label: smartone_data/baseline/decode/data.27.json
2018-07-11 13:13:13,769 (asr_pytorch:397) INFO: ARGS: rnnlm: None
2018-07-11 13:13:13,769 (asr_pytorch:397) INFO: ARGS: seed: 1
2018-07-11 13:13:13,769 (asr_pytorch:397) INFO: ARGS: verbose: 1
2018-07-11 13:13:13,769 (asr_pytorch:397) INFO: ARGS: word_dict: None
2018-07-11 13:13:13,769 (asr_pytorch:397) INFO: ARGS: word_rnnlm: None
2018-07-11 13:13:13,769 (asr_pytorch:400) INFO: reading model parameters fromsmartone_data/baseline/model.acc.best
2018-07-11 13:13:13,769 (e2e_asr_attctc_th:184) INFO: subsample: 1 2 2 1 1
2018-07-11 13:13:13,881 (e2e_asr_attctc_th:2317) INFO: BLSTM with every-layer projection for encoder
2018-07-11 13:13:15,463 (e2e_asr_attctc_th:2977) INFO: BLSTMP input lengths: [564]
2018-07-11 13:13:16,202 (e2e_asr_attctc_th:2067) INFO: input lengths: 141
2018-07-11 13:13:16,202 (e2e_asr_attctc_th:2091) INFO: max output length: 141
2018-07-11 13:13:16,202 (e2e_asr_attctc_th:2092) INFO: min output length: 0
2018-07-11 13:13:22,029 (e2e_asr_attctc_th:2199) INFO: end detected at 42
2018-07-11 13:13:22,030 (e2e_asr_attctc_th:2217) INFO: total log probability: -39.7706234567
2018-07-11 13:13:22,030 (e2e_asr_attctc_th:2218) INFO: normalized log probability: -1.07488171505
2018-07-11 13:13:22,031 (asr_pytorch:468) INFO: groundtruth[1503-1_spk_1503_1_033230-033796]: 三GLIGO迫帽喵去侏睛迫去侏戛俏HEXE唪天由咋跨何纍纔由旨晏倣尻放差朔賀咋樺樺啯
2018-07-11 13:13:22,031 (asr_pytorch:469) INFO: prediction [1503-1_spk_1503_1_033230-033796]: 一齣翻長但係其實大傢住來我係機行啊用咁跟著曬最近嘅成日收咗試曬咁樣樣啦<eos>
2018-07-11 13:13:22,040 (e2e_asr_attctc_th:2977) INFO: BLSTMP input lengths: [428]
2018-07-11 13:13:22,618 (e2e_asr_attctc_th:2067) INFO: input lengths: 107
2018-07-11 13:13:22,619 (e2e_asr_attctc_th:2091) INFO: max output length: 107
2018-07-11 13:13:22,619 (e2e_asr_attctc_th:2092) INFO: min output length: 0
2018-07-11 13:13:26,637 (e2e_asr_attctc_th:2199) INFO: end detected at 35
2018-07-11 13:13:26,637 (e2e_asr_attctc_th:2217) INFO: total log probability: -41.6272270996
2018-07-11 13:13:26,637 (e2e_asr_attctc_th:2218) INFO: normalized log probability: -1.34281377741
2018-07-11 13:13:26,638 (asr_pytorch:468) INFO: groundtruth[8_spk_8_066937-067367]: 冀寫倔B逮庵旅<unk>啯戡耐俏掩放旅<unk>啯三宣俏服彋道3K嘍
2018-07-11 13:13:26,638 (asr_pytorch:469) INFO: prediction [8_spk_8_066937-067367]: 其實個我食速度齣麵十七十一次三十七麵食嗰陣時會求我個心知嘅<eos>
2018-07-11 13:13:26,646 (e2e_asr_attctc_th:2977) INFO: BLSTMP input lengths: [204]
2018-07-11 13:13:26,913 (e2e_asr_attctc_th:2067) INFO: input lengths: 51
2018-07-11 13:13:26,913 (e2e_asr_attctc_th:2091) INFO: max output length: 51
2018-07-11 13:13:26,914 (e2e_asr_attctc_th:2092) INFO: min output length: 0
2018-07-11 13:13:27,921 (e2e_asr_attctc_th:2199) INFO: end detected at 11
2018-07-11 13:13:27,922 (e2e_asr_attctc_th:2217) INFO: total log probability: -0.0225495018531
2018-07-11 13:13:27,922 (e2e_asr_attctc_th:2218) INFO: normalized log probability: -0.00322135740758
2018-07-11 13:13:27,923 (asr_pytorch:468) INFO: groundtruth[1501-1_spk_1501_1_074226-074432]: 手件朋妊尻
2018-07-11 13:13:27,923 (asr_pytorch:469) INFO: prediction [1501-1_spk_1501_1_074226-074432]: 所以最好就<eos>
2018-07-11 13:13:27,936 (e2e_asr_attctc_th:2977) INFO: BLSTMP input lengths: [121]
2018-07-11 13:13:28,187 (e2e_asr_attctc_th:2067) INFO: input lengths: 31
2018-07-11 13:13:28,187 (e2e_asr_attctc_th:2091) INFO: max output length: 31
2018-07-11 13:13:28,188 (e2e_asr_attctc_th:2092) INFO: min output length: 0
2018-07-11 13:13:29,590 (e2e_asr_attctc_th:2199) INFO: end detected at 15
2018-07-11 13:13:29,590 (e2e_asr_attctc_th:2217) INFO: total log probability: -7.66920188814
2018-07-11 13:13:29,590 (e2e_asr_attctc_th:2218) INFO: normalized log probability: -0.766920188814
2018-07-11 13:13:29,592 (asr_pytorch:468) INFO: groundtruth[1502-2_spk_1502_2_061667-061791]: 冀寫閊希司脇毯輓夥仇
2018-07-11 13:13:29,592 (asr_pytorch:469) INFO: prediction [1502-2_spk_1502_2_061667-061791]: 有門小學比較多人<eos>
2018-07-11 13:13:29,608 (e2e_asr_attctc_th:2977) INFO: BLSTMP input lengths: [113]
2018-07-11 13:13:29,860 (e2e_asr_attctc_th:2067) INFO: input lengths: 29
2018-07-11 13:13:29,861 (e2e_asr_attctc_th:2091) INFO: max output length: 29
2018-07-11 13:13:29,861 (e2e_asr_attctc_th:2092) INFO: min output length: 0
2018-07-11 13:13:31,008 (e2e_asr_attctc_th:2199) INFO: end detected at 13
2018-07-11 13:13:31,009 (e2e_asr_attctc_th:2217) INFO: total log probability: -11.07416749
2018-07-11 13:13:31,009 (e2e_asr_attctc_th:2218) INFO: normalized log probability: -1.84569458167
2018-07-11 13:13:31,010 (asr_pytorch:468) INFO: groundtruth[8_spk_8_005567-005682]: 喇佬妊假尖姚俏咱
2018-07-11 13:13:31,011 (asr_pytorch:469) INFO: prediction [8_spk_8_005567-005682]: 唉食先啊<eos>
2018-07-11 13:13:31,028 (e2e_asr_attctc_th:2977) INFO: BLSTMP input lengths: [315]
2018-07-11 13:13:31,744 (e2e_asr_attctc_th:2067) INFO: input lengths: 79
2018-07-11 13:13:31,745 (e2e_asr_attctc_th:2091) INFO: max output length: 79
2018-07-11 13:13:31,745 (e2e_asr_attctc_th:2092) INFO: min output length: 0
2018-07-11 13:13:35,235 (e2e_asr_attctc_th:2199) INFO: end detected at 25
2018-07-11 13:13:35,235 (e2e_asr_attctc_th:2217) INFO: total log probability: -16.7651205147
2018-07-11 13:13:35,235 (e2e_asr_attctc_th:2218) INFO: normalized log probability: -0.838256025733
2018-07-11 13:13:35,236 (asr_pytorch:468) INFO: groundtruth[3_spk_3_063379-063697]: 囹烕佬朋抽呯側279吟嘢
2018-07-11 13:13:35,236 (asr_pytorch:469) INFO: prediction [3_spk_3_063379-063697]: 翻學你會係你最抵呢仲要識手啊嘛係啊嘛<eos>
2018-07-11 13:13:35,248 (e2e_asr_attctc_th:2977) INFO: BLSTMP input lengths: [44]
2018-07-11 13:13:35,344 (e2e_asr_attctc_th:2067) INFO: input lengths: 11
2018-07-11 13:13:35,344 (e2e_asr_attctc_th:2091) INFO: max output length: 11
2018-07-11 13:13:35,345 (e2e_asr_attctc_th:2092) INFO: min output length: 0
2018-07-11 13:13:35,643 (e2e_asr_attctc_th:2199) INFO: end detected at 7
2018-07-11 13:13:35,643 (e2e_asr_attctc_th:2217) INFO: total log probability: -0.0543622033438
2018-07-11 13:13:35,643 (e2e_asr_attctc_th:2218) INFO: normalized log probability: -0.0181207344479
2018-07-11 13:13:35,644 (asr_pytorch:468) INFO: groundtruth[1504-2_spk_1504_2_011860-011906]: 丕
2018-07-11 13:13:35,644 (asr_pytorch:469) INFO: prediction [1504-2_spk_1504_2_011860-011906]: 啊<eos>
2018-07-11 13:13:35,652 (e2e_asr_attctc_th:2977) INFO: BLSTMP input lengths: [326]
2018-07-11 13:13:36,061 (e2e_asr_attctc_th:2067) INFO: input lengths: 82
2018-07-11 13:13:36,061 (e2e_asr_attctc_th:2091) INFO: max output length: 82
2018-07-11 13:13:36,061 (e2e_asr_attctc_th:2092) INFO: min output length: 0
2018-07-11 13:13:38,762 (e2e_asr_attctc_th:2199) INFO: end detected at 27
2018-07-11 13:13:38,762 (e2e_asr_attctc_th:2217) INFO: total log probability: -7.57557876222
2018-07-11 13:13:38,763 (e2e_asr_attctc_th:2218) INFO: normalized log probability: -0.344344489192
2018-07-11 13:13:38,764 (asr_pytorch:468) INFO: groundtruth[1504-1_spk_1504_1_091954-092282]: 咋冀寫囹烕呯戛址呯啼扔換霆誅佬見籌紋劫嘢
2018-07-11 13:13:38,764 (asr_pytorch:469) INFO: prediction [1504-1_spk_1504_1_091954-092282]: 咁其實因為呢我哋呢啲手提電話嘞要簽藥噶嘛<eos>
2018-07-11 13:13:38,776 (e2e_asr_attctc_th:2977) INFO: BLSTMP input lengths: [153]
2018-07-11 13:13:38,997 (e2e_asr_attctc_th:2067) INFO: input lengths: 39
2018-07-11 13:13:38,997 (e2e_asr_attctc_th:2091) INFO: max output length: 39
2018-07-11 13:13:38,997 (e2e_asr_attctc_th:2092) INFO: min output length: 0
2018-07-11 13:13:39,604 (e2e_asr_attctc_th:2199) INFO: end detected at 10
2018-07-11 13:13:39,605 (e2e_asr_attctc_th:2217) INFO: total log probability: -3.92474037409
2018-07-11 13:13:39,605 (e2e_asr_attctc_th:2218) INFO: normalized log probability: -0.981185093522
2018-07-11 13:13:39,605 (asr_pytorch:468) INFO: groundtruth[9_spk_9_029380-029535]: 哭鄔俏
2018-07-11 13:13:39,605 (asr_pytorch:469) INFO: prediction [9_spk_9_029380-029535]: 得啊<eos>
2018-07-11 13:13:39,614 (e2e_asr_attctc_th:2977) INFO: BLSTMP input lengths: [393]
2018-07-11 13:13:40,114 (e2e_asr_attctc_th:2067) INFO: input lengths: 99
2018-07-11 13:13:40,114 (e2e_asr_attctc_th:2091) INFO: max output length: 99
2018-07-11 13:13:40,114 (e2e_asr_attctc_th:2092) INFO: min output length: 0
2018-07-11 13:13:43,916 (e2e_asr_attctc_th:2199) INFO: end detected at 32
2018-07-11 13:13:43,917 (e2e_asr_attctc_th:2217) INFO: total log probability: -19.0690412372
2018-07-11 13:13:43,917 (e2e_asr_attctc_th:2218) INFO: normalized log probability: -0.706260786564
2018-07-11 13:13:43,917 (asr_pytorch:468) INFO: groundtruth[1504-1_spk_1504_1_029641-030036]: 妊而寫謬吟冀寫咋夥閙兲各黒謬尻節佬耗<unk>尻節側丹稍勞啖
2018-07-11 13:13:43,918 (asr_pytorch:469) INFO: prediction [1504-1_spk_1504_1_029641-030036]: 好好食講啦就係咁得嗰陣時講就算你而傢就算足中意動啦<eos>
2018-07-11 13:13:43,925 (e2e_asr_attctc_th:2977) INFO: BLSTMP input lengths: [96]
2018-07-11 13:13:44,056 (e2e_asr_attctc_th:2067) INFO: input lengths: 24
2018-07-11 13:13:44,056 (e2e_asr_attctc_th:2091) INFO: max output length: 24
2018-07-11 13:13:44,056 (e2e_asr_attctc_th:2092) INFO: min output length: 0
2018-07-11 13:13:44,145 (e2e_asr_attctc_th:2206) INFO: no hypothesis. Finish decoding.
2018-07-11 13:13:44,145 (e2e_asr_attctc_th:2217) INFO: total log probability: -1.47222165763
2018-07-11 13:13:44,145 (e2e_asr_attctc_th:2218) INFO: normalized log probability: -0.490740552545
2018-07-11 13:13:44,145 (asr_pytorch:468) INFO: groundtruth[1503-2_spk_1503_2_074699-074797]: 妊
2018-07-11 13:13:44,145 (asr_pytorch:469) INFO: prediction [1503-2_spk_1503_2_074699-074797]: 好<eos>
2018-07-11 13:13:44,152 (e2e_asr_attctc_th:2977) INFO: BLSTMP input lengths: [25]
2018-07-11 13:13:44,194 (e2e_asr_attctc_th:2067) INFO: input lengths: 7
2018-07-11 13:13:44,195 (e2e_asr_attctc_th:2091) INFO: max output length: 7
2018-07-11 13:13:44,195 (e2e_asr_attctc_th:2092) INFO: min output length: 0
2018-07-11 13:13:44,413 (e2e_asr_attctc_th:2180) INFO: adding <eos> in the last postion in the loop
2018-07-11 13:13:44,414 (e2e_asr_attctc_th:2206) INFO: no hypothesis. Finish decoding.
2018-07-11 13:13:44,414 (e2e_asr_attctc_th:2217) INFO: total log probability: -0.593758717179
2018-07-11 13:13:44,414 (e2e_asr_attctc_th:2218) INFO: normalized log probability: -0.197919572393
2018-07-11 13:13:44,414 (asr_pytorch:468) INFO: groundtruth[1501-1_spk_1501_1_004201-004228]: 唪
2018-07-11 13:13:44,415 (asr_pytorch:469) INFO: prediction [1501-1_spk_1501_1_004201-004228]: 嗯<eos>
2018-07-11 13:13:44,422 (e2e_asr_attctc_th:2977) INFO: BLSTMP input lengths: [234]
2018-07-11 13:13:44,731 (e2e_asr_attctc_th:2067) INFO: input lengths: 59
2018-07-11 13:13:44,732 (e2e_asr_attctc_th:2091) INFO: max output length: 59
2018-07-11 13:13:44,732 (e2e_asr_attctc_th:2092) INFO: min output length: 0
2018-07-11 13:13:47,755 (e2e_asr_attctc_th:2199) INFO: end detected at 25
2018-07-11 13:13:47,755 (e2e_asr_attctc_th:2217) INFO: total log probability: -21.6362306774
2018-07-11 13:13:47,755 (e2e_asr_attctc_th:2218) INFO: normalized log probability: -1.13874898302
2018-07-11 13:13:47,756 (asr_pytorch:468) INFO: groundtruth[1503-1_spk_1503_1_040982-041218]: 咋徘尖姚旨誅睛丕佬服唪服誅肇旬佬旅俊葛閊希
2018-07-11 13:13:47,756 (asr_pytorch:469) INFO: prediction [1503-1_spk_1503_1_040982-041218]: 咁著佢話翻餐咪會話成日你方便留好似<eos>
2018-07-11 13:13:47,764 (e2e_asr_attctc_th:2977) INFO: BLSTMP input lengths: [17]
2018-07-11 13:13:47,796 (e2e_asr_attctc_th:2067) INFO: input lengths: 5
2018-07-11 13:13:47,797 (e2e_asr_attctc_th:2091) INFO: max output length: 5
2018-07-11 13:13:47,797 (e2e_asr_attctc_th:2092) INFO: min output length: 0
2018-07-11 13:13:47,989 (e2e_asr_attctc_th:2180) INFO: adding <eos> in the last postion in the loop
2018-07-11 13:13:47,989 (e2e_asr_attctc_th:2206) INFO: no hypothesis. Finish decoding.
2018-07-11 13:13:47,989 (e2e_asr_attctc_th:2217) INFO: total log probability: -0.255493864417
2018-07-11 13:13:47,989 (e2e_asr_attctc_th:2218) INFO: normalized log probability: -0.0851646214724
2018-07-11 13:13:47,990 (asr_pytorch:468) INFO: groundtruth[1501-1_spk_1501_1_025970-025989]: 俏
2018-07-11 13:13:47,990 (asr_pytorch:469) INFO: prediction [1501-1_spk_1501_1_025970-025989]: 係<eos>
2018-07-11 13:13:48,002 (e2e_asr_attctc_th:2977) INFO: BLSTMP input lengths: [228]
2018-07-11 13:13:48,299 (e2e_asr_attctc_th:2067) INFO: input lengths: 57
2018-07-11 13:13:48,299 (e2e_asr_attctc_th:2091) INFO: max output length: 57
2018-07-11 13:13:48,300 (e2e_asr_attctc_th:2092) INFO: min output length: 0
2018-07-11 13:13:49,633 (e2e_asr_attctc_th:2206) INFO: no hypothesis. Finish decoding.
2018-07-11 13:13:49,633 (e2e_asr_attctc_th:2217) INFO: total log probability: -5.26028322894
2018-07-11 13:13:49,633 (e2e_asr_attctc_th:2218) INFO: normalized log probability: -0.350685548596
2018-07-11 13:13:49,634 (asr_pytorch:468) INFO: groundtruth[3_spk_3_060775-061004]: 咋咱纍纔OIIT畸兮幻纍纔由咒嘢
2018-07-11 13:13:49,634 (asr_pytorch:469) INFO: prediction [3_spk_3_060775-061004]: 咁咪繼續K翻兩年繼續用咋嘛<eos>
2018-07-11 13:13:49,641 (e2e_asr_attctc_th:2977) INFO: BLSTMP input lengths: [31]
2018-07-11 13:13:49,689 (e2e_asr_attctc_th:2067) INFO: input lengths: 8
2018-07-11 13:13:49,689 (e2e_asr_attctc_th:2091) INFO: max output length: 8
2018-07-11 13:13:49,689 (e2e_asr_attctc_th:2092) INFO: min output length: 0
2018-07-11 13:13:50,005 (e2e_asr_attctc_th:2180) INFO: adding <eos> in the last postion in the loop
2018-07-11 13:13:50,006 (e2e_asr_attctc_th:2199) INFO: end detected at 7
2018-07-11 13:13:50,006 (e2e_asr_attctc_th:2217) INFO: total log probability: -0.0152285932563
2018-07-11 13:13:50,006 (e2e_asr_attctc_th:2218) INFO: normalized log probability: -0.00507619775211
2018-07-11 13:13:50,006 (asr_pytorch:468) INFO: groundtruth[1502-2_spk_1502_2_036672-036705]: 俏
2018-07-11 13:13:50,007 (asr_pytorch:469) INFO: prediction [1502-2_spk_1502_2_036672-036705]: 係<eos>
2018-07-11 13:13:50,015 (e2e_asr_attctc_th:2977) INFO: BLSTMP input lengths: [462]
2018-07-11 13:13:50,618 (e2e_asr_attctc_th:2067) INFO: input lengths: 116
2018-07-11 13:13:50,618 (e2e_asr_attctc_th:2091) INFO: max output length: 116
2018-07-11 13:13:50,618 (e2e_asr_attctc_th:2092) INFO: min output length: 0
2018-07-11 13:13:53,952 (e2e_asr_attctc_th:2199) INFO: end detected at 29
2018-07-11 13:13:53,953 (e2e_asr_attctc_th:2217) INFO: total log probability: -10.7950338875
2018-07-11 13:13:53,953 (e2e_asr_attctc_th:2218) INFO: normalized log probability: -0.449793078646
2018-07-11 13:13:53,954 (asr_pytorch:468) INFO: groundtruth[1505-1_spk_1505_1_047998-048462]: 嗷倔TPER旨唪吔喋啯囹烕戛址朕伍45K吔4K柎
2018-07-11 13:13:53,954 (asr_pytorch:469) INFO: prediction [1505-1_spk_1505_1_047998-048462]: 嗰個聽著唔同咯因為我就有分死啲唔知同埋四G嘅<eos>
2018-07-11 13:13:53,961 (e2e_asr_attctc_th:2977) INFO: BLSTMP input lengths: [93]
2018-07-11 13:13:54,088 (e2e_asr_attctc_th:2067) INFO: input lengths: 24
2018-07-11 13:13:54,089 (e2e_asr_attctc_th:2091) INFO: max output length: 24
2018-07-11 13:13:54,089 (e2e_asr_attctc_th:2092) INFO: min output length: 0
2018-07-11 13:13:54,789 (e2e_asr_attctc_th:2199) INFO: end detected at 11
2018-07-11 13:13:54,790 (e2e_asr_attctc_th:2217) INFO: total log probability: -3.00825254247
2018-07-11 13:13:54,790 (e2e_asr_attctc_th:2218) INFO: normalized log probability: -0.429750363209
2018-07-11 13:13:54,791 (asr_pytorch:468) INFO: groundtruth[1502-1_spk_1502_1_067394-067489]: 戛叄刺叄刺
2018-07-11 13:13:54,791 (asr_pytorch:469) INFO: prediction [1502-1_spk_1502_1_067394-067489]: 我去咗去夠<eos>
2018-07-11 13:13:54,798 (e2e_asr_attctc_th:2977) INFO: BLSTMP input lengths: [152]
2018-07-11 13:13:54,999 (e2e_asr_attctc_th:2067) INFO: input lengths: 38
2018-07-11 13:13:54,999 (e2e_asr_attctc_th:2091) INFO: max output length: 38
2018-07-11 13:13:54,999 (e2e_asr_attctc_th:2092) INFO: min output length: 0
2018-07-11 13:13:55,565 (e2e_asr_attctc_th:2206) INFO: no hypothesis. Finish decoding.
2018-07-11 13:13:55,566 (e2e_asr_attctc_th:2217) INFO: total log probability: -6.88646048307
2018-07-11 13:13:55,566 (e2e_asr_attctc_th:2218) INFO: normalized log probability: -0.860807560384
2018-07-11 13:13:55,566 (asr_pytorch:468) INFO: groundtruth[1502-2_spk_1502_2_002044-002198]: 俏呈手件晝尤
2018-07-11 13:13:55,566 (asr_pytorch:469) INFO: prediction [1502-2_spk_1502_2_002044-002198]: 係啊雖然間著<eos>
2018-07-11 13:13:55,574 (e2e_asr_attctc_th:2977) INFO: BLSTMP input lengths: [250]
2018-07-11 13:13:55,892 (e2e_asr_attctc_th:2067) INFO: input lengths: 63
2018-07-11 13:13:55,892 (e2e_asr_attctc_th:2091) INFO: max output length: 63
2018-07-11 13:13:55,892 (e2e_asr_attctc_th:2092) INFO: min output length: 0
2018-07-11 13:13:58,066 (e2e_asr_attctc_th:2199) INFO: end detected at 24
2018-07-11 13:13:58,066 (e2e_asr_attctc_th:2217) INFO: total log probability: -14.3104379233
2018-07-11 13:13:58,066 (e2e_asr_attctc_th:2218) INFO: normalized log probability: -0.795024329072
2018-07-11 13:13:58,067 (asr_pytorch:468) INFO: groundtruth[9_spk_9_049705-049957]: 咋唪矮佬朕然覢刺哲啼邀預嘍呯俏
2018-07-11 13:13:58,067 (asr_pytorch:469) INFO: prediction [9_spk_9_049705-049957]: 咁唔知有冇咁多呢一啲選項咪咯唔係<eos>
2018-07-11 13:13:58,075 (e2e_asr_attctc_th:2977) INFO: BLSTMP input lengths: [198]
2018-07-11 13:13:58,415 (e2e_asr_attctc_th:2067) INFO: input lengths: 50
2018-07-11 13:13:58,416 (e2e_asr_attctc_th:2091) INFO: max output length: 50
2018-07-11 13:13:58,416 (e2e_asr_attctc_th:2092) INFO: min output length: 0
2018-07-11 13:13:59,640 (e2e_asr_attctc_th:2206) INFO: no hypothesis. Finish decoding.
2018-07-11 13:13:59,640 (e2e_asr_attctc_th:2217) INFO: total log probability: -8.17678764462
2018-07-11 13:13:59,640 (e2e_asr_attctc_th:2218) INFO: normalized log probability: -0.58405626033
2018-07-11 13:13:59,640 (asr_pytorch:468) INFO: groundtruth[12_spk_12_017281-017481]: 嗶咋吔佬少三少賒斥幹佬GLIGO考啖
2018-07-11 13:13:59,641 (asr_pytorch:469) INFO: prediction [12_spk_12_017281-017481]: 嗯咁同你低佢先有過嚟齣翻<eos>
2018-07-11 13:13:59,648 (e2e_asr_attctc_th:2977) INFO: BLSTMP input lengths: [140]
2018-07-11 13:13:59,829 (e2e_asr_attctc_th:2067) INFO: input lengths: 35
2018-07-11 13:13:59,829 (e2e_asr_attctc_th:2091) INFO: max output length: 35
2018-07-11 13:13:59,829 (e2e_asr_attctc_th:2092) INFO: min output length: 0
2018-07-11 13:14:00,183 (e2e_asr_attctc_th:2206) INFO: no hypothesis. Finish decoding.
2018-07-11 13:14:00,183 (e2e_asr_attctc_th:2217) INFO: total log probability: -7.79074035818
2018-07-11 13:14:00,183 (e2e_asr_attctc_th:2218) INFO: normalized log probability: -1.29845672636
2018-07-11 13:14:00,184 (asr_pytorch:468) INFO: groundtruth[8_spk_8_015019-015162]: 三扚呈旁緣囖
2018-07-11 13:14:00,184 (asr_pytorch:469) INFO: prediction [8_spk_8_015019-015162]: 一點演濕<eos>
2018-07-11 13:14:00,191 (e2e_asr_attctc_th:2977) INFO: BLSTMP input lengths: [21]
2018-07-11 13:14:00,229 (e2e_asr_attctc_th:2067) INFO: input lengths: 6
2018-07-11 13:14:00,230 (e2e_asr_attctc_th:2091) INFO: max output length: 6
2018-07-11 13:14:00,230 (e2e_asr_attctc_th:2092) INFO: min output length: 0
2018-07-11 13:14:00,449 (e2e_asr_attctc_th:2180) INFO: adding <eos> in the last postion in the loop
2018-07-11 13:14:00,450 (e2e_asr_attctc_th:2206) INFO: no hypothesis. Finish decoding.
2018-07-11 13:14:00,450 (e2e_asr_attctc_th:2217) INFO: total log probability: -1.11074317247
2018-07-11 13:14:00,450 (e2e_asr_attctc_th:2218) INFO: normalized log probability: -0.370247724156
2018-07-11 13:14:00,451 (asr_pytorch:468) INFO: groundtruth[1501-1_spk_1501_1_078547-078570]: 俏
2018-07-11 13:14:00,451 (asr_pytorch:469) INFO: prediction [1501-1_spk_1501_1_078547-078570]: 係<eos>
2018-07-11 13:14:00,458 (e2e_asr_attctc_th:2977) INFO: BLSTMP input lengths: [67]
2018-07-11 13:14:00,555 (e2e_asr_attctc_th:2067) INFO: input lengths: 17
2018-07-11 13:14:00,556 (e2e_asr_attctc_th:2091) INFO: max output length: 17
2018-07-11 13:14:00,556 (e2e_asr_attctc_th:2092) INFO: min output length: 0
2018-07-11 13:14:00,788 (e2e_asr_attctc_th:2206) INFO: no hypothesis. Finish decoding.
2018-07-11 13:14:00,788 (e2e_asr_attctc_th:2217) INFO: total log probability: -2.77091959119
2018-07-11 13:14:00,788 (e2e_asr_attctc_th:2218) INFO: normalized log probability: -0.554183918238
2018-07-11 13:14:00,789 (asr_pytorch:468) INFO: groundtruth[1505-2_spk_1505_2_004289-004358]: 睛嗷啼RI_W
2018-07-11 13:14:00,789 (asr_pytorch:469) INFO: prediction [1505-2_spk_1505_2_004289-004358]: 誒啲咩<eos>
2018-07-11 13:14:00,797 (e2e_asr_attctc_th:2977) INFO: BLSTMP input lengths: [243]
2018-07-11 13:14:01,150 (e2e_asr_attctc_th:2067) INFO: input lengths: 61
2018-07-11 13:14:01,150 (e2e_asr_attctc_th:2091) INFO: max output length: 61
2018-07-11 13:14:01,150 (e2e_asr_attctc_th:2092) INFO: min output length: 0
2018-07-11 13:14:04,308 (e2e_asr_attctc_th:2199) INFO: end detected at 23
2018-07-11 13:14:04,309 (e2e_asr_attctc_th:2217) INFO: total log probability: -9.57507662196
2018-07-11 13:14:04,309 (e2e_asr_attctc_th:2218) INFO: normalized log probability: -0.53194870122
2018-07-11 13:14:04,310 (asr_pytorch:468) INFO: groundtruth[1502-2_spk_1502_2_072583-072828]: 宣刺序夥蚊呈戡耐俏邕平樟咋樺囖
2018-07-11 13:14:04,310 (asr_pytorch:469) INFO: prediction [1502-2_spk_1502_2_072583-072828]: 去到誒幾多號啊或者係邊同樓咁樣咯<eos>
2018-07-11 13:14:04,324 (e2e_asr_attctc_th:2977) INFO: BLSTMP input lengths: [145]
2018-07-11 13:14:04,633 (e2e_asr_attctc_th:2067) INFO: input lengths: 37
2018-07-11 13:14:04,634 (e2e_asr_attctc_th:2091) INFO: max output length: 37
2018-07-11 13:14:04,634 (e2e_asr_attctc_th:2092) INFO: min output length: 0
2018-07-11 13:14:05,935 (e2e_asr_attctc_th:2199) INFO: end detected at 14
2018-07-11 13:14:05,935 (e2e_asr_attctc_th:2217) INFO: total log probability: -5.92821088433
2018-07-11 13:14:05,935 (e2e_asr_attctc_th:2218) INFO: normalized log probability: -0.741026360542
2018-07-11 13:14:05,936 (asr_pytorch:468) INFO: groundtruth[1501-1_spk_1501_1_028854-029001]: 鄔冏谘匠嘍
2018-07-11 13:14:05,937 (asr_pytorch:469) INFO: prediction [1501-1_spk_1501_1_028854-029001]: 都冇變翻去隻<eos>
2018-07-11 13:14:05,951 (e2e_asr_attctc_th:2977) INFO: BLSTMP input lengths: [251]
2018-07-11 13:14:06,428 (e2e_asr_attctc_th:2067) INFO: input lengths: 63
2018-07-11 13:14:06,429 (e2e_asr_attctc_th:2091) INFO: max output length: 63
2018-07-11 13:14:06,429 (e2e_asr_attctc_th:2092) INFO: min output length: 0
2018-07-11 13:14:08,291 (e2e_asr_attctc_th:2206) INFO: no hypothesis. Finish decoding.
2018-07-11 13:14:08,292 (e2e_asr_attctc_th:2217) INFO: total log probability: -7.30968364002
2018-07-11 13:14:08,292 (e2e_asr_attctc_th:2218) INFO: normalized log probability: -0.522120260002
2018-07-11 13:14:08,293 (asr_pytorch:468) INFO: groundtruth[3_spk_3_062441-062695]: 光趺嘍晏閙叄少毯冀仞兲各
2018-07-11 13:14:08,293 (asr_pytorch:469) INFO: prediction [3_spk_3_062441-062695]: 初足嘅時間佢對比其他公司<eos>
2018-07-11 13:14:08,306 (e2e_asr_attctc_th:2977) INFO: BLSTMP input lengths: [126]
2018-07-11 13:14:08,567 (e2e_asr_attctc_th:2067) INFO: input lengths: 32
2018-07-11 13:14:08,568 (e2e_asr_attctc_th:2091) INFO: max output length: 32
2018-07-11 13:14:08,568 (e2e_asr_attctc_th:2092) INFO: min output length: 0
2018-07-11 13:14:09,339 (e2e_asr_attctc_th:2206) INFO: no hypothesis. Finish decoding.
2018-07-11 13:14:09,340 (e2e_asr_attctc_th:2217) INFO: total log probability: -6.6423277799
2018-07-11 13:14:09,340 (e2e_asr_attctc_th:2218) INFO: normalized log probability: -0.66423277799
2018-07-11 13:14:09,340 (asr_pytorch:468) INFO: groundtruth[1504-1_spk_1504_1_030713-030841]: 冀仞錯由從黴樺樺
2018-07-11 13:14:09,340 (asr_pytorch:469) INFO: prediction [1504-1_spk_1504_1_030713-030841]: 日係顯用得點樣樣<eos>
2018-07-11 13:14:09,348 (e2e_asr_attctc_th:2977) INFO: BLSTMP input lengths: [213]
2018-07-11 13:14:09,618 (e2e_asr_attctc_th:2067) INFO: input lengths: 54
2018-07-11 13:14:09,618 (e2e_asr_attctc_th:2091) INFO: max output length: 54
2018-07-11 13:14:09,618 (e2e_asr_attctc_th:2092) INFO: min output length: 0
2018-07-11 13:14:11,230 (e2e_asr_attctc_th:2199) INFO: end detected at 19
2018-07-11 13:14:11,230 (e2e_asr_attctc_th:2217) INFO: total log probability: -5.90907707089
2018-07-11 13:14:11,230 (e2e_asr_attctc_th:2218) INFO: normalized log probability: -0.454544390068
2018-07-11 13:14:11,232 (asr_pytorch:468) INFO: groundtruth[1501-1_spk_1501_1_056673-056888]: 冀寫杖尖姚司件敍忐㨃囹烕
2018-07-11 13:14:11,232 (asr_pytorch:469) INFO: prediction [1501-1_spk_1501_1_056673-056888]: 其實呢小小開手心嘅因為<eos>
2018-07-11 13:14:11,245 (e2e_asr_attctc_th:2977) INFO: BLSTMP input lengths: [12]
2018-07-11 13:14:11,289 (e2e_asr_attctc_th:2067) INFO: input lengths: 3
2018-07-11 13:14:11,289 (e2e_asr_attctc_th:2091) INFO: max output length: 3
2018-07-11 13:14:11,289 (e2e_asr_attctc_th:2092) INFO: min output length: 0
2018-07-11 13:14:11,447 (e2e_asr_attctc_th:2180) INFO: adding <eos> in the last postion in the loop
2018-07-11 13:14:11,447 (e2e_asr_attctc_th:2206) INFO: no hypothesis. Finish decoding.
2018-07-11 13:14:11,447 (e2e_asr_attctc_th:2217) INFO: total log probability: -0.00734478887171
2018-07-11 13:14:11,448 (e2e_asr_attctc_th:2218) INFO: normalized log probability: -0.00244826295724
2018-07-11 13:14:11,448 (asr_pytorch:468) INFO: groundtruth[1502-2_spk_1502_2_024603-024617]: 嗶
2018-07-11 13:14:11,448 (asr_pytorch:469) INFO: prediction [1502-2_spk_1502_2_024603-024617]: 嗯<eos>
2018-07-11 13:14:11,461 (e2e_asr_attctc_th:2977) INFO: BLSTMP input lengths: [54]
2018-07-11 13:14:11,603 (e2e_asr_attctc_th:2067) INFO: input lengths: 14
2018-07-11 13:14:11,604 (e2e_asr_attctc_th:2091) INFO: max output length: 14
2018-07-11 13:14:11,604 (e2e_asr_attctc_th:2092) INFO: min output length: 0
2018-07-11 13:14:12,441 (e2e_asr_attctc_th:2199) INFO: end detected at 10
2018-07-11 13:14:12,442 (e2e_asr_attctc_th:2217) INFO: total log probability: -4.23831432033
2018-07-11 13:14:12,442 (e2e_asr_attctc_th:2218) INFO: normalized log probability: -0.847662864067
2018-07-11 13:14:12,443 (asr_pytorch:468) INFO: groundtruth[1504-2_spk_1504_2_004524-004580]: 序夥錯啖
2018-07-11 13:14:12,443 (asr_pytorch:469) INFO: prediction [1504-2_spk_1504_2_004524-004580]: 佢見啊<eos>
2018-07-11 13:14:12,458 (e2e_asr_attctc_th:2977) INFO: BLSTMP input lengths: [184]
2018-07-11 13:14:12,750 (e2e_asr_attctc_th:2067) INFO: input lengths: 46
2018-07-11 13:14:12,750 (e2e_asr_attctc_th:2091) INFO: max output length: 46
2018-07-11 13:14:12,750 (e2e_asr_attctc_th:2092) INFO: min output length: 0
2018-07-11 13:14:13,956 (e2e_asr_attctc_th:2199) INFO: end detected at 15
2018-07-11 13:14:13,957 (e2e_asr_attctc_th:2217) INFO: total log probability: -2.39448290446
2018-07-11 13:14:13,957 (e2e_asr_attctc_th:2218) INFO: normalized log probability: -0.217680264042
2018-07-11 13:14:13,957 (asr_pytorch:468) INFO: groundtruth[1502-2_spk_1502_2_047076-047262]: 冀寫5K嗷倔望募啯
2018-07-11 13:14:13,957 (asr_pytorch:469) INFO: prediction [1502-2_spk_1502_2_047076-047262]: 其實唔知嗰個服務啦<eos>
2018-07-11 13:14:13,965 (e2e_asr_attctc_th:2977) INFO: BLSTMP input lengths: [198]
2018-07-11 13:14:14,238 (e2e_asr_attctc_th:2067) INFO: input lengths: 50
2018-07-11 13:14:14,239 (e2e_asr_attctc_th:2091) INFO: max output length: 50
2018-07-11 13:14:14,239 (e2e_asr_attctc_th:2092) INFO: min output length: 0
2018-07-11 13:14:15,824 (e2e_asr_attctc_th:2199) INFO: end detected at 18
2018-07-11 13:14:15,824 (e2e_asr_attctc_th:2217) INFO: total log probability: -8.39086970594
2018-07-11 13:14:15,824 (e2e_asr_attctc_th:2218) INFO: normalized log probability: -0.599347836138
2018-07-11 13:14:15,825 (asr_pytorch:468) INFO: groundtruth[1505-1_spk_1505_1_022736-022936]: 戛址WQEVXSRI冀寫寫渵道呯
2018-07-11 13:14:15,825 (asr_pytorch:469) INFO: prediction [1505-1_spk_1505_1_022736-022936]: 我哋十一個其實實即係覺得<eos>
2018-07-11 13:14:15,832 (e2e_asr_attctc_th:2977) INFO: BLSTMP input lengths: [162]
2018-07-11 13:14:16,042 (e2e_asr_attctc_th:2067) INFO: input lengths: 41
2018-07-11 13:14:16,043 (e2e_asr_attctc_th:2091) INFO: max output length: 41
2018-07-11 13:14:16,043 (e2e_asr_attctc_th:2092) INFO: min output length: 0
2018-07-11 13:14:17,247 (e2e_asr_attctc_th:2199) INFO: end detected at 16
2018-07-11 13:14:17,247 (e2e_asr_attctc_th:2217) INFO: total log probability: -7.99714826047
2018-07-11 13:14:17,247 (e2e_asr_attctc_th:2218) INFO: normalized log probability: -0.727013478225
2018-07-11 13:14:17,248 (asr_pytorch:468) INFO: groundtruth[1504-1_spk_1504_1_095190-095354]: 俏迪丐倔朔公鄔SO
2018-07-11 13:14:17,248 (asr_pytorch:469) INFO: prediction [1504-1_spk_1504_1_095190-095354]: 喺近山迴來都OK噶<eos>
2018-07-11 13:14:17,256 (e2e_asr_attctc_th:2977) INFO: BLSTMP input lengths: [198]
2018-07-11 13:14:17,513 (e2e_asr_attctc_th:2067) INFO: input lengths: 50
2018-07-11 13:14:17,513 (e2e_asr_attctc_th:2091) INFO: max output length: 50
2018-07-11 13:14:17,513 (e2e_asr_attctc_th:2092) INFO: min output length: 0
2018-07-11 13:14:19,655 (e2e_asr_attctc_th:2199) INFO: end detected at 19
2018-07-11 13:14:19,655 (e2e_asr_attctc_th:2217) INFO: total log probability: -11.4713040022
2018-07-11 13:14:19,655 (e2e_asr_attctc_th:2218) INFO: normalized log probability: -0.819378857301
2018-07-11 13:14:19,656 (asr_pytorch:468) INFO: groundtruth[1502-2_spk_1502_2_051029-051229]: 唪俏誅哎三旬刺黜抪詆咋樺
2018-07-11 13:14:19,656 (asr_pytorch:469) INFO: prediction [1502-2_spk_1502_2_051029-051229]: 唔係話玩係啊嗰間求數咁樣<eos>
2018-07-11 13:14:19,668 (e2e_asr_attctc_th:2977) INFO: BLSTMP input lengths: [190]
2018-07-11 13:14:20,058 (e2e_asr_attctc_th:2067) INFO: input lengths: 48
2018-07-11 13:14:20,059 (e2e_asr_attctc_th:2091) INFO: max output length: 48
2018-07-11 13:14:20,059 (e2e_asr_attctc_th:2092) INFO: min output length: 0
2018-07-11 13:14:22,472 (e2e_asr_attctc_th:2199) INFO: end detected at 20
2018-07-11 13:14:22,473 (e2e_asr_attctc_th:2217) INFO: total log probability: -2.51629434153
2018-07-11 13:14:22,473 (e2e_asr_attctc_th:2218) INFO: normalized log probability: -0.157268396346
2018-07-11 13:14:22,474 (asr_pytorch:468) INFO: groundtruth[1502-2_spk_1502_2_002199-002391]: 佬耗<unk>服唪服附刺佬呈耗<unk>俏呈
2018-07-11 13:14:22,474 (asr_pytorch:469) INFO: prediction [1502-2_spk_1502_2_002199-002391]: 你而傢會唔會阻到你啊而傢係啊<eos>
2018-07-11 13:14:22,487 (e2e_asr_attctc_th:2977) INFO: BLSTMP input lengths: [74]
2018-07-11 13:14:22,642 (e2e_asr_attctc_th:2067) INFO: input lengths: 19
2018-07-11 13:14:22,643 (e2e_asr_attctc_th:2091) INFO: max output length: 19
2018-07-11 13:14:22,643 (e2e_asr_attctc_th:2092) INFO: min output length: 0
2018-07-11 13:14:23,650 (e2e_asr_attctc_th:2199) INFO: end detected at 12
2018-07-11 13:14:23,650 (e2e_asr_attctc_th:2217) INFO: total log probability: -1.53670981969
2018-07-11 13:14:23,651 (e2e_asr_attctc_th:2218) INFO: normalized log probability: -0.219529974241
2018-07-11 13:14:23,652 (asr_pytorch:468) INFO: groundtruth[1502-2_spk_1502_2_083890-083966]: 啵帖朧啵司件
2018-07-11 13:14:23,652 (asr_pytorch:469) INFO: prediction [1502-2_spk_1502_2_083890-083966]: 即希望可以<eos>
2018-07-11 13:14:23,665 (e2e_asr_attctc_th:2977) INFO: BLSTMP input lengths: [94]
2018-07-11 13:14:23,858 (e2e_asr_attctc_th:2067) INFO: input lengths: 24
2018-07-11 13:14:23,858 (e2e_asr_attctc_th:2091) INFO: max output length: 24
2018-07-11 13:14:23,859 (e2e_asr_attctc_th:2092) INFO: min output length: 0
2018-07-11 13:14:24,994 (e2e_asr_attctc_th:2199) INFO: end detected at 13
2018-07-11 13:14:24,994 (e2e_asr_attctc_th:2217) INFO: total log probability: -8.52720163763
2018-07-11 13:14:24,994 (e2e_asr_attctc_th:2218) INFO: normalized log probability: -1.21817166252
2018-07-11 13:14:24,995 (asr_pytorch:468) INFO: groundtruth[3_spk_3_049141-049237]: 卿俏貽亞皆QF
2018-07-11 13:14:24,996 (asr_pytorch:469) INFO: prediction [3_spk_3_049141-049237]: 一係擺白白<eos>
2018-07-11 13:14:25,009 (e2e_asr_attctc_th:2977) INFO: BLSTMP input lengths: [71]
2018-07-11 13:14:25,180 (e2e_asr_attctc_th:2067) INFO: input lengths: 18
2018-07-11 13:14:25,180 (e2e_asr_attctc_th:2091) INFO: max output length: 18
2018-07-11 13:14:25,181 (e2e_asr_attctc_th:2092) INFO: min output length: 0
2018-07-11 13:14:26,111 (e2e_asr_attctc_th:2199) INFO: end detected at 12
2018-07-11 13:14:26,112 (e2e_asr_attctc_th:2217) INFO: total log probability: -5.88676080108
2018-07-11 13:14:26,112 (e2e_asr_attctc_th:2218) INFO: normalized log probability: -0.840965828725
2018-07-11 13:14:26,113 (asr_pytorch:468) INFO: groundtruth[9_spk_9_042382-042455]: 嗶
2018-07-11 13:14:26,114 (asr_pytorch:469) INFO: prediction [9_spk_9_042382-042455]: 嗯唔係話題<eos>
2018-07-11 13:14:26,128 (e2e_asr_attctc_th:2977) INFO: BLSTMP input lengths: [276]
2018-07-11 13:14:26,712 (e2e_asr_attctc_th:2067) INFO: input lengths: 69
2018-07-11 13:14:26,712 (e2e_asr_attctc_th:2091) INFO: max output length: 69
2018-07-11 13:14:26,712 (e2e_asr_attctc_th:2092) INFO: min output length: 0
2018-07-11 13:14:28,991 (e2e_asr_attctc_th:2199) INFO: end detected at 17
2018-07-11 13:14:28,992 (e2e_asr_attctc_th:2217) INFO: total log probability: -10.0296456749
2018-07-11 13:14:28,992 (e2e_asr_attctc_th:2218) INFO: normalized log probability: -0.771511205759
2018-07-11 13:14:28,993 (asr_pytorch:468) INFO: groundtruth[12_spk_12_037762-038040]: 呯兮倔TPER尻省少黒謬服
2018-07-11 13:14:28,993 (asr_pytorch:469) INFO: prediction [12_spk_12_037762-038040]: 呢兩隻食心就真係嚟講會<eos>
2018-07-11 13:14:29,006 (e2e_asr_attctc_th:2977) INFO: BLSTMP input lengths: [138]
2018-07-11 13:14:29,278 (e2e_asr_attctc_th:2067) INFO: input lengths: 35
2018-07-11 13:14:29,278 (e2e_asr_attctc_th:2091) INFO: max output length: 35
2018-07-11 13:14:29,278 (e2e_asr_attctc_th:2092) INFO: min output length: 0
2018-07-11 13:14:30,695 (e2e_asr_attctc_th:2199) INFO: end detected at 14
2018-07-11 13:14:30,695 (e2e_asr_attctc_th:2217) INFO: total log probability: -3.72938003158
2018-07-11 13:14:30,695 (e2e_asr_attctc_th:2218) INFO: normalized log probability: -0.372938003158
2018-07-11 13:14:30,696 (asr_pytorch:468) INFO: groundtruth[1501-1_spk_1501_1_006293-006433]: JSV迫閉尤尤嘍<unk>紋呯
2018-07-11 13:14:30,696 (asr_pytorch:469) INFO: prediction [1501-1_spk_1501_1_006293-006433]: 我翻長小小閤約呢<eos>
2018-07-11 13:14:30,710 (e2e_asr_attctc_th:2977) INFO: BLSTMP input lengths: [175]
2018-07-11 13:14:31,050 (e2e_asr_attctc_th:2067) INFO: input lengths: 44
2018-07-11 13:14:31,050 (e2e_asr_attctc_th:2091) INFO: max output length: 44
2018-07-11 13:14:31,051 (e2e_asr_attctc_th:2092) INFO: min output length: 0
2018-07-11 13:14:31,925 (e2e_asr_attctc_th:2206) INFO: no hypothesis. Finish decoding.
2018-07-11 13:14:31,926 (e2e_asr_attctc_th:2217) INFO: total log probability: -4.25070324028
2018-07-11 13:14:31,926 (e2e_asr_attctc_th:2218) INFO: normalized log probability: -0.531337905035
2018-07-11 13:14:31,927 (asr_pytorch:468) INFO: groundtruth[1503-2_spk_1503_2_051782-051959]: 啖FIR啖哭妊吟
2018-07-11 13:14:31,927 (asr_pytorch:469) INFO: prediction [1503-2_spk_1503_2_051782-051959]: 近病啊哦好咯<eos>
2018-07-11 13:14:31,940 (e2e_asr_attctc_th:2977) INFO: BLSTMP input lengths: [164]
2018-07-11 13:14:32,322 (e2e_asr_attctc_th:2067) INFO: input lengths: 41
2018-07-11 13:14:32,323 (e2e_asr_attctc_th:2091) INFO: max output length: 41
2018-07-11 13:14:32,323 (e2e_asr_attctc_th:2092) INFO: min output length: 0
2018-07-11 13:14:33,317 (e2e_asr_attctc_th:2206) INFO: no hypothesis. Finish decoding.
2018-07-11 13:14:33,318 (e2e_asr_attctc_th:2217) INFO: total log probability: -4.74566394463
2018-07-11 13:14:33,318 (e2e_asr_attctc_th:2218) INFO: normalized log probability: -0.527295993848
2018-07-11 13:14:33,319 (asr_pytorch:468) INFO: groundtruth[1502-1_spk_1502_1_020188-020354]: 戛淮俏見塊億啵
2018-07-11 13:14:33,319 (asr_pytorch:469) INFO: prediction [1502-1_spk_1502_1_020188-020354]: 啊就係要報價啫<eos>
2018-07-11 13:14:33,336 (e2e_asr_attctc_th:2977) INFO: BLSTMP input lengths: [272]
2018-07-11 13:14:33,952 (e2e_asr_attctc_th:2067) INFO: input lengths: 68
2018-07-11 13:14:33,952 (e2e_asr_attctc_th:2091) INFO: max output length: 68
2018-07-11 13:14:33,952 (e2e_asr_attctc_th:2092) INFO: min output length: 0
2018-07-11 13:14:37,140 (e2e_asr_attctc_th:2199) INFO: end detected at 23
2018-07-11 13:14:37,140 (e2e_asr_attctc_th:2217) INFO: total log probability: -9.20113418624
2018-07-11 13:14:37,140 (e2e_asr_attctc_th:2218) INFO: normalized log probability: -0.657223870446
2018-07-11 13:14:37,141 (asr_pytorch:468) INFO: groundtruth[1503-2_spk_1503_2_011055-011329]: 姚俏鄔唪司件戚倔GSRXVEGX劫
2018-07-11 13:14:37,142 (asr_pytorch:469) INFO: prediction [1503-2_spk_1503_2_011055-011329]: 即係都唔可以叫成個康場噶<eos>
2018-07-11 13:14:37,155 (e2e_asr_attctc_th:2977) INFO: BLSTMP input lengths: [116]
2018-07-11 13:14:37,401 (e2e_asr_attctc_th:2067) INFO: input lengths: 29
2018-07-11 13:14:37,401 (e2e_asr_attctc_th:2091) INFO: max output length: 29
2018-07-11 13:14:37,401 (e2e_asr_attctc_th:2092) INFO: min output length: 0
2018-07-11 13:14:38,071 (e2e_asr_attctc_th:2206) INFO: no hypothesis. Finish decoding.
2018-07-11 13:14:38,072 (e2e_asr_attctc_th:2217) INFO: total log probability: -2.22100066824
2018-07-11 13:14:38,072 (e2e_asr_attctc_th:2218) INFO: normalized log probability: -0.317285809749
2018-07-11 13:14:38,073 (asr_pytorch:468) INFO: groundtruth[1502-2_spk_1502_2_030137-030255]: 戛員堅童啯
2018-07-11 13:14:38,073 (asr_pytorch:469) INFO: prediction [1502-2_spk_1502_2_030137-030255]: 我哋機站啦<eos>
2018-07-11 13:14:38,088 (e2e_asr_attctc_th:2977) INFO: BLSTMP input lengths: [191]
2018-07-11 13:14:38,490 (e2e_asr_attctc_th:2067) INFO: input lengths: 48
2018-07-11 13:14:38,491 (e2e_asr_attctc_th:2091) INFO: max output length: 48
2018-07-11 13:14:38,491 (e2e_asr_attctc_th:2092) INFO: min output length: 0
2018-07-11 13:14:39,562 (e2e_asr_attctc_th:2199) INFO: end detected at 11
2018-07-11 13:14:39,562 (e2e_asr_attctc_th:2217) INFO: total log probability: -2.15649551153
2018-07-11 13:14:39,562 (e2e_asr_attctc_th:2218) INFO: normalized log probability: -0.431299102306
2018-07-11 13:14:39,564 (asr_pytorch:468) INFO: groundtruth[1501-2_spk_1501_2_039292-039485]: B夭域S唪SO
2018-07-11 13:14:39,564 (asr_pytorch:469) INFO: prediction [1501-2_spk_1501_2_039292-039485]: 誒大個<eos>
2018-07-11 13:14:39,577 (e2e_asr_attctc_th:2977) INFO: BLSTMP input lengths: [53]
2018-07-11 13:14:39,707 (e2e_asr_attctc_th:2067) INFO: input lengths: 14
2018-07-11 13:14:39,707 (e2e_asr_attctc_th:2091) INFO: max output length: 14
2018-07-11 13:14:39,707 (e2e_asr_attctc_th:2092) INFO: min output length: 0
2018-07-11 13:14:40,369 (e2e_asr_attctc_th:2199) INFO: end detected at 10
2018-07-11 13:14:40,369 (e2e_asr_attctc_th:2217) INFO: total log probability: -2.74618921429
2018-07-11 13:14:40,369 (e2e_asr_attctc_th:2218) INFO: normalized log probability: -0.549237842858
2018-07-11 13:14:40,371 (asr_pytorch:468) INFO: groundtruth[9_spk_9_054120-054175]: 俏啯
2018-07-11 13:14:40,371 (asr_pytorch:469) INFO: prediction [9_spk_9_054120-054175]: 其實我<eos>
2018-07-11 13:14:40,384 (e2e_asr_attctc_th:2977) INFO: BLSTMP input lengths: [108]
2018-07-11 13:14:40,614 (e2e_asr_attctc_th:2067) INFO: input lengths: 27
2018-07-11 13:14:40,615 (e2e_asr_attctc_th:2091) INFO: max output length: 27
2018-07-11 13:14:40,615 (e2e_asr_attctc_th:2092) INFO: min output length: 0
2018-07-11 13:14:41,476 (e2e_asr_attctc_th:2199) INFO: end detected at 10
2018-07-11 13:14:41,477 (e2e_asr_attctc_th:2217) INFO: total log probability: -0.369765168056
2018-07-11 13:14:41,477 (e2e_asr_attctc_th:2218) INFO: normalized log probability: -0.0616275280093
2018-07-11 13:14:41,478 (asr_pytorch:468) INFO: groundtruth[1504-1_spk_1504_1_012502-012612]: 唪俏唪俏
2018-07-11 13:14:41,478 (asr_pytorch:469) INFO: prediction [1504-1_spk_1504_1_012502-012612]: 唔係唔係<eos>
2018-07-11 13:14:41,491 (e2e_asr_attctc_th:2977) INFO: BLSTMP input lengths: [25]
2018-07-11 13:14:41,559 (e2e_asr_attctc_th:2067) INFO: input lengths: 7
2018-07-11 13:14:41,560 (e2e_asr_attctc_th:2091) INFO: max output length: 7
2018-07-11 13:14:41,560 (e2e_asr_attctc_th:2092) INFO: min output length: 0
2018-07-11 13:14:41,968 (e2e_asr_attctc_th:2180) INFO: adding <eos> in the last postion in the loop
2018-07-11 13:14:41,968 (e2e_asr_attctc_th:2206) INFO: no hypothesis. Finish decoding.
2018-07-11 13:14:41,968 (e2e_asr_attctc_th:2217) INFO: total log probability: -4.20886150002
2018-07-11 13:14:41,968 (e2e_asr_attctc_th:2218) INFO: normalized log probability: -1.05221537501
2018-07-11 13:14:41,969 (asr_pytorch:468) INFO: groundtruth[12_spk_12_021912-021939]: 俏
2018-07-11 13:14:41,970 (asr_pytorch:469) INFO: prediction [12_spk_12_021912-021939]: 快食<eos>
2018-07-11 13:14:41,985 (e2e_asr_attctc_th:2977) INFO: BLSTMP input lengths: [429]
2018-07-11 13:14:42,871 (e2e_asr_attctc_th:2067) INFO: input lengths: 108
2018-07-11 13:14:42,871 (e2e_asr_attctc_th:2091) INFO: max output length: 108
2018-07-11 13:14:42,871 (e2e_asr_attctc_th:2092) INFO: min output length: 0
2018-07-11 13:14:46,135 (e2e_asr_attctc_th:2199) INFO: end detected at 23
2018-07-11 13:14:46,136 (e2e_asr_attctc_th:2217) INFO: total log probability: -5.6480539192
2018-07-11 13:14:46,136 (e2e_asr_attctc_th:2218) INFO: normalized log probability: -0.297265995747
2018-07-11 13:14:46,136 (asr_pytorch:468) INFO: groundtruth[1504-2_spk_1504_2_097271-097702]: 哭佬宥<unk>扚呯倔唪俏戛嗷倔RYQFIV黒柎喔
2018-07-11 13:14:46,137 (asr_pytorch:469) INFO: prediction [1504-2_spk_1504_2_097271-097702]: 哦你而傢打呢個唔係我嗰個諗法嚟噶喎<eos>
2018-07-11 13:14:46,146 (e2e_asr_attctc_th:2977) INFO: BLSTMP input lengths: [544]
2018-07-11 13:14:46,820 (e2e_asr_attctc_th:2067) INFO: input lengths: 136
2018-07-11 13:14:46,820 (e2e_asr_attctc_th:2091) INFO: max output length: 136
2018-07-11 13:14:46,820 (e2e_asr_attctc_th:2092) INFO: min output length: 0
2018-07-11 13:14:52,735 (e2e_asr_attctc_th:2199) INFO: end detected at 43
2018-07-11 13:14:52,735 (e2e_asr_attctc_th:2217) INFO: total log probability: -30.8099113367
2018-07-11 13:14:52,735 (e2e_asr_attctc_th:2218) INFO: normalized log probability: -0.832700306399
2018-07-11 13:14:52,736 (asr_pytorch:468) INFO: groundtruth[1504-1_spk_1504_1_018840-019386]: 姚俏召夢嗷2倔蚊磋朕咯井卿削唪津咋佬趕磋朕召夢由緘冀仞兲各吟嘢JSV迫旨誅尻
2018-07-11 13:14:52,736 (asr_pytorch:469) INFO: prediction [1504-1_spk_1504_1_018840-019386]: 即係另外嗰兩我號碼咩事接差唔到咁你係咪有另外用緊嘅係公司啊嘛學生咗話就<eos>
2018-07-11 13:14:52,744 (e2e_asr_attctc_th:2977) INFO: BLSTMP input lengths: [257]
2018-07-11 13:14:53,068 (e2e_asr_attctc_th:2067) INFO: input lengths: 65
2018-07-11 13:14:53,069 (e2e_asr_attctc_th:2091) INFO: max output length: 65
2018-07-11 13:14:53,069 (e2e_asr_attctc_th:2092) INFO: min output length: 0
2018-07-11 13:14:55,218 (e2e_asr_attctc_th:2199) INFO: end detected at 25
2018-07-11 13:14:55,219 (e2e_asr_attctc_th:2217) INFO: total log probability: -14.6373847574
2018-07-11 13:14:55,219 (e2e_asr_attctc_th:2218) INFO: normalized log probability: -0.813188042078
2018-07-11 13:14:55,220 (asr_pytorch:468) INFO: groundtruth[1505-2_spk_1505_2_042357-042616]: 戛宥<unk>啞佬倔筩桑佬桂杉鄔唪筩戛倔筩桑旨
2018-07-11 13:14:55,220 (asr_pytorch:469) INFO: prediction [1505-2_spk_1505_2_042357-042616]: 又真係你得我哋應該都唔得唔到我啲<eos>
2018-07-11 13:14:55,227 (e2e_asr_attctc_th:2977) INFO: BLSTMP input lengths: [19]
2018-07-11 13:14:55,268 (e2e_asr_attctc_th:2067) INFO: input lengths: 5
2018-07-11 13:14:55,268 (e2e_asr_attctc_th:2091) INFO: max output length: 5
2018-07-11 13:14:55,268 (e2e_asr_attctc_th:2092) INFO: min output length: 0
2018-07-11 13:14:55,442 (e2e_asr_attctc_th:2180) INFO: adding <eos> in the last postion in the loop
2018-07-11 13:14:55,443 (e2e_asr_attctc_th:2206) INFO: no hypothesis. Finish decoding.
2018-07-11 13:14:55,443 (e2e_asr_attctc_th:2217) INFO: total log probability: -0.253125891089
2018-07-11 13:14:55,443 (e2e_asr_attctc_th:2218) INFO: normalized log probability: -0.0843752970298
2018-07-11 13:14:55,443 (asr_pytorch:468) INFO: groundtruth[1501-1_spk_1501_1_010254-010275]: 俏
2018-07-11 13:14:55,444 (asr_pytorch:469) INFO: prediction [1501-1_spk_1501_1_010254-010275]: 係<eos>
2018-07-11 13:14:55,452 (e2e_asr_attctc_th:2977) INFO: BLSTMP input lengths: [128]
2018-07-11 13:14:55,617 (e2e_asr_attctc_th:2067) INFO: input lengths: 32
2018-07-11 13:14:55,617 (e2e_asr_attctc_th:2091) INFO: max output length: 32
2018-07-11 13:14:55,617 (e2e_asr_attctc_th:2092) INFO: min output length: 0
2018-07-11 13:14:56,570 (e2e_asr_attctc_th:2199) INFO: end detected at 14
2018-07-11 13:14:56,571 (e2e_asr_attctc_th:2217) INFO: total log probability: -9.01279444993
2018-07-11 13:14:56,571 (e2e_asr_attctc_th:2218) INFO: normalized log probability: -1.00142160555
2018-07-11 13:14:56,573 (asr_pytorch:468) INFO: groundtruth[4_spk_4_025933-026063]: 朵放刺見岔頻
2018-07-11 13:14:56,573 (asr_pytorch:469) INFO: prediction [4_spk_4_025933-026063]: 未兜嗰個未啊跑<eos>
2018-07-11 13:14:56,586 (e2e_asr_attctc_th:2977) INFO: BLSTMP input lengths: [198]
2018-07-11 13:14:56,851 (e2e_asr_attctc_th:2067) INFO: input lengths: 50
2018-07-11 13:14:56,852 (e2e_asr_attctc_th:2091) INFO: max output length: 50
2018-07-11 13:14:56,852 (e2e_asr_attctc_th:2092) INFO: min output length: 0
2018-07-11 13:14:57,485 (e2e_asr_attctc_th:2206) INFO: no hypothesis. Finish decoding.
2018-07-11 13:14:57,486 (e2e_asr_attctc_th:2217) INFO: total log probability: -3.54707871005
2018-07-11 13:14:57,486 (e2e_asr_attctc_th:2218) INFO: normalized log probability: -0.443384838756
2018-07-11 13:14:57,486 (asr_pytorch:468) INFO: groundtruth[1504-2_spk_1504_2_063334-063534]: 戛俏貽郷齣檀
2018-07-11 13:14:57,486 (asr_pytorch:469) INFO: prediction [1504-2_spk_1504_2_063334-063534]: 我係買過街機<eos>
2018-07-11 13:14:57,494 (e2e_asr_attctc_th:2977) INFO: BLSTMP input lengths: [151]
2018-07-11 13:14:57,746 (e2e_asr_attctc_th:2067) INFO: input lengths: 38
2018-07-11 13:14:57,746 (e2e_asr_attctc_th:2091) INFO: max output length: 38
2018-07-11 13:14:57,746 (e2e_asr_attctc_th:2092) INFO: min output length: 0
2018-07-11 13:14:58,807 (e2e_asr_attctc_th:2199) INFO: end detected at 15
2018-07-11 13:14:58,808 (e2e_asr_attctc_th:2217) INFO: total log probability: -7.79001074412
2018-07-11 13:14:58,808 (e2e_asr_attctc_th:2218) INFO: normalized log probability: -0.70818279492
2018-07-11 13:14:58,808 (asr_pytorch:468) INFO: groundtruth[3_spk_3_028327-028480]: 冀寫B歧幅嘍誅
2018-07-11 13:14:58,808 (asr_pytorch:469) INFO: prediction [3_spk_3_028327-028480]: 其實誒星常喎噶嘛啦<eos>
2018-07-11 13:14:58,815 (e2e_asr_attctc_th:2977) INFO: BLSTMP input lengths: [40]
2018-07-11 13:14:58,879 (e2e_asr_attctc_th:2067) INFO: input lengths: 10
2018-07-11 13:14:58,880 (e2e_asr_attctc_th:2091) INFO: max output length: 10
2018-07-11 13:14:58,880 (e2e_asr_attctc_th:2092) INFO: min output length: 0
2018-07-11 13:14:59,292 (e2e_asr_attctc_th:2180) INFO: adding <eos> in the last postion in the loop
2018-07-11 13:14:59,292 (e2e_asr_attctc_th:2206) INFO: no hypothesis. Finish decoding.
2018-07-11 13:14:59,292 (e2e_asr_attctc_th:2217) INFO: total log probability: -3.79343986511
2018-07-11 13:14:59,292 (e2e_asr_attctc_th:2218) INFO: normalized log probability: -1.26447995504
2018-07-11 13:14:59,293 (asr_pytorch:468) INFO: groundtruth[1505-2_spk_1505_2_044188-044230]: 俏咱兒
2018-07-11 13:14:59,293 (asr_pytorch:469) INFO: prediction [1505-2_spk_1505_2_044188-044230]: 誒<eos>
2018-07-11 13:14:59,300 (e2e_asr_attctc_th:2977) INFO: BLSTMP input lengths: [58]
2018-07-11 13:14:59,389 (e2e_asr_attctc_th:2067) INFO: input lengths: 15
2018-07-11 13:14:59,389 (e2e_asr_attctc_th:2091) INFO: max output length: 15
2018-07-11 13:14:59,389 (e2e_asr_attctc_th:2092) INFO: min output length: 0
2018-07-11 13:14:59,793 (e2e_asr_attctc_th:2199) INFO: end detected at 8
2018-07-11 13:14:59,793 (e2e_asr_attctc_th:2217) INFO: total log probability: -0.0566949385684
2018-07-11 13:14:59,793 (e2e_asr_attctc_th:2218) INFO: normalized log probability: -0.0188983128561
2018-07-11 13:14:59,794 (asr_pytorch:468) INFO: groundtruth[9_spk_9_054029-054090]: 俏
2018-07-11 13:14:59,794 (asr_pytorch:469) INFO: prediction [9_spk_9_054029-054090]: 係<eos>
2018-07-11 13:14:59,801 (e2e_asr_attctc_th:2977) INFO: BLSTMP input lengths: [14]
2018-07-11 13:14:59,830 (e2e_asr_attctc_th:2067) INFO: input lengths: 4
2018-07-11 13:14:59,830 (e2e_asr_attctc_th:2091) INFO: max output length: 4
2018-07-11 13:14:59,830 (e2e_asr_attctc_th:2092) INFO: min output length: 0
2018-07-11 13:14:59,985 (e2e_asr_attctc_th:2180) INFO: adding <eos> in the last postion in the loop
2018-07-11 13:14:59,985 (e2e_asr_attctc_th:2206) INFO: no hypothesis. Finish decoding.
2018-07-11 13:14:59,985 (e2e_asr_attctc_th:2217) INFO: total log probability: -0.666657701135
2018-07-11 13:14:59,985 (e2e_asr_attctc_th:2218) INFO: normalized log probability: -0.222219233712
2018-07-11 13:14:59,986 (asr_pytorch:468) INFO: groundtruth[1501-1_spk_1501_1_060913-060929]: 俏
2018-07-11 13:14:59,986 (asr_pytorch:469) INFO: prediction [1501-1_spk_1501_1_060913-060929]: 睇<eos>
2018-07-11 13:14:59,993 (e2e_asr_attctc_th:2977) INFO: BLSTMP input lengths: [198]
2018-07-11 13:15:00,250 (e2e_asr_attctc_th:2067) INFO: input lengths: 50
2018-07-11 13:15:00,251 (e2e_asr_attctc_th:2091) INFO: max output length: 50
2018-07-11 13:15:00,251 (e2e_asr_attctc_th:2092) INFO: min output length: 0
2018-07-11 13:15:01,400 (e2e_asr_attctc_th:2199) INFO: end detected at 14
2018-07-11 13:15:01,400 (e2e_asr_attctc_th:2217) INFO: total log probability: -3.34252984822
2018-07-11 13:15:01,401 (e2e_asr_attctc_th:2218) INFO: normalized log probability: -0.417816231027
2018-07-11 13:15:01,401 (asr_pytorch:468) INFO: groundtruth[1505-1_spk_1505_1_064346-064546]: 司件敍忐咋妍枱
2018-07-11 13:15:01,401 (asr_pytorch:469) INFO: prediction [1505-1_spk_1505_1_064346-064546]: 係放心咁如果<eos>
2018-07-11 13:15:01,409 (e2e_asr_attctc_th:2977) INFO: BLSTMP input lengths: [198]
2018-07-11 13:15:01,687 (e2e_asr_attctc_th:2067) INFO: input lengths: 50
2018-07-11 13:15:01,688 (e2e_asr_attctc_th:2091) INFO: max output length: 50
2018-07-11 13:15:01,688 (e2e_asr_attctc_th:2092) INFO: min output length: 0
2018-07-11 13:15:03,728 (e2e_asr_attctc_th:2199) INFO: end detected at 18
2018-07-11 13:15:03,729 (e2e_asr_attctc_th:2217) INFO: total log probability: -4.73941642419
2018-07-11 13:15:03,729 (e2e_asr_attctc_th:2218) INFO: normalized log probability: -0.394951368682
2018-07-11 13:15:03,730 (asr_pytorch:468) INFO: groundtruth[9_spk_9_050170-050370]: 跨何戛三八刺叄跨何佰
2018-07-11 13:15:03,731 (asr_pytorch:469) INFO: prediction [9_spk_9_050170-050370]: 跟著可以入到去跟著佢<eos>
2018-07-11 13:15:03,746 (e2e_asr_attctc_th:2977) INFO: BLSTMP input lengths: [51]
2018-07-11 13:15:03,875 (e2e_asr_attctc_th:2067) INFO: input lengths: 13
2018-07-11 13:15:03,876 (e2e_asr_attctc_th:2091) INFO: max output length: 13
2018-07-11 13:15:03,876 (e2e_asr_attctc_th:2092) INFO: min output length: 0
2018-07-11 13:15:04,357 (e2e_asr_attctc_th:2199) INFO: end detected at 7
2018-07-11 13:15:04,357 (e2e_asr_attctc_th:2217) INFO: total log probability: -0.697151742876
2018-07-11 13:15:04,358 (e2e_asr_attctc_th:2218) INFO: normalized log probability: -0.232383914292
2018-07-11 13:15:04,359 (asr_pytorch:468) INFO: groundtruth[12_spk_12_001822-001875]: 妊啖
2018-07-11 13:15:04,359 (asr_pytorch:469) INFO: prediction [12_spk_12_001822-001875]: 哦<eos>
2018-07-11 13:15:04,375 (e2e_asr_attctc_th:2977) INFO: BLSTMP input lengths: [82]
2018-07-11 13:15:04,564 (e2e_asr_attctc_th:2067) INFO: input lengths: 21
2018-07-11 13:15:04,565 (e2e_asr_attctc_th:2091) INFO: max output length: 21
2018-07-11 13:15:04,565 (e2e_asr_attctc_th:2092) INFO: min output length: 0
2018-07-11 13:15:05,371 (e2e_asr_attctc_th:2199) INFO: end detected at 11
2018-07-11 13:15:05,371 (e2e_asr_attctc_th:2217) INFO: total log probability: -0.750915922225
2018-07-11 13:15:05,371 (e2e_asr_attctc_th:2218) INFO: normalized log probability: -0.150183184445
2018-07-11 13:15:05,372 (asr_pytorch:468) INFO: groundtruth[1501-2_spk_1501_2_072556-072640]: 俏呈俏
2018-07-11 13:15:05,372 (asr_pytorch:469) INFO: prediction [1501-2_spk_1501_2_072556-072640]: 係啊係<eos>
2018-07-11 13:15:05,386 (e2e_asr_attctc_th:2977) INFO: BLSTMP input lengths: [198]
2018-07-11 13:15:05,777 (e2e_asr_attctc_th:2067) INFO: input lengths: 50
2018-07-11 13:15:05,778 (e2e_asr_attctc_th:2091) INFO: max output length: 50
2018-07-11 13:15:05,778 (e2e_asr_attctc_th:2092) INFO: min output length: 0
2018-07-11 13:15:07,645 (e2e_asr_attctc_th:2199) INFO: end detected at 17
2018-07-11 13:15:07,645 (e2e_asr_attctc_th:2217) INFO: total log probability: -11.4234933518
2018-07-11 13:15:07,645 (e2e_asr_attctc_th:2218) INFO: normalized log probability: -0.951957779316
2018-07-11 13:15:07,647 (asr_pytorch:468) INFO: groundtruth[3_spk_3_034040-034240]: 叄刺囤朔嘍卉亙蚊
2018-07-11 13:15:07,647 (asr_pytorch:469) INFO: prediction [3_spk_3_034040-034240]: 去兜識個月機就然之後<eos>
2018-07-11 13:15:07,659 (e2e_asr_attctc_th:2977) INFO: BLSTMP input lengths: [15]
2018-07-11 13:15:07,701 (e2e_asr_attctc_th:2067) INFO: input lengths: 4
2018-07-11 13:15:07,702 (e2e_asr_attctc_th:2091) INFO: max output length: 4
2018-07-11 13:15:07,702 (e2e_asr_attctc_th:2092) INFO: min output length: 0
2018-07-11 13:15:07,893 (e2e_asr_attctc_th:2180) INFO: adding <eos> in the last postion in the loop
2018-07-11 13:15:07,894 (e2e_asr_attctc_th:2206) INFO: no hypothesis. Finish decoding.
2018-07-11 13:15:07,894 (e2e_asr_attctc_th:2217) INFO: total log probability: -0.0101400786079
2018-07-11 13:15:07,894 (e2e_asr_attctc_th:2218) INFO: normalized log probability: -0.00338002620265
2018-07-11 13:15:07,895 (asr_pytorch:468) INFO: groundtruth[1502-2_spk_1502_2_067550-067567]: 嗶
2018-07-11 13:15:07,895 (asr_pytorch:469) INFO: prediction [1502-2_spk_1502_2_067550-067567]: 嗯<eos>
2018-07-11 13:15:07,911 (e2e_asr_attctc_th:2977) INFO: BLSTMP input lengths: [624]
2018-07-11 13:15:09,094 (e2e_asr_attctc_th:2067) INFO: input lengths: 156
2018-07-11 13:15:09,094 (e2e_asr_attctc_th:2091) INFO: max output length: 156
2018-07-11 13:15:09,094 (e2e_asr_attctc_th:2092) INFO: min output length: 0
2018-07-11 13:15:18,926 (e2e_asr_attctc_th:2199) INFO: end detected at 46
2018-07-11 13:15:18,926 (e2e_asr_attctc_th:2217) INFO: total log probability: -46.6070063468
2018-07-11 13:15:18,926 (e2e_asr_attctc_th:2218) INFO: normalized log probability: -1.16517515867
2018-07-11 13:15:18,927 (asr_pytorch:468) INFO: groundtruth[1505-2_spk_1505_2_020906-021532]: 卿俏妊位佬頻兒誅GWP旨晏倣佬4K黴司件街刺20臼40咋佬址倔4K趣街趣夥
2018-07-11 13:15:18,927 (asr_pytorch:469) INFO: prediction [1505-2_spk_1505_2_020906-021532]: 因為其實電話之間真係嗰隻有唔科我注意我我有人到二十點知噶咁你你幫我注意啊如果<eos>
2018-07-11 13:15:18,940 (e2e_asr_attctc_th:2977) INFO: BLSTMP input lengths: [214]
2018-07-11 13:15:19,219 (e2e_asr_attctc_th:2067) INFO: input lengths: 54
2018-07-11 13:15:19,220 (e2e_asr_attctc_th:2091) INFO: max output length: 54
2018-07-11 13:15:19,220 (e2e_asr_attctc_th:2092) INFO: min output length: 0
2018-07-11 13:15:21,556 (e2e_asr_attctc_th:2199) INFO: end detected at 19
2018-07-11 13:15:21,557 (e2e_asr_attctc_th:2217) INFO: total log probability: -13.688236027
2018-07-11 13:15:21,557 (e2e_asr_attctc_th:2218) INFO: normalized log probability: -0.977731144787
2018-07-11 13:15:21,559 (asr_pytorch:468) INFO: groundtruth[1505-2_spk_1505_2_004476-004692]: 睛嗷啼RI_W裴<unk>咱朕啼
2018-07-11 13:15:21,559 (asr_pytorch:469) INFO: prediction [1505-2_spk_1505_2_004476-004692]: 誒呢啲NELL你唔係有啲<eos>
2018-07-11 13:15:21,575 (e2e_asr_attctc_th:2977) INFO: BLSTMP input lengths: [89]
2018-07-11 13:15:21,801 (e2e_asr_attctc_th:2067) INFO: input lengths: 23
2018-07-11 13:15:21,801 (e2e_asr_attctc_th:2091) INFO: max output length: 23
2018-07-11 13:15:21,802 (e2e_asr_attctc_th:2092) INFO: min output length: 0
2018-07-11 13:15:22,721 (e2e_asr_attctc_th:2199) INFO: end detected at 11
2018-07-11 13:15:22,722 (e2e_asr_attctc_th:2217) INFO: total log probability: -0.0864346766612
2018-07-11 13:15:22,722 (e2e_asr_attctc_th:2218) INFO: normalized log probability: -0.0123478109516
2018-07-11 13:15:22,723 (asr_pytorch:468) INFO: groundtruth[3_spk_3_048224-048315]: 冀寫鄔俏朕
2018-07-11 13:15:22,723 (asr_pytorch:469) INFO: prediction [3_spk_3_048224-048315]: 其實都係有<eos>
2018-07-11 13:15:22,737 (e2e_asr_attctc_th:2977) INFO: BLSTMP input lengths: [293]
2018-07-11 13:15:23,328 (e2e_asr_attctc_th:2067) INFO: input lengths: 74
2018-07-11 13:15:23,328 (e2e_asr_attctc_th:2091) INFO: max output length: 74
2018-07-11 13:15:23,328 (e2e_asr_attctc_th:2092) INFO: min output length: 0
2018-07-11 13:15:25,598 (e2e_asr_attctc_th:2206) INFO: no hypothesis. Finish decoding.
2018-07-11 13:15:25,599 (e2e_asr_attctc_th:2217) INFO: total log probability: -3.34125057375
2018-07-11 13:15:25,599 (e2e_asr_attctc_th:2218) INFO: normalized log probability: -0.22275003825
2018-07-11 13:15:25,599 (asr_pytorch:468) INFO: groundtruth[1501-1_spk_1501_1_055139-055434]: 戡耐俏丐皆蚧嗷倔漳遏嗷倔錯
2018-07-11 13:15:25,600 (asr_pytorch:469) INFO: prediction [1501-1_spk_1501_1_055139-055434]: 或者係三百蚊嗰個晚又嗰個錢<eos>
2018-07-11 13:15:25,616 (e2e_asr_attctc_th:2977) INFO: BLSTMP input lengths: [119]
2018-07-11 13:15:25,940 (e2e_asr_attctc_th:2067) INFO: input lengths: 30
2018-07-11 13:15:25,941 (e2e_asr_attctc_th:2091) INFO: max output length: 30
2018-07-11 13:15:25,941 (e2e_asr_attctc_th:2092) INFO: min output length: 0
2018-07-11 13:15:26,672 (e2e_asr_attctc_th:2199) INFO: end detected at 10
2018-07-11 13:15:26,673 (e2e_asr_attctc_th:2217) INFO: total log probability: -3.15492284764
2018-07-11 13:15:26,673 (e2e_asr_attctc_th:2218) INFO: normalized log probability: -0.525820474606
2018-07-11 13:15:26,673 (asr_pytorch:468) INFO: groundtruth[1501-2_spk_1501_2_003694-003815]: 住B俏
2018-07-11 13:15:26,673 (asr_pytorch:469) INFO: prediction [1501-2_spk_1501_2_003694-003815]: 但係啊係<eos>
2018-07-11 13:15:26,680 (e2e_asr_attctc_th:2977) INFO: BLSTMP input lengths: [38]
2018-07-11 13:15:26,738 (e2e_asr_attctc_th:2067) INFO: input lengths: 10
2018-07-11 13:15:26,739 (e2e_asr_attctc_th:2091) INFO: max output length: 10
2018-07-11 13:15:26,739 (e2e_asr_attctc_th:2092) INFO: min output length: 0
2018-07-11 13:15:27,030 (e2e_asr_attctc_th:2199) INFO: end detected at 7
2018-07-11 13:15:27,030 (e2e_asr_attctc_th:2217) INFO: total log probability: -0.0663162851706
2018-07-11 13:15:27,030 (e2e_asr_attctc_th:2218) INFO: normalized log probability: -0.0221054283902
2018-07-11 13:15:27,031 (asr_pytorch:468) INFO: groundtruth[1504-1_spk_1504_1_061605-061646]: 嗶
2018-07-11 13:15:27,031 (asr_pytorch:469) INFO: prediction [1504-1_spk_1504_1_061605-061646]: 嗯<eos>
2018-07-11 13:15:27,039 (e2e_asr_attctc_th:2977) INFO: BLSTMP input lengths: [336]
2018-07-11 13:15:27,515 (e2e_asr_attctc_th:2067) INFO: input lengths: 84
2018-07-11 13:15:27,515 (e2e_asr_attctc_th:2091) INFO: max output length: 84
2018-07-11 13:15:27,515 (e2e_asr_attctc_th:2092) INFO: min output length: 0
2018-07-11 13:15:30,107 (e2e_asr_attctc_th:2199) INFO: end detected at 26
2018-07-11 13:15:30,107 (e2e_asr_attctc_th:2217) INFO: total log probability: -21.330146037
2018-07-11 13:15:30,107 (e2e_asr_attctc_th:2218) INFO: normalized log probability: -1.12263926511
2018-07-11 13:15:30,108 (asr_pytorch:468) INFO: groundtruth[9_spk_9_011182-011520]: 哭咋佬俏序晏揜咩彈WMQ危八叄㨃諛啞聼
2018-07-11 13:15:30,108 (asr_pytorch:469) INFO: prediction [9_spk_9_011182-011520]: <SPK/>咁你係嗰陣時插百張先卡唔去噶啫嘛<eos>
2018-07-11 13:15:30,115 (e2e_asr_attctc_th:2977) INFO: BLSTMP input lengths: [198]
2018-07-11 13:15:30,368 (e2e_asr_attctc_th:2067) INFO: input lengths: 50
2018-07-11 13:15:30,368 (e2e_asr_attctc_th:2091) INFO: max output length: 50
2018-07-11 13:15:30,368 (e2e_asr_attctc_th:2092) INFO: min output length: 0
2018-07-11 13:15:31,486 (e2e_asr_attctc_th:2199) INFO: end detected at 15
2018-07-11 13:15:31,487 (e2e_asr_attctc_th:2217) INFO: total log probability: -7.92485209927
2018-07-11 13:15:31,487 (e2e_asr_attctc_th:2218) INFO: normalized log probability: -0.792485209927
2018-07-11 13:15:31,487 (asr_pytorch:468) INFO: groundtruth[12_spk_12_033899-034099]: 佬妍枱俏咋戛
2018-07-11 13:15:31,487 (asr_pytorch:469) INFO: prediction [12_spk_12_033899-034099]: 我英如果唔真係我<eos>
2018-07-11 13:15:31,495 (e2e_asr_attctc_th:2977) INFO: BLSTMP input lengths: [121]
2018-07-11 13:15:31,650 (e2e_asr_attctc_th:2067) INFO: input lengths: 31
2018-07-11 13:15:31,650 (e2e_asr_attctc_th:2091) INFO: max output length: 31
2018-07-11 13:15:31,650 (e2e_asr_attctc_th:2092) INFO: min output length: 0
2018-07-11 13:15:32,294 (e2e_asr_attctc_th:2199) INFO: end detected at 11
2018-07-11 13:15:32,294 (e2e_asr_attctc_th:2217) INFO: total log probability: -7.46684879065
2018-07-11 13:15:32,294 (e2e_asr_attctc_th:2218) INFO: normalized log probability: -1.49336975813
2018-07-11 13:15:32,295 (asr_pytorch:468) INFO: groundtruth[9_spk_9_021217-021340]: 亙皆序蚧囖
2018-07-11 13:15:32,295 (asr_pytorch:469) INFO: prediction [9_spk_9_021217-021340]: ***<eos>
2018-07-11 13:15:32,302 (e2e_asr_attctc_th:2977) INFO: BLSTMP input lengths: [194]
2018-07-11 13:15:32,560 (e2e_asr_attctc_th:2067) INFO: input lengths: 49
2018-07-11 13:15:32,561 (e2e_asr_attctc_th:2091) INFO: max output length: 49
2018-07-11 13:15:32,561 (e2e_asr_attctc_th:2092) INFO: min output length: 0
2018-07-11 13:15:34,083 (e2e_asr_attctc_th:2199) INFO: end detected at 18
2018-07-11 13:15:34,083 (e2e_asr_attctc_th:2217) INFO: total log probability: -14.7733140718
2018-07-11 13:15:34,083 (e2e_asr_attctc_th:2218) INFO: normalized log probability: -1.23110950598
2018-07-11 13:15:34,084 (asr_pytorch:468) INFO: groundtruth[9_spk_9_067695-067891]: 唪緘見妊XLERO~SYF~IF~I
2018-07-11 13:15:34,084 (asr_pytorch:469) INFO: prediction [9_spk_9_067695-067891]: 我哋**咁你仲有係咪<eos>
2018-07-11 13:15:34,093 (e2e_asr_attctc_th:2977) INFO: BLSTMP input lengths: [440]
2018-07-11 13:15:34,659 (e2e_asr_attctc_th:2067) INFO: input lengths: 110
2018-07-11 13:15:34,659 (e2e_asr_attctc_th:2091) INFO: max output length: 110
2018-07-11 13:15:34,659 (e2e_asr_attctc_th:2092) INFO: min output length: 0
2018-07-11 13:15:39,586 (e2e_asr_attctc_th:2199) INFO: end detected at 39
2018-07-11 13:15:39,587 (e2e_asr_attctc_th:2217) INFO: total log probability: -41.428253918
2018-07-11 13:15:39,587 (e2e_asr_attctc_th:2218) INFO: normalized log probability: -1.33639528768
2018-07-11 13:15:39,588 (asr_pytorch:468) INFO: groundtruth[8_spk_8_026639-027082]: 刺B廉手津扔閙戡耐俏扉閙嘍誅呯咋扚霆誅呯尻綪幅恃旁緣啯
2018-07-11 13:15:39,589 (asr_pytorch:469) INFO: prediction [8_spk_8_026639-027082]: 好啊阿STISH收收三十四房間更嘅食咁打電話式就經常性短煙<eos>
2018-07-11 13:15:39,602 (e2e_asr_attctc_th:2977) INFO: BLSTMP input lengths: [239]
2018-07-11 13:15:40,087 (e2e_asr_attctc_th:2067) INFO: input lengths: 60
2018-07-11 13:15:40,088 (e2e_asr_attctc_th:2091) INFO: max output length: 60
2018-07-11 13:15:40,088 (e2e_asr_attctc_th:2092) INFO: min output length: 0
2018-07-11 13:15:41,765 (e2e_asr_attctc_th:2199) INFO: end detected at 14
2018-07-11 13:15:41,765 (e2e_asr_attctc_th:2217) INFO: total log probability: -5.76461380161
2018-07-11 13:15:41,766 (e2e_asr_attctc_th:2218) INFO: normalized log probability: -0.640512644624
2018-07-11 13:15:41,767 (asr_pytorch:468) INFO: groundtruth[1504-2_spk_1504_2_086507-086748]: B唪妊啯戛詭道啯唑
2018-07-11 13:15:41,767 (asr_pytorch:469) INFO: prediction [1504-2_spk_1504_2_086507-086748]: 誒唔好呢我呢個<eos>
2018-07-11 13:15:41,786 (e2e_asr_attctc_th:2977) INFO: BLSTMP input lengths: [516]
2018-07-11 13:15:42,820 (e2e_asr_attctc_th:2067) INFO: input lengths: 129
2018-07-11 13:15:42,821 (e2e_asr_attctc_th:2091) INFO: max output length: 129
2018-07-11 13:15:42,821 (e2e_asr_attctc_th:2092) INFO: min output length: 0
2018-07-11 13:15:48,534 (e2e_asr_attctc_th:2199) INFO: end detected at 33
2018-07-11 13:15:48,535 (e2e_asr_attctc_th:2217) INFO: total log probability: -10.0110302132
2018-07-11 13:15:48,535 (e2e_asr_attctc_th:2218) INFO: normalized log probability: -0.370778896786
2018-07-11 13:15:48,536 (asr_pytorch:468) INFO: groundtruth[1505-1_spk_1505_1_055184-055702]: 戛吔佬掯薰考三啼毯輓遵由佬旨TPER戡耐俏夭<unk>俏巴唪夥旨
2018-07-11 13:15:48,537 (asr_pytorch:469) INFO: prediction [1505-1_spk_1505_1_055184-055702]: 我同你推轉翻一啲比較識用你嘅聽或者係誒大傢差唔多嘅<eos>
2018-07-11 13:15:48,550 (e2e_asr_attctc_th:2977) INFO: BLSTMP input lengths: [198]
2018-07-11 13:15:48,942 (e2e_asr_attctc_th:2067) INFO: input lengths: 50
2018-07-11 13:15:48,942 (e2e_asr_attctc_th:2091) INFO: max output length: 50
2018-07-11 13:15:48,942 (e2e_asr_attctc_th:2092) INFO: min output length: 0
2018-07-11 13:15:49,707 (e2e_asr_attctc_th:2206) INFO: no hypothesis. Finish decoding.
2018-07-11 13:15:49,707 (e2e_asr_attctc_th:2217) INFO: total log probability: -3.01919232309
2018-07-11 13:15:49,707 (e2e_asr_attctc_th:2218) INFO: normalized log probability: -0.301919232309
2018-07-11 13:15:49,707 (asr_pytorch:468) INFO: groundtruth[1503-1_spk_1503_1_029533-029733]: 咋妍枱俏見貽HEXE黒由旨佬尻盾掩<unk>覓迫
2018-07-11 13:15:49,708 (asr_pytorch:469) INFO: prediction [1503-1_spk_1503_1_029533-029733]: 咁如果係茶要買嘅<eos>
2018-07-11 13:15:49,715 (e2e_asr_attctc_th:2977) INFO: BLSTMP input lengths: [198]
2018-07-11 13:15:49,986 (e2e_asr_attctc_th:2067) INFO: input lengths: 50
2018-07-11 13:15:49,987 (e2e_asr_attctc_th:2091) INFO: max output length: 50
2018-07-11 13:15:49,987 (e2e_asr_attctc_th:2092) INFO: min output length: 0
2018-07-11 13:15:50,869 (e2e_asr_attctc_th:2206) INFO: no hypothesis. Finish decoding.
2018-07-11 13:15:50,869 (e2e_asr_attctc_th:2217) INFO: total log probability: -3.4965756312
2018-07-11 13:15:50,869 (e2e_asr_attctc_th:2218) INFO: normalized log probability: -0.317870511927
2018-07-11 13:15:50,869 (asr_pytorch:468) INFO: groundtruth[9_spk_9_050352-050552]: 佰從三桃釗倍戛揉嘍
2018-07-11 13:15:50,870 (asr_pytorch:469) INFO: prediction [9_spk_9_050352-050552]: 佢得一格嘢俾我揀嘅<eos>
2018-07-11 13:15:50,878 (e2e_asr_attctc_th:2977) INFO: BLSTMP input lengths: [480]
2018-07-11 13:15:51,490 (e2e_asr_attctc_th:2067) INFO: input lengths: 120
2018-07-11 13:15:51,490 (e2e_asr_attctc_th:2091) INFO: max output length: 120
2018-07-11 13:15:51,490 (e2e_asr_attctc_th:2092) INFO: min output length: 0
2018-07-11 13:15:55,647 (e2e_asr_attctc_th:2199) INFO: end detected at 33
2018-07-11 13:15:55,648 (e2e_asr_attctc_th:2217) INFO: total log probability: -15.2401780775
2018-07-11 13:15:55,648 (e2e_asr_attctc_th:2218) INFO: normalized log probability: -0.564451039907
2018-07-11 13:15:55,649 (asr_pytorch:468) INFO: groundtruth[1505-1_spk_1505_1_006708-007190]: 唪服誅朕妊窟住司脇見緲孟旨晏閙服省少黒謬服輓閉尤尤囖
2018-07-11 13:15:55,649 (asr_pytorch:469) INFO: prediction [1505-1_spk_1505_1_006708-007190]: 唔係話有好實但係可能要換轉嘅時間相對嗰個教長照少咯<eos>
2018-07-11 13:15:55,657 (e2e_asr_attctc_th:2977) INFO: BLSTMP input lengths: [318]
2018-07-11 13:15:56,086 (e2e_asr_attctc_th:2067) INFO: input lengths: 80
2018-07-11 13:15:56,086 (e2e_asr_attctc_th:2091) INFO: max output length: 80
2018-07-11 13:15:56,086 (e2e_asr_attctc_th:2092) INFO: min output length: 0
2018-07-11 13:15:58,229 (e2e_asr_attctc_th:2206) INFO: no hypothesis. Finish decoding.
2018-07-11 13:15:58,229 (e2e_asr_attctc_th:2217) INFO: total log probability: -17.8733431809
2018-07-11 13:15:58,229 (e2e_asr_attctc_th:2218) INFO: normalized log probability: -0.940702272677
2018-07-11 13:15:58,230 (asr_pytorch:468) INFO: groundtruth[12_spk_12_040201-040521]: 戡耐劫夥128俏168嗷倔然院且綺嘍誅呯
2018-07-11 13:15:58,230 (asr_pytorch:469) INFO: prediction [12_spk_12_040201-040521]: 話俾你周一二直接六金就玩相信噶話啦<eos>
2018-07-11 13:15:58,238 (e2e_asr_attctc_th:2977) INFO: BLSTMP input lengths: [390]
2018-07-11 13:15:58,756 (e2e_asr_attctc_th:2067) INFO: input lengths: 98
2018-07-11 13:15:58,756 (e2e_asr_attctc_th:2091) INFO: max output length: 98
2018-07-11 13:15:58,757 (e2e_asr_attctc_th:2092) INFO: min output length: 0
2018-07-11 13:16:02,415 (e2e_asr_attctc_th:2199) INFO: end detected at 32
2018-07-11 13:16:02,415 (e2e_asr_attctc_th:2217) INFO: total log probability: -29.1312725134
2018-07-11 13:16:02,415 (e2e_asr_attctc_th:2218) INFO: normalized log probability: -1.07893601902
2018-07-11 13:16:02,416 (asr_pytorch:468) INFO: groundtruth[1503-1_spk_1503_1_022762-023154]: 耗丙呯冗劫且呯嗄址鑊童裴<unk>呯佬尻唪津據忐迫倔訒蚊旨
2018-07-11 13:16:02,416 (asr_pytorch:469) INFO: prediction [1503-1_spk_1503_1_022762-023154]: 其實一颱加上一份嘅字站咪之間你話唔使翻翻翻個課頭嘅<eos>
2018-07-11 13:16:02,430 (e2e_asr_attctc_th:2977) INFO: BLSTMP input lengths: [582]
2018-07-11 13:16:03,187 (e2e_asr_attctc_th:2067) INFO: input lengths: 146
2018-07-11 13:16:03,187 (e2e_asr_attctc_th:2091) INFO: max output length: 146
2018-07-11 13:16:03,187 (e2e_asr_attctc_th:2092) INFO: min output length: 0
2018-07-11 13:16:09,554 (e2e_asr_attctc_th:2199) INFO: end detected at 45
2018-07-11 13:16:09,554 (e2e_asr_attctc_th:2217) INFO: total log probability: -32.1818418233
2018-07-11 13:16:09,555 (e2e_asr_attctc_th:2218) INFO: normalized log probability: -0.825175431366
2018-07-11 13:16:09,556 (asr_pytorch:468) INFO: groundtruth[9_spk_9_064824-065408]: 妍枱鄔仿俏唪從嘍誅呯兒臼葛閊希啯囹烕盬釘唪震見葛閊希鄔弊譽盬釘唪妊葛閊希
2018-07-11 13:16:09,556 (asr_pytorch:469) INFO: prediction [9_spk_9_064824-065408]: 覺得都仲係唔得嘅話呢先至落文時間啊係盡量唔需要諗下接都建議盡量唔好諗唔接<SPK/><eos>
2018-07-11 13:16:09,571 (e2e_asr_attctc_th:2977) INFO: BLSTMP input lengths: [800]
2018-07-11 13:16:10,718 (e2e_asr_attctc_th:2067) INFO: input lengths: 200
2018-07-11 13:16:10,719 (e2e_asr_attctc_th:2091) INFO: max output length: 200
2018-07-11 13:16:10,719 (e2e_asr_attctc_th:2092) INFO: min output length: 0
2018-07-11 13:16:20,366 (e2e_asr_attctc_th:2199) INFO: end detected at 50
2018-07-11 13:16:20,366 (e2e_asr_attctc_th:2217) INFO: total log probability: -36.354561382
2018-07-11 13:16:20,366 (e2e_asr_attctc_th:2218) INFO: normalized log probability: -0.826240031408
2018-07-11 13:16:20,368 (asr_pytorch:468) INFO: groundtruth[1503-1_spk_1503_1_037644-038446]: 呯倔戛尻幹佬頖紋迫晏閙葛閊希戡耐戛址筋亙倔渦遛啯俏司件可迫戛址吔井觀臺逆迫彈籌逆埗伍<unk>紋道黒
2018-07-11 13:16:20,368 (asr_pytorch:469) INFO: prediction [1503-1_spk_1503_1_037644-038446]: 呢個我就幫你預約三時間樓好似或者我哋第二個去到啦可以前翻我哋套時三時同山相先從嚟行嘅<eos>
2018-07-11 13:16:20,376 (e2e_asr_attctc_th:2977) INFO: BLSTMP input lengths: [374]
2018-07-11 13:16:20,913 (e2e_asr_attctc_th:2067) INFO: input lengths: 94
2018-07-11 13:16:20,914 (e2e_asr_attctc_th:2091) INFO: max output length: 94
2018-07-11 13:16:20,914 (e2e_asr_attctc_th:2092) INFO: min output length: 0
2018-07-11 13:16:22,724 (e2e_asr_attctc_th:2206) INFO: no hypothesis. Finish decoding.
2018-07-11 13:16:22,724 (e2e_asr_attctc_th:2217) INFO: total log probability: -9.68935759366
2018-07-11 13:16:22,724 (e2e_asr_attctc_th:2218) INFO: normalized log probability: -0.64595717291
2018-07-11 13:16:22,724 (asr_pytorch:468) INFO: groundtruth[1505-2_spk_1505_2_038832-039208]: 朋久見俏邕三倔睛邕三樺釗
2018-07-11 13:16:22,724 (asr_pytorch:469) INFO: prediction [1505-2_spk_1505_2_038832-039208]: 叫主要係邊粒個喺變嘅事有嘢<eos>
2018-07-11 13:16:22,733 (e2e_asr_attctc_th:2977) INFO: BLSTMP input lengths: [363]
2018-07-11 13:16:23,221 (e2e_asr_attctc_th:2067) INFO: input lengths: 91
2018-07-11 13:16:23,221 (e2e_asr_attctc_th:2091) INFO: max output length: 91
2018-07-11 13:16:23,221 (e2e_asr_attctc_th:2092) INFO: min output length: 0
2018-07-11 13:16:25,725 (e2e_asr_attctc_th:2206) INFO: no hypothesis. Finish decoding.
2018-07-11 13:16:25,725 (e2e_asr_attctc_th:2217) INFO: total log probability: -8.60370781645
2018-07-11 13:16:25,725 (e2e_asr_attctc_th:2218) INFO: normalized log probability: -0.430185390823
2018-07-11 13:16:25,726 (asr_pytorch:468) INFO: groundtruth[1504-1_spk_1504_1_007561-007926]: 咋B尻朕2倔朔旨朔賀兢2倔朔旨朔賀旨
2018-07-11 13:16:25,726 (asr_pytorch:469) INFO: prediction [1504-1_spk_1504_1_007561-007926]: 咁誒就有兩個月嘅月費年兩個月嘅月費嘅<eos>
2018-07-11 13:16:25,735 (e2e_asr_attctc_th:2977) INFO: BLSTMP input lengths: [336]
2018-07-11 13:16:26,173 (e2e_asr_attctc_th:2067) INFO: input lengths: 84
2018-07-11 13:16:26,174 (e2e_asr_attctc_th:2091) INFO: max output length: 84
2018-07-11 13:16:26,174 (e2e_asr_attctc_th:2092) INFO: min output length: 0
2018-07-11 13:16:29,059 (e2e_asr_attctc_th:2199) INFO: end detected at 26
2018-07-11 13:16:29,059 (e2e_asr_attctc_th:2217) INFO: total log probability: -12.9101414485
2018-07-11 13:16:29,059 (e2e_asr_attctc_th:2218) INFO: normalized log probability: -0.614768640404
2018-07-11 13:16:29,060 (asr_pytorch:468) INFO: groundtruth[1504-2_spk_1504_2_087454-087792]: 戛誅戛宥<unk>戛郷霆腰朵貽刺何朵幀考黒喔
2018-07-11 13:16:29,061 (asr_pytorch:469) INFO: prediction [1504-2_spk_1504_2_087454-087792]: 我話我而傢呢我個電腦未買就住咪帶翻嚟喎<eos>
2018-07-11 13:16:29,073 (e2e_asr_attctc_th:2977) INFO: BLSTMP input lengths: [80]
2018-07-11 13:16:29,217 (e2e_asr_attctc_th:2067) INFO: input lengths: 20
2018-07-11 13:16:29,217 (e2e_asr_attctc_th:2091) INFO: max output length: 20
2018-07-11 13:16:29,217 (e2e_asr_attctc_th:2092) INFO: min output length: 0
2018-07-11 13:16:30,032 (e2e_asr_attctc_th:2199) INFO: end detected at 12
2018-07-11 13:16:30,032 (e2e_asr_attctc_th:2217) INFO: total log probability: -4.38161927648
2018-07-11 13:16:30,032 (e2e_asr_attctc_th:2218) INFO: normalized log probability: -0.625945610926
2018-07-11 13:16:30,033 (asr_pytorch:468) INFO: groundtruth[1504-1_spk_1504_1_050038-050120]: 寵額且綺
2018-07-11 13:16:30,033 (asr_pytorch:469) INFO: prediction [1504-1_spk_1504_1_050038-050120]: 中唔係上網<eos>
2018-07-11 13:16:30,040 (e2e_asr_attctc_th:2977) INFO: BLSTMP input lengths: [54]
2018-07-11 13:16:30,134 (e2e_asr_attctc_th:2067) INFO: input lengths: 14
2018-07-11 13:16:30,134 (e2e_asr_attctc_th:2091) INFO: max output length: 14
2018-07-11 13:16:30,134 (e2e_asr_attctc_th:2092) INFO: min output length: 0
2018-07-11 13:16:30,785 (e2e_asr_attctc_th:2199) INFO: end detected at 12
2018-07-11 13:16:30,786 (e2e_asr_attctc_th:2217) INFO: total log probability: -2.53815323673
2018-07-11 13:16:30,786 (e2e_asr_attctc_th:2218) INFO: normalized log probability: -0.507630647346
2018-07-11 13:16:30,787 (asr_pytorch:468) INFO: groundtruth[4_spk_4_019096-019152]: 倔梯PMRO
2018-07-11 13:16:30,787 (asr_pytorch:469) INFO: prediction [4_spk_4_019096-019152]: 嗰條拎<eos>
2018-07-11 13:16:30,804 (e2e_asr_attctc_th:2977) INFO: BLSTMP input lengths: [606]
2018-07-11 13:16:31,611 (e2e_asr_attctc_th:2067) INFO: input lengths: 152
2018-07-11 13:16:31,612 (e2e_asr_attctc_th:2091) INFO: max output length: 152
2018-07-11 13:16:31,612 (e2e_asr_attctc_th:2092) INFO: min output length: 0
2018-07-11 13:16:38,358 (e2e_asr_attctc_th:2199) INFO: end detected at 40
2018-07-11 13:16:38,358 (e2e_asr_attctc_th:2217) INFO: total log probability: -18.81816459
2018-07-11 13:16:38,359 (e2e_asr_attctc_th:2218) INFO: normalized log probability: -0.553475429119
2018-07-11 13:16:38,359 (asr_pytorch:468) INFO: groundtruth[3_spk_3_023542-024150]: 冀寫佰閊希啯吔埗且綺皂訢啯尻巾綪見側刺丐皆三卉兵蚧卿俏逸埗哈㨃啯
2018-07-11 13:16:38,360 (asr_pytorch:469) INFO: prediction [3_spk_3_023542-024150]: 其實佢滿事啦同埋上網單記啦就已經要做到三百誒十六蚊即係年買曬噶啦<eos>
2018-07-11 13:16:38,367 (e2e_asr_attctc_th:2977) INFO: BLSTMP input lengths: [147]
2018-07-11 13:16:38,568 (e2e_asr_attctc_th:2067) INFO: input lengths: 37
2018-07-11 13:16:38,568 (e2e_asr_attctc_th:2091) INFO: max output length: 37
2018-07-11 13:16:38,568 (e2e_asr_attctc_th:2092) INFO: min output length: 0
2018-07-11 13:16:39,424 (e2e_asr_attctc_th:2199) INFO: end detected at 13
2018-07-11 13:16:39,424 (e2e_asr_attctc_th:2217) INFO: total log probability: -7.45429745317
2018-07-11 13:16:39,424 (e2e_asr_attctc_th:2218) INFO: normalized log probability: -1.24238290886
2018-07-11 13:16:39,425 (asr_pytorch:468) INFO: groundtruth[1502-1_spk_1502_1_035602-035751]: B
2018-07-11 13:16:39,425 (asr_pytorch:469) INFO: prediction [1502-1_spk_1502_1_035602-035751]: 誒我嗰啲<eos>
2018-07-11 13:16:39,433 (e2e_asr_attctc_th:2977) INFO: BLSTMP input lengths: [198]
2018-07-11 13:16:39,705 (e2e_asr_attctc_th:2067) INFO: input lengths: 50
2018-07-11 13:16:39,705 (e2e_asr_attctc_th:2091) INFO: max output length: 50
2018-07-11 13:16:39,705 (e2e_asr_attctc_th:2092) INFO: min output length: 0
2018-07-11 13:16:40,938 (e2e_asr_attctc_th:2206) INFO: no hypothesis. Finish decoding.
2018-07-11 13:16:40,938 (e2e_asr_attctc_th:2217) INFO: total log probability: -2.38230764167
2018-07-11 13:16:40,938 (e2e_asr_attctc_th:2218) INFO: normalized log probability: -0.170164831548
2018-07-11 13:16:40,939 (asr_pytorch:468) INFO: groundtruth[1502-2_spk_1502_2_081120-081320]: 乒得鄔俏卉兵KF咋樺由迫嘍
2018-07-11 13:16:40,939 (asr_pytorch:469) INFO: prediction [1502-2_spk_1502_2_081120-081320]: 之後都係實六嘅咁樣用翻嘅<eos>
2018-07-11 13:16:40,947 (e2e_asr_attctc_th:2977) INFO: BLSTMP input lengths: [297]
2018-07-11 13:16:41,332 (e2e_asr_attctc_th:2067) INFO: input lengths: 75
2018-07-11 13:16:41,332 (e2e_asr_attctc_th:2091) INFO: max output length: 75
2018-07-11 13:16:41,332 (e2e_asr_attctc_th:2092) INFO: min output length: 0
2018-07-11 13:16:43,157 (e2e_asr_attctc_th:2206) INFO: no hypothesis. Finish decoding.
2018-07-11 13:16:43,157 (e2e_asr_attctc_th:2217) INFO: total log probability: -7.18508074852
2018-07-11 13:16:43,157 (e2e_asr_attctc_th:2218) INFO: normalized log probability: -0.422651808736
2018-07-11 13:16:43,158 (asr_pytorch:468) INFO: groundtruth[1501-1_spk_1501_1_037382-037681]: 宣俏誅佬挖宣迫三倔渺鑊童嘍<unk>叨
2018-07-11 13:16:43,158 (asr_pytorch:469) INFO: prediction [1501-1_spk_1501_1_037382-037681]: 淨係話你主定翻一個講次站嘅傷口<eos>
2018-07-11 13:16:43,165 (e2e_asr_attctc_th:2977) INFO: BLSTMP input lengths: [185]
2018-07-11 13:16:43,419 (e2e_asr_attctc_th:2067) INFO: input lengths: 47
2018-07-11 13:16:43,419 (e2e_asr_attctc_th:2091) INFO: max output length: 47
2018-07-11 13:16:43,419 (e2e_asr_attctc_th:2092) INFO: min output length: 0
2018-07-11 13:16:44,395 (e2e_asr_attctc_th:2199) INFO: end detected at 14
2018-07-11 13:16:44,395 (e2e_asr_attctc_th:2217) INFO: total log probability: -4.41584533174
2018-07-11 13:16:44,395 (e2e_asr_attctc_th:2218) INFO: normalized log probability: -0.490649481304
2018-07-11 13:16:44,396 (asr_pytorch:468) INFO: groundtruth[1501-2_spk_1501_2_023784-023971]: 幺啼嘍TPER嘍誅呯
2018-07-11 13:16:44,396 (asr_pytorch:469) INFO: prediction [1501-2_spk_1501_2_023784-023971]: 便啲嘢聽嘅話呢<eos>
2018-07-11 13:16:44,403 (e2e_asr_attctc_th:2977) INFO: BLSTMP input lengths: [107]
2018-07-11 13:16:44,546 (e2e_asr_attctc_th:2067) INFO: input lengths: 27
2018-07-11 13:16:44,546 (e2e_asr_attctc_th:2091) INFO: max output length: 27
2018-07-11 13:16:44,546 (e2e_asr_attctc_th:2092) INFO: min output length: 0
2018-07-11 13:16:45,169 (e2e_asr_attctc_th:2199) INFO: end detected at 10
2018-07-11 13:16:45,170 (e2e_asr_attctc_th:2217) INFO: total log probability: -1.19752147608
2018-07-11 13:16:45,170 (e2e_asr_attctc_th:2218) INFO: normalized log probability: -0.199586912679
2018-07-11 13:16:45,170 (asr_pytorch:468) INFO: groundtruth[1501-1_spk_1501_1_076508-076617]: 哭卉乸蚊
2018-07-11 13:16:45,170 (asr_pytorch:469) INFO: prediction [1501-1_spk_1501_1_076508-076617]: 我十九號<eos>
2018-07-11 13:16:45,179 (e2e_asr_attctc_th:2977) INFO: BLSTMP input lengths: [418]
2018-07-11 13:16:45,723 (e2e_asr_attctc_th:2067) INFO: input lengths: 105
2018-07-11 13:16:45,723 (e2e_asr_attctc_th:2091) INFO: max output length: 105
2018-07-11 13:16:45,723 (e2e_asr_attctc_th:2092) INFO: min output length: 0
2018-07-11 13:16:48,910 (e2e_asr_attctc_th:2206) INFO: no hypothesis. Finish decoding.
2018-07-11 13:16:48,911 (e2e_asr_attctc_th:2217) INFO: total log probability: -18.4741638312
2018-07-11 13:16:48,911 (e2e_asr_attctc_th:2218) INFO: normalized log probability: -0.684228290045
2018-07-11 13:16:48,911 (asr_pytorch:468) INFO: groundtruth[1504-1_spk_1504_1_053888-054308]: 列整啼咋樺樺姚俏毛倔閙閙兲各朕晏朕啼址旅鄔朕殊佑妊而寫謬
2018-07-11 13:16:48,911 (asr_pytorch:469) INFO: prediction [1504-1_spk_1504_1_053888-054308]: 新山啲咁樣樣即係每個間X有時有啲地方頭四位好好食講<eos>
2018-07-11 13:16:48,919 (e2e_asr_attctc_th:2977) INFO: BLSTMP input lengths: [271]
2018-07-11 13:16:49,284 (e2e_asr_attctc_th:2067) INFO: input lengths: 68
2018-07-11 13:16:49,285 (e2e_asr_attctc_th:2091) INFO: max output length: 68
2018-07-11 13:16:49,285 (e2e_asr_attctc_th:2092) INFO: min output length: 0
2018-07-11 13:16:51,245 (e2e_asr_attctc_th:2199) INFO: end detected at 21
2018-07-11 13:16:51,245 (e2e_asr_attctc_th:2217) INFO: total log probability: -6.40051984973
2018-07-11 13:16:51,245 (e2e_asr_attctc_th:2218) INFO: normalized log probability: -0.400032490608
2018-07-11 13:16:51,247 (asr_pytorch:468) INFO: groundtruth[1501-1_spk_1501_1_054546-054819]: 住俏佬司件邀操迫嗄閊希嗷刺呯
2018-07-11 13:16:51,247 (asr_pytorch:469) INFO: prediction [1501-1_spk_1501_1_054546-054819]: 但係你可以選擇翻喺門子嗰度呢<eos>
2018-07-11 13:16:51,258 (e2e_asr_attctc_th:2977) INFO: BLSTMP input lengths: [110]
2018-07-11 13:16:51,463 (e2e_asr_attctc_th:2067) INFO: input lengths: 28
2018-07-11 13:16:51,464 (e2e_asr_attctc_th:2091) INFO: max output length: 28
2018-07-11 13:16:51,464 (e2e_asr_attctc_th:2092) INFO: min output length: 0
2018-07-11 13:16:51,891 (e2e_asr_attctc_th:2206) INFO: no hypothesis. Finish decoding.
2018-07-11 13:16:51,891 (e2e_asr_attctc_th:2217) INFO: total log probability: -1.05298740696
2018-07-11 13:16:51,891 (e2e_asr_attctc_th:2218) INFO: normalized log probability: -0.210597481392
2018-07-11 13:16:51,892 (asr_pytorch:468) INFO: groundtruth[1504-1_spk_1504_1_091160-091272]: 啖昕皅
2018-07-11 13:16:51,892 (asr_pytorch:469) INFO: prediction [1504-1_spk_1504_1_091160-091272]: 啊明白<eos>
2018-07-11 13:16:51,910 (e2e_asr_attctc_th:2977) INFO: BLSTMP input lengths: [768]
2018-07-11 13:16:53,530 (e2e_asr_attctc_th:2067) INFO: input lengths: 192
2018-07-11 13:16:53,530 (e2e_asr_attctc_th:2091) INFO: max output length: 192
2018-07-11 13:16:53,531 (e2e_asr_attctc_th:2092) INFO: min output length: 0
2018-07-11 13:17:03,360 (e2e_asr_attctc_th:2206) INFO: no hypothesis. Finish decoding.
2018-07-11 13:17:03,360 (e2e_asr_attctc_th:2217) INFO: total log probability: -37.7515077956
2018-07-11 13:17:03,360 (e2e_asr_attctc_th:2218) INFO: normalized log probability: -0.820684952079
2018-07-11 13:17:03,361 (asr_pytorch:468) INFO: groundtruth[1503-1_spk_1503_1_065958-066728]: 譴妍誅司脇佬6朔2蚊轟道黒由戛址望募咋耗司脇戛址吔井啯毯差倔戳斌旬佬呯俏毛倔朔旨13蚊咋討啯
2018-07-11 13:17:03,361 (asr_pytorch:469) INFO: prediction [1503-1_spk_1503_1_065958-066728]: 係話能你落雨然後轉話嚟同我哋房後咁如可能我哋套時啦你著我哋做人你都係每嗰啲嘅十三號咁計啦<eos>
2018-07-11 13:17:03,369 (e2e_asr_attctc_th:2977) INFO: BLSTMP input lengths: [203]
2018-07-11 13:17:03,642 (e2e_asr_attctc_th:2067) INFO: input lengths: 51
2018-07-11 13:17:03,642 (e2e_asr_attctc_th:2091) INFO: max output length: 51
2018-07-11 13:17:03,642 (e2e_asr_attctc_th:2092) INFO: min output length: 0
2018-07-11 13:17:05,141 (e2e_asr_attctc_th:2199) INFO: end detected at 18
2018-07-11 13:17:05,141 (e2e_asr_attctc_th:2217) INFO: total log probability: -6.69948338286
2018-07-11 13:17:05,141 (e2e_asr_attctc_th:2218) INFO: normalized log probability: -0.478534527347
2018-07-11 13:17:05,142 (asr_pytorch:468) INFO: groundtruth[1502-2_spk_1502_2_041492-041697]: 手件戛冀寫三艇宭扁冀寫眯俏
2018-07-11 13:17:05,142 (asr_pytorch:469) INFO: prediction [1502-2_spk_1502_2_041492-041697]: 所以我其實係一般後嘅真係<eos>
2018-07-11 13:17:05,150 (e2e_asr_attctc_th:2977) INFO: BLSTMP input lengths: [113]
2018-07-11 13:17:05,305 (e2e_asr_attctc_th:2067) INFO: input lengths: 29
2018-07-11 13:17:05,306 (e2e_asr_attctc_th:2091) INFO: max output length: 29
2018-07-11 13:17:05,306 (e2e_asr_attctc_th:2092) INFO: min output length: 0
2018-07-11 13:17:05,840 (e2e_asr_attctc_th:2199) INFO: end detected at 10
2018-07-11 13:17:05,840 (e2e_asr_attctc_th:2217) INFO: total log probability: -1.60809071362
2018-07-11 13:17:05,840 (e2e_asr_attctc_th:2218) INFO: normalized log probability: -0.536030237873
2018-07-11 13:17:05,841 (asr_pytorch:468) INFO: groundtruth[9_spk_9_060751-060866]: 哭哭
2018-07-11 13:17:05,841 (asr_pytorch:469) INFO: prediction [9_spk_9_060751-060866]: 哦<eos>
2018-07-11 13:17:05,849 (e2e_asr_attctc_th:2977) INFO: BLSTMP input lengths: [183]
2018-07-11 13:17:06,095 (e2e_asr_attctc_th:2067) INFO: input lengths: 46
2018-07-11 13:17:06,096 (e2e_asr_attctc_th:2091) INFO: max output length: 46
2018-07-11 13:17:06,096 (e2e_asr_attctc_th:2092) INFO: min output length: 0
2018-07-11 13:17:06,916 (e2e_asr_attctc_th:2206) INFO: no hypothesis. Finish decoding.
2018-07-11 13:17:06,916 (e2e_asr_attctc_th:2217) INFO: total log probability: -2.39494587411
2018-07-11 13:17:06,916 (e2e_asr_attctc_th:2218) INFO: normalized log probability: -0.239494587411
2018-07-11 13:17:06,917 (asr_pytorch:468) INFO: groundtruth[1501-1_spk_1501_1_018503-018688]: 貨B朕逆兮倔朔囖
2018-07-11 13:17:06,917 (asr_pytorch:469) INFO: prediction [1501-1_spk_1501_1_018503-018688]: 嗯誒有送兩個月咯<eos>
2018-07-11 13:17:06,924 (e2e_asr_attctc_th:2977) INFO: BLSTMP input lengths: [59]
2018-07-11 13:17:07,009 (e2e_asr_attctc_th:2067) INFO: input lengths: 15
2018-07-11 13:17:07,009 (e2e_asr_attctc_th:2091) INFO: max output length: 15
2018-07-11 13:17:07,009 (e2e_asr_attctc_th:2092) INFO: min output length: 0
2018-07-11 13:17:07,551 (e2e_asr_attctc_th:2199) INFO: end detected at 10
2018-07-11 13:17:07,552 (e2e_asr_attctc_th:2217) INFO: total log probability: -1.76071250718
2018-07-11 13:17:07,552 (e2e_asr_attctc_th:2218) INFO: normalized log probability: -0.29345208453
2018-07-11 13:17:07,552 (asr_pytorch:468) INFO: groundtruth[1501-2_spk_1501_2_003633-003694]: 哭SO呈
2018-07-11 13:17:07,553 (asr_pytorch:469) INFO: prediction [1501-2_spk_1501_2_003633-003694]: 哦OK啊<eos>
2018-07-11 13:17:07,562 (e2e_asr_attctc_th:2977) INFO: BLSTMP input lengths: [726]
2018-07-11 13:17:08,491 (e2e_asr_attctc_th:2067) INFO: input lengths: 182
2018-07-11 13:17:08,492 (e2e_asr_attctc_th:2091) INFO: max output length: 182
2018-07-11 13:17:08,492 (e2e_asr_attctc_th:2092) INFO: min output length: 0
2018-07-11 13:17:18,419 (e2e_asr_attctc_th:2199) INFO: end detected at 54
2018-07-11 13:17:18,419 (e2e_asr_attctc_th:2217) INFO: total log probability: -49.475926274
2018-07-11 13:17:18,419 (e2e_asr_attctc_th:2218) INFO: normalized log probability: -1.0097127811
2018-07-11 13:17:18,420 (asr_pytorch:468) INFO: groundtruth[1503-1_spk_1503_1_009292-010020]: 俏啯咋手件旨誅呯戛寬顧尋嗄2幻卒<unk>紋晏閙裴邕啯戛六郷毛三倔朔幹佬繆具俏慺差1800蚧旨朔賀
2018-07-11 13:17:18,420 (asr_pytorch:469) INFO: prediction [1503-1_spk_1503_1_009292-010020]: 係啦咁所以嘅話呢我零以所以喺大連廣閤嘅時間嚟呢個我全部會一個月翻嚟總共係翻咗一次韆八蚊一月費噶<eos>
2018-07-11 13:17:18,428 (e2e_asr_attctc_th:2977) INFO: BLSTMP input lengths: [52]
2018-07-11 13:17:18,520 (e2e_asr_attctc_th:2067) INFO: input lengths: 13
2018-07-11 13:17:18,520 (e2e_asr_attctc_th:2091) INFO: max output length: 13
2018-07-11 13:17:18,520 (e2e_asr_attctc_th:2092) INFO: min output length: 0
2018-07-11 13:17:18,973 (e2e_asr_attctc_th:2199) INFO: end detected at 9
2018-07-11 13:17:18,973 (e2e_asr_attctc_th:2217) INFO: total log probability: -0.229271301418
2018-07-11 13:17:18,973 (e2e_asr_attctc_th:2218) INFO: normalized log probability: -0.0573178253544
2018-07-11 13:17:18,974 (asr_pytorch:468) INFO: groundtruth[1502-2_spk_1502_2_029720-029774]: 俏呈
2018-07-11 13:17:18,974 (asr_pytorch:469) INFO: prediction [1502-2_spk_1502_2_029720-029774]: 係啊<eos>
2018-07-11 13:17:18,982 (e2e_asr_attctc_th:2977) INFO: BLSTMP input lengths: [218]
2018-07-11 13:17:19,263 (e2e_asr_attctc_th:2067) INFO: input lengths: 55
2018-07-11 13:17:19,263 (e2e_asr_attctc_th:2091) INFO: max output length: 55
2018-07-11 13:17:19,264 (e2e_asr_attctc_th:2092) INFO: min output length: 0
2018-07-11 13:17:21,247 (e2e_asr_attctc_th:2206) INFO: no hypothesis. Finish decoding.
2018-07-11 13:17:21,247 (e2e_asr_attctc_th:2217) INFO: total log probability: -13.6160715595
2018-07-11 13:17:21,247 (e2e_asr_attctc_th:2218) INFO: normalized log probability: -0.800945385852
2018-07-11 13:17:21,248 (asr_pytorch:468) INFO: groundtruth[1502-2_spk_1502_2_048742-048962]: 佬毛倔朔見毯夥皆靡亙皆蚧喔咋樺嗷啼
2018-07-11 13:17:21,248 (asr_pytorch:469) INFO: prediction [1502-2_spk_1502_2_048742-048962]: 你每個月比較拍嚟而傢蚊搵咗嗰啲<eos>
2018-07-11 13:17:21,262 (e2e_asr_attctc_th:2977) INFO: BLSTMP input lengths: [124]
2018-07-11 13:17:21,548 (e2e_asr_attctc_th:2067) INFO: input lengths: 31
2018-07-11 13:17:21,549 (e2e_asr_attctc_th:2091) INFO: max output length: 31
2018-07-11 13:17:21,549 (e2e_asr_attctc_th:2092) INFO: min output length: 0
2018-07-11 13:17:22,612 (e2e_asr_attctc_th:2199) INFO: end detected at 11
2018-07-11 13:17:22,613 (e2e_asr_attctc_th:2217) INFO: total log probability: -0.690073373495
2018-07-11 13:17:22,613 (e2e_asr_attctc_th:2218) INFO: normalized log probability: -0.0985819104992
2018-07-11 13:17:22,614 (asr_pytorch:468) INFO: groundtruth[1501-1_spk_1501_1_092325-092451]: 咋俏啯俏啯
2018-07-11 13:17:22,614 (asr_pytorch:469) INFO: prediction [1501-1_spk_1501_1_092325-092451]: 咁係啊係啦<eos>
2018-07-11 13:17:22,629 (e2e_asr_attctc_th:2977) INFO: BLSTMP input lengths: [271]
2018-07-11 13:17:23,166 (e2e_asr_attctc_th:2067) INFO: input lengths: 68
2018-07-11 13:17:23,167 (e2e_asr_attctc_th:2091) INFO: max output length: 68
2018-07-11 13:17:23,167 (e2e_asr_attctc_th:2092) INFO: min output length: 0
2018-07-11 13:17:25,603 (e2e_asr_attctc_th:2199) INFO: end detected at 19
2018-07-11 13:17:25,604 (e2e_asr_attctc_th:2217) INFO: total log probability: -15.9593663216
2018-07-11 13:17:25,604 (e2e_asr_attctc_th:2218) INFO: normalized log probability: -1.45085148378
2018-07-11 13:17:25,605 (asr_pytorch:468) INFO: groundtruth[8_spk_8_084342-084615]: 俏呈俏呈俏呈咋佬朕然聶絨霆誅略佔吟
2018-07-11 13:17:25,605 (asr_pytorch:469) INFO: prediction [8_spk_8_084342-084615]: 就曬曬心啫咁先上邊<eos>
2018-07-11 13:17:25,622 (e2e_asr_attctc_th:2977) INFO: BLSTMP input lengths: [638]
2018-07-11 13:17:26,746 (e2e_asr_attctc_th:2067) INFO: input lengths: 160
2018-07-11 13:17:26,746 (e2e_asr_attctc_th:2091) INFO: max output length: 160
2018-07-11 13:17:26,746 (e2e_asr_attctc_th:2092) INFO: min output length: 0
2018-07-11 13:17:32,477 (e2e_asr_attctc_th:2199) INFO: end detected at 38
2018-07-11 13:17:32,477 (e2e_asr_attctc_th:2217) INFO: total log probability: -23.2016483918
2018-07-11 13:17:32,477 (e2e_asr_attctc_th:2218) INFO: normalized log probability: -0.703080254296
2018-07-11 13:17:32,478 (asr_pytorch:468) INFO: groundtruth[1503-1_spk_1503_1_004160-004800]: 6KF旨嗺咋呯刺旨誅呯戛俏司件呯嗺戛俏戛幹佬吔啖頻嗷刺啯俏町諛差妊耳啯呯
2018-07-11 13:17:32,478 (asr_pytorch:469) INFO: prediction [1503-1_spk_1503_1_004160-004800]: 落啲嘢啊咁呢個嘅話呢我係可以呢個我幫你同我嗰度啦係申請就好耐呢<eos>
2018-07-11 13:17:32,490 (e2e_asr_attctc_th:2977) INFO: BLSTMP input lengths: [274]
2018-07-11 13:17:32,880 (e2e_asr_attctc_th:2067) INFO: input lengths: 69
2018-07-11 13:17:32,881 (e2e_asr_attctc_th:2091) INFO: max output length: 69
2018-07-11 13:17:32,881 (e2e_asr_attctc_th:2092) INFO: min output length: 0
2018-07-11 13:17:34,116 (e2e_asr_attctc_th:2199) INFO: end detected at 16
2018-07-11 13:17:34,116 (e2e_asr_attctc_th:2217) INFO: total log probability: -8.66866884753
2018-07-11 13:17:34,117 (e2e_asr_attctc_th:2218) INFO: normalized log probability: -0.788060804321
2018-07-11 13:17:34,117 (asr_pytorch:468) INFO: groundtruth[1505-1_spk_1505_1_057894-058170]: 嗶冀寫尖姚俏嗺戛址呯
2018-07-11 13:17:34,117 (asr_pytorch:469) INFO: prediction [1505-1_spk_1505_1_057894-058170]: 嗯其實即係啦我哋呢<eos>
2018-07-11 13:17:34,124 (e2e_asr_attctc_th:2977) INFO: BLSTMP input lengths: [42]
2018-07-11 13:17:34,187 (e2e_asr_attctc_th:2067) INFO: input lengths: 11
2018-07-11 13:17:34,187 (e2e_asr_attctc_th:2091) INFO: max output length: 11
2018-07-11 13:17:34,187 (e2e_asr_attctc_th:2092) INFO: min output length: 0
2018-07-11 13:17:34,502 (e2e_asr_attctc_th:2199) INFO: end detected at 8
2018-07-11 13:17:34,502 (e2e_asr_attctc_th:2217) INFO: total log probability: -1.714887321
2018-07-11 13:17:34,502 (e2e_asr_attctc_th:2218) INFO: normalized log probability: -0.571629106998
2018-07-11 13:17:34,503 (asr_pytorch:468) INFO: groundtruth[1504-1_spk_1504_1_076512-076556]: 姚俏
2018-07-11 13:17:34,504 (asr_pytorch:469) INFO: prediction [1504-1_spk_1504_1_076512-076556]: 即<eos>
2018-07-11 13:17:34,515 (e2e_asr_attctc_th:2977) INFO: BLSTMP input lengths: [148]
2018-07-11 13:17:34,743 (e2e_asr_attctc_th:2067) INFO: input lengths: 37
2018-07-11 13:17:34,744 (e2e_asr_attctc_th:2091) INFO: max output length: 37
2018-07-11 13:17:34,744 (e2e_asr_attctc_th:2092) INFO: min output length: 0
2018-07-11 13:17:35,405 (e2e_asr_attctc_th:2199) INFO: end detected at 11
2018-07-11 13:17:35,405 (e2e_asr_attctc_th:2217) INFO: total log probability: -6.48646903038
2018-07-11 13:17:35,406 (e2e_asr_attctc_th:2218) INFO: normalized log probability: -1.29729380608
2018-07-11 13:17:35,406 (asr_pytorch:468) INFO: groundtruth[8_spk_8_032860-033010]: 暄朦倔朦呈
2018-07-11 13:17:35,406 (asr_pytorch:469) INFO: prediction [8_spk_8_032860-033010]: 正鬆心<eos>
2018-07-11 13:17:35,413 (e2e_asr_attctc_th:2977) INFO: BLSTMP input lengths: [32]
2018-07-11 13:17:35,462 (e2e_asr_attctc_th:2067) INFO: input lengths: 8
2018-07-11 13:17:35,462 (e2e_asr_attctc_th:2091) INFO: max output length: 8
2018-07-11 13:17:35,462 (e2e_asr_attctc_th:2092) INFO: min output length: 0
2018-07-11 13:17:35,741 (e2e_asr_attctc_th:2180) INFO: adding <eos> in the last postion in the loop
2018-07-11 13:17:35,742 (e2e_asr_attctc_th:2206) INFO: no hypothesis. Finish decoding.
2018-07-11 13:17:35,742 (e2e_asr_attctc_th:2217) INFO: total log probability: -1.09934066236
2018-07-11 13:17:35,742 (e2e_asr_attctc_th:2218) INFO: normalized log probability: -0.366446887453
2018-07-11 13:17:35,743 (asr_pytorch:468) INFO: groundtruth[1501-1_spk_1501_1_030680-030714]: 俏
2018-07-11 13:17:35,743 (asr_pytorch:469) INFO: prediction [1501-1_spk_1501_1_030680-030714]: 嗬<eos>
# Accounting: time=263 threads=1
# Ended (code 0) at Wed Jul 11 13:17:35 HKT 2018, elapsed time 263 seconds
