# asr_recog.py --ngpu 0 --backend pytorch --recog-json smartone_data/smartone_kaldi/split32utt/data.25.json --result-label smartone_data/baseline/decode/data.25.json --model smartone_data/baseline/model.acc.best --model-conf smartone_data/baseline/model.conf --beam-size 20 --penalty 0.0 --maxlenratio 0.0 --minlenratio 0.0 --ctc-weight 0.3 
# Started at Wed Jul 11 13:13:12 HKT 2018
#
2018-07-11 13:13:13,052 (asr_recog:110) INFO: python path = /home/lahiru/Devinstalls/espnet_new/espnet/egs/domain_adaptation_cantonese/asr5/../../../src/lm/:/home/lahiru/Devinstalls/espnet_new/espnet/egs/domain_adaptation_cantonese/asr5/../../../src/asr/:/home/lahiru/Devinstalls/espnet_new/espnet/egs/domain_adaptation_cantonese/asr5/../../../src/nets/:/home/lahiru/Devinstalls/espnet_new/espnet/egs/domain_adaptation_cantonese/asr5/../../../src/utils/:/home/lahiru/Devinstalls/espnet_new/espnet/egs/domain_adaptation_cantonese/asr5/../../../src/bin/:/home/lahiru/Devinstalls/espnet_new/espnet/egs/domain_adaptation_cantonese/asr5/../../../src/lm/:/home/lahiru/Devinstalls/espnet_new/espnet/egs/domain_adaptation_cantonese/asr5/../../../src/asr/:/home/lahiru/Devinstalls/espnet_new/espnet/egs/domain_adaptation_cantonese/asr5/../../../src/nets/:/home/lahiru/Devinstalls/espnet_new/espnet/egs/domain_adaptation_cantonese/asr5/../../../src/utils/:/home/lahiru/Devinstalls/espnet_new/espnet/egs/domain_adaptation_cantonese/asr5/../../../src/bin/:
2018-07-11 13:13:13,052 (asr_recog:115) INFO: set random seed = 1
2018-07-11 13:13:13,052 (asr_recog:118) INFO: backend = pytorch
2018-07-11 13:13:13,778 (asr_pytorch:393) INFO: reading a model config file fromsmartone_data/baseline/model.conf
2018-07-11 13:13:13,808 (asr_pytorch:397) INFO: ARGS: backend: pytorch
2018-07-11 13:13:13,809 (asr_pytorch:397) INFO: ARGS: beam_size: 20
2018-07-11 13:13:13,809 (asr_pytorch:397) INFO: ARGS: ctc_weight: 0.3
2018-07-11 13:13:13,809 (asr_pytorch:397) INFO: ARGS: da: 0
2018-07-11 13:13:13,809 (asr_pytorch:397) INFO: ARGS: daconfig: 3
2018-07-11 13:13:13,809 (asr_pytorch:397) INFO: ARGS: datype: bias
2018-07-11 13:13:13,809 (asr_pytorch:397) INFO: ARGS: debugmode: 1
2018-07-11 13:13:13,809 (asr_pytorch:397) INFO: ARGS: gpu: None
2018-07-11 13:13:13,809 (asr_pytorch:397) INFO: ARGS: lm_weight: 0.1
2018-07-11 13:13:13,809 (asr_pytorch:397) INFO: ARGS: maxlenratio: 0.0
2018-07-11 13:13:13,809 (asr_pytorch:397) INFO: ARGS: minlenratio: 0.0
2018-07-11 13:13:13,809 (asr_pytorch:397) INFO: ARGS: model: smartone_data/baseline/model.acc.best
2018-07-11 13:13:13,809 (asr_pytorch:397) INFO: ARGS: model_conf: smartone_data/baseline/model.conf
2018-07-11 13:13:13,809 (asr_pytorch:397) INFO: ARGS: nbest: 1
2018-07-11 13:13:13,809 (asr_pytorch:397) INFO: ARGS: ngpu: 0
2018-07-11 13:13:13,809 (asr_pytorch:397) INFO: ARGS: penalty: 0.0
2018-07-11 13:13:13,809 (asr_pytorch:397) INFO: ARGS: recog_feat: None
2018-07-11 13:13:13,810 (asr_pytorch:397) INFO: ARGS: recog_json: smartone_data/smartone_kaldi/split32utt/data.25.json
2018-07-11 13:13:13,810 (asr_pytorch:397) INFO: ARGS: recog_label: None
2018-07-11 13:13:13,810 (asr_pytorch:397) INFO: ARGS: result_label: smartone_data/baseline/decode/data.25.json
2018-07-11 13:13:13,810 (asr_pytorch:397) INFO: ARGS: rnnlm: None
2018-07-11 13:13:13,810 (asr_pytorch:397) INFO: ARGS: seed: 1
2018-07-11 13:13:13,810 (asr_pytorch:397) INFO: ARGS: verbose: 1
2018-07-11 13:13:13,810 (asr_pytorch:397) INFO: ARGS: word_dict: None
2018-07-11 13:13:13,810 (asr_pytorch:397) INFO: ARGS: word_rnnlm: None
2018-07-11 13:13:13,810 (asr_pytorch:400) INFO: reading model parameters fromsmartone_data/baseline/model.acc.best
2018-07-11 13:13:13,810 (e2e_asr_attctc_th:184) INFO: subsample: 1 2 2 1 1
2018-07-11 13:13:13,934 (e2e_asr_attctc_th:2317) INFO: BLSTM with every-layer projection for encoder
2018-07-11 13:13:15,782 (e2e_asr_attctc_th:2977) INFO: BLSTMP input lengths: [55]
2018-07-11 13:13:15,865 (e2e_asr_attctc_th:2067) INFO: input lengths: 14
2018-07-11 13:13:15,866 (e2e_asr_attctc_th:2091) INFO: max output length: 14
2018-07-11 13:13:15,866 (e2e_asr_attctc_th:2092) INFO: min output length: 0
2018-07-11 13:13:16,231 (e2e_asr_attctc_th:2199) INFO: end detected at 8
2018-07-11 13:13:16,232 (e2e_asr_attctc_th:2217) INFO: total log probability: -1.44294492155
2018-07-11 13:13:16,232 (e2e_asr_attctc_th:2218) INFO: normalized log probability: -0.360736230388
2018-07-11 13:13:16,232 (asr_pytorch:468) INFO: groundtruth[9_spk_9_005095-005152]: 俏啯
2018-07-11 13:13:16,233 (asr_pytorch:469) INFO: prediction [9_spk_9_005095-005152]: 係嘞<eos>
2018-07-11 13:13:16,241 (e2e_asr_attctc_th:2977) INFO: BLSTMP input lengths: [223]
2018-07-11 13:13:16,543 (e2e_asr_attctc_th:2067) INFO: input lengths: 56
2018-07-11 13:13:16,543 (e2e_asr_attctc_th:2091) INFO: max output length: 56
2018-07-11 13:13:16,543 (e2e_asr_attctc_th:2092) INFO: min output length: 0
2018-07-11 13:13:18,576 (e2e_asr_attctc_th:2199) INFO: end detected at 18
2018-07-11 13:13:18,576 (e2e_asr_attctc_th:2217) INFO: total log probability: -15.9298697114
2018-07-11 13:13:18,576 (e2e_asr_attctc_th:2218) INFO: normalized log probability: -1.32748914262
2018-07-11 13:13:18,578 (asr_pytorch:468) INFO: groundtruth[8_spk_8_006382-006606]: 哭羔用WSVV~戛噘鍋
2018-07-11 13:13:18,578 (asr_pytorch:469) INFO: prediction [8_spk_8_006382-006606]: 來翻工你啊啱訓覺之前<eos>
2018-07-11 13:13:18,593 (e2e_asr_attctc_th:2977) INFO: BLSTMP input lengths: [412]
2018-07-11 13:13:19,280 (e2e_asr_attctc_th:2067) INFO: input lengths: 103
2018-07-11 13:13:19,280 (e2e_asr_attctc_th:2091) INFO: max output length: 103
2018-07-11 13:13:19,280 (e2e_asr_attctc_th:2092) INFO: min output length: 0
2018-07-11 13:13:21,883 (e2e_asr_attctc_th:2199) INFO: end detected at 24
2018-07-11 13:13:21,883 (e2e_asr_attctc_th:2217) INFO: total log probability: -10.9068943476
2018-07-11 13:13:21,883 (e2e_asr_attctc_th:2218) INFO: normalized log probability: -0.574047070928
2018-07-11 13:13:21,884 (asr_pytorch:468) INFO: groundtruth[1505-1_spk_1505_1_068610-069024]: 俏啯<unk>世道逮庵俏啯逮庵旅<unk>服慪囖俏
2018-07-11 13:13:21,884 (asr_pytorch:469) INFO: prediction [1505-1_spk_1505_1_068610-069024]: 係啦隻不過速度係啊速度方便會問咯係<eos>
2018-07-11 13:13:21,894 (e2e_asr_attctc_th:2977) INFO: BLSTMP input lengths: [396]
2018-07-11 13:13:22,392 (e2e_asr_attctc_th:2067) INFO: input lengths: 99
2018-07-11 13:13:22,392 (e2e_asr_attctc_th:2091) INFO: max output length: 99
2018-07-11 13:13:22,392 (e2e_asr_attctc_th:2092) INFO: min output length: 0
2018-07-11 13:13:25,849 (e2e_asr_attctc_th:2199) INFO: end detected at 31
2018-07-11 13:13:25,850 (e2e_asr_attctc_th:2217) INFO: total log probability: -17.3547319658
2018-07-11 13:13:25,850 (e2e_asr_attctc_th:2218) INFO: normalized log probability: -0.642767850586
2018-07-11 13:13:25,850 (asr_pytorch:468) INFO: groundtruth[1504-1_spk_1504_1_036410-036808]: 咋佬刺晏咱NSMR迫啼姚俏佬解從費啖刺晏纔紋費戡耐黴樺樺
2018-07-11 13:13:25,851 (asr_pytorch:469) INFO: prediction [1504-1_spk_1504_1_036410-036808]: 咁你到時唔係再翻展即係你覺得貴啊就食咗嘅貴快點樣樣<eos>
2018-07-11 13:13:25,859 (e2e_asr_attctc_th:2977) INFO: BLSTMP input lengths: [116]
2018-07-11 13:13:26,017 (e2e_asr_attctc_th:2067) INFO: input lengths: 29
2018-07-11 13:13:26,017 (e2e_asr_attctc_th:2091) INFO: max output length: 29
2018-07-11 13:13:26,017 (e2e_asr_attctc_th:2092) INFO: min output length: 0
2018-07-11 13:13:26,905 (e2e_asr_attctc_th:2199) INFO: end detected at 14
2018-07-11 13:13:26,905 (e2e_asr_attctc_th:2217) INFO: total log probability: -3.06429186859
2018-07-11 13:13:26,905 (e2e_asr_attctc_th:2218) INFO: normalized log probability: -0.306429186859
2018-07-11 13:13:26,906 (asr_pytorch:468) INFO: groundtruth[1502-2_spk_1502_2_058101-058219]: 囹烕妊夥宭扁冀寫
2018-07-11 13:13:26,906 (asr_pytorch:469) INFO: prediction [1502-2_spk_1502_2_058101-058219]: 因為好多下會其實<eos>
2018-07-11 13:13:26,914 (e2e_asr_attctc_th:2977) INFO: BLSTMP input lengths: [99]
2018-07-11 13:13:27,051 (e2e_asr_attctc_th:2067) INFO: input lengths: 25
2018-07-11 13:13:27,051 (e2e_asr_attctc_th:2091) INFO: max output length: 25
2018-07-11 13:13:27,051 (e2e_asr_attctc_th:2092) INFO: min output length: 0
2018-07-11 13:13:27,624 (e2e_asr_attctc_th:2199) INFO: end detected at 10
2018-07-11 13:13:27,625 (e2e_asr_attctc_th:2217) INFO: total log probability: -0.293140063994
2018-07-11 13:13:27,625 (e2e_asr_attctc_th:2218) INFO: normalized log probability: -0.0488566773323
2018-07-11 13:13:27,625 (asr_pytorch:468) INFO: groundtruth[1501-1_spk_1501_1_019002-019103]: 咋尻冀寫
2018-07-11 13:13:27,625 (asr_pytorch:469) INFO: prediction [1501-1_spk_1501_1_019002-019103]: 咁就其實<eos>
2018-07-11 13:13:27,633 (e2e_asr_attctc_th:2977) INFO: BLSTMP input lengths: [114]
2018-07-11 13:13:27,783 (e2e_asr_attctc_th:2067) INFO: input lengths: 29
2018-07-11 13:13:27,784 (e2e_asr_attctc_th:2091) INFO: max output length: 29
2018-07-11 13:13:27,784 (e2e_asr_attctc_th:2092) INFO: min output length: 0
2018-07-11 13:13:28,628 (e2e_asr_attctc_th:2199) INFO: end detected at 13
2018-07-11 13:13:28,628 (e2e_asr_attctc_th:2217) INFO: total log probability: -5.88250560686
2018-07-11 13:13:28,628 (e2e_asr_attctc_th:2218) INFO: normalized log probability: -0.653611734096
2018-07-11 13:13:28,629 (asr_pytorch:468) INFO: groundtruth[1502-1_spk_1502_1_087024-087140]: 咋耗<unk>朵宙㨃嘢
2018-07-11 13:13:28,630 (asr_pytorch:469) INFO: prediction [1502-1_spk_1502_1_087024-087140]: 咁而傢你越噶吧<eos>
2018-07-11 13:13:28,639 (e2e_asr_attctc_th:2977) INFO: BLSTMP input lengths: [108]
2018-07-11 13:13:28,795 (e2e_asr_attctc_th:2067) INFO: input lengths: 27
2018-07-11 13:13:28,795 (e2e_asr_attctc_th:2091) INFO: max output length: 27
2018-07-11 13:13:28,796 (e2e_asr_attctc_th:2092) INFO: min output length: 0
2018-07-11 13:13:30,129 (e2e_asr_attctc_th:2199) INFO: end detected at 15
2018-07-11 13:13:30,130 (e2e_asr_attctc_th:2217) INFO: total log probability: -6.98493641103
2018-07-11 13:13:30,130 (e2e_asr_attctc_th:2218) INFO: normalized log probability: -0.634994219184
2018-07-11 13:13:30,131 (asr_pytorch:468) INFO: groundtruth[1501-1_spk_1501_1_043747-043857]: 尻肇啼WEPI嘍
2018-07-11 13:13:30,131 (asr_pytorch:469) INFO: prediction [1501-1_spk_1501_1_043747-043857]: 就聽DESELO嘅<eos>
2018-07-11 13:13:30,149 (e2e_asr_attctc_th:2977) INFO: BLSTMP input lengths: [198]
2018-07-11 13:13:30,596 (e2e_asr_attctc_th:2067) INFO: input lengths: 50
2018-07-11 13:13:30,596 (e2e_asr_attctc_th:2091) INFO: max output length: 50
2018-07-11 13:13:30,597 (e2e_asr_attctc_th:2092) INFO: min output length: 0
2018-07-11 13:13:32,014 (e2e_asr_attctc_th:2199) INFO: end detected at 14
2018-07-11 13:13:32,015 (e2e_asr_attctc_th:2217) INFO: total log probability: -5.47317744792
2018-07-11 13:13:32,015 (e2e_asr_attctc_th:2218) INFO: normalized log probability: -0.684147180989
2018-07-11 13:13:32,016 (asr_pytorch:468) INFO: groundtruth[1505-1_spk_1505_1_051816-052016]: 嗷倔逮庵俏QF
2018-07-11 13:13:32,016 (asr_pytorch:469) INFO: prediction [1505-1_spk_1505_1_051816-052016]: 嗰速個係MB<eos>
2018-07-11 13:13:32,030 (e2e_asr_attctc_th:2977) INFO: BLSTMP input lengths: [198]
2018-07-11 13:13:32,444 (e2e_asr_attctc_th:2067) INFO: input lengths: 50
2018-07-11 13:13:32,444 (e2e_asr_attctc_th:2091) INFO: max output length: 50
2018-07-11 13:13:32,444 (e2e_asr_attctc_th:2092) INFO: min output length: 0
2018-07-11 13:13:34,542 (e2e_asr_attctc_th:2199) INFO: end detected at 19
2018-07-11 13:13:34,542 (e2e_asr_attctc_th:2217) INFO: total log probability: -8.45899838023
2018-07-11 13:13:34,543 (e2e_asr_attctc_th:2218) INFO: normalized log probability: -0.650692183095
2018-07-11 13:13:34,544 (asr_pytorch:468) INFO: groundtruth[1502-2_spk_1502_2_071831-072031]: 佰鄔服換剛尤尤毯倔霆誅佬
2018-07-11 13:13:34,544 (asr_pytorch:469) INFO: prediction [1502-2_spk_1502_2_071831-072031]: 佢都會提前少俾個電話你<eos>
2018-07-11 13:13:34,557 (e2e_asr_attctc_th:2977) INFO: BLSTMP input lengths: [34]
2018-07-11 13:13:34,633 (e2e_asr_attctc_th:2067) INFO: input lengths: 9
2018-07-11 13:13:34,633 (e2e_asr_attctc_th:2091) INFO: max output length: 9
2018-07-11 13:13:34,634 (e2e_asr_attctc_th:2092) INFO: min output length: 0
2018-07-11 13:13:35,054 (e2e_asr_attctc_th:2180) INFO: adding <eos> in the last postion in the loop
2018-07-11 13:13:35,055 (e2e_asr_attctc_th:2199) INFO: end detected at 8
2018-07-11 13:13:35,055 (e2e_asr_attctc_th:2217) INFO: total log probability: -0.521850287914
2018-07-11 13:13:35,055 (e2e_asr_attctc_th:2218) INFO: normalized log probability: -0.173950095971
2018-07-11 13:13:35,056 (asr_pytorch:468) INFO: groundtruth[1503-2_spk_1503_2_010404-010440]: 嗶
2018-07-11 13:13:35,056 (asr_pytorch:469) INFO: prediction [1503-2_spk_1503_2_010404-010440]: 嗯<eos>
2018-07-11 13:13:35,069 (e2e_asr_attctc_th:2977) INFO: BLSTMP input lengths: [28]
2018-07-11 13:13:35,141 (e2e_asr_attctc_th:2067) INFO: input lengths: 7
2018-07-11 13:13:35,142 (e2e_asr_attctc_th:2091) INFO: max output length: 7
2018-07-11 13:13:35,142 (e2e_asr_attctc_th:2092) INFO: min output length: 0
2018-07-11 13:13:35,450 (e2e_asr_attctc_th:2180) INFO: adding <eos> in the last postion in the loop
2018-07-11 13:13:35,450 (e2e_asr_attctc_th:2206) INFO: no hypothesis. Finish decoding.
2018-07-11 13:13:35,451 (e2e_asr_attctc_th:2217) INFO: total log probability: -0.123953720555
2018-07-11 13:13:35,451 (e2e_asr_attctc_th:2218) INFO: normalized log probability: -0.0413179068516
2018-07-11 13:13:35,451 (asr_pytorch:468) INFO: groundtruth[1502-1_spk_1502_1_089308-089338]: 嗶
2018-07-11 13:13:35,451 (asr_pytorch:469) INFO: prediction [1502-1_spk_1502_1_089308-089338]: 嗯<eos>
2018-07-11 13:13:35,459 (e2e_asr_attctc_th:2977) INFO: BLSTMP input lengths: [45]
2018-07-11 13:13:35,524 (e2e_asr_attctc_th:2067) INFO: input lengths: 12
2018-07-11 13:13:35,524 (e2e_asr_attctc_th:2091) INFO: max output length: 12
2018-07-11 13:13:35,524 (e2e_asr_attctc_th:2092) INFO: min output length: 0
2018-07-11 13:13:35,901 (e2e_asr_attctc_th:2199) INFO: end detected at 8
2018-07-11 13:13:35,901 (e2e_asr_attctc_th:2217) INFO: total log probability: -0.0230772807263
2018-07-11 13:13:35,901 (e2e_asr_attctc_th:2218) INFO: normalized log probability: -0.00576932018157
2018-07-11 13:13:35,902 (asr_pytorch:468) INFO: groundtruth[9_spk_9_022690-022737]: 俏囖
2018-07-11 13:13:35,902 (asr_pytorch:469) INFO: prediction [9_spk_9_022690-022737]: 係咯<eos>
2018-07-11 13:13:35,911 (e2e_asr_attctc_th:2977) INFO: BLSTMP input lengths: [302]
2018-07-11 13:13:36,314 (e2e_asr_attctc_th:2067) INFO: input lengths: 76
2018-07-11 13:13:36,315 (e2e_asr_attctc_th:2091) INFO: max output length: 76
2018-07-11 13:13:36,315 (e2e_asr_attctc_th:2092) INFO: min output length: 0
2018-07-11 13:13:38,867 (e2e_asr_attctc_th:2199) INFO: end detected at 24
2018-07-11 13:13:38,867 (e2e_asr_attctc_th:2217) INFO: total log probability: -9.82870602002
2018-07-11 13:13:38,867 (e2e_asr_attctc_th:2218) INFO: normalized log probability: -0.517300316843
2018-07-11 13:13:38,868 (asr_pytorch:468) INFO: groundtruth[1501-1_spk_1501_1_034310-034614]: 咋佬冏<unk>紋冀寫佬倔戳斌旬俏叄刺序晏
2018-07-11 13:13:38,869 (asr_pytorch:469) INFO: prediction [1501-1_spk_1501_1_034310-034614]: 等陣好閤約其實呢個事數日係去做幾時<eos>
2018-07-11 13:13:38,876 (e2e_asr_attctc_th:2977) INFO: BLSTMP input lengths: [76]
2018-07-11 13:13:38,986 (e2e_asr_attctc_th:2067) INFO: input lengths: 19
2018-07-11 13:13:38,987 (e2e_asr_attctc_th:2091) INFO: max output length: 19
2018-07-11 13:13:38,987 (e2e_asr_attctc_th:2092) INFO: min output length: 0
2018-07-11 13:13:39,481 (e2e_asr_attctc_th:2199) INFO: end detected at 9
2018-07-11 13:13:39,481 (e2e_asr_attctc_th:2217) INFO: total log probability: -2.39874860644
2018-07-11 13:13:39,481 (e2e_asr_attctc_th:2218) INFO: normalized log probability: -0.479749721289
2018-07-11 13:13:39,482 (asr_pytorch:468) INFO: groundtruth[8_spk_8_019127-019205]: SO
2018-07-11 13:13:39,482 (asr_pytorch:469) INFO: prediction [8_spk_8_019127-019205]: 一食宵<eos>
2018-07-11 13:13:39,490 (e2e_asr_attctc_th:2977) INFO: BLSTMP input lengths: [140]
2018-07-11 13:13:39,676 (e2e_asr_attctc_th:2067) INFO: input lengths: 35
2018-07-11 13:13:39,677 (e2e_asr_attctc_th:2091) INFO: max output length: 35
2018-07-11 13:13:39,677 (e2e_asr_attctc_th:2092) INFO: min output length: 0
2018-07-11 13:13:40,665 (e2e_asr_attctc_th:2199) INFO: end detected at 15
2018-07-11 13:13:40,666 (e2e_asr_attctc_th:2217) INFO: total log probability: -5.63410623372
2018-07-11 13:13:40,666 (e2e_asr_attctc_th:2218) INFO: normalized log probability: -0.626011803746
2018-07-11 13:13:40,667 (asr_pytorch:468) INFO: groundtruth[1501-1_spk_1501_1_003929-004071]: 俏杖尖姚佬謬
2018-07-11 13:13:40,667 (asr_pytorch:469) INFO: prediction [1501-1_spk_1501_1_003929-004071]: 係你識得你講食<eos>
2018-07-11 13:13:40,675 (e2e_asr_attctc_th:2977) INFO: BLSTMP input lengths: [252]
2018-07-11 13:13:40,999 (e2e_asr_attctc_th:2067) INFO: input lengths: 63
2018-07-11 13:13:40,999 (e2e_asr_attctc_th:2091) INFO: max output length: 63
2018-07-11 13:13:40,999 (e2e_asr_attctc_th:2092) INFO: min output length: 0
2018-07-11 13:13:42,236 (e2e_asr_attctc_th:2199) INFO: end detected at 15
2018-07-11 13:13:42,236 (e2e_asr_attctc_th:2217) INFO: total log probability: -9.97741733864
2018-07-11 13:13:42,236 (e2e_asr_attctc_th:2218) INFO: normalized log probability: -0.997741733864
2018-07-11 13:13:42,237 (asr_pytorch:468) INFO: groundtruth[1501-2_spk_1501_2_056214-056467]: 司脇揉渺鑊童嗷啼
2018-07-11 13:13:42,237 (asr_pytorch:469) INFO: prediction [1501-2_spk_1501_2_056214-056467]: 可能揀講似炸佢哋<eos>
2018-07-11 13:13:42,245 (e2e_asr_attctc_th:2977) INFO: BLSTMP input lengths: [45]
2018-07-11 13:13:42,315 (e2e_asr_attctc_th:2067) INFO: input lengths: 12
2018-07-11 13:13:42,315 (e2e_asr_attctc_th:2091) INFO: max output length: 12
2018-07-11 13:13:42,315 (e2e_asr_attctc_th:2092) INFO: min output length: 0
2018-07-11 13:13:42,604 (e2e_asr_attctc_th:2199) INFO: end detected at 7
2018-07-11 13:13:42,604 (e2e_asr_attctc_th:2217) INFO: total log probability: -0.020765687339
2018-07-11 13:13:42,604 (e2e_asr_attctc_th:2218) INFO: normalized log probability: -0.00692189577967
2018-07-11 13:13:42,605 (asr_pytorch:468) INFO: groundtruth[1501-2_spk_1501_2_004592-004639]: 俏
2018-07-11 13:13:42,605 (asr_pytorch:469) INFO: prediction [1501-2_spk_1501_2_004592-004639]: 係<eos>
2018-07-11 13:13:42,619 (e2e_asr_attctc_th:2977) INFO: BLSTMP input lengths: [362]
2018-07-11 13:13:43,115 (e2e_asr_attctc_th:2067) INFO: input lengths: 91
2018-07-11 13:13:43,115 (e2e_asr_attctc_th:2091) INFO: max output length: 91
2018-07-11 13:13:43,116 (e2e_asr_attctc_th:2092) INFO: min output length: 0
2018-07-11 13:13:45,838 (e2e_asr_attctc_th:2206) INFO: no hypothesis. Finish decoding.
2018-07-11 13:13:45,838 (e2e_asr_attctc_th:2217) INFO: total log probability: -14.9916298632
2018-07-11 13:13:45,838 (e2e_asr_attctc_th:2218) INFO: normalized log probability: -0.599665194526
2018-07-11 13:13:45,838 (asr_pytorch:468) INFO: groundtruth[1504-1_spk_1504_1_067268-067632]: <unk>庸TPER囖姚俏序倔蚊磋序倔蚊磋KVSYT埗三齡嗷啼<unk>庸TPER
2018-07-11 13:13:45,838 (asr_pytorch:469) INFO: prediction [1504-1_spk_1504_1_067268-067632]: 傢庭雞咯即係一個號碼幾個號碼故埋一齊嗰啲傢庭咩<eos>
2018-07-11 13:13:45,846 (e2e_asr_attctc_th:2977) INFO: BLSTMP input lengths: [236]
2018-07-11 13:13:46,230 (e2e_asr_attctc_th:2067) INFO: input lengths: 59
2018-07-11 13:13:46,230 (e2e_asr_attctc_th:2091) INFO: max output length: 59
2018-07-11 13:13:46,230 (e2e_asr_attctc_th:2092) INFO: min output length: 0
2018-07-11 13:13:48,184 (e2e_asr_attctc_th:2199) INFO: end detected at 21
2018-07-11 13:13:48,184 (e2e_asr_attctc_th:2217) INFO: total log probability: -13.9851774981
2018-07-11 13:13:48,184 (e2e_asr_attctc_th:2218) INFO: normalized log probability: -0.87407359363
2018-07-11 13:13:48,185 (asr_pytorch:468) INFO: groundtruth[1503-1_spk_1503_1_007102-007340]: 耗戛司件幹啖徘尖姚佬側刺旨誅呯
2018-07-11 13:13:48,185 (asr_pytorch:469) INFO: prediction [1503-1_spk_1503_1_007102-007340]: <SPK/>我可以講埋水翻嚟做到嘅玩啦<eos>
2018-07-11 13:13:48,194 (e2e_asr_attctc_th:2977) INFO: BLSTMP input lengths: [393]
2018-07-11 13:13:48,768 (e2e_asr_attctc_th:2067) INFO: input lengths: 99
2018-07-11 13:13:48,769 (e2e_asr_attctc_th:2091) INFO: max output length: 99
2018-07-11 13:13:48,769 (e2e_asr_attctc_th:2092) INFO: min output length: 0
2018-07-11 13:13:52,346 (e2e_asr_attctc_th:2199) INFO: end detected at 32
2018-07-11 13:13:52,346 (e2e_asr_attctc_th:2217) INFO: total log probability: -13.3310639607
2018-07-11 13:13:52,347 (e2e_asr_attctc_th:2218) INFO: normalized log probability: -0.476109427167
2018-07-11 13:13:52,347 (asr_pytorch:468) INFO: groundtruth[1504-1_spk_1504_1_027118-027513]: 俏啯咋冀寫鄔司件姚俏2邕由丕囖尻唪津六郷由曳三邕旨綺絨
2018-07-11 13:13:52,347 (asr_pytorch:469) INFO: prediction [1504-1_spk_1504_1_027118-027513]: 係啊咁其實都可以即係兩邊用下咯陣細全部咁曬一邊嘅網絡<eos>
2018-07-11 13:13:52,355 (e2e_asr_attctc_th:2977) INFO: BLSTMP input lengths: [231]
2018-07-11 13:13:52,651 (e2e_asr_attctc_th:2067) INFO: input lengths: 58
2018-07-11 13:13:52,651 (e2e_asr_attctc_th:2091) INFO: max output length: 58
2018-07-11 13:13:52,651 (e2e_asr_attctc_th:2092) INFO: min output length: 0
2018-07-11 13:13:54,531 (e2e_asr_attctc_th:2199) INFO: end detected at 21
2018-07-11 13:13:54,532 (e2e_asr_attctc_th:2217) INFO: total log probability: -4.90996962227
2018-07-11 13:13:54,532 (e2e_asr_attctc_th:2218) INFO: normalized log probability: -0.327331308151
2018-07-11 13:13:54,532 (asr_pytorch:468) INFO: groundtruth[4_spk_4_023263-023496]: B咋筋三倔呯佬俏八刺叄嗷倔
2018-07-11 13:13:54,533 (asr_pytorch:469) INFO: prediction [4_spk_4_023263-023496]: 係咁等一個得你係入到去嗰個<eos>
2018-07-11 13:13:54,540 (e2e_asr_attctc_th:2977) INFO: BLSTMP input lengths: [55]
2018-07-11 13:13:54,627 (e2e_asr_attctc_th:2067) INFO: input lengths: 14
2018-07-11 13:13:54,627 (e2e_asr_attctc_th:2091) INFO: max output length: 14
2018-07-11 13:13:54,627 (e2e_asr_attctc_th:2092) INFO: min output length: 0
2018-07-11 13:13:54,871 (e2e_asr_attctc_th:2206) INFO: no hypothesis. Finish decoding.
2018-07-11 13:13:54,871 (e2e_asr_attctc_th:2217) INFO: total log probability: -2.07208346692
2018-07-11 13:13:54,872 (e2e_asr_attctc_th:2218) INFO: normalized log probability: -0.414416693384
2018-07-11 13:13:54,872 (asr_pytorch:468) INFO: groundtruth[1505-2_spk_1505_2_003181-003238]: 睛牙佬
2018-07-11 13:13:54,872 (asr_pytorch:469) INFO: prediction [1505-2_spk_1505_2_003181-003238]: 係點嘢<eos>
2018-07-11 13:13:54,880 (e2e_asr_attctc_th:2977) INFO: BLSTMP input lengths: [97]
2018-07-11 13:13:55,009 (e2e_asr_attctc_th:2067) INFO: input lengths: 25
2018-07-11 13:13:55,009 (e2e_asr_attctc_th:2091) INFO: max output length: 25
2018-07-11 13:13:55,009 (e2e_asr_attctc_th:2092) INFO: min output length: 0
2018-07-11 13:13:55,858 (e2e_asr_attctc_th:2199) INFO: end detected at 13
2018-07-11 13:13:55,859 (e2e_asr_attctc_th:2217) INFO: total log probability: -1.07651639299
2018-07-11 13:13:55,859 (e2e_asr_attctc_th:2218) INFO: normalized log probability: -0.119612932554
2018-07-11 13:13:55,859 (asr_pytorch:468) INFO: groundtruth[1502-2_spk_1502_2_060725-060824]: 啵幺晏司脇佬嗄
2018-07-11 13:13:55,859 (asr_pytorch:469) INFO: prediction [1502-2_spk_1502_2_060725-060824]: 即平時可能你係<eos>
2018-07-11 13:13:55,867 (e2e_asr_attctc_th:2977) INFO: BLSTMP input lengths: [67]
2018-07-11 13:13:55,966 (e2e_asr_attctc_th:2067) INFO: input lengths: 17
2018-07-11 13:13:55,967 (e2e_asr_attctc_th:2091) INFO: max output length: 17
2018-07-11 13:13:55,967 (e2e_asr_attctc_th:2092) INFO: min output length: 0
2018-07-11 13:13:56,510 (e2e_asr_attctc_th:2199) INFO: end detected at 10
2018-07-11 13:13:56,510 (e2e_asr_attctc_th:2217) INFO: total log probability: -4.23513233662
2018-07-11 13:13:56,510 (e2e_asr_attctc_th:2218) INFO: normalized log probability: -0.847026467323
2018-07-11 13:13:56,511 (asr_pytorch:468) INFO: groundtruth[1501-1_spk_1501_1_024849-024918]: 尻<unk>佢嘍
2018-07-11 13:13:56,511 (asr_pytorch:469) INFO: prediction [1501-1_spk_1501_1_024849-024918]: 大作腳<eos>
2018-07-11 13:13:56,519 (e2e_asr_attctc_th:2977) INFO: BLSTMP input lengths: [198]
2018-07-11 13:13:56,797 (e2e_asr_attctc_th:2067) INFO: input lengths: 50
2018-07-11 13:13:56,798 (e2e_asr_attctc_th:2091) INFO: max output length: 50
2018-07-11 13:13:56,798 (e2e_asr_attctc_th:2092) INFO: min output length: 0
2018-07-11 13:13:57,711 (e2e_asr_attctc_th:2199) INFO: end detected at 12
2018-07-11 13:13:57,711 (e2e_asr_attctc_th:2217) INFO: total log probability: -3.38430849928
2018-07-11 13:13:57,711 (e2e_asr_attctc_th:2218) INFO: normalized log probability: -0.423038562411
2018-07-11 13:13:57,712 (asr_pytorch:468) INFO: groundtruth[1501-2_spk_1501_2_061302-061502]: 亙卉倔朔嗷倔
2018-07-11 13:13:57,712 (asr_pytorch:469) INFO: prediction [1501-2_spk_1501_2_061302-061502]: 二十個月嗰個<eos>
2018-07-11 13:13:57,723 (e2e_asr_attctc_th:2977) INFO: BLSTMP input lengths: [279]
2018-07-11 13:13:58,082 (e2e_asr_attctc_th:2067) INFO: input lengths: 70
2018-07-11 13:13:58,083 (e2e_asr_attctc_th:2091) INFO: max output length: 70
2018-07-11 13:13:58,083 (e2e_asr_attctc_th:2092) INFO: min output length: 0
2018-07-11 13:13:59,858 (e2e_asr_attctc_th:2206) INFO: no hypothesis. Finish decoding.
2018-07-11 13:13:59,859 (e2e_asr_attctc_th:2217) INFO: total log probability: -4.54731710185
2018-07-11 13:13:59,859 (e2e_asr_attctc_th:2218) INFO: normalized log probability: -0.303154473457
2018-07-11 13:13:59,860 (asr_pytorch:468) INFO: groundtruth[1501-1_spk_1501_1_058301-058582]: B朕晏見由刺漳遏嗷啼斌擢啯
2018-07-11 13:13:59,860 (asr_pytorch:469) INFO: prediction [1501-1_spk_1501_1_058301-058582]: 誒有時要用到萬遊嗰啲數據啦<eos>
2018-07-11 13:13:59,878 (e2e_asr_attctc_th:2977) INFO: BLSTMP input lengths: [336]
2018-07-11 13:14:00,762 (e2e_asr_attctc_th:2067) INFO: input lengths: 84
2018-07-11 13:14:00,763 (e2e_asr_attctc_th:2091) INFO: max output length: 84
2018-07-11 13:14:00,763 (e2e_asr_attctc_th:2092) INFO: min output length: 0
2018-07-11 13:14:03,701 (e2e_asr_attctc_th:2199) INFO: end detected at 27
2018-07-11 13:14:03,701 (e2e_asr_attctc_th:2217) INFO: total log probability: -8.20119718008
2018-07-11 13:14:03,701 (e2e_asr_attctc_th:2218) INFO: normalized log probability: -0.372781690004
2018-07-11 13:14:03,702 (asr_pytorch:468) INFO: groundtruth[3_spk_3_022217-022555]: 俏呈乒剛尻誅鄔司件宗掙世道冀寫佬敍忐啯酋用
2018-07-11 13:14:03,702 (asr_pytorch:469) INFO: prediction [3_spk_3_022217-022555]: 係啊之前嘅話都係安排不過其實你放心啦陣山<eos>
2018-07-11 13:14:03,710 (e2e_asr_attctc_th:2977) INFO: BLSTMP input lengths: [212]
2018-07-11 13:14:03,984 (e2e_asr_attctc_th:2067) INFO: input lengths: 53
2018-07-11 13:14:03,985 (e2e_asr_attctc_th:2091) INFO: max output length: 53
2018-07-11 13:14:03,985 (e2e_asr_attctc_th:2092) INFO: min output length: 0
2018-07-11 13:14:05,283 (e2e_asr_attctc_th:2199) INFO: end detected at 17
2018-07-11 13:14:05,283 (e2e_asr_attctc_th:2217) INFO: total log probability: -4.29683503322
2018-07-11 13:14:05,283 (e2e_asr_attctc_th:2218) INFO: normalized log probability: -0.358069586102
2018-07-11 13:14:05,284 (asr_pytorch:468) INFO: groundtruth[4_spk_4_052946-053160]: 煉得黴呈佬啞丕佬謬啯
2018-07-11 13:14:05,284 (asr_pytorch:469) INFO: prediction [4_spk_4_052946-053160]: 然後點啊你問下你講啊<eos>
2018-07-11 13:14:05,292 (e2e_asr_attctc_th:2977) INFO: BLSTMP input lengths: [198]
2018-07-11 13:14:05,558 (e2e_asr_attctc_th:2067) INFO: input lengths: 50
2018-07-11 13:14:05,559 (e2e_asr_attctc_th:2091) INFO: max output length: 50
2018-07-11 13:14:05,559 (e2e_asr_attctc_th:2092) INFO: min output length: 0
2018-07-11 13:14:06,782 (e2e_asr_attctc_th:2206) INFO: no hypothesis. Finish decoding.
2018-07-11 13:14:06,782 (e2e_asr_attctc_th:2217) INFO: total log probability: -7.49185105879
2018-07-11 13:14:06,782 (e2e_asr_attctc_th:2218) INFO: normalized log probability: -0.535132218485
2018-07-11 13:14:06,782 (asr_pytorch:468) INFO: groundtruth[3_spk_3_047362-047562]: 咋趕磋哲倔尻亙皆丐卉兵蚧
2018-07-11 13:14:06,782 (asr_pytorch:469) INFO: prediction [3_spk_3_047362-047562]: 咁起碼呢個就二百三份落媽<eos>
2018-07-11 13:14:06,790 (e2e_asr_attctc_th:2977) INFO: BLSTMP input lengths: [163]
2018-07-11 13:14:07,011 (e2e_asr_attctc_th:2067) INFO: input lengths: 41
2018-07-11 13:14:07,011 (e2e_asr_attctc_th:2091) INFO: max output length: 41
2018-07-11 13:14:07,011 (e2e_asr_attctc_th:2092) INFO: min output length: 0
2018-07-11 13:14:07,739 (e2e_asr_attctc_th:2206) INFO: no hypothesis. Finish decoding.
2018-07-11 13:14:07,739 (e2e_asr_attctc_th:2217) INFO: total log probability: -5.06879384484
2018-07-11 13:14:07,739 (e2e_asr_attctc_th:2218) INFO: normalized log probability: -0.506879384484
2018-07-11 13:14:07,740 (asr_pytorch:468) INFO: groundtruth[1502-2_spk_1502_2_073275-073440]: 咋嚦緘嘍誅佬俏B
2018-07-11 13:14:07,740 (asr_pytorch:469) INFO: prediction [1502-2_spk_1502_2_073275-073440]: 一嚟緊嘢玩你係誒<eos>
2018-07-11 13:14:07,747 (e2e_asr_attctc_th:2977) INFO: BLSTMP input lengths: [148]
2018-07-11 13:14:07,935 (e2e_asr_attctc_th:2067) INFO: input lengths: 37
2018-07-11 13:14:07,935 (e2e_asr_attctc_th:2091) INFO: max output length: 37
2018-07-11 13:14:07,935 (e2e_asr_attctc_th:2092) INFO: min output length: 0
2018-07-11 13:14:09,377 (e2e_asr_attctc_th:2199) INFO: end detected at 17
2018-07-11 13:14:09,377 (e2e_asr_attctc_th:2217) INFO: total log probability: -2.9980924158
2018-07-11 13:14:09,377 (e2e_asr_attctc_th:2218) INFO: normalized log probability: -0.24984103465
2018-07-11 13:14:09,378 (asr_pytorch:468) INFO: groundtruth[1502-2_spk_1502_2_051499-051649]: 俏呈朋緘見冀寫尻俏
2018-07-11 13:14:09,378 (asr_pytorch:469) INFO: prediction [1502-2_spk_1502_2_051499-051649]: 誒係啊最緊要其實就係<eos>
2018-07-11 13:14:09,392 (e2e_asr_attctc_th:2977) INFO: BLSTMP input lengths: [198]
2018-07-11 13:14:09,785 (e2e_asr_attctc_th:2067) INFO: input lengths: 50
2018-07-11 13:14:09,786 (e2e_asr_attctc_th:2091) INFO: max output length: 50
2018-07-11 13:14:09,786 (e2e_asr_attctc_th:2092) INFO: min output length: 0
2018-07-11 13:14:11,399 (e2e_asr_attctc_th:2199) INFO: end detected at 15
2018-07-11 13:14:11,399 (e2e_asr_attctc_th:2217) INFO: total log probability: -6.812919043
2018-07-11 13:14:11,399 (e2e_asr_attctc_th:2218) INFO: normalized log probability: -0.6812919043
2018-07-11 13:14:11,400 (asr_pytorch:468) INFO: groundtruth[12_spk_12_029531-029731]: 綺絨織忡兒服咵
2018-07-11 13:14:11,400 (asr_pytorch:469) INFO: prediction [12_spk_12_029531-029731]: 魔好實習忙先會咯<eos>
2018-07-11 13:14:11,409 (e2e_asr_attctc_th:2977) INFO: BLSTMP input lengths: [259]
2018-07-11 13:14:11,762 (e2e_asr_attctc_th:2067) INFO: input lengths: 65
2018-07-11 13:14:11,762 (e2e_asr_attctc_th:2091) INFO: max output length: 65
2018-07-11 13:14:11,762 (e2e_asr_attctc_th:2092) INFO: min output length: 0
2018-07-11 13:14:14,432 (e2e_asr_attctc_th:2199) INFO: end detected at 22
2018-07-11 13:14:14,433 (e2e_asr_attctc_th:2217) INFO: total log probability: -15.0853510285
2018-07-11 13:14:14,433 (e2e_asr_attctc_th:2218) INFO: normalized log probability: -0.887373589911
2018-07-11 13:14:14,433 (asr_pytorch:468) INFO: groundtruth[1501-1_spk_1501_1_038910-039171]: 麵疊勵俏夭榕邕倔佑罷嘍麵疊勵呈
2018-07-11 13:14:14,434 (asr_pytorch:469) INFO: prediction [1501-1_spk_1501_1_038910-039171]: 畫當房係帶咗邊個位置嘅咪當同咯<eos>
2018-07-11 13:14:14,441 (e2e_asr_attctc_th:2977) INFO: BLSTMP input lengths: [81]
2018-07-11 13:14:14,557 (e2e_asr_attctc_th:2067) INFO: input lengths: 21
2018-07-11 13:14:14,558 (e2e_asr_attctc_th:2091) INFO: max output length: 21
2018-07-11 13:14:14,558 (e2e_asr_attctc_th:2092) INFO: min output length: 0
2018-07-11 13:14:15,092 (e2e_asr_attctc_th:2199) INFO: end detected at 10
2018-07-11 13:14:15,093 (e2e_asr_attctc_th:2217) INFO: total log probability: -4.55255222321
2018-07-11 13:14:15,093 (e2e_asr_attctc_th:2218) INFO: normalized log probability: -1.1381380558
2018-07-11 13:14:15,094 (asr_pytorch:468) INFO: groundtruth[8_spk_8_069567-069650]: 嗶
2018-07-11 13:14:15,094 (asr_pytorch:469) INFO: prediction [8_spk_8_069567-069650]: 咁就<eos>
2018-07-11 13:14:15,102 (e2e_asr_attctc_th:2977) INFO: BLSTMP input lengths: [320]
2018-07-11 13:14:15,526 (e2e_asr_attctc_th:2067) INFO: input lengths: 80
2018-07-11 13:14:15,526 (e2e_asr_attctc_th:2091) INFO: max output length: 80
2018-07-11 13:14:15,526 (e2e_asr_attctc_th:2092) INFO: min output length: 0
2018-07-11 13:14:18,279 (e2e_asr_attctc_th:2199) INFO: end detected at 28
2018-07-11 13:14:18,279 (e2e_asr_attctc_th:2217) INFO: total log probability: -23.9976542145
2018-07-11 13:14:18,279 (e2e_asr_attctc_th:2218) INFO: normalized log probability: -1.0908024643
2018-07-11 13:14:18,280 (asr_pytorch:468) INFO: groundtruth[9_spk_9_060866-061188]: 咋樺冀寫嘍誅呯戛弊譽世妍彈尖姚嘍誅佬盾掩葛畸閊希
2018-07-11 13:14:18,280 (asr_pytorch:469) INFO: prediction [9_spk_9_060866-061188]: 咁響期日打版十點會不如香港或者直接立三文<eos>
2018-07-11 13:14:18,288 (e2e_asr_attctc_th:2977) INFO: BLSTMP input lengths: [31]
2018-07-11 13:14:18,336 (e2e_asr_attctc_th:2067) INFO: input lengths: 8
2018-07-11 13:14:18,337 (e2e_asr_attctc_th:2091) INFO: max output length: 8
2018-07-11 13:14:18,337 (e2e_asr_attctc_th:2092) INFO: min output length: 0
2018-07-11 13:14:18,635 (e2e_asr_attctc_th:2180) INFO: adding <eos> in the last postion in the loop
2018-07-11 13:14:18,635 (e2e_asr_attctc_th:2199) INFO: end detected at 7
2018-07-11 13:14:18,635 (e2e_asr_attctc_th:2217) INFO: total log probability: -0.0130506195128
2018-07-11 13:14:18,635 (e2e_asr_attctc_th:2218) INFO: normalized log probability: -0.00435020650427
2018-07-11 13:14:18,636 (asr_pytorch:468) INFO: groundtruth[1501-1_spk_1501_1_003774-003807]: 俏
2018-07-11 13:14:18,636 (asr_pytorch:469) INFO: prediction [1501-1_spk_1501_1_003774-003807]: 係<eos>
2018-07-11 13:14:18,643 (e2e_asr_attctc_th:2977) INFO: BLSTMP input lengths: [49]
2018-07-11 13:14:18,717 (e2e_asr_attctc_th:2067) INFO: input lengths: 13
2018-07-11 13:14:18,717 (e2e_asr_attctc_th:2091) INFO: max output length: 13
2018-07-11 13:14:18,717 (e2e_asr_attctc_th:2092) INFO: min output length: 0
2018-07-11 13:14:19,035 (e2e_asr_attctc_th:2199) INFO: end detected at 8
2018-07-11 13:14:19,035 (e2e_asr_attctc_th:2217) INFO: total log probability: -0.695510212332
2018-07-11 13:14:19,035 (e2e_asr_attctc_th:2218) INFO: normalized log probability: -0.231836737444
2018-07-11 13:14:19,036 (asr_pytorch:468) INFO: groundtruth[1501-2_spk_1501_2_056946-056997]: 嗶
2018-07-11 13:14:19,036 (asr_pytorch:469) INFO: prediction [1501-2_spk_1501_2_056946-056997]: 嗯<eos>
2018-07-11 13:14:19,043 (e2e_asr_attctc_th:2977) INFO: BLSTMP input lengths: [15]
2018-07-11 13:14:19,074 (e2e_asr_attctc_th:2067) INFO: input lengths: 4
2018-07-11 13:14:19,074 (e2e_asr_attctc_th:2091) INFO: max output length: 4
2018-07-11 13:14:19,074 (e2e_asr_attctc_th:2092) INFO: min output length: 0
2018-07-11 13:14:19,214 (e2e_asr_attctc_th:2180) INFO: adding <eos> in the last postion in the loop
2018-07-11 13:14:19,215 (e2e_asr_attctc_th:2206) INFO: no hypothesis. Finish decoding.
2018-07-11 13:14:19,215 (e2e_asr_attctc_th:2217) INFO: total log probability: -0.38704508543
2018-07-11 13:14:19,215 (e2e_asr_attctc_th:2218) INFO: normalized log probability: -0.129015028477
2018-07-11 13:14:19,215 (asr_pytorch:468) INFO: groundtruth[1501-2_spk_1501_2_032373-032389]: 俏
2018-07-11 13:14:19,215 (asr_pytorch:469) INFO: prediction [1501-2_spk_1501_2_032373-032389]: 係<eos>
2018-07-11 13:14:19,223 (e2e_asr_attctc_th:2977) INFO: BLSTMP input lengths: [155]
2018-07-11 13:14:19,443 (e2e_asr_attctc_th:2067) INFO: input lengths: 39
2018-07-11 13:14:19,444 (e2e_asr_attctc_th:2091) INFO: max output length: 39
2018-07-11 13:14:19,444 (e2e_asr_attctc_th:2092) INFO: min output length: 0
2018-07-11 13:14:20,404 (e2e_asr_attctc_th:2206) INFO: no hypothesis. Finish decoding.
2018-07-11 13:14:20,404 (e2e_asr_attctc_th:2217) INFO: total log probability: -11.1168372743
2018-07-11 13:14:20,404 (e2e_asr_attctc_th:2218) INFO: normalized log probability: -0.92640310619
2018-07-11 13:14:20,405 (asr_pytorch:468) INFO: groundtruth[9_spk_9_003335-003492]: B懵誆俏彈尖姚嘍俏
2018-07-11 13:14:20,405 (asr_pytorch:469) INFO: prediction [9_spk_9_003335-003492]: 誒我應該係張相地嘅情<eos>
2018-07-11 13:14:20,418 (e2e_asr_attctc_th:2977) INFO: BLSTMP input lengths: [62]
2018-07-11 13:14:20,557 (e2e_asr_attctc_th:2067) INFO: input lengths: 16
2018-07-11 13:14:20,557 (e2e_asr_attctc_th:2091) INFO: max output length: 16
2018-07-11 13:14:20,558 (e2e_asr_attctc_th:2092) INFO: min output length: 0
2018-07-11 13:14:20,983 (e2e_asr_attctc_th:2199) INFO: end detected at 8
2018-07-11 13:14:20,984 (e2e_asr_attctc_th:2217) INFO: total log probability: -0.0352805806324
2018-07-11 13:14:20,984 (e2e_asr_attctc_th:2218) INFO: normalized log probability: -0.0088201451581
2018-07-11 13:14:20,985 (asr_pytorch:468) INFO: groundtruth[1504-1_spk_1504_1_086986-087050]: 囹烕
2018-07-11 13:14:20,985 (asr_pytorch:469) INFO: prediction [1504-1_spk_1504_1_086986-087050]: 因為<eos>
2018-07-11 13:14:20,993 (e2e_asr_attctc_th:2977) INFO: BLSTMP input lengths: [237]
2018-07-11 13:14:21,299 (e2e_asr_attctc_th:2067) INFO: input lengths: 60
2018-07-11 13:14:21,299 (e2e_asr_attctc_th:2091) INFO: max output length: 60
2018-07-11 13:14:21,299 (e2e_asr_attctc_th:2092) INFO: min output length: 0
2018-07-11 13:14:23,600 (e2e_asr_attctc_th:2199) INFO: end detected at 26
2018-07-11 13:14:23,601 (e2e_asr_attctc_th:2217) INFO: total log probability: -9.67747366801
2018-07-11 13:14:23,601 (e2e_asr_attctc_th:2218) INFO: normalized log probability: -0.460832079429
2018-07-11 13:14:23,601 (asr_pytorch:468) INFO: groundtruth[4_spk_4_025348-025587]: B佬仿朵刺呈戡耐戛金施WIRH三欸倍佬妊然呈
2018-07-11 13:14:23,602 (asr_pytorch:469) INFO: prediction [4_spk_4_025348-025587]: 誒你仲未收到啊或者我仲加新一自俾你有乜<eos>
2018-07-11 13:14:23,609 (e2e_asr_attctc_th:2977) INFO: BLSTMP input lengths: [135]
2018-07-11 13:14:23,789 (e2e_asr_attctc_th:2067) INFO: input lengths: 34
2018-07-11 13:14:23,789 (e2e_asr_attctc_th:2091) INFO: max output length: 34
2018-07-11 13:14:23,789 (e2e_asr_attctc_th:2092) INFO: min output length: 0
2018-07-11 13:14:25,000 (e2e_asr_attctc_th:2199) INFO: end detected at 16
2018-07-11 13:14:25,000 (e2e_asr_attctc_th:2217) INFO: total log probability: -1.9353889036
2018-07-11 13:14:25,000 (e2e_asr_attctc_th:2218) INFO: normalized log probability: -0.175944445782
2018-07-11 13:14:25,001 (asr_pytorch:468) INFO: groundtruth[1502-2_spk_1502_2_033097-033234]: 疊煉啯冀寫妍枱佬誅
2018-07-11 13:14:25,001 (asr_pytorch:469) INFO: prediction [1502-2_spk_1502_2_033097-033234]: 當然啦其實如果你話<eos>
2018-07-11 13:14:25,009 (e2e_asr_attctc_th:2977) INFO: BLSTMP input lengths: [262]
2018-07-11 13:14:25,373 (e2e_asr_attctc_th:2067) INFO: input lengths: 66
2018-07-11 13:14:25,373 (e2e_asr_attctc_th:2091) INFO: max output length: 66
2018-07-11 13:14:25,373 (e2e_asr_attctc_th:2092) INFO: min output length: 0
2018-07-11 13:14:26,913 (e2e_asr_attctc_th:2199) INFO: end detected at 18
2018-07-11 13:14:26,913 (e2e_asr_attctc_th:2217) INFO: total log probability: -8.42521765782
2018-07-11 13:14:26,913 (e2e_asr_attctc_th:2218) INFO: normalized log probability: -0.648093665986
2018-07-11 13:14:26,914 (asr_pytorch:468) INFO: groundtruth[1505-1_spk_1505_1_021552-021816]: B60臼90QF歧幅由刺
2018-07-11 13:14:26,914 (asr_pytorch:469) INFO: prediction [1505-1_spk_1505_1_021552-021816]: 誒六十至九十啫正常用到<eos>
2018-07-11 13:14:26,923 (e2e_asr_attctc_th:2977) INFO: BLSTMP input lengths: [329]
2018-07-11 13:14:27,372 (e2e_asr_attctc_th:2067) INFO: input lengths: 83
2018-07-11 13:14:27,373 (e2e_asr_attctc_th:2091) INFO: max output length: 83
2018-07-11 13:14:27,373 (e2e_asr_attctc_th:2092) INFO: min output length: 0
2018-07-11 13:14:29,842 (e2e_asr_attctc_th:2206) INFO: no hypothesis. Finish decoding.
2018-07-11 13:14:29,842 (e2e_asr_attctc_th:2217) INFO: total log probability: -10.2780702082
2018-07-11 13:14:29,842 (e2e_asr_attctc_th:2218) INFO: normalized log probability: -0.446872617746
2018-07-11 13:14:29,843 (asr_pytorch:468) INFO: groundtruth[3_spk_3_054295-054626]: 俏呈吔埗啷兒手謬尻俏誅戛員朕兮倔朔嘍凊靦未吟嘢
2018-07-11 13:14:29,843 (asr_pytorch:469) INFO: prediction [3_spk_3_054295-054626]: 係啊同埋啱先所講就話我哋有兩句嘅冷靜奇啊嘛<eos>
2018-07-11 13:14:29,851 (e2e_asr_attctc_th:2977) INFO: BLSTMP input lengths: [198]
2018-07-11 13:14:30,126 (e2e_asr_attctc_th:2067) INFO: input lengths: 50
2018-07-11 13:14:30,126 (e2e_asr_attctc_th:2091) INFO: max output length: 50
2018-07-11 13:14:30,126 (e2e_asr_attctc_th:2092) INFO: min output length: 0
2018-07-11 13:14:31,645 (e2e_asr_attctc_th:2199) INFO: end detected at 18
2018-07-11 13:14:31,646 (e2e_asr_attctc_th:2217) INFO: total log probability: -7.6889973823
2018-07-11 13:14:31,646 (e2e_asr_attctc_th:2218) INFO: normalized log probability: -0.549214098736
2018-07-11 13:14:31,646 (asr_pytorch:468) INFO: groundtruth[1504-1_spk_1504_1_027513-027713]: 鄔司件詭丕冀仞兲各JSV迫尻
2018-07-11 13:14:31,647 (asr_pytorch:469) INFO: prediction [1504-1_spk_1504_1_027513-027713]: 都可以成日其實公司火翻就<eos>
2018-07-11 13:14:31,656 (e2e_asr_attctc_th:2977) INFO: BLSTMP input lengths: [476]
2018-07-11 13:14:32,279 (e2e_asr_attctc_th:2067) INFO: input lengths: 119
2018-07-11 13:14:32,279 (e2e_asr_attctc_th:2091) INFO: max output length: 119
2018-07-11 13:14:32,279 (e2e_asr_attctc_th:2092) INFO: min output length: 0
2018-07-11 13:14:36,990 (e2e_asr_attctc_th:2199) INFO: end detected at 37
2018-07-11 13:14:36,990 (e2e_asr_attctc_th:2217) INFO: total log probability: -25.4657752175
2018-07-11 13:14:36,990 (e2e_asr_attctc_th:2218) INFO: normalized log probability: -0.848859173917
2018-07-11 13:14:36,991 (asr_pytorch:468) INFO: groundtruth[1503-1_spk_1503_1_077682-078160]: 妍枱佰肇旬敍偎呯佰尻服享幀毯疊偌旨吔井佬尻唪津據忐迫柎啯徘尖姚
2018-07-11 13:14:36,992 (asr_pytorch:469) INFO: prediction [1503-1_spk_1503_1_077682-078160]: 如果佢聽日放假呢個手加埋地方食嘅頭先呢個唔係三分翻噶啦除<eos>
2018-07-11 13:14:37,000 (e2e_asr_attctc_th:2977) INFO: BLSTMP input lengths: [29]
2018-07-11 13:14:37,049 (e2e_asr_attctc_th:2067) INFO: input lengths: 8
2018-07-11 13:14:37,050 (e2e_asr_attctc_th:2091) INFO: max output length: 8
2018-07-11 13:14:37,050 (e2e_asr_attctc_th:2092) INFO: min output length: 0
2018-07-11 13:14:37,384 (e2e_asr_attctc_th:2180) INFO: adding <eos> in the last postion in the loop
2018-07-11 13:14:37,385 (e2e_asr_attctc_th:2206) INFO: no hypothesis. Finish decoding.
2018-07-11 13:14:37,385 (e2e_asr_attctc_th:2217) INFO: total log probability: -3.82785737514
2018-07-11 13:14:37,385 (e2e_asr_attctc_th:2218) INFO: normalized log probability: -0.956964343786
2018-07-11 13:14:37,386 (asr_pytorch:468) INFO: groundtruth[3_spk_3_057885-057916]: 嗶
2018-07-11 13:14:37,386 (asr_pytorch:469) INFO: prediction [3_spk_3_057885-057916]: 我唔<eos>
2018-07-11 13:14:37,400 (e2e_asr_attctc_th:2977) INFO: BLSTMP input lengths: [158]
2018-07-11 13:14:37,621 (e2e_asr_attctc_th:2067) INFO: input lengths: 40
2018-07-11 13:14:37,621 (e2e_asr_attctc_th:2091) INFO: max output length: 40
2018-07-11 13:14:37,621 (e2e_asr_attctc_th:2092) INFO: min output length: 0
2018-07-11 13:14:39,220 (e2e_asr_attctc_th:2199) INFO: end detected at 21
2018-07-11 13:14:39,220 (e2e_asr_attctc_th:2217) INFO: total log probability: -10.0031299964
2018-07-11 13:14:39,220 (e2e_asr_attctc_th:2218) INFO: normalized log probability: -0.714509285454
2018-07-11 13:14:39,221 (asr_pytorch:468) INFO: groundtruth[4_spk_4_038461-038621]: 咋反誅_MJM危
2018-07-11 13:14:39,221 (asr_pytorch:469) INFO: prediction [4_spk_4_038461-038621]: 我哋話WIFIPART噶<eos>
2018-07-11 13:14:39,229 (e2e_asr_attctc_th:2977) INFO: BLSTMP input lengths: [92]
2018-07-11 13:14:39,367 (e2e_asr_attctc_th:2067) INFO: input lengths: 23
2018-07-11 13:14:39,368 (e2e_asr_attctc_th:2091) INFO: max output length: 23
2018-07-11 13:14:39,368 (e2e_asr_attctc_th:2092) INFO: min output length: 0
2018-07-11 13:14:39,973 (e2e_asr_attctc_th:2199) INFO: end detected at 10
2018-07-11 13:14:39,973 (e2e_asr_attctc_th:2217) INFO: total log probability: -0.127425708808
2018-07-11 13:14:39,973 (e2e_asr_attctc_th:2218) INFO: normalized log probability: -0.0212376181347
2018-07-11 13:14:39,974 (asr_pytorch:468) INFO: groundtruth[1505-1_spk_1505_1_020302-020396]: 手件冀寫
2018-07-11 13:14:39,974 (asr_pytorch:469) INFO: prediction [1505-1_spk_1505_1_020302-020396]: 所以其實<eos>
2018-07-11 13:14:39,982 (e2e_asr_attctc_th:2977) INFO: BLSTMP input lengths: [118]
2018-07-11 13:14:40,144 (e2e_asr_attctc_th:2067) INFO: input lengths: 30
2018-07-11 13:14:40,145 (e2e_asr_attctc_th:2091) INFO: max output length: 30
2018-07-11 13:14:40,145 (e2e_asr_attctc_th:2092) INFO: min output length: 0
2018-07-11 13:14:40,760 (e2e_asr_attctc_th:2206) INFO: no hypothesis. Finish decoding.
2018-07-11 13:14:40,760 (e2e_asr_attctc_th:2217) INFO: total log probability: -7.59952684864
2018-07-11 13:14:40,760 (e2e_asr_attctc_th:2218) INFO: normalized log probability: -0.844391872072
2018-07-11 13:14:40,761 (asr_pytorch:468) INFO: groundtruth[9_spk_9_066115-066235]: 咋樺尻然辯波啯
2018-07-11 13:14:40,761 (asr_pytorch:469) INFO: prediction [9_spk_9_066115-066235]: 咁樣都係唔發啦<eos>
2018-07-11 13:14:40,769 (e2e_asr_attctc_th:2977) INFO: BLSTMP input lengths: [198]
2018-07-11 13:14:41,073 (e2e_asr_attctc_th:2067) INFO: input lengths: 50
2018-07-11 13:14:41,073 (e2e_asr_attctc_th:2091) INFO: max output length: 50
2018-07-11 13:14:41,073 (e2e_asr_attctc_th:2092) INFO: min output length: 0
2018-07-11 13:14:42,721 (e2e_asr_attctc_th:2199) INFO: end detected at 16
2018-07-11 13:14:42,721 (e2e_asr_attctc_th:2217) INFO: total log probability: -3.94793519564
2018-07-11 13:14:42,721 (e2e_asr_attctc_th:2218) INFO: normalized log probability: -0.358903199604
2018-07-11 13:14:42,723 (asr_pytorch:468) INFO: groundtruth[3_spk_3_006506-006706]: 卿俏囤朔嘍卉亞蚊間姓
2018-07-11 13:14:42,723 (asr_pytorch:469) INFO: prediction [3_spk_3_006506-006706]: 即係四月嘅十五開始<eos>
2018-07-11 13:14:42,746 (e2e_asr_attctc_th:2977) INFO: BLSTMP input lengths: [1816]
2018-07-11 13:14:46,415 (e2e_asr_attctc_th:2067) INFO: input lengths: 454
2018-07-11 13:14:46,416 (e2e_asr_attctc_th:2091) INFO: max output length: 454
2018-07-11 13:14:46,416 (e2e_asr_attctc_th:2092) INFO: min output length: 0
2018-07-11 13:15:33,186 (e2e_asr_attctc_th:2199) INFO: end detected at 113
2018-07-11 13:15:33,187 (e2e_asr_attctc_th:2217) INFO: total log probability: -68.7024248142
2018-07-11 13:15:33,187 (e2e_asr_attctc_th:2218) INFO: normalized log probability: -0.648136083153
2018-07-11 13:15:33,190 (asr_pytorch:468) INFO: groundtruth[3_spk_3_001612-003429]: 96835780
2018-07-11 13:15:33,190 (asr_pytorch:469) INFO: prediction [3_spk_3_001612-003429]: 係啊企上班三蚊係咪誒跟著本人民先生係啊係啊係你後話就差唔敢埋佢影翻嘅咁因為你而傢上緊我哋公司一個六擊嘅服務噶嘛咁其實嚟緊嘅話啦都可以幫你K翻一個六擊嘅數據噶咁越快啦就係幫你調數最快啫你都係諗著KEY翻落極嘅嘛<eos>
2018-07-11 13:15:33,210 (e2e_asr_attctc_th:2977) INFO: BLSTMP input lengths: [411]
2018-07-11 13:15:34,060 (e2e_asr_attctc_th:2067) INFO: input lengths: 103
2018-07-11 13:15:34,061 (e2e_asr_attctc_th:2091) INFO: max output length: 103
2018-07-11 13:15:34,061 (e2e_asr_attctc_th:2092) INFO: min output length: 0
2018-07-11 13:15:37,750 (e2e_asr_attctc_th:2199) INFO: end detected at 22
2018-07-11 13:15:37,750 (e2e_asr_attctc_th:2217) INFO: total log probability: -3.41332181613
2018-07-11 13:15:37,750 (e2e_asr_attctc_th:2218) INFO: normalized log probability: -0.227554787742
2018-07-11 13:15:37,751 (asr_pytorch:468) INFO: groundtruth[1505-1_spk_1505_1_052822-053235]: 冀寫戛鄔誅司件吔佬誅他絆考俏
2018-07-11 13:15:37,752 (asr_pytorch:469) INFO: prediction [1505-1_spk_1505_1_052822-053235]: 其實我都話可以同你話介紹翻<eos>
2018-07-11 13:15:37,767 (e2e_asr_attctc_th:2977) INFO: BLSTMP input lengths: [322]
2018-07-11 13:15:38,553 (e2e_asr_attctc_th:2067) INFO: input lengths: 81
2018-07-11 13:15:38,554 (e2e_asr_attctc_th:2091) INFO: max output length: 81
2018-07-11 13:15:38,554 (e2e_asr_attctc_th:2092) INFO: min output length: 0
2018-07-11 13:15:41,078 (e2e_asr_attctc_th:2206) INFO: no hypothesis. Finish decoding.
2018-07-11 13:15:41,078 (e2e_asr_attctc_th:2217) INFO: total log probability: -12.0916035445
2018-07-11 13:15:41,078 (e2e_asr_attctc_th:2218) INFO: normalized log probability: -0.575790644978
2018-07-11 13:15:41,079 (asr_pytorch:468) INFO: groundtruth[1504-1_spk_1504_1_092282-092606]: 籌紋嗷刺八邕服寳昕佬倔蚊磋俏序晏用敖
2018-07-11 13:15:41,079 (asr_pytorch:469) INFO: prediction [1504-1_spk_1504_1_092282-092606]: 朝藥嗰度入麵會寫明你嗰個號碼係幾時生考<eos>
2018-07-11 13:15:41,087 (e2e_asr_attctc_th:2977) INFO: BLSTMP input lengths: [226]
2018-07-11 13:15:41,377 (e2e_asr_attctc_th:2067) INFO: input lengths: 57
2018-07-11 13:15:41,377 (e2e_asr_attctc_th:2091) INFO: max output length: 57
2018-07-11 13:15:41,377 (e2e_asr_attctc_th:2092) INFO: min output length: 0
2018-07-11 13:15:43,533 (e2e_asr_attctc_th:2199) INFO: end detected at 24
2018-07-11 13:15:43,533 (e2e_asr_attctc_th:2217) INFO: total log probability: -3.7210973301
2018-07-11 13:15:43,533 (e2e_asr_attctc_th:2218) INFO: normalized log probability: -0.186054866505
2018-07-11 13:15:43,535 (asr_pytorch:468) INFO: groundtruth[1501-2_spk_1501_2_030627-030855]: B囹烕戛耗<unk>倔TPER鄔巾綪天未
2018-07-11 13:15:43,535 (asr_pytorch:469) INFO: prediction [1501-2_spk_1501_2_030627-030855]: 誒因為我而傢個FRIEND都已經搞期<eos>
2018-07-11 13:15:43,548 (e2e_asr_attctc_th:2977) INFO: BLSTMP input lengths: [30]
2018-07-11 13:15:43,619 (e2e_asr_attctc_th:2067) INFO: input lengths: 8
2018-07-11 13:15:43,619 (e2e_asr_attctc_th:2091) INFO: max output length: 8
2018-07-11 13:15:43,619 (e2e_asr_attctc_th:2092) INFO: min output length: 0
2018-07-11 13:15:43,914 (e2e_asr_attctc_th:2180) INFO: adding <eos> in the last postion in the loop
2018-07-11 13:15:43,915 (e2e_asr_attctc_th:2206) INFO: no hypothesis. Finish decoding.
2018-07-11 13:15:43,915 (e2e_asr_attctc_th:2217) INFO: total log probability: -0.538228146732
2018-07-11 13:15:43,915 (e2e_asr_attctc_th:2218) INFO: normalized log probability: -0.134557036683
2018-07-11 13:15:43,915 (asr_pytorch:468) INFO: groundtruth[1502-1_spk_1502_1_073129-073161]: 昕皅
2018-07-11 13:15:43,916 (asr_pytorch:469) INFO: prediction [1502-1_spk_1502_1_073129-073161]: 明白<eos>
2018-07-11 13:15:43,924 (e2e_asr_attctc_th:2977) INFO: BLSTMP input lengths: [216]
2018-07-11 13:15:44,201 (e2e_asr_attctc_th:2067) INFO: input lengths: 54
2018-07-11 13:15:44,201 (e2e_asr_attctc_th:2091) INFO: max output length: 54
2018-07-11 13:15:44,201 (e2e_asr_attctc_th:2092) INFO: min output length: 0
2018-07-11 13:15:46,266 (e2e_asr_attctc_th:2199) INFO: end detected at 23
2018-07-11 13:15:46,266 (e2e_asr_attctc_th:2217) INFO: total log probability: -14.0847247839
2018-07-11 13:15:46,266 (e2e_asr_attctc_th:2218) INFO: normalized log probability: -0.782484710217
2018-07-11 13:15:46,267 (asr_pytorch:468) INFO: groundtruth[1502-2_spk_1502_2_016269-016487]: 囹烕夯尤宭扁叄NSMR嗷倔丐皆兵卉序倔討劉
2018-07-11 13:15:46,267 (asr_pytorch:469) INFO: prediction [1502-2_spk_1502_2_016269-016487]: 因為太早後我再去個山動食俾個計咯<eos>
2018-07-11 13:15:46,275 (e2e_asr_attctc_th:2977) INFO: BLSTMP input lengths: [166]
2018-07-11 13:15:46,490 (e2e_asr_attctc_th:2067) INFO: input lengths: 42
2018-07-11 13:15:46,490 (e2e_asr_attctc_th:2091) INFO: max output length: 42
2018-07-11 13:15:46,490 (e2e_asr_attctc_th:2092) INFO: min output length: 0
2018-07-11 13:15:48,476 (e2e_asr_attctc_th:2199) INFO: end detected at 19
2018-07-11 13:15:48,476 (e2e_asr_attctc_th:2217) INFO: total log probability: -8.8050627308
2018-07-11 13:15:48,477 (e2e_asr_attctc_th:2218) INFO: normalized log probability: -0.677312517754
2018-07-11 13:15:48,477 (asr_pytorch:468) INFO: groundtruth[3_spk_3_055752-055920]: 卿俏然梯企幹佬號琛嘍
2018-07-11 13:15:48,477 (asr_pytorch:469) INFO: prediction [3_spk_3_055752-055920]: 即係冇條件幫你仲係第嘅<eos>
2018-07-11 13:15:48,486 (e2e_asr_attctc_th:2977) INFO: BLSTMP input lengths: [278]
2018-07-11 13:15:48,860 (e2e_asr_attctc_th:2067) INFO: input lengths: 70
2018-07-11 13:15:48,861 (e2e_asr_attctc_th:2091) INFO: max output length: 70
2018-07-11 13:15:48,861 (e2e_asr_attctc_th:2092) INFO: min output length: 0
2018-07-11 13:15:50,706 (e2e_asr_attctc_th:2199) INFO: end detected at 21
2018-07-11 13:15:50,706 (e2e_asr_attctc_th:2217) INFO: total log probability: -7.37263744511
2018-07-11 13:15:50,706 (e2e_asr_attctc_th:2218) INFO: normalized log probability: -0.526616960365
2018-07-11 13:15:50,707 (asr_pytorch:468) INFO: groundtruth[9_spk_9_011755-012035]: 冀寫戛啷啷鄔抑道<unk>嚦道囖
2018-07-11 13:15:50,707 (asr_pytorch:469) INFO: prediction [9_spk_9_011755-012035]: 其實我啱啱都蚊個齣嚟再外<eos>
2018-07-11 13:15:50,715 (e2e_asr_attctc_th:2977) INFO: BLSTMP input lengths: [48]
2018-07-11 13:15:50,785 (e2e_asr_attctc_th:2067) INFO: input lengths: 12
2018-07-11 13:15:50,785 (e2e_asr_attctc_th:2091) INFO: max output length: 12
2018-07-11 13:15:50,785 (e2e_asr_attctc_th:2092) INFO: min output length: 0
2018-07-11 13:15:51,138 (e2e_asr_attctc_th:2199) INFO: end detected at 8
2018-07-11 13:15:51,138 (e2e_asr_attctc_th:2217) INFO: total log probability: -2.31910829246
2018-07-11 13:15:51,138 (e2e_asr_attctc_th:2218) INFO: normalized log probability: -0.579777073115
2018-07-11 13:15:51,139 (asr_pytorch:468) INFO: groundtruth[1501-1_spk_1501_1_030336-030386]: B
2018-07-11 13:15:51,139 (asr_pytorch:469) INFO: prediction [1501-1_spk_1501_1_030336-030386]: 係啊<eos>
2018-07-11 13:15:51,147 (e2e_asr_attctc_th:2977) INFO: BLSTMP input lengths: [198]
2018-07-11 13:15:51,402 (e2e_asr_attctc_th:2067) INFO: input lengths: 50
2018-07-11 13:15:51,403 (e2e_asr_attctc_th:2091) INFO: max output length: 50
2018-07-11 13:15:51,403 (e2e_asr_attctc_th:2092) INFO: min output length: 0
2018-07-11 13:15:52,715 (e2e_asr_attctc_th:2199) INFO: end detected at 18
2018-07-11 13:15:52,715 (e2e_asr_attctc_th:2217) INFO: total log probability: -14.369408071
2018-07-11 13:15:52,715 (e2e_asr_attctc_th:2218) INFO: normalized log probability: -1.30630982464
2018-07-11 13:15:52,716 (asr_pytorch:468) INFO: groundtruth[12_spk_12_068773-068973]: B
2018-07-11 13:15:52,716 (asr_pytorch:469) INFO: prediction [12_spk_12_068773-068973]: 即係唔得十數最實個<eos>
2018-07-11 13:15:52,725 (e2e_asr_attctc_th:2977) INFO: BLSTMP input lengths: [268]
2018-07-11 13:15:53,077 (e2e_asr_attctc_th:2067) INFO: input lengths: 67
2018-07-11 13:15:53,078 (e2e_asr_attctc_th:2091) INFO: max output length: 67
2018-07-11 13:15:53,078 (e2e_asr_attctc_th:2092) INFO: min output length: 0
2018-07-11 13:15:55,174 (e2e_asr_attctc_th:2206) INFO: no hypothesis. Finish decoding.
2018-07-11 13:15:55,174 (e2e_asr_attctc_th:2217) INFO: total log probability: -8.2166341003
2018-07-11 13:15:55,174 (e2e_asr_attctc_th:2218) INFO: normalized log probability: -0.547775606687
2018-07-11 13:15:55,175 (asr_pytorch:468) INFO: groundtruth[3_spk_3_002970-003240]: 咋朔賀呯尻俏幹佬諒刺朋佔嘍
2018-07-11 13:15:55,175 (asr_pytorch:469) INFO: prediction [3_spk_3_002970-003240]: 咁越快啦就係幫你調數最快啫<eos>
2018-07-11 13:15:55,190 (e2e_asr_attctc_th:2977) INFO: BLSTMP input lengths: [283]
2018-07-11 13:15:55,754 (e2e_asr_attctc_th:2067) INFO: input lengths: 71
2018-07-11 13:15:55,755 (e2e_asr_attctc_th:2091) INFO: max output length: 71
2018-07-11 13:15:55,755 (e2e_asr_attctc_th:2092) INFO: min output length: 0
2018-07-11 13:15:58,927 (e2e_asr_attctc_th:2199) INFO: end detected at 24
2018-07-11 13:15:58,927 (e2e_asr_attctc_th:2217) INFO: total log probability: -13.2239887342
2018-07-11 13:15:58,928 (e2e_asr_attctc_th:2218) INFO: normalized log probability: -0.734666040788
2018-07-11 13:15:58,929 (asr_pytorch:468) INFO: groundtruth[8_spk_8_069892-070177]: 卿俏仕旬間兒間姓由佬佬員嘍4K
2018-07-11 13:15:58,929 (asr_pytorch:469) INFO: prediction [8_spk_8_069892-070177]: 即係咁大學之間嗰啲用理你哋嘅你知<eos>
2018-07-11 13:15:58,942 (e2e_asr_attctc_th:2977) INFO: BLSTMP input lengths: [143]
2018-07-11 13:15:59,180 (e2e_asr_attctc_th:2067) INFO: input lengths: 36
2018-07-11 13:15:59,181 (e2e_asr_attctc_th:2091) INFO: max output length: 36
2018-07-11 13:15:59,181 (e2e_asr_attctc_th:2092) INFO: min output length: 0
2018-07-11 13:15:59,844 (e2e_asr_attctc_th:2199) INFO: end detected at 11
2018-07-11 13:15:59,844 (e2e_asr_attctc_th:2217) INFO: total log probability: -5.92972624302
2018-07-11 13:15:59,844 (e2e_asr_attctc_th:2218) INFO: normalized log probability: -1.1859452486
2018-07-11 13:15:59,845 (asr_pytorch:468) INFO: groundtruth[9_spk_9_009532-009677]: 嗶嗶然鍋
2018-07-11 13:15:59,846 (asr_pytorch:469) INFO: prediction [9_spk_9_009532-009677]: <SPK/>你包<eos>
2018-07-11 13:15:59,853 (e2e_asr_attctc_th:2977) INFO: BLSTMP input lengths: [81]
2018-07-11 13:15:59,969 (e2e_asr_attctc_th:2067) INFO: input lengths: 21
2018-07-11 13:15:59,969 (e2e_asr_attctc_th:2091) INFO: max output length: 21
2018-07-11 13:15:59,969 (e2e_asr_attctc_th:2092) INFO: min output length: 0
2018-07-11 13:16:00,243 (e2e_asr_attctc_th:2206) INFO: no hypothesis. Finish decoding.
2018-07-11 13:16:00,243 (e2e_asr_attctc_th:2217) INFO: total log probability: -3.63625199348
2018-07-11 13:16:00,243 (e2e_asr_attctc_th:2218) INFO: normalized log probability: -0.727250398695
2018-07-11 13:16:00,244 (asr_pytorch:468) INFO: groundtruth[4_spk_4_066697-066780]: 昕呈
2018-07-11 13:16:00,244 (asr_pytorch:469) INFO: prediction [4_spk_4_066697-066780]: 原來啊<eos>
2018-07-11 13:16:00,253 (e2e_asr_attctc_th:2977) INFO: BLSTMP input lengths: [531]
2018-07-11 13:16:00,950 (e2e_asr_attctc_th:2067) INFO: input lengths: 133
2018-07-11 13:16:00,951 (e2e_asr_attctc_th:2091) INFO: max output length: 133
2018-07-11 13:16:00,951 (e2e_asr_attctc_th:2092) INFO: min output length: 0
2018-07-11 13:16:05,222 (e2e_asr_attctc_th:2206) INFO: no hypothesis. Finish decoding.
2018-07-11 13:16:05,222 (e2e_asr_attctc_th:2217) INFO: total log probability: -20.6175912167
2018-07-11 13:16:05,222 (e2e_asr_attctc_th:2218) INFO: normalized log probability: -0.665083587635
2018-07-11 13:16:05,223 (asr_pytorch:468) INFO: groundtruth[1503-1_spk_1503_1_072162-072695]: 佬尻誅佬放刺戛址吔井旨轟<unk>霆誅啼儼想旨咋戛址吔井尻服昕柎啯
2018-07-11 13:16:05,223 (asr_pytorch:469) INFO: prediction [1503-1_spk_1503_1_072162-072695]: 你大話你溝到我哋老師嘅專下電話啲優惠嘅咁我哋同自教會明噶啦<eos>
2018-07-11 13:16:05,231 (e2e_asr_attctc_th:2977) INFO: BLSTMP input lengths: [168]
2018-07-11 13:16:05,498 (e2e_asr_attctc_th:2067) INFO: input lengths: 42
2018-07-11 13:16:05,498 (e2e_asr_attctc_th:2091) INFO: max output length: 42
2018-07-11 13:16:05,498 (e2e_asr_attctc_th:2092) INFO: min output length: 0
2018-07-11 13:16:06,493 (e2e_asr_attctc_th:2206) INFO: no hypothesis. Finish decoding.
2018-07-11 13:16:06,493 (e2e_asr_attctc_th:2217) INFO: total log probability: -6.98435186036
2018-07-11 13:16:06,493 (e2e_asr_attctc_th:2218) INFO: normalized log probability: -0.582029321697
2018-07-11 13:16:06,494 (asr_pytorch:468) INFO: groundtruth[3_spk_3_004167-004337]: 279呈佬耗<unk>享緘
2018-07-11 13:16:06,494 (asr_pytorch:469) INFO: prediction [3_spk_3_004167-004337]: 市齣手啊你依傢交緊落<eos>
2018-07-11 13:16:06,503 (e2e_asr_attctc_th:2977) INFO: BLSTMP input lengths: [358]
2018-07-11 13:16:06,994 (e2e_asr_attctc_th:2067) INFO: input lengths: 90
2018-07-11 13:16:06,995 (e2e_asr_attctc_th:2091) INFO: max output length: 90
2018-07-11 13:16:06,995 (e2e_asr_attctc_th:2092) INFO: min output length: 0
2018-07-11 13:16:09,314 (e2e_asr_attctc_th:2206) INFO: no hypothesis. Finish decoding.
2018-07-11 13:16:09,315 (e2e_asr_attctc_th:2217) INFO: total log probability: -21.8538182182
2018-07-11 13:16:09,315 (e2e_asr_attctc_th:2218) INFO: normalized log probability: -1.04065801039
2018-07-11 13:16:09,315 (asr_pytorch:468) INFO: groundtruth[1505-2_spk_1505_2_028945-029306]: 頻兒佬誅佬倔4K司件街刺60臼90
2018-07-11 13:16:09,315 (asr_pytorch:469) INFO: prediction [1505-2_spk_1505_2_028945-029306]: 頭先你話你老放學中意學呢行到六十節九心<eos>
2018-07-11 13:16:09,324 (e2e_asr_attctc_th:2977) INFO: BLSTMP input lengths: [484]
2018-07-11 13:16:09,921 (e2e_asr_attctc_th:2067) INFO: input lengths: 121
2018-07-11 13:16:09,921 (e2e_asr_attctc_th:2091) INFO: max output length: 121
2018-07-11 13:16:09,921 (e2e_asr_attctc_th:2092) INFO: min output length: 0
2018-07-11 13:16:13,517 (e2e_asr_attctc_th:2199) INFO: end detected at 30
2018-07-11 13:16:13,517 (e2e_asr_attctc_th:2217) INFO: total log probability: -12.8060396285
2018-07-11 13:16:13,517 (e2e_asr_attctc_th:2218) INFO: normalized log probability: -0.512241585138
2018-07-11 13:16:13,518 (asr_pytorch:468) INFO: groundtruth[1505-1_spk_1505_1_088702-089188]: 跨何服吔佬宗掙考三倔TPER考三倔B戳斌旬倍考佬旨
2018-07-11 13:16:13,518 (asr_pytorch:469) INFO: prediction [1505-1_spk_1505_1_088702-089188]: 跟著會同你安排翻一個睇一個一個誒著數日俾翻你嘅<eos>
2018-07-11 13:16:13,525 (e2e_asr_attctc_th:2977) INFO: BLSTMP input lengths: [67]
2018-07-11 13:16:13,617 (e2e_asr_attctc_th:2067) INFO: input lengths: 17
2018-07-11 13:16:13,618 (e2e_asr_attctc_th:2091) INFO: max output length: 17
2018-07-11 13:16:13,618 (e2e_asr_attctc_th:2092) INFO: min output length: 0
2018-07-11 13:16:14,089 (e2e_asr_attctc_th:2199) INFO: end detected at 10
2018-07-11 13:16:14,089 (e2e_asr_attctc_th:2217) INFO: total log probability: -2.81972234929
2018-07-11 13:16:14,089 (e2e_asr_attctc_th:2218) INFO: normalized log probability: -0.563944469858
2018-07-11 13:16:14,090 (asr_pytorch:468) INFO: groundtruth[1505-2_spk_1505_2_092000-092069]: 咋戛俏
2018-07-11 13:16:14,090 (asr_pytorch:469) INFO: prediction [1505-2_spk_1505_2_092000-092069]: 咁冇你<eos>
2018-07-11 13:16:14,098 (e2e_asr_attctc_th:2977) INFO: BLSTMP input lengths: [92]
2018-07-11 13:16:14,218 (e2e_asr_attctc_th:2067) INFO: input lengths: 23
2018-07-11 13:16:14,218 (e2e_asr_attctc_th:2091) INFO: max output length: 23
2018-07-11 13:16:14,218 (e2e_asr_attctc_th:2092) INFO: min output length: 0
2018-07-11 13:16:15,067 (e2e_asr_attctc_th:2199) INFO: end detected at 14
2018-07-11 13:16:15,068 (e2e_asr_attctc_th:2217) INFO: total log probability: -7.14540374279
2018-07-11 13:16:15,068 (e2e_asr_attctc_th:2218) INFO: normalized log probability: -0.793933749199
2018-07-11 13:16:15,068 (asr_pytorch:468) INFO: groundtruth[1505-2_spk_1505_2_006057-006151]: 卿俏嗷啼鄔朕呯雅
2018-07-11 13:16:15,069 (asr_pytorch:469) INFO: prediction [1505-2_spk_1505_2_006057-006151]: 你嗰邊真係呢隻<eos>
2018-07-11 13:16:15,077 (e2e_asr_attctc_th:2977) INFO: BLSTMP input lengths: [323]
2018-07-11 13:16:15,484 (e2e_asr_attctc_th:2067) INFO: input lengths: 81
2018-07-11 13:16:15,484 (e2e_asr_attctc_th:2091) INFO: max output length: 81
2018-07-11 13:16:15,485 (e2e_asr_attctc_th:2092) INFO: min output length: 0
2018-07-11 13:16:17,999 (e2e_asr_attctc_th:2199) INFO: end detected at 26
2018-07-11 13:16:18,000 (e2e_asr_attctc_th:2217) INFO: total log probability: -24.6292213202
2018-07-11 13:16:18,000 (e2e_asr_attctc_th:2218) INFO: normalized log probability: -1.17282006286
2018-07-11 13:16:18,001 (asr_pytorch:468) INFO: groundtruth[9_spk_9_049380-049705]: 戡耐由畸三啼冀仞嘍MRXIVRIX且畸哲倔逸絡嘍
2018-07-11 13:16:18,001 (asr_pytorch:469) INFO: prediction [9_spk_9_049380-049705]: 咪俾文翻啲佢拍嘅軟體係人生翻呢個啲節嘅<eos>
2018-07-11 13:16:18,008 (e2e_asr_attctc_th:2977) INFO: BLSTMP input lengths: [79]
2018-07-11 13:16:18,118 (e2e_asr_attctc_th:2067) INFO: input lengths: 20
2018-07-11 13:16:18,119 (e2e_asr_attctc_th:2091) INFO: max output length: 20
2018-07-11 13:16:18,119 (e2e_asr_attctc_th:2092) INFO: min output length: 0
2018-07-11 13:16:18,696 (e2e_asr_attctc_th:2199) INFO: end detected at 11
2018-07-11 13:16:18,696 (e2e_asr_attctc_th:2217) INFO: total log probability: -2.18534402549
2018-07-11 13:16:18,696 (e2e_asr_attctc_th:2218) INFO: normalized log probability: -0.364224004249
2018-07-11 13:16:18,697 (asr_pytorch:468) INFO: groundtruth[1505-2_spk_1505_2_077682-077763]: 閉通霆誅
2018-07-11 13:16:18,697 (asr_pytorch:469) INFO: prediction [1505-2_spk_1505_2_077682-077763]: 人做電話<eos>
2018-07-11 13:16:18,707 (e2e_asr_attctc_th:2977) INFO: BLSTMP input lengths: [769]
2018-07-11 13:16:19,739 (e2e_asr_attctc_th:2067) INFO: input lengths: 193
2018-07-11 13:16:19,739 (e2e_asr_attctc_th:2091) INFO: max output length: 193
2018-07-11 13:16:19,739 (e2e_asr_attctc_th:2092) INFO: min output length: 0
2018-07-11 13:16:31,339 (e2e_asr_attctc_th:2199) INFO: end detected at 47
2018-07-11 13:16:31,339 (e2e_asr_attctc_th:2217) INFO: total log probability: -39.6563113313
2018-07-11 13:16:31,339 (e2e_asr_attctc_th:2218) INFO: normalized log probability: -0.967227105642
2018-07-11 13:16:31,341 (asr_pytorch:468) INFO: groundtruth[1503-1_spk_1503_1_066727-067498]: 咋嗄2朔姚嗄6朔2蚊刺刺6朔12蚊呯殼晏閙呯呯山尻戛址俏服挪毯供叄放倔朔賀旨姚
2018-07-11 13:16:31,342 (asr_pytorch:469) INFO: prediction [1503-1_spk_1503_1_066727-067498]: 咁喺二月即係喺六月以後做到六月十以後呢幾時間跟著其實我哋係會按比例去收國字費噶<eos>
2018-07-11 13:16:31,357 (e2e_asr_attctc_th:2977) INFO: BLSTMP input lengths: [184]
2018-07-11 13:16:31,806 (e2e_asr_attctc_th:2067) INFO: input lengths: 46
2018-07-11 13:16:31,807 (e2e_asr_attctc_th:2091) INFO: max output length: 46
2018-07-11 13:16:31,807 (e2e_asr_attctc_th:2092) INFO: min output length: 0
2018-07-11 13:16:34,191 (e2e_asr_attctc_th:2199) INFO: end detected at 20
2018-07-11 13:16:34,192 (e2e_asr_attctc_th:2217) INFO: total log probability: -19.9674793482
2018-07-11 13:16:34,192 (e2e_asr_attctc_th:2218) INFO: normalized log probability: -1.33116528988
2018-07-11 13:16:34,193 (asr_pytorch:468) INFO: groundtruth[1502-2_spk_1502_2_000010-000196]: 喇LIPPSB呯邕WQEVXSRI斌磋速
2018-07-11 13:16:34,193 (asr_pytorch:469) INFO: prediction [1502-2_spk_1502_2_000010-000196]: 喂喺誒誒SMINE仲做埋通<eos>
2018-07-11 13:16:34,201 (e2e_asr_attctc_th:2977) INFO: BLSTMP input lengths: [198]
2018-07-11 13:16:34,485 (e2e_asr_attctc_th:2067) INFO: input lengths: 50
2018-07-11 13:16:34,486 (e2e_asr_attctc_th:2091) INFO: max output length: 50
2018-07-11 13:16:34,486 (e2e_asr_attctc_th:2092) INFO: min output length: 0
2018-07-11 13:16:35,664 (e2e_asr_attctc_th:2199) INFO: end detected at 12
2018-07-11 13:16:35,664 (e2e_asr_attctc_th:2217) INFO: total log probability: -7.41226344835
2018-07-11 13:16:35,664 (e2e_asr_attctc_th:2218) INFO: normalized log probability: -0.926532931044
2018-07-11 13:16:35,665 (asr_pytorch:468) INFO: groundtruth[8_spk_8_032550-032750]: 俏呈必朦邸呈
2018-07-11 13:16:35,665 (asr_pytorch:469) INFO: prediction [8_spk_8_032550-032750]: 我殺十錢先啦<eos>
2018-07-11 13:16:35,679 (e2e_asr_attctc_th:2977) INFO: BLSTMP input lengths: [66]
2018-07-11 13:16:35,831 (e2e_asr_attctc_th:2067) INFO: input lengths: 17
2018-07-11 13:16:35,832 (e2e_asr_attctc_th:2091) INFO: max output length: 17
2018-07-11 13:16:35,832 (e2e_asr_attctc_th:2092) INFO: min output length: 0
2018-07-11 13:16:36,775 (e2e_asr_attctc_th:2199) INFO: end detected at 13
2018-07-11 13:16:36,775 (e2e_asr_attctc_th:2217) INFO: total log probability: -7.14637315273
2018-07-11 13:16:36,775 (e2e_asr_attctc_th:2218) INFO: normalized log probability: -1.42927463055
2018-07-11 13:16:36,776 (asr_pytorch:468) INFO: groundtruth[1505-1_spk_1505_1_035692-035760]: OFTW
2018-07-11 13:16:36,776 (asr_pytorch:469) INFO: prediction [1505-1_spk_1505_1_035692-035760]: TBB<eos>
2018-07-11 13:16:36,786 (e2e_asr_attctc_th:2977) INFO: BLSTMP input lengths: [375]
2018-07-11 13:16:37,272 (e2e_asr_attctc_th:2067) INFO: input lengths: 94
2018-07-11 13:16:37,272 (e2e_asr_attctc_th:2091) INFO: max output length: 94
2018-07-11 13:16:37,272 (e2e_asr_attctc_th:2092) INFO: min output length: 0
2018-07-11 13:16:39,018 (e2e_asr_attctc_th:2206) INFO: no hypothesis. Finish decoding.
2018-07-11 13:16:39,018 (e2e_asr_attctc_th:2217) INFO: total log probability: -4.09482254274
2018-07-11 13:16:39,018 (e2e_asr_attctc_th:2218) INFO: normalized log probability: -0.255926408921
2018-07-11 13:16:39,019 (asr_pytorch:468) INFO: groundtruth[9_spk_9_018890-019267]: 丕俏呈戛杉軀鄔俏跨何兒轟咩
2018-07-11 13:16:39,019 (asr_pytorch:469) INFO: prediction [9_spk_9_018890-019267]: <SPK/>係啊我本身都係跟著變著唔著<eos>
2018-07-11 13:16:39,027 (e2e_asr_attctc_th:2977) INFO: BLSTMP input lengths: [198]
2018-07-11 13:16:39,286 (e2e_asr_attctc_th:2067) INFO: input lengths: 50
2018-07-11 13:16:39,286 (e2e_asr_attctc_th:2091) INFO: max output length: 50
2018-07-11 13:16:39,286 (e2e_asr_attctc_th:2092) INFO: min output length: 0
2018-07-11 13:16:40,039 (e2e_asr_attctc_th:2199) INFO: end detected at 11
2018-07-11 13:16:40,039 (e2e_asr_attctc_th:2217) INFO: total log probability: -2.53789810091
2018-07-11 13:16:40,039 (e2e_asr_attctc_th:2218) INFO: normalized log probability: -0.507579620183
2018-07-11 13:16:40,040 (asr_pytorch:468) INFO: groundtruth[1501-1_spk_1501_1_016088-016288]: SO俏
2018-07-11 13:16:40,040 (asr_pytorch:469) INFO: prediction [1501-1_spk_1501_1_016088-016288]: 屋企去<eos>
2018-07-11 13:16:40,048 (e2e_asr_attctc_th:2977) INFO: BLSTMP input lengths: [90]
2018-07-11 13:16:40,199 (e2e_asr_attctc_th:2067) INFO: input lengths: 23
2018-07-11 13:16:40,199 (e2e_asr_attctc_th:2091) INFO: max output length: 23
2018-07-11 13:16:40,199 (e2e_asr_attctc_th:2092) INFO: min output length: 0
2018-07-11 13:16:40,643 (e2e_asr_attctc_th:2199) INFO: end detected at 9
2018-07-11 13:16:40,643 (e2e_asr_attctc_th:2217) INFO: total log probability: -0.174017431214
2018-07-11 13:16:40,643 (e2e_asr_attctc_th:2218) INFO: normalized log probability: -0.0435043578036
2018-07-11 13:16:40,644 (asr_pytorch:468) INFO: groundtruth[1502-2_spk_1502_2_034559-034651]: 嗶嗶
2018-07-11 13:16:40,645 (asr_pytorch:469) INFO: prediction [1502-2_spk_1502_2_034559-034651]: 嗯嗯<eos>
2018-07-11 13:16:40,658 (e2e_asr_attctc_th:2977) INFO: BLSTMP input lengths: [315]
2018-07-11 13:16:41,111 (e2e_asr_attctc_th:2067) INFO: input lengths: 79
2018-07-11 13:16:41,112 (e2e_asr_attctc_th:2091) INFO: max output length: 79
2018-07-11 13:16:41,112 (e2e_asr_attctc_th:2092) INFO: min output length: 0
2018-07-11 13:16:43,364 (e2e_asr_attctc_th:2199) INFO: end detected at 23
2018-07-11 13:16:43,364 (e2e_asr_attctc_th:2217) INFO: total log probability: -26.320376642
2018-07-11 13:16:43,364 (e2e_asr_attctc_th:2218) INFO: normalized log probability: -1.46224314678
2018-07-11 13:16:43,365 (asr_pytorch:468) INFO: groundtruth[12_spk_12_066971-067288]: 震見仕晟宣俏12黴得
2018-07-11 13:16:43,365 (asr_pytorch:469) INFO: prediction [12_spk_12_066971-067288]: 其實真心情係係即係十年啦就好開心<eos>
2018-07-11 13:16:43,373 (e2e_asr_attctc_th:2977) INFO: BLSTMP input lengths: [91]
2018-07-11 13:16:43,499 (e2e_asr_attctc_th:2067) INFO: input lengths: 23
2018-07-11 13:16:43,499 (e2e_asr_attctc_th:2091) INFO: max output length: 23
2018-07-11 13:16:43,499 (e2e_asr_attctc_th:2092) INFO: min output length: 0
2018-07-11 13:16:43,854 (e2e_asr_attctc_th:2199) INFO: end detected at 8
2018-07-11 13:16:43,855 (e2e_asr_attctc_th:2217) INFO: total log probability: -0.593176923692
2018-07-11 13:16:43,855 (e2e_asr_attctc_th:2218) INFO: normalized log probability: -0.197725641231
2018-07-11 13:16:43,856 (asr_pytorch:468) INFO: groundtruth[1501-2_spk_1501_2_067573-067666]: B
2018-07-11 13:16:43,856 (asr_pytorch:469) INFO: prediction [1501-2_spk_1501_2_067573-067666]: 誒<eos>
2018-07-11 13:16:43,864 (e2e_asr_attctc_th:2977) INFO: BLSTMP input lengths: [358]
2018-07-11 13:16:44,313 (e2e_asr_attctc_th:2067) INFO: input lengths: 90
2018-07-11 13:16:44,313 (e2e_asr_attctc_th:2091) INFO: max output length: 90
2018-07-11 13:16:44,313 (e2e_asr_attctc_th:2092) INFO: min output length: 0
2018-07-11 13:16:47,200 (e2e_asr_attctc_th:2199) INFO: end detected at 25
2018-07-11 13:16:47,200 (e2e_asr_attctc_th:2217) INFO: total log probability: -19.619056724
2018-07-11 13:16:47,200 (e2e_asr_attctc_th:2218) INFO: normalized log probability: -1.08994759578
2018-07-11 13:16:47,201 (asr_pytorch:468) INFO: groundtruth[1501-2_spk_1501_2_086248-086608]: 哭戛服愈轟迫戛杉仇皂訢
2018-07-11 13:16:47,201 (asr_pytorch:469) INFO: prediction [1501-2_spk_1501_2_086248-086608]: 不過我都會想說翻我本人啊咁樣跟著<eos>
2018-07-11 13:16:47,211 (e2e_asr_attctc_th:2977) INFO: BLSTMP input lengths: [506]
2018-07-11 13:16:47,837 (e2e_asr_attctc_th:2067) INFO: input lengths: 127
2018-07-11 13:16:47,837 (e2e_asr_attctc_th:2091) INFO: max output length: 127
2018-07-11 13:16:47,837 (e2e_asr_attctc_th:2092) INFO: min output length: 0
2018-07-11 13:16:52,470 (e2e_asr_attctc_th:2199) INFO: end detected at 35
2018-07-11 13:16:52,470 (e2e_asr_attctc_th:2217) INFO: total log probability: -32.4323036736
2018-07-11 13:16:52,470 (e2e_asr_attctc_th:2218) INFO: normalized log probability: -1.08107678912
2018-07-11 13:16:52,471 (asr_pytorch:468) INFO: groundtruth[1503-1_spk_1503_1_085732-086240]: 俏啯俏啯冏鍋SO咋戛幹佬WIRH迫倔儼想速矮夭域閊希吔井兒
2018-07-11 13:16:52,471 (asr_pytorch:469) INFO: prediction [1503-1_spk_1503_1_085732-086240]: 係啦係啦個發我其實三包翻去車翻嘅周圍中資大個部戲好似之前<eos>
2018-07-11 13:16:52,479 (e2e_asr_attctc_th:2977) INFO: BLSTMP input lengths: [168]
2018-07-11 13:16:52,704 (e2e_asr_attctc_th:2067) INFO: input lengths: 42
2018-07-11 13:16:52,704 (e2e_asr_attctc_th:2091) INFO: max output length: 42
2018-07-11 13:16:52,704 (e2e_asr_attctc_th:2092) INFO: min output length: 0
2018-07-11 13:16:54,011 (e2e_asr_attctc_th:2199) INFO: end detected at 18
2018-07-11 13:16:54,012 (e2e_asr_attctc_th:2217) INFO: total log probability: -8.81874167919
2018-07-11 13:16:54,012 (e2e_asr_attctc_th:2218) INFO: normalized log probability: -0.801703789017
2018-07-11 13:16:54,012 (asr_pytorch:468) INFO: groundtruth[1503-2_spk_1503_2_079009-079179]: 囹烕朕司脇戛鄔HYQT差
2018-07-11 13:16:54,013 (asr_pytorch:469) INFO: prediction [1503-2_spk_1503_2_079009-079179]: 因為就可能下都等咗<eos>
2018-07-11 13:16:54,020 (e2e_asr_attctc_th:2977) INFO: BLSTMP input lengths: [153]
2018-07-11 13:16:54,222 (e2e_asr_attctc_th:2067) INFO: input lengths: 39
2018-07-11 13:16:54,222 (e2e_asr_attctc_th:2091) INFO: max output length: 39
2018-07-11 13:16:54,222 (e2e_asr_attctc_th:2092) INFO: min output length: 0
2018-07-11 13:16:55,203 (e2e_asr_attctc_th:2199) INFO: end detected at 15
2018-07-11 13:16:55,204 (e2e_asr_attctc_th:2217) INFO: total log probability: -7.85012626648
2018-07-11 13:16:55,204 (e2e_asr_attctc_th:2218) INFO: normalized log probability: -0.98126578331
2018-07-11 13:16:55,204 (asr_pytorch:468) INFO: groundtruth[8_spk_8_061100-061254]: 咋耗<unk>戛愈啞三倔啞顔
2018-07-11 13:16:55,205 (asr_pytorch:469) INFO: prediction [8_spk_8_061100-061254]: 中心情一陣係<eos>
2018-07-11 13:16:55,213 (e2e_asr_attctc_th:2977) INFO: BLSTMP input lengths: [371]
2018-07-11 13:16:55,696 (e2e_asr_attctc_th:2067) INFO: input lengths: 93
2018-07-11 13:16:55,697 (e2e_asr_attctc_th:2091) INFO: max output length: 93
2018-07-11 13:16:55,697 (e2e_asr_attctc_th:2092) INFO: min output length: 0
2018-07-11 13:16:59,360 (e2e_asr_attctc_th:2199) INFO: end detected at 29
2018-07-11 13:16:59,360 (e2e_asr_attctc_th:2217) INFO: total log probability: -26.7153930515
2018-07-11 13:16:59,360 (e2e_asr_attctc_th:2218) INFO: normalized log probability: -1.16153882833
2018-07-11 13:16:59,363 (asr_pytorch:468) INFO: groundtruth[9_spk_9_035137-035510]: B妍枱佬茄斑牛<unk>嘍誅佰懵誆服寳何GEVVMIV咋樺嘍三倔孝
2018-07-11 13:16:59,363 (asr_pytorch:469) INFO: prediction [9_spk_9_035137-035510]: 唉嗰時英文版本讀書佢好食就係有啲人嘅一個係<eos>
2018-07-11 13:16:59,380 (e2e_asr_attctc_th:2977) INFO: BLSTMP input lengths: [564]
2018-07-11 13:17:00,627 (e2e_asr_attctc_th:2067) INFO: input lengths: 141
2018-07-11 13:17:00,627 (e2e_asr_attctc_th:2091) INFO: max output length: 141
2018-07-11 13:17:00,628 (e2e_asr_attctc_th:2092) INFO: min output length: 0
2018-07-11 13:17:08,045 (e2e_asr_attctc_th:2199) INFO: end detected at 33
2018-07-11 13:17:08,046 (e2e_asr_attctc_th:2217) INFO: total log probability: -9.12185118347
2018-07-11 13:17:08,046 (e2e_asr_attctc_th:2218) INFO: normalized log probability: -0.314546592534
2018-07-11 13:17:08,047 (asr_pytorch:468) INFO: groundtruth[1505-1_spk_1505_1_099150-099716]: 俏佬俏誅扚考叄邕刺呯妍枱俏佬誅JSV考杉渺三啼堅杉旨列鐲俏
2018-07-11 13:17:08,047 (asr_pytorch:469) INFO: prediction [1505-1_spk_1505_1_099150-099716]: 誒你係話打翻去邊度啊如果係你話放黑本講一啲基本嘅分鐘實<eos>
2018-07-11 13:17:08,063 (e2e_asr_attctc_th:2977) INFO: BLSTMP input lengths: [385]
2018-07-11 13:17:08,830 (e2e_asr_attctc_th:2067) INFO: input lengths: 97
2018-07-11 13:17:08,830 (e2e_asr_attctc_th:2091) INFO: max output length: 97
2018-07-11 13:17:08,831 (e2e_asr_attctc_th:2092) INFO: min output length: 0
2018-07-11 13:17:13,463 (e2e_asr_attctc_th:2199) INFO: end detected at 27
2018-07-11 13:17:13,463 (e2e_asr_attctc_th:2217) INFO: total log probability: -34.9415909052
2018-07-11 13:17:13,463 (e2e_asr_attctc_th:2218) INFO: normalized log probability: -1.6638852812
2018-07-11 13:17:13,464 (asr_pytorch:468) INFO: groundtruth[12_spk_12_065542-065929]: 5蚊戳斌冀寫鄔俏挪毯刨放佬
2018-07-11 13:17:13,464 (asr_pytorch:469) INFO: prediction [12_spk_12_065542-065929]: 仲似係紅食唔可能下晝留人起不時間食過你<eos>
2018-07-11 13:17:13,479 (e2e_asr_attctc_th:2977) INFO: BLSTMP input lengths: [402]
2018-07-11 13:17:14,275 (e2e_asr_attctc_th:2067) INFO: input lengths: 101
2018-07-11 13:17:14,276 (e2e_asr_attctc_th:2091) INFO: max output length: 101
2018-07-11 13:17:14,276 (e2e_asr_attctc_th:2092) INFO: min output length: 0
2018-07-11 13:17:18,149 (e2e_asr_attctc_th:2199) INFO: end detected at 31
2018-07-11 13:17:18,149 (e2e_asr_attctc_th:2217) INFO: total log probability: -16.7734872028
2018-07-11 13:17:18,149 (e2e_asr_attctc_th:2218) INFO: normalized log probability: -0.670939488113
2018-07-11 13:17:18,150 (asr_pytorch:468) INFO: groundtruth[1505-1_spk_1505_1_052154-052558]: 手件戛鄔愈睛考冀寫尖姚佬琉晏嗄GWP夭榕由緘序錯
2018-07-11 13:17:18,150 (asr_pytorch:469) INFO: prediction [1505-1_spk_1505_1_052154-052558]: 都我都想睇翻其實煮得你現時喺燒一首大概用緊幾錢<eos>
2018-07-11 13:17:18,158 (e2e_asr_attctc_th:2977) INFO: BLSTMP input lengths: [322]
2018-07-11 13:17:18,558 (e2e_asr_attctc_th:2067) INFO: input lengths: 81
2018-07-11 13:17:18,558 (e2e_asr_attctc_th:2091) INFO: max output length: 81
2018-07-11 13:17:18,558 (e2e_asr_attctc_th:2092) INFO: min output length: 0
2018-07-11 13:17:21,008 (e2e_asr_attctc_th:2199) INFO: end detected at 24
2018-07-11 13:17:21,010 (e2e_asr_attctc_th:2217) INFO: total log probability: -7.85863529379
2018-07-11 13:17:21,010 (e2e_asr_attctc_th:2218) INFO: normalized log probability: -0.413612383883
2018-07-11 13:17:21,012 (asr_pytorch:468) INFO: groundtruth[1501-1_spk_1501_1_036654-036978]: 咋尻妍枱誅刺晏杖尖杖尖姚俏SO冏啞顔
2018-07-11 13:17:21,012 (asr_pytorch:469) INFO: prediction [1501-1_spk_1501_1_036654-036978]: 咁就如果話到時你你少少喺屋企冇問題<eos>
2018-07-11 13:17:21,033 (e2e_asr_attctc_th:2977) INFO: BLSTMP input lengths: [294]
2018-07-11 13:17:21,854 (e2e_asr_attctc_th:2067) INFO: input lengths: 74
2018-07-11 13:17:21,855 (e2e_asr_attctc_th:2091) INFO: max output length: 74
2018-07-11 13:17:21,855 (e2e_asr_attctc_th:2092) INFO: min output length: 0
2018-07-11 13:17:23,995 (e2e_asr_attctc_th:2199) INFO: end detected at 23
2018-07-11 13:17:23,995 (e2e_asr_attctc_th:2217) INFO: total log probability: -9.23199218698
2018-07-11 13:17:23,995 (e2e_asr_attctc_th:2218) INFO: normalized log probability: -0.512888454832
2018-07-11 13:17:23,996 (asr_pytorch:468) INFO: groundtruth[1505-2_spk_1505_2_042772-043068]: 戛宥<unk>淮俏戛宥<unk>戛戛宥<unk>淮俏啞佬誅
2018-07-11 13:17:23,997 (asr_pytorch:469) INFO: prediction [1505-2_spk_1505_2_042772-043068]: 我而傢誒我唔知我我而且自己諗起話<eos>
2018-07-11 13:17:24,010 (e2e_asr_attctc_th:2977) INFO: BLSTMP input lengths: [227]
2018-07-11 13:17:24,379 (e2e_asr_attctc_th:2067) INFO: input lengths: 57
2018-07-11 13:17:24,379 (e2e_asr_attctc_th:2091) INFO: max output length: 57
2018-07-11 13:17:24,379 (e2e_asr_attctc_th:2092) INFO: min output length: 0
2018-07-11 13:17:25,871 (e2e_asr_attctc_th:2206) INFO: no hypothesis. Finish decoding.
2018-07-11 13:17:25,871 (e2e_asr_attctc_th:2217) INFO: total log probability: -11.0836130481
2018-07-11 13:17:25,871 (e2e_asr_attctc_th:2218) INFO: normalized log probability: -0.692725815505
2018-07-11 13:17:25,872 (asr_pytorch:468) INFO: groundtruth[1502-1_spk_1502_1_024005-024234]: 咋戛鄔焦毯㨃啯嗷三皆蚧冏討㨃
2018-07-11 13:17:25,872 (asr_pytorch:469) INFO: prediction [1502-1_spk_1502_1_024005-024234]: 我媽都覺得嘅啦都係啱啱冇計啊<eos>
2018-07-11 13:17:25,881 (e2e_asr_attctc_th:2977) INFO: BLSTMP input lengths: [425]
2018-07-11 13:17:26,397 (e2e_asr_attctc_th:2067) INFO: input lengths: 107
2018-07-11 13:17:26,398 (e2e_asr_attctc_th:2091) INFO: max output length: 107
2018-07-11 13:17:26,398 (e2e_asr_attctc_th:2092) INFO: min output length: 0
2018-07-11 13:17:30,371 (e2e_asr_attctc_th:2199) INFO: end detected at 34
2018-07-11 13:17:30,371 (e2e_asr_attctc_th:2217) INFO: total log probability: -20.0912809316
2018-07-11 13:17:30,371 (e2e_asr_attctc_th:2218) INFO: normalized log probability: -0.692802790745
2018-07-11 13:17:30,372 (asr_pytorch:468) INFO: groundtruth[1505-1_spk_1505_1_080151-080578]: 閉通霆誅嗷倔眯俏見扚考且LSXPMRI戡耐葛閊希啞考囖呯黴尻
2018-07-11 13:17:30,372 (asr_pytorch:469) INFO: prediction [1505-1_spk_1505_1_080151-080578]: 上套電話一個個真係要打嗰陣再開拉或者落冇智文翻咗呢點就<eos>
2018-07-11 13:17:30,380 (e2e_asr_attctc_th:2977) INFO: BLSTMP input lengths: [247]
2018-07-11 13:17:30,698 (e2e_asr_attctc_th:2067) INFO: input lengths: 62
2018-07-11 13:17:30,698 (e2e_asr_attctc_th:2091) INFO: max output length: 62
2018-07-11 13:17:30,698 (e2e_asr_attctc_th:2092) INFO: min output length: 0
2018-07-11 13:17:33,107 (e2e_asr_attctc_th:2199) INFO: end detected at 27
2018-07-11 13:17:33,108 (e2e_asr_attctc_th:2217) INFO: total log probability: -16.8924336722
2018-07-11 13:17:33,108 (e2e_asr_attctc_th:2218) INFO: normalized log probability: -0.844621683611
2018-07-11 13:17:33,109 (asr_pytorch:468) INFO: groundtruth[1502-2_spk_1502_2_060851-061100]: 嗄昆觸呈戡耐嗄GSYRXIV覢刺嘍HMVIGXWEPIW啯
2018-07-11 13:17:33,109 (asr_pytorch:469) INFO: prediction [1502-2_spk_1502_2_060851-061100]: 喺旺角啊或者係睇睇見到佢帶咩SANS<eos>
2018-07-11 13:17:33,123 (e2e_asr_attctc_th:2977) INFO: BLSTMP input lengths: [255]
2018-07-11 13:17:33,490 (e2e_asr_attctc_th:2067) INFO: input lengths: 64
2018-07-11 13:17:33,490 (e2e_asr_attctc_th:2091) INFO: max output length: 64
2018-07-11 13:17:33,490 (e2e_asr_attctc_th:2092) INFO: min output length: 0
2018-07-11 13:17:35,209 (e2e_asr_attctc_th:2199) INFO: end detected at 20
2018-07-11 13:17:35,210 (e2e_asr_attctc_th:2217) INFO: total log probability: -26.726108253
2018-07-11 13:17:35,210 (e2e_asr_attctc_th:2218) INFO: normalized log probability: -1.7817405502
2018-07-11 13:17:35,210 (asr_pytorch:468) INFO: groundtruth[8_spk_8_085765-086022]: 妊唪緘見妊侶倔唪扚搭佬兒妊F~IF~I
2018-07-11 13:17:35,211 (asr_pytorch:469) INFO: prediction [8_spk_8_085765-086022]: 尋晚十五十五十八四百八八大<eos>
2018-07-11 13:17:35,220 (e2e_asr_attctc_th:2977) INFO: BLSTMP input lengths: [522]
2018-07-11 13:17:35,875 (e2e_asr_attctc_th:2067) INFO: input lengths: 131
2018-07-11 13:17:35,876 (e2e_asr_attctc_th:2091) INFO: max output length: 131
2018-07-11 13:17:35,876 (e2e_asr_attctc_th:2092) INFO: min output length: 0
2018-07-11 13:17:40,552 (e2e_asr_attctc_th:2199) INFO: end detected at 39
2018-07-11 13:17:40,552 (e2e_asr_attctc_th:2217) INFO: total log probability: -27.9331421014
2018-07-11 13:17:40,552 (e2e_asr_attctc_th:2218) INFO: normalized log probability: -0.821563002982
2018-07-11 13:17:40,553 (asr_pytorch:468) INFO: groundtruth[1503-1_spk_1503_1_017488-018012]: 姚俏揣叫誅黒謬啯YTKVEHI差乒得旨誅呯尻俏朕B繆具俏由16KF旨HEXE咋樺樺囖
2018-07-11 13:17:40,553 (asr_pytorch:469) INFO: prediction [1503-1_spk_1503_1_017488-018012]: 因為我佢話嚟講啦嗰啲坐之後嘅話嘞就係有誒仲講喺度服務嘅計低茶咁樣<eos>
2018-07-11 13:17:40,561 (e2e_asr_attctc_th:2977) INFO: BLSTMP input lengths: [278]
2018-07-11 13:17:40,905 (e2e_asr_attctc_th:2067) INFO: input lengths: 70
2018-07-11 13:17:40,905 (e2e_asr_attctc_th:2091) INFO: max output length: 70
2018-07-11 13:17:40,905 (e2e_asr_attctc_th:2092) INFO: min output length: 0
2018-07-11 13:17:42,145 (e2e_asr_attctc_th:2199) INFO: end detected at 16
2018-07-11 13:17:42,145 (e2e_asr_attctc_th:2217) INFO: total log probability: -9.44608052075
2018-07-11 13:17:42,145 (e2e_asr_attctc_th:2218) INFO: normalized log probability: -0.858734592795
2018-07-11 13:17:42,146 (asr_pytorch:468) INFO: groundtruth[1505-2_spk_1505_2_046456-046736]: 佬址妍枱俏街QF旨吔戛謬
2018-07-11 13:17:42,146 (asr_pytorch:469) INFO: prediction [1505-2_spk_1505_2_046456-046736]: 你哋要擺單啲我覺得<eos>
2018-07-11 13:17:42,154 (e2e_asr_attctc_th:2977) INFO: BLSTMP input lengths: [290]
2018-07-11 13:17:42,520 (e2e_asr_attctc_th:2067) INFO: input lengths: 73
2018-07-11 13:17:42,520 (e2e_asr_attctc_th:2091) INFO: max output length: 73
2018-07-11 13:17:42,520 (e2e_asr_attctc_th:2092) INFO: min output length: 0
2018-07-11 13:17:44,135 (e2e_asr_attctc_th:2199) INFO: end detected at 20
2018-07-11 13:17:44,135 (e2e_asr_attctc_th:2217) INFO: total log probability: -8.83614922204
2018-07-11 13:17:44,135 (e2e_asr_attctc_th:2218) INFO: normalized log probability: -0.63115351586
2018-07-11 13:17:44,136 (asr_pytorch:468) INFO: groundtruth[1501-1_spk_1501_1_073934-074226]: 囹烕B杖尖姚尻唪訢從戳斌未
2018-07-11 13:17:44,136 (asr_pytorch:469) INFO: prediction [1501-1_spk_1501_1_073934-074226]: 因為誒你師姐就記得自蘇期<eos>
2018-07-11 13:17:44,143 (e2e_asr_attctc_th:2977) INFO: BLSTMP input lengths: [162]
2018-07-11 13:17:44,343 (e2e_asr_attctc_th:2067) INFO: input lengths: 41
2018-07-11 13:17:44,343 (e2e_asr_attctc_th:2091) INFO: max output length: 41
2018-07-11 13:17:44,343 (e2e_asr_attctc_th:2092) INFO: min output length: 0
2018-07-11 13:17:45,273 (e2e_asr_attctc_th:2206) INFO: no hypothesis. Finish decoding.
2018-07-11 13:17:45,274 (e2e_asr_attctc_th:2217) INFO: total log probability: -3.14595009218
2018-07-11 13:17:45,274 (e2e_asr_attctc_th:2218) INFO: normalized log probability: -0.262162507681
2018-07-11 13:17:45,274 (asr_pytorch:468) INFO: groundtruth[1504-1_spk_1504_1_098390-098554]: 戛址侶邕鄔俏隸檀扚旨
2018-07-11 13:17:45,274 (asr_pytorch:469) INFO: prediction [1504-1_spk_1504_1_098390-098554]: 我哋呢邊都係隨機打嘅<eos>
2018-07-11 13:17:45,283 (e2e_asr_attctc_th:2977) INFO: BLSTMP input lengths: [44]
2018-07-11 13:17:45,344 (e2e_asr_attctc_th:2067) INFO: input lengths: 11
2018-07-11 13:17:45,344 (e2e_asr_attctc_th:2091) INFO: max output length: 11
2018-07-11 13:17:45,344 (e2e_asr_attctc_th:2092) INFO: min output length: 0
2018-07-11 13:17:45,656 (e2e_asr_attctc_th:2199) INFO: end detected at 8
2018-07-11 13:17:45,656 (e2e_asr_attctc_th:2217) INFO: total log probability: -1.36688514054
2018-07-11 13:17:45,657 (e2e_asr_attctc_th:2218) INFO: normalized log probability: -0.455628380179
2018-07-11 13:17:45,658 (asr_pytorch:468) INFO: groundtruth[12_spk_12_018306-018352]: 妊啖
2018-07-11 13:17:45,658 (asr_pytorch:469) INFO: prediction [12_spk_12_018306-018352]: 啊<eos>
2018-07-11 13:17:45,671 (e2e_asr_attctc_th:2977) INFO: BLSTMP input lengths: [243]
2018-07-11 13:17:46,002 (e2e_asr_attctc_th:2067) INFO: input lengths: 61
2018-07-11 13:17:46,003 (e2e_asr_attctc_th:2091) INFO: max output length: 61
2018-07-11 13:17:46,003 (e2e_asr_attctc_th:2092) INFO: min output length: 0
2018-07-11 13:17:47,852 (e2e_asr_attctc_th:2199) INFO: end detected at 24
2018-07-11 13:17:47,852 (e2e_asr_attctc_th:2217) INFO: total log probability: -9.82379529998
2018-07-11 13:17:47,852 (e2e_asr_attctc_th:2218) INFO: normalized log probability: -0.517041857894
2018-07-11 13:17:47,853 (asr_pytorch:468) INFO: groundtruth[1502-2_spk_1502_2_043006-043251]: 戛員呯邕嘍誅冀寫側迫倔SJJIV懵誆俏朋幺㨃
2018-07-11 13:17:47,853 (asr_pytorch:469) INFO: prediction [1502-2_spk_1502_2_043006-043251]: 我哋依邊個其實做翻我個飯都係最便噶<eos>
2018-07-11 13:17:47,861 (e2e_asr_attctc_th:2977) INFO: BLSTMP input lengths: [198]
2018-07-11 13:17:48,100 (e2e_asr_attctc_th:2067) INFO: input lengths: 50
2018-07-11 13:17:48,101 (e2e_asr_attctc_th:2091) INFO: max output length: 50
2018-07-11 13:17:48,101 (e2e_asr_attctc_th:2092) INFO: min output length: 0
2018-07-11 13:17:49,560 (e2e_asr_attctc_th:2199) INFO: end detected at 21
2018-07-11 13:17:49,560 (e2e_asr_attctc_th:2217) INFO: total log probability: -16.7102121916
2018-07-11 13:17:49,560 (e2e_asr_attctc_th:2218) INFO: normalized log probability: -1.04438826197
2018-07-11 13:17:49,561 (asr_pytorch:468) INFO: groundtruth[1505-2_spk_1505_2_007286-007486]: 咋卿俏384鄔妊慪柎喋喔
2018-07-11 13:17:49,561 (asr_pytorch:469) INFO: prediction [1505-2_spk_1505_2_007286-007486]: 嗰幾日差難我食水都好慢嘅咯喎<eos>
2018-07-11 13:17:49,569 (e2e_asr_attctc_th:2977) INFO: BLSTMP input lengths: [212]
2018-07-11 13:17:49,823 (e2e_asr_attctc_th:2067) INFO: input lengths: 53
2018-07-11 13:17:49,824 (e2e_asr_attctc_th:2091) INFO: max output length: 53
2018-07-11 13:17:49,824 (e2e_asr_attctc_th:2092) INFO: min output length: 0
2018-07-11 13:17:51,055 (e2e_asr_attctc_th:2206) INFO: no hypothesis. Finish decoding.
2018-07-11 13:17:51,056 (e2e_asr_attctc_th:2217) INFO: total log probability: -4.25533457109
2018-07-11 13:17:51,056 (e2e_asr_attctc_th:2218) INFO: normalized log probability: -0.265958410693
2018-07-11 13:17:51,056 (asr_pytorch:468) INFO: groundtruth[1502-2_spk_1502_2_008620-008834]: 咋戛員尻服宗掙迫戛員嘍吔井啯
2018-07-11 13:17:51,056 (asr_pytorch:469) INFO: prediction [1502-2_spk_1502_2_008620-008834]: 咁我哋就會幫埋翻我哋嘅同事啦<eos>
2018-07-11 13:17:51,064 (e2e_asr_attctc_th:2977) INFO: BLSTMP input lengths: [226]
2018-07-11 13:17:51,348 (e2e_asr_attctc_th:2067) INFO: input lengths: 57
2018-07-11 13:17:51,349 (e2e_asr_attctc_th:2091) INFO: max output length: 57
2018-07-11 13:17:51,349 (e2e_asr_attctc_th:2092) INFO: min output length: 0
2018-07-11 13:17:52,779 (e2e_asr_attctc_th:2206) INFO: no hypothesis. Finish decoding.
2018-07-11 13:17:52,780 (e2e_asr_attctc_th:2217) INFO: total log probability: -16.4620241746
2018-07-11 13:17:52,780 (e2e_asr_attctc_th:2218) INFO: normalized log probability: -0.914556898591
2018-07-11 13:17:52,780 (asr_pytorch:468) INFO: groundtruth[1502-2_spk_1502_2_048514-048742]: 唪服誅召夢<unk>嚦緘佬4K佬YTKVEHI且5K
2018-07-11 13:17:52,780 (asr_pytorch:469) INFO: prediction [1502-2_spk_1502_2_048514-048742]: 五啊另外氣嚟緊你方知你黑居上唔著<eos>
2018-07-11 13:17:52,787 (e2e_asr_attctc_th:2977) INFO: BLSTMP input lengths: [47]
2018-07-11 13:17:52,852 (e2e_asr_attctc_th:2067) INFO: input lengths: 12
2018-07-11 13:17:52,852 (e2e_asr_attctc_th:2091) INFO: max output length: 12
2018-07-11 13:17:52,852 (e2e_asr_attctc_th:2092) INFO: min output length: 0
2018-07-11 13:17:53,172 (e2e_asr_attctc_th:2199) INFO: end detected at 8
2018-07-11 13:17:53,173 (e2e_asr_attctc_th:2217) INFO: total log probability: -0.0729118944146
2018-07-11 13:17:53,173 (e2e_asr_attctc_th:2218) INFO: normalized log probability: -0.0182279736036
2018-07-11 13:17:53,173 (asr_pytorch:468) INFO: groundtruth[1504-2_spk_1504_2_064134-064183]: 俏啖
2018-07-11 13:17:53,173 (asr_pytorch:469) INFO: prediction [1504-2_spk_1504_2_064134-064183]: 係啊<eos>
2018-07-11 13:17:53,182 (e2e_asr_attctc_th:2977) INFO: BLSTMP input lengths: [389]
2018-07-11 13:17:53,672 (e2e_asr_attctc_th:2067) INFO: input lengths: 98
2018-07-11 13:17:53,672 (e2e_asr_attctc_th:2091) INFO: max output length: 98
2018-07-11 13:17:53,672 (e2e_asr_attctc_th:2092) INFO: min output length: 0
2018-07-11 13:17:56,298 (e2e_asr_attctc_th:2199) INFO: end detected at 27
2018-07-11 13:17:56,298 (e2e_asr_attctc_th:2217) INFO: total log probability: -24.2661331631
2018-07-11 13:17:56,298 (e2e_asr_attctc_th:2218) INFO: normalized log probability: -1.10300605287
2018-07-11 13:17:56,299 (asr_pytorch:468) INFO: groundtruth[1503-1_spk_1503_1_099755-100146]: 夥謳迫佬兒妊唪誆曳夥謳曳改挑旨唪誆曳妊拯拯
2018-07-11 13:17:56,299 (asr_pytorch:469) INFO: prediction [1503-1_spk_1503_1_099755-100146]: 翻嚟翻嚟先至一大傢嘅大啲自己唔帶曬球拜拜<eos>
2018-07-11 13:17:56,308 (e2e_asr_attctc_th:2977) INFO: BLSTMP input lengths: [285]
2018-07-11 13:17:56,673 (e2e_asr_attctc_th:2067) INFO: input lengths: 72
2018-07-11 13:17:56,673 (e2e_asr_attctc_th:2091) INFO: max output length: 72
2018-07-11 13:17:56,673 (e2e_asr_attctc_th:2092) INFO: min output length: 0
2018-07-11 13:17:58,163 (e2e_asr_attctc_th:2206) INFO: no hypothesis. Finish decoding.
2018-07-11 13:17:58,164 (e2e_asr_attctc_th:2217) INFO: total log probability: -9.94419989269
2018-07-11 13:17:58,164 (e2e_asr_attctc_th:2218) INFO: normalized log probability: -0.552455549594
2018-07-11 13:17:58,164 (asr_pytorch:468) INFO: groundtruth[12_spk_12_009209-009496]: 6濛斌擢旅<unk>由宙嘍惕泌黒謬嘍誅呯
2018-07-11 13:17:58,164 (asr_pytorch:469) INFO: prediction [12_spk_12_009209-009496]: 六擊數嘅方麵用樣嘅情況嚟講噶話嘞<eos>
2018-07-11 13:17:58,172 (e2e_asr_attctc_th:2977) INFO: BLSTMP input lengths: [88]
2018-07-11 13:17:58,289 (e2e_asr_attctc_th:2067) INFO: input lengths: 22
2018-07-11 13:17:58,289 (e2e_asr_attctc_th:2091) INFO: max output length: 22
2018-07-11 13:17:58,289 (e2e_asr_attctc_th:2092) INFO: min output length: 0
2018-07-11 13:17:58,793 (e2e_asr_attctc_th:2199) INFO: end detected at 11
2018-07-11 13:17:58,793 (e2e_asr_attctc_th:2217) INFO: total log probability: -6.59244060516
2018-07-11 13:17:58,793 (e2e_asr_attctc_th:2218) INFO: normalized log probability: -1.09874010086
2018-07-11 13:17:58,793 (asr_pytorch:468) INFO: groundtruth[1501-1_spk_1501_1_050276-050366]: 佰倔儼想尻
2018-07-11 13:17:58,794 (asr_pytorch:469) INFO: prediction [1501-1_spk_1501_1_050276-050366]: 佢個周圍<eos>
2018-07-11 13:17:58,801 (e2e_asr_attctc_th:2977) INFO: BLSTMP input lengths: [79]
2018-07-11 13:17:58,898 (e2e_asr_attctc_th:2067) INFO: input lengths: 20
2018-07-11 13:17:58,899 (e2e_asr_attctc_th:2091) INFO: max output length: 20
2018-07-11 13:17:58,899 (e2e_asr_attctc_th:2092) INFO: min output length: 0
2018-07-11 13:17:59,294 (e2e_asr_attctc_th:2199) INFO: end detected at 10
2018-07-11 13:17:59,294 (e2e_asr_attctc_th:2217) INFO: total log probability: -1.1416978566
2018-07-11 13:17:59,294 (e2e_asr_attctc_th:2218) INFO: normalized log probability: -0.22833957132
2018-07-11 13:17:59,295 (asr_pytorch:468) INFO: groundtruth[1501-1_spk_1501_1_000036-000117]: 俏佬妊
2018-07-11 13:17:59,295 (asr_pytorch:469) INFO: prediction [1501-1_spk_1501_1_000036-000117]: 係嘅好<eos>
2018-07-11 13:17:59,302 (e2e_asr_attctc_th:2977) INFO: BLSTMP input lengths: [42]
2018-07-11 13:17:59,373 (e2e_asr_attctc_th:2067) INFO: input lengths: 11
2018-07-11 13:17:59,374 (e2e_asr_attctc_th:2091) INFO: max output length: 11
2018-07-11 13:17:59,374 (e2e_asr_attctc_th:2092) INFO: min output length: 0
2018-07-11 13:17:59,588 (e2e_asr_attctc_th:2199) INFO: end detected at 7
2018-07-11 13:17:59,589 (e2e_asr_attctc_th:2217) INFO: total log probability: -0.174126558006
2018-07-11 13:17:59,589 (e2e_asr_attctc_th:2218) INFO: normalized log probability: -0.0580421860019
2018-07-11 13:17:59,589 (asr_pytorch:468) INFO: groundtruth[1505-1_spk_1505_1_017370-017414]: B
2018-07-11 13:17:59,589 (asr_pytorch:469) INFO: prediction [1505-1_spk_1505_1_017370-017414]: 誒<eos>
2018-07-11 13:17:59,597 (e2e_asr_attctc_th:2977) INFO: BLSTMP input lengths: [266]
2018-07-11 13:17:59,927 (e2e_asr_attctc_th:2067) INFO: input lengths: 67
2018-07-11 13:17:59,927 (e2e_asr_attctc_th:2091) INFO: max output length: 67
2018-07-11 13:17:59,927 (e2e_asr_attctc_th:2092) INFO: min output length: 0
2018-07-11 13:18:01,103 (e2e_asr_attctc_th:2199) INFO: end detected at 16
2018-07-11 13:18:01,104 (e2e_asr_attctc_th:2217) INFO: total log probability: -3.11914797057
2018-07-11 13:18:01,104 (e2e_asr_attctc_th:2218) INFO: normalized log probability: -0.259928997548
2018-07-11 13:18:01,104 (asr_pytorch:468) INFO: groundtruth[1501-1_spk_1501_1_007511-007779]: 吔埗俏B兮幻<unk>紋嘍
2018-07-11 13:18:01,104 (asr_pytorch:469) INFO: prediction [1501-1_spk_1501_1_007511-007779]: 同埋係誒兩一年閤約嘅<eos>
2018-07-11 13:18:01,112 (e2e_asr_attctc_th:2977) INFO: BLSTMP input lengths: [233]
2018-07-11 13:18:01,389 (e2e_asr_attctc_th:2067) INFO: input lengths: 59
2018-07-11 13:18:01,389 (e2e_asr_attctc_th:2091) INFO: max output length: 59
2018-07-11 13:18:01,390 (e2e_asr_attctc_th:2092) INFO: min output length: 0
2018-07-11 13:18:02,897 (e2e_asr_attctc_th:2199) INFO: end detected at 21
2018-07-11 13:18:02,897 (e2e_asr_attctc_th:2217) INFO: total log probability: -6.63999274466
2018-07-11 13:18:02,897 (e2e_asr_attctc_th:2218) INFO: normalized log probability: -0.414999546541
2018-07-11 13:18:02,897 (asr_pytorch:468) INFO: groundtruth[3_spk_3_004320-004555]: 咋住俏冀寫嚦緘啯戛員毛倔朔呈
2018-07-11 13:18:02,898 (asr_pytorch:469) INFO: prediction [3_spk_3_004320-004555]: 哦咁但係其實嚟噶嘛我哋每個月<eos>
# Accounting: time=291 threads=1
# Ended (code 0) at Wed Jul 11 13:18:03 HKT 2018, elapsed time 291 seconds
