# asr_recog.py --ngpu 0 --backend pytorch --recog-json smartone_data/smartone_kaldi/split32utt/data.16.json --result-label smartone_data/baseline/decode/data.16.json --model smartone_data/baseline/model.acc.best --model-conf smartone_data/baseline/model.conf --beam-size 20 --penalty 0.0 --maxlenratio 0.0 --minlenratio 0.0 --ctc-weight 0.3 
# Started at Wed Jul 11 13:13:12 HKT 2018
#
2018-07-11 13:13:12,977 (asr_recog:110) INFO: python path = /home/lahiru/Devinstalls/espnet_new/espnet/egs/domain_adaptation_cantonese/asr5/../../../src/lm/:/home/lahiru/Devinstalls/espnet_new/espnet/egs/domain_adaptation_cantonese/asr5/../../../src/asr/:/home/lahiru/Devinstalls/espnet_new/espnet/egs/domain_adaptation_cantonese/asr5/../../../src/nets/:/home/lahiru/Devinstalls/espnet_new/espnet/egs/domain_adaptation_cantonese/asr5/../../../src/utils/:/home/lahiru/Devinstalls/espnet_new/espnet/egs/domain_adaptation_cantonese/asr5/../../../src/bin/:/home/lahiru/Devinstalls/espnet_new/espnet/egs/domain_adaptation_cantonese/asr5/../../../src/lm/:/home/lahiru/Devinstalls/espnet_new/espnet/egs/domain_adaptation_cantonese/asr5/../../../src/asr/:/home/lahiru/Devinstalls/espnet_new/espnet/egs/domain_adaptation_cantonese/asr5/../../../src/nets/:/home/lahiru/Devinstalls/espnet_new/espnet/egs/domain_adaptation_cantonese/asr5/../../../src/utils/:/home/lahiru/Devinstalls/espnet_new/espnet/egs/domain_adaptation_cantonese/asr5/../../../src/bin/:
2018-07-11 13:13:12,978 (asr_recog:115) INFO: set random seed = 1
2018-07-11 13:13:12,978 (asr_recog:118) INFO: backend = pytorch
2018-07-11 13:13:13,672 (asr_pytorch:393) INFO: reading a model config file fromsmartone_data/baseline/model.conf
2018-07-11 13:13:13,687 (asr_pytorch:397) INFO: ARGS: backend: pytorch
2018-07-11 13:13:13,688 (asr_pytorch:397) INFO: ARGS: beam_size: 20
2018-07-11 13:13:13,688 (asr_pytorch:397) INFO: ARGS: ctc_weight: 0.3
2018-07-11 13:13:13,688 (asr_pytorch:397) INFO: ARGS: da: 0
2018-07-11 13:13:13,688 (asr_pytorch:397) INFO: ARGS: daconfig: 3
2018-07-11 13:13:13,688 (asr_pytorch:397) INFO: ARGS: datype: bias
2018-07-11 13:13:13,688 (asr_pytorch:397) INFO: ARGS: debugmode: 1
2018-07-11 13:13:13,688 (asr_pytorch:397) INFO: ARGS: gpu: None
2018-07-11 13:13:13,688 (asr_pytorch:397) INFO: ARGS: lm_weight: 0.1
2018-07-11 13:13:13,688 (asr_pytorch:397) INFO: ARGS: maxlenratio: 0.0
2018-07-11 13:13:13,688 (asr_pytorch:397) INFO: ARGS: minlenratio: 0.0
2018-07-11 13:13:13,688 (asr_pytorch:397) INFO: ARGS: model: smartone_data/baseline/model.acc.best
2018-07-11 13:13:13,688 (asr_pytorch:397) INFO: ARGS: model_conf: smartone_data/baseline/model.conf
2018-07-11 13:13:13,688 (asr_pytorch:397) INFO: ARGS: nbest: 1
2018-07-11 13:13:13,688 (asr_pytorch:397) INFO: ARGS: ngpu: 0
2018-07-11 13:13:13,688 (asr_pytorch:397) INFO: ARGS: penalty: 0.0
2018-07-11 13:13:13,688 (asr_pytorch:397) INFO: ARGS: recog_feat: None
2018-07-11 13:13:13,688 (asr_pytorch:397) INFO: ARGS: recog_json: smartone_data/smartone_kaldi/split32utt/data.16.json
2018-07-11 13:13:13,688 (asr_pytorch:397) INFO: ARGS: recog_label: None
2018-07-11 13:13:13,688 (asr_pytorch:397) INFO: ARGS: result_label: smartone_data/baseline/decode/data.16.json
2018-07-11 13:13:13,688 (asr_pytorch:397) INFO: ARGS: rnnlm: None
2018-07-11 13:13:13,688 (asr_pytorch:397) INFO: ARGS: seed: 1
2018-07-11 13:13:13,688 (asr_pytorch:397) INFO: ARGS: verbose: 1
2018-07-11 13:13:13,688 (asr_pytorch:397) INFO: ARGS: word_dict: None
2018-07-11 13:13:13,688 (asr_pytorch:397) INFO: ARGS: word_rnnlm: None
2018-07-11 13:13:13,688 (asr_pytorch:400) INFO: reading model parameters fromsmartone_data/baseline/model.acc.best
2018-07-11 13:13:13,689 (e2e_asr_attctc_th:184) INFO: subsample: 1 2 2 1 1
2018-07-11 13:13:13,761 (e2e_asr_attctc_th:2317) INFO: BLSTM with every-layer projection for encoder
2018-07-11 13:13:15,726 (e2e_asr_attctc_th:2977) INFO: BLSTMP input lengths: [144]
2018-07-11 13:13:15,918 (e2e_asr_attctc_th:2067) INFO: input lengths: 36
2018-07-11 13:13:15,918 (e2e_asr_attctc_th:2091) INFO: max output length: 36
2018-07-11 13:13:15,918 (e2e_asr_attctc_th:2092) INFO: min output length: 0
2018-07-11 13:13:16,908 (e2e_asr_attctc_th:2199) INFO: end detected at 14
2018-07-11 13:13:16,909 (e2e_asr_attctc_th:2217) INFO: total log probability: -9.2282333374
2018-07-11 13:13:16,909 (e2e_asr_attctc_th:2218) INFO: normalized log probability: -1.02535925971
2018-07-11 13:13:16,910 (asr_pytorch:468) INFO: groundtruth[1503-2_spk_1503_2_049254-049400]: 哭妊吟妊啖妊啖
2018-07-11 13:13:16,910 (asr_pytorch:469) INFO: prediction [1503-2_spk_1503_2_049254-049400]: <SPK/>我啊好啊我話<eos>
2018-07-11 13:13:16,922 (e2e_asr_attctc_th:2977) INFO: BLSTMP input lengths: [38]
2018-07-11 13:13:17,005 (e2e_asr_attctc_th:2067) INFO: input lengths: 10
2018-07-11 13:13:17,006 (e2e_asr_attctc_th:2091) INFO: max output length: 10
2018-07-11 13:13:17,006 (e2e_asr_attctc_th:2092) INFO: min output length: 0
2018-07-11 13:13:17,445 (e2e_asr_attctc_th:2199) INFO: end detected at 8
2018-07-11 13:13:17,445 (e2e_asr_attctc_th:2217) INFO: total log probability: -1.37190082669
2018-07-11 13:13:17,445 (e2e_asr_attctc_th:2218) INFO: normalized log probability: -0.457300275564
2018-07-11 13:13:17,446 (asr_pytorch:468) INFO: groundtruth[1501-2_spk_1501_2_025495-025535]: 俏
2018-07-11 13:13:17,446 (asr_pytorch:469) INFO: prediction [1501-2_spk_1501_2_025495-025535]: 係<eos>
2018-07-11 13:13:17,460 (e2e_asr_attctc_th:2977) INFO: BLSTMP input lengths: [85]
2018-07-11 13:13:17,626 (e2e_asr_attctc_th:2067) INFO: input lengths: 22
2018-07-11 13:13:17,627 (e2e_asr_attctc_th:2091) INFO: max output length: 22
2018-07-11 13:13:17,627 (e2e_asr_attctc_th:2092) INFO: min output length: 0
2018-07-11 13:13:18,762 (e2e_asr_attctc_th:2199) INFO: end detected at 14
2018-07-11 13:13:18,762 (e2e_asr_attctc_th:2217) INFO: total log probability: -9.251627177
2018-07-11 13:13:18,762 (e2e_asr_attctc_th:2218) INFO: normalized log probability: -1.02795857522
2018-07-11 13:13:18,763 (asr_pytorch:468) INFO: groundtruth[9_spk_9_016110-016197]: 稜筐三陳兒
2018-07-11 13:13:18,764 (asr_pytorch:469) INFO: prediction [9_spk_9_016110-016197]: 啱啱想齣去睇下<eos>
2018-07-11 13:13:18,777 (e2e_asr_attctc_th:2977) INFO: BLSTMP input lengths: [252]
2018-07-11 13:13:19,211 (e2e_asr_attctc_th:2067) INFO: input lengths: 63
2018-07-11 13:13:19,211 (e2e_asr_attctc_th:2091) INFO: max output length: 63
2018-07-11 13:13:19,211 (e2e_asr_attctc_th:2092) INFO: min output length: 0
2018-07-11 13:13:21,004 (e2e_asr_attctc_th:2199) INFO: end detected at 21
2018-07-11 13:13:21,004 (e2e_asr_attctc_th:2217) INFO: total log probability: -11.5163620668
2018-07-11 13:13:21,004 (e2e_asr_attctc_th:2218) INFO: normalized log probability: -0.677433062756
2018-07-11 13:13:21,005 (asr_pytorch:468) INFO: groundtruth[1504-1_spk_1504_1_074624-074878]: 囹烕妍枱<unk>檀TPER旨億錯戛址尻<unk>差
2018-07-11 13:13:21,006 (asr_pytorch:469) INFO: prediction [1504-1_spk_1504_1_074624-074878]: 即係如果齣飛聲嘅價錢我哋就齣咗<eos>
2018-07-11 13:13:21,014 (e2e_asr_attctc_th:2977) INFO: BLSTMP input lengths: [279]
2018-07-11 13:13:21,495 (e2e_asr_attctc_th:2067) INFO: input lengths: 70
2018-07-11 13:13:21,497 (e2e_asr_attctc_th:2091) INFO: max output length: 70
2018-07-11 13:13:21,497 (e2e_asr_attctc_th:2092) INFO: min output length: 0
2018-07-11 13:13:23,247 (e2e_asr_attctc_th:2199) INFO: end detected at 19
2018-07-11 13:13:23,247 (e2e_asr_attctc_th:2217) INFO: total log probability: -7.8480746788
2018-07-11 13:13:23,247 (e2e_asr_attctc_th:2218) INFO: normalized log probability: -0.560576762771
2018-07-11 13:13:23,248 (asr_pytorch:468) INFO: groundtruth[1505-1_spk_1505_1_024882-025163]: 俏咋妍枱佬誅GWP嗷邕佬
2018-07-11 13:13:23,248 (asr_pytorch:469) INFO: prediction [1505-1_spk_1505_1_024882-025163]: 係咁如果你話寫真係嗰時你<eos>
2018-07-11 13:13:23,256 (e2e_asr_attctc_th:2977) INFO: BLSTMP input lengths: [198]
2018-07-11 13:13:23,504 (e2e_asr_attctc_th:2067) INFO: input lengths: 50
2018-07-11 13:13:23,504 (e2e_asr_attctc_th:2091) INFO: max output length: 50
2018-07-11 13:13:23,504 (e2e_asr_attctc_th:2092) INFO: min output length: 0
2018-07-11 13:13:24,773 (e2e_asr_attctc_th:2206) INFO: no hypothesis. Finish decoding.
2018-07-11 13:13:24,773 (e2e_asr_attctc_th:2217) INFO: total log probability: -5.98783029243
2018-07-11 13:13:24,773 (e2e_asr_attctc_th:2218) INFO: normalized log probability: -0.399188686162
2018-07-11 13:13:24,774 (asr_pytorch:468) INFO: groundtruth[12_spk_12_022767-022967]: 睛考屁且綺由釘尻懵誆唪俏妊
2018-07-11 13:13:24,774 (asr_pytorch:469) INFO: prediction [12_spk_12_022767-022967]: 我翻去上網用靚女應該唔係好<eos>
2018-07-11 13:13:24,782 (e2e_asr_attctc_th:2977) INFO: BLSTMP input lengths: [61]
2018-07-11 13:13:24,866 (e2e_asr_attctc_th:2067) INFO: input lengths: 16
2018-07-11 13:13:24,867 (e2e_asr_attctc_th:2091) INFO: max output length: 16
2018-07-11 13:13:24,867 (e2e_asr_attctc_th:2092) INFO: min output length: 0
2018-07-11 13:13:25,387 (e2e_asr_attctc_th:2199) INFO: end detected at 11
2018-07-11 13:13:25,387 (e2e_asr_attctc_th:2217) INFO: total log probability: -3.65748120844
2018-07-11 13:13:25,387 (e2e_asr_attctc_th:2218) INFO: normalized log probability: -0.731496241689
2018-07-11 13:13:25,388 (asr_pytorch:468) INFO: groundtruth[9_spk_9_024232-024295]: 俏
2018-07-11 13:13:25,388 (asr_pytorch:469) INFO: prediction [9_spk_9_024232-024295]: 其實咁<eos>
2018-07-11 13:13:25,397 (e2e_asr_attctc_th:2977) INFO: BLSTMP input lengths: [435]
2018-07-11 13:13:25,944 (e2e_asr_attctc_th:2067) INFO: input lengths: 109
2018-07-11 13:13:25,944 (e2e_asr_attctc_th:2091) INFO: max output length: 109
2018-07-11 13:13:25,944 (e2e_asr_attctc_th:2092) INFO: min output length: 0
2018-07-11 13:13:29,473 (e2e_asr_attctc_th:2199) INFO: end detected at 32
2018-07-11 13:13:29,473 (e2e_asr_attctc_th:2217) INFO: total log probability: -16.7128318707
2018-07-11 13:13:29,473 (e2e_asr_attctc_th:2218) INFO: normalized log probability: -0.668513274826
2018-07-11 13:13:29,474 (asr_pytorch:468) INFO: groundtruth[1504-2_spk_1504_2_081150-081587]: 宥宥<unk>然院扚然院且綺呯兮郷兮倔RYQFIV刺咱從囖
2018-07-11 13:13:29,474 (asr_pytorch:469) INFO: prediction [1504-2_spk_1504_2_081150-081587]: 而傢冇限打冇玩上講呢兩部兩個NUM把一度唔得咯<eos>
2018-07-11 13:13:29,482 (e2e_asr_attctc_th:2977) INFO: BLSTMP input lengths: [123]
2018-07-11 13:13:29,648 (e2e_asr_attctc_th:2067) INFO: input lengths: 31
2018-07-11 13:13:29,649 (e2e_asr_attctc_th:2091) INFO: max output length: 31
2018-07-11 13:13:29,649 (e2e_asr_attctc_th:2092) INFO: min output length: 0
2018-07-11 13:13:30,592 (e2e_asr_attctc_th:2199) INFO: end detected at 15
2018-07-11 13:13:30,592 (e2e_asr_attctc_th:2217) INFO: total log probability: -4.63656858727
2018-07-11 13:13:30,592 (e2e_asr_attctc_th:2218) INFO: normalized log probability: -0.463656858727
2018-07-11 13:13:30,593 (asr_pytorch:468) INFO: groundtruth[4_spk_4_010631-010756]: 嗶SO戛WIRH畸哲倔霆B
2018-07-11 13:13:30,593 (asr_pytorch:469) INFO: prediction [4_spk_4_010631-010756]: 唔我嘅學生翻呢個<eos>
2018-07-11 13:13:30,601 (e2e_asr_attctc_th:2977) INFO: BLSTMP input lengths: [141]
2018-07-11 13:13:30,792 (e2e_asr_attctc_th:2067) INFO: input lengths: 36
2018-07-11 13:13:30,792 (e2e_asr_attctc_th:2091) INFO: max output length: 36
2018-07-11 13:13:30,792 (e2e_asr_attctc_th:2092) INFO: min output length: 0
2018-07-11 13:13:31,864 (e2e_asr_attctc_th:2199) INFO: end detected at 13
2018-07-11 13:13:31,864 (e2e_asr_attctc_th:2217) INFO: total log probability: -7.35809210688
2018-07-11 13:13:31,864 (e2e_asr_attctc_th:2218) INFO: normalized log probability: -0.817565789653
2018-07-11 13:13:31,865 (asr_pytorch:468) INFO: groundtruth[8_spk_8_023982-024125]: 戛俏放唪刺4K嘍
2018-07-11 13:13:31,865 (asr_pytorch:469) INFO: prediction [8_spk_8_023982-024125]: 食成個針至邊食<eos>
2018-07-11 13:13:31,882 (e2e_asr_attctc_th:2977) INFO: BLSTMP input lengths: [564]
2018-07-11 13:13:32,679 (e2e_asr_attctc_th:2067) INFO: input lengths: 141
2018-07-11 13:13:32,679 (e2e_asr_attctc_th:2091) INFO: max output length: 141
2018-07-11 13:13:32,679 (e2e_asr_attctc_th:2092) INFO: min output length: 0
2018-07-11 13:13:40,910 (e2e_asr_attctc_th:2199) INFO: end detected at 49
2018-07-11 13:13:40,910 (e2e_asr_attctc_th:2217) INFO: total log probability: -46.2376180291
2018-07-11 13:13:40,910 (e2e_asr_attctc_th:2218) INFO: normalized log probability: -1.1277467812
2018-07-11 13:13:40,911 (asr_pytorch:468) INFO: groundtruth[9_spk_9_066620-067186]: 俏啯佬兒詭三詭兒喔咋戛鄔弊譽畸佬兒詭三詭抑三抑彈WMQGEVH<unk>嚦兒冗唪從尻葛畸閊希咋樺
2018-07-11 13:13:40,911 (asr_pytorch:469) INFO: prediction [9_spk_9_066620-067186]: 係啦要先試一次先話咁耐都變俾翻嚟先至一下慢慢慢先得成日先識得唔得就落班文佢問下<eos>
2018-07-11 13:13:40,919 (e2e_asr_attctc_th:2977) INFO: BLSTMP input lengths: [19]
2018-07-11 13:13:40,954 (e2e_asr_attctc_th:2067) INFO: input lengths: 5
2018-07-11 13:13:40,954 (e2e_asr_attctc_th:2091) INFO: max output length: 5
2018-07-11 13:13:40,954 (e2e_asr_attctc_th:2092) INFO: min output length: 0
2018-07-11 13:13:41,130 (e2e_asr_attctc_th:2180) INFO: adding <eos> in the last postion in the loop
2018-07-11 13:13:41,130 (e2e_asr_attctc_th:2206) INFO: no hypothesis. Finish decoding.
2018-07-11 13:13:41,131 (e2e_asr_attctc_th:2217) INFO: total log probability: -0.156200304627
2018-07-11 13:13:41,131 (e2e_asr_attctc_th:2218) INFO: normalized log probability: -0.0520667682091
2018-07-11 13:13:41,131 (asr_pytorch:468) INFO: groundtruth[1501-1_spk_1501_1_029051-029072]: 俏
2018-07-11 13:13:41,131 (asr_pytorch:469) INFO: prediction [1501-1_spk_1501_1_029051-029072]: 係<eos>
2018-07-11 13:13:41,139 (e2e_asr_attctc_th:2977) INFO: BLSTMP input lengths: [158]
2018-07-11 13:13:41,370 (e2e_asr_attctc_th:2067) INFO: input lengths: 40
2018-07-11 13:13:41,370 (e2e_asr_attctc_th:2091) INFO: max output length: 40
2018-07-11 13:13:41,370 (e2e_asr_attctc_th:2092) INFO: min output length: 0
2018-07-11 13:13:42,537 (e2e_asr_attctc_th:2199) INFO: end detected at 17
2018-07-11 13:13:42,537 (e2e_asr_attctc_th:2217) INFO: total log probability: -2.00244886102
2018-07-11 13:13:42,537 (e2e_asr_attctc_th:2218) INFO: normalized log probability: -0.182040805547
2018-07-11 13:13:42,538 (asr_pytorch:468) INFO: groundtruth[1504-1_spk_1504_1_076648-076808]: 咋冀寫咱朕啼嘯囖
2018-07-11 13:13:42,538 (asr_pytorch:469) INFO: prediction [1504-1_spk_1504_1_076648-076808]: 咁其實唔係有啲曬咯<eos>
2018-07-11 13:13:42,545 (e2e_asr_attctc_th:2977) INFO: BLSTMP input lengths: [57]
2018-07-11 13:13:42,633 (e2e_asr_attctc_th:2067) INFO: input lengths: 15
2018-07-11 13:13:42,633 (e2e_asr_attctc_th:2091) INFO: max output length: 15
2018-07-11 13:13:42,633 (e2e_asr_attctc_th:2092) INFO: min output length: 0
2018-07-11 13:13:43,087 (e2e_asr_attctc_th:2199) INFO: end detected at 9
2018-07-11 13:13:43,088 (e2e_asr_attctc_th:2217) INFO: total log probability: -1.56094109826
2018-07-11 13:13:43,088 (e2e_asr_attctc_th:2218) INFO: normalized log probability: -0.312188219652
2018-07-11 13:13:43,089 (asr_pytorch:468) INFO: groundtruth[1502-2_spk_1502_2_089635-089694]: 戡耐啯
2018-07-11 13:13:43,089 (asr_pytorch:469) INFO: prediction [1502-2_spk_1502_2_089635-089694]: 或者係<eos>
2018-07-11 13:13:43,099 (e2e_asr_attctc_th:2977) INFO: BLSTMP input lengths: [188]
2018-07-11 13:13:43,448 (e2e_asr_attctc_th:2067) INFO: input lengths: 47
2018-07-11 13:13:43,448 (e2e_asr_attctc_th:2091) INFO: max output length: 47
2018-07-11 13:13:43,448 (e2e_asr_attctc_th:2092) INFO: min output length: 0
2018-07-11 13:13:45,239 (e2e_asr_attctc_th:2199) INFO: end detected at 16
2018-07-11 13:13:45,239 (e2e_asr_attctc_th:2217) INFO: total log probability: -4.27602403704
2018-07-11 13:13:45,239 (e2e_asr_attctc_th:2218) INFO: normalized log probability: -0.35633533642
2018-07-11 13:13:45,240 (asr_pytorch:468) INFO: groundtruth[1505-1_spk_1505_1_037276-037466]: 囹烕戛三踎鄔朕彋諒刺姚俏戛址倔TPER旅<unk>冀寫
2018-07-11 13:13:45,240 (asr_pytorch:469) INFO: prediction [1505-1_spk_1505_1_037276-037466]: 因為我一部都有強調都<eos>
2018-07-11 13:13:45,248 (e2e_asr_attctc_th:2977) INFO: BLSTMP input lengths: [379]
2018-07-11 13:13:45,746 (e2e_asr_attctc_th:2067) INFO: input lengths: 95
2018-07-11 13:13:45,747 (e2e_asr_attctc_th:2091) INFO: max output length: 95
2018-07-11 13:13:45,747 (e2e_asr_attctc_th:2092) INFO: min output length: 0
2018-07-11 13:13:48,757 (e2e_asr_attctc_th:2199) INFO: end detected at 29
2018-07-11 13:13:48,758 (e2e_asr_attctc_th:2217) INFO: total log probability: -21.6318740016
2018-07-11 13:13:48,758 (e2e_asr_attctc_th:2218) INFO: normalized log probability: -0.901328083399
2018-07-11 13:13:48,759 (asr_pytorch:468) INFO: groundtruth[1503-1_spk_1503_1_081107-081488]: 訢從換戛址吔井嗓佰幹佬TVMRX迫倔舔<unk>霆字帽喵<unk>黒
2018-07-11 13:13:48,759 (asr_pytorch:469) INFO: prediction [1503-1_spk_1503_1_081107-081488]: 記得同國麵同事係佢幫你專餐國教颱電視大傢齣嚟<eos>
2018-07-11 13:13:48,766 (e2e_asr_attctc_th:2977) INFO: BLSTMP input lengths: [124]
2018-07-11 13:13:48,943 (e2e_asr_attctc_th:2067) INFO: input lengths: 31
2018-07-11 13:13:48,943 (e2e_asr_attctc_th:2091) INFO: max output length: 31
2018-07-11 13:13:48,943 (e2e_asr_attctc_th:2092) INFO: min output length: 0
2018-07-11 13:13:49,393 (e2e_asr_attctc_th:2199) INFO: end detected at 9
2018-07-11 13:13:49,393 (e2e_asr_attctc_th:2217) INFO: total log probability: -3.19924014807
2018-07-11 13:13:49,393 (e2e_asr_attctc_th:2218) INFO: normalized log probability: -0.799810037017
2018-07-11 13:13:49,394 (asr_pytorch:468) INFO: groundtruth[1505-2_spk_1505_2_103852-103978]: SO妊
2018-07-11 13:13:49,394 (asr_pytorch:469) INFO: prediction [1505-2_spk_1505_2_103852-103978]: 嗯哼<eos>
2018-07-11 13:13:49,402 (e2e_asr_attctc_th:2977) INFO: BLSTMP input lengths: [141]
2018-07-11 13:13:49,621 (e2e_asr_attctc_th:2067) INFO: input lengths: 36
2018-07-11 13:13:49,622 (e2e_asr_attctc_th:2091) INFO: max output length: 36
2018-07-11 13:13:49,622 (e2e_asr_attctc_th:2092) INFO: min output length: 0
2018-07-11 13:13:50,604 (e2e_asr_attctc_th:2199) INFO: end detected at 14
2018-07-11 13:13:50,604 (e2e_asr_attctc_th:2217) INFO: total log probability: -0.575589819811
2018-07-11 13:13:50,604 (e2e_asr_attctc_th:2218) INFO: normalized log probability: -0.0575589819811
2018-07-11 13:13:50,605 (asr_pytorch:468) INFO: groundtruth[1502-2_spk_1502_2_038524-038667]: 堅杉且妍枱俏三艇
2018-07-11 13:13:50,605 (asr_pytorch:469) INFO: prediction [1502-2_spk_1502_2_038524-038667]: 基本上如果係一般<eos>
2018-07-11 13:13:50,612 (e2e_asr_attctc_th:2977) INFO: BLSTMP input lengths: [79]
2018-07-11 13:13:50,717 (e2e_asr_attctc_th:2067) INFO: input lengths: 20
2018-07-11 13:13:50,718 (e2e_asr_attctc_th:2091) INFO: max output length: 20
2018-07-11 13:13:50,718 (e2e_asr_attctc_th:2092) INFO: min output length: 0
2018-07-11 13:13:51,633 (e2e_asr_attctc_th:2199) INFO: end detected at 13
2018-07-11 13:13:51,634 (e2e_asr_attctc_th:2217) INFO: total log probability: -0.174660295248
2018-07-11 13:13:51,634 (e2e_asr_attctc_th:2218) INFO: normalized log probability: -0.021832536906
2018-07-11 13:13:51,635 (asr_pytorch:468) INFO: groundtruth[4_spk_4_012612-012693]: 俏呈囹烕戛員
2018-07-11 13:13:51,635 (asr_pytorch:469) INFO: prediction [4_spk_4_012612-012693]: 係啊因為我哋<eos>
2018-07-11 13:13:51,650 (e2e_asr_attctc_th:2977) INFO: BLSTMP input lengths: [288]
2018-07-11 13:13:52,218 (e2e_asr_attctc_th:2067) INFO: input lengths: 72
2018-07-11 13:13:52,218 (e2e_asr_attctc_th:2091) INFO: max output length: 72
2018-07-11 13:13:52,218 (e2e_asr_attctc_th:2092) INFO: min output length: 0
2018-07-11 13:13:55,215 (e2e_asr_attctc_th:2199) INFO: end detected at 22
2018-07-11 13:13:55,216 (e2e_asr_attctc_th:2217) INFO: total log probability: -12.5679785646
2018-07-11 13:13:55,216 (e2e_asr_attctc_th:2218) INFO: normalized log probability: -0.785498660291
2018-07-11 13:13:55,217 (asr_pytorch:468) INFO: groundtruth[1501-1_spk_1501_1_024918-025208]: 咋呯嘍呯兮倔TPER呯尋侏B
2018-07-11 13:13:55,217 (asr_pytorch:469) INFO: prediction [1501-1_spk_1501_1_024918-025208]: 咁呢幾呢兩個PLAN都中意誒<eos>
2018-07-11 13:13:55,231 (e2e_asr_attctc_th:2977) INFO: BLSTMP input lengths: [105]
2018-07-11 13:13:55,451 (e2e_asr_attctc_th:2067) INFO: input lengths: 27
2018-07-11 13:13:55,451 (e2e_asr_attctc_th:2091) INFO: max output length: 27
2018-07-11 13:13:55,451 (e2e_asr_attctc_th:2092) INFO: min output length: 0
2018-07-11 13:13:57,079 (e2e_asr_attctc_th:2199) INFO: end detected at 17
2018-07-11 13:13:57,080 (e2e_asr_attctc_th:2217) INFO: total log probability: -8.72344329953
2018-07-11 13:13:57,080 (e2e_asr_attctc_th:2218) INFO: normalized log probability: -0.872344329953
2018-07-11 13:13:57,081 (asr_pytorch:468) INFO: groundtruth[3_spk_3_004060-004167]: 279宣278
2018-07-11 13:13:57,081 (asr_pytorch:469) INFO: prediction [3_spk_3_004060-004167]: 他嘅時候你唔知發<eos>
2018-07-11 13:13:57,096 (e2e_asr_attctc_th:2977) INFO: BLSTMP input lengths: [228]
2018-07-11 13:13:57,608 (e2e_asr_attctc_th:2067) INFO: input lengths: 57
2018-07-11 13:13:57,608 (e2e_asr_attctc_th:2091) INFO: max output length: 57
2018-07-11 13:13:57,608 (e2e_asr_attctc_th:2092) INFO: min output length: 0
2018-07-11 13:14:00,219 (e2e_asr_attctc_th:2199) INFO: end detected at 20
2018-07-11 13:14:00,219 (e2e_asr_attctc_th:2217) INFO: total log probability: -15.2805845998
2018-07-11 13:14:00,219 (e2e_asr_attctc_th:2218) INFO: normalized log probability: -1.01870563999
2018-07-11 13:14:00,221 (asr_pytorch:468) INFO: groundtruth[12_spk_12_039971-040201]: 咋冀寫妍枱啷啷佬唪耍慶10濛
2018-07-11 13:14:00,221 (asr_pytorch:469) INFO: prediction [12_spk_12_039971-040201]: 咁其實要特登心嚟買兩個十一<eos>
2018-07-11 13:14:00,234 (e2e_asr_attctc_th:2977) INFO: BLSTMP input lengths: [21]
2018-07-11 13:14:00,302 (e2e_asr_attctc_th:2067) INFO: input lengths: 6
2018-07-11 13:14:00,302 (e2e_asr_attctc_th:2091) INFO: max output length: 6
2018-07-11 13:14:00,302 (e2e_asr_attctc_th:2092) INFO: min output length: 0
2018-07-11 13:14:00,614 (e2e_asr_attctc_th:2180) INFO: adding <eos> in the last postion in the loop
2018-07-11 13:14:00,614 (e2e_asr_attctc_th:2206) INFO: no hypothesis. Finish decoding.
2018-07-11 13:14:00,614 (e2e_asr_attctc_th:2217) INFO: total log probability: -0.0157715724781
2018-07-11 13:14:00,615 (e2e_asr_attctc_th:2218) INFO: normalized log probability: -0.00525719082604
2018-07-11 13:14:00,616 (asr_pytorch:468) INFO: groundtruth[1502-2_spk_1502_2_036016-036039]: 俏
2018-07-11 13:14:00,616 (asr_pytorch:469) INFO: prediction [1502-2_spk_1502_2_036016-036039]: 係<eos>
2018-07-11 13:14:00,630 (e2e_asr_attctc_th:2977) INFO: BLSTMP input lengths: [155]
2018-07-11 13:14:00,948 (e2e_asr_attctc_th:2067) INFO: input lengths: 39
2018-07-11 13:14:00,949 (e2e_asr_attctc_th:2091) INFO: max output length: 39
2018-07-11 13:14:00,949 (e2e_asr_attctc_th:2092) INFO: min output length: 0
2018-07-11 13:14:01,828 (e2e_asr_attctc_th:2206) INFO: no hypothesis. Finish decoding.
2018-07-11 13:14:01,829 (e2e_asr_attctc_th:2217) INFO: total log probability: -8.31072921352
2018-07-11 13:14:01,829 (e2e_asr_attctc_th:2218) INFO: normalized log probability: -0.831072921352
2018-07-11 13:14:01,829 (asr_pytorch:468) INFO: groundtruth[1501-2_spk_1501_2_090251-090408]: 刺戛轟咩佬倔<unk>啯
2018-07-11 13:14:01,829 (asr_pytorch:469) INFO: prediction [1501-2_spk_1501_2_090251-090408]: 做運住咗你個颱啦<eos>
2018-07-11 13:14:01,839 (e2e_asr_attctc_th:2977) INFO: BLSTMP input lengths: [590]
2018-07-11 13:14:02,588 (e2e_asr_attctc_th:2067) INFO: input lengths: 148
2018-07-11 13:14:02,589 (e2e_asr_attctc_th:2091) INFO: max output length: 148
2018-07-11 13:14:02,589 (e2e_asr_attctc_th:2092) INFO: min output length: 0
2018-07-11 13:14:10,395 (e2e_asr_attctc_th:2199) INFO: end detected at 44
2018-07-11 13:14:10,395 (e2e_asr_attctc_th:2217) INFO: total log probability: -41.5856710775
2018-07-11 13:14:10,395 (e2e_asr_attctc_th:2218) INFO: normalized log probability: -1.0662992584
2018-07-11 13:14:10,396 (asr_pytorch:468) INFO: groundtruth[1504-1_spk_1504_1_001506-002098]: 妊服唪服朕冀仞蚊磋<unk>紋尋街刺未咋柎戡耐黒緘服唪服耍慶間啼施蚊磋咋吟戛址鄔側緘啼儼想
2018-07-11 13:14:10,396 (asr_pytorch:469) INFO: prediction [1504-1_spk_1504_1_001506-002098]: 哦我唔係有其他號碼嘅將人到期人日或者嚟緊門口嘅開始山號碼噶啦我食齣上呢就雲<eos>
2018-07-11 13:14:10,404 (e2e_asr_attctc_th:2977) INFO: BLSTMP input lengths: [90]
2018-07-11 13:14:10,526 (e2e_asr_attctc_th:2067) INFO: input lengths: 23
2018-07-11 13:14:10,527 (e2e_asr_attctc_th:2091) INFO: max output length: 23
2018-07-11 13:14:10,527 (e2e_asr_attctc_th:2092) INFO: min output length: 0
2018-07-11 13:14:10,950 (e2e_asr_attctc_th:2199) INFO: end detected at 8
2018-07-11 13:14:10,950 (e2e_asr_attctc_th:2217) INFO: total log probability: -0.536621926352
2018-07-11 13:14:10,950 (e2e_asr_attctc_th:2218) INFO: normalized log probability: -0.134155481588
2018-07-11 13:14:10,951 (asr_pytorch:468) INFO: groundtruth[1503-1_spk_1503_1_013119-013212]: 俏啖
2018-07-11 13:14:10,951 (asr_pytorch:469) INFO: prediction [1503-1_spk_1503_1_013119-013212]: 係啦<eos>
2018-07-11 13:14:10,959 (e2e_asr_attctc_th:2977) INFO: BLSTMP input lengths: [177]
2018-07-11 13:14:11,186 (e2e_asr_attctc_th:2067) INFO: input lengths: 45
2018-07-11 13:14:11,186 (e2e_asr_attctc_th:2091) INFO: max output length: 45
2018-07-11 13:14:11,187 (e2e_asr_attctc_th:2092) INFO: min output length: 0
2018-07-11 13:14:12,495 (e2e_asr_attctc_th:2199) INFO: end detected at 16
2018-07-11 13:14:12,495 (e2e_asr_attctc_th:2217) INFO: total log probability: -2.66481873672
2018-07-11 13:14:12,495 (e2e_asr_attctc_th:2218) INFO: normalized log probability: -0.242256248793
2018-07-11 13:14:12,496 (asr_pytorch:468) INFO: groundtruth[1502-2_spk_1502_2_075464-075643]: 咋毯戛員吔井幀超迫
2018-07-11 13:14:12,496 (asr_pytorch:469) INFO: prediction [1502-2_spk_1502_2_075464-075643]: 咁俾我哋同時間搞翻<eos>
2018-07-11 13:14:12,504 (e2e_asr_attctc_th:2977) INFO: BLSTMP input lengths: [227]
2018-07-11 13:14:12,803 (e2e_asr_attctc_th:2067) INFO: input lengths: 57
2018-07-11 13:14:12,803 (e2e_asr_attctc_th:2091) INFO: max output length: 57
2018-07-11 13:14:12,803 (e2e_asr_attctc_th:2092) INFO: min output length: 0
2018-07-11 13:14:14,443 (e2e_asr_attctc_th:2199) INFO: end detected at 19
2018-07-11 13:14:14,443 (e2e_asr_attctc_th:2217) INFO: total log probability: -8.39905077219
2018-07-11 13:14:14,443 (e2e_asr_attctc_th:2218) INFO: normalized log probability: -0.599932198014
2018-07-11 13:14:14,444 (asr_pytorch:468) INFO: groundtruth[1501-1_spk_1501_1_058046-058275]: B朕震見由刺嗷倔漳遏嗷倔
2018-07-11 13:14:14,444 (asr_pytorch:469) INFO: prediction [1501-1_spk_1501_1_058046-058275]: 其實所以用到嗰個晚有嗰個<eos>
2018-07-11 13:14:14,452 (e2e_asr_attctc_th:2977) INFO: BLSTMP input lengths: [107]
2018-07-11 13:14:14,597 (e2e_asr_attctc_th:2067) INFO: input lengths: 27
2018-07-11 13:14:14,598 (e2e_asr_attctc_th:2091) INFO: max output length: 27
2018-07-11 13:14:14,598 (e2e_asr_attctc_th:2092) INFO: min output length: 0
2018-07-11 13:14:15,481 (e2e_asr_attctc_th:2199) INFO: end detected at 12
2018-07-11 13:14:15,482 (e2e_asr_attctc_th:2217) INFO: total log probability: -1.94661706116
2018-07-11 13:14:15,482 (e2e_asr_attctc_th:2218) INFO: normalized log probability: -0.243327132644
2018-07-11 13:14:15,483 (asr_pytorch:468) INFO: groundtruth[1502-2_spk_1502_2_037612-037721]: 呯倔冀寫眯俏
2018-07-11 13:14:15,483 (asr_pytorch:469) INFO: prediction [1502-2_spk_1502_2_037612-037721]: 呢個其實真係<eos>
2018-07-11 13:14:15,490 (e2e_asr_attctc_th:2977) INFO: BLSTMP input lengths: [16]
2018-07-11 13:14:15,520 (e2e_asr_attctc_th:2067) INFO: input lengths: 4
2018-07-11 13:14:15,520 (e2e_asr_attctc_th:2091) INFO: max output length: 4
2018-07-11 13:14:15,520 (e2e_asr_attctc_th:2092) INFO: min output length: 0
2018-07-11 13:14:15,703 (e2e_asr_attctc_th:2180) INFO: adding <eos> in the last postion in the loop
2018-07-11 13:14:15,703 (e2e_asr_attctc_th:2206) INFO: no hypothesis. Finish decoding.
2018-07-11 13:14:15,703 (e2e_asr_attctc_th:2217) INFO: total log probability: -0.0101778423414
2018-07-11 13:14:15,704 (e2e_asr_attctc_th:2218) INFO: normalized log probability: -0.00339261411379
2018-07-11 13:14:15,704 (asr_pytorch:468) INFO: groundtruth[1504-1_spk_1504_1_028227-028245]: 嗶
2018-07-11 13:14:15,704 (asr_pytorch:469) INFO: prediction [1504-1_spk_1504_1_028227-028245]: 嗯<eos>
2018-07-11 13:14:15,716 (e2e_asr_attctc_th:2977) INFO: BLSTMP input lengths: [35]
2018-07-11 13:14:15,797 (e2e_asr_attctc_th:2067) INFO: input lengths: 9
2018-07-11 13:14:15,798 (e2e_asr_attctc_th:2091) INFO: max output length: 9
2018-07-11 13:14:15,798 (e2e_asr_attctc_th:2092) INFO: min output length: 0
2018-07-11 13:14:16,151 (e2e_asr_attctc_th:2199) INFO: end detected at 7
2018-07-11 13:14:16,151 (e2e_asr_attctc_th:2217) INFO: total log probability: -0.0113360204268
2018-07-11 13:14:16,151 (e2e_asr_attctc_th:2218) INFO: normalized log probability: -0.00377867347561
2018-07-11 13:14:16,152 (asr_pytorch:468) INFO: groundtruth[1505-1_spk_1505_1_032456-032493]: 俏
2018-07-11 13:14:16,152 (asr_pytorch:469) INFO: prediction [1505-1_spk_1505_1_032456-032493]: 係<eos>
2018-07-11 13:14:16,160 (e2e_asr_attctc_th:2977) INFO: BLSTMP input lengths: [286]
2018-07-11 13:14:16,593 (e2e_asr_attctc_th:2067) INFO: input lengths: 72
2018-07-11 13:14:16,593 (e2e_asr_attctc_th:2091) INFO: max output length: 72
2018-07-11 13:14:16,593 (e2e_asr_attctc_th:2092) INFO: min output length: 0
2018-07-11 13:14:19,709 (e2e_asr_attctc_th:2199) INFO: end detected at 30
2018-07-11 13:14:19,710 (e2e_asr_attctc_th:2217) INFO: total log probability: -28.9238915984
2018-07-11 13:14:19,710 (e2e_asr_attctc_th:2218) INFO: normalized log probability: -1.15695566393
2018-07-11 13:14:19,711 (asr_pytorch:468) INFO: groundtruth[1505-2_spk_1505_2_097926-098214]: 戛愈啞佬2000列鐲妍枱I`XVE咩三列鐲俏序夥啖
2018-07-11 13:14:19,711 (asr_pytorch:469) INFO: prediction [1505-2_spk_1505_2_097926-098214]: 我先問你二韆蚊中意咯你ENSIO啦今朝之後其實<eos>
2018-07-11 13:14:19,719 (e2e_asr_attctc_th:2977) INFO: BLSTMP input lengths: [248]
2018-07-11 13:14:20,035 (e2e_asr_attctc_th:2067) INFO: input lengths: 62
2018-07-11 13:14:20,035 (e2e_asr_attctc_th:2091) INFO: max output length: 62
2018-07-11 13:14:20,035 (e2e_asr_attctc_th:2092) INFO: min output length: 0
2018-07-11 13:14:22,415 (e2e_asr_attctc_th:2199) INFO: end detected at 26
2018-07-11 13:14:22,415 (e2e_asr_attctc_th:2217) INFO: total log probability: -17.1556848325
2018-07-11 13:14:22,415 (e2e_asr_attctc_th:2218) INFO: normalized log probability: -1.07223030203
2018-07-11 13:14:22,416 (asr_pytorch:468) INFO: groundtruth[12_spk_12_063785-064035]: 宗掙夭榕15列鐲差吃乒得尻司件用
2018-07-11 13:14:22,416 (asr_pytorch:469) INFO: prediction [12_spk_12_063785-064035]: 今日先排大個十五分鐘其實之後<eos>
2018-07-11 13:14:22,424 (e2e_asr_attctc_th:2977) INFO: BLSTMP input lengths: [343]
2018-07-11 13:14:22,859 (e2e_asr_attctc_th:2067) INFO: input lengths: 86
2018-07-11 13:14:22,859 (e2e_asr_attctc_th:2091) INFO: max output length: 86
2018-07-11 13:14:22,859 (e2e_asr_attctc_th:2092) INFO: min output length: 0
2018-07-11 13:14:25,747 (e2e_asr_attctc_th:2199) INFO: end detected at 28
2018-07-11 13:14:25,748 (e2e_asr_attctc_th:2217) INFO: total log probability: -25.5347721018
2018-07-11 13:14:25,748 (e2e_asr_attctc_th:2218) INFO: normalized log probability: -1.11020748269
2018-07-11 13:14:25,749 (asr_pytorch:468) INFO: groundtruth[8_spk_8_069222-069567]: YTHEXI咩耗尓<unk>戛霆誅臺巷然啯啯超咩叄4K啯
2018-07-11 13:14:25,749 (asr_pytorch:469) INFO: prediction [8_spk_8_069222-069567]: 呃即星期仲要有個電話自己無啦塞九咗佢自己啦<eos>
2018-07-11 13:14:25,757 (e2e_asr_attctc_th:2977) INFO: BLSTMP input lengths: [161]
2018-07-11 13:14:25,982 (e2e_asr_attctc_th:2067) INFO: input lengths: 41
2018-07-11 13:14:25,982 (e2e_asr_attctc_th:2091) INFO: max output length: 41
2018-07-11 13:14:25,982 (e2e_asr_attctc_th:2092) INFO: min output length: 0
2018-07-11 13:14:26,545 (e2e_asr_attctc_th:2199) INFO: end detected at 10
2018-07-11 13:14:26,546 (e2e_asr_attctc_th:2217) INFO: total log probability: -2.67875576392
2018-07-11 13:14:26,546 (e2e_asr_attctc_th:2218) INFO: normalized log probability: -0.535751152784
2018-07-11 13:14:26,546 (asr_pytorch:468) INFO: groundtruth[1501-2_spk_1501_2_065147-065310]: B俏
2018-07-11 13:14:26,547 (asr_pytorch:469) INFO: prediction [1501-2_spk_1501_2_065147-065310]: 誒咁係<eos>
2018-07-11 13:14:26,554 (e2e_asr_attctc_th:2977) INFO: BLSTMP input lengths: [208]
2018-07-11 13:14:26,822 (e2e_asr_attctc_th:2067) INFO: input lengths: 52
2018-07-11 13:14:26,822 (e2e_asr_attctc_th:2091) INFO: max output length: 52
2018-07-11 13:14:26,823 (e2e_asr_attctc_th:2092) INFO: min output length: 0
2018-07-11 13:14:27,819 (e2e_asr_attctc_th:2199) INFO: end detected at 14
2018-07-11 13:14:27,820 (e2e_asr_attctc_th:2217) INFO: total log probability: -2.97292789491
2018-07-11 13:14:27,820 (e2e_asr_attctc_th:2218) INFO: normalized log probability: -0.371615986864
2018-07-11 13:14:27,820 (asr_pytorch:468) INFO: groundtruth[1503-1_spk_1503_1_047794-048004]: 俏啖手件俏啖嗶
2018-07-11 13:14:27,821 (asr_pytorch:469) INFO: prediction [1503-1_spk_1503_1_047794-048004]: 係啊所以係啊<eos>
2018-07-11 13:14:27,828 (e2e_asr_attctc_th:2977) INFO: BLSTMP input lengths: [217]
2018-07-11 13:14:28,104 (e2e_asr_attctc_th:2067) INFO: input lengths: 55
2018-07-11 13:14:28,104 (e2e_asr_attctc_th:2091) INFO: max output length: 55
2018-07-11 13:14:28,105 (e2e_asr_attctc_th:2092) INFO: min output length: 0
2018-07-11 13:14:30,691 (e2e_asr_attctc_th:2199) INFO: end detected at 22
2018-07-11 13:14:30,691 (e2e_asr_attctc_th:2217) INFO: total log probability: -6.96251458675
2018-07-11 13:14:30,691 (e2e_asr_attctc_th:2218) INFO: normalized log probability: -0.38680636593
2018-07-11 13:14:30,692 (asr_pytorch:468) INFO: groundtruth[1502-2_spk_1502_2_015746-015965]: 囹烕件剛戛員兲各鄔朕倔卉KF討劉㨃
2018-07-11 13:14:30,692 (asr_pytorch:469) INFO: prediction [1502-2_spk_1502_2_015746-015965]: 因為以前我哋公司都有冇十一計劃緊<eos>
2018-07-11 13:14:30,700 (e2e_asr_attctc_th:2977) INFO: BLSTMP input lengths: [162]
2018-07-11 13:14:30,903 (e2e_asr_attctc_th:2067) INFO: input lengths: 41
2018-07-11 13:14:30,903 (e2e_asr_attctc_th:2091) INFO: max output length: 41
2018-07-11 13:14:30,903 (e2e_asr_attctc_th:2092) INFO: min output length: 0
2018-07-11 13:14:31,798 (e2e_asr_attctc_th:2199) INFO: end detected at 13
2018-07-11 13:14:31,799 (e2e_asr_attctc_th:2217) INFO: total log probability: -4.89508012682
2018-07-11 13:14:31,799 (e2e_asr_attctc_th:2218) INFO: normalized log probability: -0.699297160975
2018-07-11 13:14:31,799 (asr_pytorch:468) INFO: groundtruth[1505-2_spk_1505_2_094044-094208]: 戛側嗷倔
2018-07-11 13:14:31,799 (asr_pytorch:469) INFO: prediction [1505-2_spk_1505_2_094044-094208]: 我做嗰日日<eos>
2018-07-11 13:14:31,807 (e2e_asr_attctc_th:2977) INFO: BLSTMP input lengths: [87]
2018-07-11 13:14:31,927 (e2e_asr_attctc_th:2067) INFO: input lengths: 22
2018-07-11 13:14:31,927 (e2e_asr_attctc_th:2091) INFO: max output length: 22
2018-07-11 13:14:31,927 (e2e_asr_attctc_th:2092) INFO: min output length: 0
2018-07-11 13:14:32,440 (e2e_asr_attctc_th:2199) INFO: end detected at 9
2018-07-11 13:14:32,440 (e2e_asr_attctc_th:2217) INFO: total log probability: -0.335472600069
2018-07-11 13:14:32,440 (e2e_asr_attctc_th:2218) INFO: normalized log probability: -0.0670945200138
2018-07-11 13:14:32,441 (asr_pytorch:468) INFO: groundtruth[1505-2_spk_1505_2_094550-094639]: 戛呯倔
2018-07-11 13:14:32,441 (asr_pytorch:469) INFO: prediction [1505-2_spk_1505_2_094550-094639]: 好呢個<eos>
2018-07-11 13:14:32,453 (e2e_asr_attctc_th:2977) INFO: BLSTMP input lengths: [83]
2018-07-11 13:14:32,619 (e2e_asr_attctc_th:2067) INFO: input lengths: 21
2018-07-11 13:14:32,619 (e2e_asr_attctc_th:2091) INFO: max output length: 21
2018-07-11 13:14:32,619 (e2e_asr_attctc_th:2092) INFO: min output length: 0
2018-07-11 13:14:32,958 (e2e_asr_attctc_th:2206) INFO: no hypothesis. Finish decoding.
2018-07-11 13:14:32,959 (e2e_asr_attctc_th:2217) INFO: total log probability: -3.19547337946
2018-07-11 13:14:32,959 (e2e_asr_attctc_th:2218) INFO: normalized log probability: -0.532578896576
2018-07-11 13:14:32,959 (asr_pytorch:468) INFO: groundtruth[8_spk_8_070177-070262]: 戛尻俏誅
2018-07-11 13:14:32,959 (asr_pytorch:469) INFO: prediction [8_spk_8_070177-070262]: 我識教殺<eos>
2018-07-11 13:14:32,967 (e2e_asr_attctc_th:2977) INFO: BLSTMP input lengths: [84]
2018-07-11 13:14:33,081 (e2e_asr_attctc_th:2067) INFO: input lengths: 21
2018-07-11 13:14:33,082 (e2e_asr_attctc_th:2091) INFO: max output length: 21
2018-07-11 13:14:33,082 (e2e_asr_attctc_th:2092) INFO: min output length: 0
2018-07-11 13:14:33,413 (e2e_asr_attctc_th:2199) INFO: end detected at 7
2018-07-11 13:14:33,413 (e2e_asr_attctc_th:2217) INFO: total log probability: -0.169004270807
2018-07-11 13:14:33,413 (e2e_asr_attctc_th:2218) INFO: normalized log probability: -0.0563347569356
2018-07-11 13:14:33,414 (asr_pytorch:468) INFO: groundtruth[1501-1_spk_1501_1_072004-072090]: 哭
2018-07-11 13:14:33,414 (asr_pytorch:469) INFO: prediction [1501-1_spk_1501_1_072004-072090]: 哦<eos>
2018-07-11 13:14:33,422 (e2e_asr_attctc_th:2977) INFO: BLSTMP input lengths: [219]
2018-07-11 13:14:33,707 (e2e_asr_attctc_th:2067) INFO: input lengths: 55
2018-07-11 13:14:33,708 (e2e_asr_attctc_th:2091) INFO: max output length: 55
2018-07-11 13:14:33,708 (e2e_asr_attctc_th:2092) INFO: min output length: 0
2018-07-11 13:14:35,292 (e2e_asr_attctc_th:2199) INFO: end detected at 20
2018-07-11 13:14:35,292 (e2e_asr_attctc_th:2217) INFO: total log probability: -5.02725418983
2018-07-11 13:14:35,292 (e2e_asr_attctc_th:2218) INFO: normalized log probability: -0.335150279322
2018-07-11 13:14:35,293 (asr_pytorch:468) INFO: groundtruth[1502-2_spk_1502_2_026639-026860]: 囹烕佬鄔見睛迫倔綺絨賺紫啯
2018-07-11 13:14:35,293 (asr_pytorch:469) INFO: prediction [1502-2_spk_1502_2_026639-026860]: 因為你都要睇翻個網絡得送啦<eos>
2018-07-11 13:14:35,302 (e2e_asr_attctc_th:2977) INFO: BLSTMP input lengths: [523]
2018-07-11 13:14:35,936 (e2e_asr_attctc_th:2067) INFO: input lengths: 131
2018-07-11 13:14:35,937 (e2e_asr_attctc_th:2091) INFO: max output length: 131
2018-07-11 13:14:35,937 (e2e_asr_attctc_th:2092) INFO: min output length: 0
2018-07-11 13:14:40,743 (e2e_asr_attctc_th:2199) INFO: end detected at 38
2018-07-11 13:14:40,743 (e2e_asr_attctc_th:2217) INFO: total log probability: -24.1371103027
2018-07-11 13:14:40,744 (e2e_asr_attctc_th:2218) INFO: normalized log probability: -0.73142758493
2018-07-11 13:14:40,744 (asr_pytorch:468) INFO: groundtruth[9_spk_9_036880-037405]: 佬嘍哲倔扔檀診罷八俊呯朕三倔可側俏ZTR戡耐ETR嘍哲倔邀須嘍
2018-07-11 13:14:40,744 (asr_pytorch:469) INFO: prediction [9_spk_9_036880-037405]: 你對呢個手機設入邊啊有一個叫就係呢次啦或者唔知張係呢個選項咩啊<eos>
2018-07-11 13:14:40,752 (e2e_asr_attctc_th:2977) INFO: BLSTMP input lengths: [112]
2018-07-11 13:14:40,896 (e2e_asr_attctc_th:2067) INFO: input lengths: 28
2018-07-11 13:14:40,897 (e2e_asr_attctc_th:2091) INFO: max output length: 28
2018-07-11 13:14:40,897 (e2e_asr_attctc_th:2092) INFO: min output length: 0
2018-07-11 13:14:41,702 (e2e_asr_attctc_th:2199) INFO: end detected at 13
2018-07-11 13:14:41,702 (e2e_asr_attctc_th:2217) INFO: total log probability: -8.11611630768
2018-07-11 13:14:41,702 (e2e_asr_attctc_th:2218) INFO: normalized log probability: -1.01451453846
2018-07-11 13:14:41,703 (asr_pytorch:468) INFO: groundtruth[4_spk_4_020788-020902]: 戛怪何由呈
2018-07-11 13:14:41,703 (asr_pytorch:469) INFO: prediction [4_spk_4_020788-020902]: 我急急遇用啊<eos>
2018-07-11 13:14:41,711 (e2e_asr_attctc_th:2977) INFO: BLSTMP input lengths: [158]
2018-07-11 13:14:41,919 (e2e_asr_attctc_th:2067) INFO: input lengths: 40
2018-07-11 13:14:41,920 (e2e_asr_attctc_th:2091) INFO: max output length: 40
2018-07-11 13:14:41,920 (e2e_asr_attctc_th:2092) INFO: min output length: 0
2018-07-11 13:14:42,655 (e2e_asr_attctc_th:2206) INFO: no hypothesis. Finish decoding.
2018-07-11 13:14:42,656 (e2e_asr_attctc_th:2217) INFO: total log probability: -5.53386635892
2018-07-11 13:14:42,656 (e2e_asr_attctc_th:2218) INFO: normalized log probability: -0.553386635892
2018-07-11 13:14:42,656 (asr_pytorch:468) INFO: groundtruth[1501-1_spk_1501_1_078770-078930]: 咋吔迫杖尖姚謬兒
2018-07-11 13:14:42,656 (asr_pytorch:469) INFO: prediction [1501-1_spk_1501_1_078770-078930]: 咁重翻去小小狗先<eos>
2018-07-11 13:14:42,664 (e2e_asr_attctc_th:2977) INFO: BLSTMP input lengths: [87]
2018-07-11 13:14:42,813 (e2e_asr_attctc_th:2067) INFO: input lengths: 22
2018-07-11 13:14:42,814 (e2e_asr_attctc_th:2091) INFO: max output length: 22
2018-07-11 13:14:42,814 (e2e_asr_attctc_th:2092) INFO: min output length: 0
2018-07-11 13:14:43,354 (e2e_asr_attctc_th:2206) INFO: no hypothesis. Finish decoding.
2018-07-11 13:14:43,354 (e2e_asr_attctc_th:2217) INFO: total log probability: -3.50174329057
2018-07-11 13:14:43,354 (e2e_asr_attctc_th:2218) INFO: normalized log probability: -0.437717911322
2018-07-11 13:14:43,354 (asr_pytorch:468) INFO: groundtruth[1502-2_spk_1502_2_002391-002480]: 耗<unk>服唪服附刺佬
2018-07-11 13:14:43,355 (asr_pytorch:469) INFO: prediction [1502-2_spk_1502_2_002391-002480]: 而傢換咗咗嚟<eos>
2018-07-11 13:14:43,364 (e2e_asr_attctc_th:2977) INFO: BLSTMP input lengths: [602]
2018-07-11 13:14:44,102 (e2e_asr_attctc_th:2067) INFO: input lengths: 151
2018-07-11 13:14:44,102 (e2e_asr_attctc_th:2091) INFO: max output length: 151
2018-07-11 13:14:44,102 (e2e_asr_attctc_th:2092) INFO: min output length: 0
2018-07-11 13:14:52,076 (e2e_asr_attctc_th:2199) INFO: end detected at 44
2018-07-11 13:14:52,076 (e2e_asr_attctc_th:2217) INFO: total log probability: -41.6715864092
2018-07-11 13:14:52,076 (e2e_asr_attctc_th:2218) INFO: normalized log probability: -1.06850221562
2018-07-11 13:14:52,078 (asr_pytorch:468) INFO: groundtruth[1505-2_spk_1505_2_067624-068228]: 咬佬誅然院且綺感怦卿俏戛由KSSKPI旨戡耐GLVSQIWIEVGL釗鄔唪服鄔俏
2018-07-11 13:14:52,079 (asr_pytorch:469) INFO: prediction [1505-2_spk_1505_2_067624-068228]: 依你話換下就係點知真係我仲LEO老噶我哋CROMEJANGET都唔會都會係<eos>
2018-07-11 13:14:52,094 (e2e_asr_attctc_th:2977) INFO: BLSTMP input lengths: [198]
2018-07-11 13:14:52,494 (e2e_asr_attctc_th:2067) INFO: input lengths: 50
2018-07-11 13:14:52,495 (e2e_asr_attctc_th:2091) INFO: max output length: 50
2018-07-11 13:14:52,495 (e2e_asr_attctc_th:2092) INFO: min output length: 0
2018-07-11 13:14:53,889 (e2e_asr_attctc_th:2206) INFO: no hypothesis. Finish decoding.
2018-07-11 13:14:53,889 (e2e_asr_attctc_th:2217) INFO: total log probability: -4.84973404091
2018-07-11 13:14:53,889 (e2e_asr_attctc_th:2218) INFO: normalized log probability: -0.44088491281
2018-07-11 13:14:53,890 (asr_pytorch:468) INFO: groundtruth[4_spk_4_033447-033647]: 址午揉丹園䦕邕刺㨃
2018-07-11 13:14:53,890 (asr_pytorch:469) INFO: prediction [4_spk_4_033447-033647]: 連佢玩中國咁邊度噶<eos>
2018-07-11 13:14:53,905 (e2e_asr_attctc_th:2977) INFO: BLSTMP input lengths: [318]
2018-07-11 13:14:54,550 (e2e_asr_attctc_th:2067) INFO: input lengths: 80
2018-07-11 13:14:54,551 (e2e_asr_attctc_th:2091) INFO: max output length: 80
2018-07-11 13:14:54,551 (e2e_asr_attctc_th:2092) INFO: min output length: 0
2018-07-11 13:14:57,168 (e2e_asr_attctc_th:2199) INFO: end detected at 23
2018-07-11 13:14:57,168 (e2e_asr_attctc_th:2217) INFO: total log probability: -5.44834166567
2018-07-11 13:14:57,168 (e2e_asr_attctc_th:2218) INFO: normalized log probability: -0.302685648093
2018-07-11 13:14:57,169 (asr_pytorch:468) INFO: groundtruth[1504-2_spk_1504_2_087792-088112]: 戛誅戛唪司件B司唪司件唪唪妊咯何啖
2018-07-11 13:14:57,169 (asr_pytorch:469) INFO: prediction [1504-2_spk_1504_2_087792-088112]: 我話我唔可以誒可唔可以唔冇咩著啊<eos>
2018-07-11 13:14:57,177 (e2e_asr_attctc_th:2977) INFO: BLSTMP input lengths: [128]
2018-07-11 13:14:57,342 (e2e_asr_attctc_th:2067) INFO: input lengths: 32
2018-07-11 13:14:57,342 (e2e_asr_attctc_th:2091) INFO: max output length: 32
2018-07-11 13:14:57,343 (e2e_asr_attctc_th:2092) INFO: min output length: 0
2018-07-11 13:14:57,826 (e2e_asr_attctc_th:2199) INFO: end detected at 9
2018-07-11 13:14:57,826 (e2e_asr_attctc_th:2217) INFO: total log probability: -2.88819640875
2018-07-11 13:14:57,826 (e2e_asr_attctc_th:2218) INFO: normalized log probability: -0.722049102187
2018-07-11 13:14:57,827 (asr_pytorch:468) INFO: groundtruth[8_spk_8_031657-031787]: 必呈
2018-07-11 13:14:57,827 (asr_pytorch:469) INFO: prediction [8_spk_8_031657-031787]: 真實<eos>
2018-07-11 13:14:57,836 (e2e_asr_attctc_th:2977) INFO: BLSTMP input lengths: [368]
2018-07-11 13:14:58,308 (e2e_asr_attctc_th:2067) INFO: input lengths: 92
2018-07-11 13:14:58,309 (e2e_asr_attctc_th:2091) INFO: max output length: 92
2018-07-11 13:14:58,309 (e2e_asr_attctc_th:2092) INFO: min output length: 0
2018-07-11 13:15:01,980 (e2e_asr_attctc_th:2199) INFO: end detected at 30
2018-07-11 13:15:01,981 (e2e_asr_attctc_th:2217) INFO: total log probability: -23.7511799186
2018-07-11 13:15:01,981 (e2e_asr_attctc_th:2218) INFO: normalized log probability: -0.950047196746
2018-07-11 13:15:01,982 (asr_pytorch:468) INFO: groundtruth[12_spk_12_012240-012610]: 戛宥<unk>呯朕霆誅八戛吔戛朗受佬筐戛三陳
2018-07-11 13:15:01,982 (asr_pytorch:469) INFO: prediction [12_spk_12_012240-012610]: 所以低都有得但我同我朋友都覺得上係佢咁咪好講嘅<eos>
2018-07-11 13:15:01,994 (e2e_asr_attctc_th:2977) INFO: BLSTMP input lengths: [126]
2018-07-11 13:15:02,163 (e2e_asr_attctc_th:2067) INFO: input lengths: 32
2018-07-11 13:15:02,163 (e2e_asr_attctc_th:2091) INFO: max output length: 32
2018-07-11 13:15:02,163 (e2e_asr_attctc_th:2092) INFO: min output length: 0
2018-07-11 13:15:03,217 (e2e_asr_attctc_th:2199) INFO: end detected at 16
2018-07-11 13:15:03,217 (e2e_asr_attctc_th:2217) INFO: total log probability: -8.21514261514
2018-07-11 13:15:03,218 (e2e_asr_attctc_th:2218) INFO: normalized log probability: -0.746831146831
2018-07-11 13:15:03,219 (asr_pytorch:468) INFO: groundtruth[1502-2_spk_1502_2_026304-026432]: 戛矮戛昕皅戛昕
2018-07-11 13:15:03,219 (asr_pytorch:469) INFO: prediction [1502-2_spk_1502_2_026304-026432]: 開始應該零大陸明白<eos>
2018-07-11 13:15:03,233 (e2e_asr_attctc_th:2977) INFO: BLSTMP input lengths: [247]
2018-07-11 13:15:03,718 (e2e_asr_attctc_th:2067) INFO: input lengths: 62
2018-07-11 13:15:03,719 (e2e_asr_attctc_th:2091) INFO: max output length: 62
2018-07-11 13:15:03,719 (e2e_asr_attctc_th:2092) INFO: min output length: 0
2018-07-11 13:15:05,663 (e2e_asr_attctc_th:2199) INFO: end detected at 15
2018-07-11 13:15:05,664 (e2e_asr_attctc_th:2217) INFO: total log probability: -0.588130930439
2018-07-11 13:15:05,664 (e2e_asr_attctc_th:2218) INFO: normalized log probability: -0.0534664482217
2018-07-11 13:15:05,665 (asr_pytorch:468) INFO: groundtruth[1502-1_spk_1502_1_019732-019981]: 佰尻冏謬呈住呯倔
2018-07-11 13:15:05,666 (asr_pytorch:469) INFO: prediction [1502-1_spk_1502_1_019732-019981]: 佢就冇講啦但係呢個<eos>
2018-07-11 13:15:05,682 (e2e_asr_attctc_th:2977) INFO: BLSTMP input lengths: [198]
2018-07-11 13:15:06,130 (e2e_asr_attctc_th:2067) INFO: input lengths: 50
2018-07-11 13:15:06,131 (e2e_asr_attctc_th:2091) INFO: max output length: 50
2018-07-11 13:15:06,131 (e2e_asr_attctc_th:2092) INFO: min output length: 0
2018-07-11 13:15:07,213 (e2e_asr_attctc_th:2199) INFO: end detected at 14
2018-07-11 13:15:07,214 (e2e_asr_attctc_th:2217) INFO: total log probability: -4.69487835467
2018-07-11 13:15:07,214 (e2e_asr_attctc_th:2218) INFO: normalized log probability: -0.586859794334
2018-07-11 13:15:07,215 (asr_pytorch:468) INFO: groundtruth[1502-2_spk_1502_2_000993-001193]: 俏咱呈潤用呈WSVV~
2018-07-11 13:15:07,215 (asr_pytorch:469) INFO: prediction [1502-2_spk_1502_2_000993-001193]: 係咪搬餐下水<eos>
2018-07-11 13:15:07,228 (e2e_asr_attctc_th:2977) INFO: BLSTMP input lengths: [128]
2018-07-11 13:15:07,448 (e2e_asr_attctc_th:2067) INFO: input lengths: 32
2018-07-11 13:15:07,448 (e2e_asr_attctc_th:2091) INFO: max output length: 32
2018-07-11 13:15:07,448 (e2e_asr_attctc_th:2092) INFO: min output length: 0
2018-07-11 13:15:08,148 (e2e_asr_attctc_th:2199) INFO: end detected at 12
2018-07-11 13:15:08,149 (e2e_asr_attctc_th:2217) INFO: total log probability: -3.19500554353
2018-07-11 13:15:08,149 (e2e_asr_attctc_th:2218) INFO: normalized log probability: -0.532500923922
2018-07-11 13:15:08,150 (asr_pytorch:468) INFO: groundtruth[8_spk_8_059335-059465]: 俏啯咋哲庵嘍誅呯
2018-07-11 13:15:08,150 (asr_pytorch:469) INFO: prediction [8_spk_8_059335-059465]: 係啦咁食<eos>
2018-07-11 13:15:08,157 (e2e_asr_attctc_th:2977) INFO: BLSTMP input lengths: [191]
2018-07-11 13:15:08,424 (e2e_asr_attctc_th:2067) INFO: input lengths: 48
2018-07-11 13:15:08,424 (e2e_asr_attctc_th:2091) INFO: max output length: 48
2018-07-11 13:15:08,424 (e2e_asr_attctc_th:2092) INFO: min output length: 0
2018-07-11 13:15:09,749 (e2e_asr_attctc_th:2199) INFO: end detected at 16
2018-07-11 13:15:09,749 (e2e_asr_attctc_th:2217) INFO: total log probability: -8.20451099635
2018-07-11 13:15:09,749 (e2e_asr_attctc_th:2218) INFO: normalized log probability: -0.745864636032
2018-07-11 13:15:09,750 (asr_pytorch:468) INFO: groundtruth[1501-1_spk_1501_1_011864-012057]: 佰尻毛倔朔夥囤氊囖
2018-07-11 13:15:09,751 (asr_pytorch:469) INFO: prediction [1501-1_spk_1501_1_011864-012057]: 佢就每個嚟幫四遊咯<eos>
2018-07-11 13:15:09,767 (e2e_asr_attctc_th:2977) INFO: BLSTMP input lengths: [704]
2018-07-11 13:15:11,037 (e2e_asr_attctc_th:2067) INFO: input lengths: 176
2018-07-11 13:15:11,037 (e2e_asr_attctc_th:2091) INFO: max output length: 176
2018-07-11 13:15:11,037 (e2e_asr_attctc_th:2092) INFO: min output length: 0
2018-07-11 13:15:17,669 (e2e_asr_attctc_th:2206) INFO: no hypothesis. Finish decoding.
2018-07-11 13:15:17,670 (e2e_asr_attctc_th:2217) INFO: total log probability: -18.995595322
2018-07-11 13:15:17,670 (e2e_asr_attctc_th:2218) INFO: normalized log probability: -0.441758030744
2018-07-11 13:15:17,670 (asr_pytorch:468) INFO: groundtruth[1504-1_spk_1504_1_035484-036190]: 咋妍枱佬誅刺晏唪愈轟兀偌危旨誅鄔司件咋柎鄔司件姚俏俢略姚俏NSMR迫啼齣扚霆誅旨TPER鄔司件柎
2018-07-11 13:15:17,670 (asr_pytorch:469) INFO: prediction [1504-1_spk_1504_1_035484-036190]: 咁如果你話到時想轉車卡嘅話都可以咁噶都可以即係好流即係齣咗翻啲街打電話啦聽到我而傢<eos>
2018-07-11 13:15:17,678 (e2e_asr_attctc_th:2977) INFO: BLSTMP input lengths: [198]
2018-07-11 13:15:17,942 (e2e_asr_attctc_th:2067) INFO: input lengths: 50
2018-07-11 13:15:17,943 (e2e_asr_attctc_th:2091) INFO: max output length: 50
2018-07-11 13:15:17,943 (e2e_asr_attctc_th:2092) INFO: min output length: 0
2018-07-11 13:15:19,139 (e2e_asr_attctc_th:2199) INFO: end detected at 16
2018-07-11 13:15:19,139 (e2e_asr_attctc_th:2217) INFO: total log probability: -6.31301285047
2018-07-11 13:15:19,139 (e2e_asr_attctc_th:2218) INFO: normalized log probability: -0.573910259134
2018-07-11 13:15:19,140 (asr_pytorch:468) INFO: groundtruth[4_spk_4_079340-079540]: 嗶咋B召夢嘍誅呯
2018-07-11 13:15:19,140 (asr_pytorch:469) INFO: prediction [4_spk_4_079340-079540]: 嗯咁誒另外個話一次<eos>
2018-07-11 13:15:19,148 (e2e_asr_attctc_th:2977) INFO: BLSTMP input lengths: [198]
2018-07-11 13:15:19,408 (e2e_asr_attctc_th:2067) INFO: input lengths: 50
2018-07-11 13:15:19,409 (e2e_asr_attctc_th:2091) INFO: max output length: 50
2018-07-11 13:15:19,409 (e2e_asr_attctc_th:2092) INFO: min output length: 0
2018-07-11 13:15:20,701 (e2e_asr_attctc_th:2199) INFO: end detected at 17
2018-07-11 13:15:20,701 (e2e_asr_attctc_th:2217) INFO: total log probability: -3.46153093223
2018-07-11 13:15:20,701 (e2e_asr_attctc_th:2218) INFO: normalized log probability: -0.288460911019
2018-07-11 13:15:20,702 (asr_pytorch:468) INFO: groundtruth[1502-2_spk_1502_2_077952-078152]: 霆誅幀且戛員兲各嘍三郷
2018-07-11 13:15:20,702 (asr_pytorch:469) INFO: prediction [1502-2_spk_1502_2_077952-078152]: 電話價上我哋公司一部<eos>
2018-07-11 13:15:20,711 (e2e_asr_attctc_th:2977) INFO: BLSTMP input lengths: [594]
2018-07-11 13:15:21,448 (e2e_asr_attctc_th:2067) INFO: input lengths: 149
2018-07-11 13:15:21,449 (e2e_asr_attctc_th:2091) INFO: max output length: 149
2018-07-11 13:15:21,449 (e2e_asr_attctc_th:2092) INFO: min output length: 0
2018-07-11 13:15:27,757 (e2e_asr_attctc_th:2206) INFO: no hypothesis. Finish decoding.
2018-07-11 13:15:27,757 (e2e_asr_attctc_th:2217) INFO: total log probability: -40.5850666538
2018-07-11 13:15:27,757 (e2e_asr_attctc_th:2218) INFO: normalized log probability: -1.01462666634
2018-07-11 13:15:27,758 (asr_pytorch:468) INFO: groundtruth[1503-1_spk_1503_1_020612-021208]: 俏啯刺晏妍枱佬的解眯俏唪天由呯佬嗄3倔朔公佬毯迫霆誅戛戛冗幹佬轟迫倔YTKVEHITPER
2018-07-11 13:15:27,758 (asr_pytorch:469) INFO: prediction [1503-1_spk_1503_1_020612-021208]: 係啦個時如果你嚟講過翻嚟唔夠用呢你係三個字過你你嗰個電話我我就當你預翻屋企街<eos>
2018-07-11 13:15:27,771 (e2e_asr_attctc_th:2977) INFO: BLSTMP input lengths: [198]
2018-07-11 13:15:28,145 (e2e_asr_attctc_th:2067) INFO: input lengths: 50
2018-07-11 13:15:28,145 (e2e_asr_attctc_th:2091) INFO: max output length: 50
2018-07-11 13:15:28,146 (e2e_asr_attctc_th:2092) INFO: min output length: 0
2018-07-11 13:15:29,219 (e2e_asr_attctc_th:2199) INFO: end detected at 15
2018-07-11 13:15:29,219 (e2e_asr_attctc_th:2217) INFO: total log probability: -3.28437925875
2018-07-11 13:15:29,219 (e2e_asr_attctc_th:2218) INFO: normalized log probability: -0.328437925875
2018-07-11 13:15:29,220 (asr_pytorch:468) INFO: groundtruth[1504-2_spk_1504_2_073548-073748]: 戛唪戛唪服見佰戛唪
2018-07-11 13:15:29,220 (asr_pytorch:469) INFO: prediction [1504-2_spk_1504_2_073548-073748]: 我唔我唔會要佢我<eos>
2018-07-11 13:15:29,228 (e2e_asr_attctc_th:2977) INFO: BLSTMP input lengths: [211]
2018-07-11 13:15:29,493 (e2e_asr_attctc_th:2067) INFO: input lengths: 53
2018-07-11 13:15:29,493 (e2e_asr_attctc_th:2091) INFO: max output length: 53
2018-07-11 13:15:29,493 (e2e_asr_attctc_th:2092) INFO: min output length: 0
2018-07-11 13:15:30,411 (e2e_asr_attctc_th:2206) INFO: no hypothesis. Finish decoding.
2018-07-11 13:15:30,412 (e2e_asr_attctc_th:2217) INFO: total log probability: -5.12205662765
2018-07-11 13:15:30,412 (e2e_asr_attctc_th:2218) INFO: normalized log probability: -0.465641511604
2018-07-11 13:15:30,412 (asr_pytorch:468) INFO: groundtruth[3_spk_3_013907-014119]: 轟吖轟蚊磋唪轟HE~TPER
2018-07-11 13:15:30,412 (asr_pytorch:469) INFO: prediction [3_spk_3_013907-014119]: 轉名轉號碼唔轉低聽<eos>
2018-07-11 13:15:30,420 (e2e_asr_attctc_th:2977) INFO: BLSTMP input lengths: [138]
2018-07-11 13:15:30,695 (e2e_asr_attctc_th:2067) INFO: input lengths: 35
2018-07-11 13:15:30,695 (e2e_asr_attctc_th:2091) INFO: max output length: 35
2018-07-11 13:15:30,695 (e2e_asr_attctc_th:2092) INFO: min output length: 0
2018-07-11 13:15:31,745 (e2e_asr_attctc_th:2199) INFO: end detected at 15
2018-07-11 13:15:31,745 (e2e_asr_attctc_th:2217) INFO: total log probability: -12.6451066732
2018-07-11 13:15:31,745 (e2e_asr_attctc_th:2218) INFO: normalized log probability: -1.40501185258
2018-07-11 13:15:31,746 (asr_pytorch:468) INFO: groundtruth[9_spk_9_047385-047525]: 兒愷謳佬筐戛兒
2018-07-11 13:15:31,746 (asr_pytorch:469) INFO: prediction [9_spk_9_047385-047525]: 咁啊你哋更好啲<eos>
2018-07-11 13:15:31,756 (e2e_asr_attctc_th:2977) INFO: BLSTMP input lengths: [702]
2018-07-11 13:15:32,792 (e2e_asr_attctc_th:2067) INFO: input lengths: 176
2018-07-11 13:15:32,793 (e2e_asr_attctc_th:2091) INFO: max output length: 176
2018-07-11 13:15:32,793 (e2e_asr_attctc_th:2092) INFO: min output length: 0
2018-07-11 13:15:40,501 (e2e_asr_attctc_th:2199) INFO: end detected at 46
2018-07-11 13:15:40,501 (e2e_asr_attctc_th:2217) INFO: total log probability: -43.0875808597
2018-07-11 13:15:40,501 (e2e_asr_attctc_th:2218) INFO: normalized log probability: -1.10480976563
2018-07-11 13:15:40,502 (asr_pytorch:468) INFO: groundtruth[1503-2_spk_1503_2_043605-044309]: 嗶哭姚俏B尻節戛肇旬叄籌差住俏戛倔紋囹烕妊位6朔兒宙旨咋俏咱6朔兒間姓啖
2018-07-11 13:15:40,503 (asr_pytorch:469) INFO: prediction [1503-2_spk_1503_2_043605-044309]: <SPK/>哦即係你唔得我聽日去先啦但係我一日因為好似六月先養嘅香港咁又唔叫先可以啱<eos>
2018-07-11 13:15:40,516 (e2e_asr_attctc_th:2977) INFO: BLSTMP input lengths: [151]
2018-07-11 13:15:40,858 (e2e_asr_attctc_th:2067) INFO: input lengths: 38
2018-07-11 13:15:40,858 (e2e_asr_attctc_th:2091) INFO: max output length: 38
2018-07-11 13:15:40,859 (e2e_asr_attctc_th:2092) INFO: min output length: 0
2018-07-11 13:15:41,694 (e2e_asr_attctc_th:2206) INFO: no hypothesis. Finish decoding.
2018-07-11 13:15:41,694 (e2e_asr_attctc_th:2217) INFO: total log probability: -5.00030527264
2018-07-11 13:15:41,694 (e2e_asr_attctc_th:2218) INFO: normalized log probability: -0.62503815908
2018-07-11 13:15:41,695 (asr_pytorch:468) INFO: groundtruth[1501-1_spk_1501_1_092036-092189]: 尻服聶繽迫嘍
2018-07-11 13:15:41,695 (asr_pytorch:469) INFO: prediction [1501-1_spk_1501_1_092036-092189]: 又會聯係翻嘅<eos>
2018-07-11 13:15:41,709 (e2e_asr_attctc_th:2977) INFO: BLSTMP input lengths: [215]
2018-07-11 13:15:42,155 (e2e_asr_attctc_th:2067) INFO: input lengths: 54
2018-07-11 13:15:42,156 (e2e_asr_attctc_th:2091) INFO: max output length: 54
2018-07-11 13:15:42,156 (e2e_asr_attctc_th:2092) INFO: min output length: 0
2018-07-11 13:15:44,403 (e2e_asr_attctc_th:2206) INFO: no hypothesis. Finish decoding.
2018-07-11 13:15:44,403 (e2e_asr_attctc_th:2217) INFO: total log probability: -8.64658430498
2018-07-11 13:15:44,403 (e2e_asr_attctc_th:2218) INFO: normalized log probability: -0.508622606175
2018-07-11 13:15:44,404 (asr_pytorch:468) INFO: groundtruth[1502-2_spk_1502_2_019379-019596]: 宣俏眯俏俢挑倔4K逮庵毯佬㨃
2018-07-11 13:15:44,404 (asr_pytorch:469) INFO: prediction [1502-2_spk_1502_2_019379-019596]: 定係真係好似個科開始速度俾你噶<eos>
2018-07-11 13:15:44,411 (e2e_asr_attctc_th:2977) INFO: BLSTMP input lengths: [122]
2018-07-11 13:15:44,572 (e2e_asr_attctc_th:2067) INFO: input lengths: 31
2018-07-11 13:15:44,572 (e2e_asr_attctc_th:2091) INFO: max output length: 31
2018-07-11 13:15:44,572 (e2e_asr_attctc_th:2092) INFO: min output length: 0
2018-07-11 13:15:45,403 (e2e_asr_attctc_th:2206) INFO: no hypothesis. Finish decoding.
2018-07-11 13:15:45,404 (e2e_asr_attctc_th:2217) INFO: total log probability: -3.97098951787
2018-07-11 13:15:45,404 (e2e_asr_attctc_th:2218) INFO: normalized log probability: -0.360999047079
2018-07-11 13:15:45,404 (asr_pytorch:468) INFO: groundtruth[1501-1_spk_1501_1_093469-093593]: 妊咋夥謳哈杖尖姚兒
2018-07-11 13:15:45,404 (asr_pytorch:469) INFO: prediction [1501-1_spk_1501_1_093469-093593]: 好咁就係曬你小小先<eos>
2018-07-11 13:15:45,419 (e2e_asr_attctc_th:2977) INFO: BLSTMP input lengths: [253]
2018-07-11 13:15:45,742 (e2e_asr_attctc_th:2067) INFO: input lengths: 64
2018-07-11 13:15:45,742 (e2e_asr_attctc_th:2091) INFO: max output length: 64
2018-07-11 13:15:45,742 (e2e_asr_attctc_th:2092) INFO: min output length: 0
2018-07-11 13:15:46,880 (e2e_asr_attctc_th:2199) INFO: end detected at 14
2018-07-11 13:15:46,880 (e2e_asr_attctc_th:2217) INFO: total log probability: -14.7832023604
2018-07-11 13:15:46,880 (e2e_asr_attctc_th:2218) INFO: normalized log probability: -1.47832023604
2018-07-11 13:15:46,881 (asr_pytorch:468) INFO: groundtruth[8_spk_8_032187-032442]: 必呈唪俏匡呈俏必呈
2018-07-11 13:15:46,881 (asr_pytorch:469) INFO: prediction [8_spk_8_032187-032442]: 得深實十七隻集十<eos>
2018-07-11 13:15:46,888 (e2e_asr_attctc_th:2977) INFO: BLSTMP input lengths: [102]
2018-07-11 13:15:47,024 (e2e_asr_attctc_th:2067) INFO: input lengths: 26
2018-07-11 13:15:47,024 (e2e_asr_attctc_th:2091) INFO: max output length: 26
2018-07-11 13:15:47,024 (e2e_asr_attctc_th:2092) INFO: min output length: 0
2018-07-11 13:15:47,833 (e2e_asr_attctc_th:2199) INFO: end detected at 11
2018-07-11 13:15:47,834 (e2e_asr_attctc_th:2217) INFO: total log probability: -0.108731314773
2018-07-11 13:15:47,834 (e2e_asr_attctc_th:2218) INFO: normalized log probability: -0.0181218857955
2018-07-11 13:15:47,835 (asr_pytorch:468) INFO: groundtruth[1502-2_spk_1502_2_023086-023190]: 俏呈俏
2018-07-11 13:15:47,835 (asr_pytorch:469) INFO: prediction [1502-2_spk_1502_2_023086-023190]: 係啊係啊<eos>
2018-07-11 13:15:47,849 (e2e_asr_attctc_th:2977) INFO: BLSTMP input lengths: [86]
2018-07-11 13:15:48,030 (e2e_asr_attctc_th:2067) INFO: input lengths: 22
2018-07-11 13:15:48,031 (e2e_asr_attctc_th:2091) INFO: max output length: 22
2018-07-11 13:15:48,031 (e2e_asr_attctc_th:2092) INFO: min output length: 0
2018-07-11 13:15:48,898 (e2e_asr_attctc_th:2199) INFO: end detected at 11
2018-07-11 13:15:48,898 (e2e_asr_attctc_th:2217) INFO: total log probability: -5.94969484583
2018-07-11 13:15:48,898 (e2e_asr_attctc_th:2218) INFO: normalized log probability: -0.849956406546
2018-07-11 13:15:48,900 (asr_pytorch:468) INFO: groundtruth[12_spk_12_027120-027208]: HEXE<unk>叄
2018-07-11 13:15:48,900 (asr_pytorch:469) INFO: prediction [12_spk_12_027120-027208]: 定頭齣可能<eos>
2018-07-11 13:15:48,915 (e2e_asr_attctc_th:2977) INFO: BLSTMP input lengths: [284]
2018-07-11 13:15:49,532 (e2e_asr_attctc_th:2067) INFO: input lengths: 71
2018-07-11 13:15:49,532 (e2e_asr_attctc_th:2091) INFO: max output length: 71
2018-07-11 13:15:49,533 (e2e_asr_attctc_th:2092) INFO: min output length: 0
2018-07-11 13:15:52,465 (e2e_asr_attctc_th:2199) INFO: end detected at 20
2018-07-11 13:15:52,466 (e2e_asr_attctc_th:2217) INFO: total log probability: -14.2747112885
2018-07-11 13:15:52,466 (e2e_asr_attctc_th:2218) INFO: normalized log probability: -0.892169455532
2018-07-11 13:15:52,467 (asr_pytorch:468) INFO: groundtruth[1504-1_spk_1504_1_074338-074624]: 5朔21蚊差吃啖姚俏啞旨誅尻
2018-07-11 13:15:52,467 (asr_pytorch:469) INFO: prediction [1504-1_spk_1504_1_074338-074624]: 五月咋一路咗遊啊聽日文嘅話就<eos>
2018-07-11 13:15:52,481 (e2e_asr_attctc_th:2977) INFO: BLSTMP input lengths: [108]
2018-07-11 13:15:52,740 (e2e_asr_attctc_th:2067) INFO: input lengths: 27
2018-07-11 13:15:52,741 (e2e_asr_attctc_th:2091) INFO: max output length: 27
2018-07-11 13:15:52,741 (e2e_asr_attctc_th:2092) INFO: min output length: 0
2018-07-11 13:15:53,726 (e2e_asr_attctc_th:2199) INFO: end detected at 11
2018-07-11 13:15:53,726 (e2e_asr_attctc_th:2217) INFO: total log probability: -6.27959973365
2018-07-11 13:15:53,726 (e2e_asr_attctc_th:2218) INFO: normalized log probability: -0.897085676236
2018-07-11 13:15:53,727 (asr_pytorch:468) INFO: groundtruth[3_spk_3_012190-012300]: 丕速誅列鐲
2018-07-11 13:15:53,727 (asr_pytorch:469) INFO: prediction [3_spk_3_012190-012300]: 唉好麻分鐘<eos>
2018-07-11 13:15:53,741 (e2e_asr_attctc_th:2977) INFO: BLSTMP input lengths: [144]
2018-07-11 13:15:54,024 (e2e_asr_attctc_th:2067) INFO: input lengths: 36
2018-07-11 13:15:54,024 (e2e_asr_attctc_th:2091) INFO: max output length: 36
2018-07-11 13:15:54,024 (e2e_asr_attctc_th:2092) INFO: min output length: 0
2018-07-11 13:15:55,144 (e2e_asr_attctc_th:2206) INFO: no hypothesis. Finish decoding.
2018-07-11 13:15:55,145 (e2e_asr_attctc_th:2217) INFO: total log probability: -6.46774703171
2018-07-11 13:15:55,145 (e2e_asr_attctc_th:2218) INFO: normalized log probability: -0.646774703171
2018-07-11 13:15:55,146 (asr_pytorch:468) INFO: groundtruth[1502-2_spk_1502_2_080761-080907]: 刺晏佬略感迫倔銜磋
2018-07-11 13:15:55,146 (asr_pytorch:469) INFO: prediction [1502-2_spk_1502_2_080761-080907]: 到時留意翻用啊嘛<eos>
2018-07-11 13:15:55,161 (e2e_asr_attctc_th:2977) INFO: BLSTMP input lengths: [12]
2018-07-11 13:15:55,209 (e2e_asr_attctc_th:2067) INFO: input lengths: 3
2018-07-11 13:15:55,210 (e2e_asr_attctc_th:2091) INFO: max output length: 3
2018-07-11 13:15:55,210 (e2e_asr_attctc_th:2092) INFO: min output length: 0
2018-07-11 13:15:55,356 (e2e_asr_attctc_th:2180) INFO: adding <eos> in the last postion in the loop
2018-07-11 13:15:55,356 (e2e_asr_attctc_th:2206) INFO: no hypothesis. Finish decoding.
2018-07-11 13:15:55,356 (e2e_asr_attctc_th:2217) INFO: total log probability: -1.43758824468
2018-07-11 13:15:55,356 (e2e_asr_attctc_th:2218) INFO: normalized log probability: -0.479196081559
2018-07-11 13:15:55,357 (asr_pytorch:468) INFO: groundtruth[1501-2_spk_1501_2_009083-009097]: 俏
2018-07-11 13:15:55,358 (asr_pytorch:469) INFO: prediction [1501-2_spk_1501_2_009083-009097]: 係<eos>
2018-07-11 13:15:55,377 (e2e_asr_attctc_th:2977) INFO: BLSTMP input lengths: [155]
2018-07-11 13:15:55,691 (e2e_asr_attctc_th:2067) INFO: input lengths: 39
2018-07-11 13:15:55,691 (e2e_asr_attctc_th:2091) INFO: max output length: 39
2018-07-11 13:15:55,692 (e2e_asr_attctc_th:2092) INFO: min output length: 0
2018-07-11 13:15:57,728 (e2e_asr_attctc_th:2199) INFO: end detected at 19
2018-07-11 13:15:57,729 (e2e_asr_attctc_th:2217) INFO: total log probability: -6.44063360989
2018-07-11 13:15:57,729 (e2e_asr_attctc_th:2218) INFO: normalized log probability: -0.495433354607
2018-07-11 13:15:57,730 (asr_pytorch:468) INFO: groundtruth[4_spk_4_020309-020466]: 夭榕三兮列鐲差吃服放刺
2018-07-11 13:15:57,731 (asr_pytorch:469) INFO: prediction [4_spk_4_020309-020466]: 大概一兩分鐘就係會收到<eos>
2018-07-11 13:15:57,743 (e2e_asr_attctc_th:2977) INFO: BLSTMP input lengths: [216]
2018-07-11 13:15:58,021 (e2e_asr_attctc_th:2067) INFO: input lengths: 54
2018-07-11 13:15:58,022 (e2e_asr_attctc_th:2091) INFO: max output length: 54
2018-07-11 13:15:58,022 (e2e_asr_attctc_th:2092) INFO: min output length: 0
2018-07-11 13:15:59,526 (e2e_asr_attctc_th:2199) INFO: end detected at 18
2018-07-11 13:15:59,526 (e2e_asr_attctc_th:2217) INFO: total log probability: -7.08153927233
2018-07-11 13:15:59,526 (e2e_asr_attctc_th:2218) INFO: normalized log probability: -0.544733790179
2018-07-11 13:15:59,527 (asr_pytorch:468) INFO: groundtruth[1501-1_spk_1501_1_057698-057916]: 睛迫杖尖姚朋久見由通囖
2018-07-11 13:15:59,527 (asr_pytorch:469) INFO: prediction [1501-1_spk_1501_1_057698-057916]: 睇翻你小姐最主要同圖咯<eos>
2018-07-11 13:15:59,535 (e2e_asr_attctc_th:2977) INFO: BLSTMP input lengths: [198]
2018-07-11 13:15:59,838 (e2e_asr_attctc_th:2067) INFO: input lengths: 50
2018-07-11 13:15:59,839 (e2e_asr_attctc_th:2091) INFO: max output length: 50
2018-07-11 13:15:59,839 (e2e_asr_attctc_th:2092) INFO: min output length: 0
2018-07-11 13:16:01,663 (e2e_asr_attctc_th:2199) INFO: end detected at 20
2018-07-11 13:16:01,663 (e2e_asr_attctc_th:2217) INFO: total log probability: -15.1931526246
2018-07-11 13:16:01,663 (e2e_asr_attctc_th:2218) INFO: normalized log probability: -1.16870404805
2018-07-11 13:16:01,664 (asr_pytorch:468) INFO: groundtruth[9_spk_9_038980-039180]: 哭ZTR戛哲庵朕倔
2018-07-11 13:16:01,664 (asr_pytorch:469) INFO: prediction [9_spk_9_038980-039180]: 我賺OVPN買起比較噶<eos>
2018-07-11 13:16:01,672 (e2e_asr_attctc_th:2977) INFO: BLSTMP input lengths: [165]
2018-07-11 13:16:01,906 (e2e_asr_attctc_th:2067) INFO: input lengths: 42
2018-07-11 13:16:01,907 (e2e_asr_attctc_th:2091) INFO: max output length: 42
2018-07-11 13:16:01,907 (e2e_asr_attctc_th:2092) INFO: min output length: 0
2018-07-11 13:16:03,077 (e2e_asr_attctc_th:2206) INFO: no hypothesis. Finish decoding.
2018-07-11 13:16:03,077 (e2e_asr_attctc_th:2217) INFO: total log probability: -12.6003268138
2018-07-11 13:16:03,077 (e2e_asr_attctc_th:2218) INFO: normalized log probability: -0.90002334384
2018-07-11 13:16:03,078 (asr_pytorch:468) INFO: groundtruth[1502-2_spk_1502_2_082425-082592]: 咋妍枱刺晏潤用佬朕啼咯疫啞
2018-07-11 13:16:03,078 (asr_pytorch:469) INFO: prediction [1502-2_spk_1502_2_082425-082592]: 咁如果頭時搬山有啲咩原來<eos>
2018-07-11 13:16:03,091 (e2e_asr_attctc_th:2977) INFO: BLSTMP input lengths: [66]
2018-07-11 13:16:03,208 (e2e_asr_attctc_th:2067) INFO: input lengths: 17
2018-07-11 13:16:03,209 (e2e_asr_attctc_th:2091) INFO: max output length: 17
2018-07-11 13:16:03,209 (e2e_asr_attctc_th:2092) INFO: min output length: 0
2018-07-11 13:16:03,738 (e2e_asr_attctc_th:2199) INFO: end detected at 10
2018-07-11 13:16:03,738 (e2e_asr_attctc_th:2217) INFO: total log probability: -1.77712583914
2018-07-11 13:16:03,738 (e2e_asr_attctc_th:2218) INFO: normalized log probability: -0.355425167829
2018-07-11 13:16:03,739 (asr_pytorch:468) INFO: groundtruth[8_spk_8_009167-009235]: 嗶
2018-07-11 13:16:03,739 (asr_pytorch:469) INFO: prediction [8_spk_8_009167-009235]: 嗯咁識<eos>
2018-07-11 13:16:03,747 (e2e_asr_attctc_th:2977) INFO: BLSTMP input lengths: [318]
2018-07-11 13:16:04,211 (e2e_asr_attctc_th:2067) INFO: input lengths: 80
2018-07-11 13:16:04,212 (e2e_asr_attctc_th:2091) INFO: max output length: 80
2018-07-11 13:16:04,212 (e2e_asr_attctc_th:2092) INFO: min output length: 0
2018-07-11 13:16:07,125 (e2e_asr_attctc_th:2199) INFO: end detected at 30
2018-07-11 13:16:07,125 (e2e_asr_attctc_th:2217) INFO: total log probability: -19.9037323473
2018-07-11 13:16:07,125 (e2e_asr_attctc_th:2218) INFO: normalized log probability: -0.904715106696
2018-07-11 13:16:07,126 (asr_pytorch:468) INFO: groundtruth[9_spk_9_067420-067740]: 堅且俏咋㨃啯咋鄔唪妊感怦戛鄔唪附佬咋耳兒啯SO
2018-07-11 13:16:07,126 (asr_pytorch:469) INFO: prediction [9_spk_9_067420-067740]: 即係用上咁噶啦咁都冇時我都唔到佢咁樣嗰啲<eos>
2018-07-11 13:16:07,134 (e2e_asr_attctc_th:2977) INFO: BLSTMP input lengths: [188]
2018-07-11 13:16:07,379 (e2e_asr_attctc_th:2067) INFO: input lengths: 47
2018-07-11 13:16:07,379 (e2e_asr_attctc_th:2091) INFO: max output length: 47
2018-07-11 13:16:07,379 (e2e_asr_attctc_th:2092) INFO: min output length: 0
2018-07-11 13:16:08,827 (e2e_asr_attctc_th:2199) INFO: end detected at 19
2018-07-11 13:16:08,827 (e2e_asr_attctc_th:2217) INFO: total log probability: -12.269298315
2018-07-11 13:16:08,827 (e2e_asr_attctc_th:2218) INFO: normalized log probability: -1.02244152625
2018-07-11 13:16:08,828 (asr_pytorch:468) INFO: groundtruth[1501-1_spk_1501_1_009571-009761]: 閉適丐皆共卉囤OFTW
2018-07-11 13:16:08,828 (asr_pytorch:469) INFO: prediction [1501-1_spk_1501_1_009571-009761]: 行緊三百八十四KBT<eos>
2018-07-11 13:16:08,836 (e2e_asr_attctc_th:2977) INFO: BLSTMP input lengths: [128]
2018-07-11 13:16:09,002 (e2e_asr_attctc_th:2067) INFO: input lengths: 32
2018-07-11 13:16:09,002 (e2e_asr_attctc_th:2091) INFO: max output length: 32
2018-07-11 13:16:09,002 (e2e_asr_attctc_th:2092) INFO: min output length: 0
2018-07-11 13:16:09,898 (e2e_asr_attctc_th:2206) INFO: no hypothesis. Finish decoding.
2018-07-11 13:16:09,898 (e2e_asr_attctc_th:2217) INFO: total log probability: -3.06314820051
2018-07-11 13:16:09,898 (e2e_asr_attctc_th:2218) INFO: normalized log probability: -0.255262350043
2018-07-11 13:16:09,899 (asr_pytorch:468) INFO: groundtruth[1502-2_spk_1502_2_094265-094395]: 俏呈佰服吔佬搭掌㨃
2018-07-11 13:16:09,899 (asr_pytorch:469) INFO: prediction [1502-2_spk_1502_2_094265-094395]: 係啊佢會同你搞掂噶啦<eos>
2018-07-11 13:16:09,907 (e2e_asr_attctc_th:2977) INFO: BLSTMP input lengths: [381]
2018-07-11 13:16:10,386 (e2e_asr_attctc_th:2067) INFO: input lengths: 96
2018-07-11 13:16:10,387 (e2e_asr_attctc_th:2091) INFO: max output length: 96
2018-07-11 13:16:10,387 (e2e_asr_attctc_th:2092) INFO: min output length: 0
2018-07-11 13:16:13,272 (e2e_asr_attctc_th:2199) INFO: end detected at 27
2018-07-11 13:16:13,272 (e2e_asr_attctc_th:2217) INFO: total log probability: -13.2174109407
2018-07-11 13:16:13,273 (e2e_asr_attctc_th:2218) INFO: normalized log probability: -0.574670040899
2018-07-11 13:16:13,273 (asr_pytorch:468) INFO: groundtruth[4_spk_4_079542-079925]: 剛<unk>丐皆QF服件疊址嘍綺絨侵懵啓倍刺嘍逮庵街畸
2018-07-11 13:16:13,273 (asr_pytorch:469) INFO: prediction [4_spk_4_079542-079925]: 麵三百咩迴意當地誒網絡公園相俾咗我速度行翻<eos>
2018-07-11 13:16:13,282 (e2e_asr_attctc_th:2977) INFO: BLSTMP input lengths: [184]
2018-07-11 13:16:13,541 (e2e_asr_attctc_th:2067) INFO: input lengths: 46
2018-07-11 13:16:13,541 (e2e_asr_attctc_th:2091) INFO: max output length: 46
2018-07-11 13:16:13,542 (e2e_asr_attctc_th:2092) INFO: min output length: 0
2018-07-11 13:16:14,753 (e2e_asr_attctc_th:2199) INFO: end detected at 16
2018-07-11 13:16:14,753 (e2e_asr_attctc_th:2217) INFO: total log probability: -6.76904628426
2018-07-11 13:16:14,753 (e2e_asr_attctc_th:2218) INFO: normalized log probability: -0.615367844023
2018-07-11 13:16:14,754 (asr_pytorch:468) INFO: groundtruth[1502-2_spk_1502_2_079926-080112]: 咋倔億錯旅<unk>歧億啯
2018-07-11 13:16:14,754 (asr_pytorch:469) INFO: prediction [1502-2_spk_1502_2_079926-080112]: 咁我價錢方麵正加啦<eos>
2018-07-11 13:16:14,762 (e2e_asr_attctc_th:2977) INFO: BLSTMP input lengths: [230]
2018-07-11 13:16:15,064 (e2e_asr_attctc_th:2067) INFO: input lengths: 58
2018-07-11 13:16:15,064 (e2e_asr_attctc_th:2091) INFO: max output length: 58
2018-07-11 13:16:15,064 (e2e_asr_attctc_th:2092) INFO: min output length: 0
2018-07-11 13:16:16,898 (e2e_asr_attctc_th:2206) INFO: no hypothesis. Finish decoding.
2018-07-11 13:16:16,899 (e2e_asr_attctc_th:2217) INFO: total log probability: -15.3080829345
2018-07-11 13:16:16,899 (e2e_asr_attctc_th:2218) INFO: normalized log probability: -1.0205388623
2018-07-11 13:16:16,900 (asr_pytorch:468) INFO: groundtruth[1505-2_spk_1505_2_087028-087260]: 換剛卒倔朔差差吃誅倍佬址肇
2018-07-11 13:16:16,900 (asr_pytorch:469) INFO: prediction [1505-2_spk_1505_2_087028-087260]: 平時本多二到嘅再有話俾嚟講<eos>
2018-07-11 13:16:16,914 (e2e_asr_attctc_th:2977) INFO: BLSTMP input lengths: [304]
2018-07-11 13:16:17,401 (e2e_asr_attctc_th:2067) INFO: input lengths: 76
2018-07-11 13:16:17,402 (e2e_asr_attctc_th:2091) INFO: max output length: 76
2018-07-11 13:16:17,402 (e2e_asr_attctc_th:2092) INFO: min output length: 0
2018-07-11 13:16:20,631 (e2e_asr_attctc_th:2199) INFO: end detected at 25
2018-07-11 13:16:20,632 (e2e_asr_attctc_th:2217) INFO: total log probability: -14.2717439607
2018-07-11 13:16:20,632 (e2e_asr_attctc_th:2218) INFO: normalized log probability: -0.713587198034
2018-07-11 13:16:20,633 (asr_pytorch:468) INFO: groundtruth[9_spk_9_061620-061926]: 司脇嘍誅呯倔晏閙仿司脇毯輓服慪畸啼
2018-07-11 13:16:20,633 (asr_pytorch:469) INFO: prediction [9_spk_9_061620-061926]: 可能個話呢啲眼在每個可能比較冇晚翻啲<eos>
2018-07-11 13:16:20,648 (e2e_asr_attctc_th:2977) INFO: BLSTMP input lengths: [291]
2018-07-11 13:16:21,220 (e2e_asr_attctc_th:2067) INFO: input lengths: 73
2018-07-11 13:16:21,221 (e2e_asr_attctc_th:2091) INFO: max output length: 73
2018-07-11 13:16:21,221 (e2e_asr_attctc_th:2092) INFO: min output length: 0
2018-07-11 13:16:22,505 (e2e_asr_attctc_th:2199) INFO: end detected at 16
2018-07-11 13:16:22,506 (e2e_asr_attctc_th:2217) INFO: total log probability: -9.93959531188
2018-07-11 13:16:22,506 (e2e_asr_attctc_th:2218) INFO: normalized log probability: -1.1043994791
2018-07-11 13:16:22,507 (asr_pytorch:468) INFO: groundtruth[4_spk_4_068962-069255]: 浦勞扔擢咱俏囖
2018-07-11 13:16:22,507 (asr_pytorch:469) INFO: prediction [4_spk_4_068962-069255]: 牛咁好攰啊係咯<eos>
2018-07-11 13:16:22,514 (e2e_asr_attctc_th:2977) INFO: BLSTMP input lengths: [36]
2018-07-11 13:16:22,576 (e2e_asr_attctc_th:2067) INFO: input lengths: 9
2018-07-11 13:16:22,576 (e2e_asr_attctc_th:2091) INFO: max output length: 9
2018-07-11 13:16:22,576 (e2e_asr_attctc_th:2092) INFO: min output length: 0
2018-07-11 13:16:22,884 (e2e_asr_attctc_th:2199) INFO: end detected at 7
2018-07-11 13:16:22,884 (e2e_asr_attctc_th:2217) INFO: total log probability: -0.435978706926
2018-07-11 13:16:22,884 (e2e_asr_attctc_th:2218) INFO: normalized log probability: -0.145326235642
2018-07-11 13:16:22,885 (asr_pytorch:468) INFO: groundtruth[1501-2_spk_1501_2_081566-081604]: B
2018-07-11 13:16:22,885 (asr_pytorch:469) INFO: prediction [1501-2_spk_1501_2_081566-081604]: 嗯<eos>
2018-07-11 13:16:22,893 (e2e_asr_attctc_th:2977) INFO: BLSTMP input lengths: [176]
2018-07-11 13:16:23,127 (e2e_asr_attctc_th:2067) INFO: input lengths: 44
2018-07-11 13:16:23,128 (e2e_asr_attctc_th:2091) INFO: max output length: 44
2018-07-11 13:16:23,128 (e2e_asr_attctc_th:2092) INFO: min output length: 0
2018-07-11 13:16:23,995 (e2e_asr_attctc_th:2206) INFO: no hypothesis. Finish decoding.
2018-07-11 13:16:23,995 (e2e_asr_attctc_th:2217) INFO: total log probability: -6.49094028771
2018-07-11 13:16:23,995 (e2e_asr_attctc_th:2218) INFO: normalized log probability: -0.649094028771
2018-07-11 13:16:23,995 (asr_pytorch:468) INFO: groundtruth[12_spk_12_066356-066534]: 浦釘10濛宣咯
2018-07-11 13:16:23,995 (asr_pytorch:469) INFO: prediction [12_spk_12_066356-066534]: 流量都啲特激定亦<eos>
2018-07-11 13:16:24,004 (e2e_asr_attctc_th:2977) INFO: BLSTMP input lengths: [334]
2018-07-11 13:16:24,489 (e2e_asr_attctc_th:2067) INFO: input lengths: 84
2018-07-11 13:16:24,489 (e2e_asr_attctc_th:2091) INFO: max output length: 84
2018-07-11 13:16:24,489 (e2e_asr_attctc_th:2092) INFO: min output length: 0
2018-07-11 13:16:27,288 (e2e_asr_attctc_th:2199) INFO: end detected at 27
2018-07-11 13:16:27,288 (e2e_asr_attctc_th:2217) INFO: total log probability: -18.1229848564
2018-07-11 13:16:27,288 (e2e_asr_attctc_th:2218) INFO: normalized log probability: -0.823772038926
2018-07-11 13:16:27,289 (asr_pytorch:468) INFO: groundtruth[1503-1_spk_1503_1_082780-083116]: 咋戛址吔井尻服幹佬TVMRX迫佬少<unk>旨霆字帽喵<unk>黒
2018-07-11 13:16:27,290 (asr_pytorch:469) INFO: prediction [1503-1_spk_1503_1_082780-083116]: 因為同時就會幫你天翻嚟繼颱嘅電子再打劇嚟<eos>
2018-07-11 13:16:27,299 (e2e_asr_attctc_th:2977) INFO: BLSTMP input lengths: [536]
2018-07-11 13:16:28,005 (e2e_asr_attctc_th:2067) INFO: input lengths: 134
2018-07-11 13:16:28,005 (e2e_asr_attctc_th:2091) INFO: max output length: 134
2018-07-11 13:16:28,005 (e2e_asr_attctc_th:2092) INFO: min output length: 0
2018-07-11 13:16:33,587 (e2e_asr_attctc_th:2199) INFO: end detected at 43
2018-07-11 13:16:33,587 (e2e_asr_attctc_th:2217) INFO: total log probability: -36.6520725777
2018-07-11 13:16:33,587 (e2e_asr_attctc_th:2218) INFO: normalized log probability: -0.96452822573
2018-07-11 13:16:33,588 (asr_pytorch:468) INFO: groundtruth[1505-2_spk_1505_2_053155-053694]: 妍枱戛轟TPER戛緘俏揉倔幺啼柎啯戛冏琛男揉嗷吔三樺億錯戛轟戛轟黒側咯啖
2018-07-11 13:16:33,588 (asr_pytorch:469) INFO: prediction [1505-2_spk_1505_2_053155-053694]: 我明咯我主要即係我覺得我覺得我唔知噶啦我覺得因為我個價錢我知我哋中意做咩<eos>
2018-07-11 13:16:33,596 (e2e_asr_attctc_th:2977) INFO: BLSTMP input lengths: [173]
2018-07-11 13:16:33,824 (e2e_asr_attctc_th:2067) INFO: input lengths: 44
2018-07-11 13:16:33,825 (e2e_asr_attctc_th:2091) INFO: max output length: 44
2018-07-11 13:16:33,825 (e2e_asr_attctc_th:2092) INFO: min output length: 0
2018-07-11 13:16:35,006 (e2e_asr_attctc_th:2199) INFO: end detected at 16
2018-07-11 13:16:35,006 (e2e_asr_attctc_th:2217) INFO: total log probability: -7.22626070306
2018-07-11 13:16:35,006 (e2e_asr_attctc_th:2218) INFO: normalized log probability: -0.656932791187
2018-07-11 13:16:35,007 (asr_pytorch:468) INFO: groundtruth[1502-2_spk_1502_2_012146-012321]: 司脇戚旬鄔<unk><unk>緘咋樺
2018-07-11 13:16:35,007 (asr_pytorch:469) INFO: prediction [1502-2_spk_1502_2_012146-012321]: 誒成日都慢慢揀咁樣<eos>
2018-07-11 13:16:35,015 (e2e_asr_attctc_th:2977) INFO: BLSTMP input lengths: [302]
2018-07-11 13:16:35,403 (e2e_asr_attctc_th:2067) INFO: input lengths: 76
2018-07-11 13:16:35,403 (e2e_asr_attctc_th:2091) INFO: max output length: 76
2018-07-11 13:16:35,404 (e2e_asr_attctc_th:2092) INFO: min output length: 0
2018-07-11 13:16:37,789 (e2e_asr_attctc_th:2199) INFO: end detected at 26
2018-07-11 13:16:37,789 (e2e_asr_attctc_th:2217) INFO: total log probability: -13.1644396484
2018-07-11 13:16:37,789 (e2e_asr_attctc_th:2218) INFO: normalized log probability: -0.774378802846
2018-07-11 13:16:37,790 (asr_pytorch:468) INFO: groundtruth[1503-1_spk_1503_1_061422-061726]: 姚俏戛址倔HEXE啖列鐲斌嗷啼俏毯趺戛址旨宭
2018-07-11 13:16:37,791 (asr_pytorch:469) INFO: prediction [1503-1_spk_1503_1_061422-061726]: 即係我哋個雞茶翻咗數嗰啲係你在<eos>
2018-07-11 13:16:37,798 (e2e_asr_attctc_th:2977) INFO: BLSTMP input lengths: [59]
2018-07-11 13:16:37,886 (e2e_asr_attctc_th:2067) INFO: input lengths: 15
2018-07-11 13:16:37,886 (e2e_asr_attctc_th:2091) INFO: max output length: 15
2018-07-11 13:16:37,886 (e2e_asr_attctc_th:2092) INFO: min output length: 0
2018-07-11 13:16:38,437 (e2e_asr_attctc_th:2199) INFO: end detected at 10
2018-07-11 13:16:38,437 (e2e_asr_attctc_th:2217) INFO: total log probability: -0.268960071728
2018-07-11 13:16:38,437 (e2e_asr_attctc_th:2218) INFO: normalized log probability: -0.0537920143455
2018-07-11 13:16:38,438 (asr_pytorch:468) INFO: groundtruth[1502-1_spk_1502_1_019981-020042]: 囹烕戛冏
2018-07-11 13:16:38,438 (asr_pytorch:469) INFO: prediction [1502-1_spk_1502_1_019981-020042]: 因為我<eos>
2018-07-11 13:16:38,446 (e2e_asr_attctc_th:2977) INFO: BLSTMP input lengths: [216]
2018-07-11 13:16:38,724 (e2e_asr_attctc_th:2067) INFO: input lengths: 54
2018-07-11 13:16:38,724 (e2e_asr_attctc_th:2091) INFO: max output length: 54
2018-07-11 13:16:38,724 (e2e_asr_attctc_th:2092) INFO: min output length: 0
2018-07-11 13:16:39,674 (e2e_asr_attctc_th:2206) INFO: no hypothesis. Finish decoding.
2018-07-11 13:16:39,675 (e2e_asr_attctc_th:2217) INFO: total log probability: -2.91220536083
2018-07-11 13:16:39,675 (e2e_asr_attctc_th:2218) INFO: normalized log probability: -0.264745941894
2018-07-11 13:16:39,675 (asr_pytorch:468) INFO: groundtruth[1502-2_spk_1502_2_065962-066180]: 毯迫霆誅呈潤用佬啯
2018-07-11 13:16:39,675 (asr_pytorch:469) INFO: prediction [1502-2_spk_1502_2_065962-066180]: 俾翻電話啊追生你啦<eos>
2018-07-11 13:16:39,683 (e2e_asr_attctc_th:2977) INFO: BLSTMP input lengths: [47]
2018-07-11 13:16:39,760 (e2e_asr_attctc_th:2067) INFO: input lengths: 12
2018-07-11 13:16:39,760 (e2e_asr_attctc_th:2091) INFO: max output length: 12
2018-07-11 13:16:39,760 (e2e_asr_attctc_th:2092) INFO: min output length: 0
2018-07-11 13:16:40,216 (e2e_asr_attctc_th:2199) INFO: end detected at 9
2018-07-11 13:16:40,216 (e2e_asr_attctc_th:2217) INFO: total log probability: -3.80040830374
2018-07-11 13:16:40,216 (e2e_asr_attctc_th:2218) INFO: normalized log probability: -1.26680276791
2018-07-11 13:16:40,217 (asr_pytorch:468) INFO: groundtruth[1501-2_spk_1501_2_043961-044010]: 哭
2018-07-11 13:16:40,217 (asr_pytorch:469) INFO: prediction [1501-2_spk_1501_2_043961-044010]: 咁<eos>
2018-07-11 13:16:40,225 (e2e_asr_attctc_th:2977) INFO: BLSTMP input lengths: [370]
2018-07-11 13:16:40,703 (e2e_asr_attctc_th:2067) INFO: input lengths: 93
2018-07-11 13:16:40,703 (e2e_asr_attctc_th:2091) INFO: max output length: 93
2018-07-11 13:16:40,703 (e2e_asr_attctc_th:2092) INFO: min output length: 0
2018-07-11 13:16:43,394 (e2e_asr_attctc_th:2199) INFO: end detected at 25
2018-07-11 13:16:43,394 (e2e_asr_attctc_th:2217) INFO: total log probability: -17.4875005856
2018-07-11 13:16:43,394 (e2e_asr_attctc_th:2218) INFO: normalized log probability: -0.920394767664
2018-07-11 13:16:43,396 (asr_pytorch:468) INFO: groundtruth[3_spk_3_010015-010387]: 耗<unk>尻俏妍枱纔嘍誅尻238劫夥卉共蚧
2018-07-11 13:16:43,396 (asr_pytorch:469) INFO: prediction [3_spk_3_010015-010387]: 依傢就係如果熟嘅話就二三百加咗個飯<eos>
2018-07-11 13:16:43,405 (e2e_asr_attctc_th:2977) INFO: BLSTMP input lengths: [526]
2018-07-11 13:16:44,111 (e2e_asr_attctc_th:2067) INFO: input lengths: 132
2018-07-11 13:16:44,111 (e2e_asr_attctc_th:2091) INFO: max output length: 132
2018-07-11 13:16:44,111 (e2e_asr_attctc_th:2092) INFO: min output length: 0
2018-07-11 13:16:48,765 (e2e_asr_attctc_th:2199) INFO: end detected at 29
2018-07-11 13:16:48,765 (e2e_asr_attctc_th:2217) INFO: total log probability: -14.2268098388
2018-07-11 13:16:48,766 (e2e_asr_attctc_th:2218) INFO: normalized log probability: -0.618556949512
2018-07-11 13:16:48,766 (asr_pytorch:468) INFO: groundtruth[1504-2_spk_1504_2_045300-045828]: 唪天啖唪天啖戛毛旬世偵旨戛毛旬啼霆誅俏唪偵旨
2018-07-11 13:16:48,766 (asr_pytorch:469) INFO: prediction [1504-2_spk_1504_2_045300-045828]: 唔夠咯唔夠啦我冇一日得停嘅我每日然後係唔正<eos>
2018-07-11 13:16:48,775 (e2e_asr_attctc_th:2977) INFO: BLSTMP input lengths: [394]
2018-07-11 13:16:49,280 (e2e_asr_attctc_th:2067) INFO: input lengths: 99
2018-07-11 13:16:49,280 (e2e_asr_attctc_th:2091) INFO: max output length: 99
2018-07-11 13:16:49,280 (e2e_asr_attctc_th:2092) INFO: min output length: 0
2018-07-11 13:16:52,393 (e2e_asr_attctc_th:2206) INFO: no hypothesis. Finish decoding.
2018-07-11 13:16:52,394 (e2e_asr_attctc_th:2217) INFO: total log probability: -24.5185736418
2018-07-11 13:16:52,394 (e2e_asr_attctc_th:2218) INFO: normalized log probability: -0.943022063145
2018-07-11 13:16:52,394 (asr_pytorch:468) INFO: groundtruth[1503-1_spk_1503_1_052222-052617]: 繆乒佬葛刺閊希呯佬尻摁呯倔吔井兒啞戛址吔井邕倔
2018-07-11 13:16:52,395 (asr_pytorch:469) INFO: prediction [1503-1_spk_1503_1_052222-052617]: 總之你留落冇錢係你頭諗咗呢個同時啲錢搵我嚟同事噶<eos>
2018-07-11 13:16:52,407 (e2e_asr_attctc_th:2977) INFO: BLSTMP input lengths: [198]
2018-07-11 13:16:52,719 (e2e_asr_attctc_th:2067) INFO: input lengths: 50
2018-07-11 13:16:52,720 (e2e_asr_attctc_th:2091) INFO: max output length: 50
2018-07-11 13:16:52,720 (e2e_asr_attctc_th:2092) INFO: min output length: 0
2018-07-11 13:16:53,599 (e2e_asr_attctc_th:2206) INFO: no hypothesis. Finish decoding.
2018-07-11 13:16:53,599 (e2e_asr_attctc_th:2217) INFO: total log probability: -3.69123305101
2018-07-11 13:16:53,599 (e2e_asr_attctc_th:2218) INFO: normalized log probability: -0.369123305101
2018-07-11 13:16:53,600 (asr_pytorch:468) INFO: groundtruth[1501-1_spk_1501_1_060222-060422]: 嗷邕尻俏盾掩俏JVII
2018-07-11 13:16:53,600 (asr_pytorch:469) INFO: prediction [1501-1_spk_1501_1_060222-060422]: 嗰邊就係直接睇書<eos>
2018-07-11 13:16:53,608 (e2e_asr_attctc_th:2977) INFO: BLSTMP input lengths: [469]
2018-07-11 13:16:54,189 (e2e_asr_attctc_th:2067) INFO: input lengths: 118
2018-07-11 13:16:54,190 (e2e_asr_attctc_th:2091) INFO: max output length: 118
2018-07-11 13:16:54,190 (e2e_asr_attctc_th:2092) INFO: min output length: 0
2018-07-11 13:16:58,161 (e2e_asr_attctc_th:2199) INFO: end detected at 33
2018-07-11 13:16:58,161 (e2e_asr_attctc_th:2217) INFO: total log probability: -20.3966933526
2018-07-11 13:16:58,161 (e2e_asr_attctc_th:2218) INFO: normalized log probability: -0.755433087134
2018-07-11 13:16:58,162 (asr_pytorch:468) INFO: groundtruth[1504-1_spk_1504_1_018012-018483]: 咋冀寫而寫謬姚俏毛閙兲各咋佬鄔朕2倔由間GWP
2018-07-11 13:16:58,162 (asr_pytorch:469) INFO: prediction [1504-1_spk_1504_1_018012-018483]: 咁其實老細講車每間跟著咁你都有兩個用學用咗隻SEL<eos>
2018-07-11 13:16:58,170 (e2e_asr_attctc_th:2977) INFO: BLSTMP input lengths: [166]
2018-07-11 13:16:58,382 (e2e_asr_attctc_th:2067) INFO: input lengths: 42
2018-07-11 13:16:58,382 (e2e_asr_attctc_th:2091) INFO: max output length: 42
2018-07-11 13:16:58,382 (e2e_asr_attctc_th:2092) INFO: min output length: 0
2018-07-11 13:16:59,404 (e2e_asr_attctc_th:2206) INFO: no hypothesis. Finish decoding.
2018-07-11 13:16:59,404 (e2e_asr_attctc_th:2217) INFO: total log probability: -1.94397361507
2018-07-11 13:16:59,404 (e2e_asr_attctc_th:2218) INFO: normalized log probability: -0.161997801256
2018-07-11 13:16:59,405 (asr_pytorch:468) INFO: groundtruth[1502-2_spk_1502_2_006483-006651]: 咋妍枱刺晏佬司脇嚦緘
2018-07-11 13:16:59,405 (asr_pytorch:469) INFO: prediction [1502-2_spk_1502_2_006483-006651]: 咁如果到時你可能嚟緊<eos>
2018-07-11 13:16:59,413 (e2e_asr_attctc_th:2977) INFO: BLSTMP input lengths: [432]
2018-07-11 13:16:59,981 (e2e_asr_attctc_th:2067) INFO: input lengths: 108
2018-07-11 13:16:59,981 (e2e_asr_attctc_th:2091) INFO: max output length: 108
2018-07-11 13:16:59,981 (e2e_asr_attctc_th:2092) INFO: min output length: 0
2018-07-11 13:17:02,837 (e2e_asr_attctc_th:2206) INFO: no hypothesis. Finish decoding.
2018-07-11 13:17:02,837 (e2e_asr_attctc_th:2217) INFO: total log probability: -15.4456877783
2018-07-11 13:17:02,837 (e2e_asr_attctc_th:2218) INFO: normalized log probability: -0.643570324096
2018-07-11 13:17:02,838 (asr_pytorch:468) INFO: groundtruth[1505-1_spk_1505_1_095944-096378]: 佰戛址吔井佬見葛三葛閊希叄NSMR嗷TPER咋啯
2018-07-11 13:17:02,838 (asr_pytorch:469) INFO: prediction [1505-1_spk_1505_1_095944-096378]: 我我哋同事你如果度落冇煮去再一個PLAN咁樣<eos>
2018-07-11 13:17:02,846 (e2e_asr_attctc_th:2977) INFO: BLSTMP input lengths: [472]
2018-07-11 13:17:03,435 (e2e_asr_attctc_th:2067) INFO: input lengths: 118
2018-07-11 13:17:03,435 (e2e_asr_attctc_th:2091) INFO: max output length: 118
2018-07-11 13:17:03,435 (e2e_asr_attctc_th:2092) INFO: min output length: 0
2018-07-11 13:17:06,910 (e2e_asr_attctc_th:2206) INFO: no hypothesis. Finish decoding.
2018-07-11 13:17:06,910 (e2e_asr_attctc_th:2217) INFO: total log probability: -11.4807014605
2018-07-11 13:17:06,910 (e2e_asr_attctc_th:2218) INFO: normalized log probability: -0.425211165204
2018-07-11 13:17:06,910 (asr_pytorch:468) INFO: groundtruth[1504-1_spk_1504_1_064022-064496]: 囹烕睛迫呯姚俏妍枱佬睛丕佬軀邕朕冏啯愈由<unk>庸TPER旨誅呯
2018-07-11 13:17:06,910 (asr_pytorch:469) INFO: prediction [1504-1_spk_1504_1_064022-064496]: 因為睇翻你即係如果你睇你身邊有人啊想同傢庭聽嘅話噶<eos>
2018-07-11 13:17:06,918 (e2e_asr_attctc_th:2977) INFO: BLSTMP input lengths: [198]
2018-07-11 13:17:07,184 (e2e_asr_attctc_th:2067) INFO: input lengths: 50
2018-07-11 13:17:07,185 (e2e_asr_attctc_th:2091) INFO: max output length: 50
2018-07-11 13:17:07,185 (e2e_asr_attctc_th:2092) INFO: min output length: 0
2018-07-11 13:17:08,436 (e2e_asr_attctc_th:2199) INFO: end detected at 16
2018-07-11 13:17:08,436 (e2e_asr_attctc_th:2217) INFO: total log probability: -7.62399925292
2018-07-11 13:17:08,437 (e2e_asr_attctc_th:2218) INFO: normalized log probability: -0.693090841174
2018-07-11 13:17:08,437 (asr_pytorch:468) INFO: groundtruth[1505-1_spk_1505_1_093314-093514]: 佰兒服歧引趕模討賀旨
2018-07-11 13:17:08,438 (asr_pytorch:469) INFO: prediction [1505-1_spk_1505_1_093314-093514]: 佢知會正式起都計計<eos>
2018-07-11 13:17:08,445 (e2e_asr_attctc_th:2977) INFO: BLSTMP input lengths: [113]
2018-07-11 13:17:08,592 (e2e_asr_attctc_th:2067) INFO: input lengths: 29
2018-07-11 13:17:08,592 (e2e_asr_attctc_th:2091) INFO: max output length: 29
2018-07-11 13:17:08,592 (e2e_asr_attctc_th:2092) INFO: min output length: 0
2018-07-11 13:17:09,387 (e2e_asr_attctc_th:2199) INFO: end detected at 12
2018-07-11 13:17:09,388 (e2e_asr_attctc_th:2217) INFO: total log probability: -6.28218432888
2018-07-11 13:17:09,388 (e2e_asr_attctc_th:2218) INFO: normalized log probability: -0.897454904126
2018-07-11 13:17:09,388 (asr_pytorch:468) INFO: groundtruth[12_spk_12_028833-028948]: 然院且綺兒
2018-07-11 13:17:09,389 (asr_pytorch:469) INFO: prediction [12_spk_12_028833-028948]: 去南上網先<eos>
2018-07-11 13:17:09,396 (e2e_asr_attctc_th:2977) INFO: BLSTMP input lengths: [198]
2018-07-11 13:17:09,692 (e2e_asr_attctc_th:2067) INFO: input lengths: 50
2018-07-11 13:17:09,693 (e2e_asr_attctc_th:2091) INFO: max output length: 50
2018-07-11 13:17:09,693 (e2e_asr_attctc_th:2092) INFO: min output length: 0
2018-07-11 13:17:10,791 (e2e_asr_attctc_th:2206) INFO: no hypothesis. Finish decoding.
2018-07-11 13:17:10,792 (e2e_asr_attctc_th:2217) INFO: total log probability: -6.59462214261
2018-07-11 13:17:10,792 (e2e_asr_attctc_th:2218) INFO: normalized log probability: -0.549551845218
2018-07-11 13:17:10,792 (asr_pytorch:468) INFO: groundtruth[12_spk_12_057107-057307]: 吔埗乒剛戛略度咩嗷B
2018-07-11 13:17:10,792 (asr_pytorch:469) INFO: prediction [12_spk_12_057107-057307]: 係咪之前我留低嗰個誒<eos>
2018-07-11 13:17:10,800 (e2e_asr_attctc_th:2977) INFO: BLSTMP input lengths: [234]
2018-07-11 13:17:11,099 (e2e_asr_attctc_th:2067) INFO: input lengths: 59
2018-07-11 13:17:11,099 (e2e_asr_attctc_th:2091) INFO: max output length: 59
2018-07-11 13:17:11,099 (e2e_asr_attctc_th:2092) INFO: min output length: 0
2018-07-11 13:17:13,117 (e2e_asr_attctc_th:2199) INFO: end detected at 19
2018-07-11 13:17:13,117 (e2e_asr_attctc_th:2217) INFO: total log probability: -6.03631327394
2018-07-11 13:17:13,117 (e2e_asr_attctc_th:2218) INFO: normalized log probability: -0.431165233853
2018-07-11 13:17:13,118 (asr_pytorch:468) INFO: groundtruth[1505-1_spk_1505_1_005212-005448]: 俏咱嗷嗷啼B親額八邕嗷啼柎
2018-07-11 13:17:13,119 (asr_pytorch:469) INFO: prediction [1505-1_spk_1505_1_005212-005448]: 係咪嗰嗰誒視頻入邊嗰啲噶<eos>
2018-07-11 13:17:13,132 (e2e_asr_attctc_th:2977) INFO: BLSTMP input lengths: [125]
2018-07-11 13:17:13,393 (e2e_asr_attctc_th:2067) INFO: input lengths: 32
2018-07-11 13:17:13,394 (e2e_asr_attctc_th:2091) INFO: max output length: 32
2018-07-11 13:17:13,394 (e2e_asr_attctc_th:2092) INFO: min output length: 0
2018-07-11 13:17:14,257 (e2e_asr_attctc_th:2199) INFO: end detected at 11
2018-07-11 13:17:14,258 (e2e_asr_attctc_th:2217) INFO: total log probability: -5.89603942633
2018-07-11 13:17:14,258 (e2e_asr_attctc_th:2218) INFO: normalized log probability: -1.17920788527
2018-07-11 13:17:14,259 (asr_pytorch:468) INFO: groundtruth[8_spk_8_023355-023482]: 咋戛誅SO
2018-07-11 13:17:14,260 (asr_pytorch:469) INFO: prediction [8_spk_8_023355-023482]: <SPK/>真係<eos>
2018-07-11 13:17:14,274 (e2e_asr_attctc_th:2977) INFO: BLSTMP input lengths: [196]
2018-07-11 13:17:14,683 (e2e_asr_attctc_th:2067) INFO: input lengths: 49
2018-07-11 13:17:14,683 (e2e_asr_attctc_th:2091) INFO: max output length: 49
2018-07-11 13:17:14,683 (e2e_asr_attctc_th:2092) INFO: min output length: 0
2018-07-11 13:17:16,074 (e2e_asr_attctc_th:2199) INFO: end detected at 15
2018-07-11 13:17:16,075 (e2e_asr_attctc_th:2217) INFO: total log probability: -3.56167287775
2018-07-11 13:17:16,075 (e2e_asr_attctc_th:2218) INFO: normalized log probability: -0.356167287775
2018-07-11 13:17:16,076 (asr_pytorch:468) INFO: groundtruth[1504-2_spk_1504_2_069904-070102]: 唪俏朕三倔呯尻俏囖
2018-07-11 13:17:16,076 (asr_pytorch:469) INFO: prediction [1504-2_spk_1504_2_069904-070102]: 乜有一個呢有係咯<eos>
2018-07-11 13:17:16,090 (e2e_asr_attctc_th:2977) INFO: BLSTMP input lengths: [62]
2018-07-11 13:17:16,233 (e2e_asr_attctc_th:2067) INFO: input lengths: 16
2018-07-11 13:17:16,234 (e2e_asr_attctc_th:2091) INFO: max output length: 16
2018-07-11 13:17:16,234 (e2e_asr_attctc_th:2092) INFO: min output length: 0
2018-07-11 13:17:16,816 (e2e_asr_attctc_th:2199) INFO: end detected at 8
2018-07-11 13:17:16,816 (e2e_asr_attctc_th:2217) INFO: total log probability: -0.299752610736
2018-07-11 13:17:16,816 (e2e_asr_attctc_th:2218) INFO: normalized log probability: -0.0749381526839
2018-07-11 13:17:16,817 (asr_pytorch:468) INFO: groundtruth[1504-1_spk_1504_1_031316-031380]: 昕皅
2018-07-11 13:17:16,818 (asr_pytorch:469) INFO: prediction [1504-1_spk_1504_1_031316-031380]: 明白<eos>
2018-07-11 13:17:16,830 (e2e_asr_attctc_th:2977) INFO: BLSTMP input lengths: [15]
2018-07-11 13:17:16,873 (e2e_asr_attctc_th:2067) INFO: input lengths: 4
2018-07-11 13:17:16,873 (e2e_asr_attctc_th:2091) INFO: max output length: 4
2018-07-11 13:17:16,873 (e2e_asr_attctc_th:2092) INFO: min output length: 0
2018-07-11 13:17:17,071 (e2e_asr_attctc_th:2180) INFO: adding <eos> in the last postion in the loop
2018-07-11 13:17:17,071 (e2e_asr_attctc_th:2206) INFO: no hypothesis. Finish decoding.
2018-07-11 13:17:17,072 (e2e_asr_attctc_th:2217) INFO: total log probability: -0.0193794704974
2018-07-11 13:17:17,072 (e2e_asr_attctc_th:2218) INFO: normalized log probability: -0.00645982349912
2018-07-11 13:17:17,072 (asr_pytorch:468) INFO: groundtruth[1502-2_spk_1502_2_069787-069804]: 嗶
2018-07-11 13:17:17,073 (asr_pytorch:469) INFO: prediction [1502-2_spk_1502_2_069787-069804]: 嗯<eos>
2018-07-11 13:17:17,088 (e2e_asr_attctc_th:2977) INFO: BLSTMP input lengths: [299]
2018-07-11 13:17:17,714 (e2e_asr_attctc_th:2067) INFO: input lengths: 75
2018-07-11 13:17:17,715 (e2e_asr_attctc_th:2091) INFO: max output length: 75
2018-07-11 13:17:17,715 (e2e_asr_attctc_th:2092) INFO: min output length: 0
2018-07-11 13:17:20,158 (e2e_asr_attctc_th:2199) INFO: end detected at 17
2018-07-11 13:17:20,158 (e2e_asr_attctc_th:2217) INFO: total log probability: -10.3629521132
2018-07-11 13:17:20,158 (e2e_asr_attctc_th:2218) INFO: normalized log probability: -0.863579342763
2018-07-11 13:17:20,159 (asr_pytorch:468) INFO: groundtruth[12_spk_12_008062-008363]: 哭咋嘍B嘍然院嘍感
2018-07-11 13:17:20,160 (asr_pytorch:469) INFO: prediction [12_spk_12_008062-008363]: 哦咁我嘅誒嘅嘢毛限醫<eos>
2018-07-11 13:17:20,173 (e2e_asr_attctc_th:2977) INFO: BLSTMP input lengths: [183]
2018-07-11 13:17:20,540 (e2e_asr_attctc_th:2067) INFO: input lengths: 46
2018-07-11 13:17:20,541 (e2e_asr_attctc_th:2091) INFO: max output length: 46
2018-07-11 13:17:20,541 (e2e_asr_attctc_th:2092) INFO: min output length: 0
2018-07-11 13:17:21,824 (e2e_asr_attctc_th:2199) INFO: end detected at 12
2018-07-11 13:17:21,824 (e2e_asr_attctc_th:2217) INFO: total log probability: -3.57453353796
2018-07-11 13:17:21,825 (e2e_asr_attctc_th:2218) INFO: normalized log probability: -0.446816692245
2018-07-11 13:17:21,826 (asr_pytorch:468) INFO: groundtruth[1503-2_spk_1503_2_050136-050321]: 丕晦吟丕晦囖
2018-07-11 13:17:21,826 (asr_pytorch:469) INFO: prediction [1503-2_spk_1503_2_050136-050321]: 下晝啦下晝啊<eos>
# Accounting: time=249 threads=1
# Ended (code 0) at Wed Jul 11 13:17:21 HKT 2018, elapsed time 249 seconds
