# asr_recog.py --ngpu 0 --backend pytorch --recog-json smartone_data/smartone_kaldi/split32utt/data.2.json --result-label smartone_data/baseline/decode/data.2.json --model smartone_data/baseline/model.acc.best --model-conf smartone_data/baseline/model.conf --beam-size 20 --penalty 0.0 --maxlenratio 0.0 --minlenratio 0.0 --ctc-weight 0.3 
# Started at Wed Jul 11 13:13:12 HKT 2018
#
2018-07-11 13:13:13,023 (asr_recog:110) INFO: python path = /home/lahiru/Devinstalls/espnet_new/espnet/egs/domain_adaptation_cantonese/asr5/../../../src/lm/:/home/lahiru/Devinstalls/espnet_new/espnet/egs/domain_adaptation_cantonese/asr5/../../../src/asr/:/home/lahiru/Devinstalls/espnet_new/espnet/egs/domain_adaptation_cantonese/asr5/../../../src/nets/:/home/lahiru/Devinstalls/espnet_new/espnet/egs/domain_adaptation_cantonese/asr5/../../../src/utils/:/home/lahiru/Devinstalls/espnet_new/espnet/egs/domain_adaptation_cantonese/asr5/../../../src/bin/:/home/lahiru/Devinstalls/espnet_new/espnet/egs/domain_adaptation_cantonese/asr5/../../../src/lm/:/home/lahiru/Devinstalls/espnet_new/espnet/egs/domain_adaptation_cantonese/asr5/../../../src/asr/:/home/lahiru/Devinstalls/espnet_new/espnet/egs/domain_adaptation_cantonese/asr5/../../../src/nets/:/home/lahiru/Devinstalls/espnet_new/espnet/egs/domain_adaptation_cantonese/asr5/../../../src/utils/:/home/lahiru/Devinstalls/espnet_new/espnet/egs/domain_adaptation_cantonese/asr5/../../../src/bin/:
2018-07-11 13:13:13,023 (asr_recog:115) INFO: set random seed = 1
2018-07-11 13:13:13,023 (asr_recog:118) INFO: backend = pytorch
2018-07-11 13:13:13,807 (asr_pytorch:393) INFO: reading a model config file fromsmartone_data/baseline/model.conf
2018-07-11 13:13:13,824 (asr_pytorch:397) INFO: ARGS: backend: pytorch
2018-07-11 13:13:13,824 (asr_pytorch:397) INFO: ARGS: beam_size: 20
2018-07-11 13:13:13,824 (asr_pytorch:397) INFO: ARGS: ctc_weight: 0.3
2018-07-11 13:13:13,824 (asr_pytorch:397) INFO: ARGS: da: 0
2018-07-11 13:13:13,824 (asr_pytorch:397) INFO: ARGS: daconfig: 3
2018-07-11 13:13:13,824 (asr_pytorch:397) INFO: ARGS: datype: bias
2018-07-11 13:13:13,824 (asr_pytorch:397) INFO: ARGS: debugmode: 1
2018-07-11 13:13:13,824 (asr_pytorch:397) INFO: ARGS: gpu: None
2018-07-11 13:13:13,824 (asr_pytorch:397) INFO: ARGS: lm_weight: 0.1
2018-07-11 13:13:13,824 (asr_pytorch:397) INFO: ARGS: maxlenratio: 0.0
2018-07-11 13:13:13,824 (asr_pytorch:397) INFO: ARGS: minlenratio: 0.0
2018-07-11 13:13:13,824 (asr_pytorch:397) INFO: ARGS: model: smartone_data/baseline/model.acc.best
2018-07-11 13:13:13,824 (asr_pytorch:397) INFO: ARGS: model_conf: smartone_data/baseline/model.conf
2018-07-11 13:13:13,824 (asr_pytorch:397) INFO: ARGS: nbest: 1
2018-07-11 13:13:13,824 (asr_pytorch:397) INFO: ARGS: ngpu: 0
2018-07-11 13:13:13,825 (asr_pytorch:397) INFO: ARGS: penalty: 0.0
2018-07-11 13:13:13,825 (asr_pytorch:397) INFO: ARGS: recog_feat: None
2018-07-11 13:13:13,825 (asr_pytorch:397) INFO: ARGS: recog_json: smartone_data/smartone_kaldi/split32utt/data.2.json
2018-07-11 13:13:13,825 (asr_pytorch:397) INFO: ARGS: recog_label: None
2018-07-11 13:13:13,825 (asr_pytorch:397) INFO: ARGS: result_label: smartone_data/baseline/decode/data.2.json
2018-07-11 13:13:13,825 (asr_pytorch:397) INFO: ARGS: rnnlm: None
2018-07-11 13:13:13,825 (asr_pytorch:397) INFO: ARGS: seed: 1
2018-07-11 13:13:13,825 (asr_pytorch:397) INFO: ARGS: verbose: 1
2018-07-11 13:13:13,825 (asr_pytorch:397) INFO: ARGS: word_dict: None
2018-07-11 13:13:13,825 (asr_pytorch:397) INFO: ARGS: word_rnnlm: None
2018-07-11 13:13:13,825 (asr_pytorch:400) INFO: reading model parameters fromsmartone_data/baseline/model.acc.best
2018-07-11 13:13:13,825 (e2e_asr_attctc_th:184) INFO: subsample: 1 2 2 1 1
2018-07-11 13:13:13,902 (e2e_asr_attctc_th:2317) INFO: BLSTM with every-layer projection for encoder
2018-07-11 13:13:15,448 (e2e_asr_attctc_th:2977) INFO: BLSTMP input lengths: [155]
2018-07-11 13:13:15,887 (e2e_asr_attctc_th:2067) INFO: input lengths: 39
2018-07-11 13:13:15,887 (e2e_asr_attctc_th:2091) INFO: max output length: 39
2018-07-11 13:13:15,887 (e2e_asr_attctc_th:2092) INFO: min output length: 0
2018-07-11 13:13:17,536 (e2e_asr_attctc_th:2206) INFO: no hypothesis. Finish decoding.
2018-07-11 13:13:17,536 (e2e_asr_attctc_th:2217) INFO: total log probability: -5.97856804967
2018-07-11 13:13:17,536 (e2e_asr_attctc_th:2218) INFO: normalized log probability: -0.398571203311
2018-07-11 13:13:17,537 (asr_pytorch:468) INFO: groundtruth[1502-2_spk_1502_2_084990-085147]: 啵盬釘鄔司件幹佬言沂咩佰囖
2018-07-11 13:13:17,537 (asr_pytorch:469) INFO: prediction [1502-2_spk_1502_2_084990-085147]: 一陣間都可以過你解決咗佢咯<eos>
2018-07-11 13:13:17,546 (e2e_asr_attctc_th:2977) INFO: BLSTMP input lengths: [258]
2018-07-11 13:13:18,044 (e2e_asr_attctc_th:2067) INFO: input lengths: 65
2018-07-11 13:13:18,045 (e2e_asr_attctc_th:2091) INFO: max output length: 65
2018-07-11 13:13:18,045 (e2e_asr_attctc_th:2092) INFO: min output length: 0
2018-07-11 13:13:19,238 (e2e_asr_attctc_th:2199) INFO: end detected at 14
2018-07-11 13:13:19,238 (e2e_asr_attctc_th:2217) INFO: total log probability: -4.92329498101
2018-07-11 13:13:19,238 (e2e_asr_attctc_th:2218) INFO: normalized log probability: -0.547032775668
2018-07-11 13:13:19,239 (asr_pytorch:468) INFO: groundtruth[12_spk_12_056791-057052]: 閉未WXE~俏馭渺嘍
2018-07-11 13:13:19,239 (asr_pytorch:469) INFO: prediction [12_spk_12_056791-057052]: 上期俾人香港應<eos>
2018-07-11 13:13:19,248 (e2e_asr_attctc_th:2977) INFO: BLSTMP input lengths: [460]
2018-07-11 13:13:19,871 (e2e_asr_attctc_th:2067) INFO: input lengths: 115
2018-07-11 13:13:19,872 (e2e_asr_attctc_th:2091) INFO: max output length: 115
2018-07-11 13:13:19,872 (e2e_asr_attctc_th:2092) INFO: min output length: 0
2018-07-11 13:13:24,195 (e2e_asr_attctc_th:2206) INFO: no hypothesis. Finish decoding.
2018-07-11 13:13:24,195 (e2e_asr_attctc_th:2217) INFO: total log probability: -30.9662064863
2018-07-11 13:13:24,195 (e2e_asr_attctc_th:2218) INFO: normalized log probability: -0.938369893525
2018-07-11 13:13:24,196 (asr_pytorch:468) INFO: groundtruth[1503-1_spk_1503_1_033796-034258]: 咋手件旨誅呯戛址兒速矮差佬址兒旨手件尻唪津據忐迫旨朕迫俢隨啼囖俏啖
2018-07-11 13:13:24,196 (asr_pytorch:469) INFO: prediction [1503-1_spk_1503_1_033796-034258]: 咁所以嘅話樓我哋先夠知上嚟嘅先嘅所以咁唔係咁翻快就一翻好像啲啦<eos>
2018-07-11 13:13:24,204 (e2e_asr_attctc_th:2977) INFO: BLSTMP input lengths: [198]
2018-07-11 13:13:24,480 (e2e_asr_attctc_th:2067) INFO: input lengths: 50
2018-07-11 13:13:24,481 (e2e_asr_attctc_th:2091) INFO: max output length: 50
2018-07-11 13:13:24,481 (e2e_asr_attctc_th:2092) INFO: min output length: 0
2018-07-11 13:13:25,734 (e2e_asr_attctc_th:2206) INFO: no hypothesis. Finish decoding.
2018-07-11 13:13:25,734 (e2e_asr_attctc_th:2217) INFO: total log probability: -4.99678647146
2018-07-11 13:13:25,734 (e2e_asr_attctc_th:2218) INFO: normalized log probability: -0.384368190112
2018-07-11 13:13:25,735 (asr_pytorch:468) INFO: groundtruth[1502-2_spk_1502_2_073440-073640]: 倔TE~QIRX旅<unk>啯佬俏由琉針
2018-07-11 13:13:25,735 (asr_pytorch:469) INFO: prediction [1502-2_spk_1502_2_073440-073640]: 個基文方麵啦你係用現金<eos>
2018-07-11 13:13:25,750 (e2e_asr_attctc_th:2977) INFO: BLSTMP input lengths: [184]
2018-07-11 13:13:26,132 (e2e_asr_attctc_th:2067) INFO: input lengths: 46
2018-07-11 13:13:26,132 (e2e_asr_attctc_th:2091) INFO: max output length: 46
2018-07-11 13:13:26,132 (e2e_asr_attctc_th:2092) INFO: min output length: 0
2018-07-11 13:13:28,581 (e2e_asr_attctc_th:2199) INFO: end detected at 24
2018-07-11 13:13:28,581 (e2e_asr_attctc_th:2217) INFO: total log probability: -12.6910423343
2018-07-11 13:13:28,581 (e2e_asr_attctc_th:2218) INFO: normalized log probability: -0.667949596542
2018-07-11 13:13:28,582 (asr_pytorch:468) INFO: groundtruth[1502-2_spk_1502_2_040771-040957]: 戛員公郷囹烕郷閊手件戛員GEPP迫<unk>嚦
2018-07-11 13:13:28,582 (asr_pytorch:469) INFO: prediction [1502-2_spk_1502_2_040771-040957]: 你話佢因為同你所以同你CALL翻咗<eos>
2018-07-11 13:13:28,590 (e2e_asr_attctc_th:2977) INFO: BLSTMP input lengths: [51]
2018-07-11 13:13:28,678 (e2e_asr_attctc_th:2067) INFO: input lengths: 13
2018-07-11 13:13:28,679 (e2e_asr_attctc_th:2091) INFO: max output length: 13
2018-07-11 13:13:28,679 (e2e_asr_attctc_th:2092) INFO: min output length: 0
2018-07-11 13:13:29,053 (e2e_asr_attctc_th:2199) INFO: end detected at 8
2018-07-11 13:13:29,054 (e2e_asr_attctc_th:2217) INFO: total log probability: -0.62587223947
2018-07-11 13:13:29,054 (e2e_asr_attctc_th:2218) INFO: normalized log probability: -0.208624079823
2018-07-11 13:13:29,055 (asr_pytorch:468) INFO: groundtruth[1501-2_spk_1501_2_083744-083797]: 嗶
2018-07-11 13:13:29,055 (asr_pytorch:469) INFO: prediction [1501-2_spk_1501_2_083744-083797]: 嗯<eos>
2018-07-11 13:13:29,070 (e2e_asr_attctc_th:2977) INFO: BLSTMP input lengths: [345]
2018-07-11 13:13:29,526 (e2e_asr_attctc_th:2067) INFO: input lengths: 87
2018-07-11 13:13:29,526 (e2e_asr_attctc_th:2091) INFO: max output length: 87
2018-07-11 13:13:29,526 (e2e_asr_attctc_th:2092) INFO: min output length: 0
2018-07-11 13:13:31,534 (e2e_asr_attctc_th:2199) INFO: end detected at 21
2018-07-11 13:13:31,534 (e2e_asr_attctc_th:2217) INFO: total log probability: -11.6942740083
2018-07-11 13:13:31,534 (e2e_asr_attctc_th:2218) INFO: normalized log probability: -0.779618267218
2018-07-11 13:13:31,535 (asr_pytorch:468) INFO: groundtruth[9_spk_9_053140-053487]: B咋樺嘍誅呯BB旅<unk>
2018-07-11 13:13:31,535 (asr_pytorch:469) INFO: prediction [9_spk_9_053140-053487]: 誒咁樣嘅話呢誒將正嘅我哋一<eos>
2018-07-11 13:13:31,545 (e2e_asr_attctc_th:2977) INFO: BLSTMP input lengths: [753]
2018-07-11 13:13:32,585 (e2e_asr_attctc_th:2067) INFO: input lengths: 189
2018-07-11 13:13:32,586 (e2e_asr_attctc_th:2091) INFO: max output length: 189
2018-07-11 13:13:32,586 (e2e_asr_attctc_th:2092) INFO: min output length: 0
2018-07-11 13:13:43,066 (e2e_asr_attctc_th:2206) INFO: no hypothesis. Finish decoding.
2018-07-11 13:13:43,066 (e2e_asr_attctc_th:2217) INFO: total log probability: -32.2698721262
2018-07-11 13:13:43,066 (e2e_asr_attctc_th:2218) INFO: normalized log probability: -0.71710826947
2018-07-11 13:13:43,067 (asr_pytorch:468) INFO: groundtruth[4_spk_4_057060-057815]: 俏咋B佬啦勞咩乒得呯見䦕換換享囹烕佬俏B諛啞佬俏由_MJM綺絨宣邋晉由緘戛員嘍WQEVXSRI綺絨呈
2018-07-11 13:13:43,067 (asr_pytorch:469) INFO: prediction [4_spk_4_057060-057815]: 誒咁誒你繼種多之後呢個咁睇係交因為你係誒咁問你係用話翻去網絡定冇先用緊我哋媽中嘅網絡啊<eos>
2018-07-11 13:13:43,082 (e2e_asr_attctc_th:2977) INFO: BLSTMP input lengths: [383]
2018-07-11 13:13:43,792 (e2e_asr_attctc_th:2067) INFO: input lengths: 96
2018-07-11 13:13:43,792 (e2e_asr_attctc_th:2091) INFO: max output length: 96
2018-07-11 13:13:43,792 (e2e_asr_attctc_th:2092) INFO: min output length: 0
2018-07-11 13:13:47,783 (e2e_asr_attctc_th:2199) INFO: end detected at 34
2018-07-11 13:13:47,783 (e2e_asr_attctc_th:2217) INFO: total log probability: -14.2159542153
2018-07-11 13:13:47,783 (e2e_asr_attctc_th:2218) INFO: normalized log probability: -0.490205317768
2018-07-11 13:13:47,784 (asr_pytorch:468) INFO: groundtruth[9_spk_9_053416-053802]: 咋何佰朕序樺釗倍戛揉三倔尻俏HIWGVMTXMSR啯
2018-07-11 13:13:47,784 (asr_pytorch:469) INFO: prediction [9_spk_9_053416-053802]: 你知我去有幾遠嘢俾我揀一個就係點SCHEACHION啦<eos>
2018-07-11 13:13:47,792 (e2e_asr_attctc_th:2977) INFO: BLSTMP input lengths: [198]
2018-07-11 13:13:48,094 (e2e_asr_attctc_th:2067) INFO: input lengths: 50
2018-07-11 13:13:48,095 (e2e_asr_attctc_th:2091) INFO: max output length: 50
2018-07-11 13:13:48,095 (e2e_asr_attctc_th:2092) INFO: min output length: 0
2018-07-11 13:13:49,237 (e2e_asr_attctc_th:2199) INFO: end detected at 16
2018-07-11 13:13:49,237 (e2e_asr_attctc_th:2217) INFO: total log probability: -5.74348575622
2018-07-11 13:13:49,237 (e2e_asr_attctc_th:2218) INFO: normalized log probability: -0.574348575622
2018-07-11 13:13:49,238 (asr_pytorch:468) INFO: groundtruth[3_spk_3_027927-028127]: 哲倔世孋鄔朕㨃啯丕嘢
2018-07-11 13:13:49,238 (asr_pytorch:469) INFO: prediction [3_spk_3_027927-028127]: 呢個不啦都有噶啦<eos>
2018-07-11 13:13:49,246 (e2e_asr_attctc_th:2977) INFO: BLSTMP input lengths: [231]
2018-07-11 13:13:49,587 (e2e_asr_attctc_th:2067) INFO: input lengths: 58
2018-07-11 13:13:49,587 (e2e_asr_attctc_th:2091) INFO: max output length: 58
2018-07-11 13:13:49,587 (e2e_asr_attctc_th:2092) INFO: min output length: 0
2018-07-11 13:13:51,350 (e2e_asr_attctc_th:2199) INFO: end detected at 22
2018-07-11 13:13:51,350 (e2e_asr_attctc_th:2217) INFO: total log probability: -4.08332192339
2018-07-11 13:13:51,350 (e2e_asr_attctc_th:2218) INFO: normalized log probability: -0.240195407258
2018-07-11 13:13:51,351 (asr_pytorch:468) INFO: groundtruth[4_spk_4_021115-021348]: 咋陋兒用誅戛矮遛佬怪何由耗<unk>戛
2018-07-11 13:13:51,351 (asr_pytorch:469) INFO: prediction [4_spk_4_021115-021348]: 咁我先生我我知道你急住用而傢我<eos>
2018-07-11 13:13:51,358 (e2e_asr_attctc_th:2977) INFO: BLSTMP input lengths: [82]
2018-07-11 13:13:51,471 (e2e_asr_attctc_th:2067) INFO: input lengths: 21
2018-07-11 13:13:51,471 (e2e_asr_attctc_th:2091) INFO: max output length: 21
2018-07-11 13:13:51,472 (e2e_asr_attctc_th:2092) INFO: min output length: 0
2018-07-11 13:13:51,978 (e2e_asr_attctc_th:2199) INFO: end detected at 11
2018-07-11 13:13:51,978 (e2e_asr_attctc_th:2217) INFO: total log probability: -2.77076951414
2018-07-11 13:13:51,978 (e2e_asr_attctc_th:2218) INFO: normalized log probability: -0.554153902829
2018-07-11 13:13:51,979 (asr_pytorch:468) INFO: groundtruth[1503-2_spk_1503_2_099702-099786]: 嗶妊
2018-07-11 13:13:51,979 (asr_pytorch:469) INFO: prediction [1503-2_spk_1503_2_099702-099786]: 好唔好<eos>
2018-07-11 13:13:51,988 (e2e_asr_attctc_th:2977) INFO: BLSTMP input lengths: [622]
2018-07-11 13:13:52,821 (e2e_asr_attctc_th:2067) INFO: input lengths: 156
2018-07-11 13:13:52,821 (e2e_asr_attctc_th:2091) INFO: max output length: 156
2018-07-11 13:13:52,821 (e2e_asr_attctc_th:2092) INFO: min output length: 0
2018-07-11 13:13:57,643 (e2e_asr_attctc_th:2206) INFO: no hypothesis. Finish decoding.
2018-07-11 13:13:57,643 (e2e_asr_attctc_th:2217) INFO: total log probability: -17.0983203952
2018-07-11 13:13:57,643 (e2e_asr_attctc_th:2218) INFO: normalized log probability: -0.488523439863
2018-07-11 13:13:57,644 (asr_pytorch:468) INFO: groundtruth[4_spk_4_061102-061726]: B哲倔嘍誅呯俏件疊址馬鄔晏閙需晏需列叄刺疊晟亙卉丐黴亞卉乸列咋樺嘍
2018-07-11 13:13:57,644 (asr_pytorch:469) INFO: prediction [4_spk_4_061102-061726]: 啊呢個個話呢係以當地手都時間平時零分去到當晚二十三月五十九分咁樣嘅<eos>
2018-07-11 13:13:57,652 (e2e_asr_attctc_th:2977) INFO: BLSTMP input lengths: [176]
2018-07-11 13:13:57,894 (e2e_asr_attctc_th:2067) INFO: input lengths: 44
2018-07-11 13:13:57,895 (e2e_asr_attctc_th:2091) INFO: max output length: 44
2018-07-11 13:13:57,895 (e2e_asr_attctc_th:2092) INFO: min output length: 0
2018-07-11 13:13:59,219 (e2e_asr_attctc_th:2199) INFO: end detected at 17
2018-07-11 13:13:59,219 (e2e_asr_attctc_th:2217) INFO: total log probability: -10.0904868012
2018-07-11 13:13:59,219 (e2e_asr_attctc_th:2218) INFO: normalized log probability: -0.776191292402
2018-07-11 13:13:59,219 (asr_pytorch:468) INFO: groundtruth[1502-2_spk_1502_2_033650-033828]: 毛倔朔SYX嘍錯佬鄔見睛迫佬
2018-07-11 13:13:59,220 (asr_pytorch:469) INFO: prediction [1502-2_spk_1502_2_033650-033828]: 冇上歐位錢你都要睇翻你<eos>
2018-07-11 13:13:59,227 (e2e_asr_attctc_th:2977) INFO: BLSTMP input lengths: [13]
2018-07-11 13:13:59,257 (e2e_asr_attctc_th:2067) INFO: input lengths: 4
2018-07-11 13:13:59,258 (e2e_asr_attctc_th:2091) INFO: max output length: 4
2018-07-11 13:13:59,258 (e2e_asr_attctc_th:2092) INFO: min output length: 0
2018-07-11 13:13:59,383 (e2e_asr_attctc_th:2180) INFO: adding <eos> in the last postion in the loop
2018-07-11 13:13:59,383 (e2e_asr_attctc_th:2206) INFO: no hypothesis. Finish decoding.
2018-07-11 13:13:59,383 (e2e_asr_attctc_th:2217) INFO: total log probability: -0.0117389296647
2018-07-11 13:13:59,383 (e2e_asr_attctc_th:2218) INFO: normalized log probability: -0.00391297655491
2018-07-11 13:13:59,384 (asr_pytorch:468) INFO: groundtruth[1502-2_spk_1502_2_054559-054574]: 嗶
2018-07-11 13:13:59,384 (asr_pytorch:469) INFO: prediction [1502-2_spk_1502_2_054559-054574]: 嗯<eos>
2018-07-11 13:13:59,393 (e2e_asr_attctc_th:2977) INFO: BLSTMP input lengths: [567]
2018-07-11 13:14:00,113 (e2e_asr_attctc_th:2067) INFO: input lengths: 142
2018-07-11 13:14:00,114 (e2e_asr_attctc_th:2091) INFO: max output length: 142
2018-07-11 13:14:00,114 (e2e_asr_attctc_th:2092) INFO: min output length: 0
2018-07-11 13:14:07,658 (e2e_asr_attctc_th:2206) INFO: no hypothesis. Finish decoding.
2018-07-11 13:14:07,658 (e2e_asr_attctc_th:2217) INFO: total log probability: -23.399085341
2018-07-11 13:14:07,658 (e2e_asr_attctc_th:2218) INFO: normalized log probability: -0.649974592806
2018-07-11 13:14:07,659 (asr_pytorch:468) INFO: groundtruth[4_spk_4_054073-054641]: 俏呈然鍋嗺可側然垣_MJM蛤啯咋佰呯俏朕倔MGSR皅芋嘍咋倔PSKS尻藜芋嘍
2018-07-11 13:14:07,659 (asr_pytorch:469) INFO: prediction [4_spk_4_054073-054641]: 係你冇錯內叫做冇人威翻等咯感覺咧係有個ICAN白色嘅感覺都嗰個藍色噶<eos>
2018-07-11 13:14:07,673 (e2e_asr_attctc_th:2977) INFO: BLSTMP input lengths: [198]
2018-07-11 13:14:08,057 (e2e_asr_attctc_th:2067) INFO: input lengths: 50
2018-07-11 13:14:08,058 (e2e_asr_attctc_th:2091) INFO: max output length: 50
2018-07-11 13:14:08,058 (e2e_asr_attctc_th:2092) INFO: min output length: 0
2018-07-11 13:14:08,893 (e2e_asr_attctc_th:2206) INFO: no hypothesis. Finish decoding.
2018-07-11 13:14:08,893 (e2e_asr_attctc_th:2217) INFO: total log probability: -2.69326872751
2018-07-11 13:14:08,894 (e2e_asr_attctc_th:2218) INFO: normalized log probability: -0.336658590939
2018-07-11 13:14:08,894 (asr_pytorch:468) INFO: groundtruth[1501-2_spk_1501_2_093280-093480]: 哭妊妊唪誆佬
2018-07-11 13:14:08,894 (asr_pytorch:469) INFO: prediction [1501-2_spk_1501_2_093280-093480]: 哦哦我唔翻嚟<eos>
2018-07-11 13:14:08,909 (e2e_asr_attctc_th:2977) INFO: BLSTMP input lengths: [325]
2018-07-11 13:14:09,546 (e2e_asr_attctc_th:2067) INFO: input lengths: 82
2018-07-11 13:14:09,547 (e2e_asr_attctc_th:2091) INFO: max output length: 82
2018-07-11 13:14:09,547 (e2e_asr_attctc_th:2092) INFO: min output length: 0
2018-07-11 13:14:12,193 (e2e_asr_attctc_th:2199) INFO: end detected at 19
2018-07-11 13:14:12,193 (e2e_asr_attctc_th:2217) INFO: total log probability: -15.3543192483
2018-07-11 13:14:12,193 (e2e_asr_attctc_th:2218) INFO: normalized log probability: -1.09673708917
2018-07-11 13:14:12,194 (asr_pytorch:468) INFO: groundtruth[1501-2_spk_1501_2_062445-062772]: B戡耐夭域墱嗷閙麵疊勵
2018-07-11 13:14:12,194 (asr_pytorch:469) INFO: prediction [1501-2_spk_1501_2_062445-062772]: 誒成日就係課去嗰間文江門<eos>
2018-07-11 13:14:12,202 (e2e_asr_attctc_th:2977) INFO: BLSTMP input lengths: [135]
2018-07-11 13:14:12,395 (e2e_asr_attctc_th:2067) INFO: input lengths: 34
2018-07-11 13:14:12,396 (e2e_asr_attctc_th:2091) INFO: max output length: 34
2018-07-11 13:14:12,396 (e2e_asr_attctc_th:2092) INFO: min output length: 0
2018-07-11 13:14:13,504 (e2e_asr_attctc_th:2199) INFO: end detected at 17
2018-07-11 13:14:13,504 (e2e_asr_attctc_th:2217) INFO: total log probability: -13.4083334357
2018-07-11 13:14:13,504 (e2e_asr_attctc_th:2218) INFO: normalized log probability: -1.11736111964
2018-07-11 13:14:13,505 (asr_pytorch:468) INFO: groundtruth[12_spk_12_028495-028633]: 俏啖戛鄔住俏啖
2018-07-11 13:14:13,505 (asr_pytorch:469) INFO: prediction [12_spk_12_028495-028633]: 係我哋我換咗係好緊啊<eos>
2018-07-11 13:14:13,512 (e2e_asr_attctc_th:2977) INFO: BLSTMP input lengths: [52]
2018-07-11 13:14:13,600 (e2e_asr_attctc_th:2067) INFO: input lengths: 13
2018-07-11 13:14:13,600 (e2e_asr_attctc_th:2091) INFO: max output length: 13
2018-07-11 13:14:13,600 (e2e_asr_attctc_th:2092) INFO: min output length: 0
2018-07-11 13:14:13,918 (e2e_asr_attctc_th:2199) INFO: end detected at 7
2018-07-11 13:14:13,919 (e2e_asr_attctc_th:2217) INFO: total log probability: -0.802261156961
2018-07-11 13:14:13,919 (e2e_asr_attctc_th:2218) INFO: normalized log probability: -0.267420385654
2018-07-11 13:14:13,920 (asr_pytorch:468) INFO: groundtruth[1504-2_spk_1504_2_044602-044656]: 咋
2018-07-11 13:14:13,920 (asr_pytorch:469) INFO: prediction [1504-2_spk_1504_2_044602-044656]: 等<eos>
2018-07-11 13:14:13,928 (e2e_asr_attctc_th:2977) INFO: BLSTMP input lengths: [273]
2018-07-11 13:14:14,372 (e2e_asr_attctc_th:2067) INFO: input lengths: 69
2018-07-11 13:14:14,373 (e2e_asr_attctc_th:2091) INFO: max output length: 69
2018-07-11 13:14:14,373 (e2e_asr_attctc_th:2092) INFO: min output length: 0
2018-07-11 13:14:17,004 (e2e_asr_attctc_th:2199) INFO: end detected at 21
2018-07-11 13:14:17,004 (e2e_asr_attctc_th:2217) INFO: total log probability: -1.06013872568
2018-07-11 13:14:17,004 (e2e_asr_attctc_th:2218) INFO: normalized log probability: -0.0662586703547
2018-07-11 13:14:17,005 (asr_pytorch:468) INFO: groundtruth[1502-2_spk_1502_2_031495-031770]: 啵冀寫鄔司件叄冗睛迫呯樺釗囖
2018-07-11 13:14:17,006 (asr_pytorch:469) INFO: prediction [1502-2_spk_1502_2_031495-031770]: 即其實都可以去再睇翻呢樣嘢咯<eos>
2018-07-11 13:14:17,014 (e2e_asr_attctc_th:2977) INFO: BLSTMP input lengths: [328]
2018-07-11 13:14:17,444 (e2e_asr_attctc_th:2067) INFO: input lengths: 82
2018-07-11 13:14:17,445 (e2e_asr_attctc_th:2091) INFO: max output length: 82
2018-07-11 13:14:17,445 (e2e_asr_attctc_th:2092) INFO: min output length: 0
2018-07-11 13:14:20,156 (e2e_asr_attctc_th:2199) INFO: end detected at 28
2018-07-11 13:14:20,156 (e2e_asr_attctc_th:2217) INFO: total log probability: -18.8471187232
2018-07-11 13:14:20,156 (e2e_asr_attctc_th:2218) INFO: normalized log probability: -0.856687214691
2018-07-11 13:14:20,158 (asr_pytorch:468) INFO: groundtruth[1503-1_spk_1503_1_045356-045686]: 姚俏唪服毯仇址啖差倔UYSXE呯臺巷反冏從NSMR啖咋樺樺
2018-07-11 13:14:20,158 (asr_pytorch:469) INFO: prediction [1503-1_spk_1503_1_045356-045686]: 日話有人嚟那咗好怕你咁自己又冇得咗人咁樣<eos>
2018-07-11 13:14:20,171 (e2e_asr_attctc_th:2977) INFO: BLSTMP input lengths: [271]
2018-07-11 13:14:20,538 (e2e_asr_attctc_th:2067) INFO: input lengths: 68
2018-07-11 13:14:20,539 (e2e_asr_attctc_th:2091) INFO: max output length: 68
2018-07-11 13:14:20,539 (e2e_asr_attctc_th:2092) INFO: min output length: 0
2018-07-11 13:14:22,362 (e2e_asr_attctc_th:2199) INFO: end detected at 21
2018-07-11 13:14:22,362 (e2e_asr_attctc_th:2217) INFO: total log probability: -9.93586916104
2018-07-11 13:14:22,362 (e2e_asr_attctc_th:2218) INFO: normalized log probability: -0.620991822565
2018-07-11 13:14:22,363 (asr_pytorch:468) INFO: groundtruth[4_spk_4_023816-024089]: 誅響反俏䦕1孝咋尻揉畸延枉誅
2018-07-11 13:14:22,363 (asr_pytorch:469) INFO: prediction [4_spk_4_023816-024089]: 畫音啊係咁一隻不得揀翻廣東話<eos>
2018-07-11 13:14:22,372 (e2e_asr_attctc_th:2977) INFO: BLSTMP input lengths: [513]
2018-07-11 13:14:23,024 (e2e_asr_attctc_th:2067) INFO: input lengths: 129
2018-07-11 13:14:23,024 (e2e_asr_attctc_th:2091) INFO: max output length: 129
2018-07-11 13:14:23,024 (e2e_asr_attctc_th:2092) INFO: min output length: 0
2018-07-11 13:14:29,788 (e2e_asr_attctc_th:2199) INFO: end detected at 44
2018-07-11 13:14:29,788 (e2e_asr_attctc_th:2217) INFO: total log probability: -23.0336639066
2018-07-11 13:14:29,788 (e2e_asr_attctc_th:2218) INFO: normalized log probability: -0.590606766836
2018-07-11 13:14:29,789 (asr_pytorch:468) INFO: groundtruth[4_spk_4_004215-004730]: 俏呈戛員俏然辯波幹佬皂訢伊作望募㨃戛員侶邕割俏貨買畸俏謬言畸啼儼想咋樺嘍姚
2018-07-11 13:14:29,789 (asr_pytorch:469) INFO: prediction [4_spk_4_004215-004730]: 係啊我哋係冇辦法方嚟登記任何我冇計我哋已經最有負責翻係講大翻啲優惠咁樣噶啫<eos>
2018-07-11 13:14:29,798 (e2e_asr_attctc_th:2977) INFO: BLSTMP input lengths: [346]
2018-07-11 13:14:30,279 (e2e_asr_attctc_th:2067) INFO: input lengths: 87
2018-07-11 13:14:30,280 (e2e_asr_attctc_th:2091) INFO: max output length: 87
2018-07-11 13:14:30,280 (e2e_asr_attctc_th:2092) INFO: min output length: 0
2018-07-11 13:14:32,858 (e2e_asr_attctc_th:2206) INFO: no hypothesis. Finish decoding.
2018-07-11 13:14:32,858 (e2e_asr_attctc_th:2217) INFO: total log probability: -7.7087459818
2018-07-11 13:14:32,858 (e2e_asr_attctc_th:2218) INFO: normalized log probability: -0.308349839272
2018-07-11 13:14:32,859 (asr_pytorch:468) INFO: groundtruth[3_spk_3_053407-053754]: 覢戛員俏序咋卿俏誅帖朧司件略畸陋酋用佬倔宭扁囖
2018-07-11 13:14:32,859 (asr_pytorch:469) INFO: prediction [3_spk_3_053407-053754]: 見我哋係幾咁即係玩希望可以留翻啦等山你個客戶咯<eos>
2018-07-11 13:14:32,868 (e2e_asr_attctc_th:2977) INFO: BLSTMP input lengths: [274]
2018-07-11 13:14:33,341 (e2e_asr_attctc_th:2067) INFO: input lengths: 69
2018-07-11 13:14:33,341 (e2e_asr_attctc_th:2091) INFO: max output length: 69
2018-07-11 13:14:33,341 (e2e_asr_attctc_th:2092) INFO: min output length: 0
2018-07-11 13:14:34,903 (e2e_asr_attctc_th:2199) INFO: end detected at 19
2018-07-11 13:14:34,903 (e2e_asr_attctc_th:2217) INFO: total log probability: -6.00152241113
2018-07-11 13:14:34,903 (e2e_asr_attctc_th:2218) INFO: normalized log probability: -0.428680172223
2018-07-11 13:14:34,904 (asr_pytorch:468) INFO: groundtruth[1504-1_spk_1504_1_063746-064022]: 哭貽郷貽郷齣檀煉乒得且<unk>
2018-07-11 13:14:34,904 (asr_pytorch:469) INFO: prediction [1504-1_spk_1504_1_063746-064022]: 我買去買部街機然之後上颱<eos>
2018-07-11 13:14:34,912 (e2e_asr_attctc_th:2977) INFO: BLSTMP input lengths: [220]
2018-07-11 13:14:35,210 (e2e_asr_attctc_th:2067) INFO: input lengths: 55
2018-07-11 13:14:35,210 (e2e_asr_attctc_th:2091) INFO: max output length: 55
2018-07-11 13:14:35,210 (e2e_asr_attctc_th:2092) INFO: min output length: 0
2018-07-11 13:14:36,466 (e2e_asr_attctc_th:2199) INFO: end detected at 17
2018-07-11 13:14:36,466 (e2e_asr_attctc_th:2217) INFO: total log probability: -12.634413356
2018-07-11 13:14:36,466 (e2e_asr_attctc_th:2218) INFO: normalized log probability: -1.05286777966
2018-07-11 13:14:36,467 (asr_pytorch:468) INFO: groundtruth[1503-1_spk_1503_1_051000-051222]: 哭SO夭域昔遐丹忐嗷邕呯戛見可佬摁三摁戛吔井可啖FIR旨嗺啖FIR畈付黒柎
2018-07-11 13:14:36,467 (asr_pytorch:469) INFO: prediction [1503-1_spk_1503_1_051000-051222]: 我屋企快翻好清華中心<eos>
2018-07-11 13:14:36,475 (e2e_asr_attctc_th:2977) INFO: BLSTMP input lengths: [140]
2018-07-11 13:14:36,656 (e2e_asr_attctc_th:2067) INFO: input lengths: 35
2018-07-11 13:14:36,657 (e2e_asr_attctc_th:2091) INFO: max output length: 35
2018-07-11 13:14:36,657 (e2e_asr_attctc_th:2092) INFO: min output length: 0
2018-07-11 13:14:37,746 (e2e_asr_attctc_th:2199) INFO: end detected at 16
2018-07-11 13:14:37,746 (e2e_asr_attctc_th:2217) INFO: total log probability: -5.37242209306
2018-07-11 13:14:37,746 (e2e_asr_attctc_th:2218) INFO: normalized log probability: -0.447701841088
2018-07-11 13:14:37,747 (asr_pytorch:468) INFO: groundtruth[1502-2_spk_1502_2_002907-003049]: 咋冀寫尻愈吔佬跨逾迫
2018-07-11 13:14:37,747 (asr_pytorch:469) INFO: prediction [1502-2_spk_1502_2_002907-003049]: 咁嘅就想同你跟進生人<eos>
2018-07-11 13:14:37,756 (e2e_asr_attctc_th:2977) INFO: BLSTMP input lengths: [104]
2018-07-11 13:14:37,921 (e2e_asr_attctc_th:2067) INFO: input lengths: 26
2018-07-11 13:14:37,922 (e2e_asr_attctc_th:2091) INFO: max output length: 26
2018-07-11 13:14:37,922 (e2e_asr_attctc_th:2092) INFO: min output length: 0
2018-07-11 13:14:38,644 (e2e_asr_attctc_th:2199) INFO: end detected at 13
2018-07-11 13:14:38,645 (e2e_asr_attctc_th:2217) INFO: total log probability: -7.14493811806
2018-07-11 13:14:38,645 (e2e_asr_attctc_th:2218) INFO: normalized log probability: -0.893117264757
2018-07-11 13:14:38,645 (asr_pytorch:468) INFO: groundtruth[1501-1_spk_1501_1_040884-040990]: 琉針嘍<unk>贗囖
2018-07-11 13:14:38,645 (asr_pytorch:469) INFO: prediction [1501-1_spk_1501_1_040884-040990]: 現得就迴曬咯<eos>
2018-07-11 13:14:38,653 (e2e_asr_attctc_th:2977) INFO: BLSTMP input lengths: [198]
2018-07-11 13:14:38,909 (e2e_asr_attctc_th:2067) INFO: input lengths: 50
2018-07-11 13:14:38,909 (e2e_asr_attctc_th:2091) INFO: max output length: 50
2018-07-11 13:14:38,909 (e2e_asr_attctc_th:2092) INFO: min output length: 0
2018-07-11 13:14:39,690 (e2e_asr_attctc_th:2206) INFO: no hypothesis. Finish decoding.
2018-07-11 13:14:39,690 (e2e_asr_attctc_th:2217) INFO: total log probability: -11.0730226971
2018-07-11 13:14:39,690 (e2e_asr_attctc_th:2218) INFO: normalized log probability: -1.10730226971
2018-07-11 13:14:39,691 (asr_pytorch:468) INFO: groundtruth[8_spk_8_018772-018972]: 戛尻畸屏伏尻間_MJM
2018-07-11 13:14:39,691 (asr_pytorch:469) INFO: prediction [8_spk_8_018772-018972]: 我齣濕佢度開拉齋<eos>
2018-07-11 13:14:39,700 (e2e_asr_attctc_th:2977) INFO: BLSTMP input lengths: [198]
2018-07-11 13:14:39,961 (e2e_asr_attctc_th:2067) INFO: input lengths: 50
2018-07-11 13:14:39,961 (e2e_asr_attctc_th:2091) INFO: max output length: 50
2018-07-11 13:14:39,961 (e2e_asr_attctc_th:2092) INFO: min output length: 0
2018-07-11 13:14:41,362 (e2e_asr_attctc_th:2199) INFO: end detected at 17
2018-07-11 13:14:41,362 (e2e_asr_attctc_th:2217) INFO: total log probability: -6.45013042097
2018-07-11 13:14:41,362 (e2e_asr_attctc_th:2218) INFO: normalized log probability: -0.496163878536
2018-07-11 13:14:41,363 (asr_pytorch:468) INFO: groundtruth[1501-1_spk_1501_1_019103-019303]: 省少嚦謬尻筐族逆兮倔朔
2018-07-11 13:14:41,364 (asr_pytorch:469) INFO: prediction [1501-1_spk_1501_1_019103-019303]: 傷到嚟嗰度等於送兩個月<eos>
2018-07-11 13:14:41,375 (e2e_asr_attctc_th:2977) INFO: BLSTMP input lengths: [428]
2018-07-11 13:14:41,964 (e2e_asr_attctc_th:2067) INFO: input lengths: 107
2018-07-11 13:14:41,965 (e2e_asr_attctc_th:2091) INFO: max output length: 107
2018-07-11 13:14:41,965 (e2e_asr_attctc_th:2092) INFO: min output length: 0
2018-07-11 13:14:44,576 (e2e_asr_attctc_th:2206) INFO: no hypothesis. Finish decoding.
2018-07-11 13:14:44,576 (e2e_asr_attctc_th:2217) INFO: total log probability: -12.4183109067
2018-07-11 13:14:44,576 (e2e_asr_attctc_th:2218) INFO: normalized log probability: -0.517429621114
2018-07-11 13:14:44,576 (asr_pytorch:468) INFO: groundtruth[1504-2_spk_1504_2_028372-028802]: 籌佬兮幻乒得跨何哎嘲三聼佬冏咩呯倔IVIV
2018-07-11 13:14:44,577 (asr_pytorch:469) INFO: prediction [1504-2_spk_1504_2_028372-028802]: 因為有陣時之後跟著一萬啦即係你冇咗呢個咯誒誒<eos>
2018-07-11 13:14:44,584 (e2e_asr_attctc_th:2977) INFO: BLSTMP input lengths: [68]
2018-07-11 13:14:44,681 (e2e_asr_attctc_th:2067) INFO: input lengths: 17
2018-07-11 13:14:44,681 (e2e_asr_attctc_th:2091) INFO: max output length: 17
2018-07-11 13:14:44,681 (e2e_asr_attctc_th:2092) INFO: min output length: 0
2018-07-11 13:14:45,407 (e2e_asr_attctc_th:2199) INFO: end detected at 14
2018-07-11 13:14:45,408 (e2e_asr_attctc_th:2217) INFO: total log probability: -1.85017343424
2018-07-11 13:14:45,408 (e2e_asr_attctc_th:2218) INFO: normalized log probability: -0.205574826027
2018-07-11 13:14:45,409 (asr_pytorch:468) INFO: groundtruth[1502-2_spk_1502_2_027825-027895]: 住佰員耗<unk>
2018-07-11 13:14:45,409 (asr_pytorch:469) INFO: prediction [1502-2_spk_1502_2_027825-027895]: 但係我哋而傢啱<eos>
2018-07-11 13:14:45,416 (e2e_asr_attctc_th:2977) INFO: BLSTMP input lengths: [39]
2018-07-11 13:14:45,479 (e2e_asr_attctc_th:2067) INFO: input lengths: 10
2018-07-11 13:14:45,479 (e2e_asr_attctc_th:2091) INFO: max output length: 10
2018-07-11 13:14:45,479 (e2e_asr_attctc_th:2092) INFO: min output length: 0
2018-07-11 13:14:45,803 (e2e_asr_attctc_th:2199) INFO: end detected at 8
2018-07-11 13:14:45,803 (e2e_asr_attctc_th:2217) INFO: total log probability: -0.184207811952
2018-07-11 13:14:45,803 (e2e_asr_attctc_th:2218) INFO: normalized log probability: -0.0614026039839
2018-07-11 13:14:45,804 (asr_pytorch:468) INFO: groundtruth[1501-1_spk_1501_1_050392-050433]: 俏
2018-07-11 13:14:45,804 (asr_pytorch:469) INFO: prediction [1501-1_spk_1501_1_050392-050433]: 係<eos>
2018-07-11 13:14:45,811 (e2e_asr_attctc_th:2977) INFO: BLSTMP input lengths: [38]
2018-07-11 13:14:45,875 (e2e_asr_attctc_th:2067) INFO: input lengths: 10
2018-07-11 13:14:45,875 (e2e_asr_attctc_th:2091) INFO: max output length: 10
2018-07-11 13:14:45,875 (e2e_asr_attctc_th:2092) INFO: min output length: 0
2018-07-11 13:14:46,233 (e2e_asr_attctc_th:2199) INFO: end detected at 8
2018-07-11 13:14:46,233 (e2e_asr_attctc_th:2217) INFO: total log probability: -0.0216509331949
2018-07-11 13:14:46,233 (e2e_asr_attctc_th:2218) INFO: normalized log probability: -0.00541273329873
2018-07-11 13:14:46,234 (asr_pytorch:468) INFO: groundtruth[1502-2_spk_1502_2_043471-043511]: 俏呈
2018-07-11 13:14:46,234 (asr_pytorch:469) INFO: prediction [1502-2_spk_1502_2_043471-043511]: 係啊<eos>
2018-07-11 13:14:46,242 (e2e_asr_attctc_th:2977) INFO: BLSTMP input lengths: [260]
2018-07-11 13:14:46,620 (e2e_asr_attctc_th:2067) INFO: input lengths: 65
2018-07-11 13:14:46,620 (e2e_asr_attctc_th:2091) INFO: max output length: 65
2018-07-11 13:14:46,620 (e2e_asr_attctc_th:2092) INFO: min output length: 0
2018-07-11 13:14:48,409 (e2e_asr_attctc_th:2199) INFO: end detected at 22
2018-07-11 13:14:48,409 (e2e_asr_attctc_th:2217) INFO: total log probability: -13.0616477132
2018-07-11 13:14:48,409 (e2e_asr_attctc_th:2218) INFO: normalized log probability: -0.816352982074
2018-07-11 13:14:48,410 (asr_pytorch:468) INFO: groundtruth[1504-1_spk_1504_1_053602-053864]: 唪妊尋倔雪蛤六郷攆曳嗄三倔籟刺吟嘢
2018-07-11 13:14:48,410 (asr_pytorch:469) INFO: prediction [1504-1_spk_1504_1_053602-053864]: 冇將個雞蛋全部化曬一個攬度啊<eos>
2018-07-11 13:14:48,418 (e2e_asr_attctc_th:2977) INFO: BLSTMP input lengths: [146]
2018-07-11 13:14:48,615 (e2e_asr_attctc_th:2067) INFO: input lengths: 37
2018-07-11 13:14:48,616 (e2e_asr_attctc_th:2091) INFO: max output length: 37
2018-07-11 13:14:48,616 (e2e_asr_attctc_th:2092) INFO: min output length: 0
2018-07-11 13:14:49,552 (e2e_asr_attctc_th:2206) INFO: no hypothesis. Finish decoding.
2018-07-11 13:14:49,552 (e2e_asr_attctc_th:2217) INFO: total log probability: -9.45939328149
2018-07-11 13:14:49,552 (e2e_asr_attctc_th:2218) INFO: normalized log probability: -0.727645637038
2018-07-11 13:14:49,553 (asr_pytorch:468) INFO: groundtruth[1503-1_spk_1503_1_006954-007102]: 朵忑服側刺戛址呯倔朔賀
2018-07-11 13:14:49,553 (asr_pytorch:469) INFO: prediction [1503-1_spk_1503_1_006954-007102]: 未必會做得我嘅你講嘢係<eos>
2018-07-11 13:14:49,561 (e2e_asr_attctc_th:2977) INFO: BLSTMP input lengths: [437]
2018-07-11 13:14:50,121 (e2e_asr_attctc_th:2067) INFO: input lengths: 110
2018-07-11 13:14:50,121 (e2e_asr_attctc_th:2091) INFO: max output length: 110
2018-07-11 13:14:50,121 (e2e_asr_attctc_th:2092) INFO: min output length: 0
2018-07-11 13:14:53,073 (e2e_asr_attctc_th:2199) INFO: end detected at 22
2018-07-11 13:14:53,074 (e2e_asr_attctc_th:2217) INFO: total log probability: -14.2697123578
2018-07-11 13:14:53,074 (e2e_asr_attctc_th:2218) INFO: normalized log probability: -0.951314157185
2018-07-11 13:14:53,076 (asr_pytorch:468) INFO: groundtruth[1503-2_spk_1503_2_049678-050117]: 哎序黴鐲呯倔啞顔呯筐戛諦丕兒
2018-07-11 13:14:53,077 (asr_pytorch:469) INFO: prediction [1503-2_spk_1503_2_049678-050117]: 哇幾點鐘一個問題唉係行行嘅<eos>
2018-07-11 13:14:53,091 (e2e_asr_attctc_th:2977) INFO: BLSTMP input lengths: [110]
2018-07-11 13:14:53,355 (e2e_asr_attctc_th:2067) INFO: input lengths: 28
2018-07-11 13:14:53,356 (e2e_asr_attctc_th:2091) INFO: max output length: 28
2018-07-11 13:14:53,356 (e2e_asr_attctc_th:2092) INFO: min output length: 0
2018-07-11 13:14:54,299 (e2e_asr_attctc_th:2199) INFO: end detected at 11
2018-07-11 13:14:54,299 (e2e_asr_attctc_th:2217) INFO: total log probability: -2.01822355483
2018-07-11 13:14:54,299 (e2e_asr_attctc_th:2218) INFO: normalized log probability: -0.336370592471
2018-07-11 13:14:54,301 (asr_pytorch:468) INFO: groundtruth[1504-2_spk_1504_2_068976-069088]: 戛尻唪見啯
2018-07-11 13:14:54,301 (asr_pytorch:469) INFO: prediction [1504-2_spk_1504_2_068976-069088]: 我人咗啦<eos>
2018-07-11 13:14:54,315 (e2e_asr_attctc_th:2977) INFO: BLSTMP input lengths: [33]
2018-07-11 13:14:54,400 (e2e_asr_attctc_th:2067) INFO: input lengths: 9
2018-07-11 13:14:54,401 (e2e_asr_attctc_th:2091) INFO: max output length: 9
2018-07-11 13:14:54,401 (e2e_asr_attctc_th:2092) INFO: min output length: 0
2018-07-11 13:14:54,804 (e2e_asr_attctc_th:2199) INFO: end detected at 7
2018-07-11 13:14:54,804 (e2e_asr_attctc_th:2217) INFO: total log probability: -0.0297257006168
2018-07-11 13:14:54,804 (e2e_asr_attctc_th:2218) INFO: normalized log probability: -0.00990856687228
2018-07-11 13:14:54,805 (asr_pytorch:468) INFO: groundtruth[1502-2_spk_1502_2_063750-063785]: 俏
2018-07-11 13:14:54,806 (asr_pytorch:469) INFO: prediction [1502-2_spk_1502_2_063750-063785]: 係<eos>
2018-07-11 13:14:54,821 (e2e_asr_attctc_th:2977) INFO: BLSTMP input lengths: [454]
2018-07-11 13:14:55,745 (e2e_asr_attctc_th:2067) INFO: input lengths: 114
2018-07-11 13:14:55,745 (e2e_asr_attctc_th:2091) INFO: max output length: 114
2018-07-11 13:14:55,745 (e2e_asr_attctc_th:2092) INFO: min output length: 0
2018-07-11 13:15:02,488 (e2e_asr_attctc_th:2199) INFO: end detected at 39
2018-07-11 13:15:02,488 (e2e_asr_attctc_th:2217) INFO: total log probability: -24.1548867747
2018-07-11 13:15:02,488 (e2e_asr_attctc_th:2218) INFO: normalized log probability: -0.779189895959
2018-07-11 13:15:02,489 (asr_pytorch:468) INFO: groundtruth[4_spk_4_030164-030620]: 放刺俏咱呈咋呈黍煲月用佬扚間梯PMRO啯盾掩俏裴俊HS_RPSEH畸戛員倔WXW
2018-07-11 13:15:02,489 (asr_pytorch:469) INFO: prediction [4_spk_4_030164-030620]: 啊佢係唔係咁啊麻煩真心你打開條拎咯直接喺裡麵單都翻來你SD<eos>
2018-07-11 13:15:02,497 (e2e_asr_attctc_th:2977) INFO: BLSTMP input lengths: [355]
2018-07-11 13:15:02,944 (e2e_asr_attctc_th:2067) INFO: input lengths: 89
2018-07-11 13:15:02,945 (e2e_asr_attctc_th:2091) INFO: max output length: 89
2018-07-11 13:15:02,945 (e2e_asr_attctc_th:2092) INFO: min output length: 0
2018-07-11 13:15:05,771 (e2e_asr_attctc_th:2199) INFO: end detected at 28
2018-07-11 13:15:05,771 (e2e_asr_attctc_th:2217) INFO: total log probability: -20.4847706535
2018-07-11 13:15:05,771 (e2e_asr_attctc_th:2218) INFO: normalized log probability: -0.890642202328
2018-07-11 13:15:05,772 (asr_pytorch:468) INFO: groundtruth[4_spk_4_007565-007922]: 佰誅佰頻兒誅嗷倔ETTW呯WX乳魅嘮嗷倔ETTW
2018-07-11 13:15:05,772 (asr_pytorch:469) INFO: prediction [4_spk_4_007565-007922]: 佢話會由啲話嗰個而傢誒而知乜鬼嘢一個APP<eos>
2018-07-11 13:15:05,780 (e2e_asr_attctc_th:2977) INFO: BLSTMP input lengths: [198]
2018-07-11 13:15:06,050 (e2e_asr_attctc_th:2067) INFO: input lengths: 50
2018-07-11 13:15:06,051 (e2e_asr_attctc_th:2091) INFO: max output length: 50
2018-07-11 13:15:06,051 (e2e_asr_attctc_th:2092) INFO: min output length: 0
2018-07-11 13:15:06,821 (e2e_asr_attctc_th:2206) INFO: no hypothesis. Finish decoding.
2018-07-11 13:15:06,821 (e2e_asr_attctc_th:2217) INFO: total log probability: -5.05961117428
2018-07-11 13:15:06,821 (e2e_asr_attctc_th:2218) INFO: normalized log probability: -0.505961117428
2018-07-11 13:15:06,822 (asr_pytorch:468) INFO: groundtruth[1501-2_spk_1501_2_041445-041645]: 囹烕戛覢B佬員綺
2018-07-11 13:15:06,822 (asr_pytorch:469) INFO: prediction [1501-2_spk_1501_2_041445-041645]: 因為我邊誒你啲望<eos>
2018-07-11 13:15:06,830 (e2e_asr_attctc_th:2977) INFO: BLSTMP input lengths: [388]
2018-07-11 13:15:07,315 (e2e_asr_attctc_th:2067) INFO: input lengths: 97
2018-07-11 13:15:07,315 (e2e_asr_attctc_th:2091) INFO: max output length: 97
2018-07-11 13:15:07,315 (e2e_asr_attctc_th:2092) INFO: min output length: 0
2018-07-11 13:15:11,064 (e2e_asr_attctc_th:2199) INFO: end detected at 30
2018-07-11 13:15:11,065 (e2e_asr_attctc_th:2217) INFO: total log probability: -11.522000635
2018-07-11 13:15:11,065 (e2e_asr_attctc_th:2218) INFO: normalized log probability: -0.480083359793
2018-07-11 13:15:11,066 (asr_pytorch:468) INFO: groundtruth[3_spk_3_038460-038850]: 佬尻節GWP倔邕趕磋鄔見側畸丐孝頻件且㨃啯
2018-07-11 13:15:11,066 (asr_pytorch:469) INFO: prediction [3_spk_3_038460-038850]: 你就轉之一時候嗰邊起碼都要做翻三市頭要上噶啦<eos>
2018-07-11 13:15:11,080 (e2e_asr_attctc_th:2977) INFO: BLSTMP input lengths: [107]
2018-07-11 13:15:11,302 (e2e_asr_attctc_th:2067) INFO: input lengths: 27
2018-07-11 13:15:11,303 (e2e_asr_attctc_th:2091) INFO: max output length: 27
2018-07-11 13:15:11,303 (e2e_asr_attctc_th:2092) INFO: min output length: 0
2018-07-11 13:15:11,763 (e2e_asr_attctc_th:2206) INFO: no hypothesis. Finish decoding.
2018-07-11 13:15:11,764 (e2e_asr_attctc_th:2217) INFO: total log probability: -3.71108026803
2018-07-11 13:15:11,764 (e2e_asr_attctc_th:2218) INFO: normalized log probability: -0.618513378004
2018-07-11 13:15:11,764 (asr_pytorch:468) INFO: groundtruth[1501-1_spk_1501_1_092189-092298]: 2963咋
2018-07-11 13:15:11,765 (asr_pytorch:469) INFO: prediction [1501-1_spk_1501_1_092189-092298]: 二九六收<eos>
2018-07-11 13:15:11,777 (e2e_asr_attctc_th:2977) INFO: BLSTMP input lengths: [58]
2018-07-11 13:15:11,909 (e2e_asr_attctc_th:2067) INFO: input lengths: 15
2018-07-11 13:15:11,909 (e2e_asr_attctc_th:2091) INFO: max output length: 15
2018-07-11 13:15:11,909 (e2e_asr_attctc_th:2092) INFO: min output length: 0
2018-07-11 13:15:12,433 (e2e_asr_attctc_th:2199) INFO: end detected at 9
2018-07-11 13:15:12,433 (e2e_asr_attctc_th:2217) INFO: total log probability: -2.03837484121
2018-07-11 13:15:12,434 (e2e_asr_attctc_th:2218) INFO: normalized log probability: -0.679458280404
2018-07-11 13:15:12,435 (asr_pytorch:468) INFO: groundtruth[1502-2_spk_1502_2_024284-024344]: 俏俏
2018-07-11 13:15:12,435 (asr_pytorch:469) INFO: prediction [1502-2_spk_1502_2_024284-024344]: 唉<eos>
2018-07-11 13:15:12,448 (e2e_asr_attctc_th:2977) INFO: BLSTMP input lengths: [25]
2018-07-11 13:15:12,524 (e2e_asr_attctc_th:2067) INFO: input lengths: 7
2018-07-11 13:15:12,525 (e2e_asr_attctc_th:2091) INFO: max output length: 7
2018-07-11 13:15:12,525 (e2e_asr_attctc_th:2092) INFO: min output length: 0
2018-07-11 13:15:12,859 (e2e_asr_attctc_th:2180) INFO: adding <eos> in the last postion in the loop
2018-07-11 13:15:12,859 (e2e_asr_attctc_th:2206) INFO: no hypothesis. Finish decoding.
2018-07-11 13:15:12,860 (e2e_asr_attctc_th:2217) INFO: total log probability: -0.104771985672
2018-07-11 13:15:12,860 (e2e_asr_attctc_th:2218) INFO: normalized log probability: -0.0349239952241
2018-07-11 13:15:12,861 (asr_pytorch:468) INFO: groundtruth[1502-2_spk_1502_2_010168-010195]: 俏
2018-07-11 13:15:12,861 (asr_pytorch:469) INFO: prediction [1502-2_spk_1502_2_010168-010195]: 係<eos>
2018-07-11 13:15:12,878 (e2e_asr_attctc_th:2977) INFO: BLSTMP input lengths: [58]
2018-07-11 13:15:13,019 (e2e_asr_attctc_th:2067) INFO: input lengths: 15
2018-07-11 13:15:13,019 (e2e_asr_attctc_th:2091) INFO: max output length: 15
2018-07-11 13:15:13,019 (e2e_asr_attctc_th:2092) INFO: min output length: 0
2018-07-11 13:15:13,833 (e2e_asr_attctc_th:2199) INFO: end detected at 11
2018-07-11 13:15:13,833 (e2e_asr_attctc_th:2217) INFO: total log probability: -5.31242627092
2018-07-11 13:15:13,833 (e2e_asr_attctc_th:2218) INFO: normalized log probability: -0.758918038702
2018-07-11 13:15:13,834 (asr_pytorch:468) INFO: groundtruth[9_spk_9_066164-066224]: 嗶
2018-07-11 13:15:13,834 (asr_pytorch:469) INFO: prediction [9_spk_9_066164-066224]: 跟著諗法啦<eos>
2018-07-11 13:15:13,850 (e2e_asr_attctc_th:2977) INFO: BLSTMP input lengths: [428]
2018-07-11 13:15:14,701 (e2e_asr_attctc_th:2067) INFO: input lengths: 107
2018-07-11 13:15:14,702 (e2e_asr_attctc_th:2091) INFO: max output length: 107
2018-07-11 13:15:14,702 (e2e_asr_attctc_th:2092) INFO: min output length: 0
2018-07-11 13:15:19,887 (e2e_asr_attctc_th:2199) INFO: end detected at 29
2018-07-11 13:15:19,888 (e2e_asr_attctc_th:2217) INFO: total log probability: -23.6829197174
2018-07-11 13:15:19,888 (e2e_asr_attctc_th:2218) INFO: normalized log probability: -0.986788321558
2018-07-11 13:15:19,889 (asr_pytorch:468) INFO: groundtruth[8_spk_8_068200-068630]: 戛戛尻誅咩哲倔啞顔囹烕戛戛仕旬兒YTHEXI咒嘢
2018-07-11 13:15:19,889 (asr_pytorch:469) INFO: prediction [8_spk_8_068200-068630]: 我我想問STARE嘅問題一直我覺得真值粒知嘛<eos>
2018-07-11 13:15:19,903 (e2e_asr_attctc_th:2977) INFO: BLSTMP input lengths: [112]
2018-07-11 13:15:20,118 (e2e_asr_attctc_th:2067) INFO: input lengths: 28
2018-07-11 13:15:20,119 (e2e_asr_attctc_th:2091) INFO: max output length: 28
2018-07-11 13:15:20,119 (e2e_asr_attctc_th:2092) INFO: min output length: 0
2018-07-11 13:15:21,027 (e2e_asr_attctc_th:2199) INFO: end detected at 12
2018-07-11 13:15:21,027 (e2e_asr_attctc_th:2217) INFO: total log probability: -4.37720719166
2018-07-11 13:15:21,027 (e2e_asr_attctc_th:2218) INFO: normalized log probability: -0.625315313094
2018-07-11 13:15:21,029 (asr_pytorch:468) INFO: groundtruth[1501-1_spk_1501_1_083616-083730]: 妍枱俏佬去
2018-07-11 13:15:21,029 (asr_pytorch:469) INFO: prediction [1501-1_spk_1501_1_083616-083730]: 唔該係你完<eos>
2018-07-11 13:15:21,042 (e2e_asr_attctc_th:2977) INFO: BLSTMP input lengths: [169]
2018-07-11 13:15:21,376 (e2e_asr_attctc_th:2067) INFO: input lengths: 43
2018-07-11 13:15:21,377 (e2e_asr_attctc_th:2091) INFO: max output length: 43
2018-07-11 13:15:21,377 (e2e_asr_attctc_th:2092) INFO: min output length: 0
2018-07-11 13:15:22,511 (e2e_asr_attctc_th:2206) INFO: no hypothesis. Finish decoding.
2018-07-11 13:15:22,511 (e2e_asr_attctc_th:2217) INFO: total log probability: -1.49473510496
2018-07-11 13:15:22,511 (e2e_asr_attctc_th:2218) INFO: normalized log probability: -0.135885009542
2018-07-11 13:15:22,512 (asr_pytorch:468) INFO: groundtruth[1501-1_spk_1501_1_021136-021307]: 俏啯序氊囖戡耐司脇
2018-07-11 13:15:22,512 (asr_pytorch:469) INFO: prediction [1501-1_spk_1501_1_021136-021307]: 係啦幾好咯或者可能<eos>
2018-07-11 13:15:22,525 (e2e_asr_attctc_th:2977) INFO: BLSTMP input lengths: [55]
2018-07-11 13:15:22,643 (e2e_asr_attctc_th:2067) INFO: input lengths: 14
2018-07-11 13:15:22,644 (e2e_asr_attctc_th:2091) INFO: max output length: 14
2018-07-11 13:15:22,644 (e2e_asr_attctc_th:2092) INFO: min output length: 0
2018-07-11 13:15:23,032 (e2e_asr_attctc_th:2199) INFO: end detected at 7
2018-07-11 13:15:23,033 (e2e_asr_attctc_th:2217) INFO: total log probability: -0.026024075225
2018-07-11 13:15:23,033 (e2e_asr_attctc_th:2218) INFO: normalized log probability: -0.00867469174167
2018-07-11 13:15:23,034 (asr_pytorch:468) INFO: groundtruth[1501-1_spk_1501_1_023644-023701]: 俏
2018-07-11 13:15:23,034 (asr_pytorch:469) INFO: prediction [1501-1_spk_1501_1_023644-023701]: 係<eos>
2018-07-11 13:15:23,048 (e2e_asr_attctc_th:2977) INFO: BLSTMP input lengths: [195]
2018-07-11 13:15:23,440 (e2e_asr_attctc_th:2067) INFO: input lengths: 49
2018-07-11 13:15:23,440 (e2e_asr_attctc_th:2091) INFO: max output length: 49
2018-07-11 13:15:23,441 (e2e_asr_attctc_th:2092) INFO: min output length: 0
2018-07-11 13:15:25,340 (e2e_asr_attctc_th:2199) INFO: end detected at 18
2018-07-11 13:15:25,341 (e2e_asr_attctc_th:2217) INFO: total log probability: -7.58517140721
2018-07-11 13:15:25,341 (e2e_asr_attctc_th:2218) INFO: normalized log probability: -0.583474723631
2018-07-11 13:15:25,342 (asr_pytorch:468) INFO: groundtruth[1502-2_spk_1502_2_085195-085392]: 啵戛戛戛嗷倔欣院丕<unk>囖
2018-07-11 13:15:25,342 (asr_pytorch:469) INFO: prediction [1502-2_spk_1502_2_085195-085392]: 即我我我幫我權限下邊咯<eos>
2018-07-11 13:15:25,358 (e2e_asr_attctc_th:2977) INFO: BLSTMP input lengths: [416]
2018-07-11 13:15:26,236 (e2e_asr_attctc_th:2067) INFO: input lengths: 104
2018-07-11 13:15:26,236 (e2e_asr_attctc_th:2091) INFO: max output length: 104
2018-07-11 13:15:26,236 (e2e_asr_attctc_th:2092) INFO: min output length: 0
2018-07-11 13:15:30,998 (e2e_asr_attctc_th:2206) INFO: no hypothesis. Finish decoding.
2018-07-11 13:15:30,998 (e2e_asr_attctc_th:2217) INFO: total log probability: -21.2135691643
2018-07-11 13:15:30,998 (e2e_asr_attctc_th:2218) INFO: normalized log probability: -0.785687746825
2018-07-11 13:15:30,999 (asr_pytorch:468) INFO: groundtruth[1505-1_spk_1505_1_092368-092786]: 俏<unk>世道尻筐考佬倔RYQFIV啯刺未咩乒得呯尻考佬嘍戳斌旬
2018-07-11 13:15:31,000 (asr_pytorch:469) INFO: prediction [1505-1_spk_1505_1_092368-092786]: 誒隻不過就咁翻你個諗把咧到期咗之後咯就翻你個時數日<eos>
2018-07-11 13:15:31,014 (e2e_asr_attctc_th:2977) INFO: BLSTMP input lengths: [149]
2018-07-11 13:15:31,322 (e2e_asr_attctc_th:2067) INFO: input lengths: 38
2018-07-11 13:15:31,322 (e2e_asr_attctc_th:2091) INFO: max output length: 38
2018-07-11 13:15:31,322 (e2e_asr_attctc_th:2092) INFO: min output length: 0
2018-07-11 13:15:32,521 (e2e_asr_attctc_th:2199) INFO: end detected at 12
2018-07-11 13:15:32,521 (e2e_asr_attctc_th:2217) INFO: total log probability: -1.27358540706
2018-07-11 13:15:32,522 (e2e_asr_attctc_th:2218) INFO: normalized log probability: -0.159198175883
2018-07-11 13:15:32,523 (asr_pytorch:468) INFO: groundtruth[1501-1_spk_1501_1_069531-069682]: 囹烕肇旬懵誆
2018-07-11 13:15:32,523 (asr_pytorch:469) INFO: prediction [1501-1_spk_1501_1_069531-069682]: 因為聽日應該<eos>
2018-07-11 13:15:32,540 (e2e_asr_attctc_th:2977) INFO: BLSTMP input lengths: [98]
2018-07-11 13:15:32,815 (e2e_asr_attctc_th:2067) INFO: input lengths: 25
2018-07-11 13:15:32,816 (e2e_asr_attctc_th:2091) INFO: max output length: 25
2018-07-11 13:15:32,816 (e2e_asr_attctc_th:2092) INFO: min output length: 0
2018-07-11 13:15:33,618 (e2e_asr_attctc_th:2199) INFO: end detected at 10
2018-07-11 13:15:33,618 (e2e_asr_attctc_th:2217) INFO: total log probability: -4.03891230468
2018-07-11 13:15:33,618 (e2e_asr_attctc_th:2218) INFO: normalized log probability: -0.67315205078
2018-07-11 13:15:33,619 (asr_pytorch:468) INFO: groundtruth[1503-1_spk_1503_1_013312-013412]: 俏啖冏鍋
2018-07-11 13:15:33,619 (asr_pytorch:469) INFO: prediction [1503-1_spk_1503_1_013312-013412]: 係啊冇實<eos>
2018-07-11 13:15:33,634 (e2e_asr_attctc_th:2977) INFO: BLSTMP input lengths: [229]
2018-07-11 13:15:34,119 (e2e_asr_attctc_th:2067) INFO: input lengths: 58
2018-07-11 13:15:34,119 (e2e_asr_attctc_th:2091) INFO: max output length: 58
2018-07-11 13:15:34,120 (e2e_asr_attctc_th:2092) INFO: min output length: 0
2018-07-11 13:15:36,466 (e2e_asr_attctc_th:2199) INFO: end detected at 19
2018-07-11 13:15:36,467 (e2e_asr_attctc_th:2217) INFO: total log probability: -5.19305716455
2018-07-11 13:15:36,467 (e2e_asr_attctc_th:2218) INFO: normalized log probability: -0.399465935735
2018-07-11 13:15:36,468 (asr_pytorch:468) INFO: groundtruth[12_spk_12_049258-049489]: 唪服誅卿鄔冏吔卿
2018-07-11 13:15:36,469 (asr_pytorch:469) INFO: prediction [12_spk_12_049258-049489]: 唔會話即係都冇同誒跟著<eos>
2018-07-11 13:15:36,482 (e2e_asr_attctc_th:2977) INFO: BLSTMP input lengths: [192]
2018-07-11 13:15:36,869 (e2e_asr_attctc_th:2067) INFO: input lengths: 48
2018-07-11 13:15:36,870 (e2e_asr_attctc_th:2091) INFO: max output length: 48
2018-07-11 13:15:36,870 (e2e_asr_attctc_th:2092) INFO: min output length: 0
2018-07-11 13:15:38,786 (e2e_asr_attctc_th:2199) INFO: end detected at 18
2018-07-11 13:15:38,786 (e2e_asr_attctc_th:2217) INFO: total log probability: -12.3613877753
2018-07-11 13:15:38,786 (e2e_asr_attctc_th:2218) INFO: normalized log probability: -0.950875982714
2018-07-11 13:15:38,787 (asr_pytorch:468) INFO: groundtruth[1503-1_spk_1503_1_089698-089892]: 幹從刺扔戛尻服幹旨俏啯
2018-07-11 13:15:38,788 (asr_pytorch:469) INFO: prediction [1503-1_spk_1503_1_089698-089892]: 放假九三十就會當嘅係啦<eos>
2018-07-11 13:15:38,801 (e2e_asr_attctc_th:2977) INFO: BLSTMP input lengths: [198]
2018-07-11 13:15:39,216 (e2e_asr_attctc_th:2067) INFO: input lengths: 50
2018-07-11 13:15:39,217 (e2e_asr_attctc_th:2091) INFO: max output length: 50
2018-07-11 13:15:39,217 (e2e_asr_attctc_th:2092) INFO: min output length: 0
2018-07-11 13:15:39,910 (e2e_asr_attctc_th:2206) INFO: no hypothesis. Finish decoding.
2018-07-11 13:15:39,911 (e2e_asr_attctc_th:2217) INFO: total log probability: -8.31547152996
2018-07-11 13:15:39,911 (e2e_asr_attctc_th:2218) INFO: normalized log probability: -1.18792450428
2018-07-11 13:15:39,912 (asr_pytorch:468) INFO: groundtruth[8_spk_8_034880-035080]: 從唪從倔從呈
2018-07-11 13:15:39,912 (asr_pytorch:469) INFO: prediction [8_spk_8_034880-035080]: 尋日都齣曬<eos>
2018-07-11 13:15:39,925 (e2e_asr_attctc_th:2977) INFO: BLSTMP input lengths: [38]
2018-07-11 13:15:40,019 (e2e_asr_attctc_th:2067) INFO: input lengths: 10
2018-07-11 13:15:40,019 (e2e_asr_attctc_th:2091) INFO: max output length: 10
2018-07-11 13:15:40,019 (e2e_asr_attctc_th:2092) INFO: min output length: 0
2018-07-11 13:15:40,497 (e2e_asr_attctc_th:2199) INFO: end detected at 8
2018-07-11 13:15:40,497 (e2e_asr_attctc_th:2217) INFO: total log probability: -0.207124826033
2018-07-11 13:15:40,497 (e2e_asr_attctc_th:2218) INFO: normalized log probability: -0.0517812065082
2018-07-11 13:15:40,498 (asr_pytorch:468) INFO: groundtruth[1503-1_spk_1503_1_023978-024018]: 俏啖
2018-07-11 13:15:40,499 (asr_pytorch:469) INFO: prediction [1503-1_spk_1503_1_023978-024018]: 係啊<eos>
2018-07-11 13:15:40,513 (e2e_asr_attctc_th:2977) INFO: BLSTMP input lengths: [263]
2018-07-11 13:15:41,094 (e2e_asr_attctc_th:2067) INFO: input lengths: 66
2018-07-11 13:15:41,095 (e2e_asr_attctc_th:2091) INFO: max output length: 66
2018-07-11 13:15:41,095 (e2e_asr_attctc_th:2092) INFO: min output length: 0
2018-07-11 13:15:44,013 (e2e_asr_attctc_th:2199) INFO: end detected at 22
2018-07-11 13:15:44,013 (e2e_asr_attctc_th:2217) INFO: total log probability: -9.27994697914
2018-07-11 13:15:44,014 (e2e_asr_attctc_th:2218) INFO: normalized log probability: -0.545879234067
2018-07-11 13:15:44,015 (asr_pytorch:468) INFO: groundtruth[1503-2_spk_1503_2_076154-076419]: 嗶咋俏咱姚俏鄔俏見摁啖FIR柎住俏
2018-07-11 13:15:44,015 (asr_pytorch:469) INFO: prediction [1503-2_spk_1503_2_076154-076419]: 嗯咁啊但即係都係要搵下病嘅但係<eos>
2018-07-11 13:15:44,029 (e2e_asr_attctc_th:2977) INFO: BLSTMP input lengths: [100]
2018-07-11 13:15:44,216 (e2e_asr_attctc_th:2067) INFO: input lengths: 25
2018-07-11 13:15:44,217 (e2e_asr_attctc_th:2091) INFO: max output length: 25
2018-07-11 13:15:44,217 (e2e_asr_attctc_th:2092) INFO: min output length: 0
2018-07-11 13:15:44,830 (e2e_asr_attctc_th:2199) INFO: end detected at 12
2018-07-11 13:15:44,830 (e2e_asr_attctc_th:2217) INFO: total log probability: -6.64661705494
2018-07-11 13:15:44,831 (e2e_asr_attctc_th:2218) INFO: normalized log probability: -1.10776950916
2018-07-11 13:15:44,832 (asr_pytorch:468) INFO: groundtruth[12_spk_12_017485-017587]: 六<unk>俏
2018-07-11 13:15:44,832 (asr_pytorch:469) INFO: prediction [12_spk_12_017485-017587]: 係名係咯<eos>
2018-07-11 13:15:44,839 (e2e_asr_attctc_th:2977) INFO: BLSTMP input lengths: [93]
2018-07-11 13:15:45,002 (e2e_asr_attctc_th:2067) INFO: input lengths: 24
2018-07-11 13:15:45,002 (e2e_asr_attctc_th:2091) INFO: max output length: 24
2018-07-11 13:15:45,003 (e2e_asr_attctc_th:2092) INFO: min output length: 0
2018-07-11 13:15:45,556 (e2e_asr_attctc_th:2199) INFO: end detected at 11
2018-07-11 13:15:45,556 (e2e_asr_attctc_th:2217) INFO: total log probability: -7.52558217943
2018-07-11 13:15:45,556 (e2e_asr_attctc_th:2218) INFO: normalized log probability: -1.50511643589
2018-07-11 13:15:45,557 (asr_pytorch:468) INFO: groundtruth[9_spk_9_028105-028200]: 哭SO
2018-07-11 13:15:45,557 (asr_pytorch:469) INFO: prediction [9_spk_9_028105-028200]: 真心喎<eos>
2018-07-11 13:15:45,565 (e2e_asr_attctc_th:2977) INFO: BLSTMP input lengths: [316]
2018-07-11 13:15:46,055 (e2e_asr_attctc_th:2067) INFO: input lengths: 79
2018-07-11 13:15:46,055 (e2e_asr_attctc_th:2091) INFO: max output length: 79
2018-07-11 13:15:46,055 (e2e_asr_attctc_th:2092) INFO: min output length: 0
2018-07-11 13:15:48,059 (e2e_asr_attctc_th:2199) INFO: end detected at 22
2018-07-11 13:15:48,059 (e2e_asr_attctc_th:2217) INFO: total log probability: -12.4016063823
2018-07-11 13:15:48,059 (e2e_asr_attctc_th:2218) INFO: normalized log probability: -0.775100398896
2018-07-11 13:15:48,060 (asr_pytorch:468) INFO: groundtruth[1504-1_spk_1504_1_076126-076444]: B攪黒敍葛W8嗷郷檀刺由
2018-07-11 13:15:48,060 (asr_pytorch:469) INFO: prediction [1504-1_spk_1504_1_076126-076444]: 即係攞嚟放落SFA嗰個機度用<eos>
2018-07-11 13:15:48,068 (e2e_asr_attctc_th:2977) INFO: BLSTMP input lengths: [61]
2018-07-11 13:15:48,151 (e2e_asr_attctc_th:2067) INFO: input lengths: 16
2018-07-11 13:15:48,151 (e2e_asr_attctc_th:2091) INFO: max output length: 16
2018-07-11 13:15:48,151 (e2e_asr_attctc_th:2092) INFO: min output length: 0
2018-07-11 13:15:48,535 (e2e_asr_attctc_th:2199) INFO: end detected at 9
2018-07-11 13:15:48,535 (e2e_asr_attctc_th:2217) INFO: total log probability: -0.446337994188
2018-07-11 13:15:48,535 (e2e_asr_attctc_th:2218) INFO: normalized log probability: -0.111584498547
2018-07-11 13:15:48,536 (asr_pytorch:468) INFO: groundtruth[9_spk_9_003492-003554]: 然鍋
2018-07-11 13:15:48,536 (asr_pytorch:469) INFO: prediction [9_spk_9_003492-003554]: 咪齣<eos>
2018-07-11 13:15:48,544 (e2e_asr_attctc_th:2977) INFO: BLSTMP input lengths: [277]
2018-07-11 13:15:48,914 (e2e_asr_attctc_th:2067) INFO: input lengths: 70
2018-07-11 13:15:48,914 (e2e_asr_attctc_th:2091) INFO: max output length: 70
2018-07-11 13:15:48,914 (e2e_asr_attctc_th:2092) INFO: min output length: 0
2018-07-11 13:15:50,448 (e2e_asr_attctc_th:2199) INFO: end detected at 17
2018-07-11 13:15:50,448 (e2e_asr_attctc_th:2217) INFO: total log probability: -11.6101250872
2018-07-11 13:15:50,448 (e2e_asr_attctc_th:2218) INFO: normalized log probability: -1.05546591702
2018-07-11 13:15:50,449 (asr_pytorch:468) INFO: groundtruth[1505-1_spk_1505_1_000500-000779]: 俏咋尖姚啷啷佬啞
2018-07-11 13:15:50,449 (asr_pytorch:469) INFO: prediction [1505-1_spk_1505_1_000500-000779]: 係咁算係啊啱啱你問<eos>
2018-07-11 13:15:50,458 (e2e_asr_attctc_th:2977) INFO: BLSTMP input lengths: [618]
2018-07-11 13:15:51,413 (e2e_asr_attctc_th:2067) INFO: input lengths: 155
2018-07-11 13:15:51,414 (e2e_asr_attctc_th:2091) INFO: max output length: 155
2018-07-11 13:15:51,414 (e2e_asr_attctc_th:2092) INFO: min output length: 0
2018-07-11 13:15:57,135 (e2e_asr_attctc_th:2206) INFO: no hypothesis. Finish decoding.
2018-07-11 13:15:57,136 (e2e_asr_attctc_th:2217) INFO: total log probability: -12.9434915748
2018-07-11 13:15:57,136 (e2e_asr_attctc_th:2218) INFO: normalized log probability: -0.349824096617
2018-07-11 13:15:57,136 (asr_pytorch:468) INFO: groundtruth[4_spk_4_071688-072308]: 跨何八刺叄呯服朕倔可側浦勞綺絨嘍邀預㨃咋八刺叄呯服朕倔可浦勞斌擢嘍間阪
2018-07-11 13:15:57,136 (asr_pytorch:469) INFO: prediction [4_spk_4_071688-072308]: 跟著入到去嘞會有個叫做流動網絡嘅選項噶唔入到去啦會有個錶數據萬人嘅開關<eos>
2018-07-11 13:15:57,144 (e2e_asr_attctc_th:2977) INFO: BLSTMP input lengths: [238]
2018-07-11 13:15:57,453 (e2e_asr_attctc_th:2067) INFO: input lengths: 60
2018-07-11 13:15:57,454 (e2e_asr_attctc_th:2091) INFO: max output length: 60
2018-07-11 13:15:57,454 (e2e_asr_attctc_th:2092) INFO: min output length: 0
2018-07-11 13:16:00,218 (e2e_asr_attctc_th:2199) INFO: end detected at 22
2018-07-11 13:16:00,218 (e2e_asr_attctc_th:2217) INFO: total log probability: -12.3775781973
2018-07-11 13:16:00,218 (e2e_asr_attctc_th:2218) INFO: normalized log probability: -0.687643233182
2018-07-11 13:16:00,220 (asr_pytorch:468) INFO: groundtruth[9_spk_9_050910-051150]: 俏然鍋然鍋咋佬詭三詭䦕三䦕哲三倔
2018-07-11 13:16:00,220 (asr_pytorch:469) INFO: prediction [9_spk_9_050910-051150]: 係冇上網就咁嘅事實是緊乜咁樣即係<eos>
2018-07-11 13:16:00,236 (e2e_asr_attctc_th:2977) INFO: BLSTMP input lengths: [237]
2018-07-11 13:16:00,849 (e2e_asr_attctc_th:2067) INFO: input lengths: 60
2018-07-11 13:16:00,850 (e2e_asr_attctc_th:2091) INFO: max output length: 60
2018-07-11 13:16:00,850 (e2e_asr_attctc_th:2092) INFO: min output length: 0
2018-07-11 13:16:03,709 (e2e_asr_attctc_th:2199) INFO: end detected at 22
2018-07-11 13:16:03,709 (e2e_asr_attctc_th:2217) INFO: total log probability: -13.2105411049
2018-07-11 13:16:03,709 (e2e_asr_attctc_th:2218) INFO: normalized log probability: -0.777090653229
2018-07-11 13:16:03,711 (asr_pytorch:468) INFO: groundtruth[1501-1_spk_1501_1_072982-073221]: 戛尻盬釘幹佬町諛迫睛迫吔井
2018-07-11 13:16:03,711 (asr_pytorch:469) INFO: prediction [1501-1_spk_1501_1_072982-073221]: 我就盡量幫你申請化睇嗰陣時同事<eos>
2018-07-11 13:16:03,724 (e2e_asr_attctc_th:2977) INFO: BLSTMP input lengths: [43]
2018-07-11 13:16:03,828 (e2e_asr_attctc_th:2067) INFO: input lengths: 11
2018-07-11 13:16:03,828 (e2e_asr_attctc_th:2091) INFO: max output length: 11
2018-07-11 13:16:03,829 (e2e_asr_attctc_th:2092) INFO: min output length: 0
2018-07-11 13:16:04,045 (e2e_asr_attctc_th:2206) INFO: no hypothesis. Finish decoding.
2018-07-11 13:16:04,046 (e2e_asr_attctc_th:2217) INFO: total log probability: -1.45620036777
2018-07-11 13:16:04,046 (e2e_asr_attctc_th:2218) INFO: normalized log probability: -0.364050091943
2018-07-11 13:16:04,047 (asr_pytorch:468) INFO: groundtruth[9_spk_9_001920-001964]: 俏
2018-07-11 13:16:04,047 (asr_pytorch:469) INFO: prediction [9_spk_9_001920-001964]: 迴西<eos>
2018-07-11 13:16:04,064 (e2e_asr_attctc_th:2977) INFO: BLSTMP input lengths: [498]
2018-07-11 13:16:05,189 (e2e_asr_attctc_th:2067) INFO: input lengths: 125
2018-07-11 13:16:05,190 (e2e_asr_attctc_th:2091) INFO: max output length: 125
2018-07-11 13:16:05,190 (e2e_asr_attctc_th:2092) INFO: min output length: 0
2018-07-11 13:16:11,303 (e2e_asr_attctc_th:2199) INFO: end detected at 37
2018-07-11 13:16:11,303 (e2e_asr_attctc_th:2217) INFO: total log probability: -21.8993225321
2018-07-11 13:16:11,303 (e2e_asr_attctc_th:2218) INFO: normalized log probability: -0.684353829129
2018-07-11 13:16:11,304 (asr_pytorch:468) INFO: groundtruth[1504-1_spk_1504_1_095354-095854]: 咋妍枱巴唪夥刺未啯尻亳古迫戛址侶邕啼儼想囖囹烕啼億錯旅<unk>呯俏
2018-07-11 13:16:11,304 (asr_pytorch:469) INFO: prediction [1504-1_spk_1504_1_095354-095854]: 啱唔著要差唔多到其啦就想食翻學哋邊啲優惠啦因為啲價錢方麵呢係<eos>
2018-07-11 13:16:11,313 (e2e_asr_attctc_th:2977) INFO: BLSTMP input lengths: [358]
2018-07-11 13:16:11,791 (e2e_asr_attctc_th:2067) INFO: input lengths: 90
2018-07-11 13:16:11,792 (e2e_asr_attctc_th:2091) INFO: max output length: 90
2018-07-11 13:16:11,792 (e2e_asr_attctc_th:2092) INFO: min output length: 0
2018-07-11 13:16:15,173 (e2e_asr_attctc_th:2199) INFO: end detected at 30
2018-07-11 13:16:15,173 (e2e_asr_attctc_th:2217) INFO: total log probability: -12.7433188008
2018-07-11 13:16:15,173 (e2e_asr_attctc_th:2218) INFO: normalized log probability: -0.509732752033
2018-07-11 13:16:15,175 (asr_pytorch:468) INFO: groundtruth[3_spk_3_027297-027657]: 金施街畸佬<unk>檀嗷倔GSRXVEGX俏序耳尻序耳嘍
2018-07-11 13:16:15,176 (asr_pytorch:469) INFO: prediction [3_spk_3_027297-027657]: 從三行翻嚟齣邊個CONTRECT係幾百上幾耐嘅<eos>
2018-07-11 13:16:15,189 (e2e_asr_attctc_th:2977) INFO: BLSTMP input lengths: [33]
2018-07-11 13:16:15,274 (e2e_asr_attctc_th:2067) INFO: input lengths: 9
2018-07-11 13:16:15,274 (e2e_asr_attctc_th:2091) INFO: max output length: 9
2018-07-11 13:16:15,274 (e2e_asr_attctc_th:2092) INFO: min output length: 0
2018-07-11 13:16:15,708 (e2e_asr_attctc_th:2180) INFO: adding <eos> in the last postion in the loop
2018-07-11 13:16:15,708 (e2e_asr_attctc_th:2199) INFO: end detected at 8
2018-07-11 13:16:15,709 (e2e_asr_attctc_th:2217) INFO: total log probability: -2.24776566029
2018-07-11 13:16:15,709 (e2e_asr_attctc_th:2218) INFO: normalized log probability: -0.749255220095
2018-07-11 13:16:15,710 (asr_pytorch:468) INFO: groundtruth[1502-1_spk_1502_1_020042-020077]: B
2018-07-11 13:16:15,710 (asr_pytorch:469) INFO: prediction [1502-1_spk_1502_1_020042-020077]: 拜<eos>
2018-07-11 13:16:15,724 (e2e_asr_attctc_th:2977) INFO: BLSTMP input lengths: [30]
2018-07-11 13:16:15,809 (e2e_asr_attctc_th:2067) INFO: input lengths: 8
2018-07-11 13:16:15,809 (e2e_asr_attctc_th:2091) INFO: max output length: 8
2018-07-11 13:16:15,809 (e2e_asr_attctc_th:2092) INFO: min output length: 0
2018-07-11 13:16:16,261 (e2e_asr_attctc_th:2180) INFO: adding <eos> in the last postion in the loop
2018-07-11 13:16:16,261 (e2e_asr_attctc_th:2206) INFO: no hypothesis. Finish decoding.
2018-07-11 13:16:16,261 (e2e_asr_attctc_th:2217) INFO: total log probability: -0.0594810135663
2018-07-11 13:16:16,262 (e2e_asr_attctc_th:2218) INFO: normalized log probability: -0.0148702533916
2018-07-11 13:16:16,263 (asr_pytorch:468) INFO: groundtruth[1502-2_spk_1502_2_040425-040457]: 俏呈
2018-07-11 13:16:16,263 (asr_pytorch:469) INFO: prediction [1502-2_spk_1502_2_040425-040457]: 係啊<eos>
2018-07-11 13:16:16,279 (e2e_asr_attctc_th:2977) INFO: BLSTMP input lengths: [265]
2018-07-11 13:16:16,838 (e2e_asr_attctc_th:2067) INFO: input lengths: 67
2018-07-11 13:16:16,838 (e2e_asr_attctc_th:2091) INFO: max output length: 67
2018-07-11 13:16:16,838 (e2e_asr_attctc_th:2092) INFO: min output length: 0
2018-07-11 13:16:18,750 (e2e_asr_attctc_th:2206) INFO: no hypothesis. Finish decoding.
2018-07-11 13:16:18,750 (e2e_asr_attctc_th:2217) INFO: total log probability: -13.4519143002
2018-07-11 13:16:18,750 (e2e_asr_attctc_th:2218) INFO: normalized log probability: -0.960851021444
2018-07-11 13:16:18,751 (asr_pytorch:468) INFO: groundtruth[4_spk_4_015044-015312]: 爛烏恃嗷啼咯呈漳遏賀呈嘢
2018-07-11 13:16:18,751 (asr_pytorch:469) INFO: prediction [4_spk_4_015044-015312]: 啊達成嗰啲咩啊萬油貴噶話<eos>
2018-07-11 13:16:18,770 (e2e_asr_attctc_th:2977) INFO: BLSTMP input lengths: [450]
2018-07-11 13:16:19,680 (e2e_asr_attctc_th:2067) INFO: input lengths: 113
2018-07-11 13:16:19,681 (e2e_asr_attctc_th:2091) INFO: max output length: 113
2018-07-11 13:16:19,681 (e2e_asr_attctc_th:2092) INFO: min output length: 0
2018-07-11 13:16:22,723 (e2e_asr_attctc_th:2199) INFO: end detected at 26
2018-07-11 13:16:22,723 (e2e_asr_attctc_th:2217) INFO: total log probability: -21.7930207215
2018-07-11 13:16:22,723 (e2e_asr_attctc_th:2218) INFO: normalized log probability: -1.0377628915
2018-07-11 13:16:22,724 (asr_pytorch:468) INFO: groundtruth[4_spk_4_002410-002862]: 咯呈頻兒戛扚道嚦誅B可戛可戛誅
2018-07-11 13:16:22,724 (asr_pytorch:469) INFO: prediction [4_spk_4_002410-002862]: 咩啊英英國際上嚟噶但係你會叫我我叫我話<eos>
2018-07-11 13:16:22,733 (e2e_asr_attctc_th:2977) INFO: BLSTMP input lengths: [362]
2018-07-11 13:16:23,246 (e2e_asr_attctc_th:2067) INFO: input lengths: 91
2018-07-11 13:16:23,246 (e2e_asr_attctc_th:2091) INFO: max output length: 91
2018-07-11 13:16:23,246 (e2e_asr_attctc_th:2092) INFO: min output length: 0
2018-07-11 13:16:24,283 (e2e_asr_attctc_th:2206) INFO: no hypothesis. Finish decoding.
2018-07-11 13:16:24,283 (e2e_asr_attctc_th:2217) INFO: total log probability: -4.13621757063
2018-07-11 13:16:24,283 (e2e_asr_attctc_th:2218) INFO: normalized log probability: -0.376019779148
2018-07-11 13:16:24,283 (asr_pytorch:468) INFO: groundtruth[1502-1_spk_1502_1_009210-009574]: B耗<unk>俏倔啞顔俏B
2018-07-11 13:16:24,284 (asr_pytorch:469) INFO: prediction [1502-1_spk_1502_1_009210-009574]: 誒而傢嚟個行係係誒<eos>
2018-07-11 13:16:24,292 (e2e_asr_attctc_th:2977) INFO: BLSTMP input lengths: [228]
2018-07-11 13:16:24,600 (e2e_asr_attctc_th:2067) INFO: input lengths: 57
2018-07-11 13:16:24,601 (e2e_asr_attctc_th:2091) INFO: max output length: 57
2018-07-11 13:16:24,601 (e2e_asr_attctc_th:2092) INFO: min output length: 0
2018-07-11 13:16:25,505 (e2e_asr_attctc_th:2206) INFO: no hypothesis. Finish decoding.
2018-07-11 13:16:25,505 (e2e_asr_attctc_th:2217) INFO: total log probability: -2.56400967622
2018-07-11 13:16:25,505 (e2e_asr_attctc_th:2218) INFO: normalized log probability: -0.256400967622
2018-07-11 13:16:25,506 (asr_pytorch:468) INFO: groundtruth[1501-1_spk_1501_1_076924-077154]: B嗄乒剛嘍誅尻
2018-07-11 13:16:25,506 (asr_pytorch:469) INFO: prediction [1501-1_spk_1501_1_076924-077154]: 係咯喺之前嘅話就<eos>
2018-07-11 13:16:25,514 (e2e_asr_attctc_th:2977) INFO: BLSTMP input lengths: [158]
2018-07-11 13:16:25,728 (e2e_asr_attctc_th:2067) INFO: input lengths: 40
2018-07-11 13:16:25,728 (e2e_asr_attctc_th:2091) INFO: max output length: 40
2018-07-11 13:16:25,728 (e2e_asr_attctc_th:2092) INFO: min output length: 0
2018-07-11 13:16:26,018 (e2e_asr_attctc_th:2206) INFO: no hypothesis. Finish decoding.
2018-07-11 13:16:26,018 (e2e_asr_attctc_th:2217) INFO: total log probability: -3.2480860576
2018-07-11 13:16:26,018 (e2e_asr_attctc_th:2218) INFO: normalized log probability: -0.649617211521
2018-07-11 13:16:26,019 (asr_pytorch:468) INFO: groundtruth[1504-1_spk_1504_1_031562-031722]: 咋妍咋
2018-07-11 13:16:26,019 (asr_pytorch:469) INFO: prediction [1504-1_spk_1504_1_031562-031722]: 咁越咁<eos>
2018-07-11 13:16:26,027 (e2e_asr_attctc_th:2977) INFO: BLSTMP input lengths: [150]
2018-07-11 13:16:26,225 (e2e_asr_attctc_th:2067) INFO: input lengths: 38
2018-07-11 13:16:26,225 (e2e_asr_attctc_th:2091) INFO: max output length: 38
2018-07-11 13:16:26,225 (e2e_asr_attctc_th:2092) INFO: min output length: 0
2018-07-11 13:16:27,183 (e2e_asr_attctc_th:2199) INFO: end detected at 14
2018-07-11 13:16:27,183 (e2e_asr_attctc_th:2217) INFO: total log probability: -3.17666103318
2018-07-11 13:16:27,183 (e2e_asr_attctc_th:2218) INFO: normalized log probability: -0.35296233702
2018-07-11 13:16:27,184 (asr_pytorch:468) INFO: groundtruth[3_spk_3_063150-063302]: 哭SO唪緘見吟
2018-07-11 13:16:27,184 (asr_pytorch:469) INFO: prediction [3_spk_3_063150-063302]: 哦OK唔緊要啊<eos>
2018-07-11 13:16:27,195 (e2e_asr_attctc_th:2977) INFO: BLSTMP input lengths: [164]
2018-07-11 13:16:27,494 (e2e_asr_attctc_th:2067) INFO: input lengths: 41
2018-07-11 13:16:27,494 (e2e_asr_attctc_th:2091) INFO: max output length: 41
2018-07-11 13:16:27,494 (e2e_asr_attctc_th:2092) INFO: min output length: 0
2018-07-11 13:16:28,237 (e2e_asr_attctc_th:2199) INFO: end detected at 12
2018-07-11 13:16:28,238 (e2e_asr_attctc_th:2217) INFO: total log probability: -3.55791362468
2018-07-11 13:16:28,238 (e2e_asr_attctc_th:2218) INFO: normalized log probability: -0.508273374955
2018-07-11 13:16:28,239 (asr_pytorch:468) INFO: groundtruth[1503-2_spk_1503_2_095660-095826]: 哭姚俏冏冏
2018-07-11 13:16:28,239 (asr_pytorch:469) INFO: prediction [1503-2_spk_1503_2_095660-095826]: 哦即係我冇<eos>
2018-07-11 13:16:28,246 (e2e_asr_attctc_th:2977) INFO: BLSTMP input lengths: [90]
2018-07-11 13:16:28,371 (e2e_asr_attctc_th:2067) INFO: input lengths: 23
2018-07-11 13:16:28,371 (e2e_asr_attctc_th:2091) INFO: max output length: 23
2018-07-11 13:16:28,371 (e2e_asr_attctc_th:2092) INFO: min output length: 0
2018-07-11 13:16:28,847 (e2e_asr_attctc_th:2206) INFO: no hypothesis. Finish decoding.
2018-07-11 13:16:28,847 (e2e_asr_attctc_th:2217) INFO: total log probability: -5.38112688065
2018-07-11 13:16:28,847 (e2e_asr_attctc_th:2218) INFO: normalized log probability: -0.672640860081
2018-07-11 13:16:28,847 (asr_pytorch:468) INFO: groundtruth[8_spk_8_005035-005127]: B然倍賒斥嘍
2018-07-11 13:16:28,847 (asr_pytorch:469) INFO: prediction [8_spk_8_005035-005127]: 啊冇俾資料嘅<eos>
2018-07-11 13:16:28,855 (e2e_asr_attctc_th:2977) INFO: BLSTMP input lengths: [12]
2018-07-11 13:16:28,881 (e2e_asr_attctc_th:2067) INFO: input lengths: 3
2018-07-11 13:16:28,882 (e2e_asr_attctc_th:2091) INFO: max output length: 3
2018-07-11 13:16:28,882 (e2e_asr_attctc_th:2092) INFO: min output length: 0
2018-07-11 13:16:28,963 (e2e_asr_attctc_th:2180) INFO: adding <eos> in the last postion in the loop
2018-07-11 13:16:28,963 (e2e_asr_attctc_th:2206) INFO: no hypothesis. Finish decoding.
2018-07-11 13:16:28,964 (e2e_asr_attctc_th:2217) INFO: total log probability: -1.80078491382
2018-07-11 13:16:28,964 (e2e_asr_attctc_th:2218) INFO: normalized log probability: -0.600261637941
2018-07-11 13:16:28,964 (asr_pytorch:468) INFO: groundtruth[1501-2_spk_1501_2_039101-039115]: 俏
2018-07-11 13:16:28,964 (asr_pytorch:469) INFO: prediction [1501-2_spk_1501_2_039101-039115]: 係<eos>
2018-07-11 13:16:28,971 (e2e_asr_attctc_th:2977) INFO: BLSTMP input lengths: [35]
2018-07-11 13:16:29,046 (e2e_asr_attctc_th:2067) INFO: input lengths: 9
2018-07-11 13:16:29,046 (e2e_asr_attctc_th:2091) INFO: max output length: 9
2018-07-11 13:16:29,046 (e2e_asr_attctc_th:2092) INFO: min output length: 0
2018-07-11 13:16:29,352 (e2e_asr_attctc_th:2199) INFO: end detected at 7
2018-07-11 13:16:29,352 (e2e_asr_attctc_th:2217) INFO: total log probability: -0.00950667727739
2018-07-11 13:16:29,353 (e2e_asr_attctc_th:2218) INFO: normalized log probability: -0.0031688924258
2018-07-11 13:16:29,354 (asr_pytorch:468) INFO: groundtruth[1501-1_spk_1501_1_057123-057160]: 俏
2018-07-11 13:16:29,354 (asr_pytorch:469) INFO: prediction [1501-1_spk_1501_1_057123-057160]: 係<eos>
2018-07-11 13:16:29,367 (e2e_asr_attctc_th:2977) INFO: BLSTMP input lengths: [311]
2018-07-11 13:16:29,822 (e2e_asr_attctc_th:2067) INFO: input lengths: 78
2018-07-11 13:16:29,823 (e2e_asr_attctc_th:2091) INFO: max output length: 78
2018-07-11 13:16:29,823 (e2e_asr_attctc_th:2092) INFO: min output length: 0
2018-07-11 13:16:31,595 (e2e_asr_attctc_th:2206) INFO: no hypothesis. Finish decoding.
2018-07-11 13:16:31,596 (e2e_asr_attctc_th:2217) INFO: total log probability: -13.728634866
2018-07-11 13:16:31,596 (e2e_asr_attctc_th:2218) INFO: normalized log probability: -0.762701936997
2018-07-11 13:16:31,596 (asr_pytorch:468) INFO: groundtruth[1505-2_spk_1505_2_084163-084476]: 戛唪俏誅辯序耳啖唪俏矮佬序朕IJJIGXMZI啖
2018-07-11 13:16:31,596 (asr_pytorch:469) INFO: prediction [1505-2_spk_1505_2_084163-084476]: 我唔係我扮幾我嘅嘢就幾六二德住翻<eos>
2018-07-11 13:16:31,604 (e2e_asr_attctc_th:2977) INFO: BLSTMP input lengths: [118]
2018-07-11 13:16:31,768 (e2e_asr_attctc_th:2067) INFO: input lengths: 30
2018-07-11 13:16:31,769 (e2e_asr_attctc_th:2091) INFO: max output length: 30
2018-07-11 13:16:31,769 (e2e_asr_attctc_th:2092) INFO: min output length: 0
2018-07-11 13:16:32,664 (e2e_asr_attctc_th:2199) INFO: end detected at 14
2018-07-11 13:16:32,665 (e2e_asr_attctc_th:2217) INFO: total log probability: -1.51380504383
2018-07-11 13:16:32,665 (e2e_asr_attctc_th:2218) INFO: normalized log probability: -0.151380504383
2018-07-11 13:16:32,666 (asr_pytorch:468) INFO: groundtruth[1501-1_spk_1501_1_025573-025693]: 咋妍枱俏三幻嘍呯
2018-07-11 13:16:32,666 (asr_pytorch:469) INFO: prediction [1501-1_spk_1501_1_025573-025693]: 咁如果係一年嘅呢<eos>
2018-07-11 13:16:32,673 (e2e_asr_attctc_th:2977) INFO: BLSTMP input lengths: [102]
2018-07-11 13:16:32,810 (e2e_asr_attctc_th:2067) INFO: input lengths: 26
2018-07-11 13:16:32,810 (e2e_asr_attctc_th:2091) INFO: max output length: 26
2018-07-11 13:16:32,810 (e2e_asr_attctc_th:2092) INFO: min output length: 0
2018-07-11 13:16:33,362 (e2e_asr_attctc_th:2199) INFO: end detected at 11
2018-07-11 13:16:33,362 (e2e_asr_attctc_th:2217) INFO: total log probability: -2.78476002812
2018-07-11 13:16:33,362 (e2e_asr_attctc_th:2218) INFO: normalized log probability: -0.556952005625
2018-07-11 13:16:33,363 (asr_pytorch:468) INFO: groundtruth[12_spk_12_052203-052307]: 哭咋
2018-07-11 13:16:33,363 (asr_pytorch:469) INFO: prediction [12_spk_12_052203-052307]: 啊得嗯<eos>
2018-07-11 13:16:33,371 (e2e_asr_attctc_th:2977) INFO: BLSTMP input lengths: [299]
2018-07-11 13:16:33,759 (e2e_asr_attctc_th:2067) INFO: input lengths: 75
2018-07-11 13:16:33,760 (e2e_asr_attctc_th:2091) INFO: max output length: 75
2018-07-11 13:16:33,760 (e2e_asr_attctc_th:2092) INFO: min output length: 0
2018-07-11 13:16:35,378 (e2e_asr_attctc_th:2206) INFO: no hypothesis. Finish decoding.
2018-07-11 13:16:35,378 (e2e_asr_attctc_th:2217) INFO: total log probability: -5.54262129683
2018-07-11 13:16:35,378 (e2e_asr_attctc_th:2218) INFO: normalized log probability: -0.326036546872
2018-07-11 13:16:35,379 (asr_pytorch:468) INFO: groundtruth[4_spk_4_015655-015956]: 戛員哲邕呯俏JSV畸謬畸倔公密倍佬肇
2018-07-11 13:16:35,379 (asr_pytorch:469) INFO: prediction [4_spk_4_015655-015956]: 哦呢邊都係放班講翻個內容俾你聽<eos>
2018-07-11 13:16:35,387 (e2e_asr_attctc_th:2977) INFO: BLSTMP input lengths: [435]
2018-07-11 13:16:35,937 (e2e_asr_attctc_th:2067) INFO: input lengths: 109
2018-07-11 13:16:35,937 (e2e_asr_attctc_th:2091) INFO: max output length: 109
2018-07-11 13:16:35,937 (e2e_asr_attctc_th:2092) INFO: min output length: 0
2018-07-11 13:16:39,408 (e2e_asr_attctc_th:2199) INFO: end detected at 31
2018-07-11 13:16:39,409 (e2e_asr_attctc_th:2217) INFO: total log probability: -27.3111436181
2018-07-11 13:16:39,409 (e2e_asr_attctc_th:2218) INFO: normalized log probability: -1.0504286007
2018-07-11 13:16:39,409 (asr_pytorch:468) INFO: groundtruth[8_spk_8_018335-018772]: 住俏陵革戛逸佬員嘍俯悄戛詭道俯悄俏放唪刺兮丐旬呯
2018-07-11 13:16:39,410 (asr_pytorch:469) INFO: prediction [8_spk_8_018335-018772]: 食堂即使前兩隻隻準備我去瞭十分真係尋不成日生日啦<eos>
2018-07-11 13:16:39,417 (e2e_asr_attctc_th:2977) INFO: BLSTMP input lengths: [198]
2018-07-11 13:16:39,690 (e2e_asr_attctc_th:2067) INFO: input lengths: 50
2018-07-11 13:16:39,690 (e2e_asr_attctc_th:2091) INFO: max output length: 50
2018-07-11 13:16:39,690 (e2e_asr_attctc_th:2092) INFO: min output length: 0
2018-07-11 13:16:40,915 (e2e_asr_attctc_th:2199) INFO: end detected at 14
2018-07-11 13:16:40,916 (e2e_asr_attctc_th:2217) INFO: total log probability: -0.623377405573
2018-07-11 13:16:40,916 (e2e_asr_attctc_th:2218) INFO: normalized log probability: -0.0623377405573
2018-07-11 13:16:40,917 (asr_pytorch:468) INFO: groundtruth[12_spk_12_064361-064561]: 囹烕仕旬鄔俏從考
2018-07-11 13:16:40,918 (asr_pytorch:469) INFO: prediction [12_spk_12_064361-064561]: 因為今日都係得翻<eos>
2018-07-11 13:16:40,934 (e2e_asr_attctc_th:2977) INFO: BLSTMP input lengths: [520]
2018-07-11 13:16:41,818 (e2e_asr_attctc_th:2067) INFO: input lengths: 130
2018-07-11 13:16:41,819 (e2e_asr_attctc_th:2091) INFO: max output length: 130
2018-07-11 13:16:41,819 (e2e_asr_attctc_th:2092) INFO: min output length: 0
2018-07-11 13:16:46,548 (e2e_asr_attctc_th:2199) INFO: end detected at 37
2018-07-11 13:16:46,548 (e2e_asr_attctc_th:2217) INFO: total log probability: -22.956165798
2018-07-11 13:16:46,548 (e2e_asr_attctc_th:2218) INFO: normalized log probability: -0.7652055266
2018-07-11 13:16:46,549 (asr_pytorch:468) INFO: groundtruth[1504-1_spk_1504_1_044868-045390]: 鄔俏戛三旬扚序皆雅GEPP<unk>衝旨誅三旬GEPPXMQI夭榕鄔俏倔序兮倔鐲差吃
2018-07-11 13:16:46,549 (asr_pytorch:469) INFO: prediction [1504-1_spk_1504_1_044868-045390]: 都係我呢幾百食開齣街嘅話一OTOM大概真係過幾兩個鐘爽又<eos>
2018-07-11 13:16:46,558 (e2e_asr_attctc_th:2977) INFO: BLSTMP input lengths: [742]
2018-07-11 13:16:47,512 (e2e_asr_attctc_th:2067) INFO: input lengths: 186
2018-07-11 13:16:47,512 (e2e_asr_attctc_th:2091) INFO: max output length: 186
2018-07-11 13:16:47,512 (e2e_asr_attctc_th:2092) INFO: min output length: 0
2018-07-11 13:16:53,684 (e2e_asr_attctc_th:2199) INFO: end detected at 39
2018-07-11 13:16:53,684 (e2e_asr_attctc_th:2217) INFO: total log probability: -27.5004785033
2018-07-11 13:16:53,685 (e2e_asr_attctc_th:2218) INFO: normalized log probability: -0.808837603038
2018-07-11 13:16:53,686 (asr_pytorch:468) INFO: groundtruth[1503-1_spk_1503_1_011308-012052]: 冏啖冏啖俏呯三倔戛址朋夥朋須籮朋閉鄔俏從頻三幻朕2KF叄B夢逆迫旨
2018-07-11 13:16:53,687 (asr_pytorch:469) INFO: prediction [1503-1_spk_1503_1_011308-012052]: 我話好啊係呢一個我哋最過最緊諗聚唱都係嘅後一年有兩年可以太上翻噶<eos>
2018-07-11 13:16:53,701 (e2e_asr_attctc_th:2977) INFO: BLSTMP input lengths: [166]
2018-07-11 13:16:54,043 (e2e_asr_attctc_th:2067) INFO: input lengths: 42
2018-07-11 13:16:54,043 (e2e_asr_attctc_th:2091) INFO: max output length: 42
2018-07-11 13:16:54,044 (e2e_asr_attctc_th:2092) INFO: min output length: 0
2018-07-11 13:16:55,557 (e2e_asr_attctc_th:2199) INFO: end detected at 14
2018-07-11 13:16:55,558 (e2e_asr_attctc_th:2217) INFO: total log probability: -0.214916732162
2018-07-11 13:16:55,558 (e2e_asr_attctc_th:2218) INFO: normalized log probability: -0.0214916732162
2018-07-11 13:16:55,559 (asr_pytorch:468) INFO: groundtruth[1501-1_spk_1501_1_053690-053858]: 咋住俏佰尻冏嗷倔
2018-07-11 13:16:55,559 (asr_pytorch:469) INFO: prediction [1501-1_spk_1501_1_053690-053858]: 咁但係佢就冇嗰個<eos>
2018-07-11 13:16:55,573 (e2e_asr_attctc_th:2977) INFO: BLSTMP input lengths: [150]
2018-07-11 13:16:55,923 (e2e_asr_attctc_th:2067) INFO: input lengths: 38
2018-07-11 13:16:55,924 (e2e_asr_attctc_th:2091) INFO: max output length: 38
2018-07-11 13:16:55,924 (e2e_asr_attctc_th:2092) INFO: min output length: 0
2018-07-11 13:16:56,609 (e2e_asr_attctc_th:2199) INFO: end detected at 9
2018-07-11 13:16:56,609 (e2e_asr_attctc_th:2217) INFO: total log probability: -1.07644152083
2018-07-11 13:16:56,609 (e2e_asr_attctc_th:2218) INFO: normalized log probability: -0.269110380206
2018-07-11 13:16:56,611 (asr_pytorch:468) INFO: groundtruth[12_spk_12_045213-045365]: B
2018-07-11 13:16:56,611 (asr_pytorch:469) INFO: prediction [12_spk_12_045213-045365]: 啊嗯<eos>
2018-07-11 13:16:56,625 (e2e_asr_attctc_th:2977) INFO: BLSTMP input lengths: [128]
2018-07-11 13:16:56,899 (e2e_asr_attctc_th:2067) INFO: input lengths: 32
2018-07-11 13:16:56,900 (e2e_asr_attctc_th:2091) INFO: max output length: 32
2018-07-11 13:16:56,900 (e2e_asr_attctc_th:2092) INFO: min output length: 0
2018-07-11 13:16:57,782 (e2e_asr_attctc_th:2199) INFO: end detected at 11
2018-07-11 13:16:57,783 (e2e_asr_attctc_th:2217) INFO: total log probability: -5.41891069151
2018-07-11 13:16:57,783 (e2e_asr_attctc_th:2218) INFO: normalized log probability: -0.774130098788
2018-07-11 13:16:57,783 (asr_pytorch:468) INFO: groundtruth[1502-1_spk_1502_1_022931-023061]: 由刺共KF呈嘢
2018-07-11 13:16:57,784 (asr_pytorch:469) INFO: prediction [1502-1_spk_1502_1_022931-023061]: 飽白嘅啊嘛<eos>
2018-07-11 13:16:57,791 (e2e_asr_attctc_th:2977) INFO: BLSTMP input lengths: [107]
2018-07-11 13:16:57,937 (e2e_asr_attctc_th:2067) INFO: input lengths: 27
2018-07-11 13:16:57,938 (e2e_asr_attctc_th:2091) INFO: max output length: 27
2018-07-11 13:16:57,938 (e2e_asr_attctc_th:2092) INFO: min output length: 0
2018-07-11 13:16:58,673 (e2e_asr_attctc_th:2199) INFO: end detected at 13
2018-07-11 13:16:58,673 (e2e_asr_attctc_th:2217) INFO: total log probability: -5.99977820553
2018-07-11 13:16:58,674 (e2e_asr_attctc_th:2218) INFO: normalized log probability: -0.749972275691
2018-07-11 13:16:58,674 (asr_pytorch:468) INFO: groundtruth[1502-2_spk_1502_2_089978-090087]: 丹通呯兮倔朔
2018-07-11 13:16:58,674 (asr_pytorch:469) INFO: prediction [1502-2_spk_1502_2_089978-090087]: 中床呢上我月<eos>
2018-07-11 13:16:58,682 (e2e_asr_attctc_th:2977) INFO: BLSTMP input lengths: [198]
2018-07-11 13:16:58,946 (e2e_asr_attctc_th:2067) INFO: input lengths: 50
2018-07-11 13:16:58,946 (e2e_asr_attctc_th:2091) INFO: max output length: 50
2018-07-11 13:16:58,946 (e2e_asr_attctc_th:2092) INFO: min output length: 0
2018-07-11 13:17:00,338 (e2e_asr_attctc_th:2206) INFO: no hypothesis. Finish decoding.
2018-07-11 13:17:00,339 (e2e_asr_attctc_th:2217) INFO: total log probability: -18.7526516765
2018-07-11 13:17:00,339 (e2e_asr_attctc_th:2218) INFO: normalized log probability: -1.25017677844
2018-07-11 13:17:00,339 (asr_pytorch:468) INFO: groundtruth[12_spk_12_030949-031149]: 冏鍋喋咋樺兒服放刺彿頃
2018-07-11 13:17:00,339 (asr_pytorch:469) INFO: prediction [12_spk_12_030949-031149]: 去數錯就集嗰兩先會頭到影響<eos>
2018-07-11 13:17:00,347 (e2e_asr_attctc_th:2977) INFO: BLSTMP input lengths: [171]
2018-07-11 13:17:00,581 (e2e_asr_attctc_th:2067) INFO: input lengths: 43
2018-07-11 13:17:00,581 (e2e_asr_attctc_th:2091) INFO: max output length: 43
2018-07-11 13:17:00,581 (e2e_asr_attctc_th:2092) INFO: min output length: 0
2018-07-11 13:17:02,034 (e2e_asr_attctc_th:2199) INFO: end detected at 20
2018-07-11 13:17:02,034 (e2e_asr_attctc_th:2217) INFO: total log probability: -17.164433918
2018-07-11 13:17:02,034 (e2e_asr_attctc_th:2218) INFO: normalized log probability: -1.14429559453
2018-07-11 13:17:02,035 (asr_pytorch:468) INFO: groundtruth[4_spk_4_073437-073610]: 佬朕然間刺頻兒
2018-07-11 13:17:02,035 (asr_pytorch:469) INFO: prediction [4_spk_4_073437-073610]: 啊你要就用我一比喺嗰度搞啲<eos>
2018-07-11 13:17:02,043 (e2e_asr_attctc_th:2977) INFO: BLSTMP input lengths: [153]
2018-07-11 13:17:02,247 (e2e_asr_attctc_th:2067) INFO: input lengths: 39
2018-07-11 13:17:02,248 (e2e_asr_attctc_th:2091) INFO: max output length: 39
2018-07-11 13:17:02,248 (e2e_asr_attctc_th:2092) INFO: min output length: 0
2018-07-11 13:17:02,961 (e2e_asr_attctc_th:2206) INFO: no hypothesis. Finish decoding.
2018-07-11 13:17:02,961 (e2e_asr_attctc_th:2217) INFO: total log probability: -7.9347146824
2018-07-11 13:17:02,961 (e2e_asr_attctc_th:2218) INFO: normalized log probability: -0.79347146824
2018-07-11 13:17:02,962 (asr_pytorch:468) INFO: groundtruth[12_spk_12_034299-034454]: 佬司件咋樺樺兒嘍
2018-07-11 13:17:02,962 (asr_pytorch:469) INFO: prediction [12_spk_12_034299-034454]: 你可以等班養先咗<eos>
2018-07-11 13:17:02,969 (e2e_asr_attctc_th:2977) INFO: BLSTMP input lengths: [82]
2018-07-11 13:17:03,095 (e2e_asr_attctc_th:2067) INFO: input lengths: 21
2018-07-11 13:17:03,095 (e2e_asr_attctc_th:2091) INFO: max output length: 21
2018-07-11 13:17:03,095 (e2e_asr_attctc_th:2092) INFO: min output length: 0
2018-07-11 13:17:03,775 (e2e_asr_attctc_th:2199) INFO: end detected at 13
2018-07-11 13:17:03,775 (e2e_asr_attctc_th:2217) INFO: total log probability: -2.61675608251
2018-07-11 13:17:03,775 (e2e_asr_attctc_th:2218) INFO: normalized log probability: -0.373822297502
2018-07-11 13:17:03,776 (asr_pytorch:468) INFO: groundtruth[1502-1_spk_1502_1_023632-023716]: 咋住戛戛尻驥
2018-07-11 13:17:03,776 (asr_pytorch:469) INFO: prediction [1502-1_spk_1502_1_023632-023716]: 咁大我我驚<eos>
2018-07-11 13:17:03,784 (e2e_asr_attctc_th:2977) INFO: BLSTMP input lengths: [190]
2018-07-11 13:17:04,038 (e2e_asr_attctc_th:2067) INFO: input lengths: 48
2018-07-11 13:17:04,038 (e2e_asr_attctc_th:2091) INFO: max output length: 48
2018-07-11 13:17:04,039 (e2e_asr_attctc_th:2092) INFO: min output length: 0
2018-07-11 13:17:04,972 (e2e_asr_attctc_th:2199) INFO: end detected at 14
2018-07-11 13:17:04,972 (e2e_asr_attctc_th:2217) INFO: total log probability: -10.4039845467
2018-07-11 13:17:04,972 (e2e_asr_attctc_th:2218) INFO: normalized log probability: -1.48628350667
2018-07-11 13:17:04,973 (asr_pytorch:468) INFO: groundtruth[8_spk_8_036825-037017]: 哭SOSO
2018-07-11 13:17:04,973 (asr_pytorch:469) INFO: prediction [8_spk_8_036825-037017]: 十個啫我食<eos>
2018-07-11 13:17:04,981 (e2e_asr_attctc_th:2977) INFO: BLSTMP input lengths: [198]
2018-07-11 13:17:05,245 (e2e_asr_attctc_th:2067) INFO: input lengths: 50
2018-07-11 13:17:05,245 (e2e_asr_attctc_th:2091) INFO: max output length: 50
2018-07-11 13:17:05,245 (e2e_asr_attctc_th:2092) INFO: min output length: 0
2018-07-11 13:17:06,493 (e2e_asr_attctc_th:2199) INFO: end detected at 16
2018-07-11 13:17:06,493 (e2e_asr_attctc_th:2217) INFO: total log probability: -9.17309817113
2018-07-11 13:17:06,493 (e2e_asr_attctc_th:2218) INFO: normalized log probability: -0.833918015557
2018-07-11 13:17:06,494 (asr_pytorch:468) INFO: groundtruth[12_spk_12_038465-038665]: 夥啼由釘嘍誅肺宣朕
2018-07-11 13:17:06,494 (asr_pytorch:469) INFO: prediction [12_spk_12_038465-038665]: 先用兩個話係咪有咖<eos>
2018-07-11 13:17:06,502 (e2e_asr_attctc_th:2977) INFO: BLSTMP input lengths: [314]
2018-07-11 13:17:06,908 (e2e_asr_attctc_th:2067) INFO: input lengths: 79
2018-07-11 13:17:06,909 (e2e_asr_attctc_th:2091) INFO: max output length: 79
2018-07-11 13:17:06,909 (e2e_asr_attctc_th:2092) INFO: min output length: 0
2018-07-11 13:17:09,007 (e2e_asr_attctc_th:2199) INFO: end detected at 23
2018-07-11 13:17:09,008 (e2e_asr_attctc_th:2217) INFO: total log probability: -9.40144518483
2018-07-11 13:17:09,008 (e2e_asr_attctc_th:2218) INFO: normalized log probability: -0.522302510269
2018-07-11 13:17:09,008 (asr_pytorch:468) INFO: groundtruth[1501-1_spk_1501_1_061964-062279]: 咋尻逆迫叄夭域邕倔佑罷嘍麵疊勵呯
2018-07-11 13:17:09,009 (asr_pytorch:469) INFO: prediction [1501-1_spk_1501_1_061964-062279]: 咁就鬆心去大到邊個位置嘅咪當勞噶<eos>
2018-07-11 13:17:09,016 (e2e_asr_attctc_th:2977) INFO: BLSTMP input lengths: [171]
2018-07-11 13:17:09,250 (e2e_asr_attctc_th:2067) INFO: input lengths: 43
2018-07-11 13:17:09,250 (e2e_asr_attctc_th:2091) INFO: max output length: 43
2018-07-11 13:17:09,250 (e2e_asr_attctc_th:2092) INFO: min output length: 0
2018-07-11 13:17:10,705 (e2e_asr_attctc_th:2199) INFO: end detected at 19
2018-07-11 13:17:10,705 (e2e_asr_attctc_th:2217) INFO: total log probability: -10.460435003
2018-07-11 13:17:10,706 (e2e_asr_attctc_th:2218) INFO: normalized log probability: -0.747173928789
2018-07-11 13:17:10,706 (asr_pytorch:468) INFO: groundtruth[1503-1_spk_1503_1_098975-099148]: 佬訢從扚3189間頻嗷倔尻從柎啯
2018-07-11 13:17:10,706 (asr_pytorch:469) INFO: prediction [1503-1_spk_1503_1_098975-099148]: 你記得打三一百九下就落去<eos>
2018-07-11 13:17:10,715 (e2e_asr_attctc_th:2977) INFO: BLSTMP input lengths: [532]
2018-07-11 13:17:11,463 (e2e_asr_attctc_th:2067) INFO: input lengths: 133
2018-07-11 13:17:11,464 (e2e_asr_attctc_th:2091) INFO: max output length: 133
2018-07-11 13:17:11,464 (e2e_asr_attctc_th:2092) INFO: min output length: 0
2018-07-11 13:17:15,921 (e2e_asr_attctc_th:2199) INFO: end detected at 36
2018-07-11 13:17:15,922 (e2e_asr_attctc_th:2217) INFO: total log probability: -26.599837604
2018-07-11 13:17:15,922 (e2e_asr_attctc_th:2218) INFO: normalized log probability: -0.886661253466
2018-07-11 13:17:15,923 (asr_pytorch:468) INFO: groundtruth[1504-1_spk_1504_1_076836-077370]: 佬見三皆需序蚧嗷啼TPERNSMR敍葛W8刺咋施歌檀喔
2018-07-11 13:17:15,923 (asr_pytorch:469) INFO: prediction [1504-1_spk_1504_1_076836-077370]: 你要一百零幾蚊嗰啲TACKSORONASS搭到咁新款記喎<eos>
2018-07-11 13:17:15,938 (e2e_asr_attctc_th:2977) INFO: BLSTMP input lengths: [254]
2018-07-11 13:17:16,298 (e2e_asr_attctc_th:2067) INFO: input lengths: 64
2018-07-11 13:17:16,298 (e2e_asr_attctc_th:2091) INFO: max output length: 64
2018-07-11 13:17:16,299 (e2e_asr_attctc_th:2092) INFO: min output length: 0
2018-07-11 13:17:17,890 (e2e_asr_attctc_th:2199) INFO: end detected at 19
2018-07-11 13:17:17,890 (e2e_asr_attctc_th:2217) INFO: total log probability: -7.76419032738
2018-07-11 13:17:17,890 (e2e_asr_attctc_th:2218) INFO: normalized log probability: -0.517612688492
2018-07-11 13:17:17,891 (asr_pytorch:468) INFO: groundtruth[1505-1_spk_1505_1_078850-079106]: 哭鄔愈<unk>檀<unk>埗檀嗷啼旨
2018-07-11 13:17:17,891 (asr_pytorch:469) INFO: prediction [1505-1_spk_1505_1_078850-079106]: 我真係想齣即係齣埋機嗰啲藥<eos>
2018-07-11 13:17:17,899 (e2e_asr_attctc_th:2977) INFO: BLSTMP input lengths: [198]
2018-07-11 13:17:18,163 (e2e_asr_attctc_th:2067) INFO: input lengths: 50
2018-07-11 13:17:18,163 (e2e_asr_attctc_th:2091) INFO: max output length: 50
2018-07-11 13:17:18,163 (e2e_asr_attctc_th:2092) INFO: min output length: 0
2018-07-11 13:17:19,211 (e2e_asr_attctc_th:2199) INFO: end detected at 15
2018-07-11 13:17:19,212 (e2e_asr_attctc_th:2217) INFO: total log probability: -7.68475061655
2018-07-11 13:17:19,212 (e2e_asr_attctc_th:2218) INFO: normalized log probability: -0.853861179617
2018-07-11 13:17:19,213 (asr_pytorch:468) INFO: groundtruth[1505-2_spk_1505_2_041642-041842]: 咋宥<unk>俏冀寫佬矮遛
2018-07-11 13:17:19,213 (asr_pytorch:469) INFO: prediction [1505-2_spk_1505_2_041642-041842]: 咁然之後係你知<eos>
2018-07-11 13:17:19,222 (e2e_asr_attctc_th:2977) INFO: BLSTMP input lengths: [628]
2018-07-11 13:17:20,094 (e2e_asr_attctc_th:2067) INFO: input lengths: 157
2018-07-11 13:17:20,095 (e2e_asr_attctc_th:2091) INFO: max output length: 157
2018-07-11 13:17:20,095 (e2e_asr_attctc_th:2092) INFO: min output length: 0
2018-07-11 13:17:25,860 (e2e_asr_attctc_th:2199) INFO: end detected at 42
2018-07-11 13:17:25,861 (e2e_asr_attctc_th:2217) INFO: total log probability: -35.5150582492
2018-07-11 13:17:25,861 (e2e_asr_attctc_th:2218) INFO: normalized log probability: -0.986529395812
2018-07-11 13:17:25,862 (asr_pytorch:468) INFO: groundtruth[1503-1_spk_1503_1_074774-075404]: 吔埗呯訢從換戛址吔井吔埗訢從嗓佰頻三幻<unk>紋未嗷刺B夢逆夥2KFHEXE毯佬
2018-07-11 13:17:25,862 (asr_pytorch:469) INFO: prediction [1503-1_spk_1503_1_074774-075404]: 同埋呢你而傢係如果你頭先同埋其他嘅佢頭傢然後日期嗰度校數假嚟啲地嚟嘅<eos>
2018-07-11 13:17:25,876 (e2e_asr_attctc_th:2977) INFO: BLSTMP input lengths: [137]
2018-07-11 13:17:26,145 (e2e_asr_attctc_th:2067) INFO: input lengths: 35
2018-07-11 13:17:26,145 (e2e_asr_attctc_th:2091) INFO: max output length: 35
2018-07-11 13:17:26,145 (e2e_asr_attctc_th:2092) INFO: min output length: 0
2018-07-11 13:17:26,908 (e2e_asr_attctc_th:2206) INFO: no hypothesis. Finish decoding.
2018-07-11 13:17:26,908 (e2e_asr_attctc_th:2217) INFO: total log probability: -7.42880791984
2018-07-11 13:17:26,908 (e2e_asr_attctc_th:2218) INFO: normalized log probability: -0.928600989981
2018-07-11 13:17:26,909 (asr_pytorch:468) INFO: groundtruth[12_spk_12_000724-000863]: 哭尖姚黴稿咁呯
2018-07-11 13:17:26,909 (asr_pytorch:469) INFO: prediction [12_spk_12_000724-000863]: 十四點先好呢<eos>
2018-07-11 13:17:26,923 (e2e_asr_attctc_th:2977) INFO: BLSTMP input lengths: [95]
2018-07-11 13:17:27,127 (e2e_asr_attctc_th:2067) INFO: input lengths: 24
2018-07-11 13:17:27,128 (e2e_asr_attctc_th:2091) INFO: max output length: 24
2018-07-11 13:17:27,128 (e2e_asr_attctc_th:2092) INFO: min output length: 0
2018-07-11 13:17:27,836 (e2e_asr_attctc_th:2199) INFO: end detected at 11
2018-07-11 13:17:27,836 (e2e_asr_attctc_th:2217) INFO: total log probability: -6.35732211638
2018-07-11 13:17:27,836 (e2e_asr_attctc_th:2218) INFO: normalized log probability: -1.05955368606
2018-07-11 13:17:27,837 (asr_pytorch:468) INFO: groundtruth[1502-1_spk_1502_1_001079-001176]: 戛戛姥潤㨃
2018-07-11 13:17:27,837 (asr_pytorch:469) INFO: prediction [1502-1_spk_1502_1_001079-001176]: 哦性觀噶<eos>
2018-07-11 13:17:27,845 (e2e_asr_attctc_th:2977) INFO: BLSTMP input lengths: [186]
2018-07-11 13:17:28,089 (e2e_asr_attctc_th:2067) INFO: input lengths: 47
2018-07-11 13:17:28,090 (e2e_asr_attctc_th:2091) INFO: max output length: 47
2018-07-11 13:17:28,090 (e2e_asr_attctc_th:2092) INFO: min output length: 0
2018-07-11 13:17:30,057 (e2e_asr_attctc_th:2199) INFO: end detected at 22
2018-07-11 13:17:30,057 (e2e_asr_attctc_th:2217) INFO: total log probability: -13.5303539839
2018-07-11 13:17:30,057 (e2e_asr_attctc_th:2218) INFO: normalized log probability: -0.795903175521
2018-07-11 13:17:30,058 (asr_pytorch:468) INFO: groundtruth[1502-2_spk_1502_2_014615-014803]: 啵XSXEP佬倔HEXE司件叄刺卉兵KF嘍
2018-07-11 13:17:30,058 (asr_pytorch:469) INFO: prediction [1502-2_spk_1502_2_014615-014803]: 即係我同嚟咗機頭可以喺度十六嘅<eos>
2018-07-11 13:17:30,066 (e2e_asr_attctc_th:2977) INFO: BLSTMP input lengths: [198]
2018-07-11 13:17:30,358 (e2e_asr_attctc_th:2067) INFO: input lengths: 50
2018-07-11 13:17:30,358 (e2e_asr_attctc_th:2091) INFO: max output length: 50
2018-07-11 13:17:30,358 (e2e_asr_attctc_th:2092) INFO: min output length: 0
2018-07-11 13:17:31,586 (e2e_asr_attctc_th:2206) INFO: no hypothesis. Finish decoding.
2018-07-11 13:17:31,586 (e2e_asr_attctc_th:2217) INFO: total log probability: -4.68946848158
2018-07-11 13:17:31,586 (e2e_asr_attctc_th:2218) INFO: normalized log probability: -0.334962034398
2018-07-11 13:17:31,587 (asr_pytorch:468) INFO: groundtruth[1501-1_spk_1501_1_026582-026782]: 囹烕籌閉紋肺宣尻幺啼㨃啯
2018-07-11 13:17:31,587 (asr_pytorch:469) INFO: prediction [1501-1_spk_1501_1_026582-026782]: 因為簽長就肯定就便啲噶啦<eos>
2018-07-11 13:17:31,599 (e2e_asr_attctc_th:2977) INFO: BLSTMP input lengths: [378]
2018-07-11 13:17:32,132 (e2e_asr_attctc_th:2067) INFO: input lengths: 95
2018-07-11 13:17:32,132 (e2e_asr_attctc_th:2091) INFO: max output length: 95
2018-07-11 13:17:32,133 (e2e_asr_attctc_th:2092) INFO: min output length: 0
2018-07-11 13:17:34,357 (e2e_asr_attctc_th:2206) INFO: no hypothesis. Finish decoding.
2018-07-11 13:17:34,358 (e2e_asr_attctc_th:2217) INFO: total log probability: -10.697923806
2018-07-11 13:17:34,358 (e2e_asr_attctc_th:2218) INFO: normalized log probability: -0.509424943144
2018-07-11 13:17:34,358 (asr_pytorch:468) INFO: groundtruth[1501-1_spk_1501_1_045605-045985]: 朕迫巫佢譚吔埗巫佢望鄔司件毯迫杖尖姚睛迫
2018-07-11 13:17:34,358 (asr_pytorch:469) INFO: prediction [1501-1_spk_1501_1_045605-045985]: 有翻工作證同埋工作放多外地翻嚟試嘅睇得<eos>
2018-07-11 13:17:34,366 (e2e_asr_attctc_th:2977) INFO: BLSTMP input lengths: [178]
2018-07-11 13:17:34,592 (e2e_asr_attctc_th:2067) INFO: input lengths: 45
2018-07-11 13:17:34,593 (e2e_asr_attctc_th:2091) INFO: max output length: 45
2018-07-11 13:17:34,593 (e2e_asr_attctc_th:2092) INFO: min output length: 0
2018-07-11 13:17:35,394 (e2e_asr_attctc_th:2206) INFO: no hypothesis. Finish decoding.
2018-07-11 13:17:35,394 (e2e_asr_attctc_th:2217) INFO: total log probability: -11.275293991
2018-07-11 13:17:35,394 (e2e_asr_attctc_th:2218) INFO: normalized log probability: -1.02502672645
2018-07-11 13:17:35,395 (asr_pytorch:468) INFO: groundtruth[3_spk_3_005477-005657]: 毛倔朔朕60蚧<unk>贗
2018-07-11 13:17:35,395 (asr_pytorch:469) INFO: prediction [3_spk_3_005477-005657]: 本所原有六十蚊會生<eos>
# Accounting: time=263 threads=1
# Ended (code 0) at Wed Jul 11 13:17:35 HKT 2018, elapsed time 263 seconds
# Accounting: time=521 threads=1
# Ended (code 0) at Wed Jul 11 13:20:30 HKT 2018, elapsed time 521 seconds
