# asr_recog.py --ngpu 0 --backend pytorch --recog-json smartone_data/smartone_kaldi/split32utt/data.3.json --result-label smartone_data/baseline/decode/data.3.json --model smartone_data/baseline/model.acc.best --model-conf smartone_data/baseline/model.conf --beam-size 20 --penalty 0.0 --maxlenratio 0.0 --minlenratio 0.0 --ctc-weight 0.3 
# Started at Wed Jul 11 13:13:12 HKT 2018
#
2018-07-11 13:13:13,047 (asr_recog:110) INFO: python path = /home/lahiru/Devinstalls/espnet_new/espnet/egs/domain_adaptation_cantonese/asr5/../../../src/lm/:/home/lahiru/Devinstalls/espnet_new/espnet/egs/domain_adaptation_cantonese/asr5/../../../src/asr/:/home/lahiru/Devinstalls/espnet_new/espnet/egs/domain_adaptation_cantonese/asr5/../../../src/nets/:/home/lahiru/Devinstalls/espnet_new/espnet/egs/domain_adaptation_cantonese/asr5/../../../src/utils/:/home/lahiru/Devinstalls/espnet_new/espnet/egs/domain_adaptation_cantonese/asr5/../../../src/bin/:/home/lahiru/Devinstalls/espnet_new/espnet/egs/domain_adaptation_cantonese/asr5/../../../src/lm/:/home/lahiru/Devinstalls/espnet_new/espnet/egs/domain_adaptation_cantonese/asr5/../../../src/asr/:/home/lahiru/Devinstalls/espnet_new/espnet/egs/domain_adaptation_cantonese/asr5/../../../src/nets/:/home/lahiru/Devinstalls/espnet_new/espnet/egs/domain_adaptation_cantonese/asr5/../../../src/utils/:/home/lahiru/Devinstalls/espnet_new/espnet/egs/domain_adaptation_cantonese/asr5/../../../src/bin/:
2018-07-11 13:13:13,047 (asr_recog:115) INFO: set random seed = 1
2018-07-11 13:13:13,048 (asr_recog:118) INFO: backend = pytorch
2018-07-11 13:13:13,880 (asr_pytorch:393) INFO: reading a model config file fromsmartone_data/baseline/model.conf
2018-07-11 13:13:13,899 (asr_pytorch:397) INFO: ARGS: backend: pytorch
2018-07-11 13:13:13,899 (asr_pytorch:397) INFO: ARGS: beam_size: 20
2018-07-11 13:13:13,899 (asr_pytorch:397) INFO: ARGS: ctc_weight: 0.3
2018-07-11 13:13:13,899 (asr_pytorch:397) INFO: ARGS: da: 0
2018-07-11 13:13:13,899 (asr_pytorch:397) INFO: ARGS: daconfig: 3
2018-07-11 13:13:13,899 (asr_pytorch:397) INFO: ARGS: datype: bias
2018-07-11 13:13:13,899 (asr_pytorch:397) INFO: ARGS: debugmode: 1
2018-07-11 13:13:13,899 (asr_pytorch:397) INFO: ARGS: gpu: None
2018-07-11 13:13:13,899 (asr_pytorch:397) INFO: ARGS: lm_weight: 0.1
2018-07-11 13:13:13,899 (asr_pytorch:397) INFO: ARGS: maxlenratio: 0.0
2018-07-11 13:13:13,899 (asr_pytorch:397) INFO: ARGS: minlenratio: 0.0
2018-07-11 13:13:13,899 (asr_pytorch:397) INFO: ARGS: model: smartone_data/baseline/model.acc.best
2018-07-11 13:13:13,899 (asr_pytorch:397) INFO: ARGS: model_conf: smartone_data/baseline/model.conf
2018-07-11 13:13:13,900 (asr_pytorch:397) INFO: ARGS: nbest: 1
2018-07-11 13:13:13,900 (asr_pytorch:397) INFO: ARGS: ngpu: 0
2018-07-11 13:13:13,900 (asr_pytorch:397) INFO: ARGS: penalty: 0.0
2018-07-11 13:13:13,900 (asr_pytorch:397) INFO: ARGS: recog_feat: None
2018-07-11 13:13:13,900 (asr_pytorch:397) INFO: ARGS: recog_json: smartone_data/smartone_kaldi/split32utt/data.3.json
2018-07-11 13:13:13,900 (asr_pytorch:397) INFO: ARGS: recog_label: None
2018-07-11 13:13:13,900 (asr_pytorch:397) INFO: ARGS: result_label: smartone_data/baseline/decode/data.3.json
2018-07-11 13:13:13,900 (asr_pytorch:397) INFO: ARGS: rnnlm: None
2018-07-11 13:13:13,900 (asr_pytorch:397) INFO: ARGS: seed: 1
2018-07-11 13:13:13,900 (asr_pytorch:397) INFO: ARGS: verbose: 1
2018-07-11 13:13:13,900 (asr_pytorch:397) INFO: ARGS: word_dict: None
2018-07-11 13:13:13,900 (asr_pytorch:397) INFO: ARGS: word_rnnlm: None
2018-07-11 13:13:13,900 (asr_pytorch:400) INFO: reading model parameters fromsmartone_data/baseline/model.acc.best
2018-07-11 13:13:13,900 (e2e_asr_attctc_th:184) INFO: subsample: 1 2 2 1 1
2018-07-11 13:13:13,984 (e2e_asr_attctc_th:2317) INFO: BLSTM with every-layer projection for encoder
2018-07-11 13:13:15,581 (e2e_asr_attctc_th:2977) INFO: BLSTMP input lengths: [101]
2018-07-11 13:13:15,723 (e2e_asr_attctc_th:2067) INFO: input lengths: 26
2018-07-11 13:13:15,723 (e2e_asr_attctc_th:2091) INFO: max output length: 26
2018-07-11 13:13:15,723 (e2e_asr_attctc_th:2092) INFO: min output length: 0
2018-07-11 13:13:16,559 (e2e_asr_attctc_th:2199) INFO: end detected at 12
2018-07-11 13:13:16,559 (e2e_asr_attctc_th:2217) INFO: total log probability: -0.261892203242
2018-07-11 13:13:16,560 (e2e_asr_attctc_th:2218) INFO: normalized log probability: -0.0436487005403
2018-07-11 13:13:16,561 (asr_pytorch:468) INFO: groundtruth[1503-2_spk_1503_2_035699-035802]: 嗶嗶嗶嗶
2018-07-11 13:13:16,561 (asr_pytorch:469) INFO: prediction [1503-2_spk_1503_2_035699-035802]: 嗯嗯嗯嗯<eos>
2018-07-11 13:13:16,568 (e2e_asr_attctc_th:2977) INFO: BLSTMP input lengths: [123]
2018-07-11 13:13:16,775 (e2e_asr_attctc_th:2067) INFO: input lengths: 31
2018-07-11 13:13:16,775 (e2e_asr_attctc_th:2091) INFO: max output length: 31
2018-07-11 13:13:16,775 (e2e_asr_attctc_th:2092) INFO: min output length: 0
2018-07-11 13:13:18,067 (e2e_asr_attctc_th:2199) INFO: end detected at 11
2018-07-11 13:13:18,067 (e2e_asr_attctc_th:2217) INFO: total log probability: -3.44596126676
2018-07-11 13:13:18,067 (e2e_asr_attctc_th:2218) INFO: normalized log probability: -0.574326877793
2018-07-11 13:13:18,068 (asr_pytorch:468) INFO: groundtruth[9_spk_9_066495-066620]: 妊SO
2018-07-11 13:13:18,069 (asr_pytorch:469) INFO: prediction [9_spk_9_066495-066620]: 就喺屋企<eos>
2018-07-11 13:13:18,083 (e2e_asr_attctc_th:2977) INFO: BLSTMP input lengths: [119]
2018-07-11 13:13:18,349 (e2e_asr_attctc_th:2067) INFO: input lengths: 30
2018-07-11 13:13:18,349 (e2e_asr_attctc_th:2091) INFO: max output length: 30
2018-07-11 13:13:18,349 (e2e_asr_attctc_th:2092) INFO: min output length: 0
2018-07-11 13:13:20,162 (e2e_asr_attctc_th:2199) INFO: end detected at 15
2018-07-11 13:13:20,162 (e2e_asr_attctc_th:2217) INFO: total log probability: -4.504645437
2018-07-11 13:13:20,162 (e2e_asr_attctc_th:2218) INFO: normalized log probability: -0.4504645437
2018-07-11 13:13:20,164 (asr_pytorch:468) INFO: groundtruth[1502-2_spk_1502_2_080112-080233]: 佰尻囤皆囤卉囤蚧
2018-07-11 13:13:20,164 (asr_pytorch:469) INFO: prediction [1502-2_spk_1502_2_080112-080233]: 佢就四百四十四蚊<eos>
2018-07-11 13:13:20,178 (e2e_asr_attctc_th:2977) INFO: BLSTMP input lengths: [211]
2018-07-11 13:13:20,732 (e2e_asr_attctc_th:2067) INFO: input lengths: 53
2018-07-11 13:13:20,733 (e2e_asr_attctc_th:2091) INFO: max output length: 53
2018-07-11 13:13:20,733 (e2e_asr_attctc_th:2092) INFO: min output length: 0
2018-07-11 13:13:23,583 (e2e_asr_attctc_th:2199) INFO: end detected at 18
2018-07-11 13:13:23,584 (e2e_asr_attctc_th:2217) INFO: total log probability: -11.3189053833
2018-07-11 13:13:23,584 (e2e_asr_attctc_th:2218) INFO: normalized log probability: -0.808493241668
2018-07-11 13:13:23,587 (asr_pytorch:468) INFO: groundtruth[1503-1_spk_1503_1_097274-097487]: 戛址朋FEWMG嗷倔然院且綺TPER
2018-07-11 13:13:23,587 (asr_pytorch:469) INFO: prediction [1503-1_spk_1503_1_097274-097487]: 同你最俾食我個冇行曬我聽<eos>
2018-07-11 13:13:23,601 (e2e_asr_attctc_th:2977) INFO: BLSTMP input lengths: [17]
2018-07-11 13:13:23,692 (e2e_asr_attctc_th:2067) INFO: input lengths: 5
2018-07-11 13:13:23,692 (e2e_asr_attctc_th:2091) INFO: max output length: 5
2018-07-11 13:13:23,692 (e2e_asr_attctc_th:2092) INFO: min output length: 0
2018-07-11 13:13:24,102 (e2e_asr_attctc_th:2180) INFO: adding <eos> in the last postion in the loop
2018-07-11 13:13:24,103 (e2e_asr_attctc_th:2206) INFO: no hypothesis. Finish decoding.
2018-07-11 13:13:24,103 (e2e_asr_attctc_th:2217) INFO: total log probability: -0.248458523303
2018-07-11 13:13:24,103 (e2e_asr_attctc_th:2218) INFO: normalized log probability: -0.0828195077678
2018-07-11 13:13:24,104 (asr_pytorch:468) INFO: groundtruth[1501-2_spk_1501_2_002956-002975]: 嗶
2018-07-11 13:13:24,105 (asr_pytorch:469) INFO: prediction [1501-2_spk_1501_2_002956-002975]: 嗯<eos>
2018-07-11 13:13:24,121 (e2e_asr_attctc_th:2977) INFO: BLSTMP input lengths: [298]
2018-07-11 13:13:25,125 (e2e_asr_attctc_th:2067) INFO: input lengths: 75
2018-07-11 13:13:25,126 (e2e_asr_attctc_th:2091) INFO: max output length: 75
2018-07-11 13:13:25,127 (e2e_asr_attctc_th:2092) INFO: min output length: 0
2018-07-11 13:13:29,094 (e2e_asr_attctc_th:2199) INFO: end detected at 20
2018-07-11 13:13:29,094 (e2e_asr_attctc_th:2217) INFO: total log probability: -6.68797840178
2018-07-11 13:13:29,094 (e2e_asr_attctc_th:2218) INFO: normalized log probability: -0.477712742984
2018-07-11 13:13:29,097 (asr_pytorch:468) INFO: groundtruth[3_spk_3_025767-026067]: 跨畸佬丕未喵囤朔卉亞蚊間姓
2018-07-11 13:13:29,097 (asr_pytorch:469) INFO: prediction [3_spk_3_025767-026067]: 跟翻你下期單四月十冇開始<eos>
2018-07-11 13:13:29,111 (e2e_asr_attctc_th:2977) INFO: BLSTMP input lengths: [228]
2018-07-11 13:13:29,753 (e2e_asr_attctc_th:2067) INFO: input lengths: 57
2018-07-11 13:13:29,754 (e2e_asr_attctc_th:2091) INFO: max output length: 57
2018-07-11 13:13:29,754 (e2e_asr_attctc_th:2092) INFO: min output length: 0
2018-07-11 13:13:32,681 (e2e_asr_attctc_th:2199) INFO: end detected at 21
2018-07-11 13:13:32,682 (e2e_asr_attctc_th:2217) INFO: total log probability: -8.93247926794
2018-07-11 13:13:32,682 (e2e_asr_attctc_th:2218) INFO: normalized log probability: -0.595498617863
2018-07-11 13:13:32,685 (asr_pytorch:468) INFO: groundtruth[3_spk_3_029520-029750]: 偎診佬<unk>檀司脇亞皆B亞<unk>蚧
2018-07-11 13:13:32,685 (asr_pytorch:469) INFO: prediction [3_spk_3_029520-029750]: 嗰次你颱機可能五百係五韆蚊<eos>
2018-07-11 13:13:32,699 (e2e_asr_attctc_th:2977) INFO: BLSTMP input lengths: [279]
2018-07-11 13:13:33,299 (e2e_asr_attctc_th:2067) INFO: input lengths: 70
2018-07-11 13:13:33,300 (e2e_asr_attctc_th:2091) INFO: max output length: 70
2018-07-11 13:13:33,300 (e2e_asr_attctc_th:2092) INFO: min output length: 0
2018-07-11 13:13:36,884 (e2e_asr_attctc_th:2199) INFO: end detected at 26
2018-07-11 13:13:36,885 (e2e_asr_attctc_th:2217) INFO: total log probability: -20.2107055485
2018-07-11 13:13:36,885 (e2e_asr_attctc_th:2218) INFO: normalized log probability: -1.01053527743
2018-07-11 13:13:36,886 (asr_pytorch:468) INFO: groundtruth[12_spk_12_051534-051815]: 倍錯柎嘢嗷_MJM唪俏誅司脇乒剛兢賀嗷啼
2018-07-11 13:13:36,886 (asr_pytorch:469) INFO: prediction [12_spk_12_051534-051815]: 錢噶嘛個話真唔係話真係佢除咗碗細嗰啲<eos>
2018-07-11 13:13:36,894 (e2e_asr_attctc_th:2977) INFO: BLSTMP input lengths: [140]
2018-07-11 13:13:37,112 (e2e_asr_attctc_th:2067) INFO: input lengths: 35
2018-07-11 13:13:37,113 (e2e_asr_attctc_th:2091) INFO: max output length: 35
2018-07-11 13:13:37,113 (e2e_asr_attctc_th:2092) INFO: min output length: 0
2018-07-11 13:13:39,032 (e2e_asr_attctc_th:2199) INFO: end detected at 19
2018-07-11 13:13:39,033 (e2e_asr_attctc_th:2217) INFO: total log probability: -16.8734623194
2018-07-11 13:13:39,033 (e2e_asr_attctc_th:2218) INFO: normalized log probability: -1.40612185995
2018-07-11 13:13:39,034 (asr_pytorch:468) INFO: groundtruth[8_spk_8_006240-006382]: 啖戛姥羔㨃唪妊感怦
2018-07-11 13:13:39,034 (asr_pytorch:469) INFO: prediction [8_spk_8_006240-006382]: SSOCESET有冇<eos>
2018-07-11 13:13:39,043 (e2e_asr_attctc_th:2977) INFO: BLSTMP input lengths: [238]
2018-07-11 13:13:39,496 (e2e_asr_attctc_th:2067) INFO: input lengths: 60
2018-07-11 13:13:39,496 (e2e_asr_attctc_th:2091) INFO: max output length: 60
2018-07-11 13:13:39,496 (e2e_asr_attctc_th:2092) INFO: min output length: 0
2018-07-11 13:13:41,354 (e2e_asr_attctc_th:2199) INFO: end detected at 17
2018-07-11 13:13:41,354 (e2e_asr_attctc_th:2217) INFO: total log probability: -5.70403873222
2018-07-11 13:13:41,354 (e2e_asr_attctc_th:2218) INFO: normalized log probability: -0.475336561018
2018-07-11 13:13:41,356 (asr_pytorch:468) INFO: groundtruth[12_spk_12_005190-005430]: 俏啖住俏B戛宥<unk>嘍惕
2018-07-11 13:13:41,356 (asr_pytorch:469) INFO: prediction [12_spk_12_005190-005430]: 係啊但係誒我而傢有情<eos>
2018-07-11 13:13:41,370 (e2e_asr_attctc_th:2977) INFO: BLSTMP input lengths: [162]
2018-07-11 13:13:41,833 (e2e_asr_attctc_th:2067) INFO: input lengths: 41
2018-07-11 13:13:41,834 (e2e_asr_attctc_th:2091) INFO: max output length: 41
2018-07-11 13:13:41,834 (e2e_asr_attctc_th:2092) INFO: min output length: 0
2018-07-11 13:13:44,136 (e2e_asr_attctc_th:2199) INFO: end detected at 16
2018-07-11 13:13:44,137 (e2e_asr_attctc_th:2217) INFO: total log probability: -10.1551321596
2018-07-11 13:13:44,137 (e2e_asr_attctc_th:2218) INFO: normalized log probability: -1.01551321596
2018-07-11 13:13:44,139 (asr_pytorch:468) INFO: groundtruth[1501-2_spk_1501_2_093791-093955]: 嗶妊唪誆哈F~IF~I
2018-07-11 13:13:44,139 (asr_pytorch:469) INFO: prediction [1501-2_spk_1501_2_093791-093955]: 我都唔得翻係八大<eos>
2018-07-11 13:13:44,155 (e2e_asr_attctc_th:2977) INFO: BLSTMP input lengths: [434]
2018-07-11 13:13:45,236 (e2e_asr_attctc_th:2067) INFO: input lengths: 109
2018-07-11 13:13:45,237 (e2e_asr_attctc_th:2091) INFO: max output length: 109
2018-07-11 13:13:45,237 (e2e_asr_attctc_th:2092) INFO: min output length: 0
2018-07-11 13:13:49,833 (e2e_asr_attctc_th:2199) INFO: end detected at 30
2018-07-11 13:13:49,833 (e2e_asr_attctc_th:2217) INFO: total log probability: -6.58865634818
2018-07-11 13:13:49,834 (e2e_asr_attctc_th:2218) INFO: normalized log probability: -0.274527347841
2018-07-11 13:13:49,835 (asr_pytorch:468) INFO: groundtruth[1504-1_spk_1504_1_058566-059002]: 嗶咋囹烕佬幺晏姚俏佬誅閙兲各姚俏朕啼佑罷放唪刺
2018-07-11 13:13:49,835 (asr_pytorch:469) INFO: prediction [1504-1_spk_1504_1_058566-059002]: 嗯咁因為你平時即係你話間好似即有啲位置收唔到<eos>
2018-07-11 13:13:49,843 (e2e_asr_attctc_th:2977) INFO: BLSTMP input lengths: [226]
2018-07-11 13:13:50,157 (e2e_asr_attctc_th:2067) INFO: input lengths: 57
2018-07-11 13:13:50,158 (e2e_asr_attctc_th:2091) INFO: max output length: 57
2018-07-11 13:13:50,158 (e2e_asr_attctc_th:2092) INFO: min output length: 0
2018-07-11 13:13:52,726 (e2e_asr_attctc_th:2199) INFO: end detected at 23
2018-07-11 13:13:52,727 (e2e_asr_attctc_th:2217) INFO: total log probability: -12.2166997269
2018-07-11 13:13:52,727 (e2e_asr_attctc_th:2218) INFO: normalized log probability: -0.678705540382
2018-07-11 13:13:52,728 (asr_pytorch:468) INFO: groundtruth[1504-1_spk_1504_1_018612-018840]: 三倔蚊磋轟黒戛址斌磋速咋2邕趕磋
2018-07-11 13:13:52,728 (asr_pytorch:469) INFO: prediction [1504-1_spk_1504_1_018612-018840]: 呢個學埋全係可以送馬湯咁兩邊起碼<eos>
2018-07-11 13:13:52,735 (e2e_asr_attctc_th:2977) INFO: BLSTMP input lengths: [74]
2018-07-11 13:13:52,853 (e2e_asr_attctc_th:2067) INFO: input lengths: 19
2018-07-11 13:13:52,853 (e2e_asr_attctc_th:2091) INFO: max output length: 19
2018-07-11 13:13:52,853 (e2e_asr_attctc_th:2092) INFO: min output length: 0
2018-07-11 13:13:53,529 (e2e_asr_attctc_th:2199) INFO: end detected at 10
2018-07-11 13:13:53,529 (e2e_asr_attctc_th:2217) INFO: total log probability: -4.37523537874
2018-07-11 13:13:53,529 (e2e_asr_attctc_th:2218) INFO: normalized log probability: -1.09380884469
2018-07-11 13:13:53,531 (asr_pytorch:468) INFO: groundtruth[12_spk_12_073982-074058]: F~IF~I
2018-07-11 13:13:53,531 (asr_pytorch:469) INFO: prediction [12_spk_12_073982-074058]: 唔係<eos>
2018-07-11 13:13:53,539 (e2e_asr_attctc_th:2977) INFO: BLSTMP input lengths: [240]
2018-07-11 13:13:53,914 (e2e_asr_attctc_th:2067) INFO: input lengths: 60
2018-07-11 13:13:53,914 (e2e_asr_attctc_th:2091) INFO: max output length: 60
2018-07-11 13:13:53,915 (e2e_asr_attctc_th:2092) INFO: min output length: 0
2018-07-11 13:13:57,442 (e2e_asr_attctc_th:2199) INFO: end detected at 21
2018-07-11 13:13:57,443 (e2e_asr_attctc_th:2217) INFO: total log probability: -15.4024033621
2018-07-11 13:13:57,443 (e2e_asr_attctc_th:2218) INFO: normalized log probability: -0.962650210131
2018-07-11 13:13:57,444 (asr_pytorch:468) INFO: groundtruth[1502-1_spk_1502_1_017540-017782]: GWPSJJIV嗷倔TPER鄔俏
2018-07-11 13:13:57,444 (asr_pytorch:469) INFO: prediction [1502-1_spk_1502_1_017540-017782]: CASELOFFER哦病嗰係<eos>
2018-07-11 13:13:57,452 (e2e_asr_attctc_th:2977) INFO: BLSTMP input lengths: [247]
2018-07-11 13:13:57,800 (e2e_asr_attctc_th:2067) INFO: input lengths: 62
2018-07-11 13:13:57,801 (e2e_asr_attctc_th:2091) INFO: max output length: 62
2018-07-11 13:13:57,801 (e2e_asr_attctc_th:2092) INFO: min output length: 0
2018-07-11 13:14:00,526 (e2e_asr_attctc_th:2199) INFO: end detected at 22
2018-07-11 13:14:00,527 (e2e_asr_attctc_th:2217) INFO: total log probability: -11.1833167933
2018-07-11 13:14:00,527 (e2e_asr_attctc_th:2218) INFO: normalized log probability: -0.698957299581
2018-07-11 13:14:00,528 (asr_pytorch:468) INFO: groundtruth[4_spk_4_017472-017721]: 咋佰朕倔可側斌B漳遏斌擢旬賀
2018-07-11 13:14:00,528 (asr_pytorch:469) INFO: prediction [4_spk_4_017472-017721]: 咁佢有個叫做蘇誒慢有數據入費<eos>
2018-07-11 13:14:00,538 (e2e_asr_attctc_th:2977) INFO: BLSTMP input lengths: [673]
2018-07-11 13:14:01,850 (e2e_asr_attctc_th:2067) INFO: input lengths: 169
2018-07-11 13:14:01,850 (e2e_asr_attctc_th:2091) INFO: max output length: 169
2018-07-11 13:14:01,850 (e2e_asr_attctc_th:2092) INFO: min output length: 0
2018-07-11 13:14:13,333 (e2e_asr_attctc_th:2199) INFO: end detected at 54
2018-07-11 13:14:13,334 (e2e_asr_attctc_th:2217) INFO: total log probability: -70.3452499649
2018-07-11 13:14:13,334 (e2e_asr_attctc_th:2218) INFO: normalized log probability: -1.46552604093
2018-07-11 13:14:13,336 (asr_pytorch:468) INFO: groundtruth[9_spk_9_023432-024107]: 哭佬妊嘍兒愷謳畸佬筐兒GLIGO畸佬倔EGGSYRX旅<unk>嘍誅呯冀寫尻宙六哭冀寫嘍誅尻然啞顔嘍
2018-07-11 13:14:13,336 (asr_pytorch:469) INFO: prediction [9_spk_9_023432-024107]: 我哋老嘅專咁就係爭嚟間屋企齣真係揀啱方明嘅話力佢嘅話成個SIROSTORSTER完全部問題嘅<eos>
2018-07-11 13:14:13,349 (e2e_asr_attctc_th:2977) INFO: BLSTMP input lengths: [136]
2018-07-11 13:14:13,648 (e2e_asr_attctc_th:2067) INFO: input lengths: 34
2018-07-11 13:14:13,649 (e2e_asr_attctc_th:2091) INFO: max output length: 34
2018-07-11 13:14:13,649 (e2e_asr_attctc_th:2092) INFO: min output length: 0
2018-07-11 13:14:15,357 (e2e_asr_attctc_th:2199) INFO: end detected at 14
2018-07-11 13:14:15,358 (e2e_asr_attctc_th:2217) INFO: total log probability: -5.96475383174
2018-07-11 13:14:15,358 (e2e_asr_attctc_th:2218) INFO: normalized log probability: -0.745594228967
2018-07-11 13:14:15,360 (asr_pytorch:468) INFO: groundtruth[9_spk_9_037647-037785]: 擢戛<unk>言嘍誅
2018-07-11 13:14:15,360 (asr_pytorch:469) INFO: prediction [9_spk_9_037647-037785]: 佢講瞭解噶喎<eos>
2018-07-11 13:14:15,373 (e2e_asr_attctc_th:2977) INFO: BLSTMP input lengths: [56]
2018-07-11 13:14:15,533 (e2e_asr_attctc_th:2067) INFO: input lengths: 14
2018-07-11 13:14:15,534 (e2e_asr_attctc_th:2091) INFO: max output length: 14
2018-07-11 13:14:15,534 (e2e_asr_attctc_th:2092) INFO: min output length: 0
2018-07-11 13:14:16,406 (e2e_asr_attctc_th:2199) INFO: end detected at 9
2018-07-11 13:14:16,407 (e2e_asr_attctc_th:2217) INFO: total log probability: -1.60162878502
2018-07-11 13:14:16,407 (e2e_asr_attctc_th:2218) INFO: normalized log probability: -0.320325757004
2018-07-11 13:14:16,408 (asr_pytorch:468) INFO: groundtruth[8_spk_8_008622-008680]: 嗶
2018-07-11 13:14:16,409 (asr_pytorch:469) INFO: prediction [8_spk_8_008622-008680]: 誒就係<eos>
2018-07-11 13:14:16,424 (e2e_asr_attctc_th:2977) INFO: BLSTMP input lengths: [318]
2018-07-11 13:14:17,221 (e2e_asr_attctc_th:2067) INFO: input lengths: 80
2018-07-11 13:14:17,221 (e2e_asr_attctc_th:2091) INFO: max output length: 80
2018-07-11 13:14:17,221 (e2e_asr_attctc_th:2092) INFO: min output length: 0
2018-07-11 13:14:20,408 (e2e_asr_attctc_th:2199) INFO: end detected at 18
2018-07-11 13:14:20,408 (e2e_asr_attctc_th:2217) INFO: total log probability: -6.37567394739
2018-07-11 13:14:20,408 (e2e_asr_attctc_th:2218) INFO: normalized log probability: -0.490436457492
2018-07-11 13:14:20,411 (asr_pytorch:468) INFO: groundtruth[1501-2_spk_1501_2_089608-089928]: 咋俏咱刺戛刺晏司件冗轟迫
2018-07-11 13:14:20,412 (asr_pytorch:469) INFO: prediction [1501-2_spk_1501_2_089608-089928]: 咁你就我到時可以著轉翻<eos>
2018-07-11 13:14:20,428 (e2e_asr_attctc_th:2977) INFO: BLSTMP input lengths: [261]
2018-07-11 13:14:21,013 (e2e_asr_attctc_th:2067) INFO: input lengths: 66
2018-07-11 13:14:21,014 (e2e_asr_attctc_th:2091) INFO: max output length: 66
2018-07-11 13:14:21,014 (e2e_asr_attctc_th:2092) INFO: min output length: 0
2018-07-11 13:14:24,605 (e2e_asr_attctc_th:2206) INFO: no hypothesis. Finish decoding.
2018-07-11 13:14:24,606 (e2e_asr_attctc_th:2217) INFO: total log probability: -11.2241841406
2018-07-11 13:14:24,606 (e2e_asr_attctc_th:2218) INFO: normalized log probability: -0.590746533714
2018-07-11 13:14:24,607 (asr_pytorch:468) INFO: groundtruth[1502-2_spk_1502_2_088114-088377]: 咋妍枱下朔伍刺未嘍誅供妍謬迫佬倔蚊磋
2018-07-11 13:14:24,607 (asr_pytorch:469) INFO: prediction [1502-2_spk_1502_2_088114-088377]: 咁如果齣月份都幾個例如講翻你個號碼<eos>
2018-07-11 13:14:24,622 (e2e_asr_attctc_th:2977) INFO: BLSTMP input lengths: [198]
2018-07-11 13:14:25,057 (e2e_asr_attctc_th:2067) INFO: input lengths: 50
2018-07-11 13:14:25,058 (e2e_asr_attctc_th:2091) INFO: max output length: 50
2018-07-11 13:14:25,058 (e2e_asr_attctc_th:2092) INFO: min output length: 0
2018-07-11 13:14:25,593 (e2e_asr_attctc_th:2206) INFO: no hypothesis. Finish decoding.
2018-07-11 13:14:25,593 (e2e_asr_attctc_th:2217) INFO: total log probability: -5.59802899417
2018-07-11 13:14:25,593 (e2e_asr_attctc_th:2218) INFO: normalized log probability: -0.933004832361
2018-07-11 13:14:25,594 (asr_pytorch:468) INFO: groundtruth[12_spk_12_044689-044889]: 位嘍咋尻
2018-07-11 13:14:25,594 (asr_pytorch:469) INFO: prediction [12_spk_12_044689-044889]: 屎咖咁做<eos>
2018-07-11 13:14:25,602 (e2e_asr_attctc_th:2977) INFO: BLSTMP input lengths: [210]
2018-07-11 13:14:25,882 (e2e_asr_attctc_th:2067) INFO: input lengths: 53
2018-07-11 13:14:25,882 (e2e_asr_attctc_th:2091) INFO: max output length: 53
2018-07-11 13:14:25,882 (e2e_asr_attctc_th:2092) INFO: min output length: 0
2018-07-11 13:14:27,930 (e2e_asr_attctc_th:2199) INFO: end detected at 19
2018-07-11 13:14:27,931 (e2e_asr_attctc_th:2217) INFO: total log probability: -4.71347710257
2018-07-11 13:14:27,931 (e2e_asr_attctc_th:2218) INFO: normalized log probability: -0.314231806838
2018-07-11 13:14:27,931 (asr_pytorch:468) INFO: groundtruth[1502-2_spk_1502_2_040213-040425]: 三艇<unk>邕俏眯俏側唪刺㨃潤用
2018-07-11 13:14:27,932 (asr_pytorch:469) INFO: prediction [1502-2_spk_1502_2_040213-040425]: 一般齣邊係真係做唔到嘅分山<eos>
2018-07-11 13:14:27,940 (e2e_asr_attctc_th:2977) INFO: BLSTMP input lengths: [288]
2018-07-11 13:14:28,332 (e2e_asr_attctc_th:2067) INFO: input lengths: 72
2018-07-11 13:14:28,332 (e2e_asr_attctc_th:2091) INFO: max output length: 72
2018-07-11 13:14:28,332 (e2e_asr_attctc_th:2092) INFO: min output length: 0
2018-07-11 13:14:30,400 (e2e_asr_attctc_th:2199) INFO: end detected at 19
2018-07-11 13:14:30,401 (e2e_asr_attctc_th:2217) INFO: total log probability: -4.9298891942
2018-07-11 13:14:30,401 (e2e_asr_attctc_th:2218) INFO: normalized log probability: -0.328659279613
2018-07-11 13:14:30,402 (asr_pytorch:468) INFO: groundtruth[1505-1_spk_1505_1_058497-058787]: 朕考2000列鐲旨扚霆誅旨晏閙啯
2018-07-11 13:14:30,402 (asr_pytorch:469) INFO: prediction [1505-1_spk_1505_1_058497-058787]: 有翻上韆分鐘嘅頭電話時間啦<eos>
2018-07-11 13:14:30,410 (e2e_asr_attctc_th:2977) INFO: BLSTMP input lengths: [98]
2018-07-11 13:14:30,565 (e2e_asr_attctc_th:2067) INFO: input lengths: 25
2018-07-11 13:14:30,566 (e2e_asr_attctc_th:2091) INFO: max output length: 25
2018-07-11 13:14:30,566 (e2e_asr_attctc_th:2092) INFO: min output length: 0
2018-07-11 13:14:31,648 (e2e_asr_attctc_th:2199) INFO: end detected at 14
2018-07-11 13:14:31,648 (e2e_asr_attctc_th:2217) INFO: total log probability: -2.64225415606
2018-07-11 13:14:31,649 (e2e_asr_attctc_th:2218) INFO: normalized log probability: -0.293583795118
2018-07-11 13:14:31,650 (asr_pytorch:468) INFO: groundtruth[1501-1_spk_1501_1_010963-011063]: 仿朕召夢三稽嘍
2018-07-11 13:14:31,650 (asr_pytorch:469) INFO: prediction [1501-1_spk_1501_1_010963-011063]: 仲有另外一種嘅<eos>
2018-07-11 13:14:31,657 (e2e_asr_attctc_th:2977) INFO: BLSTMP input lengths: [122]
2018-07-11 13:14:31,829 (e2e_asr_attctc_th:2067) INFO: input lengths: 31
2018-07-11 13:14:31,830 (e2e_asr_attctc_th:2091) INFO: max output length: 31
2018-07-11 13:14:31,830 (e2e_asr_attctc_th:2092) INFO: min output length: 0
2018-07-11 13:14:32,814 (e2e_asr_attctc_th:2206) INFO: no hypothesis. Finish decoding.
2018-07-11 13:14:32,815 (e2e_asr_attctc_th:2217) INFO: total log probability: -3.75436581951
2018-07-11 13:14:32,815 (e2e_asr_attctc_th:2218) INFO: normalized log probability: -0.341305983591
2018-07-11 13:14:32,816 (asr_pytorch:468) INFO: groundtruth[4_spk_4_015956-016080]: 戛員哲邕側唪刺皂訢嘍
2018-07-11 13:14:32,816 (asr_pytorch:469) INFO: prediction [4_spk_4_015956-016080]: 我哋邊做唔到燈驚噶<eos>
2018-07-11 13:14:32,825 (e2e_asr_attctc_th:2977) INFO: BLSTMP input lengths: [396]
2018-07-11 13:14:33,378 (e2e_asr_attctc_th:2067) INFO: input lengths: 99
2018-07-11 13:14:33,379 (e2e_asr_attctc_th:2091) INFO: max output length: 99
2018-07-11 13:14:33,379 (e2e_asr_attctc_th:2092) INFO: min output length: 0
2018-07-11 13:14:35,669 (e2e_asr_attctc_th:2206) INFO: no hypothesis. Finish decoding.
2018-07-11 13:14:35,669 (e2e_asr_attctc_th:2217) INFO: total log probability: -3.02199395793
2018-07-11 13:14:35,669 (e2e_asr_attctc_th:2218) INFO: normalized log probability: -0.177764350466
2018-07-11 13:14:35,670 (asr_pytorch:468) INFO: groundtruth[1505-1_spk_1505_1_049904-050302]: 佰倔逮庵旅<unk>冀寫鄔朕省巴唪吔囖
2018-07-11 13:14:35,670 (asr_pytorch:469) INFO: prediction [1505-1_spk_1505_1_049904-050302]: 嗰個速度方麵其實都有雙差唔同咯<eos>
2018-07-11 13:14:35,679 (e2e_asr_attctc_th:2977) INFO: BLSTMP input lengths: [510]
2018-07-11 13:14:36,393 (e2e_asr_attctc_th:2067) INFO: input lengths: 128
2018-07-11 13:14:36,394 (e2e_asr_attctc_th:2091) INFO: max output length: 128
2018-07-11 13:14:36,394 (e2e_asr_attctc_th:2092) INFO: min output length: 0
2018-07-11 13:14:42,019 (e2e_asr_attctc_th:2206) INFO: no hypothesis. Finish decoding.
2018-07-11 13:14:42,020 (e2e_asr_attctc_th:2217) INFO: total log probability: -20.7585396823
2018-07-11 13:14:42,020 (e2e_asr_attctc_th:2218) INFO: normalized log probability: -0.610545284772
2018-07-11 13:14:42,021 (asr_pytorch:468) INFO: groundtruth[1504-1_spk_1504_1_059522-060034]: 咋佬兮倔由GWP咋朕啼佑罷俏放唪刺旨佬咱攪戛址斌磋速呯郷<unk>黒由
2018-07-11 13:14:42,021 (asr_pytorch:469) INFO: prediction [1504-1_spk_1504_1_059522-060034]: 咩兩個用車SELD咁有啲位置係收唔到嘅你咪攞我哋上埋中醫好齣嚟用<eos>
2018-07-11 13:14:42,030 (e2e_asr_attctc_th:2977) INFO: BLSTMP input lengths: [405]
2018-07-11 13:14:42,678 (e2e_asr_attctc_th:2067) INFO: input lengths: 102
2018-07-11 13:14:42,678 (e2e_asr_attctc_th:2091) INFO: max output length: 102
2018-07-11 13:14:42,678 (e2e_asr_attctc_th:2092) INFO: min output length: 0
2018-07-11 13:14:45,621 (e2e_asr_attctc_th:2199) INFO: end detected at 21
2018-07-11 13:14:45,621 (e2e_asr_attctc_th:2217) INFO: total log probability: -5.15386212338
2018-07-11 13:14:45,621 (e2e_asr_attctc_th:2218) INFO: normalized log probability: -0.303168360199
2018-07-11 13:14:45,622 (asr_pytorch:468) INFO: groundtruth[3_spk_3_039050-039457]: B卿俏誅由咩咋咋夥幻鄔然三啼B
2018-07-11 13:14:45,623 (asr_pytorch:469) INFO: prediction [3_spk_3_039050-039457]: 啊即係話用到咁咁周年都冇一啲誒<eos>
2018-07-11 13:14:45,631 (e2e_asr_attctc_th:2977) INFO: BLSTMP input lengths: [198]
2018-07-11 13:14:45,911 (e2e_asr_attctc_th:2067) INFO: input lengths: 50
2018-07-11 13:14:45,911 (e2e_asr_attctc_th:2091) INFO: max output length: 50
2018-07-11 13:14:45,911 (e2e_asr_attctc_th:2092) INFO: min output length: 0
2018-07-11 13:14:47,618 (e2e_asr_attctc_th:2199) INFO: end detected at 16
2018-07-11 13:14:47,618 (e2e_asr_attctc_th:2217) INFO: total log probability: -14.3444166183
2018-07-11 13:14:47,619 (e2e_asr_attctc_th:2218) INFO: normalized log probability: -1.19536805153
2018-07-11 13:14:47,620 (asr_pytorch:468) INFO: groundtruth[12_spk_12_054960-055160]: 卿譴妍喋啷啷戛咱
2018-07-11 13:14:47,621 (asr_pytorch:469) INFO: prediction [12_spk_12_054960-055160]: 就去養死你七生之後味<eos>
2018-07-11 13:14:47,628 (e2e_asr_attctc_th:2977) INFO: BLSTMP input lengths: [121]
2018-07-11 13:14:47,801 (e2e_asr_attctc_th:2067) INFO: input lengths: 31
2018-07-11 13:14:47,801 (e2e_asr_attctc_th:2091) INFO: max output length: 31
2018-07-11 13:14:47,801 (e2e_asr_attctc_th:2092) INFO: min output length: 0
2018-07-11 13:14:48,817 (e2e_asr_attctc_th:2199) INFO: end detected at 13
2018-07-11 13:14:48,817 (e2e_asr_attctc_th:2217) INFO: total log probability: -5.47914794087
2018-07-11 13:14:48,817 (e2e_asr_attctc_th:2218) INFO: normalized log probability: -0.913191323479
2018-07-11 13:14:48,819 (asr_pytorch:468) INFO: groundtruth[12_spk_12_059276-059399]: I劫咩呯倔兒
2018-07-11 13:14:48,819 (asr_pytorch:469) INFO: prediction [12_spk_12_059276-059399]: 誒啫呢個<eos>
2018-07-11 13:14:48,826 (e2e_asr_attctc_th:2977) INFO: BLSTMP input lengths: [49]
2018-07-11 13:14:48,915 (e2e_asr_attctc_th:2067) INFO: input lengths: 13
2018-07-11 13:14:48,915 (e2e_asr_attctc_th:2091) INFO: max output length: 13
2018-07-11 13:14:48,915 (e2e_asr_attctc_th:2092) INFO: min output length: 0
2018-07-11 13:14:49,331 (e2e_asr_attctc_th:2199) INFO: end detected at 7
2018-07-11 13:14:49,331 (e2e_asr_attctc_th:2217) INFO: total log probability: -0.217959091067
2018-07-11 13:14:49,331 (e2e_asr_attctc_th:2218) INFO: normalized log probability: -0.0726530303558
2018-07-11 13:14:49,333 (asr_pytorch:468) INFO: groundtruth[1501-2_spk_1501_2_011339-011390]: 俏
2018-07-11 13:14:49,333 (asr_pytorch:469) INFO: prediction [1501-2_spk_1501_2_011339-011390]: 係<eos>
2018-07-11 13:14:49,347 (e2e_asr_attctc_th:2977) INFO: BLSTMP input lengths: [390]
2018-07-11 13:14:49,935 (e2e_asr_attctc_th:2067) INFO: input lengths: 98
2018-07-11 13:14:49,935 (e2e_asr_attctc_th:2091) INFO: max output length: 98
2018-07-11 13:14:49,935 (e2e_asr_attctc_th:2092) INFO: min output length: 0
2018-07-11 13:14:53,544 (e2e_asr_attctc_th:2206) INFO: no hypothesis. Finish decoding.
2018-07-11 13:14:53,544 (e2e_asr_attctc_th:2217) INFO: total log probability: -24.919690189
2018-07-11 13:14:53,544 (e2e_asr_attctc_th:2218) INFO: normalized log probability: -0.996787607558
2018-07-11 13:14:53,545 (asr_pytorch:468) INFO: groundtruth[12_spk_12_039329-039721]: 昕皅昕皅囹烕冀寫宥<unk>嘍誅劑尖姚咋冀寫尻俏嗺
2018-07-11 13:14:53,545 (asr_pytorch:469) INFO: prediction [12_spk_12_039329-039721]: 英文之前嗰陣時係而傢咁快嘅流小就係準期嘅就係啦<eos>
2018-07-11 13:14:53,553 (e2e_asr_attctc_th:2977) INFO: BLSTMP input lengths: [170]
2018-07-11 13:14:53,846 (e2e_asr_attctc_th:2067) INFO: input lengths: 43
2018-07-11 13:14:53,847 (e2e_asr_attctc_th:2091) INFO: max output length: 43
2018-07-11 13:14:53,847 (e2e_asr_attctc_th:2092) INFO: min output length: 0
2018-07-11 13:14:55,509 (e2e_asr_attctc_th:2199) INFO: end detected at 16
2018-07-11 13:14:55,509 (e2e_asr_attctc_th:2217) INFO: total log probability: -6.66212048568
2018-07-11 13:14:55,510 (e2e_asr_attctc_th:2218) INFO: normalized log probability: -0.60564731688
2018-07-11 13:14:55,511 (asr_pytorch:468) INFO: groundtruth[3_spk_3_055535-055707]: 唪服甩用伊作罸歌嘍
2018-07-11 13:14:55,511 (asr_pytorch:469) INFO: prediction [3_spk_3_055535-055707]: 唔會查生任何法款嘅<eos>
2018-07-11 13:14:55,519 (e2e_asr_attctc_th:2977) INFO: BLSTMP input lengths: [406]
2018-07-11 13:14:56,092 (e2e_asr_attctc_th:2067) INFO: input lengths: 102
2018-07-11 13:14:56,092 (e2e_asr_attctc_th:2091) INFO: max output length: 102
2018-07-11 13:14:56,092 (e2e_asr_attctc_th:2092) INFO: min output length: 0
2018-07-11 13:15:00,285 (e2e_asr_attctc_th:2199) INFO: end detected at 29
2018-07-11 13:15:00,285 (e2e_asr_attctc_th:2217) INFO: total log probability: -12.6370448954
2018-07-11 13:15:00,285 (e2e_asr_attctc_th:2218) INFO: normalized log probability: -0.549436734584
2018-07-11 13:15:00,287 (asr_pytorch:468) INFO: groundtruth[9_spk_9_012537-012944]: B昕皅嘍咋樺嘍誅筐筐呈戛幹佬睛三睛兒呈稜筐
2018-07-11 13:15:00,287 (asr_pytorch:469) INFO: prediction [9_spk_9_012537-012944]: 誒文白噶咁樣嘅話定係我幫你睇下睇先唔打打大<eos>
2018-07-11 13:15:00,297 (e2e_asr_attctc_th:2977) INFO: BLSTMP input lengths: [404]
2018-07-11 13:15:00,834 (e2e_asr_attctc_th:2067) INFO: input lengths: 101
2018-07-11 13:15:00,835 (e2e_asr_attctc_th:2091) INFO: max output length: 101
2018-07-11 13:15:00,835 (e2e_asr_attctc_th:2092) INFO: min output length: 0
2018-07-11 13:15:04,383 (e2e_asr_attctc_th:2199) INFO: end detected at 25
2018-07-11 13:15:04,383 (e2e_asr_attctc_th:2217) INFO: total log probability: -4.86433516443
2018-07-11 13:15:04,383 (e2e_asr_attctc_th:2218) INFO: normalized log probability: -0.256017640233
2018-07-11 13:15:04,385 (asr_pytorch:468) INFO: groundtruth[1504-1_spk_1504_1_075658-076064]: SO姚俏佬俏愈姚俏佬誅侶倔蚊磋尻NSMR
2018-07-11 13:15:04,385 (asr_pytorch:469) INFO: prediction [1504-1_spk_1504_1_075658-076064]: OK即係你係想即係你話呢個號碼就再<eos>
2018-07-11 13:15:04,392 (e2e_asr_attctc_th:2977) INFO: BLSTMP input lengths: [125]
2018-07-11 13:15:04,576 (e2e_asr_attctc_th:2067) INFO: input lengths: 32
2018-07-11 13:15:04,576 (e2e_asr_attctc_th:2091) INFO: max output length: 32
2018-07-11 13:15:04,576 (e2e_asr_attctc_th:2092) INFO: min output length: 0
2018-07-11 13:15:05,060 (e2e_asr_attctc_th:2206) INFO: no hypothesis. Finish decoding.
2018-07-11 13:15:05,060 (e2e_asr_attctc_th:2217) INFO: total log probability: -5.20410991646
2018-07-11 13:15:05,060 (e2e_asr_attctc_th:2218) INFO: normalized log probability: -0.867351652744
2018-07-11 13:15:05,061 (asr_pytorch:468) INFO: groundtruth[8_spk_8_055545-055672]: 俏俏
2018-07-11 13:15:05,061 (asr_pytorch:469) INFO: prediction [8_spk_8_055545-055672]: 嘻食喺水<eos>
2018-07-11 13:15:05,068 (e2e_asr_attctc_th:2977) INFO: BLSTMP input lengths: [34]
2018-07-11 13:15:05,137 (e2e_asr_attctc_th:2067) INFO: input lengths: 9
2018-07-11 13:15:05,137 (e2e_asr_attctc_th:2091) INFO: max output length: 9
2018-07-11 13:15:05,137 (e2e_asr_attctc_th:2092) INFO: min output length: 0
2018-07-11 13:15:05,611 (e2e_asr_attctc_th:2180) INFO: adding <eos> in the last postion in the loop
2018-07-11 13:15:05,612 (e2e_asr_attctc_th:2199) INFO: end detected at 8
2018-07-11 13:15:05,612 (e2e_asr_attctc_th:2217) INFO: total log probability: -0.0194136631326
2018-07-11 13:15:05,612 (e2e_asr_attctc_th:2218) INFO: normalized log probability: -0.00485341578315
2018-07-11 13:15:05,613 (asr_pytorch:468) INFO: groundtruth[1502-2_spk_1502_2_040062-040098]: 俏呈
2018-07-11 13:15:05,613 (asr_pytorch:469) INFO: prediction [1502-2_spk_1502_2_040062-040098]: 係啊<eos>
2018-07-11 13:15:05,621 (e2e_asr_attctc_th:2977) INFO: BLSTMP input lengths: [171]
2018-07-11 13:15:05,865 (e2e_asr_attctc_th:2067) INFO: input lengths: 43
2018-07-11 13:15:05,866 (e2e_asr_attctc_th:2091) INFO: max output length: 43
2018-07-11 13:15:05,866 (e2e_asr_attctc_th:2092) INFO: min output length: 0
2018-07-11 13:15:07,467 (e2e_asr_attctc_th:2199) INFO: end detected at 16
2018-07-11 13:15:07,467 (e2e_asr_attctc_th:2217) INFO: total log probability: -8.32749288529
2018-07-11 13:15:07,467 (e2e_asr_attctc_th:2218) INFO: normalized log probability: -0.693957740441
2018-07-11 13:15:07,468 (asr_pytorch:468) INFO: groundtruth[4_spk_4_068080-068253]: 謬咯呈佬昕唪昕佰謬咯呈
2018-07-11 13:15:07,468 (asr_pytorch:469) INFO: prediction [4_spk_4_068080-068253]: 我有咩係你明點講嘅啊<eos>
2018-07-11 13:15:07,477 (e2e_asr_attctc_th:2977) INFO: BLSTMP input lengths: [278]
2018-07-11 13:15:07,887 (e2e_asr_attctc_th:2067) INFO: input lengths: 70
2018-07-11 13:15:07,888 (e2e_asr_attctc_th:2091) INFO: max output length: 70
2018-07-11 13:15:07,888 (e2e_asr_attctc_th:2092) INFO: min output length: 0
2018-07-11 13:15:10,859 (e2e_asr_attctc_th:2206) INFO: no hypothesis. Finish decoding.
2018-07-11 13:15:10,859 (e2e_asr_attctc_th:2217) INFO: total log probability: -9.09592192434
2018-07-11 13:15:10,860 (e2e_asr_attctc_th:2218) INFO: normalized log probability: -0.47873273286
2018-07-11 13:15:10,861 (asr_pytorch:468) INFO: groundtruth[3_spk_3_030164-030445]: 卿俏睛丕佬親乖畸啼貽啼咯檀嘍望募囖
2018-07-11 13:15:10,861 (asr_pytorch:469) INFO: prediction [3_spk_3_030164-030445]: 即係睇下你遲付翻啲買啲咩機啊服務咯<eos>
2018-07-11 13:15:10,875 (e2e_asr_attctc_th:2977) INFO: BLSTMP input lengths: [53]
2018-07-11 13:15:11,061 (e2e_asr_attctc_th:2067) INFO: input lengths: 14
2018-07-11 13:15:11,061 (e2e_asr_attctc_th:2091) INFO: max output length: 14
2018-07-11 13:15:11,061 (e2e_asr_attctc_th:2092) INFO: min output length: 0
2018-07-11 13:15:11,783 (e2e_asr_attctc_th:2199) INFO: end detected at 8
2018-07-11 13:15:11,783 (e2e_asr_attctc_th:2217) INFO: total log probability: -0.043498761137
2018-07-11 13:15:11,784 (e2e_asr_attctc_th:2218) INFO: normalized log probability: -0.0108746902843
2018-07-11 13:15:11,784 (asr_pytorch:468) INFO: groundtruth[1502-2_spk_1502_2_034181-034236]: 俏呈
2018-07-11 13:15:11,784 (asr_pytorch:469) INFO: prediction [1502-2_spk_1502_2_034181-034236]: 係啊<eos>
2018-07-11 13:15:11,792 (e2e_asr_attctc_th:2977) INFO: BLSTMP input lengths: [40]
2018-07-11 13:15:11,886 (e2e_asr_attctc_th:2067) INFO: input lengths: 10
2018-07-11 13:15:11,886 (e2e_asr_attctc_th:2091) INFO: max output length: 10
2018-07-11 13:15:11,886 (e2e_asr_attctc_th:2092) INFO: min output length: 0
2018-07-11 13:15:12,314 (e2e_asr_attctc_th:2199) INFO: end detected at 8
2018-07-11 13:15:12,315 (e2e_asr_attctc_th:2217) INFO: total log probability: -0.625346019864
2018-07-11 13:15:12,315 (e2e_asr_attctc_th:2218) INFO: normalized log probability: -0.208448673288
2018-07-11 13:15:12,316 (asr_pytorch:468) INFO: groundtruth[1505-1_spk_1505_1_029345-029388]: 俏
2018-07-11 13:15:12,316 (asr_pytorch:469) INFO: prediction [1505-1_spk_1505_1_029345-029388]: 係<eos>
2018-07-11 13:15:12,324 (e2e_asr_attctc_th:2977) INFO: BLSTMP input lengths: [193]
2018-07-11 13:15:12,598 (e2e_asr_attctc_th:2067) INFO: input lengths: 49
2018-07-11 13:15:12,599 (e2e_asr_attctc_th:2091) INFO: max output length: 49
2018-07-11 13:15:12,599 (e2e_asr_attctc_th:2092) INFO: min output length: 0
2018-07-11 13:15:13,971 (e2e_asr_attctc_th:2206) INFO: no hypothesis. Finish decoding.
2018-07-11 13:15:13,971 (e2e_asr_attctc_th:2217) INFO: total log probability: -9.71712294919
2018-07-11 13:15:13,971 (e2e_asr_attctc_th:2218) INFO: normalized log probability: -0.809760245766
2018-07-11 13:15:13,972 (asr_pytorch:468) INFO: groundtruth[3_spk_3_034362-034557]: 咋何佬戳斌旬尻卉囤蚊
2018-07-11 13:15:13,972 (asr_pytorch:469) INFO: prediction [3_spk_3_034362-034557]: 跟著你呢個係咁特色後<eos>
2018-07-11 13:15:13,983 (e2e_asr_attctc_th:2977) INFO: BLSTMP input lengths: [962]
2018-07-11 13:15:15,325 (e2e_asr_attctc_th:2067) INFO: input lengths: 241
2018-07-11 13:15:15,326 (e2e_asr_attctc_th:2091) INFO: max output length: 241
2018-07-11 13:15:15,326 (e2e_asr_attctc_th:2092) INFO: min output length: 0
2018-07-11 13:15:29,963 (e2e_asr_attctc_th:2206) INFO: no hypothesis. Finish decoding.
2018-07-11 13:15:29,963 (e2e_asr_attctc_th:2217) INFO: total log probability: -55.5765619972
2018-07-11 13:15:29,963 (e2e_asr_attctc_th:2218) INFO: normalized log probability: -0.958216586158
2018-07-11 13:15:29,964 (asr_pytorch:468) INFO: groundtruth[1503-1_spk_1503_1_045688-046652]: 囹烕戛址冀寫啯呯啼公郷儼想呯唪俏三旬葛黒旨誅呯戛址臺巷扔頻且毛倔吔井鄔俏從3倔戡耐5倔UYSXE毯戛址戛臺巷啼宭啯
2018-07-11 13:15:29,964 (asr_pytorch:469) INFO: prediction [1503-1_spk_1503_1_045688-046652]: 因為我哋食飯啦呢啲話部加埋咧係呢個人落嚟嘅話你去我哋自己生飯十嗰個時事真係翻三個話真係唔好好打俾我哋放時去邊下啦<eos>
2018-07-11 13:15:29,972 (e2e_asr_attctc_th:2977) INFO: BLSTMP input lengths: [150]
2018-07-11 13:15:30,189 (e2e_asr_attctc_th:2067) INFO: input lengths: 38
2018-07-11 13:15:30,189 (e2e_asr_attctc_th:2091) INFO: max output length: 38
2018-07-11 13:15:30,189 (e2e_asr_attctc_th:2092) INFO: min output length: 0
2018-07-11 13:15:31,124 (e2e_asr_attctc_th:2206) INFO: no hypothesis. Finish decoding.
2018-07-11 13:15:31,125 (e2e_asr_attctc_th:2217) INFO: total log probability: -6.74822206795
2018-07-11 13:15:31,125 (e2e_asr_attctc_th:2218) INFO: normalized log probability: -0.749802451995
2018-07-11 13:15:31,125 (asr_pytorch:468) INFO: groundtruth[1501-1_spk_1501_1_032527-032680]: <unk>見佬籌放咩倔<unk>紋
2018-07-11 13:15:31,125 (asr_pytorch:469) INFO: prediction [1501-1_spk_1501_1_032527-032680]: 主嚟簽收都閤約<eos>
2018-07-11 13:15:31,137 (e2e_asr_attctc_th:2977) INFO: BLSTMP input lengths: [338]
2018-07-11 13:15:31,624 (e2e_asr_attctc_th:2067) INFO: input lengths: 85
2018-07-11 13:15:31,625 (e2e_asr_attctc_th:2091) INFO: max output length: 85
2018-07-11 13:15:31,625 (e2e_asr_attctc_th:2092) INFO: min output length: 0
2018-07-11 13:15:37,130 (e2e_asr_attctc_th:2199) INFO: end detected at 35
2018-07-11 13:15:37,131 (e2e_asr_attctc_th:2217) INFO: total log probability: -35.7893955112
2018-07-11 13:15:37,131 (e2e_asr_attctc_th:2218) INFO: normalized log probability: -1.23411708659
2018-07-11 13:15:37,132 (asr_pytorch:468) INFO: groundtruth[9_spk_9_026614-026955]: 愈愈啞啞姚卿俏佬俏佬俏佬俏由緘MTLSRI扔檀㨃嘢俏咱宣俏
2018-07-11 13:15:37,133 (asr_pytorch:469) INFO: prediction [9_spk_9_026614-026955]: 再唔想肯問即係你去你喺香港你係人蚊啊喺公手機啦唔係定係<eos>
2018-07-11 13:15:37,140 (e2e_asr_attctc_th:2977) INFO: BLSTMP input lengths: [228]
2018-07-11 13:15:37,469 (e2e_asr_attctc_th:2067) INFO: input lengths: 57
2018-07-11 13:15:37,470 (e2e_asr_attctc_th:2091) INFO: max output length: 57
2018-07-11 13:15:37,470 (e2e_asr_attctc_th:2092) INFO: min output length: 0
2018-07-11 13:15:39,680 (e2e_asr_attctc_th:2199) INFO: end detected at 20
2018-07-11 13:15:39,680 (e2e_asr_attctc_th:2217) INFO: total log probability: -7.24784843251
2018-07-11 13:15:39,680 (e2e_asr_attctc_th:2218) INFO: normalized log probability: -0.483189895501
2018-07-11 13:15:39,681 (asr_pytorch:468) INFO: groundtruth[3_spk_3_044997-045227]: 幺晏嗷倔由釘呯鄔唪俏誅夯夥嘍
2018-07-11 13:15:39,681 (asr_pytorch:469) INFO: prediction [3_spk_3_044997-045227]: 誒食過用兩呢都唔係話太多嘅<eos>
2018-07-11 13:15:39,688 (e2e_asr_attctc_th:2977) INFO: BLSTMP input lengths: [19]
2018-07-11 13:15:39,731 (e2e_asr_attctc_th:2067) INFO: input lengths: 5
2018-07-11 13:15:39,731 (e2e_asr_attctc_th:2091) INFO: max output length: 5
2018-07-11 13:15:39,731 (e2e_asr_attctc_th:2092) INFO: min output length: 0
2018-07-11 13:15:40,085 (e2e_asr_attctc_th:2180) INFO: adding <eos> in the last postion in the loop
2018-07-11 13:15:40,086 (e2e_asr_attctc_th:2206) INFO: no hypothesis. Finish decoding.
2018-07-11 13:15:40,086 (e2e_asr_attctc_th:2217) INFO: total log probability: -1.52409392595
2018-07-11 13:15:40,086 (e2e_asr_attctc_th:2218) INFO: normalized log probability: -0.508031308651
2018-07-11 13:15:40,087 (asr_pytorch:468) INFO: groundtruth[1502-2_spk_1502_2_091200-091221]: 妊嗜
2018-07-11 13:15:40,087 (asr_pytorch:469) INFO: prediction [1502-2_spk_1502_2_091200-091221]: 好<eos>
2018-07-11 13:15:40,095 (e2e_asr_attctc_th:2977) INFO: BLSTMP input lengths: [261]
2018-07-11 13:15:40,539 (e2e_asr_attctc_th:2067) INFO: input lengths: 66
2018-07-11 13:15:40,540 (e2e_asr_attctc_th:2091) INFO: max output length: 66
2018-07-11 13:15:40,540 (e2e_asr_attctc_th:2092) INFO: min output length: 0
2018-07-11 13:15:43,487 (e2e_asr_attctc_th:2199) INFO: end detected at 25
2018-07-11 13:15:43,487 (e2e_asr_attctc_th:2217) INFO: total log probability: -16.0797774829
2018-07-11 13:15:43,487 (e2e_asr_attctc_th:2218) INFO: normalized log probability: -0.893320971272
2018-07-11 13:15:43,490 (asr_pytorch:468) INFO: groundtruth[3_spk_3_063737-064000]: 朕咯戛冗扚倍佬啯戛訢佔咩霆誅㨃
2018-07-11 13:15:43,490 (asr_pytorch:469) INFO: prediction [3_spk_3_063737-064000]: 我諗緊我就係打俾你啦我知低兩條下<eos>
2018-07-11 13:15:43,499 (e2e_asr_attctc_th:2977) INFO: BLSTMP input lengths: [353]
2018-07-11 13:15:43,977 (e2e_asr_attctc_th:2067) INFO: input lengths: 89
2018-07-11 13:15:43,977 (e2e_asr_attctc_th:2091) INFO: max output length: 89
2018-07-11 13:15:43,977 (e2e_asr_attctc_th:2092) INFO: min output length: 0
2018-07-11 13:15:47,600 (e2e_asr_attctc_th:2199) INFO: end detected at 23
2018-07-11 13:15:47,600 (e2e_asr_attctc_th:2217) INFO: total log probability: -10.562949311
2018-07-11 13:15:47,600 (e2e_asr_attctc_th:2218) INFO: normalized log probability: -0.586830517277
2018-07-11 13:15:47,602 (asr_pytorch:468) INFO: groundtruth[3_spk_3_033085-033440]: 囹烕佬啷啷反反256反279咋樺
2018-07-11 13:15:47,602 (asr_pytorch:469) INFO: prediction [3_spk_3_033085-033440]: 因為你啱啱又有意唔落又唔識搞啊就<eos>
2018-07-11 13:15:47,616 (e2e_asr_attctc_th:2977) INFO: BLSTMP input lengths: [198]
2018-07-11 13:15:48,108 (e2e_asr_attctc_th:2067) INFO: input lengths: 50
2018-07-11 13:15:48,108 (e2e_asr_attctc_th:2091) INFO: max output length: 50
2018-07-11 13:15:48,109 (e2e_asr_attctc_th:2092) INFO: min output length: 0
2018-07-11 13:15:51,276 (e2e_asr_attctc_th:2199) INFO: end detected at 21
2018-07-11 13:15:51,276 (e2e_asr_attctc_th:2217) INFO: total log probability: -12.0150361891
2018-07-11 13:15:51,276 (e2e_asr_attctc_th:2218) INFO: normalized log probability: -0.75093976182
2018-07-11 13:15:51,278 (asr_pytorch:468) INFO: groundtruth[1503-1_spk_1503_1_031252-031452]: 佬纍纔由旨晏倣纍纔服放賀咋樺樺囖
2018-07-11 13:15:51,278 (asr_pytorch:469) INFO: prediction [1503-1_spk_1503_1_031252-031452]: 你繼續嘅時候係早收費咁嘅人咯<eos>
2018-07-11 13:15:51,292 (e2e_asr_attctc_th:2977) INFO: BLSTMP input lengths: [298]
2018-07-11 13:15:51,710 (e2e_asr_attctc_th:2067) INFO: input lengths: 75
2018-07-11 13:15:51,710 (e2e_asr_attctc_th:2091) INFO: max output length: 75
2018-07-11 13:15:51,710 (e2e_asr_attctc_th:2092) INFO: min output length: 0
2018-07-11 13:15:54,484 (e2e_asr_attctc_th:2206) INFO: no hypothesis. Finish decoding.
2018-07-11 13:15:54,484 (e2e_asr_attctc_th:2217) INFO: total log probability: -9.59327492677
2018-07-11 13:15:54,484 (e2e_asr_attctc_th:2218) INFO: normalized log probability: -0.45682261556
2018-07-11 13:15:54,484 (asr_pytorch:468) INFO: groundtruth[3_spk_3_052047-052347]: 妍枱戛側刺238嘍誅呯戛肺宣側畸倍兒用佬
2018-07-11 13:15:54,485 (asr_pytorch:469) INFO: prediction [3_spk_3_052047-052347]: 如果我仲到二三百嘅話我肯定做翻俾先三你<eos>
2018-07-11 13:15:54,492 (e2e_asr_attctc_th:2977) INFO: BLSTMP input lengths: [153]
2018-07-11 13:15:54,723 (e2e_asr_attctc_th:2067) INFO: input lengths: 39
2018-07-11 13:15:54,723 (e2e_asr_attctc_th:2091) INFO: max output length: 39
2018-07-11 13:15:54,723 (e2e_asr_attctc_th:2092) INFO: min output length: 0
2018-07-11 13:15:55,690 (e2e_asr_attctc_th:2206) INFO: no hypothesis. Finish decoding.
2018-07-11 13:15:55,690 (e2e_asr_attctc_th:2217) INFO: total log probability: -4.88936720556
2018-07-11 13:15:55,690 (e2e_asr_attctc_th:2218) INFO: normalized log probability: -0.488936720556
2018-07-11 13:15:55,690 (asr_pytorch:468) INFO: groundtruth[1502-2_spk_1502_2_033255-033410]: 據忐臺巷KF斌疊煉啯
2018-07-11 13:15:55,691 (asr_pytorch:469) INFO: prediction [1502-2_spk_1502_2_033255-033410]: 擔心機激想當然啦<eos>
2018-07-11 13:15:55,699 (e2e_asr_attctc_th:2977) INFO: BLSTMP input lengths: [373]
2018-07-11 13:15:56,199 (e2e_asr_attctc_th:2067) INFO: input lengths: 94
2018-07-11 13:15:56,199 (e2e_asr_attctc_th:2091) INFO: max output length: 94
2018-07-11 13:15:56,199 (e2e_asr_attctc_th:2092) INFO: min output length: 0
2018-07-11 13:15:59,903 (e2e_asr_attctc_th:2199) INFO: end detected at 28
2018-07-11 13:15:59,904 (e2e_asr_attctc_th:2217) INFO: total log probability: -13.9349624198
2018-07-11 13:15:59,904 (e2e_asr_attctc_th:2218) INFO: normalized log probability: -0.605867931295
2018-07-11 13:15:59,905 (asr_pytorch:468) INFO: groundtruth[1505-1_spk_1505_1_041347-041722]: 佰嗷逮庵旅<unk>俏朕手院<unk>旨尻街緘384
2018-07-11 13:15:59,905 (asr_pytorch:469) INFO: prediction [1505-1_spk_1505_1_041347-041722]: 佢個速度方麵係有所限就係嘅就行成三百十十四<eos>
2018-07-11 13:15:59,913 (e2e_asr_attctc_th:2977) INFO: BLSTMP input lengths: [248]
2018-07-11 13:16:00,363 (e2e_asr_attctc_th:2067) INFO: input lengths: 62
2018-07-11 13:16:00,363 (e2e_asr_attctc_th:2091) INFO: max output length: 62
2018-07-11 13:16:00,363 (e2e_asr_attctc_th:2092) INFO: min output length: 0
2018-07-11 13:16:02,293 (e2e_asr_attctc_th:2199) INFO: end detected at 18
2018-07-11 13:16:02,293 (e2e_asr_attctc_th:2217) INFO: total log probability: -8.55265847384
2018-07-11 13:16:02,293 (e2e_asr_attctc_th:2218) INFO: normalized log probability: -0.610904176703
2018-07-11 13:16:02,294 (asr_pytorch:468) INFO: groundtruth[12_spk_12_059399-059649]: 司唪司件劫何三倔朔呯
2018-07-11 13:16:02,294 (asr_pytorch:469) INFO: prediction [12_spk_12_059399-059649]: 啊我會一隻係傢自一個月呢<eos>
2018-07-11 13:16:02,302 (e2e_asr_attctc_th:2977) INFO: BLSTMP input lengths: [135]
2018-07-11 13:16:02,507 (e2e_asr_attctc_th:2067) INFO: input lengths: 34
2018-07-11 13:16:02,507 (e2e_asr_attctc_th:2091) INFO: max output length: 34
2018-07-11 13:16:02,507 (e2e_asr_attctc_th:2092) INFO: min output length: 0
2018-07-11 13:16:03,840 (e2e_asr_attctc_th:2199) INFO: end detected at 15
2018-07-11 13:16:03,841 (e2e_asr_attctc_th:2217) INFO: total log probability: -5.94381429255
2018-07-11 13:16:03,841 (e2e_asr_attctc_th:2218) INFO: normalized log probability: -0.594381429255
2018-07-11 13:16:03,842 (asr_pytorch:468) INFO: groundtruth[4_spk_4_037361-037498]: 佬唪妊琛_MJM啯哪
2018-07-11 13:16:03,842 (asr_pytorch:469) INFO: prediction [4_spk_4_037361-037498]: 你唔會好乖翻去咯<eos>
2018-07-11 13:16:03,850 (e2e_asr_attctc_th:2977) INFO: BLSTMP input lengths: [138]
2018-07-11 13:16:04,074 (e2e_asr_attctc_th:2067) INFO: input lengths: 35
2018-07-11 13:16:04,075 (e2e_asr_attctc_th:2091) INFO: max output length: 35
2018-07-11 13:16:04,075 (e2e_asr_attctc_th:2092) INFO: min output length: 0
2018-07-11 13:16:05,685 (e2e_asr_attctc_th:2199) INFO: end detected at 17
2018-07-11 13:16:05,685 (e2e_asr_attctc_th:2217) INFO: total log probability: -11.7414314747
2018-07-11 13:16:05,685 (e2e_asr_attctc_th:2218) INFO: normalized log probability: -0.97845262289
2018-07-11 13:16:05,686 (asr_pytorch:468) INFO: groundtruth[9_spk_9_012007-012147]: 哭巾綪詭道㨃啯
2018-07-11 13:16:05,686 (asr_pytorch:469) INFO: prediction [9_spk_9_012007-012147]: 我我諗佢其實我都覺幾<eos>
2018-07-11 13:16:05,695 (e2e_asr_attctc_th:2977) INFO: BLSTMP input lengths: [284]
2018-07-11 13:16:06,145 (e2e_asr_attctc_th:2067) INFO: input lengths: 71
2018-07-11 13:16:06,145 (e2e_asr_attctc_th:2091) INFO: max output length: 71
2018-07-11 13:16:06,145 (e2e_asr_attctc_th:2092) INFO: min output length: 0
2018-07-11 13:16:09,049 (e2e_asr_attctc_th:2199) INFO: end detected at 20
2018-07-11 13:16:09,050 (e2e_asr_attctc_th:2217) INFO: total log probability: -11.680520393
2018-07-11 13:16:09,050 (e2e_asr_attctc_th:2218) INFO: normalized log probability: -0.834322885211
2018-07-11 13:16:09,055 (asr_pytorch:468) INFO: groundtruth[1504-2_spk_1504_2_101598-101884]: 戛見咋夥側乳叔叔由鄔由唪曳
2018-07-11 13:16:09,056 (asr_pytorch:469) INFO: prediction [1504-2_spk_1504_2_101598-101884]: 我要咁多做乜客大人都仲曬<eos>
2018-07-11 13:16:09,074 (e2e_asr_attctc_th:2977) INFO: BLSTMP input lengths: [52]
2018-07-11 13:16:09,276 (e2e_asr_attctc_th:2067) INFO: input lengths: 13
2018-07-11 13:16:09,277 (e2e_asr_attctc_th:2091) INFO: max output length: 13
2018-07-11 13:16:09,278 (e2e_asr_attctc_th:2092) INFO: min output length: 0
2018-07-11 13:16:09,865 (e2e_asr_attctc_th:2199) INFO: end detected at 7
2018-07-11 13:16:09,865 (e2e_asr_attctc_th:2217) INFO: total log probability: -0.413876738399
2018-07-11 13:16:09,865 (e2e_asr_attctc_th:2218) INFO: normalized log probability: -0.1379589128
2018-07-11 13:16:09,867 (asr_pytorch:468) INFO: groundtruth[1505-1_spk_1505_1_084320-084374]: 俏
2018-07-11 13:16:09,867 (asr_pytorch:469) INFO: prediction [1505-1_spk_1505_1_084320-084374]: 係<eos>
2018-07-11 13:16:09,881 (e2e_asr_attctc_th:2977) INFO: BLSTMP input lengths: [92]
2018-07-11 13:16:10,161 (e2e_asr_attctc_th:2067) INFO: input lengths: 23
2018-07-11 13:16:10,162 (e2e_asr_attctc_th:2091) INFO: max output length: 23
2018-07-11 13:16:10,162 (e2e_asr_attctc_th:2092) INFO: min output length: 0
2018-07-11 13:16:11,611 (e2e_asr_attctc_th:2199) INFO: end detected at 13
2018-07-11 13:16:11,611 (e2e_asr_attctc_th:2217) INFO: total log probability: -0.422932020156
2018-07-11 13:16:11,611 (e2e_asr_attctc_th:2218) INFO: normalized log probability: -0.0528665025195
2018-07-11 13:16:11,612 (asr_pytorch:468) INFO: groundtruth[1502-2_spk_1502_2_007764-007858]: 妍枱佬唪貽霆誅
2018-07-11 13:16:11,612 (asr_pytorch:469) INFO: prediction [1502-2_spk_1502_2_007764-007858]: 如果你買電話<eos>
2018-07-11 13:16:11,620 (e2e_asr_attctc_th:2977) INFO: BLSTMP input lengths: [23]
2018-07-11 13:16:11,673 (e2e_asr_attctc_th:2067) INFO: input lengths: 6
2018-07-11 13:16:11,673 (e2e_asr_attctc_th:2091) INFO: max output length: 6
2018-07-11 13:16:11,673 (e2e_asr_attctc_th:2092) INFO: min output length: 0
2018-07-11 13:16:11,961 (e2e_asr_attctc_th:2180) INFO: adding <eos> in the last postion in the loop
2018-07-11 13:16:11,961 (e2e_asr_attctc_th:2206) INFO: no hypothesis. Finish decoding.
2018-07-11 13:16:11,961 (e2e_asr_attctc_th:2217) INFO: total log probability: -0.465321531985
2018-07-11 13:16:11,961 (e2e_asr_attctc_th:2218) INFO: normalized log probability: -0.155107177328
2018-07-11 13:16:11,962 (asr_pytorch:468) INFO: groundtruth[1505-1_spk_1505_1_090015-090040]: 俏
2018-07-11 13:16:11,962 (asr_pytorch:469) INFO: prediction [1505-1_spk_1505_1_090015-090040]: 去<eos>
2018-07-11 13:16:11,969 (e2e_asr_attctc_th:2977) INFO: BLSTMP input lengths: [42]
2018-07-11 13:16:12,055 (e2e_asr_attctc_th:2067) INFO: input lengths: 11
2018-07-11 13:16:12,056 (e2e_asr_attctc_th:2091) INFO: max output length: 11
2018-07-11 13:16:12,056 (e2e_asr_attctc_th:2092) INFO: min output length: 0
2018-07-11 13:16:12,734 (e2e_asr_attctc_th:2199) INFO: end detected at 9
2018-07-11 13:16:12,734 (e2e_asr_attctc_th:2217) INFO: total log probability: -0.0350640127435
2018-07-11 13:16:12,734 (e2e_asr_attctc_th:2218) INFO: normalized log probability: -0.00876600318588
2018-07-11 13:16:12,737 (asr_pytorch:468) INFO: groundtruth[1502-2_spk_1502_2_051400-051444]: 俏呈
2018-07-11 13:16:12,737 (asr_pytorch:469) INFO: prediction [1502-2_spk_1502_2_051400-051444]: 係啊<eos>
2018-07-11 13:16:12,752 (e2e_asr_attctc_th:2977) INFO: BLSTMP input lengths: [294]
2018-07-11 13:16:13,450 (e2e_asr_attctc_th:2067) INFO: input lengths: 74
2018-07-11 13:16:13,450 (e2e_asr_attctc_th:2091) INFO: max output length: 74
2018-07-11 13:16:13,450 (e2e_asr_attctc_th:2092) INFO: min output length: 0
2018-07-11 13:16:16,720 (e2e_asr_attctc_th:2199) INFO: end detected at 22
2018-07-11 13:16:16,721 (e2e_asr_attctc_th:2217) INFO: total log probability: -11.1935030185
2018-07-11 13:16:16,721 (e2e_asr_attctc_th:2218) INFO: normalized log probability: -0.658441354028
2018-07-11 13:16:16,722 (asr_pytorch:468) INFO: groundtruth[1503-2_spk_1503_2_048840-049136]: 住俏繆乒俏咱鄔俏見戛肇旬叄籌差兒
2018-07-11 13:16:16,722 (asr_pytorch:469) INFO: prediction [1503-2_spk_1503_2_048840-049136]: 但係總之係咪都係要黃情人去先咗<eos>
2018-07-11 13:16:16,729 (e2e_asr_attctc_th:2977) INFO: BLSTMP input lengths: [113]
2018-07-11 13:16:16,895 (e2e_asr_attctc_th:2067) INFO: input lengths: 29
2018-07-11 13:16:16,896 (e2e_asr_attctc_th:2091) INFO: max output length: 29
2018-07-11 13:16:16,896 (e2e_asr_attctc_th:2092) INFO: min output length: 0
2018-07-11 13:16:17,843 (e2e_asr_attctc_th:2199) INFO: end detected at 12
2018-07-11 13:16:17,844 (e2e_asr_attctc_th:2217) INFO: total log probability: -2.37066886947
2018-07-11 13:16:17,844 (e2e_asr_attctc_th:2218) INFO: normalized log probability: -0.338666981352
2018-07-11 13:16:17,845 (asr_pytorch:468) INFO: groundtruth[3_spk_3_055920-056035]: 戛昕佬謬咯
2018-07-11 13:16:17,846 (asr_pytorch:469) INFO: prediction [3_spk_3_055920-056035]: 好明你講咩<eos>
2018-07-11 13:16:17,854 (e2e_asr_attctc_th:2977) INFO: BLSTMP input lengths: [118]
2018-07-11 13:16:18,049 (e2e_asr_attctc_th:2067) INFO: input lengths: 30
2018-07-11 13:16:18,049 (e2e_asr_attctc_th:2091) INFO: max output length: 30
2018-07-11 13:16:18,049 (e2e_asr_attctc_th:2092) INFO: min output length: 0
2018-07-11 13:16:18,675 (e2e_asr_attctc_th:2199) INFO: end detected at 9
2018-07-11 13:16:18,675 (e2e_asr_attctc_th:2217) INFO: total log probability: -0.60311883688
2018-07-11 13:16:18,675 (e2e_asr_attctc_th:2218) INFO: normalized log probability: -0.15077970922
2018-07-11 13:16:18,676 (asr_pytorch:468) INFO: groundtruth[1502-1_spk_1502_1_009612-009732]: 戛驥
2018-07-11 13:16:18,676 (asr_pytorch:469) INFO: prediction [1502-1_spk_1502_1_009612-009732]: 我驚<eos>
2018-07-11 13:16:18,684 (e2e_asr_attctc_th:2977) INFO: BLSTMP input lengths: [303]
2018-07-11 13:16:19,156 (e2e_asr_attctc_th:2067) INFO: input lengths: 76
2018-07-11 13:16:19,157 (e2e_asr_attctc_th:2091) INFO: max output length: 76
2018-07-11 13:16:19,157 (e2e_asr_attctc_th:2092) INFO: min output length: 0
2018-07-11 13:16:21,495 (e2e_asr_attctc_th:2199) INFO: end detected at 20
2018-07-11 13:16:21,495 (e2e_asr_attctc_th:2217) INFO: total log probability: -17.3032285348
2018-07-11 13:16:21,495 (e2e_asr_attctc_th:2218) INFO: normalized log probability: -1.15354856898
2018-07-11 13:16:21,496 (asr_pytorch:468) INFO: groundtruth[8_spk_8_064415-064720]: 吔埗服唪服懵誆服B妊道3K呯
2018-07-11 13:16:21,496 (asr_pytorch:469) INFO: prediction [8_spk_8_064415-064720]: 我諗前知心小事唉好食CP呢<eos>
2018-07-11 13:16:21,504 (e2e_asr_attctc_th:2977) INFO: BLSTMP input lengths: [198]
2018-07-11 13:16:21,759 (e2e_asr_attctc_th:2067) INFO: input lengths: 50
2018-07-11 13:16:21,759 (e2e_asr_attctc_th:2091) INFO: max output length: 50
2018-07-11 13:16:21,759 (e2e_asr_attctc_th:2092) INFO: min output length: 0
2018-07-11 13:16:22,674 (e2e_asr_attctc_th:2199) INFO: end detected at 11
2018-07-11 13:16:22,674 (e2e_asr_attctc_th:2217) INFO: total log probability: -2.99891793542
2018-07-11 13:16:22,675 (e2e_asr_attctc_th:2218) INFO: normalized log probability: -0.428416847917
2018-07-11 13:16:22,675 (asr_pytorch:468) INFO: groundtruth[1501-1_spk_1501_1_047213-047413]: 朕閊希住俏
2018-07-11 13:16:22,675 (asr_pytorch:469) INFO: prediction [1501-1_spk_1501_1_047213-047413]: 有門時都開<eos>
2018-07-11 13:16:22,683 (e2e_asr_attctc_th:2977) INFO: BLSTMP input lengths: [278]
2018-07-11 13:16:23,048 (e2e_asr_attctc_th:2067) INFO: input lengths: 70
2018-07-11 13:16:23,048 (e2e_asr_attctc_th:2091) INFO: max output length: 70
2018-07-11 13:16:23,048 (e2e_asr_attctc_th:2092) INFO: min output length: 0
2018-07-11 13:16:24,839 (e2e_asr_attctc_th:2206) INFO: no hypothesis. Finish decoding.
2018-07-11 13:16:24,839 (e2e_asr_attctc_th:2217) INFO: total log probability: -11.8177126162
2018-07-11 13:16:24,840 (e2e_asr_attctc_th:2218) INFO: normalized log probability: -0.738607038511
2018-07-11 13:16:24,840 (asr_pytorch:468) INFO: groundtruth[1504-1_spk_1504_1_015730-016010]: 唪津由何三邕綺絨囖JSV迫旨誅尻
2018-07-11 13:16:24,840 (asr_pytorch:469) INFO: prediction [1504-1_spk_1504_1_015730-016010]: 唔使咁著一啲網絡咯放翻嘅話瘦<eos>
2018-07-11 13:16:24,848 (e2e_asr_attctc_th:2977) INFO: BLSTMP input lengths: [295]
2018-07-11 13:16:25,234 (e2e_asr_attctc_th:2067) INFO: input lengths: 74
2018-07-11 13:16:25,235 (e2e_asr_attctc_th:2091) INFO: max output length: 74
2018-07-11 13:16:25,235 (e2e_asr_attctc_th:2092) INFO: min output length: 0
2018-07-11 13:16:28,467 (e2e_asr_attctc_th:2199) INFO: end detected at 30
2018-07-11 13:16:28,468 (e2e_asr_attctc_th:2217) INFO: total log probability: -20.3128300868
2018-07-11 13:16:28,468 (e2e_asr_attctc_th:2218) INFO: normalized log probability: -0.883166525513
2018-07-11 13:16:28,471 (asr_pytorch:468) INFO: groundtruth[12_spk_12_031770-032067]: 唪服誅由刺由唪刺嘍疊煉佬誅歧幅啼_LEXWETT啖
2018-07-11 13:16:28,471 (asr_pytorch:469) INFO: prediction [12_spk_12_031770-032067]: 啊好正用都用唔到嘅居然你話正常呢個十四百幾<eos>
2018-07-11 13:16:28,485 (e2e_asr_attctc_th:2977) INFO: BLSTMP input lengths: [34]
2018-07-11 13:16:28,611 (e2e_asr_attctc_th:2067) INFO: input lengths: 9
2018-07-11 13:16:28,612 (e2e_asr_attctc_th:2091) INFO: max output length: 9
2018-07-11 13:16:28,612 (e2e_asr_attctc_th:2092) INFO: min output length: 0
2018-07-11 13:16:29,115 (e2e_asr_attctc_th:2199) INFO: end detected at 7
2018-07-11 13:16:29,116 (e2e_asr_attctc_th:2217) INFO: total log probability: -0.0401639242191
2018-07-11 13:16:29,116 (e2e_asr_attctc_th:2218) INFO: normalized log probability: -0.0133879747397
2018-07-11 13:16:29,118 (asr_pytorch:468) INFO: groundtruth[1503-2_spk_1503_2_005254-005290]: 嗶
2018-07-11 13:16:29,118 (asr_pytorch:469) INFO: prediction [1503-2_spk_1503_2_005254-005290]: 嗯<eos>
2018-07-11 13:16:29,133 (e2e_asr_attctc_th:2977) INFO: BLSTMP input lengths: [191]
2018-07-11 13:16:29,462 (e2e_asr_attctc_th:2067) INFO: input lengths: 48
2018-07-11 13:16:29,463 (e2e_asr_attctc_th:2091) INFO: max output length: 48
2018-07-11 13:16:29,463 (e2e_asr_attctc_th:2092) INFO: min output length: 0
2018-07-11 13:16:30,910 (e2e_asr_attctc_th:2199) INFO: end detected at 16
2018-07-11 13:16:30,910 (e2e_asr_attctc_th:2217) INFO: total log probability: -6.08232102497
2018-07-11 13:16:30,910 (e2e_asr_attctc_th:2218) INFO: normalized log probability: -0.552938274997
2018-07-11 13:16:30,911 (asr_pytorch:468) INFO: groundtruth[1501-2_spk_1501_2_016735-016928]: 跨何式囤尻毛倔朔
2018-07-11 13:16:30,911 (asr_pytorch:469) INFO: prediction [1501-2_spk_1501_2_016735-016928]: 跟著廿四下唔會個月<eos>
2018-07-11 13:16:30,919 (e2e_asr_attctc_th:2977) INFO: BLSTMP input lengths: [198]
2018-07-11 13:16:31,191 (e2e_asr_attctc_th:2067) INFO: input lengths: 50
2018-07-11 13:16:31,191 (e2e_asr_attctc_th:2091) INFO: max output length: 50
2018-07-11 13:16:31,191 (e2e_asr_attctc_th:2092) INFO: min output length: 0
2018-07-11 13:16:32,172 (e2e_asr_attctc_th:2206) INFO: no hypothesis. Finish decoding.
2018-07-11 13:16:32,172 (e2e_asr_attctc_th:2217) INFO: total log probability: -1.98316908907
2018-07-11 13:16:32,172 (e2e_asr_attctc_th:2218) INFO: normalized log probability: -0.220352121008
2018-07-11 13:16:32,173 (asr_pytorch:468) INFO: groundtruth[1501-1_spk_1501_1_009361-009561]: 咋尻俏然院且綺
2018-07-11 13:16:32,173 (asr_pytorch:469) INFO: prediction [1501-1_spk_1501_1_009361-009561]: 咁就係無限上網<eos>
2018-07-11 13:16:32,180 (e2e_asr_attctc_th:2977) INFO: BLSTMP input lengths: [92]
2018-07-11 13:16:32,327 (e2e_asr_attctc_th:2067) INFO: input lengths: 23
2018-07-11 13:16:32,327 (e2e_asr_attctc_th:2091) INFO: max output length: 23
2018-07-11 13:16:32,327 (e2e_asr_attctc_th:2092) INFO: min output length: 0
2018-07-11 13:16:33,599 (e2e_asr_attctc_th:2199) INFO: end detected at 13
2018-07-11 13:16:33,599 (e2e_asr_attctc_th:2217) INFO: total log probability: -0.551736820489
2018-07-11 13:16:33,599 (e2e_asr_attctc_th:2218) INFO: normalized log probability: -0.0689671025611
2018-07-11 13:16:33,601 (asr_pytorch:468) INFO: groundtruth[1503-2_spk_1503_2_054186-054279]: 俏啖俏啖俏啖
2018-07-11 13:16:33,601 (asr_pytorch:469) INFO: prediction [1503-2_spk_1503_2_054186-054279]: 係啊係啊係啊<eos>
2018-07-11 13:16:33,608 (e2e_asr_attctc_th:2977) INFO: BLSTMP input lengths: [95]
2018-07-11 13:16:33,748 (e2e_asr_attctc_th:2067) INFO: input lengths: 24
2018-07-11 13:16:33,748 (e2e_asr_attctc_th:2091) INFO: max output length: 24
2018-07-11 13:16:33,748 (e2e_asr_attctc_th:2092) INFO: min output length: 0
2018-07-11 13:16:34,035 (e2e_asr_attctc_th:2206) INFO: no hypothesis. Finish decoding.
2018-07-11 13:16:34,035 (e2e_asr_attctc_th:2217) INFO: total log probability: -5.52552055381
2018-07-11 13:16:34,035 (e2e_asr_attctc_th:2218) INFO: normalized log probability: -1.10510411076
2018-07-11 13:16:34,036 (asr_pytorch:468) INFO: groundtruth[8_spk_8_033010-033107]: 暄朦倔朦
2018-07-11 13:16:34,036 (asr_pytorch:469) INFO: prediction [8_spk_8_033010-033107]: 正常識<eos>
2018-07-11 13:16:34,045 (e2e_asr_attctc_th:2977) INFO: BLSTMP input lengths: [350]
2018-07-11 13:16:34,698 (e2e_asr_attctc_th:2067) INFO: input lengths: 88
2018-07-11 13:16:34,699 (e2e_asr_attctc_th:2091) INFO: max output length: 88
2018-07-11 13:16:34,699 (e2e_asr_attctc_th:2092) INFO: min output length: 0
2018-07-11 13:16:38,853 (e2e_asr_attctc_th:2199) INFO: end detected at 26
2018-07-11 13:16:38,854 (e2e_asr_attctc_th:2217) INFO: total log probability: -15.0318417791
2018-07-11 13:16:38,854 (e2e_asr_attctc_th:2218) INFO: normalized log probability: -0.751592088956
2018-07-11 13:16:38,855 (asr_pytorch:468) INFO: groundtruth[1505-2_spk_1505_2_051232-051584]: 咋佬頻兒謬20241619俏咯黒柎
2018-07-11 13:16:38,855 (asr_pytorch:469) INFO: prediction [1505-2_spk_1505_2_051232-051584]: 咁你就知我其實二十四其實老豆狗上嚟啦<eos>
2018-07-11 13:16:38,869 (e2e_asr_attctc_th:2977) INFO: BLSTMP input lengths: [368]
2018-07-11 13:16:39,606 (e2e_asr_attctc_th:2067) INFO: input lengths: 92
2018-07-11 13:16:39,607 (e2e_asr_attctc_th:2091) INFO: max output length: 92
2018-07-11 13:16:39,607 (e2e_asr_attctc_th:2092) INFO: min output length: 0
2018-07-11 13:16:44,744 (e2e_asr_attctc_th:2199) INFO: end detected at 28
2018-07-11 13:16:44,745 (e2e_asr_attctc_th:2217) INFO: total log probability: -34.9727634192
2018-07-11 13:16:44,745 (e2e_asr_attctc_th:2218) INFO: normalized log probability: -1.66536968663
2018-07-11 13:16:44,747 (asr_pytorch:468) INFO: groundtruth[8_spk_8_017965-018335]: 囹烕戛俏由佬員倔TPER俏然院且朋夥俏慪尤尤嘍姚
2018-07-11 13:16:44,747 (asr_pytorch:469) INFO: prediction [8_spk_8_017965-018335]: 實用女嘅LINANOTER版的成錶小嘅<eos>
2018-07-11 13:16:44,762 (e2e_asr_attctc_th:2977) INFO: BLSTMP input lengths: [272]
2018-07-11 13:16:45,366 (e2e_asr_attctc_th:2067) INFO: input lengths: 68
2018-07-11 13:16:45,366 (e2e_asr_attctc_th:2091) INFO: max output length: 68
2018-07-11 13:16:45,366 (e2e_asr_attctc_th:2092) INFO: min output length: 0
2018-07-11 13:16:47,880 (e2e_asr_attctc_th:2206) INFO: no hypothesis. Finish decoding.
2018-07-11 13:16:47,881 (e2e_asr_attctc_th:2217) INFO: total log probability: -9.16770113539
2018-07-11 13:16:47,881 (e2e_asr_attctc_th:2218) INFO: normalized log probability: -0.458385056769
2018-07-11 13:16:47,881 (asr_pytorch:468) INFO: groundtruth[1504-1_spk_1504_1_062388-062662]: 哭姚俏8皆序誅蚧佬俏愈攪黒<unk>檀啖
2018-07-11 13:16:47,881 (asr_pytorch:469) INFO: prediction [1504-1_spk_1504_1_062388-062662]: 哦即係你發百幾蚊話費你係想講嚟齣機噶<eos>
2018-07-11 13:16:47,889 (e2e_asr_attctc_th:2977) INFO: BLSTMP input lengths: [95]
2018-07-11 13:16:48,032 (e2e_asr_attctc_th:2067) INFO: input lengths: 24
2018-07-11 13:16:48,033 (e2e_asr_attctc_th:2091) INFO: max output length: 24
2018-07-11 13:16:48,033 (e2e_asr_attctc_th:2092) INFO: min output length: 0
2018-07-11 13:16:48,538 (e2e_asr_attctc_th:2199) INFO: end detected at 9
2018-07-11 13:16:48,539 (e2e_asr_attctc_th:2217) INFO: total log probability: -0.384455017745
2018-07-11 13:16:48,539 (e2e_asr_attctc_th:2218) INFO: normalized log probability: -0.0961137544364
2018-07-11 13:16:48,540 (asr_pytorch:468) INFO: groundtruth[1503-2_spk_1503_2_012125-012222]: 嗶嗶
2018-07-11 13:16:48,540 (asr_pytorch:469) INFO: prediction [1503-2_spk_1503_2_012125-012222]: 嗯嗯<eos>
2018-07-11 13:16:48,548 (e2e_asr_attctc_th:2977) INFO: BLSTMP input lengths: [331]
2018-07-11 13:16:48,982 (e2e_asr_attctc_th:2067) INFO: input lengths: 83
2018-07-11 13:16:48,983 (e2e_asr_attctc_th:2091) INFO: max output length: 83
2018-07-11 13:16:48,983 (e2e_asr_attctc_th:2092) INFO: min output length: 0
2018-07-11 13:16:51,761 (e2e_asr_attctc_th:2199) INFO: end detected at 25
2018-07-11 13:16:51,761 (e2e_asr_attctc_th:2217) INFO: total log probability: -18.581437733
2018-07-11 13:16:51,761 (e2e_asr_attctc_th:2218) INFO: normalized log probability: -0.977970407001
2018-07-11 13:16:51,762 (asr_pytorch:468) INFO: groundtruth[9_spk_9_005227-005560]: 稜筐三筐呈戛幹佬睛三睛兒EGGSYRX旅<unk>
2018-07-11 13:16:51,762 (asr_pytorch:469) INFO: prediction [9_spk_9_005227-005560]: 飽粉黑咁咪我幫你睇一睇先唔係啱今年<eos>
2018-07-11 13:16:51,771 (e2e_asr_attctc_th:2977) INFO: BLSTMP input lengths: [606]
2018-07-11 13:16:52,592 (e2e_asr_attctc_th:2067) INFO: input lengths: 152
2018-07-11 13:16:52,593 (e2e_asr_attctc_th:2091) INFO: max output length: 152
2018-07-11 13:16:52,593 (e2e_asr_attctc_th:2092) INFO: min output length: 0
2018-07-11 13:17:00,665 (e2e_asr_attctc_th:2199) INFO: end detected at 51
2018-07-11 13:17:00,665 (e2e_asr_attctc_th:2217) INFO: total log probability: -33.6477659475
2018-07-11 13:17:00,665 (e2e_asr_attctc_th:2218) INFO: normalized log probability: -0.731473172772
2018-07-11 13:17:00,667 (asr_pytorch:468) INFO: groundtruth[1503-1_spk_1503_1_088407-089015]: 反戡耐咋啯佬司脇軀邕朕JVMIRH啖戡耐咋啷反愈間施RYQFIV旨愈轟道黒旨佬訢從摁差戛兒
2018-07-11 13:17:00,667 (asr_pytorch:469) INFO: prediction [1503-1_spk_1503_1_088407-089015]: 又或者咁啱你可能係三邊有FRIEND啊或者咁樣又想去訓啦把嘅其實仲住過嚟嘅你記得搵咗下先<eos>
2018-07-11 13:17:00,674 (e2e_asr_attctc_th:2977) INFO: BLSTMP input lengths: [100]
2018-07-11 13:17:00,816 (e2e_asr_attctc_th:2067) INFO: input lengths: 25
2018-07-11 13:17:00,816 (e2e_asr_attctc_th:2091) INFO: max output length: 25
2018-07-11 13:17:00,816 (e2e_asr_attctc_th:2092) INFO: min output length: 0
2018-07-11 13:17:01,597 (e2e_asr_attctc_th:2199) INFO: end detected at 11
2018-07-11 13:17:01,597 (e2e_asr_attctc_th:2217) INFO: total log probability: -1.42535369098
2018-07-11 13:17:01,597 (e2e_asr_attctc_th:2218) INFO: normalized log probability: -0.356338422745
2018-07-11 13:17:01,598 (asr_pytorch:468) INFO: groundtruth[1503-1_spk_1503_1_043710-043812]: 俏啖
2018-07-11 13:17:01,598 (asr_pytorch:469) INFO: prediction [1503-1_spk_1503_1_043710-043812]: 係啊<eos>
2018-07-11 13:17:01,606 (e2e_asr_attctc_th:2977) INFO: BLSTMP input lengths: [154]
2018-07-11 13:17:01,819 (e2e_asr_attctc_th:2067) INFO: input lengths: 39
2018-07-11 13:17:01,819 (e2e_asr_attctc_th:2091) INFO: max output length: 39
2018-07-11 13:17:01,819 (e2e_asr_attctc_th:2092) INFO: min output length: 0
2018-07-11 13:17:03,006 (e2e_asr_attctc_th:2206) INFO: no hypothesis. Finish decoding.
2018-07-11 13:17:03,007 (e2e_asr_attctc_th:2217) INFO: total log probability: -9.06802739762
2018-07-11 13:17:03,007 (e2e_asr_attctc_th:2218) INFO: normalized log probability: -0.906802739762
2018-07-11 13:17:03,008 (asr_pytorch:468) INFO: groundtruth[1505-1_spk_1505_1_027210-027366]: 産臼乖誅冏綺絨旨
2018-07-11 13:17:03,009 (asr_pytorch:469) INFO: prediction [1505-1_spk_1505_1_027210-027366]: 甚至服啊冇攞落嘅<eos>
2018-07-11 13:17:03,023 (e2e_asr_attctc_th:2977) INFO: BLSTMP input lengths: [486]
2018-07-11 13:17:04,055 (e2e_asr_attctc_th:2067) INFO: input lengths: 122
2018-07-11 13:17:04,056 (e2e_asr_attctc_th:2091) INFO: max output length: 122
2018-07-11 13:17:04,056 (e2e_asr_attctc_th:2092) INFO: min output length: 0
2018-07-11 13:17:11,176 (e2e_asr_attctc_th:2206) INFO: no hypothesis. Finish decoding.
2018-07-11 13:17:11,177 (e2e_asr_attctc_th:2217) INFO: total log probability: -15.9558535526
2018-07-11 13:17:11,177 (e2e_asr_attctc_th:2218) INFO: normalized log probability: -0.531861785085
2018-07-11 13:17:11,177 (asr_pytorch:468) INFO: groundtruth[4_spk_4_082807-083295]: 嗶俏啯咋夭<unk>且尻俏咋B尻俏咋夥啯咋諛啞仿朕然址旅司件幹刺味兒用
2018-07-11 13:17:11,178 (asr_pytorch:469) INFO: prediction [4_spk_4_082807-083295]: 嗯係啦咁大之上就誒就係咁多啦咁成個仲有冇地方去講到周天生<eos>
2018-07-11 13:17:11,192 (e2e_asr_attctc_th:2977) INFO: BLSTMP input lengths: [198]
2018-07-11 13:17:11,612 (e2e_asr_attctc_th:2067) INFO: input lengths: 50
2018-07-11 13:17:11,613 (e2e_asr_attctc_th:2091) INFO: max output length: 50
2018-07-11 13:17:11,613 (e2e_asr_attctc_th:2092) INFO: min output length: 0
2018-07-11 13:17:13,756 (e2e_asr_attctc_th:2199) INFO: end detected at 16
2018-07-11 13:17:13,756 (e2e_asr_attctc_th:2217) INFO: total log probability: -7.62437160034
2018-07-11 13:17:13,757 (e2e_asr_attctc_th:2218) INFO: normalized log probability: -0.69312469094
2018-07-11 13:17:13,758 (asr_pytorch:468) INFO: groundtruth[1501-1_spk_1501_1_066918-067118]: B放迫嗷彈WMQ危咋樺
2018-07-11 13:17:13,758 (asr_pytorch:469) INFO: prediction [1501-1_spk_1501_1_066918-067118]: 誒收翻嗰個先卡咁樣<eos>
2018-07-11 13:17:13,767 (e2e_asr_attctc_th:2977) INFO: BLSTMP input lengths: [484]
2018-07-11 13:17:14,425 (e2e_asr_attctc_th:2067) INFO: input lengths: 121
2018-07-11 13:17:14,425 (e2e_asr_attctc_th:2091) INFO: max output length: 121
2018-07-11 13:17:14,425 (e2e_asr_attctc_th:2092) INFO: min output length: 0
2018-07-11 13:17:20,087 (e2e_asr_attctc_th:2206) INFO: no hypothesis. Finish decoding.
2018-07-11 13:17:20,087 (e2e_asr_attctc_th:2217) INFO: total log probability: -27.4549181899
2018-07-11 13:17:20,087 (e2e_asr_attctc_th:2218) INFO: normalized log probability: -0.831967217876
2018-07-11 13:17:20,088 (asr_pytorch:468) INFO: groundtruth[1503-1_spk_1503_1_032230-032716]: 佬見貽斌擢啯咋戛址井兒速矮差換醞差啼宭咋佬趕磋臺巷服由從敍忐啼
2018-07-11 13:17:20,089 (asr_pytorch:469) INFO: prediction [1503-1_spk_1503_1_032230-032716]: 你要買所貴啦咁我哋時先翻唔知就係平打一下有咩起碼時中做得放心啲<eos>
2018-07-11 13:17:20,104 (e2e_asr_attctc_th:2977) INFO: BLSTMP input lengths: [260]
2018-07-11 13:17:20,745 (e2e_asr_attctc_th:2067) INFO: input lengths: 65
2018-07-11 13:17:20,746 (e2e_asr_attctc_th:2091) INFO: max output length: 65
2018-07-11 13:17:20,746 (e2e_asr_attctc_th:2092) INFO: min output length: 0
2018-07-11 13:17:22,837 (e2e_asr_attctc_th:2199) INFO: end detected at 18
2018-07-11 13:17:22,837 (e2e_asr_attctc_th:2217) INFO: total log probability: -4.05938585382
2018-07-11 13:17:22,837 (e2e_asr_attctc_th:2218) INFO: normalized log probability: -0.312260450294
2018-07-11 13:17:22,839 (asr_pytorch:468) INFO: groundtruth[12_spk_12_036825-037087]: 咋陵咩呯兮倔旅桑俏咱B
2018-07-11 13:17:22,839 (asr_pytorch:469) INFO: prediction [12_spk_12_036825-037087]: 咁除咗呢兩個方案係咪誒<eos>
2018-07-11 13:17:22,847 (e2e_asr_attctc_th:2977) INFO: BLSTMP input lengths: [108]
2018-07-11 13:17:22,996 (e2e_asr_attctc_th:2067) INFO: input lengths: 27
2018-07-11 13:17:22,997 (e2e_asr_attctc_th:2091) INFO: max output length: 27
2018-07-11 13:17:22,997 (e2e_asr_attctc_th:2092) INFO: min output length: 0
2018-07-11 13:17:23,739 (e2e_asr_attctc_th:2199) INFO: end detected at 10
2018-07-11 13:17:23,739 (e2e_asr_attctc_th:2217) INFO: total log probability: -2.94770279527
2018-07-11 13:17:23,739 (e2e_asr_attctc_th:2218) INFO: normalized log probability: -0.589540559053
2018-07-11 13:17:23,740 (asr_pytorch:468) INFO: groundtruth[8_spk_8_033815-033925]: 俏呈
2018-07-11 13:17:23,740 (asr_pytorch:469) INFO: prediction [8_spk_8_033815-033925]: 啊話先<eos>
2018-07-11 13:17:23,748 (e2e_asr_attctc_th:2977) INFO: BLSTMP input lengths: [170]
2018-07-11 13:17:23,995 (e2e_asr_attctc_th:2067) INFO: input lengths: 43
2018-07-11 13:17:23,995 (e2e_asr_attctc_th:2091) INFO: max output length: 43
2018-07-11 13:17:23,995 (e2e_asr_attctc_th:2092) INFO: min output length: 0
2018-07-11 13:17:25,510 (e2e_asr_attctc_th:2206) INFO: no hypothesis. Finish decoding.
2018-07-11 13:17:25,510 (e2e_asr_attctc_th:2217) INFO: total log probability: -8.38669880666
2018-07-11 13:17:25,510 (e2e_asr_attctc_th:2218) INFO: normalized log probability: -0.645130677435
2018-07-11 13:17:25,511 (asr_pytorch:468) INFO: groundtruth[1502-2_spk_1502_2_080589-080761]: XSXEP<unk>共蚧尻毯迫哈佬嘍
2018-07-11 13:17:25,511 (asr_pytorch:469) INFO: prediction [1502-2_spk_1502_2_080589-080761]: 周頭先得蚊就俾翻曬你嘅<eos>
2018-07-11 13:17:25,523 (e2e_asr_attctc_th:2977) INFO: BLSTMP input lengths: [328]
2018-07-11 13:17:26,053 (e2e_asr_attctc_th:2067) INFO: input lengths: 82
2018-07-11 13:17:26,054 (e2e_asr_attctc_th:2091) INFO: max output length: 82
2018-07-11 13:17:26,054 (e2e_asr_attctc_th:2092) INFO: min output length: 0
2018-07-11 13:17:29,687 (e2e_asr_attctc_th:2199) INFO: end detected at 29
2018-07-11 13:17:29,687 (e2e_asr_attctc_th:2217) INFO: total log probability: -31.7937939465
2018-07-11 13:17:29,687 (e2e_asr_attctc_th:2218) INFO: normalized log probability: -1.38233886724
2018-07-11 13:17:29,689 (asr_pytorch:468) INFO: groundtruth[8_spk_8_056741-057072]: <unk>脇呯尻誅訢錕畸佔佬啷啷手謬嘍三倔掩放惕泌啯
2018-07-11 13:17:29,689 (asr_pytorch:469) INFO: prediction [8_spk_8_056741-057072]: 主十式十月六七四十蚊嗰個生咩色個十節抽情況<eos>
2018-07-11 13:17:29,696 (e2e_asr_attctc_th:2977) INFO: BLSTMP input lengths: [44]
2018-07-11 13:17:29,774 (e2e_asr_attctc_th:2067) INFO: input lengths: 11
2018-07-11 13:17:29,775 (e2e_asr_attctc_th:2091) INFO: max output length: 11
2018-07-11 13:17:29,775 (e2e_asr_attctc_th:2092) INFO: min output length: 0
2018-07-11 13:17:30,350 (e2e_asr_attctc_th:2199) INFO: end detected at 9
2018-07-11 13:17:30,351 (e2e_asr_attctc_th:2217) INFO: total log probability: -1.22485855222
2018-07-11 13:17:30,351 (e2e_asr_attctc_th:2218) INFO: normalized log probability: -0.306214638054
2018-07-11 13:17:30,352 (asr_pytorch:468) INFO: groundtruth[1504-1_spk_1504_1_102780-102826]: SO
2018-07-11 13:17:30,352 (asr_pytorch:469) INFO: prediction [1504-1_spk_1504_1_102780-102826]: OK<eos>
2018-07-11 13:17:30,360 (e2e_asr_attctc_th:2977) INFO: BLSTMP input lengths: [198]
2018-07-11 13:17:30,661 (e2e_asr_attctc_th:2067) INFO: input lengths: 50
2018-07-11 13:17:30,661 (e2e_asr_attctc_th:2091) INFO: max output length: 50
2018-07-11 13:17:30,662 (e2e_asr_attctc_th:2092) INFO: min output length: 0
2018-07-11 13:17:32,115 (e2e_asr_attctc_th:2206) INFO: no hypothesis. Finish decoding.
2018-07-11 13:17:32,115 (e2e_asr_attctc_th:2217) INFO: total log probability: -5.29993388243
2018-07-11 13:17:32,115 (e2e_asr_attctc_th:2218) INFO: normalized log probability: -0.441661156869
2018-07-11 13:17:32,116 (asr_pytorch:468) INFO: groundtruth[3_spk_3_059060-059260]: 由何哲倔兵KF嘍望募兒
2018-07-11 13:17:32,116 (asr_pytorch:469) INFO: prediction [3_spk_3_059060-059260]: 用住呢個六擊就服務先<eos>
2018-07-11 13:17:32,125 (e2e_asr_attctc_th:2977) INFO: BLSTMP input lengths: [422]
2018-07-11 13:17:32,709 (e2e_asr_attctc_th:2067) INFO: input lengths: 106
2018-07-11 13:17:32,709 (e2e_asr_attctc_th:2091) INFO: max output length: 106
2018-07-11 13:17:32,709 (e2e_asr_attctc_th:2092) INFO: min output length: 0
2018-07-11 13:17:34,628 (e2e_asr_attctc_th:2206) INFO: no hypothesis. Finish decoding.
2018-07-11 13:17:34,628 (e2e_asr_attctc_th:2217) INFO: total log probability: -3.47767448146
2018-07-11 13:17:34,628 (e2e_asr_attctc_th:2218) INFO: normalized log probability: -0.248405320104
2018-07-11 13:17:34,629 (asr_pytorch:468) INFO: groundtruth[1504-2_spk_1504_2_055648-056072]: 朕乳釗咯兒B朕乳釗努脇兒
2018-07-11 13:17:34,629 (asr_pytorch:469) INFO: prediction [1504-2_spk_1504_2_055648-056072]: 有乜嘢咩嘢誒有咩嘢功能誒<eos>
2018-07-11 13:17:34,637 (e2e_asr_attctc_th:2977) INFO: BLSTMP input lengths: [158]
2018-07-11 13:17:34,875 (e2e_asr_attctc_th:2067) INFO: input lengths: 40
2018-07-11 13:17:34,876 (e2e_asr_attctc_th:2091) INFO: max output length: 40
2018-07-11 13:17:34,876 (e2e_asr_attctc_th:2092) INFO: min output length: 0
2018-07-11 13:17:35,487 (e2e_asr_attctc_th:2206) INFO: no hypothesis. Finish decoding.
2018-07-11 13:17:35,488 (e2e_asr_attctc_th:2217) INFO: total log probability: -4.39550019801
2018-07-11 13:17:35,488 (e2e_asr_attctc_th:2218) INFO: normalized log probability: -0.627928599715
2018-07-11 13:17:35,488 (asr_pytorch:468) INFO: groundtruth[3_spk_3_009112-009272]: 亞卉蚧亞皆
2018-07-11 13:17:35,489 (asr_pytorch:469) INFO: prediction [3_spk_3_009112-009272]: 撞啦文四先<eos>
2018-07-11 13:17:35,498 (e2e_asr_attctc_th:2977) INFO: BLSTMP input lengths: [490]
2018-07-11 13:17:36,159 (e2e_asr_attctc_th:2067) INFO: input lengths: 123
2018-07-11 13:17:36,160 (e2e_asr_attctc_th:2091) INFO: max output length: 123
2018-07-11 13:17:36,160 (e2e_asr_attctc_th:2092) INFO: min output length: 0
2018-07-11 13:17:42,772 (e2e_asr_attctc_th:2199) INFO: end detected at 41
2018-07-11 13:17:42,772 (e2e_asr_attctc_th:2217) INFO: total log probability: -27.4442834374
2018-07-11 13:17:42,772 (e2e_asr_attctc_th:2218) INFO: normalized log probability: -0.762341206596
2018-07-11 13:17:42,773 (asr_pytorch:468) INFO: groundtruth[1504-1_spk_1504_1_032768-033260]: 姚俏妍枱佬誅刺晏解從費咋佬司件唪纔紋轟迫兀偌危鄔從劫嘢閙閙兲各鄔司件柎啯
2018-07-11 13:17:42,774 (asr_pytorch:469) INFO: prediction [1504-1_spk_1504_1_032768-033260]: 即係如果你話到時覺得貴咁你我嚴重日轉翻住其他咗質噶嘛間工資個可以噶啦<eos>
2018-07-11 13:17:42,786 (e2e_asr_attctc_th:2977) INFO: BLSTMP input lengths: [125]
2018-07-11 13:17:43,000 (e2e_asr_attctc_th:2067) INFO: input lengths: 32
2018-07-11 13:17:43,001 (e2e_asr_attctc_th:2091) INFO: max output length: 32
2018-07-11 13:17:43,001 (e2e_asr_attctc_th:2092) INFO: min output length: 0
2018-07-11 13:17:44,260 (e2e_asr_attctc_th:2199) INFO: end detected at 15
2018-07-11 13:17:44,260 (e2e_asr_attctc_th:2217) INFO: total log probability: -0.601265145466
2018-07-11 13:17:44,260 (e2e_asr_attctc_th:2218) INFO: normalized log probability: -0.0601265145466
2018-07-11 13:17:44,261 (asr_pytorch:468) INFO: groundtruth[1502-2_spk_1502_2_036534-036661]: 俏呈俏呈俏呈冏鍋
2018-07-11 13:17:44,261 (asr_pytorch:469) INFO: prediction [1502-2_spk_1502_2_036534-036661]: 係啊係啊係啊冇錯<eos>
2018-07-11 13:17:44,269 (e2e_asr_attctc_th:2977) INFO: BLSTMP input lengths: [150]
2018-07-11 13:17:44,491 (e2e_asr_attctc_th:2067) INFO: input lengths: 38
2018-07-11 13:17:44,492 (e2e_asr_attctc_th:2091) INFO: max output length: 38
2018-07-11 13:17:44,492 (e2e_asr_attctc_th:2092) INFO: min output length: 0
2018-07-11 13:17:45,679 (e2e_asr_attctc_th:2199) INFO: end detected at 13
2018-07-11 13:17:45,679 (e2e_asr_attctc_th:2217) INFO: total log probability: -8.06253580749
2018-07-11 13:17:45,679 (e2e_asr_attctc_th:2218) INFO: normalized log probability: -1.00781697594
2018-07-11 13:17:45,680 (asr_pytorch:468) INFO: groundtruth[1504-1_spk_1504_1_056486-056638]: 尻化差嗄八邕
2018-07-11 13:17:45,680 (asr_pytorch:469) INFO: prediction [1504-1_spk_1504_1_056486-056638]: 又包咗一下邊<eos>
2018-07-11 13:17:45,687 (e2e_asr_attctc_th:2977) INFO: BLSTMP input lengths: [16]
2018-07-11 13:17:45,728 (e2e_asr_attctc_th:2067) INFO: input lengths: 4
2018-07-11 13:17:45,730 (e2e_asr_attctc_th:2091) INFO: max output length: 4
2018-07-11 13:17:45,730 (e2e_asr_attctc_th:2092) INFO: min output length: 0
2018-07-11 13:17:45,917 (e2e_asr_attctc_th:2180) INFO: adding <eos> in the last postion in the loop
2018-07-11 13:17:45,917 (e2e_asr_attctc_th:2206) INFO: no hypothesis. Finish decoding.
2018-07-11 13:17:45,917 (e2e_asr_attctc_th:2217) INFO: total log probability: -0.369653575122
2018-07-11 13:17:45,917 (e2e_asr_attctc_th:2218) INFO: normalized log probability: -0.123217858374
2018-07-11 13:17:45,918 (asr_pytorch:468) INFO: groundtruth[1501-1_spk_1501_1_013275-013293]: 佰
2018-07-11 13:17:45,918 (asr_pytorch:469) INFO: prediction [1501-1_spk_1501_1_013275-013293]: 係<eos>
2018-07-11 13:17:45,926 (e2e_asr_attctc_th:2977) INFO: BLSTMP input lengths: [322]
2018-07-11 13:17:46,372 (e2e_asr_attctc_th:2067) INFO: input lengths: 81
2018-07-11 13:17:46,372 (e2e_asr_attctc_th:2091) INFO: max output length: 81
2018-07-11 13:17:46,372 (e2e_asr_attctc_th:2092) INFO: min output length: 0
2018-07-11 13:17:49,084 (e2e_asr_attctc_th:2206) INFO: no hypothesis. Finish decoding.
2018-07-11 13:17:49,084 (e2e_asr_attctc_th:2217) INFO: total log probability: -13.2463276805
2018-07-11 13:17:49,084 (e2e_asr_attctc_th:2218) INFO: normalized log probability: -0.630777508597
2018-07-11 13:17:49,085 (asr_pytorch:468) INFO: groundtruth[1505-1_spk_1505_1_026220-026544]: 咋佰朕晏呯服<unk>琉三啼4K踏考3K旨惕泌
2018-07-11 13:17:49,085 (asr_pytorch:469) INFO: prediction [1505-1_spk_1505_1_026220-026544]: 咁佢有時呢會齣完一啲科司條花師姐嘅成科<eos>
2018-07-11 13:17:49,094 (e2e_asr_attctc_th:2977) INFO: BLSTMP input lengths: [473]
2018-07-11 13:17:49,733 (e2e_asr_attctc_th:2067) INFO: input lengths: 119
2018-07-11 13:17:49,734 (e2e_asr_attctc_th:2091) INFO: max output length: 119
2018-07-11 13:17:49,734 (e2e_asr_attctc_th:2092) INFO: min output length: 0
2018-07-11 13:17:53,355 (e2e_asr_attctc_th:2206) INFO: no hypothesis. Finish decoding.
2018-07-11 13:17:53,355 (e2e_asr_attctc_th:2217) INFO: total log probability: -12.1878018933
2018-07-11 13:17:53,355 (e2e_asr_attctc_th:2218) INFO: normalized log probability: -0.507825078889
2018-07-11 13:17:53,356 (asr_pytorch:468) INFO: groundtruth[1504-2_spk_1504_2_061877-062352]: 囹烕戛宥<unk>俏八緘戛仿朕800序蚧旨誅賀俏八<unk>啖
2018-07-11 13:17:53,356 (asr_pytorch:469) INFO: prediction [1504-2_spk_1504_2_061877-062352]: 因為我而傢係日格我仲有八百幾蚊嘅話費係入麵嘞<eos>
2018-07-11 13:17:53,364 (e2e_asr_attctc_th:2977) INFO: BLSTMP input lengths: [349]
2018-07-11 13:17:53,837 (e2e_asr_attctc_th:2067) INFO: input lengths: 88
2018-07-11 13:17:53,837 (e2e_asr_attctc_th:2091) INFO: max output length: 88
2018-07-11 13:17:53,838 (e2e_asr_attctc_th:2092) INFO: min output length: 0
2018-07-11 13:17:57,835 (e2e_asr_attctc_th:2199) INFO: end detected at 31
2018-07-11 13:17:57,836 (e2e_asr_attctc_th:2217) INFO: total log probability: -19.4918002146
2018-07-11 13:17:57,836 (e2e_asr_attctc_th:2218) INFO: normalized log probability: -0.74968462364
2018-07-11 13:17:57,837 (asr_pytorch:468) INFO: groundtruth[1504-1_spk_1504_1_027763-028114]: 俏啖姚俏妍枱佬誅嗷倔蚊磋咋啷鄔刺未旨誅冀寫鄔司件
2018-07-11 13:17:57,837 (asr_pytorch:469) INFO: prediction [1504-1_spk_1504_1_027763-028114]: 係啊即如果你爸哥婆嘛金啱都做奇嘅話成日都係咁想啦<eos>
2018-07-11 13:17:57,845 (e2e_asr_attctc_th:2977) INFO: BLSTMP input lengths: [80]
2018-07-11 13:17:57,976 (e2e_asr_attctc_th:2067) INFO: input lengths: 20
2018-07-11 13:17:57,976 (e2e_asr_attctc_th:2091) INFO: max output length: 20
2018-07-11 13:17:57,976 (e2e_asr_attctc_th:2092) INFO: min output length: 0
2018-07-11 13:17:58,727 (e2e_asr_attctc_th:2199) INFO: end detected at 11
2018-07-11 13:17:58,727 (e2e_asr_attctc_th:2217) INFO: total log probability: -4.52084776573
2018-07-11 13:17:58,727 (e2e_asr_attctc_th:2218) INFO: normalized log probability: -0.753474627621
2018-07-11 13:17:58,728 (asr_pytorch:468) INFO: groundtruth[9_spk_9_026955-027037]: MTLSRI嚦嘍
2018-07-11 13:17:58,728 (asr_pytorch:469) INFO: prediction [9_spk_9_026955-027037]: 唔係當你<eos>
2018-07-11 13:17:58,736 (e2e_asr_attctc_th:2977) INFO: BLSTMP input lengths: [145]
2018-07-11 13:17:58,929 (e2e_asr_attctc_th:2067) INFO: input lengths: 37
2018-07-11 13:17:58,929 (e2e_asr_attctc_th:2091) INFO: max output length: 37
2018-07-11 13:17:58,929 (e2e_asr_attctc_th:2092) INFO: min output length: 0
2018-07-11 13:17:59,977 (e2e_asr_attctc_th:2206) INFO: no hypothesis. Finish decoding.
2018-07-11 13:17:59,977 (e2e_asr_attctc_th:2217) INFO: total log probability: -8.55613086
2018-07-11 13:17:59,977 (e2e_asr_attctc_th:2218) INFO: normalized log probability: -0.713010905
2018-07-11 13:17:59,978 (asr_pytorch:468) INFO: groundtruth[3_spk_3_049432-049579]: 佬員兲各尻貽亞皆QF
2018-07-11 13:17:59,978 (asr_pytorch:469) INFO: prediction [3_spk_3_049432-049579]: 起你嗰陣時係買五百咩<eos>
2018-07-11 13:17:59,985 (e2e_asr_attctc_th:2977) INFO: BLSTMP input lengths: [229]
2018-07-11 13:18:00,281 (e2e_asr_attctc_th:2067) INFO: input lengths: 58
2018-07-11 13:18:00,282 (e2e_asr_attctc_th:2091) INFO: max output length: 58
2018-07-11 13:18:00,282 (e2e_asr_attctc_th:2092) INFO: min output length: 0
2018-07-11 13:18:02,991 (e2e_asr_attctc_th:2199) INFO: end detected at 29
2018-07-11 13:18:02,991 (e2e_asr_attctc_th:2217) INFO: total log probability: -28.6388350986
2018-07-11 13:18:02,991 (e2e_asr_attctc_th:2218) INFO: normalized log probability: -1.36375405231
2018-07-11 13:18:02,992 (asr_pytorch:468) INFO: groundtruth[12_spk_12_042224-042455]: 皆喋嗷庵俏啖手件谘咩
2018-07-11 13:18:02,992 (asr_pytorch:469) INFO: prediction [12_spk_12_042224-042455]: <SPK/>所以又諗嗰度HUREST嗰啲唔知見咗<eos>
2018-07-11 13:18:03,000 (e2e_asr_attctc_th:2977) INFO: BLSTMP input lengths: [322]
2018-07-11 13:18:03,410 (e2e_asr_attctc_th:2067) INFO: input lengths: 81
2018-07-11 13:18:03,410 (e2e_asr_attctc_th:2091) INFO: max output length: 81
2018-07-11 13:18:03,410 (e2e_asr_attctc_th:2092) INFO: min output length: 0
2018-07-11 13:18:05,217 (e2e_asr_attctc_th:2199) INFO: end detected at 18
2018-07-11 13:18:05,217 (e2e_asr_attctc_th:2217) INFO: total log probability: -13.28559402
2018-07-11 13:18:05,217 (e2e_asr_attctc_th:2218) INFO: normalized log probability: -1.02196877077
2018-07-11 13:18:05,219 (asr_pytorch:468) INFO: groundtruth[1505-2_spk_1505_2_008858-009182]: B
2018-07-11 13:18:05,219 (asr_pytorch:469) INFO: prediction [1505-2_spk_1505_2_008858-009182]: 健翻咗搵你煲咁你我熱啦<eos>
2018-07-11 13:18:05,226 (e2e_asr_attctc_th:2977) INFO: BLSTMP input lengths: [41]
2018-07-11 13:18:05,296 (e2e_asr_attctc_th:2067) INFO: input lengths: 11
2018-07-11 13:18:05,296 (e2e_asr_attctc_th:2091) INFO: max output length: 11
2018-07-11 13:18:05,296 (e2e_asr_attctc_th:2092) INFO: min output length: 0
2018-07-11 13:18:05,704 (e2e_asr_attctc_th:2199) INFO: end detected at 8
2018-07-11 13:18:05,704 (e2e_asr_attctc_th:2217) INFO: total log probability: -0.196716814244
2018-07-11 13:18:05,704 (e2e_asr_attctc_th:2218) INFO: normalized log probability: -0.0491792035609
2018-07-11 13:18:05,705 (asr_pytorch:468) INFO: groundtruth[4_spk_4_028147-028189]: 俏呈
2018-07-11 13:18:05,705 (asr_pytorch:469) INFO: prediction [4_spk_4_028147-028189]: 係啊<eos>
2018-07-11 13:18:05,712 (e2e_asr_attctc_th:2977) INFO: BLSTMP input lengths: [188]
2018-07-11 13:18:05,950 (e2e_asr_attctc_th:2067) INFO: input lengths: 47
2018-07-11 13:18:05,950 (e2e_asr_attctc_th:2091) INFO: max output length: 47
2018-07-11 13:18:05,951 (e2e_asr_attctc_th:2092) INFO: min output length: 0
2018-07-11 13:18:07,146 (e2e_asr_attctc_th:2199) INFO: end detected at 16
2018-07-11 13:18:07,146 (e2e_asr_attctc_th:2217) INFO: total log probability: -7.08674451709
2018-07-11 13:18:07,146 (e2e_asr_attctc_th:2218) INFO: normalized log probability: -0.787416057454
2018-07-11 13:18:07,147 (asr_pytorch:468) INFO: groundtruth[3_spk_3_054050-054240]: 吔埗啷兒手謬
2018-07-11 13:18:07,147 (asr_pytorch:469) INFO: prediction [3_spk_3_054050-054240]: 同埋呃我啦我去<eos>
2018-07-11 13:18:07,153 (e2e_asr_attctc_th:2977) INFO: BLSTMP input lengths: [83]
2018-07-11 13:18:07,269 (e2e_asr_attctc_th:2067) INFO: input lengths: 21
2018-07-11 13:18:07,269 (e2e_asr_attctc_th:2091) INFO: max output length: 21
2018-07-11 13:18:07,269 (e2e_asr_attctc_th:2092) INFO: min output length: 0
2018-07-11 13:18:07,438 (e2e_asr_attctc_th:2206) INFO: no hypothesis. Finish decoding.
2018-07-11 13:18:07,438 (e2e_asr_attctc_th:2217) INFO: total log probability: -2.55883299559
2018-07-11 13:18:07,438 (e2e_asr_attctc_th:2218) INFO: normalized log probability: -0.639708248898
2018-07-11 13:18:07,438 (asr_pytorch:468) INFO: groundtruth[8_spk_8_034795-034880]: 必呈
2018-07-11 13:18:07,439 (asr_pytorch:469) INFO: prediction [8_spk_8_034795-034880]: 七十<eos>
2018-07-11 13:18:07,445 (e2e_asr_attctc_th:2977) INFO: BLSTMP input lengths: [121]
2018-07-11 13:18:07,598 (e2e_asr_attctc_th:2067) INFO: input lengths: 31
2018-07-11 13:18:07,599 (e2e_asr_attctc_th:2091) INFO: max output length: 31
2018-07-11 13:18:07,599 (e2e_asr_attctc_th:2092) INFO: min output length: 0
2018-07-11 13:18:08,219 (e2e_asr_attctc_th:2206) INFO: no hypothesis. Finish decoding.
2018-07-11 13:18:08,220 (e2e_asr_attctc_th:2217) INFO: total log probability: -2.26786225731
2018-07-11 13:18:08,220 (e2e_asr_attctc_th:2218) INFO: normalized log probability: -0.251984695257
2018-07-11 13:18:08,221 (asr_pytorch:468) INFO: groundtruth[1502-2_spk_1502_2_087570-087693]: B佬耗<unk>供妍俏
2018-07-11 13:18:08,221 (asr_pytorch:469) INFO: prediction [1502-2_spk_1502_2_087570-087693]: 誒你而傢例如係<eos>
2018-07-11 13:18:08,229 (e2e_asr_attctc_th:2977) INFO: BLSTMP input lengths: [147]
2018-07-11 13:18:08,420 (e2e_asr_attctc_th:2067) INFO: input lengths: 37
2018-07-11 13:18:08,420 (e2e_asr_attctc_th:2091) INFO: max output length: 37
2018-07-11 13:18:08,420 (e2e_asr_attctc_th:2092) INFO: min output length: 0
2018-07-11 13:18:09,192 (e2e_asr_attctc_th:2199) INFO: end detected at 13
2018-07-11 13:18:09,192 (e2e_asr_attctc_th:2217) INFO: total log probability: -4.52663880587
2018-07-11 13:18:09,192 (e2e_asr_attctc_th:2218) INFO: normalized log probability: -0.646662686552
2018-07-11 13:18:09,193 (asr_pytorch:468) INFO: groundtruth[1503-2_spk_1503_2_078105-078254]: 哭哭住俏戛愈
2018-07-11 13:18:09,193 (asr_pytorch:469) INFO: prediction [1503-2_spk_1503_2_078105-078254]: 啊哦但係我<eos>
2018-07-11 13:18:09,201 (e2e_asr_attctc_th:2977) INFO: BLSTMP input lengths: [413]
2018-07-11 13:18:09,722 (e2e_asr_attctc_th:2067) INFO: input lengths: 104
2018-07-11 13:18:09,723 (e2e_asr_attctc_th:2091) INFO: max output length: 104
2018-07-11 13:18:09,723 (e2e_asr_attctc_th:2092) INFO: min output length: 0
2018-07-11 13:18:11,027 (e2e_asr_attctc_th:2199) INFO: end detected at 14
2018-07-11 13:18:11,027 (e2e_asr_attctc_th:2217) INFO: total log probability: -13.2953053117
2018-07-11 13:18:11,027 (e2e_asr_attctc_th:2218) INFO: normalized log probability: -1.66191316396
2018-07-11 13:18:11,028 (asr_pytorch:468) INFO: groundtruth[8_spk_8_060685-061100]: 卿俏街街刺戛倔廉手吔倔扉尻臺勞放緣
2018-07-11 13:18:11,028 (asr_pytorch:469) INFO: prediction [8_spk_8_060685-061100]: 拆咗宿捨上身<eos>
2018-07-11 13:18:11,036 (e2e_asr_attctc_th:2977) INFO: BLSTMP input lengths: [357]
2018-07-11 13:18:11,483 (e2e_asr_attctc_th:2067) INFO: input lengths: 90
2018-07-11 13:18:11,483 (e2e_asr_attctc_th:2091) INFO: max output length: 90
2018-07-11 13:18:11,483 (e2e_asr_attctc_th:2092) INFO: min output length: 0
2018-07-11 13:18:14,270 (e2e_asr_attctc_th:2199) INFO: end detected at 27
2018-07-11 13:18:14,271 (e2e_asr_attctc_th:2217) INFO: total log probability: -22.5009262208
2018-07-11 13:18:14,271 (e2e_asr_attctc_th:2218) INFO: normalized log probability: -1.07147267718
2018-07-11 13:18:14,271 (asr_pytorch:468) INFO: groundtruth[12_spk_12_035438-035797]: 10濛鄔由曳喋哭佬司件扚且黒咋尻冗男128
2018-07-11 13:18:14,271 (asr_pytorch:469) INFO: prediction [12_spk_12_035438-035797]: 十一個動物我哋可以打算嚟咁就再有一二二<eos>
2018-07-11 13:18:14,279 (e2e_asr_attctc_th:2977) INFO: BLSTMP input lengths: [392]
2018-07-11 13:18:14,768 (e2e_asr_attctc_th:2067) INFO: input lengths: 98
2018-07-11 13:18:14,768 (e2e_asr_attctc_th:2091) INFO: max output length: 98
2018-07-11 13:18:14,768 (e2e_asr_attctc_th:2092) INFO: min output length: 0
2018-07-11 13:18:18,683 (e2e_asr_attctc_th:2199) INFO: end detected at 35
2018-07-11 13:18:18,683 (e2e_asr_attctc_th:2217) INFO: total log probability: -34.1746808216
2018-07-11 13:18:18,683 (e2e_asr_attctc_th:2218) INFO: normalized log probability: -1.10240905876
2018-07-11 13:18:18,684 (asr_pytorch:468) INFO: groundtruth[9_spk_9_062166-062560]: 吔埗司件幹卿俏幹佬卿晏由施埗咋樺嘍哲倔嗄扔檀旅<unk>嘍且綺努脇
2018-07-11 13:18:18,684 (asr_pytorch:469) INFO: prediction [9_spk_9_062166-062560]: 阿頭可以幫我哋講係啲接咗新賣咁樣俾佢呢個係手機分明上網咁啊<eos>
2018-07-11 13:18:18,692 (e2e_asr_attctc_th:2977) INFO: BLSTMP input lengths: [173]
2018-07-11 13:18:18,916 (e2e_asr_attctc_th:2067) INFO: input lengths: 44
2018-07-11 13:18:18,916 (e2e_asr_attctc_th:2091) INFO: max output length: 44
2018-07-11 13:18:18,916 (e2e_asr_attctc_th:2092) INFO: min output length: 0
2018-07-11 13:18:19,957 (e2e_asr_attctc_th:2199) INFO: end detected at 15
2018-07-11 13:18:19,957 (e2e_asr_attctc_th:2217) INFO: total log probability: -8.0687199384
2018-07-11 13:18:19,957 (e2e_asr_attctc_th:2218) INFO: normalized log probability: -1.0085899923
2018-07-11 13:18:19,958 (asr_pytorch:468) INFO: groundtruth[9_spk_9_026439-026614]: SO咋樺嘍誅呯B
2018-07-11 13:18:19,959 (asr_pytorch:469) INFO: prediction [9_spk_9_026439-026614]: 我嘅咁樣覺得<eos>
2018-07-11 13:18:19,966 (e2e_asr_attctc_th:2977) INFO: BLSTMP input lengths: [153]
2018-07-11 13:18:20,147 (e2e_asr_attctc_th:2067) INFO: input lengths: 39
2018-07-11 13:18:20,148 (e2e_asr_attctc_th:2091) INFO: max output length: 39
2018-07-11 13:18:20,148 (e2e_asr_attctc_th:2092) INFO: min output length: 0
2018-07-11 13:18:20,702 (e2e_asr_attctc_th:2199) INFO: end detected at 9
2018-07-11 13:18:20,703 (e2e_asr_attctc_th:2217) INFO: total log probability: -0.242509325966
2018-07-11 13:18:20,703 (e2e_asr_attctc_th:2218) INFO: normalized log probability: -0.0485018651932
2018-07-11 13:18:20,704 (asr_pytorch:468) INFO: groundtruth[9_spk_9_011600-011755]: B冀寫
2018-07-11 13:18:20,704 (asr_pytorch:469) INFO: prediction [9_spk_9_011600-011755]: 誒其實<eos>
# Accounting: time=308 threads=1
# Ended (code 0) at Wed Jul 11 13:18:20 HKT 2018, elapsed time 308 seconds
# Accounting: time=483 threads=1
# Ended (code 0) at Wed Jul 11 13:19:52 HKT 2018, elapsed time 483 seconds
