# asr_recog.py --ngpu 0 --backend pytorch --recog-json smartone_data/smartone_kaldi/split32utt/data.8.json --result-label smartone_data/baseline/decode/data.8.json --model smartone_data/baseline/model.acc.best --model-conf smartone_data/baseline/model.conf --beam-size 20 --penalty 0.0 --maxlenratio 0.0 --minlenratio 0.0 --ctc-weight 0.3 
# Started at Wed Jul 11 13:13:12 HKT 2018
#
2018-07-11 13:13:12,973 (asr_recog:110) INFO: python path = /home/lahiru/Devinstalls/espnet_new/espnet/egs/domain_adaptation_cantonese/asr5/../../../src/lm/:/home/lahiru/Devinstalls/espnet_new/espnet/egs/domain_adaptation_cantonese/asr5/../../../src/asr/:/home/lahiru/Devinstalls/espnet_new/espnet/egs/domain_adaptation_cantonese/asr5/../../../src/nets/:/home/lahiru/Devinstalls/espnet_new/espnet/egs/domain_adaptation_cantonese/asr5/../../../src/utils/:/home/lahiru/Devinstalls/espnet_new/espnet/egs/domain_adaptation_cantonese/asr5/../../../src/bin/:/home/lahiru/Devinstalls/espnet_new/espnet/egs/domain_adaptation_cantonese/asr5/../../../src/lm/:/home/lahiru/Devinstalls/espnet_new/espnet/egs/domain_adaptation_cantonese/asr5/../../../src/asr/:/home/lahiru/Devinstalls/espnet_new/espnet/egs/domain_adaptation_cantonese/asr5/../../../src/nets/:/home/lahiru/Devinstalls/espnet_new/espnet/egs/domain_adaptation_cantonese/asr5/../../../src/utils/:/home/lahiru/Devinstalls/espnet_new/espnet/egs/domain_adaptation_cantonese/asr5/../../../src/bin/:
2018-07-11 13:13:12,973 (asr_recog:115) INFO: set random seed = 1
2018-07-11 13:13:12,973 (asr_recog:118) INFO: backend = pytorch
2018-07-11 13:13:13,518 (asr_pytorch:393) INFO: reading a model config file fromsmartone_data/baseline/model.conf
2018-07-11 13:13:13,538 (asr_pytorch:397) INFO: ARGS: backend: pytorch
2018-07-11 13:13:13,538 (asr_pytorch:397) INFO: ARGS: beam_size: 20
2018-07-11 13:13:13,538 (asr_pytorch:397) INFO: ARGS: ctc_weight: 0.3
2018-07-11 13:13:13,538 (asr_pytorch:397) INFO: ARGS: da: 0
2018-07-11 13:13:13,538 (asr_pytorch:397) INFO: ARGS: daconfig: 3
2018-07-11 13:13:13,538 (asr_pytorch:397) INFO: ARGS: datype: bias
2018-07-11 13:13:13,538 (asr_pytorch:397) INFO: ARGS: debugmode: 1
2018-07-11 13:13:13,538 (asr_pytorch:397) INFO: ARGS: gpu: None
2018-07-11 13:13:13,538 (asr_pytorch:397) INFO: ARGS: lm_weight: 0.1
2018-07-11 13:13:13,538 (asr_pytorch:397) INFO: ARGS: maxlenratio: 0.0
2018-07-11 13:13:13,538 (asr_pytorch:397) INFO: ARGS: minlenratio: 0.0
2018-07-11 13:13:13,538 (asr_pytorch:397) INFO: ARGS: model: smartone_data/baseline/model.acc.best
2018-07-11 13:13:13,538 (asr_pytorch:397) INFO: ARGS: model_conf: smartone_data/baseline/model.conf
2018-07-11 13:13:13,538 (asr_pytorch:397) INFO: ARGS: nbest: 1
2018-07-11 13:13:13,538 (asr_pytorch:397) INFO: ARGS: ngpu: 0
2018-07-11 13:13:13,538 (asr_pytorch:397) INFO: ARGS: penalty: 0.0
2018-07-11 13:13:13,538 (asr_pytorch:397) INFO: ARGS: recog_feat: None
2018-07-11 13:13:13,538 (asr_pytorch:397) INFO: ARGS: recog_json: smartone_data/smartone_kaldi/split32utt/data.8.json
2018-07-11 13:13:13,539 (asr_pytorch:397) INFO: ARGS: recog_label: None
2018-07-11 13:13:13,539 (asr_pytorch:397) INFO: ARGS: result_label: smartone_data/baseline/decode/data.8.json
2018-07-11 13:13:13,539 (asr_pytorch:397) INFO: ARGS: rnnlm: None
2018-07-11 13:13:13,539 (asr_pytorch:397) INFO: ARGS: seed: 1
2018-07-11 13:13:13,539 (asr_pytorch:397) INFO: ARGS: verbose: 1
2018-07-11 13:13:13,539 (asr_pytorch:397) INFO: ARGS: word_dict: None
2018-07-11 13:13:13,539 (asr_pytorch:397) INFO: ARGS: word_rnnlm: None
2018-07-11 13:13:13,539 (asr_pytorch:400) INFO: reading model parameters fromsmartone_data/baseline/model.acc.best
2018-07-11 13:13:13,539 (e2e_asr_attctc_th:184) INFO: subsample: 1 2 2 1 1
2018-07-11 13:13:13,623 (e2e_asr_attctc_th:2317) INFO: BLSTM with every-layer projection for encoder
2018-07-11 13:13:15,845 (e2e_asr_attctc_th:2977) INFO: BLSTMP input lengths: [556]
2018-07-11 13:13:17,016 (e2e_asr_attctc_th:2067) INFO: input lengths: 139
2018-07-11 13:13:17,017 (e2e_asr_attctc_th:2091) INFO: max output length: 139
2018-07-11 13:13:17,017 (e2e_asr_attctc_th:2092) INFO: min output length: 0
2018-07-11 13:13:20,930 (e2e_asr_attctc_th:2206) INFO: no hypothesis. Finish decoding.
2018-07-11 13:13:20,930 (e2e_asr_attctc_th:2217) INFO: total log probability: -15.6995787304
2018-07-11 13:13:20,930 (e2e_asr_attctc_th:2218) INFO: normalized log probability: -0.654149113766
2018-07-11 13:13:20,931 (asr_pytorch:468) INFO: groundtruth[4_spk_4_061875-062433]: 佰然誅咯咯咯換享喔割俏朕倔誇惕見佬卌紡咒喔
2018-07-11 13:13:20,931 (asr_pytorch:469) INFO: prediction [4_spk_4_061875-062433]: 佢冇咪啊咩咩咩咪交噶喎定係一個場要你升級嘅喎<eos>
2018-07-11 13:13:20,947 (e2e_asr_attctc_th:2977) INFO: BLSTMP input lengths: [198]
2018-07-11 13:13:21,357 (e2e_asr_attctc_th:2067) INFO: input lengths: 50
2018-07-11 13:13:21,357 (e2e_asr_attctc_th:2091) INFO: max output length: 50
2018-07-11 13:13:21,357 (e2e_asr_attctc_th:2092) INFO: min output length: 0
2018-07-11 13:13:22,829 (e2e_asr_attctc_th:2206) INFO: no hypothesis. Finish decoding.
2018-07-11 13:13:22,829 (e2e_asr_attctc_th:2217) INFO: total log probability: -2.85611531831
2018-07-11 13:13:22,829 (e2e_asr_attctc_th:2218) INFO: normalized log probability: -0.238009609859
2018-07-11 13:13:22,830 (asr_pytorch:468) INFO: groundtruth[1505-1_spk_1505_1_027010-027210]: 冀寫佰服<unk>琉三啼旁緣
2018-07-11 13:13:22,830 (asr_pytorch:469) INFO: prediction [1505-1_spk_1505_1_027010-027210]: 其實佢會齣完一啲轉先<eos>
2018-07-11 13:13:22,846 (e2e_asr_attctc_th:2977) INFO: BLSTMP input lengths: [153]
2018-07-11 13:13:23,157 (e2e_asr_attctc_th:2067) INFO: input lengths: 39
2018-07-11 13:13:23,158 (e2e_asr_attctc_th:2091) INFO: max output length: 39
2018-07-11 13:13:23,158 (e2e_asr_attctc_th:2092) INFO: min output length: 0
2018-07-11 13:13:24,233 (e2e_asr_attctc_th:2206) INFO: no hypothesis. Finish decoding.
2018-07-11 13:13:24,233 (e2e_asr_attctc_th:2217) INFO: total log probability: -3.93713939004
2018-07-11 13:13:24,233 (e2e_asr_attctc_th:2218) INFO: normalized log probability: -0.393713939004
2018-07-11 13:13:24,234 (asr_pytorch:468) INFO: groundtruth[4_spk_4_076130-076285]: 仿朕咯唪昕呈啞仇啯
2018-07-11 13:13:24,234 (asr_pytorch:469) INFO: prediction [4_spk_4_076130-076285]: 仲有咩明啊問人啦<eos>
2018-07-11 13:13:24,250 (e2e_asr_attctc_th:2977) INFO: BLSTMP input lengths: [112]
2018-07-11 13:13:24,502 (e2e_asr_attctc_th:2067) INFO: input lengths: 28
2018-07-11 13:13:24,502 (e2e_asr_attctc_th:2091) INFO: max output length: 28
2018-07-11 13:13:24,502 (e2e_asr_attctc_th:2092) INFO: min output length: 0
2018-07-11 13:13:25,557 (e2e_asr_attctc_th:2199) INFO: end detected at 12
2018-07-11 13:13:25,558 (e2e_asr_attctc_th:2217) INFO: total log probability: -1.21525149792
2018-07-11 13:13:25,558 (e2e_asr_attctc_th:2218) INFO: normalized log probability: -0.151906437241
2018-07-11 13:13:25,559 (asr_pytorch:468) INFO: groundtruth[1501-1_spk_1501_1_089512-089626]: SO冏啞顔嘍
2018-07-11 13:13:25,559 (asr_pytorch:469) INFO: prediction [1501-1_spk_1501_1_089512-089626]: 屋企冇問題噶<eos>
2018-07-11 13:13:25,568 (e2e_asr_attctc_th:2977) INFO: BLSTMP input lengths: [385]
2018-07-11 13:13:26,064 (e2e_asr_attctc_th:2067) INFO: input lengths: 97
2018-07-11 13:13:26,064 (e2e_asr_attctc_th:2091) INFO: max output length: 97
2018-07-11 13:13:26,064 (e2e_asr_attctc_th:2092) INFO: min output length: 0
2018-07-11 13:13:30,906 (e2e_asr_attctc_th:2199) INFO: end detected at 33
2018-07-11 13:13:30,907 (e2e_asr_attctc_th:2217) INFO: total log probability: -18.5623418866
2018-07-11 13:13:30,907 (e2e_asr_attctc_th:2218) INFO: normalized log probability: -0.687494143947
2018-07-11 13:13:30,908 (asr_pytorch:468) INFO: groundtruth[9_spk_9_050550-050937]: 佰尻誅EHHZTRGSRJMKYVEXMSR咋樺樺
2018-07-11 13:13:30,909 (asr_pytorch:469) INFO: prediction [9_spk_9_050550-050937]: 佢佢就話AVPNCONFITGRATION又係係冇<eos>
2018-07-11 13:13:30,926 (e2e_asr_attctc_th:2977) INFO: BLSTMP input lengths: [466]
2018-07-11 13:13:31,941 (e2e_asr_attctc_th:2067) INFO: input lengths: 117
2018-07-11 13:13:31,941 (e2e_asr_attctc_th:2091) INFO: max output length: 117
2018-07-11 13:13:31,942 (e2e_asr_attctc_th:2092) INFO: min output length: 0
2018-07-11 13:13:38,026 (e2e_asr_attctc_th:2199) INFO: end detected at 33
2018-07-11 13:13:38,027 (e2e_asr_attctc_th:2217) INFO: total log probability: -28.4830517359
2018-07-11 13:13:38,027 (e2e_asr_attctc_th:2218) INFO: normalized log probability: -1.01725184771
2018-07-11 13:13:38,029 (asr_pytorch:468) INFO: groundtruth[8_spk_8_055612-056079]: 俏佬妊見佬耳忐筐侸嗺戛哲庵妍枱睛畸呯乸必朦邸陋必燴樟倔刺呯咋
2018-07-11 13:13:38,029 (asr_pytorch:469) INFO: prediction [8_spk_8_055612-056079]: 係上但等十冷先到如果係而傢真係古龍北浪村肥嘅嗰度就咁<eos>
2018-07-11 13:13:38,044 (e2e_asr_attctc_th:2977) INFO: BLSTMP input lengths: [119]
2018-07-11 13:13:38,336 (e2e_asr_attctc_th:2067) INFO: input lengths: 30
2018-07-11 13:13:38,337 (e2e_asr_attctc_th:2091) INFO: max output length: 30
2018-07-11 13:13:38,337 (e2e_asr_attctc_th:2092) INFO: min output length: 0
2018-07-11 13:13:39,813 (e2e_asr_attctc_th:2199) INFO: end detected at 15
2018-07-11 13:13:39,814 (e2e_asr_attctc_th:2217) INFO: total log probability: -4.77713792375
2018-07-11 13:13:39,814 (e2e_asr_attctc_th:2218) INFO: normalized log probability: -0.434285265796
2018-07-11 13:13:39,815 (asr_pytorch:468) INFO: groundtruth[4_spk_4_009707-009828]: B邕倔霆誅諛啞佬俏
2018-07-11 13:13:39,815 (asr_pytorch:469) INFO: prediction [4_spk_4_009707-009828]: 誒邊個電話問我哋係<eos>
2018-07-11 13:13:39,830 (e2e_asr_attctc_th:2977) INFO: BLSTMP input lengths: [58]
2018-07-11 13:13:39,973 (e2e_asr_attctc_th:2067) INFO: input lengths: 15
2018-07-11 13:13:39,973 (e2e_asr_attctc_th:2091) INFO: max output length: 15
2018-07-11 13:13:39,973 (e2e_asr_attctc_th:2092) INFO: min output length: 0
2018-07-11 13:13:40,630 (e2e_asr_attctc_th:2199) INFO: end detected at 10
2018-07-11 13:13:40,631 (e2e_asr_attctc_th:2217) INFO: total log probability: -3.75318789482
2018-07-11 13:13:40,631 (e2e_asr_attctc_th:2218) INFO: normalized log probability: -0.938296973705
2018-07-11 13:13:40,632 (asr_pytorch:468) INFO: groundtruth[9_spk_9_016269-016330]: 俏唪津宭氯
2018-07-11 13:13:40,632 (asr_pytorch:469) INFO: prediction [9_spk_9_016269-016330]: 唔得<eos>
2018-07-11 13:13:40,650 (e2e_asr_attctc_th:2977) INFO: BLSTMP input lengths: [410]
2018-07-11 13:13:41,606 (e2e_asr_attctc_th:2067) INFO: input lengths: 103
2018-07-11 13:13:41,607 (e2e_asr_attctc_th:2091) INFO: max output length: 103
2018-07-11 13:13:41,607 (e2e_asr_attctc_th:2092) INFO: min output length: 0
2018-07-11 13:13:45,394 (e2e_asr_attctc_th:2206) INFO: no hypothesis. Finish decoding.
2018-07-11 13:13:45,395 (e2e_asr_attctc_th:2217) INFO: total log probability: -13.7905546995
2018-07-11 13:13:45,395 (e2e_asr_attctc_th:2218) INFO: normalized log probability: -0.55162218798
2018-07-11 13:13:45,395 (asr_pytorch:468) INFO: groundtruth[3_spk_3_026885-027297]: 咋戛員司件然梯企幹佬口涫畸佬耗<unk>哲倔兵KF嘍望募
2018-07-11 13:13:45,395 (asr_pytorch:469) INFO: prediction [3_spk_3_026885-027297]: 咁我哋可以無聊件方你除燒翻你依傢呢個六級就服貓<eos>
2018-07-11 13:13:45,405 (e2e_asr_attctc_th:2977) INFO: BLSTMP input lengths: [198]
2018-07-11 13:13:45,665 (e2e_asr_attctc_th:2067) INFO: input lengths: 50
2018-07-11 13:13:45,666 (e2e_asr_attctc_th:2091) INFO: max output length: 50
2018-07-11 13:13:45,666 (e2e_asr_attctc_th:2092) INFO: min output length: 0
2018-07-11 13:13:46,950 (e2e_asr_attctc_th:2206) INFO: no hypothesis. Finish decoding.
2018-07-11 13:13:46,950 (e2e_asr_attctc_th:2217) INFO: total log probability: -11.5115874708
2018-07-11 13:13:46,950 (e2e_asr_attctc_th:2218) INFO: normalized log probability: -0.767439164718
2018-07-11 13:13:46,951 (asr_pytorch:468) INFO: groundtruth[12_spk_12_010073-010273]: 侈由嘍賒溟嘍誅尻服裁諒劣咵
2018-07-11 13:13:46,951 (asr_pytorch:469) INFO: prediction [12_spk_12_010073-010273]: 擺用嘅資源嘅話就會俾條帶咗<eos>
2018-07-11 13:13:46,960 (e2e_asr_attctc_th:2977) INFO: BLSTMP input lengths: [330]
2018-07-11 13:13:47,375 (e2e_asr_attctc_th:2067) INFO: input lengths: 83
2018-07-11 13:13:47,376 (e2e_asr_attctc_th:2091) INFO: max output length: 83
2018-07-11 13:13:47,376 (e2e_asr_attctc_th:2092) INFO: min output length: 0
2018-07-11 13:13:50,048 (e2e_asr_attctc_th:2206) INFO: no hypothesis. Finish decoding.
2018-07-11 13:13:50,048 (e2e_asr_attctc_th:2217) INFO: total log probability: -16.7506856346
2018-07-11 13:13:50,048 (e2e_asr_attctc_th:2218) INFO: normalized log probability: -0.697945234773
2018-07-11 13:13:50,049 (asr_pytorch:468) INFO: groundtruth[1505-1_spk_1505_1_091402-091734]: 手件尻唪津尖姚佬叄吔IVGWP嗷邕側享掩柎啯
2018-07-11 13:13:50,049 (asr_pytorch:469) INFO: prediction [1505-1_spk_1505_1_091402-091734]: 即係就唔使小小你去同誒即係之後嗰啲做交資噶啦<eos>
2018-07-11 13:13:50,064 (e2e_asr_attctc_th:2977) INFO: BLSTMP input lengths: [106]
2018-07-11 13:13:50,291 (e2e_asr_attctc_th:2067) INFO: input lengths: 27
2018-07-11 13:13:50,291 (e2e_asr_attctc_th:2091) INFO: max output length: 27
2018-07-11 13:13:50,291 (e2e_asr_attctc_th:2092) INFO: min output length: 0
2018-07-11 13:13:51,114 (e2e_asr_attctc_th:2206) INFO: no hypothesis. Finish decoding.
2018-07-11 13:13:51,114 (e2e_asr_attctc_th:2217) INFO: total log probability: -8.62726597488
2018-07-11 13:13:51,114 (e2e_asr_attctc_th:2218) INFO: normalized log probability: -0.95858510832
2018-07-11 13:13:51,115 (asr_pytorch:468) INFO: groundtruth[3_spk_3_059927-060035]: 卿俏哲倔俏佬
2018-07-11 13:13:51,115 (asr_pytorch:469) INFO: prediction [3_spk_3_059927-060035]: 跟啲講邊兩年啊<eos>
2018-07-11 13:13:51,134 (e2e_asr_attctc_th:2977) INFO: BLSTMP input lengths: [352]
2018-07-11 13:13:51,725 (e2e_asr_attctc_th:2067) INFO: input lengths: 88
2018-07-11 13:13:51,725 (e2e_asr_attctc_th:2091) INFO: max output length: 88
2018-07-11 13:13:51,725 (e2e_asr_attctc_th:2092) INFO: min output length: 0
2018-07-11 13:13:56,718 (e2e_asr_attctc_th:2199) INFO: end detected at 36
2018-07-11 13:13:56,719 (e2e_asr_attctc_th:2217) INFO: total log probability: -27.9422626179
2018-07-11 13:13:56,719 (e2e_asr_attctc_th:2218) INFO: normalized log probability: -0.931408753929
2018-07-11 13:13:56,720 (asr_pytorch:468) INFO: groundtruth[1503-1_spk_1503_1_098130-098484]: 戛三陳閙呯尻服WIRH倔VIGSVH嗷倔WQW石訒毯佬旨
2018-07-11 13:13:56,720 (asr_pytorch:469) INFO: prediction [1503-1_spk_1503_1_098130-098484]: 我一陣間呢佢會SEND過即係我嗰個SIDAS自己齣嚟你噶<eos>
2018-07-11 13:13:56,736 (e2e_asr_attctc_th:2977) INFO: BLSTMP input lengths: [84]
2018-07-11 13:13:56,928 (e2e_asr_attctc_th:2067) INFO: input lengths: 21
2018-07-11 13:13:56,929 (e2e_asr_attctc_th:2091) INFO: max output length: 21
2018-07-11 13:13:56,929 (e2e_asr_attctc_th:2092) INFO: min output length: 0
2018-07-11 13:13:57,934 (e2e_asr_attctc_th:2199) INFO: end detected at 13
2018-07-11 13:13:57,935 (e2e_asr_attctc_th:2217) INFO: total log probability: -0.520024859346
2018-07-11 13:13:57,935 (e2e_asr_attctc_th:2218) INFO: normalized log probability: -0.0866708098911
2018-07-11 13:13:57,936 (asr_pytorch:468) INFO: groundtruth[1502-2_spk_1502_2_021632-021718]: 嗶嗶嗶嗶
2018-07-11 13:13:57,936 (asr_pytorch:469) INFO: prediction [1502-2_spk_1502_2_021632-021718]: 嗯嗯嗯嗯<eos>
2018-07-11 13:13:57,952 (e2e_asr_attctc_th:2977) INFO: BLSTMP input lengths: [310]
2018-07-11 13:13:58,607 (e2e_asr_attctc_th:2067) INFO: input lengths: 78
2018-07-11 13:13:58,607 (e2e_asr_attctc_th:2091) INFO: max output length: 78
2018-07-11 13:13:58,607 (e2e_asr_attctc_th:2092) INFO: min output length: 0
2018-07-11 13:14:01,883 (e2e_asr_attctc_th:2199) INFO: end detected at 24
2018-07-11 13:14:01,883 (e2e_asr_attctc_th:2217) INFO: total log probability: -19.4193856828
2018-07-11 13:14:01,883 (e2e_asr_attctc_th:2218) INFO: normalized log probability: -1.02207293067
2018-07-11 13:14:01,884 (asr_pytorch:468) INFO: groundtruth[12_spk_12_043413-043725]: 卿俏朕陳晏叄旣街喋佬址咱服朕啼_M
2018-07-11 13:14:01,884 (asr_pytorch:469) INFO: prediction [12_spk_12_043413-043725]: 即係人先去旅行啦你定你又去人去WH<eos>
2018-07-11 13:14:01,894 (e2e_asr_attctc_th:2977) INFO: BLSTMP input lengths: [455]
2018-07-11 13:14:02,529 (e2e_asr_attctc_th:2067) INFO: input lengths: 114
2018-07-11 13:14:02,530 (e2e_asr_attctc_th:2091) INFO: max output length: 114
2018-07-11 13:14:02,530 (e2e_asr_attctc_th:2092) INFO: min output length: 0
2018-07-11 13:14:05,955 (e2e_asr_attctc_th:2206) INFO: no hypothesis. Finish decoding.
2018-07-11 13:14:05,955 (e2e_asr_attctc_th:2217) INFO: total log probability: -15.6139046671
2018-07-11 13:14:05,955 (e2e_asr_attctc_th:2218) INFO: normalized log probability: -0.557639452396
2018-07-11 13:14:05,955 (asr_pytorch:468) INFO: groundtruth[1505-1_spk_1505_1_072905-073362]: 尻俏B寫扚寫囖6KF尻俏6KF囖由宙6KF乒得尻司件誅邀操
2018-07-11 13:14:05,956 (asr_pytorch:469) INFO: prediction [1505-1_spk_1505_1_072905-073362]: 就係誒實打實咯六激就係六擊咯仲要六激之後仲可以話選擇<eos>
2018-07-11 13:14:05,965 (e2e_asr_attctc_th:2977) INFO: BLSTMP input lengths: [319]
2018-07-11 13:14:06,363 (e2e_asr_attctc_th:2067) INFO: input lengths: 80
2018-07-11 13:14:06,363 (e2e_asr_attctc_th:2091) INFO: max output length: 80
2018-07-11 13:14:06,364 (e2e_asr_attctc_th:2092) INFO: min output length: 0
2018-07-11 13:14:08,423 (e2e_asr_attctc_th:2199) INFO: end detected at 22
2018-07-11 13:14:08,423 (e2e_asr_attctc_th:2217) INFO: total log probability: -15.1829034016
2018-07-11 13:14:08,423 (e2e_asr_attctc_th:2218) INFO: normalized log probability: -0.893111964797
2018-07-11 13:14:08,424 (asr_pytorch:468) INFO: groundtruth[12_spk_12_048937-049258]: 嗷倔嘍誅省少黒謬服空宣嘍鄔
2018-07-11 13:14:08,424 (asr_pytorch:469) INFO: prediction [12_spk_12_048937-049258]: 我就叫佢話山相就嚟講會穩定嘅豆<eos>
2018-07-11 13:14:08,432 (e2e_asr_attctc_th:2977) INFO: BLSTMP input lengths: [198]
2018-07-11 13:14:08,693 (e2e_asr_attctc_th:2067) INFO: input lengths: 50
2018-07-11 13:14:08,694 (e2e_asr_attctc_th:2091) INFO: max output length: 50
2018-07-11 13:14:08,694 (e2e_asr_attctc_th:2092) INFO: min output length: 0
2018-07-11 13:14:10,184 (e2e_asr_attctc_th:2199) INFO: end detected at 19
2018-07-11 13:14:10,184 (e2e_asr_attctc_th:2217) INFO: total log probability: -10.9779092669
2018-07-11 13:14:10,184 (e2e_asr_attctc_th:2218) INFO: normalized log probability: -0.784136376211
2018-07-11 13:14:10,185 (asr_pytorch:468) INFO: groundtruth[1503-1_spk_1503_1_035954-036154]: 咋戛址啯倔HEXE服偵差乒得
2018-07-11 13:14:10,185 (asr_pytorch:469) INFO: prediction [1503-1_spk_1503_1_035954-036154]: 咁我哋啦個比較會成咗之後<eos>
2018-07-11 13:14:10,194 (e2e_asr_attctc_th:2977) INFO: BLSTMP input lengths: [160]
2018-07-11 13:14:10,409 (e2e_asr_attctc_th:2067) INFO: input lengths: 40
2018-07-11 13:14:10,409 (e2e_asr_attctc_th:2091) INFO: max output length: 40
2018-07-11 13:14:10,409 (e2e_asr_attctc_th:2092) INFO: min output length: 0
2018-07-11 13:14:11,212 (e2e_asr_attctc_th:2199) INFO: end detected at 13
2018-07-11 13:14:11,213 (e2e_asr_attctc_th:2217) INFO: total log probability: -5.31687152386
2018-07-11 13:14:11,213 (e2e_asr_attctc_th:2218) INFO: normalized log probability: -0.886145253976
2018-07-11 13:14:11,213 (asr_pytorch:468) INFO: groundtruth[1504-1_spk_1504_1_102360-102522]: SOSO
2018-07-11 13:14:11,214 (asr_pytorch:469) INFO: prediction [1504-1_spk_1504_1_102360-102522]: 唔係OK<eos>
2018-07-11 13:14:11,222 (e2e_asr_attctc_th:2977) INFO: BLSTMP input lengths: [68]
2018-07-11 13:14:11,349 (e2e_asr_attctc_th:2067) INFO: input lengths: 17
2018-07-11 13:14:11,349 (e2e_asr_attctc_th:2091) INFO: max output length: 17
2018-07-11 13:14:11,349 (e2e_asr_attctc_th:2092) INFO: min output length: 0
2018-07-11 13:14:11,720 (e2e_asr_attctc_th:2199) INFO: end detected at 8
2018-07-11 13:14:11,721 (e2e_asr_attctc_th:2217) INFO: total log probability: -0.0884099515388
2018-07-11 13:14:11,721 (e2e_asr_attctc_th:2218) INFO: normalized log probability: -0.0221024878847
2018-07-11 13:14:11,721 (asr_pytorch:468) INFO: groundtruth[1505-2_spk_1505_2_061574-061644]: 然院
2018-07-11 13:14:11,722 (asr_pytorch:469) INFO: prediction [1505-2_spk_1505_2_061574-061644]: 冇啊<eos>
2018-07-11 13:14:11,730 (e2e_asr_attctc_th:2977) INFO: BLSTMP input lengths: [50]
2018-07-11 13:14:11,827 (e2e_asr_attctc_th:2067) INFO: input lengths: 13
2018-07-11 13:14:11,827 (e2e_asr_attctc_th:2091) INFO: max output length: 13
2018-07-11 13:14:11,827 (e2e_asr_attctc_th:2092) INFO: min output length: 0
2018-07-11 13:14:12,268 (e2e_asr_attctc_th:2199) INFO: end detected at 10
2018-07-11 13:14:12,268 (e2e_asr_attctc_th:2217) INFO: total log probability: -2.37789037824
2018-07-11 13:14:12,268 (e2e_asr_attctc_th:2218) INFO: normalized log probability: -0.475578075647
2018-07-11 13:14:12,269 (asr_pytorch:468) INFO: groundtruth[3_spk_3_056035-056087]: 嗶
2018-07-11 13:14:12,270 (asr_pytorch:469) INFO: prediction [3_spk_3_056035-056087]: 即係如<eos>
2018-07-11 13:14:12,282 (e2e_asr_attctc_th:2977) INFO: BLSTMP input lengths: [38]
2018-07-11 13:14:12,394 (e2e_asr_attctc_th:2067) INFO: input lengths: 10
2018-07-11 13:14:12,394 (e2e_asr_attctc_th:2091) INFO: max output length: 10
2018-07-11 13:14:12,394 (e2e_asr_attctc_th:2092) INFO: min output length: 0
2018-07-11 13:14:12,696 (e2e_asr_attctc_th:2199) INFO: end detected at 7
2018-07-11 13:14:12,697 (e2e_asr_attctc_th:2217) INFO: total log probability: -0.0145950913429
2018-07-11 13:14:12,697 (e2e_asr_attctc_th:2218) INFO: normalized log probability: -0.00486503044764
2018-07-11 13:14:12,697 (asr_pytorch:468) INFO: groundtruth[1502-1_spk_1502_1_004442-004482]: 嗶
2018-07-11 13:14:12,698 (asr_pytorch:469) INFO: prediction [1502-1_spk_1502_1_004442-004482]: 嗯<eos>
2018-07-11 13:14:12,707 (e2e_asr_attctc_th:2977) INFO: BLSTMP input lengths: [223]
2018-07-11 13:14:13,015 (e2e_asr_attctc_th:2067) INFO: input lengths: 56
2018-07-11 13:14:13,015 (e2e_asr_attctc_th:2091) INFO: max output length: 56
2018-07-11 13:14:13,015 (e2e_asr_attctc_th:2092) INFO: min output length: 0
2018-07-11 13:14:14,456 (e2e_asr_attctc_th:2199) INFO: end detected at 18
2018-07-11 13:14:14,456 (e2e_asr_attctc_th:2217) INFO: total log probability: -1.89091976639
2018-07-11 13:14:14,456 (e2e_asr_attctc_th:2218) INFO: normalized log probability: -0.145455366645
2018-07-11 13:14:14,457 (asr_pytorch:468) INFO: groundtruth[1502-2_spk_1502_2_050251-050476]: 咋住俏戛員尻帖朧側迫妊倔
2018-07-11 13:14:14,457 (asr_pytorch:469) INFO: prediction [1502-2_spk_1502_2_050251-050476]: 咁但係我哋希望做翻好學<eos>
2018-07-11 13:14:14,466 (e2e_asr_attctc_th:2977) INFO: BLSTMP input lengths: [217]
2018-07-11 13:14:14,760 (e2e_asr_attctc_th:2067) INFO: input lengths: 55
2018-07-11 13:14:14,761 (e2e_asr_attctc_th:2091) INFO: max output length: 55
2018-07-11 13:14:14,761 (e2e_asr_attctc_th:2092) INFO: min output length: 0
2018-07-11 13:14:15,862 (e2e_asr_attctc_th:2206) INFO: no hypothesis. Finish decoding.
2018-07-11 13:14:15,862 (e2e_asr_attctc_th:2217) INFO: total log probability: -12.1335007893
2018-07-11 13:14:15,862 (e2e_asr_attctc_th:2218) INFO: normalized log probability: -0.933346214561
2018-07-11 13:14:15,863 (asr_pytorch:468) INFO: groundtruth[1504-2_spk_1504_2_082298-082517]: 戛嗷郷檀俏MTLSRI黒柎咒
2018-07-11 13:14:15,863 (asr_pytorch:469) INFO: prediction [1504-2_spk_1504_2_082298-082517]: 我嗰度啊定係歐鼕嚟嘢噶<eos>
2018-07-11 13:14:15,872 (e2e_asr_attctc_th:2977) INFO: BLSTMP input lengths: [218]
2018-07-11 13:14:16,168 (e2e_asr_attctc_th:2067) INFO: input lengths: 55
2018-07-11 13:14:16,168 (e2e_asr_attctc_th:2091) INFO: max output length: 55
2018-07-11 13:14:16,168 (e2e_asr_attctc_th:2092) INFO: min output length: 0
2018-07-11 13:14:17,648 (e2e_asr_attctc_th:2206) INFO: no hypothesis. Finish decoding.
2018-07-11 13:14:17,649 (e2e_asr_attctc_th:2217) INFO: total log probability: -9.66008845158
2018-07-11 13:14:17,649 (e2e_asr_attctc_th:2218) INFO: normalized log probability: -0.568240497152
2018-07-11 13:14:17,649 (asr_pytorch:468) INFO: groundtruth[1503-1_spk_1503_1_031032-031252]: 哭妍枱佬見由旨晏倣呯佰唪服速矮差佬
2018-07-11 13:14:17,649 (asr_pytorch:469) INFO: prediction [1503-1_spk_1503_1_031032-031252]: 哦如果你要做嘅時候呢個普通知你<eos>
2018-07-11 13:14:17,659 (e2e_asr_attctc_th:2977) INFO: BLSTMP input lengths: [303]
2018-07-11 13:14:18,068 (e2e_asr_attctc_th:2067) INFO: input lengths: 76
2018-07-11 13:14:18,068 (e2e_asr_attctc_th:2091) INFO: max output length: 76
2018-07-11 13:14:18,069 (e2e_asr_attctc_th:2092) INFO: min output length: 0
2018-07-11 13:14:19,879 (e2e_asr_attctc_th:2199) INFO: end detected at 19
2018-07-11 13:14:19,879 (e2e_asr_attctc_th:2217) INFO: total log probability: -17.5664577354
2018-07-11 13:14:19,879 (e2e_asr_attctc_th:2218) INFO: normalized log probability: -1.2547469811
2018-07-11 13:14:19,880 (asr_pytorch:468) INFO: groundtruth[8_spk_8_019135-019440]: 咋尻咯鄔放唪刺逸扚霆誅鄔詭道扚唪刺嘍
2018-07-11 13:14:19,880 (asr_pytorch:469) INFO: prediction [8_spk_8_019135-019440]: 一次先雖七二生意我唔好啊<eos>
2018-07-11 13:14:19,889 (e2e_asr_attctc_th:2977) INFO: BLSTMP input lengths: [171]
2018-07-11 13:14:20,116 (e2e_asr_attctc_th:2067) INFO: input lengths: 43
2018-07-11 13:14:20,116 (e2e_asr_attctc_th:2091) INFO: max output length: 43
2018-07-11 13:14:20,117 (e2e_asr_attctc_th:2092) INFO: min output length: 0
2018-07-11 13:14:21,077 (e2e_asr_attctc_th:2199) INFO: end detected at 14
2018-07-11 13:14:21,077 (e2e_asr_attctc_th:2217) INFO: total log probability: -7.83092939854
2018-07-11 13:14:21,077 (e2e_asr_attctc_th:2218) INFO: normalized log probability: -0.870103266504
2018-07-11 13:14:21,078 (asr_pytorch:468) INFO: groundtruth[9_spk_9_032382-032555]: 咋樺嘍誅呯覢刺
2018-07-11 13:14:21,078 (asr_pytorch:469) INFO: prediction [9_spk_9_032382-032555]: 咁唔使又唔搵我<eos>
2018-07-11 13:14:21,087 (e2e_asr_attctc_th:2977) INFO: BLSTMP input lengths: [45]
2018-07-11 13:14:21,173 (e2e_asr_attctc_th:2067) INFO: input lengths: 12
2018-07-11 13:14:21,174 (e2e_asr_attctc_th:2091) INFO: max output length: 12
2018-07-11 13:14:21,174 (e2e_asr_attctc_th:2092) INFO: min output length: 0
2018-07-11 13:14:21,343 (e2e_asr_attctc_th:2206) INFO: no hypothesis. Finish decoding.
2018-07-11 13:14:21,343 (e2e_asr_attctc_th:2217) INFO: total log probability: -0.891461649444
2018-07-11 13:14:21,343 (e2e_asr_attctc_th:2218) INFO: normalized log probability: -0.222865412361
2018-07-11 13:14:21,344 (asr_pytorch:468) INFO: groundtruth[1502-2_spk_1502_2_023546-023593]: 昕皅
2018-07-11 13:14:21,344 (asr_pytorch:469) INFO: prediction [1502-2_spk_1502_2_023546-023593]: 明白<eos>
2018-07-11 13:14:21,356 (e2e_asr_attctc_th:2977) INFO: BLSTMP input lengths: [245]
2018-07-11 13:14:21,690 (e2e_asr_attctc_th:2067) INFO: input lengths: 62
2018-07-11 13:14:21,690 (e2e_asr_attctc_th:2091) INFO: max output length: 62
2018-07-11 13:14:21,691 (e2e_asr_attctc_th:2092) INFO: min output length: 0
2018-07-11 13:14:23,739 (e2e_asr_attctc_th:2199) INFO: end detected at 24
2018-07-11 13:14:23,739 (e2e_asr_attctc_th:2217) INFO: total log probability: -20.8876833469
2018-07-11 13:14:23,739 (e2e_asr_attctc_th:2218) INFO: normalized log probability: -1.1604268526
2018-07-11 13:14:23,740 (asr_pytorch:468) INFO: groundtruth[12_spk_12_062326-062573]: 放賀200俏服挪毯刨討何
2018-07-11 13:14:23,740 (asr_pytorch:469) INFO: prediction [12_spk_12_062326-062573]: 嗯你陣時啊佢有職業啊係會按俾你噶<eos>
2018-07-11 13:14:23,749 (e2e_asr_attctc_th:2977) INFO: BLSTMP input lengths: [250]
2018-07-11 13:14:24,081 (e2e_asr_attctc_th:2067) INFO: input lengths: 63
2018-07-11 13:14:24,082 (e2e_asr_attctc_th:2091) INFO: max output length: 63
2018-07-11 13:14:24,082 (e2e_asr_attctc_th:2092) INFO: min output length: 0
2018-07-11 13:14:26,198 (e2e_asr_attctc_th:2199) INFO: end detected at 20
2018-07-11 13:14:26,199 (e2e_asr_attctc_th:2217) INFO: total log probability: -6.52764298883
2018-07-11 13:14:26,199 (e2e_asr_attctc_th:2218) INFO: normalized log probability: -0.466260213488
2018-07-11 13:14:26,201 (asr_pytorch:468) INFO: groundtruth[1502-1_spk_1502_1_025904-026156]: 戛反見冗YTKVEHI且叄
2018-07-11 13:14:26,201 (asr_pytorch:469) INFO: prediction [1502-1_spk_1502_1_025904-026156]: 我又要再啊GRADE上去<eos>
2018-07-11 13:14:26,218 (e2e_asr_attctc_th:2977) INFO: BLSTMP input lengths: [135]
2018-07-11 13:14:26,550 (e2e_asr_attctc_th:2067) INFO: input lengths: 34
2018-07-11 13:14:26,550 (e2e_asr_attctc_th:2091) INFO: max output length: 34
2018-07-11 13:14:26,550 (e2e_asr_attctc_th:2092) INFO: min output length: 0
2018-07-11 13:14:28,194 (e2e_asr_attctc_th:2199) INFO: end detected at 17
2018-07-11 13:14:28,194 (e2e_asr_attctc_th:2217) INFO: total log probability: -4.17351642076
2018-07-11 13:14:28,195 (e2e_asr_attctc_th:2218) INFO: normalized log probability: -0.347793035064
2018-07-11 13:14:28,196 (asr_pytorch:468) INFO: groundtruth[4_spk_4_020172-020309]: 佬略感畸石訒尻司件㨃啯
2018-07-11 13:14:28,196 (asr_pytorch:469) INFO: prediction [4_spk_4_020172-020309]: 你留意翻短信就可以啦<eos>
2018-07-11 13:14:28,210 (e2e_asr_attctc_th:2977) INFO: BLSTMP input lengths: [176]
2018-07-11 13:14:28,595 (e2e_asr_attctc_th:2067) INFO: input lengths: 44
2018-07-11 13:14:28,596 (e2e_asr_attctc_th:2091) INFO: max output length: 44
2018-07-11 13:14:28,596 (e2e_asr_attctc_th:2092) INFO: min output length: 0
2018-07-11 13:14:30,224 (e2e_asr_attctc_th:2199) INFO: end detected at 15
2018-07-11 13:14:30,224 (e2e_asr_attctc_th:2217) INFO: total log probability: -6.10476373881
2018-07-11 13:14:30,224 (e2e_asr_attctc_th:2218) INFO: normalized log probability: -0.610476373881
2018-07-11 13:14:30,226 (asr_pytorch:468) INFO: groundtruth[1501-1_spk_1501_1_030026-030204]: 俏唪妊感怦呈杖尖姚俏
2018-07-11 13:14:30,226 (asr_pytorch:469) INFO: prediction [1501-1_spk_1501_1_030026-030204]: 係唔好似識識可以<eos>
2018-07-11 13:14:30,241 (e2e_asr_attctc_th:2977) INFO: BLSTMP input lengths: [98]
2018-07-11 13:14:30,464 (e2e_asr_attctc_th:2067) INFO: input lengths: 25
2018-07-11 13:14:30,464 (e2e_asr_attctc_th:2091) INFO: max output length: 25
2018-07-11 13:14:30,465 (e2e_asr_attctc_th:2092) INFO: min output length: 0
2018-07-11 13:14:31,206 (e2e_asr_attctc_th:2206) INFO: no hypothesis. Finish decoding.
2018-07-11 13:14:31,207 (e2e_asr_attctc_th:2217) INFO: total log probability: -5.41997380275
2018-07-11 13:14:31,207 (e2e_asr_attctc_th:2218) INFO: normalized log probability: -0.677496725344
2018-07-11 13:14:31,208 (asr_pytorch:468) INFO: groundtruth[1502-2_spk_1502_2_072031-072131]: 吔佬紋三紋迫囖
2018-07-11 13:14:31,208 (asr_pytorch:469) INFO: prediction [1502-2_spk_1502_2_072031-072131]: 你著一日飯咯<eos>
2018-07-11 13:14:31,222 (e2e_asr_attctc_th:2977) INFO: BLSTMP input lengths: [27]
2018-07-11 13:14:31,298 (e2e_asr_attctc_th:2067) INFO: input lengths: 7
2018-07-11 13:14:31,299 (e2e_asr_attctc_th:2091) INFO: max output length: 7
2018-07-11 13:14:31,299 (e2e_asr_attctc_th:2092) INFO: min output length: 0
2018-07-11 13:14:31,708 (e2e_asr_attctc_th:2180) INFO: adding <eos> in the last postion in the loop
2018-07-11 13:14:31,708 (e2e_asr_attctc_th:2206) INFO: no hypothesis. Finish decoding.
2018-07-11 13:14:31,708 (e2e_asr_attctc_th:2217) INFO: total log probability: -2.71555576287
2018-07-11 13:14:31,709 (e2e_asr_attctc_th:2218) INFO: normalized log probability: -0.678888940718
2018-07-11 13:14:31,710 (asr_pytorch:468) INFO: groundtruth[3_spk_3_049633-049662]: 俏
2018-07-11 13:14:31,710 (asr_pytorch:469) INFO: prediction [3_spk_3_049633-049662]: 係我<eos>
2018-07-11 13:14:31,725 (e2e_asr_attctc_th:2977) INFO: BLSTMP input lengths: [380]
2018-07-11 13:14:32,605 (e2e_asr_attctc_th:2067) INFO: input lengths: 95
2018-07-11 13:14:32,605 (e2e_asr_attctc_th:2091) INFO: max output length: 95
2018-07-11 13:14:32,605 (e2e_asr_attctc_th:2092) INFO: min output length: 0
2018-07-11 13:14:36,464 (e2e_asr_attctc_th:2206) INFO: no hypothesis. Finish decoding.
2018-07-11 13:14:36,465 (e2e_asr_attctc_th:2217) INFO: total log probability: -7.84922944196
2018-07-11 13:14:36,465 (e2e_asr_attctc_th:2218) INFO: normalized log probability: -0.356783156453
2018-07-11 13:14:36,466 (asr_pytorch:468) INFO: groundtruth[3_spk_3_036510-036892]: 佬隸晏聶絨畸戛幹佬側畸倔犢到號琛尻SO㨃啯
2018-07-11 13:14:36,466 (asr_pytorch:469) INFO: prediction [3_spk_3_036510-036892]: 你長時亂落翻學翻嚟做翻特別處理就OK噶啦<eos>
2018-07-11 13:14:36,480 (e2e_asr_attctc_th:2977) INFO: BLSTMP input lengths: [91]
2018-07-11 13:14:36,672 (e2e_asr_attctc_th:2067) INFO: input lengths: 23
2018-07-11 13:14:36,673 (e2e_asr_attctc_th:2091) INFO: max output length: 23
2018-07-11 13:14:36,673 (e2e_asr_attctc_th:2092) INFO: min output length: 0
2018-07-11 13:14:37,528 (e2e_asr_attctc_th:2199) INFO: end detected at 11
2018-07-11 13:14:37,529 (e2e_asr_attctc_th:2217) INFO: total log probability: -4.21314968541
2018-07-11 13:14:37,529 (e2e_asr_attctc_th:2218) INFO: normalized log probability: -0.702191614235
2018-07-11 13:14:37,530 (asr_pytorch:468) INFO: groundtruth[9_spk_9_042707-042800]: SO唪津宭氯
2018-07-11 13:14:37,530 (asr_pytorch:469) INFO: prediction [9_spk_9_042707-042800]: 我點得<SPK/><eos>
2018-07-11 13:14:37,545 (e2e_asr_attctc_th:2977) INFO: BLSTMP input lengths: [198]
2018-07-11 13:14:38,000 (e2e_asr_attctc_th:2067) INFO: input lengths: 50
2018-07-11 13:14:38,000 (e2e_asr_attctc_th:2091) INFO: max output length: 50
2018-07-11 13:14:38,001 (e2e_asr_attctc_th:2092) INFO: min output length: 0
2018-07-11 13:14:40,182 (e2e_asr_attctc_th:2199) INFO: end detected at 19
2018-07-11 13:14:40,182 (e2e_asr_attctc_th:2217) INFO: total log probability: -13.6111468673
2018-07-11 13:14:40,182 (e2e_asr_attctc_th:2218) INFO: normalized log probability: -1.04701129748
2018-07-11 13:14:40,183 (asr_pytorch:468) INFO: groundtruth[1503-1_spk_1503_1_036354-036554]: 晏倣呯尻服冗金施冗間速迫
2018-07-11 13:14:40,184 (asr_pytorch:469) INFO: prediction [1503-1_spk_1503_1_036354-036554]: 人呢就會再從翻就喺度翻<eos>
2018-07-11 13:14:40,199 (e2e_asr_attctc_th:2977) INFO: BLSTMP input lengths: [216]
2018-07-11 13:14:40,632 (e2e_asr_attctc_th:2067) INFO: input lengths: 54
2018-07-11 13:14:40,632 (e2e_asr_attctc_th:2091) INFO: max output length: 54
2018-07-11 13:14:40,632 (e2e_asr_attctc_th:2092) INFO: min output length: 0
2018-07-11 13:14:42,942 (e2e_asr_attctc_th:2199) INFO: end detected at 21
2018-07-11 13:14:42,942 (e2e_asr_attctc_th:2217) INFO: total log probability: -8.25746810157
2018-07-11 13:14:42,942 (e2e_asr_attctc_th:2218) INFO: normalized log probability: -0.516091756348
2018-07-11 13:14:42,943 (asr_pytorch:468) INFO: groundtruth[1501-1_spk_1501_1_092515-092733]: 刺晏佬QMWW咩呯司脇戛員吔井服
2018-07-11 13:14:42,943 (asr_pytorch:469) INFO: prediction [1501-1_spk_1501_1_092515-092733]: 到時你呢啲咗你可能我哋同事會<eos>
2018-07-11 13:14:42,952 (e2e_asr_attctc_th:2977) INFO: BLSTMP input lengths: [235]
2018-07-11 13:14:43,251 (e2e_asr_attctc_th:2067) INFO: input lengths: 59
2018-07-11 13:14:43,251 (e2e_asr_attctc_th:2091) INFO: max output length: 59
2018-07-11 13:14:43,251 (e2e_asr_attctc_th:2092) INFO: min output length: 0
2018-07-11 13:14:44,089 (e2e_asr_attctc_th:2206) INFO: no hypothesis. Finish decoding.
2018-07-11 13:14:44,090 (e2e_asr_attctc_th:2217) INFO: total log probability: -6.73227477074
2018-07-11 13:14:44,090 (e2e_asr_attctc_th:2218) INFO: normalized log probability: -0.673227477074
2018-07-11 13:14:44,090 (asr_pytorch:468) INFO: groundtruth[1505-2_spk_1505_2_022312-022549]: 服街420臼40
2018-07-11 13:14:44,091 (asr_pytorch:469) INFO: prediction [1505-2_spk_1505_2_022312-022549]: 佢行職二十二識得<eos>
2018-07-11 13:14:44,103 (e2e_asr_attctc_th:2977) INFO: BLSTMP input lengths: [68]
2018-07-11 13:14:44,205 (e2e_asr_attctc_th:2067) INFO: input lengths: 17
2018-07-11 13:14:44,206 (e2e_asr_attctc_th:2091) INFO: max output length: 17
2018-07-11 13:14:44,206 (e2e_asr_attctc_th:2092) INFO: min output length: 0
2018-07-11 13:14:44,652 (e2e_asr_attctc_th:2199) INFO: end detected at 10
2018-07-11 13:14:44,653 (e2e_asr_attctc_th:2217) INFO: total log probability: -0.511188488454
2018-07-11 13:14:44,653 (e2e_asr_attctc_th:2218) INFO: normalized log probability: -0.102237697691
2018-07-11 13:14:44,653 (asr_pytorch:468) INFO: groundtruth[1501-2_spk_1501_2_031758-031827]: 戛鄔
2018-07-11 13:14:44,654 (asr_pytorch:469) INFO: prediction [1501-2_spk_1501_2_031758-031827]: 我都唔<eos>
2018-07-11 13:14:44,662 (e2e_asr_attctc_th:2977) INFO: BLSTMP input lengths: [118]
2018-07-11 13:14:44,820 (e2e_asr_attctc_th:2067) INFO: input lengths: 30
2018-07-11 13:14:44,820 (e2e_asr_attctc_th:2091) INFO: max output length: 30
2018-07-11 13:14:44,820 (e2e_asr_attctc_th:2092) INFO: min output length: 0
2018-07-11 13:14:45,385 (e2e_asr_attctc_th:2199) INFO: end detected at 10
2018-07-11 13:14:45,386 (e2e_asr_attctc_th:2217) INFO: total log probability: -3.11829517782
2018-07-11 13:14:45,386 (e2e_asr_attctc_th:2218) INFO: normalized log probability: -0.51971586297
2018-07-11 13:14:45,386 (asr_pytorch:468) INFO: groundtruth[3_spk_3_019660-019780]: 籌序耳呈
2018-07-11 13:14:45,386 (asr_pytorch:469) INFO: prediction [3_spk_3_019660-019780]: 先幾耐啊<eos>
2018-07-11 13:14:45,396 (e2e_asr_attctc_th:2977) INFO: BLSTMP input lengths: [329]
2018-07-11 13:14:45,886 (e2e_asr_attctc_th:2067) INFO: input lengths: 83
2018-07-11 13:14:45,887 (e2e_asr_attctc_th:2091) INFO: max output length: 83
2018-07-11 13:14:45,887 (e2e_asr_attctc_th:2092) INFO: min output length: 0
2018-07-11 13:14:47,223 (e2e_asr_attctc_th:2199) INFO: end detected at 15
2018-07-11 13:14:47,223 (e2e_asr_attctc_th:2217) INFO: total log probability: -3.56041332148
2018-07-11 13:14:47,223 (e2e_asr_attctc_th:2218) INFO: normalized log probability: -0.356041332148
2018-07-11 13:14:47,224 (asr_pytorch:468) INFO: groundtruth[1505-1_spk_1505_1_022405-022736]: 俏俏20臼40QF
2018-07-11 13:14:47,224 (asr_pytorch:469) INFO: prediction [1505-1_spk_1505_1_022405-022736]: 係係二十四四十咩<eos>
2018-07-11 13:14:47,233 (e2e_asr_attctc_th:2977) INFO: BLSTMP input lengths: [198]
2018-07-11 13:14:47,552 (e2e_asr_attctc_th:2067) INFO: input lengths: 50
2018-07-11 13:14:47,552 (e2e_asr_attctc_th:2091) INFO: max output length: 50
2018-07-11 13:14:47,552 (e2e_asr_attctc_th:2092) INFO: min output length: 0
2018-07-11 13:14:48,570 (e2e_asr_attctc_th:2206) INFO: no hypothesis. Finish decoding.
2018-07-11 13:14:48,571 (e2e_asr_attctc_th:2217) INFO: total log probability: -11.2430263907
2018-07-11 13:14:48,571 (e2e_asr_attctc_th:2218) INFO: normalized log probability: -0.864848183898
2018-07-11 13:14:48,571 (asr_pytorch:468) INFO: groundtruth[1502-2_spk_1502_2_004739-004939]: 咋佰呯尻XSXEP<unk>共蚧<unk>贗
2018-07-11 13:14:48,571 (asr_pytorch:469) INFO: prediction [1502-2_spk_1502_2_004739-004939]: 咁去嘅就初頭村辦啦每陣<eos>
2018-07-11 13:14:48,580 (e2e_asr_attctc_th:2977) INFO: BLSTMP input lengths: [101]
2018-07-11 13:14:48,718 (e2e_asr_attctc_th:2067) INFO: input lengths: 26
2018-07-11 13:14:48,718 (e2e_asr_attctc_th:2091) INFO: max output length: 26
2018-07-11 13:14:48,718 (e2e_asr_attctc_th:2092) INFO: min output length: 0
2018-07-11 13:14:49,395 (e2e_asr_attctc_th:2199) INFO: end detected at 12
2018-07-11 13:14:49,395 (e2e_asr_attctc_th:2217) INFO: total log probability: -6.08120252192
2018-07-11 13:14:49,395 (e2e_asr_attctc_th:2218) INFO: normalized log probability: -1.01353375365
2018-07-11 13:14:49,396 (asr_pytorch:468) INFO: groundtruth[1505-2_spk_1505_2_078699-078802]: 朕冏MR柎
2018-07-11 13:14:49,397 (asr_pytorch:469) INFO: prediction [1505-2_spk_1505_2_078699-078802]: 啱啱醫生<eos>
2018-07-11 13:14:49,412 (e2e_asr_attctc_th:2977) INFO: BLSTMP input lengths: [198]
2018-07-11 13:14:49,813 (e2e_asr_attctc_th:2067) INFO: input lengths: 50
2018-07-11 13:14:49,813 (e2e_asr_attctc_th:2091) INFO: max output length: 50
2018-07-11 13:14:49,813 (e2e_asr_attctc_th:2092) INFO: min output length: 0
2018-07-11 13:14:51,222 (e2e_asr_attctc_th:2199) INFO: end detected at 13
2018-07-11 13:14:51,223 (e2e_asr_attctc_th:2217) INFO: total log probability: -4.84122781176
2018-07-11 13:14:51,223 (e2e_asr_attctc_th:2218) INFO: normalized log probability: -0.60515347647
2018-07-11 13:14:51,224 (asr_pytorch:468) INFO: groundtruth[1504-2_spk_1504_2_006580-006780]: 且綺俏然院
2018-07-11 13:14:51,225 (asr_pytorch:469) INFO: prediction [1504-2_spk_1504_2_006580-006780]: 上一網係冇限<eos>
2018-07-11 13:14:51,248 (e2e_asr_attctc_th:2977) INFO: BLSTMP input lengths: [529]
2018-07-11 13:14:52,345 (e2e_asr_attctc_th:2067) INFO: input lengths: 133
2018-07-11 13:14:52,346 (e2e_asr_attctc_th:2091) INFO: max output length: 133
2018-07-11 13:14:52,346 (e2e_asr_attctc_th:2092) INFO: min output length: 0
2018-07-11 13:14:58,362 (e2e_asr_attctc_th:2206) INFO: no hypothesis. Finish decoding.
2018-07-11 13:14:58,362 (e2e_asr_attctc_th:2217) INFO: total log probability: -23.4200919643
2018-07-11 13:14:58,362 (e2e_asr_attctc_th:2218) INFO: normalized log probability: -0.836431855868
2018-07-11 13:14:58,363 (asr_pytorch:468) INFO: groundtruth[4_spk_4_051151-051682]: 揉址午B佬俏揉然垣_MJM蛤邋晉俏嗷倔斌擢具亳討劉
2018-07-11 13:14:58,363 (asr_pytorch:469) INFO: prediction [4_spk_4_051151-051682]: 反正佢誒你係揀無聊WIFI蛋同人之係嗰個動響數嘅計劃<eos>
2018-07-11 13:14:58,382 (e2e_asr_attctc_th:2977) INFO: BLSTMP input lengths: [704]
2018-07-11 13:14:59,919 (e2e_asr_attctc_th:2067) INFO: input lengths: 176
2018-07-11 13:14:59,919 (e2e_asr_attctc_th:2091) INFO: max output length: 176
2018-07-11 13:14:59,920 (e2e_asr_attctc_th:2092) INFO: min output length: 0
2018-07-11 13:15:09,157 (e2e_asr_attctc_th:2199) INFO: end detected at 38
2018-07-11 13:15:09,158 (e2e_asr_attctc_th:2217) INFO: total log probability: -16.08217833
2018-07-11 13:15:09,158 (e2e_asr_attctc_th:2218) INFO: normalized log probability: -0.518779946131
2018-07-11 13:15:09,159 (asr_pytorch:468) INFO: groundtruth[1504-2_spk_1504_2_048842-049548]: 冏啖戛呯刺俏裳唪刺啖戛宥<unk>裳唪刺啖戛兲各俏裳唪刺戛裳曳
2018-07-11 13:15:09,159 (asr_pytorch:469) INFO: prediction [1504-2_spk_1504_2_048842-049548]: 冇啊我啊呢度係裝唔到啊我而傢裝唔到我好似係裝唔到啦我裝就係<eos>
2018-07-11 13:15:09,174 (e2e_asr_attctc_th:2977) INFO: BLSTMP input lengths: [198]
2018-07-11 13:15:09,541 (e2e_asr_attctc_th:2067) INFO: input lengths: 50
2018-07-11 13:15:09,541 (e2e_asr_attctc_th:2091) INFO: max output length: 50
2018-07-11 13:15:09,542 (e2e_asr_attctc_th:2092) INFO: min output length: 0
2018-07-11 13:15:10,463 (e2e_asr_attctc_th:2199) INFO: end detected at 14
2018-07-11 13:15:10,464 (e2e_asr_attctc_th:2217) INFO: total log probability: -3.4137570262
2018-07-11 13:15:10,464 (e2e_asr_attctc_th:2218) INFO: normalized log probability: -0.426719628274
2018-07-11 13:15:10,464 (asr_pytorch:468) INFO: groundtruth[1501-1_spk_1501_1_061715-061915]: SO冏啞顔
2018-07-11 13:15:10,465 (asr_pytorch:469) INFO: prediction [1501-1_spk_1501_1_061715-061915]: 我OK冇問題<eos>
2018-07-11 13:15:10,473 (e2e_asr_attctc_th:2977) INFO: BLSTMP input lengths: [55]
2018-07-11 13:15:10,559 (e2e_asr_attctc_th:2067) INFO: input lengths: 14
2018-07-11 13:15:10,559 (e2e_asr_attctc_th:2091) INFO: max output length: 14
2018-07-11 13:15:10,559 (e2e_asr_attctc_th:2092) INFO: min output length: 0
2018-07-11 13:15:10,990 (e2e_asr_attctc_th:2199) INFO: end detected at 9
2018-07-11 13:15:10,990 (e2e_asr_attctc_th:2217) INFO: total log probability: -0.0423975759186
2018-07-11 13:15:10,990 (e2e_asr_attctc_th:2218) INFO: normalized log probability: -0.00847951518372
2018-07-11 13:15:10,991 (asr_pytorch:468) INFO: groundtruth[4_spk_4_009587-009644]: 唪俏呈
2018-07-11 13:15:10,991 (asr_pytorch:469) INFO: prediction [4_spk_4_009587-009644]: 唔係啊<eos>
2018-07-11 13:15:11,000 (e2e_asr_attctc_th:2977) INFO: BLSTMP input lengths: [323]
2018-07-11 13:15:11,403 (e2e_asr_attctc_th:2067) INFO: input lengths: 81
2018-07-11 13:15:11,403 (e2e_asr_attctc_th:2091) INFO: max output length: 81
2018-07-11 13:15:11,404 (e2e_asr_attctc_th:2092) INFO: min output length: 0
2018-07-11 13:15:13,784 (e2e_asr_attctc_th:2199) INFO: end detected at 24
2018-07-11 13:15:13,784 (e2e_asr_attctc_th:2217) INFO: total log probability: -20.0687608346
2018-07-11 13:15:13,784 (e2e_asr_attctc_th:2218) INFO: normalized log probability: -1.11493115748
2018-07-11 13:15:13,785 (asr_pytorch:468) INFO: groundtruth[12_spk_12_064036-064361]: 咋佬他唪他感12黴乒得兒幹戛宗掙啖
2018-07-11 13:15:13,786 (asr_pytorch:469) INFO: prediction [12_spk_12_064036-064361]: 咁你成日已經隔二點以後先幫我安排<eos>
2018-07-11 13:15:13,800 (e2e_asr_attctc_th:2977) INFO: BLSTMP input lengths: [132]
2018-07-11 13:15:14,073 (e2e_asr_attctc_th:2067) INFO: input lengths: 33
2018-07-11 13:15:14,073 (e2e_asr_attctc_th:2091) INFO: max output length: 33
2018-07-11 13:15:14,073 (e2e_asr_attctc_th:2092) INFO: min output length: 0
2018-07-11 13:15:14,860 (e2e_asr_attctc_th:2206) INFO: no hypothesis. Finish decoding.
2018-07-11 13:15:14,860 (e2e_asr_attctc_th:2217) INFO: total log probability: -2.7197782615
2018-07-11 13:15:14,861 (e2e_asr_attctc_th:2218) INFO: normalized log probability: -0.27197782615
2018-07-11 13:15:14,861 (asr_pytorch:468) INFO: groundtruth[1502-2_spk_1502_2_032024-032158]: 佰逆夥啼KF斌毯佬
2018-07-11 13:15:14,861 (asr_pytorch:469) INFO: prediction [1502-2_spk_1502_2_032024-032158]: 佢送多啲激數俾你<eos>
2018-07-11 13:15:14,870 (e2e_asr_attctc_th:2977) INFO: BLSTMP input lengths: [66]
2018-07-11 13:15:15,004 (e2e_asr_attctc_th:2067) INFO: input lengths: 17
2018-07-11 13:15:15,004 (e2e_asr_attctc_th:2091) INFO: max output length: 17
2018-07-11 13:15:15,004 (e2e_asr_attctc_th:2092) INFO: min output length: 0
2018-07-11 13:15:15,251 (e2e_asr_attctc_th:2206) INFO: no hypothesis. Finish decoding.
2018-07-11 13:15:15,251 (e2e_asr_attctc_th:2217) INFO: total log probability: -4.00263483822
2018-07-11 13:15:15,251 (e2e_asr_attctc_th:2218) INFO: normalized log probability: -0.800526967645
2018-07-11 13:15:15,252 (asr_pytorch:468) INFO: groundtruth[9_spk_9_061920-061988]: 妊
2018-07-11 13:15:15,252 (asr_pytorch:469) INFO: prediction [9_spk_9_061920-061988]: 咁又高<eos>
2018-07-11 13:15:15,268 (e2e_asr_attctc_th:2977) INFO: BLSTMP input lengths: [639]
2018-07-11 13:15:16,216 (e2e_asr_attctc_th:2067) INFO: input lengths: 160
2018-07-11 13:15:16,216 (e2e_asr_attctc_th:2091) INFO: max output length: 160
2018-07-11 13:15:16,217 (e2e_asr_attctc_th:2092) INFO: min output length: 0
2018-07-11 13:15:19,425 (e2e_asr_attctc_th:2199) INFO: end detected at 22
2018-07-11 13:15:19,425 (e2e_asr_attctc_th:2217) INFO: total log probability: -14.7989201359
2018-07-11 13:15:19,425 (e2e_asr_attctc_th:2218) INFO: normalized log probability: -0.870524713879
2018-07-11 13:15:19,426 (asr_pytorch:468) INFO: groundtruth[1505-2_spk_1505_2_033611-034252]: 丕戛耗<unk>朋久見由朋見由朋FEWMG旨旨MX
2018-07-11 13:15:19,426 (asr_pytorch:469) INFO: prediction [1505-2_spk_1505_2_033611-034252]: 啊我一點知唔最有像低食嘅嘅阿二<eos>
2018-07-11 13:15:19,440 (e2e_asr_attctc_th:2977) INFO: BLSTMP input lengths: [123]
2018-07-11 13:15:19,613 (e2e_asr_attctc_th:2067) INFO: input lengths: 31
2018-07-11 13:15:19,614 (e2e_asr_attctc_th:2091) INFO: max output length: 31
2018-07-11 13:15:19,614 (e2e_asr_attctc_th:2092) INFO: min output length: 0
2018-07-11 13:15:20,318 (e2e_asr_attctc_th:2199) INFO: end detected at 13
2018-07-11 13:15:20,318 (e2e_asr_attctc_th:2217) INFO: total log probability: -4.64318102598
2018-07-11 13:15:20,318 (e2e_asr_attctc_th:2218) INFO: normalized log probability: -0.928636205196
2018-07-11 13:15:20,319 (asr_pytorch:468) INFO: groundtruth[9_spk_9_062628-062753]: 咋樺俏
2018-07-11 13:15:20,319 (asr_pytorch:469) INFO: prediction [9_spk_9_062628-062753]: 咁靚噶<eos>
2018-07-11 13:15:20,328 (e2e_asr_attctc_th:2977) INFO: BLSTMP input lengths: [238]
2018-07-11 13:15:20,669 (e2e_asr_attctc_th:2067) INFO: input lengths: 60
2018-07-11 13:15:20,669 (e2e_asr_attctc_th:2091) INFO: max output length: 60
2018-07-11 13:15:20,669 (e2e_asr_attctc_th:2092) INFO: min output length: 0
2018-07-11 13:15:22,515 (e2e_asr_attctc_th:2199) INFO: end detected at 22
2018-07-11 13:15:22,515 (e2e_asr_attctc_th:2217) INFO: total log probability: -6.23281992506
2018-07-11 13:15:22,515 (e2e_asr_attctc_th:2218) INFO: normalized log probability: -0.36663646618
2018-07-11 13:15:22,516 (asr_pytorch:468) INFO: groundtruth[1502-2_spk_1502_2_093706-093946]: B啵GSRJMVQ迫三旬啯俏朋妊嘍三旬呯
2018-07-11 13:15:22,516 (asr_pytorch:469) INFO: prediction [1502-2_spk_1502_2_093706-093946]: 誒即係講分翻一樣都係最好嘅日嘞<eos>
2018-07-11 13:15:22,525 (e2e_asr_attctc_th:2977) INFO: BLSTMP input lengths: [183]
2018-07-11 13:15:22,760 (e2e_asr_attctc_th:2067) INFO: input lengths: 46
2018-07-11 13:15:22,761 (e2e_asr_attctc_th:2091) INFO: max output length: 46
2018-07-11 13:15:22,761 (e2e_asr_attctc_th:2092) INFO: min output length: 0
2018-07-11 13:15:23,934 (e2e_asr_attctc_th:2206) INFO: no hypothesis. Finish decoding.
2018-07-11 13:15:23,934 (e2e_asr_attctc_th:2217) INFO: total log probability: -11.6048724465
2018-07-11 13:15:23,934 (e2e_asr_attctc_th:2218) INFO: normalized log probability: -0.7736581631
2018-07-11 13:15:23,935 (asr_pytorch:468) INFO: groundtruth[1502-2_spk_1502_2_015966-016152]: 卉KF討劉鄔見丐皆兵卉序
2018-07-11 13:15:23,935 (asr_pytorch:469) INFO: prediction [1502-2_spk_1502_2_015966-016152]: 有十啲就係話都要三百六十幾<eos>
2018-07-11 13:15:23,943 (e2e_asr_attctc_th:2977) INFO: BLSTMP input lengths: [60]
2018-07-11 13:15:24,034 (e2e_asr_attctc_th:2067) INFO: input lengths: 15
2018-07-11 13:15:24,035 (e2e_asr_attctc_th:2091) INFO: max output length: 15
2018-07-11 13:15:24,035 (e2e_asr_attctc_th:2092) INFO: min output length: 0
2018-07-11 13:15:24,423 (e2e_asr_attctc_th:2206) INFO: no hypothesis. Finish decoding.
2018-07-11 13:15:24,423 (e2e_asr_attctc_th:2217) INFO: total log probability: -2.67218224704
2018-07-11 13:15:24,423 (e2e_asr_attctc_th:2218) INFO: normalized log probability: -0.44536370784
2018-07-11 13:15:24,424 (asr_pytorch:468) INFO: groundtruth[1502-2_spk_1502_2_073863-073925]: 纆賀嗷刺
2018-07-11 13:15:24,424 (asr_pytorch:469) INFO: prediction [1502-2_spk_1502_2_073863-073925]: 錶費嗰度<eos>
2018-07-11 13:15:24,440 (e2e_asr_attctc_th:2977) INFO: BLSTMP input lengths: [48]
2018-07-11 13:15:24,580 (e2e_asr_attctc_th:2067) INFO: input lengths: 12
2018-07-11 13:15:24,580 (e2e_asr_attctc_th:2091) INFO: max output length: 12
2018-07-11 13:15:24,581 (e2e_asr_attctc_th:2092) INFO: min output length: 0
2018-07-11 13:15:25,020 (e2e_asr_attctc_th:2199) INFO: end detected at 7
2018-07-11 13:15:25,020 (e2e_asr_attctc_th:2217) INFO: total log probability: -0.22998171486
2018-07-11 13:15:25,020 (e2e_asr_attctc_th:2218) INFO: normalized log probability: -0.0766605716199
2018-07-11 13:15:25,022 (asr_pytorch:468) INFO: groundtruth[1502-2_spk_1502_2_010089-010139]: 俏
2018-07-11 13:15:25,022 (asr_pytorch:469) INFO: prediction [1502-2_spk_1502_2_010089-010139]: 係<eos>
2018-07-11 13:15:25,040 (e2e_asr_attctc_th:2977) INFO: BLSTMP input lengths: [446]
2018-07-11 13:15:26,121 (e2e_asr_attctc_th:2067) INFO: input lengths: 112
2018-07-11 13:15:26,122 (e2e_asr_attctc_th:2091) INFO: max output length: 112
2018-07-11 13:15:26,122 (e2e_asr_attctc_th:2092) INFO: min output length: 0
2018-07-11 13:15:31,670 (e2e_asr_attctc_th:2199) INFO: end detected at 31
2018-07-11 13:15:31,671 (e2e_asr_attctc_th:2217) INFO: total log probability: -16.6928547584
2018-07-11 13:15:31,671 (e2e_asr_attctc_th:2218) INFO: normalized log probability: -0.695535614931
2018-07-11 13:15:31,672 (asr_pytorch:468) INFO: groundtruth[1505-1_spk_1505_1_058787-059235]: 咋佰然院且綺街緘旨逮庵尻384OFTW旨
2018-07-11 13:15:31,672 (asr_pytorch:469) INFO: prediction [1505-1_spk_1505_1_058787-059235]: 咁佢忙下上網行街一速度就三百八十四GBTS噶<eos>
2018-07-11 13:15:31,687 (e2e_asr_attctc_th:2977) INFO: BLSTMP input lengths: [84]
2018-07-11 13:15:31,874 (e2e_asr_attctc_th:2067) INFO: input lengths: 21
2018-07-11 13:15:31,874 (e2e_asr_attctc_th:2091) INFO: max output length: 21
2018-07-11 13:15:31,875 (e2e_asr_attctc_th:2092) INFO: min output length: 0
2018-07-11 13:15:32,439 (e2e_asr_attctc_th:2199) INFO: end detected at 8
2018-07-11 13:15:32,439 (e2e_asr_attctc_th:2217) INFO: total log probability: -0.0262992097996
2018-07-11 13:15:32,439 (e2e_asr_attctc_th:2218) INFO: normalized log probability: -0.0065748024499
2018-07-11 13:15:32,440 (asr_pytorch:468) INFO: groundtruth[1504-1_spk_1504_1_042732-042818]: 幺晏
2018-07-11 13:15:32,441 (asr_pytorch:469) INFO: prediction [1504-1_spk_1504_1_042732-042818]: 平時<eos>
2018-07-11 13:15:32,456 (e2e_asr_attctc_th:2977) INFO: BLSTMP input lengths: [73]
2018-07-11 13:15:32,661 (e2e_asr_attctc_th:2067) INFO: input lengths: 19
2018-07-11 13:15:32,662 (e2e_asr_attctc_th:2091) INFO: max output length: 19
2018-07-11 13:15:32,662 (e2e_asr_attctc_th:2092) INFO: min output length: 0
2018-07-11 13:15:33,561 (e2e_asr_attctc_th:2199) INFO: end detected at 12
2018-07-11 13:15:33,562 (e2e_asr_attctc_th:2217) INFO: total log probability: -1.94372015074
2018-07-11 13:15:33,562 (e2e_asr_attctc_th:2218) INFO: normalized log probability: -0.323953358456
2018-07-11 13:15:33,563 (asr_pytorch:468) INFO: groundtruth[1502-2_spk_1502_2_023654-023729]: 昕皅昕皅
2018-07-11 13:15:33,564 (asr_pytorch:469) INFO: prediction [1502-2_spk_1502_2_023654-023729]: 明白明白<eos>
2018-07-11 13:15:33,579 (e2e_asr_attctc_th:2977) INFO: BLSTMP input lengths: [112]
2018-07-11 13:15:33,832 (e2e_asr_attctc_th:2067) INFO: input lengths: 28
2018-07-11 13:15:33,832 (e2e_asr_attctc_th:2091) INFO: max output length: 28
2018-07-11 13:15:33,833 (e2e_asr_attctc_th:2092) INFO: min output length: 0
2018-07-11 13:15:34,702 (e2e_asr_attctc_th:2206) INFO: no hypothesis. Finish decoding.
2018-07-11 13:15:34,702 (e2e_asr_attctc_th:2217) INFO: total log probability: -7.83036971837
2018-07-11 13:15:34,703 (e2e_asr_attctc_th:2218) INFO: normalized log probability: -0.870041079819
2018-07-11 13:15:34,703 (asr_pytorch:468) INFO: groundtruth[1501-1_spk_1501_1_000463-000578]: 俏杖尖姚佬妊呈
2018-07-11 13:15:34,704 (asr_pytorch:469) INFO: prediction [1501-1_spk_1501_1_000463-000578]: 係啊宿捨你好啊<eos>
2018-07-11 13:15:34,722 (e2e_asr_attctc_th:2977) INFO: BLSTMP input lengths: [198]
2018-07-11 13:15:35,200 (e2e_asr_attctc_th:2067) INFO: input lengths: 50
2018-07-11 13:15:35,201 (e2e_asr_attctc_th:2091) INFO: max output length: 50
2018-07-11 13:15:35,201 (e2e_asr_attctc_th:2092) INFO: min output length: 0
2018-07-11 13:15:36,805 (e2e_asr_attctc_th:2199) INFO: end detected at 15
2018-07-11 13:15:36,806 (e2e_asr_attctc_th:2217) INFO: total log probability: -8.98278576136
2018-07-11 13:15:36,806 (e2e_asr_attctc_th:2218) INFO: normalized log probability: -1.12284822017
2018-07-11 13:15:36,807 (asr_pytorch:468) INFO: groundtruth[9_spk_9_062560-062760]: 妊嘍咋
2018-07-11 13:15:36,807 (asr_pytorch:469) INFO: prediction [9_spk_9_062560-062760]: <SPK/>就勁咁靚噶<eos>
2018-07-11 13:15:36,825 (e2e_asr_attctc_th:2977) INFO: BLSTMP input lengths: [133]
2018-07-11 13:15:37,104 (e2e_asr_attctc_th:2067) INFO: input lengths: 34
2018-07-11 13:15:37,105 (e2e_asr_attctc_th:2091) INFO: max output length: 34
2018-07-11 13:15:37,105 (e2e_asr_attctc_th:2092) INFO: min output length: 0
2018-07-11 13:15:38,762 (e2e_asr_attctc_th:2199) INFO: end detected at 17
2018-07-11 13:15:38,762 (e2e_asr_attctc_th:2217) INFO: total log probability: -3.02007653192
2018-07-11 13:15:38,762 (e2e_asr_attctc_th:2218) INFO: normalized log probability: -0.274552411992
2018-07-11 13:15:38,763 (asr_pytorch:468) INFO: groundtruth[1502-2_spk_1502_2_052949-053084]: 疊煉戛員呯邕嘍誅冀寫
2018-07-11 13:15:38,763 (asr_pytorch:469) INFO: prediction [1502-2_spk_1502_2_052949-053084]: 當然我哋呢邊個其實<eos>
2018-07-11 13:15:38,772 (e2e_asr_attctc_th:2977) INFO: BLSTMP input lengths: [148]
2018-07-11 13:15:38,997 (e2e_asr_attctc_th:2067) INFO: input lengths: 37
2018-07-11 13:15:38,998 (e2e_asr_attctc_th:2091) INFO: max output length: 37
2018-07-11 13:15:38,998 (e2e_asr_attctc_th:2092) INFO: min output length: 0
2018-07-11 13:15:39,703 (e2e_asr_attctc_th:2206) INFO: no hypothesis. Finish decoding.
2018-07-11 13:15:39,704 (e2e_asr_attctc_th:2217) INFO: total log probability: -5.39820426423
2018-07-11 13:15:39,704 (e2e_asr_attctc_th:2218) INFO: normalized log probability: -0.539820426423
2018-07-11 13:15:39,704 (asr_pytorch:468) INFO: groundtruth[1502-2_spk_1502_2_072238-072388]: B街迫<unk>邸叨呈
2018-07-11 13:15:39,704 (asr_pytorch:469) INFO: prediction [1502-2_spk_1502_2_072238-072388]: 誒查翻齣村口啊還<eos>
2018-07-11 13:15:39,713 (e2e_asr_attctc_th:2977) INFO: BLSTMP input lengths: [81]
2018-07-11 13:15:39,824 (e2e_asr_attctc_th:2067) INFO: input lengths: 21
2018-07-11 13:15:39,824 (e2e_asr_attctc_th:2091) INFO: max output length: 21
2018-07-11 13:15:39,824 (e2e_asr_attctc_th:2092) INFO: min output length: 0
2018-07-11 13:15:40,288 (e2e_asr_attctc_th:2199) INFO: end detected at 9
2018-07-11 13:15:40,288 (e2e_asr_attctc_th:2217) INFO: total log probability: -5.26980891824
2018-07-11 13:15:40,288 (e2e_asr_attctc_th:2218) INFO: normalized log probability: -1.31745222956
2018-07-11 13:15:40,289 (asr_pytorch:468) INFO: groundtruth[8_spk_8_019962-020045]: 嗶
2018-07-11 13:15:40,289 (asr_pytorch:469) INFO: prediction [8_spk_8_019962-020045]: 真正<eos>
2018-07-11 13:15:40,298 (e2e_asr_attctc_th:2977) INFO: BLSTMP input lengths: [140]
2018-07-11 13:15:40,491 (e2e_asr_attctc_th:2067) INFO: input lengths: 35
2018-07-11 13:15:40,491 (e2e_asr_attctc_th:2091) INFO: max output length: 35
2018-07-11 13:15:40,491 (e2e_asr_attctc_th:2092) INFO: min output length: 0
2018-07-11 13:15:41,391 (e2e_asr_attctc_th:2199) INFO: end detected at 14
2018-07-11 13:15:41,391 (e2e_asr_attctc_th:2217) INFO: total log probability: -8.28905701637
2018-07-11 13:15:41,391 (e2e_asr_attctc_th:2218) INFO: normalized log probability: -0.921006335153
2018-07-11 13:15:41,392 (asr_pytorch:468) INFO: groundtruth[9_spk_9_020345-020487]: 跨何戛夯孋啯
2018-07-11 13:15:41,392 (asr_pytorch:469) INFO: prediction [9_spk_9_020345-020487]: 佢跟著做太嬲噶<eos>
2018-07-11 13:15:41,402 (e2e_asr_attctc_th:2977) INFO: BLSTMP input lengths: [246]
2018-07-11 13:15:41,764 (e2e_asr_attctc_th:2067) INFO: input lengths: 62
2018-07-11 13:15:41,764 (e2e_asr_attctc_th:2091) INFO: max output length: 62
2018-07-11 13:15:41,764 (e2e_asr_attctc_th:2092) INFO: min output length: 0
2018-07-11 13:15:43,589 (e2e_asr_attctc_th:2199) INFO: end detected at 21
2018-07-11 13:15:43,589 (e2e_asr_attctc_th:2217) INFO: total log probability: -5.60015019774
2018-07-11 13:15:43,589 (e2e_asr_attctc_th:2218) INFO: normalized log probability: -0.350009387359
2018-07-11 13:15:43,590 (asr_pytorch:468) INFO: groundtruth[1502-2_spk_1502_2_042758-043006]: 暸晏嚦謬妍枱俏側迫轟<unk>嘍誅懵誆尻
2018-07-11 13:15:43,590 (asr_pytorch:469) INFO: prediction [1502-2_spk_1502_2_042758-043006]: 但時講如果係做翻轉頭啊應該就<eos>
2018-07-11 13:15:43,598 (e2e_asr_attctc_th:2977) INFO: BLSTMP input lengths: [20]
2018-07-11 13:15:43,634 (e2e_asr_attctc_th:2067) INFO: input lengths: 5
2018-07-11 13:15:43,634 (e2e_asr_attctc_th:2091) INFO: max output length: 5
2018-07-11 13:15:43,634 (e2e_asr_attctc_th:2092) INFO: min output length: 0
2018-07-11 13:15:43,788 (e2e_asr_attctc_th:2180) INFO: adding <eos> in the last postion in the loop
2018-07-11 13:15:43,789 (e2e_asr_attctc_th:2206) INFO: no hypothesis. Finish decoding.
2018-07-11 13:15:43,789 (e2e_asr_attctc_th:2217) INFO: total log probability: -1.10575506091
2018-07-11 13:15:43,789 (e2e_asr_attctc_th:2218) INFO: normalized log probability: -0.368585020304
2018-07-11 13:15:43,789 (asr_pytorch:468) INFO: groundtruth[1505-1_spk_1505_1_034585-034607]: 俏
2018-07-11 13:15:43,790 (asr_pytorch:469) INFO: prediction [1505-1_spk_1505_1_034585-034607]: 係<eos>
2018-07-11 13:15:43,798 (e2e_asr_attctc_th:2977) INFO: BLSTMP input lengths: [146]
2018-07-11 13:15:43,988 (e2e_asr_attctc_th:2067) INFO: input lengths: 37
2018-07-11 13:15:43,988 (e2e_asr_attctc_th:2091) INFO: max output length: 37
2018-07-11 13:15:43,988 (e2e_asr_attctc_th:2092) INFO: min output length: 0
2018-07-11 13:15:44,931 (e2e_asr_attctc_th:2199) INFO: end detected at 14
2018-07-11 13:15:44,931 (e2e_asr_attctc_th:2217) INFO: total log probability: -2.90548777347
2018-07-11 13:15:44,931 (e2e_asr_attctc_th:2218) INFO: normalized log probability: -0.290548777347
2018-07-11 13:15:44,932 (asr_pytorch:468) INFO: groundtruth[1504-1_spk_1504_1_048430-048578]: 姚俏唪討列鐲斌旨
2018-07-11 13:15:44,932 (asr_pytorch:469) INFO: prediction [1504-1_spk_1504_1_048430-048578]: 即係唔製翻中數嘅<eos>
2018-07-11 13:15:44,940 (e2e_asr_attctc_th:2977) INFO: BLSTMP input lengths: [118]
2018-07-11 13:15:45,097 (e2e_asr_attctc_th:2067) INFO: input lengths: 30
2018-07-11 13:15:45,097 (e2e_asr_attctc_th:2091) INFO: max output length: 30
2018-07-11 13:15:45,097 (e2e_asr_attctc_th:2092) INFO: min output length: 0
2018-07-11 13:15:45,591 (e2e_asr_attctc_th:2199) INFO: end detected at 9
2018-07-11 13:15:45,591 (e2e_asr_attctc_th:2217) INFO: total log probability: -0.938840249553
2018-07-11 13:15:45,592 (e2e_asr_attctc_th:2218) INFO: normalized log probability: -0.187768049911
2018-07-11 13:15:45,592 (asr_pytorch:468) INFO: groundtruth[4_spk_4_069882-070002]: W7W
2018-07-11 13:15:45,593 (asr_pytorch:469) INFO: prediction [4_spk_4_069882-070002]: 誒誒誒<eos>
2018-07-11 13:15:45,604 (e2e_asr_attctc_th:2977) INFO: BLSTMP input lengths: [848]
2018-07-11 13:15:46,925 (e2e_asr_attctc_th:2067) INFO: input lengths: 212
2018-07-11 13:15:46,926 (e2e_asr_attctc_th:2091) INFO: max output length: 212
2018-07-11 13:15:46,926 (e2e_asr_attctc_th:2092) INFO: min output length: 0
2018-07-11 13:15:58,555 (e2e_asr_attctc_th:2206) INFO: no hypothesis. Finish decoding.
2018-07-11 13:15:58,555 (e2e_asr_attctc_th:2217) INFO: total log probability: -30.1500907539
2018-07-11 13:15:58,556 (e2e_asr_attctc_th:2218) INFO: normalized log probability: -0.603001815078
2018-07-11 13:15:58,556 (asr_pytorch:468) INFO: groundtruth[1504-1_spk_1504_1_078870-079720]: 囹烕戛解從B佬冀寫妍枱佬俏W8囹烕NSMR1皆B9啖序蚧嗷啼嗶院逮冀寫郷檀鄔由唪曳啯咋施歌檀由啼
2018-07-11 13:15:58,556 (asr_pytorch:469) INFO: prediction [1504-1_spk_1504_1_078870-079720]: 因為我覺得誒你其實如果你係ASY但係因為再一百誒今日幾蚊嗰啲節目行宿捨有個機都咁曬啦咁新款機用啲<eos>
2018-07-11 13:15:58,565 (e2e_asr_attctc_th:2977) INFO: BLSTMP input lengths: [58]
2018-07-11 13:15:58,655 (e2e_asr_attctc_th:2067) INFO: input lengths: 15
2018-07-11 13:15:58,655 (e2e_asr_attctc_th:2091) INFO: max output length: 15
2018-07-11 13:15:58,655 (e2e_asr_attctc_th:2092) INFO: min output length: 0
2018-07-11 13:15:59,051 (e2e_asr_attctc_th:2199) INFO: end detected at 8
2018-07-11 13:15:59,052 (e2e_asr_attctc_th:2217) INFO: total log probability: -0.0496856421232
2018-07-11 13:15:59,052 (e2e_asr_attctc_th:2218) INFO: normalized log probability: -0.0165618807077
2018-07-11 13:15:59,052 (asr_pytorch:468) INFO: groundtruth[9_spk_9_038465-038525]: 俏
2018-07-11 13:15:59,052 (asr_pytorch:469) INFO: prediction [9_spk_9_038465-038525]: 係<eos>
2018-07-11 13:15:59,061 (e2e_asr_attctc_th:2977) INFO: BLSTMP input lengths: [198]
2018-07-11 13:15:59,324 (e2e_asr_attctc_th:2067) INFO: input lengths: 50
2018-07-11 13:15:59,324 (e2e_asr_attctc_th:2091) INFO: max output length: 50
2018-07-11 13:15:59,324 (e2e_asr_attctc_th:2092) INFO: min output length: 0
2018-07-11 13:16:00,358 (e2e_asr_attctc_th:2206) INFO: no hypothesis. Finish decoding.
2018-07-11 13:16:00,359 (e2e_asr_attctc_th:2217) INFO: total log probability: -10.9985627644
2018-07-11 13:16:00,359 (e2e_asr_attctc_th:2218) INFO: normalized log probability: -0.999869342216
2018-07-11 13:16:00,360 (asr_pytorch:468) INFO: groundtruth[12_spk_12_015528-015728]: 戛弊譽俏譴妍喋尖姚
2018-07-11 13:16:00,360 (asr_pytorch:469) INFO: prediction [12_spk_12_015528-015728]: 食煙二係太陽得佢就<eos>
2018-07-11 13:16:00,374 (e2e_asr_attctc_th:2977) INFO: BLSTMP input lengths: [20]
2018-07-11 13:16:00,434 (e2e_asr_attctc_th:2067) INFO: input lengths: 5
2018-07-11 13:16:00,435 (e2e_asr_attctc_th:2091) INFO: max output length: 5
2018-07-11 13:16:00,435 (e2e_asr_attctc_th:2092) INFO: min output length: 0
2018-07-11 13:16:00,669 (e2e_asr_attctc_th:2180) INFO: adding <eos> in the last postion in the loop
2018-07-11 13:16:00,670 (e2e_asr_attctc_th:2206) INFO: no hypothesis. Finish decoding.
2018-07-11 13:16:00,670 (e2e_asr_attctc_th:2217) INFO: total log probability: -0.153527309652
2018-07-11 13:16:00,670 (e2e_asr_attctc_th:2218) INFO: normalized log probability: -0.0511757698841
2018-07-11 13:16:00,671 (asr_pytorch:468) INFO: groundtruth[1502-2_spk_1502_2_017574-017596]: 俏
2018-07-11 13:16:00,671 (asr_pytorch:469) INFO: prediction [1502-2_spk_1502_2_017574-017596]: 係<eos>
2018-07-11 13:16:00,688 (e2e_asr_attctc_th:2977) INFO: BLSTMP input lengths: [136]
2018-07-11 13:16:01,039 (e2e_asr_attctc_th:2067) INFO: input lengths: 34
2018-07-11 13:16:01,040 (e2e_asr_attctc_th:2091) INFO: max output length: 34
2018-07-11 13:16:01,040 (e2e_asr_attctc_th:2092) INFO: min output length: 0
2018-07-11 13:16:02,180 (e2e_asr_attctc_th:2199) INFO: end detected at 13
2018-07-11 13:16:02,180 (e2e_asr_attctc_th:2217) INFO: total log probability: -2.33575282991
2018-07-11 13:16:02,180 (e2e_asr_attctc_th:2218) INFO: normalized log probability: -0.291969103739
2018-07-11 13:16:02,182 (asr_pytorch:468) INFO: groundtruth[1501-2_spk_1501_2_023646-023784]: 妍枱鄔俏呯啼
2018-07-11 13:16:02,182 (asr_pytorch:469) INFO: prediction [1501-2_spk_1501_2_023646-023784]: 如果都係呢啲<eos>
2018-07-11 13:16:02,197 (e2e_asr_attctc_th:2977) INFO: BLSTMP input lengths: [138]
2018-07-11 13:16:02,530 (e2e_asr_attctc_th:2067) INFO: input lengths: 35
2018-07-11 13:16:02,531 (e2e_asr_attctc_th:2091) INFO: max output length: 35
2018-07-11 13:16:02,531 (e2e_asr_attctc_th:2092) INFO: min output length: 0
2018-07-11 13:16:04,386 (e2e_asr_attctc_th:2199) INFO: end detected at 18
2018-07-11 13:16:04,386 (e2e_asr_attctc_th:2217) INFO: total log probability: -6.99977150746
2018-07-11 13:16:04,387 (e2e_asr_attctc_th:2218) INFO: normalized log probability: -0.538443962112
2018-07-11 13:16:04,388 (asr_pytorch:468) INFO: groundtruth[4_spk_4_011868-012008]: 黴言頻兒嗷倔她付睛刺嘍
2018-07-11 13:16:04,388 (asr_pytorch:469) INFO: prediction [4_spk_4_011868-012008]: 應該又幾好個女仔睇到噶<eos>
2018-07-11 13:16:04,405 (e2e_asr_attctc_th:2977) INFO: BLSTMP input lengths: [246]
2018-07-11 13:16:04,803 (e2e_asr_attctc_th:2067) INFO: input lengths: 62
2018-07-11 13:16:04,803 (e2e_asr_attctc_th:2091) INFO: max output length: 62
2018-07-11 13:16:04,803 (e2e_asr_attctc_th:2092) INFO: min output length: 0
2018-07-11 13:16:06,902 (e2e_asr_attctc_th:2199) INFO: end detected at 19
2018-07-11 13:16:06,902 (e2e_asr_attctc_th:2217) INFO: total log probability: -13.8475631177
2018-07-11 13:16:06,902 (e2e_asr_attctc_th:2218) INFO: normalized log probability: -1.0651971629
2018-07-11 13:16:06,904 (asr_pytorch:468) INFO: groundtruth[1501-2_spk_1501_2_063742-063991]: BWSVWSVV~延禮延禮遛嗷閙
2018-07-11 13:16:06,904 (asr_pytorch:469) INFO: prediction [1501-2_spk_1501_2_063742-063991]: 誒覺得係講咗國叔度嗰間<eos>
2018-07-11 13:16:06,918 (e2e_asr_attctc_th:2977) INFO: BLSTMP input lengths: [18]
2018-07-11 13:16:06,973 (e2e_asr_attctc_th:2067) INFO: input lengths: 5
2018-07-11 13:16:06,973 (e2e_asr_attctc_th:2091) INFO: max output length: 5
2018-07-11 13:16:06,973 (e2e_asr_attctc_th:2092) INFO: min output length: 0
2018-07-11 13:16:07,076 (e2e_asr_attctc_th:2206) INFO: no hypothesis. Finish decoding.
2018-07-11 13:16:07,076 (e2e_asr_attctc_th:2217) INFO: total log probability: -0.708921717945
2018-07-11 13:16:07,076 (e2e_asr_attctc_th:2218) INFO: normalized log probability: -0.236307239315
2018-07-11 13:16:07,077 (asr_pytorch:468) INFO: groundtruth[1505-1_spk_1505_1_028589-028610]: 俏
2018-07-11 13:16:07,077 (asr_pytorch:469) INFO: prediction [1505-1_spk_1505_1_028589-028610]: 誒<eos>
2018-07-11 13:16:07,091 (e2e_asr_attctc_th:2977) INFO: BLSTMP input lengths: [27]
2018-07-11 13:16:07,159 (e2e_asr_attctc_th:2067) INFO: input lengths: 7
2018-07-11 13:16:07,160 (e2e_asr_attctc_th:2091) INFO: max output length: 7
2018-07-11 13:16:07,160 (e2e_asr_attctc_th:2092) INFO: min output length: 0
2018-07-11 13:16:07,496 (e2e_asr_attctc_th:2180) INFO: adding <eos> in the last postion in the loop
2018-07-11 13:16:07,496 (e2e_asr_attctc_th:2206) INFO: no hypothesis. Finish decoding.
2018-07-11 13:16:07,497 (e2e_asr_attctc_th:2217) INFO: total log probability: -0.0303912702948
2018-07-11 13:16:07,497 (e2e_asr_attctc_th:2218) INFO: normalized log probability: -0.0101304234316
2018-07-11 13:16:07,498 (asr_pytorch:468) INFO: groundtruth[1504-1_spk_1504_1_028958-028987]: 嗶
2018-07-11 13:16:07,498 (asr_pytorch:469) INFO: prediction [1504-1_spk_1504_1_028958-028987]: 嗯<eos>
2018-07-11 13:16:07,513 (e2e_asr_attctc_th:2977) INFO: BLSTMP input lengths: [30]
2018-07-11 13:16:07,609 (e2e_asr_attctc_th:2067) INFO: input lengths: 8
2018-07-11 13:16:07,609 (e2e_asr_attctc_th:2091) INFO: max output length: 8
2018-07-11 13:16:07,609 (e2e_asr_attctc_th:2092) INFO: min output length: 0
2018-07-11 13:16:08,035 (e2e_asr_attctc_th:2180) INFO: adding <eos> in the last postion in the loop
2018-07-11 13:16:08,036 (e2e_asr_attctc_th:2199) INFO: end detected at 7
2018-07-11 13:16:08,036 (e2e_asr_attctc_th:2217) INFO: total log probability: -1.00362255052
2018-07-11 13:16:08,036 (e2e_asr_attctc_th:2218) INFO: normalized log probability: -0.334540850172
2018-07-11 13:16:08,038 (asr_pytorch:468) INFO: groundtruth[3_spk_3_022185-022217]: 啖
2018-07-11 13:16:08,038 (asr_pytorch:469) INFO: prediction [3_spk_3_022185-022217]: 啊<eos>
2018-07-11 13:16:08,053 (e2e_asr_attctc_th:2977) INFO: BLSTMP input lengths: [118]
2018-07-11 13:16:08,341 (e2e_asr_attctc_th:2067) INFO: input lengths: 30
2018-07-11 13:16:08,342 (e2e_asr_attctc_th:2091) INFO: max output length: 30
2018-07-11 13:16:08,342 (e2e_asr_attctc_th:2092) INFO: min output length: 0
2018-07-11 13:16:09,644 (e2e_asr_attctc_th:2199) INFO: end detected at 13
2018-07-11 13:16:09,644 (e2e_asr_attctc_th:2217) INFO: total log probability: -6.83677124663
2018-07-11 13:16:09,644 (e2e_asr_attctc_th:2218) INFO: normalized log probability: -0.759641249625
2018-07-11 13:16:09,645 (asr_pytorch:468) INFO: groundtruth[1503-2_spk_1503_2_062746-062866]: 丕姚俏姚俏黴啖
2018-07-11 13:16:09,645 (asr_pytorch:469) INFO: prediction [1503-2_spk_1503_2_062746-062866]: 哈即係即係噶嘛<eos>
2018-07-11 13:16:09,661 (e2e_asr_attctc_th:2977) INFO: BLSTMP input lengths: [198]
2018-07-11 13:16:10,074 (e2e_asr_attctc_th:2067) INFO: input lengths: 50
2018-07-11 13:16:10,075 (e2e_asr_attctc_th:2091) INFO: max output length: 50
2018-07-11 13:16:10,075 (e2e_asr_attctc_th:2092) INFO: min output length: 0
2018-07-11 13:16:11,322 (e2e_asr_attctc_th:2199) INFO: end detected at 12
2018-07-11 13:16:11,323 (e2e_asr_attctc_th:2217) INFO: total log probability: -9.0749605149
2018-07-11 13:16:11,323 (e2e_asr_attctc_th:2218) INFO: normalized log probability: -1.13437006436
2018-07-11 13:16:11,324 (asr_pytorch:468) INFO: groundtruth[8_spk_8_061454-061654]: 戛倔TPER俏3K嘍
2018-07-11 13:16:11,324 (asr_pytorch:469) INFO: prediction [8_spk_8_061454-061654]: 七十四新一日<eos>
2018-07-11 13:16:11,339 (e2e_asr_attctc_th:2977) INFO: BLSTMP input lengths: [119]
2018-07-11 13:16:11,602 (e2e_asr_attctc_th:2067) INFO: input lengths: 30
2018-07-11 13:16:11,603 (e2e_asr_attctc_th:2091) INFO: max output length: 30
2018-07-11 13:16:11,603 (e2e_asr_attctc_th:2092) INFO: min output length: 0
2018-07-11 13:16:13,067 (e2e_asr_attctc_th:2199) INFO: end detected at 15
2018-07-11 13:16:13,067 (e2e_asr_attctc_th:2217) INFO: total log probability: -0.823915875517
2018-07-11 13:16:13,067 (e2e_asr_attctc_th:2218) INFO: normalized log probability: -0.0749014432288
2018-07-11 13:16:13,068 (asr_pytorch:468) INFO: groundtruth[1502-2_spk_1502_2_048964-049085]: 戛員俏唪服咋樺側囖
2018-07-11 13:16:13,069 (asr_pytorch:469) INFO: prediction [1502-2_spk_1502_2_048964-049085]: 我哋係唔會咁樣做咯<eos>
2018-07-11 13:16:13,087 (e2e_asr_attctc_th:2977) INFO: BLSTMP input lengths: [562]
2018-07-11 13:16:14,238 (e2e_asr_attctc_th:2067) INFO: input lengths: 141
2018-07-11 13:16:14,238 (e2e_asr_attctc_th:2091) INFO: max output length: 141
2018-07-11 13:16:14,238 (e2e_asr_attctc_th:2092) INFO: min output length: 0
2018-07-11 13:16:18,388 (e2e_asr_attctc_th:2199) INFO: end detected at 28
2018-07-11 13:16:18,389 (e2e_asr_attctc_th:2217) INFO: total log probability: -20.4259960204
2018-07-11 13:16:18,389 (e2e_asr_attctc_th:2218) INFO: normalized log probability: -0.972666477164
2018-07-11 13:16:18,391 (asr_pytorch:468) INFO: groundtruth[1504-2_spk_1504_2_012158-012722]: 丕咋妊夥鄔然院且綺然院扚啯GWP吟嘢
2018-07-11 13:16:18,391 (asr_pytorch:469) INFO: prediction [1504-2_spk_1504_2_012158-012722]: 哦哦好多都冇人上去門玩打啦CSOR噶嘛<eos>
2018-07-11 13:16:18,405 (e2e_asr_attctc_th:2977) INFO: BLSTMP input lengths: [75]
2018-07-11 13:16:18,560 (e2e_asr_attctc_th:2067) INFO: input lengths: 19
2018-07-11 13:16:18,561 (e2e_asr_attctc_th:2091) INFO: max output length: 19
2018-07-11 13:16:18,561 (e2e_asr_attctc_th:2092) INFO: min output length: 0
2018-07-11 13:16:19,042 (e2e_asr_attctc_th:2199) INFO: end detected at 8
2018-07-11 13:16:19,042 (e2e_asr_attctc_th:2217) INFO: total log probability: -0.959940716624
2018-07-11 13:16:19,042 (e2e_asr_attctc_th:2218) INFO: normalized log probability: -0.319980238875
2018-07-11 13:16:19,043 (asr_pytorch:468) INFO: groundtruth[9_spk_9_029425-029502]: 喝
2018-07-11 13:16:19,043 (asr_pytorch:469) INFO: prediction [9_spk_9_029425-029502]: 啊<eos>
2018-07-11 13:16:19,053 (e2e_asr_attctc_th:2977) INFO: BLSTMP input lengths: [305]
2018-07-11 13:16:19,452 (e2e_asr_attctc_th:2067) INFO: input lengths: 77
2018-07-11 13:16:19,453 (e2e_asr_attctc_th:2091) INFO: max output length: 77
2018-07-11 13:16:19,453 (e2e_asr_attctc_th:2092) INFO: min output length: 0
2018-07-11 13:16:22,472 (e2e_asr_attctc_th:2199) INFO: end detected at 31
2018-07-11 13:16:22,473 (e2e_asr_attctc_th:2217) INFO: total log probability: -20.6678902404
2018-07-11 13:16:22,473 (e2e_asr_attctc_th:2218) INFO: normalized log probability: -0.826715609618
2018-07-11 13:16:22,474 (asr_pytorch:468) INFO: groundtruth[3_spk_3_014825-015132]: 嚦緘戛服俏佬哲倔蚊磋嘍對岀EGGSYRXQEREKIV嚦㨃
2018-07-11 13:16:22,474 (asr_pytorch:469) INFO: prediction [3_spk_3_014825-015132]: 未緊我會係你呢個條號碼嘅專助CAMAMA上嚟噶<eos>
2018-07-11 13:16:22,482 (e2e_asr_attctc_th:2977) INFO: BLSTMP input lengths: [198]
2018-07-11 13:16:22,746 (e2e_asr_attctc_th:2067) INFO: input lengths: 50
2018-07-11 13:16:22,747 (e2e_asr_attctc_th:2091) INFO: max output length: 50
2018-07-11 13:16:22,747 (e2e_asr_attctc_th:2092) INFO: min output length: 0
2018-07-11 13:16:23,885 (e2e_asr_attctc_th:2199) INFO: end detected at 15
2018-07-11 13:16:23,885 (e2e_asr_attctc_th:2217) INFO: total log probability: -6.65175491245
2018-07-11 13:16:23,885 (e2e_asr_attctc_th:2218) INFO: normalized log probability: -0.604704992041
2018-07-11 13:16:23,886 (asr_pytorch:468) INFO: groundtruth[12_spk_12_023821-024021]: 見夥啼見夥啼咵
2018-07-11 13:16:23,886 (asr_pytorch:469) INFO: prediction [12_spk_12_023821-024021]: 唔係我你落幾多啲咯<eos>
2018-07-11 13:16:23,896 (e2e_asr_attctc_th:2977) INFO: BLSTMP input lengths: [408]
2018-07-11 13:16:24,415 (e2e_asr_attctc_th:2067) INFO: input lengths: 102
2018-07-11 13:16:24,416 (e2e_asr_attctc_th:2091) INFO: max output length: 102
2018-07-11 13:16:24,416 (e2e_asr_attctc_th:2092) INFO: min output length: 0
2018-07-11 13:16:26,680 (e2e_asr_attctc_th:2206) INFO: no hypothesis. Finish decoding.
2018-07-11 13:16:26,681 (e2e_asr_attctc_th:2217) INFO: total log probability: -8.63040794991
2018-07-11 13:16:26,681 (e2e_asr_attctc_th:2218) INFO: normalized log probability: -0.431520397495
2018-07-11 13:16:26,681 (asr_pytorch:468) INFO: groundtruth[1504-2_spk_1504_2_004079-004490]: 咋戛宥<unk>召夢仿朕三倔咋戛愈見幺啼旨TPER
2018-07-11 13:16:26,681 (asr_pytorch:469) INFO: prediction [1504-2_spk_1504_2_004079-004490]: 咁我而傢人哋仲有一個咁我想要平啲就聽<eos>
2018-07-11 13:16:26,690 (e2e_asr_attctc_th:2977) INFO: BLSTMP input lengths: [211]
2018-07-11 13:16:26,958 (e2e_asr_attctc_th:2067) INFO: input lengths: 53
2018-07-11 13:16:26,958 (e2e_asr_attctc_th:2091) INFO: max output length: 53
2018-07-11 13:16:26,958 (e2e_asr_attctc_th:2092) INFO: min output length: 0
2018-07-11 13:16:28,027 (e2e_asr_attctc_th:2206) INFO: no hypothesis. Finish decoding.
2018-07-11 13:16:28,027 (e2e_asr_attctc_th:2217) INFO: total log probability: -9.07758295396
2018-07-11 13:16:28,028 (e2e_asr_attctc_th:2218) INFO: normalized log probability: -0.698275611843
2018-07-11 13:16:28,028 (asr_pytorch:468) INFO: groundtruth[1502-2_spk_1502_2_041807-042020]: 俏呈帖朧佬鄔昕皅迫俏呈
2018-07-11 13:16:28,028 (asr_pytorch:469) INFO: prediction [1502-2_spk_1502_2_041807-042020]: 係啊佢望起到零八翻係啊<eos>
2018-07-11 13:16:28,037 (e2e_asr_attctc_th:2977) INFO: BLSTMP input lengths: [177]
2018-07-11 13:16:28,270 (e2e_asr_attctc_th:2067) INFO: input lengths: 45
2018-07-11 13:16:28,270 (e2e_asr_attctc_th:2091) INFO: max output length: 45
2018-07-11 13:16:28,271 (e2e_asr_attctc_th:2092) INFO: min output length: 0
2018-07-11 13:16:29,414 (e2e_asr_attctc_th:2206) INFO: no hypothesis. Finish decoding.
2018-07-11 13:16:29,415 (e2e_asr_attctc_th:2217) INFO: total log probability: -7.61582272872
2018-07-11 13:16:29,415 (e2e_asr_attctc_th:2218) INFO: normalized log probability: -0.543987337766
2018-07-11 13:16:29,415 (asr_pytorch:468) INFO: groundtruth[1502-2_spk_1502_2_012614-012793]: KF斌旅<unk>妍枱唪天嘍惕泌丕啯
2018-07-11 13:16:29,415 (asr_pytorch:469) INFO: prediction [1502-2_spk_1502_2_012614-012793]: 一坐方麵講唔夠嘅情況下啦<eos>
2018-07-11 13:16:29,424 (e2e_asr_attctc_th:2977) INFO: BLSTMP input lengths: [198]
2018-07-11 13:16:29,693 (e2e_asr_attctc_th:2067) INFO: input lengths: 50
2018-07-11 13:16:29,694 (e2e_asr_attctc_th:2091) INFO: max output length: 50
2018-07-11 13:16:29,694 (e2e_asr_attctc_th:2092) INFO: min output length: 0
2018-07-11 13:16:30,389 (e2e_asr_attctc_th:2199) INFO: end detected at 11
2018-07-11 13:16:30,389 (e2e_asr_attctc_th:2217) INFO: total log probability: -2.09027004987
2018-07-11 13:16:30,389 (e2e_asr_attctc_th:2218) INFO: normalized log probability: -0.418054009974
2018-07-11 13:16:30,390 (asr_pytorch:468) INFO: groundtruth[1504-2_spk_1504_2_073348-073548]: 啖俏啖
2018-07-11 13:16:30,390 (asr_pytorch:469) INFO: prediction [1504-2_spk_1504_2_073348-073548]: 啊係啊<eos>
2018-07-11 13:16:30,398 (e2e_asr_attctc_th:2977) INFO: BLSTMP input lengths: [71]
2018-07-11 13:16:30,500 (e2e_asr_attctc_th:2067) INFO: input lengths: 18
2018-07-11 13:16:30,500 (e2e_asr_attctc_th:2091) INFO: max output length: 18
2018-07-11 13:16:30,500 (e2e_asr_attctc_th:2092) INFO: min output length: 0
2018-07-11 13:16:30,951 (e2e_asr_attctc_th:2199) INFO: end detected at 9
2018-07-11 13:16:30,951 (e2e_asr_attctc_th:2217) INFO: total log probability: -6.0516448617
2018-07-11 13:16:30,951 (e2e_asr_attctc_th:2218) INFO: normalized log probability: -1.51291121542
2018-07-11 13:16:30,952 (asr_pytorch:468) INFO: groundtruth[3_spk_3_053977-054050]: 戛鄔昕
2018-07-11 13:16:30,952 (asr_pytorch:469) INFO: prediction [3_spk_3_053977-054050]: 萬明<eos>
2018-07-11 13:16:30,962 (e2e_asr_attctc_th:2977) INFO: BLSTMP input lengths: [500]
2018-07-11 13:16:31,640 (e2e_asr_attctc_th:2067) INFO: input lengths: 125
2018-07-11 13:16:31,640 (e2e_asr_attctc_th:2091) INFO: max output length: 125
2018-07-11 13:16:31,640 (e2e_asr_attctc_th:2092) INFO: min output length: 0
2018-07-11 13:16:35,423 (e2e_asr_attctc_th:2199) INFO: end detected at 32
2018-07-11 13:16:35,423 (e2e_asr_attctc_th:2217) INFO: total log probability: -31.7696546791
2018-07-11 13:16:35,423 (e2e_asr_attctc_th:2218) INFO: normalized log probability: -1.22190979535
2018-07-11 13:16:35,424 (asr_pytorch:468) INFO: groundtruth[8_spk_8_020835-021337]: 戛俏嗄嗄倔建戡耐嗄倔廢扉呯朕晏然<unk>頻呯尻叄叄咩4K
2018-07-11 13:16:35,424 (asr_pytorch:469) INFO: prediction [8_spk_8_020835-021337]: 識唔識識或者一個住房啦雖然無理但係呢個可以去咗四<eos>
2018-07-11 13:16:35,434 (e2e_asr_attctc_th:2977) INFO: BLSTMP input lengths: [390]
2018-07-11 13:16:35,924 (e2e_asr_attctc_th:2067) INFO: input lengths: 98
2018-07-11 13:16:35,924 (e2e_asr_attctc_th:2091) INFO: max output length: 98
2018-07-11 13:16:35,924 (e2e_asr_attctc_th:2092) INFO: min output length: 0
2018-07-11 13:16:38,995 (e2e_asr_attctc_th:2199) INFO: end detected at 30
2018-07-11 13:16:38,995 (e2e_asr_attctc_th:2217) INFO: total log probability: -29.1658382118
2018-07-11 13:16:38,995 (e2e_asr_attctc_th:2218) INFO: normalized log probability: -1.45829191059
2018-07-11 13:16:38,996 (asr_pytorch:468) INFO: groundtruth[9_spk_9_038525-038917]: 俏啯然鍋跨何佬服覢刺倔EETR戡耐ZTR嘍哲倔邀歌嘍
2018-07-11 13:16:38,996 (asr_pytorch:469) INFO: prediction [9_spk_9_038525-038917]: 係啊生日使APM啊有啲CN係呢個雪下<eos>
2018-07-11 13:16:39,005 (e2e_asr_attctc_th:2977) INFO: BLSTMP input lengths: [66]
2018-07-11 13:16:39,100 (e2e_asr_attctc_th:2067) INFO: input lengths: 17
2018-07-11 13:16:39,100 (e2e_asr_attctc_th:2091) INFO: max output length: 17
2018-07-11 13:16:39,100 (e2e_asr_attctc_th:2092) INFO: min output length: 0
2018-07-11 13:16:39,718 (e2e_asr_attctc_th:2199) INFO: end detected at 10
2018-07-11 13:16:39,719 (e2e_asr_attctc_th:2217) INFO: total log probability: -0.648109887959
2018-07-11 13:16:39,719 (e2e_asr_attctc_th:2218) INFO: normalized log probability: -0.10801831466
2018-07-11 13:16:39,720 (asr_pytorch:468) INFO: groundtruth[1501-1_spk_1501_1_087936-088004]: 刺晏戛員
2018-07-11 13:16:39,720 (asr_pytorch:469) INFO: prediction [1501-1_spk_1501_1_087936-088004]: 到時我哋<eos>
2018-07-11 13:16:39,729 (e2e_asr_attctc_th:2977) INFO: BLSTMP input lengths: [136]
2018-07-11 13:16:39,906 (e2e_asr_attctc_th:2067) INFO: input lengths: 34
2018-07-11 13:16:39,907 (e2e_asr_attctc_th:2091) INFO: max output length: 34
2018-07-11 13:16:39,907 (e2e_asr_attctc_th:2092) INFO: min output length: 0
2018-07-11 13:16:41,078 (e2e_asr_attctc_th:2199) INFO: end detected at 13
2018-07-11 13:16:41,079 (e2e_asr_attctc_th:2217) INFO: total log probability: -1.6579606079
2018-07-11 13:16:41,079 (e2e_asr_attctc_th:2218) INFO: normalized log probability: -0.184217845323
2018-07-11 13:16:41,080 (asr_pytorch:468) INFO: groundtruth[1501-1_spk_1501_1_076786-076924]: 戛尻據忐妍枱誅
2018-07-11 13:16:41,081 (asr_pytorch:469) INFO: prediction [1501-1_spk_1501_1_076786-076924]: 我就擔心如果話<eos>
2018-07-11 13:16:41,098 (e2e_asr_attctc_th:2977) INFO: BLSTMP input lengths: [312]
2018-07-11 13:16:41,951 (e2e_asr_attctc_th:2067) INFO: input lengths: 78
2018-07-11 13:16:41,952 (e2e_asr_attctc_th:2091) INFO: max output length: 78
2018-07-11 13:16:41,952 (e2e_asr_attctc_th:2092) INFO: min output length: 0
2018-07-11 13:16:44,125 (e2e_asr_attctc_th:2199) INFO: end detected at 16
2018-07-11 13:16:44,125 (e2e_asr_attctc_th:2217) INFO: total log probability: -6.70891595632
2018-07-11 13:16:44,125 (e2e_asr_attctc_th:2218) INFO: normalized log probability: -0.670891595632
2018-07-11 13:16:44,127 (asr_pytorch:468) INFO: groundtruth[1501-2_spk_1501_2_004166-004480]: 哭B戛愈矮遛倔TPER俏
2018-07-11 13:16:44,127 (asr_pytorch:469) INFO: prediction [1501-2_spk_1501_2_004166-004480]: 誒我想知道咁聽係<eos>
2018-07-11 13:16:44,141 (e2e_asr_attctc_th:2977) INFO: BLSTMP input lengths: [104]
2018-07-11 13:16:44,413 (e2e_asr_attctc_th:2067) INFO: input lengths: 26
2018-07-11 13:16:44,414 (e2e_asr_attctc_th:2091) INFO: max output length: 26
2018-07-11 13:16:44,414 (e2e_asr_attctc_th:2092) INFO: min output length: 0
2018-07-11 13:16:45,159 (e2e_asr_attctc_th:2206) INFO: no hypothesis. Finish decoding.
2018-07-11 13:16:45,159 (e2e_asr_attctc_th:2217) INFO: total log probability: -1.49877011636
2018-07-11 13:16:45,159 (e2e_asr_attctc_th:2218) INFO: normalized log probability: -0.187346264545
2018-07-11 13:16:45,160 (asr_pytorch:468) INFO: groundtruth[1501-1_spk_1501_1_057916-058022]: 妍枱佬誅佬眯俏
2018-07-11 13:16:45,160 (asr_pytorch:469) INFO: prediction [1501-1_spk_1501_1_057916-058022]: 我哋話你真係<eos>
2018-07-11 13:16:45,176 (e2e_asr_attctc_th:2977) INFO: BLSTMP input lengths: [301]
2018-07-11 13:16:45,777 (e2e_asr_attctc_th:2067) INFO: input lengths: 76
2018-07-11 13:16:45,777 (e2e_asr_attctc_th:2091) INFO: max output length: 76
2018-07-11 13:16:45,778 (e2e_asr_attctc_th:2092) INFO: min output length: 0
2018-07-11 13:16:49,527 (e2e_asr_attctc_th:2199) INFO: end detected at 26
2018-07-11 13:16:49,527 (e2e_asr_attctc_th:2217) INFO: total log probability: -11.34045872
2018-07-11 13:16:49,527 (e2e_asr_attctc_th:2218) INFO: normalized log probability: -0.567022936
2018-07-11 13:16:49,529 (asr_pytorch:468) INFO: groundtruth[1502-2_spk_1502_2_034253-034556]: 鄔帖朧佬呯樺釗冀寫司件臺巷冗斬酣三<unk>
2018-07-11 13:16:49,529 (asr_pytorch:469) INFO: prediction [1502-2_spk_1502_2_034253-034556]: 當然望呢樣嘢啊其實可以自己就係針著啊<eos>
2018-07-11 13:16:49,544 (e2e_asr_attctc_th:2977) INFO: BLSTMP input lengths: [71]
2018-07-11 13:16:49,711 (e2e_asr_attctc_th:2067) INFO: input lengths: 18
2018-07-11 13:16:49,712 (e2e_asr_attctc_th:2091) INFO: max output length: 18
2018-07-11 13:16:49,712 (e2e_asr_attctc_th:2092) INFO: min output length: 0
2018-07-11 13:16:50,654 (e2e_asr_attctc_th:2199) INFO: end detected at 12
2018-07-11 13:16:50,654 (e2e_asr_attctc_th:2217) INFO: total log probability: -5.33205780387
2018-07-11 13:16:50,654 (e2e_asr_attctc_th:2218) INFO: normalized log probability: -0.888676300645
2018-07-11 13:16:50,656 (asr_pytorch:468) INFO: groundtruth[9_spk_9_034707-034780]: 俏
2018-07-11 13:16:50,656 (asr_pytorch:469) INFO: prediction [9_spk_9_034707-034780]: 去北京個<eos>
2018-07-11 13:16:50,676 (e2e_asr_attctc_th:2977) INFO: BLSTMP input lengths: [286]
2018-07-11 13:16:51,298 (e2e_asr_attctc_th:2067) INFO: input lengths: 72
2018-07-11 13:16:51,299 (e2e_asr_attctc_th:2091) INFO: max output length: 72
2018-07-11 13:16:51,299 (e2e_asr_attctc_th:2092) INFO: min output length: 0
2018-07-11 13:16:54,630 (e2e_asr_attctc_th:2199) INFO: end detected at 24
2018-07-11 13:16:54,630 (e2e_asr_attctc_th:2217) INFO: total log probability: -10.4446924739
2018-07-11 13:16:54,630 (e2e_asr_attctc_th:2218) INFO: normalized log probability: -0.614393674933
2018-07-11 13:16:54,632 (asr_pytorch:468) INFO: groundtruth[1505-1_spk_1505_1_018056-018344]: 俏啖俏啖冏鍋啖冀寫囹烕4K呯黴謬呯
2018-07-11 13:16:54,632 (asr_pytorch:469) INFO: prediction [1505-1_spk_1505_1_018056-018344]: 係一係一好錯其實因為科司嘞點講<eos>
2018-07-11 13:16:54,648 (e2e_asr_attctc_th:2977) INFO: BLSTMP input lengths: [328]
2018-07-11 13:16:55,366 (e2e_asr_attctc_th:2067) INFO: input lengths: 82
2018-07-11 13:16:55,367 (e2e_asr_attctc_th:2091) INFO: max output length: 82
2018-07-11 13:16:55,367 (e2e_asr_attctc_th:2092) INFO: min output length: 0
2018-07-11 13:16:57,526 (e2e_asr_attctc_th:2199) INFO: end detected at 16
2018-07-11 13:16:57,527 (e2e_asr_attctc_th:2217) INFO: total log probability: -12.9380173599
2018-07-11 13:16:57,527 (e2e_asr_attctc_th:2218) INFO: normalized log probability: -1.43755748444
2018-07-11 13:16:57,529 (asr_pytorch:468) INFO: groundtruth[8_spk_8_077480-077810]: 哭咋冀寫的尊童旅<unk>戛員侶<unk>戛尻筩唪刺佬啯
2018-07-11 13:16:57,529 (asr_pytorch:469) INFO: prediction [8_spk_8_077480-077810]: 春食飯之前隻受<eos>
2018-07-11 13:16:57,544 (e2e_asr_attctc_th:2977) INFO: BLSTMP input lengths: [81]
2018-07-11 13:16:57,714 (e2e_asr_attctc_th:2067) INFO: input lengths: 21
2018-07-11 13:16:57,715 (e2e_asr_attctc_th:2091) INFO: max output length: 21
2018-07-11 13:16:57,715 (e2e_asr_attctc_th:2092) INFO: min output length: 0
2018-07-11 13:16:58,594 (e2e_asr_attctc_th:2199) INFO: end detected at 11
2018-07-11 13:16:58,595 (e2e_asr_attctc_th:2217) INFO: total log probability: -0.351313913241
2018-07-11 13:16:58,595 (e2e_asr_attctc_th:2218) INFO: normalized log probability: -0.0585523188735
2018-07-11 13:16:58,596 (asr_pytorch:468) INFO: groundtruth[12_spk_12_007038-007120]: 俏啖俏啖
2018-07-11 13:16:58,596 (asr_pytorch:469) INFO: prediction [12_spk_12_007038-007120]: 係啊係啊<eos>
2018-07-11 13:16:58,612 (e2e_asr_attctc_th:2977) INFO: BLSTMP input lengths: [315]
2018-07-11 13:16:59,198 (e2e_asr_attctc_th:2067) INFO: input lengths: 79
2018-07-11 13:16:59,199 (e2e_asr_attctc_th:2091) INFO: max output length: 79
2018-07-11 13:16:59,199 (e2e_asr_attctc_th:2092) INFO: min output length: 0
2018-07-11 13:17:01,566 (e2e_asr_attctc_th:2199) INFO: end detected at 19
2018-07-11 13:17:01,566 (e2e_asr_attctc_th:2217) INFO: total log probability: -14.0790675692
2018-07-11 13:17:01,566 (e2e_asr_attctc_th:2218) INFO: normalized log probability: -1.00564768352
2018-07-11 13:17:01,567 (asr_pytorch:468) INFO: groundtruth[8_spk_8_024445-024762]: 咋戛唪矮俏倔俏佬員倔<unk>啞顔吟
2018-07-11 13:17:01,567 (asr_pytorch:469) INFO: prediction [8_spk_8_024445-024762]: 咁試一係上次你就得問題啦<eos>
2018-07-11 13:17:01,576 (e2e_asr_attctc_th:2977) INFO: BLSTMP input lengths: [350]
2018-07-11 13:17:02,023 (e2e_asr_attctc_th:2067) INFO: input lengths: 88
2018-07-11 13:17:02,024 (e2e_asr_attctc_th:2091) INFO: max output length: 88
2018-07-11 13:17:02,024 (e2e_asr_attctc_th:2092) INFO: min output length: 0
2018-07-11 13:17:04,535 (e2e_asr_attctc_th:2199) INFO: end detected at 26
2018-07-11 13:17:04,535 (e2e_asr_attctc_th:2217) INFO: total log probability: -34.0457677245
2018-07-11 13:17:04,535 (e2e_asr_attctc_th:2218) INFO: normalized log probability: -1.70228838623
2018-07-11 13:17:04,536 (asr_pytorch:468) INFO: groundtruth[8_spk_8_066585-066937]: 咋手件嘍誅呯冀寫佬黒緘陋假尖姚妍枱YTKVEHI刺4K嘍誅
2018-07-11 13:17:04,536 (asr_pytorch:469) INFO: prediction [8_spk_8_066585-066937]: 咁先十三期新市你根神上書少佢做四G實<eos>
2018-07-11 13:17:04,545 (e2e_asr_attctc_th:2977) INFO: BLSTMP input lengths: [168]
2018-07-11 13:17:04,769 (e2e_asr_attctc_th:2067) INFO: input lengths: 42
2018-07-11 13:17:04,769 (e2e_asr_attctc_th:2091) INFO: max output length: 42
2018-07-11 13:17:04,769 (e2e_asr_attctc_th:2092) INFO: min output length: 0
2018-07-11 13:17:05,634 (e2e_asr_attctc_th:2199) INFO: end detected at 13
2018-07-11 13:17:05,634 (e2e_asr_attctc_th:2217) INFO: total log probability: -3.60036187619
2018-07-11 13:17:05,634 (e2e_asr_attctc_th:2218) INFO: normalized log probability: -0.450045234524
2018-07-11 13:17:05,635 (asr_pytorch:468) INFO: groundtruth[1502-2_spk_1502_2_055770-055940]: 戡耐俏毯啼B
2018-07-11 13:17:05,635 (asr_pytorch:469) INFO: prediction [1502-2_spk_1502_2_055770-055940]: 或者係俾啲誒<eos>
2018-07-11 13:17:05,643 (e2e_asr_attctc_th:2977) INFO: BLSTMP input lengths: [95]
2018-07-11 13:17:05,769 (e2e_asr_attctc_th:2067) INFO: input lengths: 24
2018-07-11 13:17:05,769 (e2e_asr_attctc_th:2091) INFO: max output length: 24
2018-07-11 13:17:05,769 (e2e_asr_attctc_th:2092) INFO: min output length: 0
2018-07-11 13:17:06,333 (e2e_asr_attctc_th:2199) INFO: end detected at 11
2018-07-11 13:17:06,333 (e2e_asr_attctc_th:2217) INFO: total log probability: -4.51935306191
2018-07-11 13:17:06,333 (e2e_asr_attctc_th:2218) INFO: normalized log probability: -0.903870612383
2018-07-11 13:17:06,334 (asr_pytorch:468) INFO: groundtruth[3_spk_3_015825-015922]: 筐陳兒呈
2018-07-11 13:17:06,335 (asr_pytorch:469) INFO: prediction [3_spk_3_015825-015922]: <SPK/>啫啊<eos>
2018-07-11 13:17:06,343 (e2e_asr_attctc_th:2977) INFO: BLSTMP input lengths: [176]
2018-07-11 13:17:06,565 (e2e_asr_attctc_th:2067) INFO: input lengths: 44
2018-07-11 13:17:06,565 (e2e_asr_attctc_th:2091) INFO: max output length: 44
2018-07-11 13:17:06,565 (e2e_asr_attctc_th:2092) INFO: min output length: 0
2018-07-11 13:17:07,962 (e2e_asr_attctc_th:2199) INFO: end detected at 19
2018-07-11 13:17:07,962 (e2e_asr_attctc_th:2217) INFO: total log probability: -9.27928705513
2018-07-11 13:17:07,962 (e2e_asr_attctc_th:2218) INFO: normalized log probability: -0.662806218224
2018-07-11 13:17:07,963 (asr_pytorch:468) INFO: groundtruth[4_spk_4_034017-034195]: 址午旅<unk>朕馭渺揉畸㨃喔
2018-07-11 13:17:07,963 (asr_pytorch:469) INFO: prediction [4_spk_4_034017-034195]: 你該係方麵有香港簡單噶喎<eos>
2018-07-11 13:17:07,972 (e2e_asr_attctc_th:2977) INFO: BLSTMP input lengths: [236]
2018-07-11 13:17:08,280 (e2e_asr_attctc_th:2067) INFO: input lengths: 59
2018-07-11 13:17:08,280 (e2e_asr_attctc_th:2091) INFO: max output length: 59
2018-07-11 13:17:08,280 (e2e_asr_attctc_th:2092) INFO: min output length: 0
2018-07-11 13:17:10,095 (e2e_asr_attctc_th:2199) INFO: end detected at 22
2018-07-11 13:17:10,096 (e2e_asr_attctc_th:2217) INFO: total log probability: -12.1846859418
2018-07-11 13:17:10,096 (e2e_asr_attctc_th:2218) INFO: normalized log probability: -0.761542871362
2018-07-11 13:17:10,097 (asr_pytorch:468) INFO: groundtruth[12_spk_12_003979-004218]: 哭戡耐俏阪族邕旅<unk>咋樺樺柎
2018-07-11 13:17:10,097 (asr_pytorch:469) INFO: prediction [12_spk_12_003979-004218]: 同埋佢係中醫呢邊方麵咁樣講但<eos>
2018-07-11 13:17:10,113 (e2e_asr_attctc_th:2977) INFO: BLSTMP input lengths: [24]
2018-07-11 13:17:10,157 (e2e_asr_attctc_th:2067) INFO: input lengths: 6
2018-07-11 13:17:10,158 (e2e_asr_attctc_th:2091) INFO: max output length: 6
2018-07-11 13:17:10,158 (e2e_asr_attctc_th:2092) INFO: min output length: 0
2018-07-11 13:17:10,367 (e2e_asr_attctc_th:2180) INFO: adding <eos> in the last postion in the loop
2018-07-11 13:17:10,368 (e2e_asr_attctc_th:2206) INFO: no hypothesis. Finish decoding.
2018-07-11 13:17:10,368 (e2e_asr_attctc_th:2217) INFO: total log probability: -0.0439730873331
2018-07-11 13:17:10,368 (e2e_asr_attctc_th:2218) INFO: normalized log probability: -0.0146576957777
2018-07-11 13:17:10,368 (asr_pytorch:468) INFO: groundtruth[1503-2_spk_1503_2_008928-008954]: 嗶
2018-07-11 13:17:10,368 (asr_pytorch:469) INFO: prediction [1503-2_spk_1503_2_008928-008954]: 嗯<eos>
2018-07-11 13:17:10,377 (e2e_asr_attctc_th:2977) INFO: BLSTMP input lengths: [198]
2018-07-11 13:17:10,628 (e2e_asr_attctc_th:2067) INFO: input lengths: 50
2018-07-11 13:17:10,628 (e2e_asr_attctc_th:2091) INFO: max output length: 50
2018-07-11 13:17:10,628 (e2e_asr_attctc_th:2092) INFO: min output length: 0
2018-07-11 13:17:11,791 (e2e_asr_attctc_th:2206) INFO: no hypothesis. Finish decoding.
2018-07-11 13:17:11,791 (e2e_asr_attctc_th:2217) INFO: total log probability: -10.9466969073
2018-07-11 13:17:11,791 (e2e_asr_attctc_th:2218) INFO: normalized log probability: -0.781906921949
2018-07-11 13:17:11,792 (asr_pytorch:468) INFO: groundtruth[12_spk_12_011543-011743]: 倔朔XSXEP朕16濛司件侈由
2018-07-11 13:17:11,792 (asr_pytorch:469) INFO: prediction [12_spk_12_011543-011743]: 個月偷頭啊十六一可以洗藥<eos>
2018-07-11 13:17:11,800 (e2e_asr_attctc_th:2977) INFO: BLSTMP input lengths: [120]
2018-07-11 13:17:11,970 (e2e_asr_attctc_th:2067) INFO: input lengths: 30
2018-07-11 13:17:11,970 (e2e_asr_attctc_th:2091) INFO: max output length: 30
2018-07-11 13:17:11,970 (e2e_asr_attctc_th:2092) INFO: min output length: 0
2018-07-11 13:17:12,379 (e2e_asr_attctc_th:2206) INFO: no hypothesis. Finish decoding.
2018-07-11 13:17:12,380 (e2e_asr_attctc_th:2217) INFO: total log probability: -3.3071340099
2018-07-11 13:17:12,380 (e2e_asr_attctc_th:2218) INFO: normalized log probability: -0.55118900165
2018-07-11 13:17:12,380 (asr_pytorch:468) INFO: groundtruth[8_spk_8_031105-031227]: 俏B必呈
2018-07-11 13:17:12,381 (asr_pytorch:469) INFO: prediction [8_spk_8_031105-031227]: 值得得啦<eos>
2018-07-11 13:17:12,398 (e2e_asr_attctc_th:2977) INFO: BLSTMP input lengths: [198]
2018-07-11 13:17:12,662 (e2e_asr_attctc_th:2067) INFO: input lengths: 50
2018-07-11 13:17:12,662 (e2e_asr_attctc_th:2091) INFO: max output length: 50
2018-07-11 13:17:12,662 (e2e_asr_attctc_th:2092) INFO: min output length: 0
2018-07-11 13:17:14,290 (e2e_asr_attctc_th:2199) INFO: end detected at 21
2018-07-11 13:17:14,290 (e2e_asr_attctc_th:2217) INFO: total log probability: -20.6837882623
2018-07-11 13:17:14,290 (e2e_asr_attctc_th:2218) INFO: normalized log probability: -1.29273676639
2018-07-11 13:17:14,291 (asr_pytorch:468) INFO: groundtruth[1505-2_spk_1505_2_101734-101934]: 俏咱葛叄汙冀三閙閊希刺啞尻從柎啯
2018-07-11 13:17:14,291 (asr_pytorch:469) INFO: prediction [1505-2_spk_1505_2_101734-101934]: 誒算我去就眼生活記啊嘛就得啦<eos>
# Accounting: time=242 threads=1
# Ended (code 0) at Wed Jul 11 13:17:14 HKT 2018, elapsed time 242 seconds
# Accounting: time=522 threads=1
# Ended (code 0) at Wed Jul 11 13:20:31 HKT 2018, elapsed time 522 seconds
